<?xml version="1.0" encoding="UTF-8" ?>
<testsuite errors="0" failures="3" hostname="LingzhiXiangs-MacBook-Pro.local" name="org.openqa.selenium.javascript.ClosureTestSuite" tests="53" time="51.97" timestamp="2014-03-23T08:13:48">
  <properties>
    <property name="java.runtime.name" value="Java(TM) SE Runtime Environment" />
    <property name="sun.boot.library.path" value="/Library/Java/JavaVirtualMachines/jdk1.7.0_51.jdk/Contents/Home/jre/lib" />
    <property name="java.vm.version" value="24.51-b03" />
    <property name="gopherProxySet" value="false" />
    <property name="ant.version" value="Apache Ant(TM) version 1.8.2 compiled on December 20 2010" />
    <property name="ant.java.version" value="1.7" />
    <property name="java.vm.vendor" value="Oracle Corporation" />
    <property name="java.vendor.url" value="http://java.oracle.com/" />
    <property name="path.separator" value=":" />
    <property name="java.vm.name" value="Java HotSpot(TM) 64-Bit Server VM" />
    <property name="file.encoding.pkg" value="sun.io" />
    <property name="user.country" value="CN" />
    <property name="sun.java.launcher" value="SUN_STANDARD" />
    <property name="sun.os.patch.level" value="unknown" />
    <property name="java.vm.specification.name" value="Java Virtual Machine Specification" />
    <property name="user.dir" value="/Users/lingzhixiang/codes/seleniumsource/selenium" />
    <property name="java.runtime.version" value="1.7.0_51-b13" />
    <property name="java.awt.graphicsenv" value="sun.awt.CGraphicsEnvironment" />
    <property name="basedir" value="/Users/lingzhixiang/codes/seleniumsource/selenium" />
    <property name="java.endorsed.dirs" value="/Library/Java/JavaVirtualMachines/jdk1.7.0_51.jdk/Contents/Home/jre/lib/endorsed" />
    <property name="os.arch" value="x86_64" />
    <property name="java.io.tmpdir" value="/var/folders/00/pkm3h0j970g8sydlchl8fjyr0000gn/T/" />
    <property name="ant.core.lib" value="/Users/lingzhixiang/codes/seleniumsource/selenium/third_party/java/ant/ant-1.8.2.jar" />
    <property name="line.separator" value="&#xa;" />
    <property name="java.vm.specification.vendor" value="Oracle Corporation" />
    <property name="os.name" value="Mac OS X" />
    <property name="ant.project.name" value="selenium" />
    <property name="selenium.browser" value="safari" />
    <property name="sun.jnu.encoding" value="UTF-8" />
    <property name="java.library.path" value="/Users/lingzhixiang/Library/Java/Extensions:/Library/Java/Extensions:/Network/Library/Java/Extensions:/System/Library/Java/Extensions:/usr/lib/java:." />
    <property name="java.specification.name" value="Java Platform API Specification" />
    <property name="java.class.version" value="51.0" />
    <property name="sun.management.compiler" value="HotSpot 64-Bit Tiered Compilers" />
    <property name="os.version" value="10.9" />
    <property name="js.test.dir" value="javascript/atoms/test" />
    <property name="user.home" value="/Users/lingzhixiang" />
    <property name="user.timezone" value="" />
    <property name="java.awt.printerjob" value="sun.lwawt.macosx.CPrinterJob" />
    <property name="java.specification.version" value="1.7" />
    <property name="file.encoding" value="UTF-8" />
    <property name="user.name" value="lingzhixiang" />
    <property name="build.compiler" value="org.eclipse.jdt.core.JDTCompilerAdapter" />
    <property name="java.class.path" value="/Users/lingzhixiang/codes/seleniumsource/selenium/build/java/client/src/com/thoughtworks/selenium/api.jar:/Users/lingzhixiang/codes/seleniumsource/selenium/build/java/client/src/com/thoughtworks/selenium/condition/condition.jar:/Users/lingzhixiang/codes/seleniumsource/selenium/build/java/client/src/com/thoughtworks/selenium/selenium.jar:/Users/lingzhixiang/codes/seleniumsource/selenium/build/java/client/src/com/thoughtworks/selenium/wait.jar:/Users/lingzhixiang/codes/seleniumsource/selenium/build/java/client/src/com/thoughtworks/selenium/webdriven/commands/commands.jar:/Users/lingzhixiang/codes/seleniumsource/selenium/build/java/client/src/com/thoughtworks/selenium/webdriven/emulation-api.jar:/Users/lingzhixiang/codes/seleniumsource/selenium/build/java/client/src/com/thoughtworks/selenium/webdriven/webdriven.jar:/Users/lingzhixiang/codes/seleniumsource/selenium/build/java/client/src/org/openqa/selenium/base.jar:/Users/lingzhixiang/codes/seleniumsource/selenium/build/java/client/src/org/openqa/selenium/beta.jar:/Users/lingzhixiang/codes/seleniumsource/selenium/build/java/client/src/org/openqa/selenium/browserlaunchers/browserlaunchers.jar:/Users/lingzhixiang/codes/seleniumsource/selenium/build/java/client/src/org/openqa/selenium/browserlaunchers/launcher-utils.jar:/Users/lingzhixiang/codes/seleniumsource/selenium/build/java/client/src/org/openqa/selenium/browserlaunchers/locators/locators.jar:/Users/lingzhixiang/codes/seleniumsource/selenium/build/java/client/src/org/openqa/selenium/browserlaunchers/proxies.jar:/Users/lingzhixiang/codes/seleniumsource/selenium/build/java/client/src/org/openqa/selenium/chrome/chrome.jar:/Users/lingzhixiang/codes/seleniumsource/selenium/build/java/client/src/org/openqa/selenium/codecs.jar:/Users/lingzhixiang/codes/seleniumsource/selenium/build/java/client/src/org/openqa/selenium/firefox/firefox.jar:/Users/lingzhixiang/codes/seleniumsource/selenium/build/java/client/src/org/openqa/selenium/htmlunit/htmlunit.jar:/Users/lingzhixiang/codes/seleniumsource/selenium/build/java/client/src/org/openqa/selenium/ie/ie.jar:/Users/lingzhixiang/codes/seleniumsource/selenium/build/java/client/src/org/openqa/selenium/interactions/api.jar:/Users/lingzhixiang/codes/seleniumsource/selenium/build/java/client/src/org/openqa/selenium/interactions/interactions.jar:/Users/lingzhixiang/codes/seleniumsource/selenium/build/java/client/src/org/openqa/selenium/io/io.jar:/Users/lingzhixiang/codes/seleniumsource/selenium/build/java/client/src/org/openqa/selenium/lift/lift.jar:/Users/lingzhixiang/codes/seleniumsource/selenium/build/java/client/src/org/openqa/selenium/logging/api.jar:/Users/lingzhixiang/codes/seleniumsource/selenium/build/java/client/src/org/openqa/selenium/logging/logging.jar:/Users/lingzhixiang/codes/seleniumsource/selenium/build/java/client/src/org/openqa/selenium/net/net.jar:/Users/lingzhixiang/codes/seleniumsource/selenium/build/java/client/src/org/openqa/selenium/os/os.jar:/Users/lingzhixiang/codes/seleniumsource/selenium/build/java/client/src/org/openqa/selenium/remote/api.jar:/Users/lingzhixiang/codes/seleniumsource/selenium/build/java/client/src/org/openqa/selenium/remote/augmenter.jar:/Users/lingzhixiang/codes/seleniumsource/selenium/build/java/client/src/org/openqa/selenium/remote/base.jar:/Users/lingzhixiang/codes/seleniumsource/selenium/build/java/client/src/org/openqa/selenium/remote/common.jar:/Users/lingzhixiang/codes/seleniumsource/selenium/build/java/client/src/org/openqa/selenium/remote/http-session-id.jar:/Users/lingzhixiang/codes/seleniumsource/selenium/build/java/client/src/org/openqa/selenium/remote/remote.jar:/Users/lingzhixiang/codes/seleniumsource/selenium/build/java/client/src/org/openqa/selenium/remote/service/service.jar:/Users/lingzhixiang/codes/seleniumsource/selenium/build/java/client/src/org/openqa/selenium/safari/safari.jar:/Users/lingzhixiang/codes/seleniumsource/selenium/build/java/client/src/org/openqa/selenium/security/security.jar:/Users/lingzhixiang/codes/seleniumsource/selenium/build/java/client/src/org/openqa/selenium/support/events/events.jar:/Users/lingzhixiang/codes/seleniumsource/selenium/build/java/client/src/org/openqa/selenium/support/page-factory.jar:/Users/lingzhixiang/codes/seleniumsource/selenium/build/java/client/src/org/openqa/selenium/support/support.jar:/Users/lingzhixiang/codes/seleniumsource/selenium/build/java/client/src/org/openqa/selenium/support/ui/clock.jar:/Users/lingzhixiang/codes/seleniumsource/selenium/build/java/client/src/org/openqa/selenium/support/ui/components.jar:/Users/lingzhixiang/codes/seleniumsource/selenium/build/java/client/src/org/openqa/selenium/support/ui/elements.jar:/Users/lingzhixiang/codes/seleniumsource/selenium/build/java/client/src/org/openqa/selenium/support/ui/wait.jar:/Users/lingzhixiang/codes/seleniumsource/selenium/build/java/client/src/org/openqa/selenium/webdriver-api.jar:/Users/lingzhixiang/codes/seleniumsource/selenium/build/java/client/test/org/openqa/selenium/base.jar:/Users/lingzhixiang/codes/seleniumsource/selenium/build/java/client/test/org/openqa/selenium/build.jar:/Users/lingzhixiang/codes/seleniumsource/selenium/build/java/client/test/org/openqa/selenium/environment/environment.jar:/Users/lingzhixiang/codes/seleniumsource/selenium/build/java/client/test/org/openqa/selenium/environment/webserver/webserver.jar:/Users/lingzhixiang/codes/seleniumsource/selenium/build/java/client/test/org/openqa/selenium/javascript/javascript.jar:/Users/lingzhixiang/codes/seleniumsource/selenium/build/java/client/test/org/openqa/selenium/testing/annotations.jar:/Users/lingzhixiang/codes/seleniumsource/selenium/build/java/client/test/org/openqa/selenium/testing/dev_mode.jar:/Users/lingzhixiang/codes/seleniumsource/selenium/build/java/client/test/org/openqa/selenium/testing/drivers/browser.jar:/Users/lingzhixiang/codes/seleniumsource/selenium/build/java/client/test/org/openqa/selenium/testing/drivers/drivers.jar:/Users/lingzhixiang/codes/seleniumsource/selenium/build/java/client/test/org/openqa/selenium/testing/drivers/test_selenium_server.jar:/Users/lingzhixiang/codes/seleniumsource/selenium/build/java/client/test/org/openqa/selenium/testing/junit.jar:/Users/lingzhixiang/codes/seleniumsource/selenium/build/java/client/test/org/openqa/selenium/testing/testing.jar:/Users/lingzhixiang/codes/seleniumsource/selenium/build/java/client/test/org/openqa/selenium/testing/util.jar:/Users/lingzhixiang/codes/seleniumsource/selenium/build/java/server/src/cybervillains/cybervillains.jar:/Users/lingzhixiang/codes/seleniumsource/selenium/build/java/server/src/org/openqa/grid/common/common.jar:/Users/lingzhixiang/codes/seleniumsource/selenium/build/java/server/src/org/openqa/grid/grid.jar:/Users/lingzhixiang/codes/seleniumsource/selenium/build/java/server/src/org/openqa/grid/selenium/selenium.jar:/Users/lingzhixiang/codes/seleniumsource/selenium/build/java/server/src/org/openqa/jetty/jetty.jar:/Users/lingzhixiang/codes/seleniumsource/selenium/build/java/server/src/org/openqa/selenium/remote/server/http-api.jar:/Users/lingzhixiang/codes/seleniumsource/selenium/build/java/server/src/org/openqa/selenium/remote/server/jee-http-api.jar:/Users/lingzhixiang/codes/seleniumsource/selenium/build/java/server/src/org/openqa/selenium/remote/server/log/log.jar:/Users/lingzhixiang/codes/seleniumsource/selenium/build/java/server/src/org/openqa/selenium/remote/server/resource/resource.jar:/Users/lingzhixiang/codes/seleniumsource/selenium/build/java/server/src/org/openqa/selenium/remote/server/restish.jar:/Users/lingzhixiang/codes/seleniumsource/selenium/build/java/server/src/org/openqa/selenium/remote/server/server_core.jar:/Users/lingzhixiang/codes/seleniumsource/selenium/build/java/server/src/org/openqa/selenium/remote/server/server_very_core.jar:/Users/lingzhixiang/codes/seleniumsource/selenium/build/java/server/src/org/openqa/selenium/security/security.jar:/Users/lingzhixiang/codes/seleniumsource/selenium/build/java/server/src/org/openqa/selenium/server/base.jar:/Users/lingzhixiang/codes/seleniumsource/selenium/build/java/server/src/org/openqa/selenium/server/logging.jar:/Users/lingzhixiang/codes/seleniumsource/selenium/build/java/server/src/org/openqa/selenium/server/server_resources.jar:/Users/lingzhixiang/codes/seleniumsource/selenium/build/java/server/test/org/openqa/selenium/server-with-tests-standalone.jar:/Users/lingzhixiang/codes/seleniumsource/selenium/build/java/server/test/org/openqa/selenium/server-with-tests.jar:/Users/lingzhixiang/codes/seleniumsource/selenium/build/javascript/selenium-core/selenium-core.jar:/Users/lingzhixiang/codes/seleniumsource/selenium/third_party/java/apache-httpclient/httpclient-4.3.1.jar:/Users/lingzhixiang/codes/seleniumsource/selenium/third_party/java/apache-httpclient/httpcore-4.3.jar:/Users/lingzhixiang/codes/seleniumsource/selenium/third_party/java/apache-httpclient/httpmime-4.3.1.jar:/Users/lingzhixiang/codes/seleniumsource/selenium/third_party/java/apache-mime4j/apache-mime4j-0.6.jar:/Users/lingzhixiang/codes/seleniumsource/selenium/third_party/java/beanshell/bsh-1.3.0.jar:/Users/lingzhixiang/codes/seleniumsource/selenium/third_party/java/bouncycastle/bcpkix-jdk15on-1.48.jar:/Users/lingzhixiang/codes/seleniumsource/selenium/third_party/java/bouncycastle/bcprov-jdk15on-1.48.jar:/Users/lingzhixiang/codes/seleniumsource/selenium/third_party/java/cglib/cglib-nodep-2.1_3.jar:/Users/lingzhixiang/codes/seleniumsource/selenium/third_party/java/commons-codec/commons-codec-1.8.jar:/Users/lingzhixiang/codes/seleniumsource/selenium/third_party/java/commons-collections/commons-collections-3.2.1.jar:/Users/lingzhixiang/codes/seleniumsource/selenium/third_party/java/commons-el/commons-el-1.0.jar:/Users/lingzhixiang/codes/seleniumsource/selenium/third_party/java/commons-exec/commons-exec-1.1.jar:/Users/lingzhixiang/codes/seleniumsource/selenium/third_party/java/commons-fileupload/commons-fileupload-1.2.2.jar:/Users/lingzhixiang/codes/seleniumsource/selenium/third_party/java/commons-io/commons-io-2.2.jar:/Users/lingzhixiang/codes/seleniumsource/selenium/third_party/java/commons-jxpath/commons-jxpath-1.3.jar:/Users/lingzhixiang/codes/seleniumsource/selenium/third_party/java/commons-lang/commons-lang3-3.1.jar:/Users/lingzhixiang/codes/seleniumsource/selenium/third_party/java/commons-logging/commons-logging-1.1.1.jar:/Users/lingzhixiang/codes/seleniumsource/selenium/third_party/java/cssparser/cssparser-0.9.11.jar:/Users/lingzhixiang/codes/seleniumsource/selenium/third_party/java/google-protobuffers/protobuf-java-2.4.1.jar:/Users/lingzhixiang/codes/seleniumsource/selenium/third_party/java/guava-libraries/guava-15.0.jar:/Users/lingzhixiang/codes/seleniumsource/selenium/third_party/java/hamcrest/hamcrest-core-1.3.jar:/Users/lingzhixiang/codes/seleniumsource/selenium/third_party/java/hamcrest/hamcrest-library-1.3.jar:/Users/lingzhixiang/codes/seleniumsource/selenium/third_party/java/htmlunit/htmlunit-2.13.jar:/Users/lingzhixiang/codes/seleniumsource/selenium/third_party/java/htmlunit/htmlunit-core-js-2.13.jar:/Users/lingzhixiang/codes/seleniumsource/selenium/third_party/java/ini4j/ini4j-0.5.2.jar:/Users/lingzhixiang/codes/seleniumsource/selenium/third_party/java/jasper/jasper-compiler-5.5.15.jar:/Users/lingzhixiang/codes/seleniumsource/selenium/third_party/java/jasper/jasper-compiler-jdt-5.5.15.jar:/Users/lingzhixiang/codes/seleniumsource/selenium/third_party/java/jasper/jasper-runtime-5.5.15.jar:/Users/lingzhixiang/codes/seleniumsource/selenium/third_party/java/jasper/jsp-api-2.0.jar:/Users/lingzhixiang/codes/seleniumsource/selenium/third_party/java/jcip_annotations/jcip-annotations-1.0.jar:/Users/lingzhixiang/codes/seleniumsource/selenium/third_party/java/jcommander/jcommander-1.29.jar:/Users/lingzhixiang/codes/seleniumsource/selenium/third_party/java/jetty-websocket/jetty-websocket-8.1.8.jar:/Users/lingzhixiang/codes/seleniumsource/selenium/third_party/java/jetty/jetty-repacked-7.6.1.jar:/Users/lingzhixiang/codes/seleniumsource/selenium/third_party/java/jna/jna-3.4.0.jar:/Users/lingzhixiang/codes/seleniumsource/selenium/third_party/java/jna/jna-platform-3.4.0.jar:/Users/lingzhixiang/codes/seleniumsource/selenium/third_party/java/json/json-20080701.jar:/Users/lingzhixiang/codes/seleniumsource/selenium/third_party/java/junit/junit-dep-4.11.jar:/Users/lingzhixiang/codes/seleniumsource/selenium/third_party/java/mx4j/mx4j-tools-3.0.1.jar:/Users/lingzhixiang/codes/seleniumsource/selenium/third_party/java/nekohtml/nekohtml-1.9.19.jar:/Users/lingzhixiang/codes/seleniumsource/selenium/third_party/java/netty/netty-3.5.7.Final.jar:/Users/lingzhixiang/codes/seleniumsource/selenium/third_party/java/opera-driver/operadriver-1.5.jar:/Users/lingzhixiang/codes/seleniumsource/selenium/third_party/java/phantomjs-driver/phantomjsdriver-1.1.0.jar:/Users/lingzhixiang/codes/seleniumsource/selenium/third_party/java/sac/sac-1.3.jar:/Users/lingzhixiang/codes/seleniumsource/selenium/third_party/java/serializer/serializer-2.7.1.jar:/Users/lingzhixiang/codes/seleniumsource/selenium/third_party/java/servlet-api/servlet-api-2.5-6.1.9.jar:/Users/lingzhixiang/codes/seleniumsource/selenium/third_party/java/testng/testng-6.8.5.jar:/Users/lingzhixiang/codes/seleniumsource/selenium/third_party/java/webbit/webbit-0.4.14.jar:/Users/lingzhixiang/codes/seleniumsource/selenium/third_party/java/xml/xalan-2.7.1.jar:/Users/lingzhixiang/codes/seleniumsource/selenium/third_party/java/xml/xercesImpl-2.10.0.jar:/Users/lingzhixiang/codes/seleniumsource/selenium/third_party/java/xml/xml-apis-1.4.01.jar:/Users/lingzhixiang/codes/seleniumsource/selenium/third_party/java/yaml/snakeyaml-1.8.jar:/Users/lingzhixiang/codes/seleniumsource/selenium/third_party/java/ant/ant-launcher-1.8.2.jar:/Users/lingzhixiang/codes/seleniumsource/selenium/third_party/java/ant/ant-1.8.2.jar:/Users/lingzhixiang/codes/seleniumsource/selenium/third_party/java/ant/ant-junit-1.8.2.jar:/Users/lingzhixiang/codes/seleniumsource/selenium/third_party/java/ant/ant-junit4-1.8.2.jar" />
    <property name="java.vm.specification.version" value="1.7" />
    <property name="java.home" value="/Library/Java/JavaVirtualMachines/jdk1.7.0_51.jdk/Contents/Home/jre" />
    <property name="sun.java.command" value="org.apache.tools.ant.taskdefs.optional.junit.JUnitTestRunner org.openqa.selenium.javascript.ClosureTestSuite filtertrace=true haltOnError=true haltOnFailure=true formatter=org.apache.tools.ant.taskdefs.optional.junit.SummaryJUnitResultFormatter showoutput=true outputtoformatters=true logfailedtests=true logtestlistenerevents=false formatter=org.apache.tools.ant.taskdefs.optional.junit.PlainJUnitResultFormatter,/Users/lingzhixiang/codes/seleniumsource/selenium/build/test_logs/TEST--javascript-atoms-test_safari.txt formatter=org.apache.tools.ant.taskdefs.optional.junit.XMLJUnitResultFormatter,/Users/lingzhixiang/codes/seleniumsource/selenium/build/test_logs/TEST--javascript-atoms-test_safari.xml crashfile=/Users/lingzhixiang/codes/seleniumsource/selenium/junitvmwatcher6787115632683688417.properties propsfile=/Users/lingzhixiang/codes/seleniumsource/selenium/junit931968766557350424.properties" />
    <property name="sun.arch.data.model" value="64" />
    <property name="java.specification.vendor" value="Oracle Corporation" />
    <property name="user.language" value="zh" />
    <property name="awt.toolkit" value="sun.lwawt.macosx.LWCToolkit" />
    <property name="java.vm.info" value="mixed mode" />
    <property name="java.version" value="1.7.0_51" />
    <property name="java.ext.dirs" value="/Users/lingzhixiang/Library/Java/Extensions:/Library/Java/JavaVirtualMachines/jdk1.7.0_51.jdk/Contents/Home/jre/lib/ext:/Library/Java/Extensions:/Network/Library/Java/Extensions:/System/Library/Java/Extensions:/usr/lib/java" />
    <property name="sun.boot.class.path" value="/Library/Java/JavaVirtualMachines/jdk1.7.0_51.jdk/Contents/Home/jre/lib/resources.jar:/Library/Java/JavaVirtualMachines/jdk1.7.0_51.jdk/Contents/Home/jre/lib/rt.jar:/Library/Java/JavaVirtualMachines/jdk1.7.0_51.jdk/Contents/Home/jre/lib/sunrsasign.jar:/Library/Java/JavaVirtualMachines/jdk1.7.0_51.jdk/Contents/Home/jre/lib/jsse.jar:/Library/Java/JavaVirtualMachines/jdk1.7.0_51.jdk/Contents/Home/jre/lib/jce.jar:/Library/Java/JavaVirtualMachines/jdk1.7.0_51.jdk/Contents/Home/jre/lib/charsets.jar:/Library/Java/JavaVirtualMachines/jdk1.7.0_51.jdk/Contents/Home/jre/lib/jfr.jar:/Library/Java/JavaVirtualMachines/jdk1.7.0_51.jdk/Contents/Home/jre/classes" />
    <property name="java.vendor" value="Oracle Corporation" />
    <property name="file.separator" value="/" />
    <property name="XmlLogger.file" value="build/build_log.xml" />
    <property name="java.vendor.url.bug" value="http://bugreport.sun.com/bugreport/" />
    <property name="sun.cpu.endian" value="little" />
    <property name="sun.io.unicode.encoding" value="UnicodeBig" />
    <property name="sun.cpu.isalist" value="" />
  </properties>
  <testcase classname="junit.framework.JUnit4TestCaseFacade" name="javascript/atoms/test/action_test" time="1.072" />
  <testcase classname="junit.framework.JUnit4TestCaseFacade" name="javascript/atoms/test/attribute_test" time="0.699" />
  <testcase classname="junit.framework.JUnit4TestCaseFacade" name="javascript/atoms/test/child_locator_test" time="0.686" />
  <testcase classname="junit.framework.JUnit4TestCaseFacade" name="javascript/atoms/test/click_link_test" time="1.917" />
  <testcase classname="junit.framework.JUnit4TestCaseFacade" name="javascript/atoms/test/click_submit_test" time="0.93" />
  <testcase classname="junit.framework.JUnit4TestCaseFacade" name="javascript/atoms/test/click_test" time="0.86" />
  <testcase classname="junit.framework.JUnit4TestCaseFacade" name="javascript/atoms/test/clientrect_test" time="0.664" />
  <testcase classname="junit.framework.JUnit4TestCaseFacade" name="javascript/atoms/test/color_test" time="0.643" />
  <testcase classname="junit.framework.JUnit4TestCaseFacade" name="javascript/atoms/test/dom_test" time="0.67" />
  <testcase classname="junit.framework.JUnit4TestCaseFacade" name="javascript/atoms/test/drag_test" time="0.7" />
  <testcase classname="junit.framework.JUnit4TestCaseFacade" name="javascript/atoms/test/enabled_test" time="0.661" />
  <testcase classname="junit.framework.JUnit4TestCaseFacade" name="javascript/atoms/test/enter_submit_test" time="0.722" />
  <testcase classname="junit.framework.JUnit4TestCaseFacade" name="javascript/atoms/test/error_test" time="0.65" />
  <testcase classname="junit.framework.JUnit4TestCaseFacade" name="javascript/atoms/test/events_test" time="0.683" />
  <testcase classname="junit.framework.JUnit4TestCaseFacade" name="javascript/atoms/test/focus_test" time="0.804" />
  <testcase classname="junit.framework.JUnit4TestCaseFacade" name="javascript/atoms/test/frame_scroll_test" time="0.673" />
  <testcase classname="junit.framework.JUnit4TestCaseFacade" name="javascript/atoms/test/frame_size_test" time="0.691" />
  <testcase classname="junit.framework.JUnit4TestCaseFacade" name="javascript/atoms/test/frame_test" time="0.74" />
  <testcase classname="junit.framework.JUnit4TestCaseFacade" name="javascript/atoms/test/gestures_test" time="0.652" />
  <testcase classname="junit.framework.JUnit4TestCaseFacade" name="javascript/atoms/test/history_test" time="1.745">
    <failure message="Untitled Test Case [FAILED]&#xa;localhost:39296/javascript/atoms/test/history_test.html&#xa;4 of 4 tests run in 1010ms.&#xa;2 passed, 2 failed.&#xa;253 ms/test. 82 files loaded.&#xa;.&#xa;16:14:06.713  Start&#xa;16:14:06.716  testBackForwardMultiplePages [waiting for window to load http://localhost:39296/javascript/atoms/test/testdata/history_page1.html] : FAILED&#xa;16:14:06.717  ERROR in testBackForwardMultiplePages [waiting for window to load http://localhost:39296/javascript/atoms/test/testdata/history_page1.html]&#xa;window.open() failed: is a pop-up blocker enabled?&#xa;Call to assertTrue(boolean) with false&#xa;&gt; _assert at http://localhost:39296/third_party/closure/goog/testing/asynctestcase.js:560:31&#xa;&gt; assertTrue at http://localhost:39296/third_party/closure/goog/testing/asserts.js:346:10&#xa;&gt; load at http://localhost:39296/javascript/atoms/test/history_test.html:106:17&#xa;&gt; testBackForwardMultiplePages at http://localhost:39296/javascript/atoms/test/history_test.html:169:9&#xa;&gt; execute at http://localhost:39296/third_party/closure/goog/testing/testcase.js:1055:16&#xa;&gt; doExecute_ at http://localhost:39296/third_party/closure/goog/testing/asynctestcase.js:802:26&#xa;&gt; (unknown)&#xa;&gt; callTopOfStackFunc_ at http://localhost:39296/third_party/closure/goog/testing/asynctestcase.js:682:14&#xa;&gt; pump_ at http://localhost:39296/third_party/closure/goog/testing/asynctestcase.js:731:35&#xa;&gt; runTests at http://localhost:39296/third_party/closure/goog/testing/asynctestcase.js:434:13&#xa;&gt; execute at http://localhost:39296/third_party/closure/goog/testing/testrunner.js:257:25&#xa;&gt; (unknown)&#xa;&#xa;16:14:07.219  testBackForwardOnePage [waiting for window to load http://localhost:39296/javascript/atoms/test/testdata/history_page1.html] : FAILED&#xa;16:14:07.219  ERROR in testBackForwardOnePage [waiting for window to load http://localhost:39296/javascript/atoms/test/testdata/history_page1.html]&#xa;window.open() failed: is a pop-up blocker enabled?&#xa;Call to assertTrue(boolean) with false&#xa;&gt; _assert at http://localhost:39296/third_party/closure/goog/testing/asynctestcase.js:560:31&#xa;&gt; assertTrue at http://localhost:39296/third_party/closure/goog/testing/asserts.js:346:10&#xa;&gt; load at http://localhost:39296/javascript/atoms/test/history_test.html:106:17&#xa;&gt; testBackForwardOnePage at http://localhost:39296/javascript/atoms/test/history_test.html:153:9&#xa;&gt; execute at http://localhost:39296/third_party/closure/goog/testing/testcase.js:1055:16&#xa;&gt; doExecute_ at http://localhost:39296/third_party/closure/goog/testing/asynctestcase.js:802:26&#xa;&gt; (unknown)&#xa;&gt; callTopOfStackFunc_ at http://localhost:39296/third_party/closure/goog/testing/asynctestcase.js:682:14&#xa;&gt; pump_ at http://localhost:39296/third_party/closure/goog/testing/asynctestcase.js:731:35&#xa;&gt; (unknown)&#xa;&#xa;16:14:07.721  testErrorThrowWhenNumPagesNotLessThanHistoryLength : PASSED&#xa;16:14:07.723  testErrorThrownWhenNumPagesNonPositive : PASSED&#xa;16:14:07.723  Done&#xa; " type="junit.framework.AssertionFailedError">junit.framework.AssertionFailedError: Untitled Test Case [FAILED]
localhost:39296/javascript/atoms/test/history_test.html
4 of 4 tests run in 1010ms.
2 passed, 2 failed.
253 ms/test. 82 files loaded.
.
16:14:06.713  Start
16:14:06.716  testBackForwardMultiplePages [waiting for window to load http://localhost:39296/javascript/atoms/test/testdata/history_page1.html] : FAILED
16:14:06.717  ERROR in testBackForwardMultiplePages [waiting for window to load http://localhost:39296/javascript/atoms/test/testdata/history_page1.html]
window.open() failed: is a pop-up blocker enabled?
Call to assertTrue(boolean) with false
&gt; _assert at http://localhost:39296/third_party/closure/goog/testing/asynctestcase.js:560:31
&gt; assertTrue at http://localhost:39296/third_party/closure/goog/testing/asserts.js:346:10
&gt; load at http://localhost:39296/javascript/atoms/test/history_test.html:106:17
&gt; testBackForwardMultiplePages at http://localhost:39296/javascript/atoms/test/history_test.html:169:9
&gt; execute at http://localhost:39296/third_party/closure/goog/testing/testcase.js:1055:16
&gt; doExecute_ at http://localhost:39296/third_party/closure/goog/testing/asynctestcase.js:802:26
&gt; (unknown)
&gt; callTopOfStackFunc_ at http://localhost:39296/third_party/closure/goog/testing/asynctestcase.js:682:14
&gt; pump_ at http://localhost:39296/third_party/closure/goog/testing/asynctestcase.js:731:35
&gt; runTests at http://localhost:39296/third_party/closure/goog/testing/asynctestcase.js:434:13
&gt; execute at http://localhost:39296/third_party/closure/goog/testing/testrunner.js:257:25
&gt; (unknown)

16:14:07.219  testBackForwardOnePage [waiting for window to load http://localhost:39296/javascript/atoms/test/testdata/history_page1.html] : FAILED
16:14:07.219  ERROR in testBackForwardOnePage [waiting for window to load http://localhost:39296/javascript/atoms/test/testdata/history_page1.html]
window.open() failed: is a pop-up blocker enabled?
Call to assertTrue(boolean) with false
&gt; _assert at http://localhost:39296/third_party/closure/goog/testing/asynctestcase.js:560:31
&gt; assertTrue at http://localhost:39296/third_party/closure/goog/testing/asserts.js:346:10
&gt; load at http://localhost:39296/javascript/atoms/test/history_test.html:106:17
&gt; testBackForwardOnePage at http://localhost:39296/javascript/atoms/test/history_test.html:153:9
&gt; execute at http://localhost:39296/third_party/closure/goog/testing/testcase.js:1055:16
&gt; doExecute_ at http://localhost:39296/third_party/closure/goog/testing/asynctestcase.js:802:26
&gt; (unknown)
&gt; callTopOfStackFunc_ at http://localhost:39296/third_party/closure/goog/testing/asynctestcase.js:682:14
&gt; pump_ at http://localhost:39296/third_party/closure/goog/testing/asynctestcase.js:731:35
&gt; (unknown)

16:14:07.721  testErrorThrowWhenNumPagesNotLessThanHistoryLength : PASSED
16:14:07.723  testErrorThrownWhenNumPagesNonPositive : PASSED
16:14:07.723  Done
 
</failure>
  </testcase>
  <testcase classname="junit.framework.JUnit4TestCaseFacade" name="javascript/atoms/test/html5/appcache_test" time="0.656" />
  <testcase classname="junit.framework.JUnit4TestCaseFacade" name="javascript/atoms/test/html5/connection_test" time="0.647" />
  <testcase classname="junit.framework.JUnit4TestCaseFacade" name="javascript/atoms/test/html5/database_test" time="6.596" />
  <testcase classname="junit.framework.JUnit4TestCaseFacade" name="javascript/atoms/test/html5/location_test" time="0.662" />
  <testcase classname="junit.framework.JUnit4TestCaseFacade" name="javascript/atoms/test/html5/nested_window_storage_test" time="0.734" />
  <testcase classname="junit.framework.JUnit4TestCaseFacade" name="javascript/atoms/test/html5/no_manifest_appcache_test" time="0.664" />
  <testcase classname="junit.framework.JUnit4TestCaseFacade" name="javascript/atoms/test/html5/storage_test" time="0.653" />
  <testcase classname="junit.framework.JUnit4TestCaseFacade" name="javascript/atoms/test/inject_test" time="0.812" />
  <testcase classname="junit.framework.JUnit4TestCaseFacade" name="javascript/atoms/test/interactable_size_test" time="0.675" />
  <testcase classname="junit.framework.JUnit4TestCaseFacade" name="javascript/atoms/test/keyboard_test" time="0.69" />
  <testcase classname="junit.framework.JUnit4TestCaseFacade" name="javascript/atoms/test/locator_test" time="0.695" />
  <testcase classname="junit.framework.JUnit4TestCaseFacade" name="javascript/atoms/test/mouse_test" time="0.72" />
  <testcase classname="junit.framework.JUnit4TestCaseFacade" name="javascript/atoms/test/opacity_test" time="0.673" />
  <testcase classname="junit.framework.JUnit4TestCaseFacade" name="javascript/atoms/test/orientation_test" time="0.661" />
  <testcase classname="junit.framework.JUnit4TestCaseFacade" name="javascript/atoms/test/overflow_test" time="0.998" />
  <testcase classname="junit.framework.JUnit4TestCaseFacade" name="javascript/atoms/test/property_test" time="0.671" />
  <testcase classname="junit.framework.JUnit4TestCaseFacade" name="javascript/atoms/test/response_test" time="0.661" />
  <testcase classname="junit.framework.JUnit4TestCaseFacade" name="javascript/atoms/test/scrolling_test" time="0.714" />
  <testcase classname="junit.framework.JUnit4TestCaseFacade" name="javascript/atoms/test/select_test" time="0.827">
    <failure message="select_test.html [FAILED]&#xa;localhost:39296/javascript/atoms/test/select_test.html&#xa;34 of 34 tests run in 138ms.&#xa;28 passed, 6 failed.&#xa;4 ms/test. 91 files loaded.&#xa;.&#xa;16:14:27.075  Start&#xa;16:14:27.089  testClickCanSelectAnEnabledOptionFromASelectWithADisabledOption : PASSED&#xa;16:14:27.092  testClickCanSelectAnOptionFromASingleSelect : PASSED&#xa;16:14:27.096  testClickCanSelectOptionFromTransparentSelect : PASSED&#xa;16:14:27.103  testClickCanSelectOptionWhenDefaultPrevented : FAILED&#xa;16:14:27.104  ERROR in testClickCanSelectOptionWhenDefaultPrevented&#xa;Unexpected number of changes&#xa;Expected &lt;1&gt; (Number) but was &lt;0&gt; (Number)&#xa;&gt; assertEquals at http://localhost:39296/third_party/closure/goog/testing/asserts.js:374:10&#xa;&gt; assertChanges at http://localhost:39296/javascript/atoms/test/select_test.html:64:19&#xa;&gt; assertCanSelectWhenDefaultPrevented at http://localhost:39296/javascript/atoms/test/select_test.html:316:22&#xa;&gt; canSelectOptionWhenDefaultPrevented at http://localhost:39296/javascript/atoms/test/select_test.html:321:42&#xa;&gt; (unknown)&#xa;&gt; execute at http://localhost:39296/third_party/closure/goog/testing/testcase.js:1055:16&#xa;&gt; cycleTests at http://localhost:39296/third_party/closure/goog/testing/testcase.js:825:25&#xa;&gt; execute at http://localhost:39296/third_party/closure/goog/testing/testcase.js:424:18&#xa;&gt; runTests at http://localhost:39296/third_party/closure/goog/testing/testcase.js:585:15&#xa;&gt; execute at http://localhost:39296/third_party/closure/goog/testing/testrunner.js:257:25&#xa;&gt; (unknown)&#xa;&#xa;16:14:27.110  testClickCanSelectRadioButtons : PASSED&#xa;16:14:27.116  testClickCanToggleCheckboxes : PASSED&#xa;16:14:27.121  testClickCanToggleOptionsInAMultiSelect : FAILED&#xa;16:14:27.122  ERROR in testClickCanToggleOptionsInAMultiSelect&#xa;Unexpected number of changes&#xa;Expected &lt;3&gt; (Number) but was &lt;0&gt; (Number)&#xa;&gt; assertEquals at http://localhost:39296/third_party/closure/goog/testing/asserts.js:374:10&#xa;&gt; assertChanges at http://localhost:39296/javascript/atoms/test/select_test.html:64:19&#xa;&gt; canToggleOptionsInAMultiSelect at http://localhost:39296/javascript/atoms/test/select_test.html:185:20&#xa;&gt; (unknown)&#xa;&gt; execute at http://localhost:39296/third_party/closure/goog/testing/testcase.js:1055:16&#xa;&gt; cycleTests at http://localhost:39296/third_party/closure/goog/testing/testcase.js:825:25&#xa;&gt; execute at http://localhost:39296/third_party/closure/goog/testing/testcase.js:424:18&#xa;&gt; runTests at http://localhost:39296/third_party/closure/goog/testing/testcase.js:585:15&#xa;&gt; execute at http://localhost:39296/third_party/closure/goog/testing/testrunner.js:257:25&#xa;&gt; (unknown)&#xa;&#xa;16:14:27.124  testClickCannotDeselectAnOptionFromASingleSelect : PASSED&#xa;16:14:27.128  testClickCannotDeselectRadioButtons : PASSED&#xa;16:14:27.132  testClickCannotSelectAnOptionFromADisabled : PASSED&#xa;16:14:27.134  testClickCannotSelectCheckboxWhenDefaultPrevented : PASSED&#xa;16:14:27.140  testClickCannotSelectDisabledElements : PASSED&#xa;16:14:27.142  testClickMaybeSelectRadioButtonWhenDefaultPrevented : PASSED&#xa;16:14:27.145  testClickNoErrorAfterSelectWhenOnChangePreventsDefault : PASSED&#xa;16:14:27.146  testClickPointerCaptureFiresOnCheckboxToggle : PASSED&#xa;16:14:27.151  testClickSelectOptionTriggersJQueryChangeHandler : PASSED&#xa;16:14:27.155  testClickTogglesByTheTimeChangeEventFires : FAILED&#xa;16:14:27.156  ERROR in testClickTogglesByTheTimeChangeEventFires&#xa;change event did not fire&#xa;Expected not to be &lt;null&gt;&#xa;&gt; assertNotNull at http://localhost:39296/third_party/closure/goog/testing/asserts.js:412:10&#xa;&gt; checkToggleAtChange at http://localhost:39296/javascript/atoms/test/select_test.html:512:22&#xa;&gt; togglesByTheTimeChangeEventFires at http://localhost:39296/javascript/atoms/test/select_test.html:493:26&#xa;&gt; (unknown)&#xa;&gt; execute at http://localhost:39296/third_party/closure/goog/testing/testcase.js:1055:16&#xa;&gt; cycleTests at http://localhost:39296/third_party/closure/goog/testing/testcase.js:825:25&#xa;&gt; execute at http://localhost:39296/third_party/closure/goog/testing/testcase.js:424:18&#xa;&gt; runTests at http://localhost:39296/third_party/closure/goog/testing/testcase.js:585:15&#xa;&gt; execute at http://localhost:39296/third_party/closure/goog/testing/testrunner.js:257:25&#xa;&gt; (unknown)&#xa;&#xa;16:14:27.158  testTapCanSelectAnEnabledOptionFromASelectWithADisabledOption : PASSED&#xa;16:14:27.160  testTapCanSelectAnOptionFromASingleSelect : PASSED&#xa;16:14:27.163  testTapCanSelectOptionFromTransparentSelect : PASSED&#xa;16:14:27.168  testTapCanSelectOptionWhenDefaultPrevented : FAILED&#xa;16:14:27.169  ERROR in testTapCanSelectOptionWhenDefaultPrevented&#xa;Unexpected number of changes&#xa;Expected &lt;1&gt; (Number) but was &lt;0&gt; (Number)&#xa;&gt; assertEquals at http://localhost:39296/third_party/closure/goog/testing/asserts.js:374:10&#xa;&gt; assertChanges at http://localhost:39296/javascript/atoms/test/select_test.html:64:19&#xa;&gt; assertCanSelectWhenDefaultPrevented at http://localhost:39296/javascript/atoms/test/select_test.html:316:22&#xa;&gt; canSelectOptionWhenDefaultPrevented at http://localhost:39296/javascript/atoms/test/select_test.html:321:42&#xa;&gt; (unknown)&#xa;&gt; execute at http://localhost:39296/third_party/closure/goog/testing/testcase.js:1055:16&#xa;&gt; cycleTests at http://localhost:39296/third_party/closure/goog/testing/testcase.js:825:25&#xa;&gt; execute at http://localhost:39296/third_party/closure/goog/testing/testcase.js:424:18&#xa;&gt; runTests at http://localhost:39296/third_party/closure/goog/testing/testcase.js:585:15&#xa;&gt; execute at http://localhost:39296/third_party/closure/goog/testing/testrunner.js:257:25&#xa;&gt; (unknown)&#xa;&#xa;16:14:27.173  testTapCanSelectRadioButtons : PASSED&#xa;16:14:27.178  testTapCanToggleCheckboxes : PASSED&#xa;16:14:27.185  testTapCanToggleOptionsInAMultiSelect : FAILED&#xa;16:14:27.185  ERROR in testTapCanToggleOptionsInAMultiSelect&#xa;Unexpected number of changes&#xa;Expected &lt;3&gt; (Number) but was &lt;0&gt; (Number)&#xa;&gt; assertEquals at http://localhost:39296/third_party/closure/goog/testing/asserts.js:374:10&#xa;&gt; assertChanges at http://localhost:39296/javascript/atoms/test/select_test.html:64:19&#xa;&gt; canToggleOptionsInAMultiSelect at http://localhost:39296/javascript/atoms/test/select_test.html:185:20&#xa;&gt; (unknown)&#xa;&gt; execute at http://localhost:39296/third_party/closure/goog/testing/testcase.js:1055:16&#xa;&gt; cycleTests at http://localhost:39296/third_party/closure/goog/testing/testcase.js:825:25&#xa;&gt; execute at http://localhost:39296/third_party/closure/goog/testing/testcase.js:424:18&#xa;&gt; runTests at http://localhost:39296/third_party/closure/goog/testing/testcase.js:585:15&#xa;&gt; execute at http://localhost:39296/third_party/closure/goog/testing/testrunner.js:257:25&#xa;&gt; (unknown)&#xa;&#xa;16:14:27.187  testTapCannotDeselectAnOptionFromASingleSelect : PASSED&#xa;16:14:27.189  testTapCannotDeselectRadioButtons : PASSED&#xa;16:14:27.191  testTapCannotSelectAnOptionFromADisabled : PASSED&#xa;16:14:27.193  testTapCannotSelectCheckboxWhenDefaultPrevented : PASSED&#xa;16:14:27.197  testTapCannotSelectDisabledElements : PASSED&#xa;16:14:27.200  testTapMaybeSelectRadioButtonWhenDefaultPrevented : PASSED&#xa;16:14:27.203  testTapNoErrorAfterSelectWhenOnChangePreventsDefault : PASSED&#xa;16:14:27.204  testTapPointerCaptureFiresOnCheckboxToggle : PASSED&#xa;16:14:27.207  testTapSelectOptionTriggersJQueryChangeHandler : PASSED&#xa;16:14:27.213  testTapTogglesByTheTimeChangeEventFires : FAILED&#xa;16:14:27.213  ERROR in testTapTogglesByTheTimeChangeEventFires&#xa;change event did not fire&#xa;Expected not to be &lt;null&gt;&#xa;&gt; assertNotNull at http://localhost:39296/third_party/closure/goog/testing/asserts.js:412:10&#xa;&gt; checkToggleAtChange at http://localhost:39296/javascript/atoms/test/select_test.html:512:22&#xa;&gt; togglesByTheTimeChangeEventFires at http://localhost:39296/javascript/atoms/test/select_test.html:493:26&#xa;&gt; (unknown)&#xa;&gt; execute at http://localhost:39296/third_party/closure/goog/testing/testcase.js:1055:16&#xa;&gt; cycleTests at http://localhost:39296/third_party/closure/goog/testing/testcase.js:825:25&#xa;&gt; execute at http://localhost:39296/third_party/closure/goog/testing/testcase.js:424:18&#xa;&gt; runTests at http://localhost:39296/third_party/closure/goog/testing/testcase.js:585:15&#xa;&gt; execute at http://localhost:39296/third_party/closure/goog/testing/testrunner.js:257:25&#xa;&gt; (unknown)&#xa;&#xa;16:14:27.213  Done&#xa; " type="junit.framework.AssertionFailedError">junit.framework.AssertionFailedError: select_test.html [FAILED]
localhost:39296/javascript/atoms/test/select_test.html
34 of 34 tests run in 138ms.
28 passed, 6 failed.
4 ms/test. 91 files loaded.
.
16:14:27.075  Start
16:14:27.089  testClickCanSelectAnEnabledOptionFromASelectWithADisabledOption : PASSED
16:14:27.092  testClickCanSelectAnOptionFromASingleSelect : PASSED
16:14:27.096  testClickCanSelectOptionFromTransparentSelect : PASSED
16:14:27.103  testClickCanSelectOptionWhenDefaultPrevented : FAILED
16:14:27.104  ERROR in testClickCanSelectOptionWhenDefaultPrevented
Unexpected number of changes
Expected &lt;1&gt; (Number) but was &lt;0&gt; (Number)
&gt; assertEquals at http://localhost:39296/third_party/closure/goog/testing/asserts.js:374:10
&gt; assertChanges at http://localhost:39296/javascript/atoms/test/select_test.html:64:19
&gt; assertCanSelectWhenDefaultPrevented at http://localhost:39296/javascript/atoms/test/select_test.html:316:22
&gt; canSelectOptionWhenDefaultPrevented at http://localhost:39296/javascript/atoms/test/select_test.html:321:42
&gt; (unknown)
&gt; execute at http://localhost:39296/third_party/closure/goog/testing/testcase.js:1055:16
&gt; cycleTests at http://localhost:39296/third_party/closure/goog/testing/testcase.js:825:25
&gt; execute at http://localhost:39296/third_party/closure/goog/testing/testcase.js:424:18
&gt; runTests at http://localhost:39296/third_party/closure/goog/testing/testcase.js:585:15
&gt; execute at http://localhost:39296/third_party/closure/goog/testing/testrunner.js:257:25
&gt; (unknown)

16:14:27.110  testClickCanSelectRadioButtons : PASSED
16:14:27.116  testClickCanToggleCheckboxes : PASSED
16:14:27.121  testClickCanToggleOptionsInAMultiSelect : FAILED
16:14:27.122  ERROR in testClickCanToggleOptionsInAMultiSelect
Unexpected number of changes
Expected &lt;3&gt; (Number) but was &lt;0&gt; (Number)
&gt; assertEquals at http://localhost:39296/third_party/closure/goog/testing/asserts.js:374:10
&gt; assertChanges at http://localhost:39296/javascript/atoms/test/select_test.html:64:19
&gt; canToggleOptionsInAMultiSelect at http://localhost:39296/javascript/atoms/test/select_test.html:185:20
&gt; (unknown)
&gt; execute at http://localhost:39296/third_party/closure/goog/testing/testcase.js:1055:16
&gt; cycleTests at http://localhost:39296/third_party/closure/goog/testing/testcase.js:825:25
&gt; execute at http://localhost:39296/third_party/closure/goog/testing/testcase.js:424:18
&gt; runTests at http://localhost:39296/third_party/closure/goog/testing/testcase.js:585:15
&gt; execute at http://localhost:39296/third_party/closure/goog/testing/testrunner.js:257:25
&gt; (unknown)

16:14:27.124  testClickCannotDeselectAnOptionFromASingleSelect : PASSED
16:14:27.128  testClickCannotDeselectRadioButtons : PASSED
16:14:27.132  testClickCannotSelectAnOptionFromADisabled : PASSED
16:14:27.134  testClickCannotSelectCheckboxWhenDefaultPrevented : PASSED
16:14:27.140  testClickCannotSelectDisabledElements : PASSED
16:14:27.142  testClickMaybeSelectRadioButtonWhenDefaultPrevented : PASSED
16:14:27.145  testClickNoErrorAfterSelectWhenOnChangePreventsDefault : PASSED
16:14:27.146  testClickPointerCaptureFiresOnCheckboxToggle : PASSED
16:14:27.151  testClickSelectOptionTriggersJQueryChangeHandler : PASSED
16:14:27.155  testClickTogglesByTheTimeChangeEventFires : FAILED
16:14:27.156  ERROR in testClickTogglesByTheTimeChangeEventFires
change event did not fire
Expected not to be &lt;null&gt;
&gt; assertNotNull at http://localhost:39296/third_party/closure/goog/testing/asserts.js:412:10
&gt; checkToggleAtChange at http://localhost:39296/javascript/atoms/test/select_test.html:512:22
&gt; togglesByTheTimeChangeEventFires at http://localhost:39296/javascript/atoms/test/select_test.html:493:26
&gt; (unknown)
&gt; execute at http://localhost:39296/third_party/closure/goog/testing/testcase.js:1055:16
&gt; cycleTests at http://localhost:39296/third_party/closure/goog/testing/testcase.js:825:25
&gt; execute at http://localhost:39296/third_party/closure/goog/testing/testcase.js:424:18
&gt; runTests at http://localhost:39296/third_party/closure/goog/testing/testcase.js:585:15
&gt; execute at http://localhost:39296/third_party/closure/goog/testing/testrunner.js:257:25
&gt; (unknown)

16:14:27.158  testTapCanSelectAnEnabledOptionFromASelectWithADisabledOption : PASSED
16:14:27.160  testTapCanSelectAnOptionFromASingleSelect : PASSED
16:14:27.163  testTapCanSelectOptionFromTransparentSelect : PASSED
16:14:27.168  testTapCanSelectOptionWhenDefaultPrevented : FAILED
16:14:27.169  ERROR in testTapCanSelectOptionWhenDefaultPrevented
Unexpected number of changes
Expected &lt;1&gt; (Number) but was &lt;0&gt; (Number)
&gt; assertEquals at http://localhost:39296/third_party/closure/goog/testing/asserts.js:374:10
&gt; assertChanges at http://localhost:39296/javascript/atoms/test/select_test.html:64:19
&gt; assertCanSelectWhenDefaultPrevented at http://localhost:39296/javascript/atoms/test/select_test.html:316:22
&gt; canSelectOptionWhenDefaultPrevented at http://localhost:39296/javascript/atoms/test/select_test.html:321:42
&gt; (unknown)
&gt; execute at http://localhost:39296/third_party/closure/goog/testing/testcase.js:1055:16
&gt; cycleTests at http://localhost:39296/third_party/closure/goog/testing/testcase.js:825:25
&gt; execute at http://localhost:39296/third_party/closure/goog/testing/testcase.js:424:18
&gt; runTests at http://localhost:39296/third_party/closure/goog/testing/testcase.js:585:15
&gt; execute at http://localhost:39296/third_party/closure/goog/testing/testrunner.js:257:25
&gt; (unknown)

16:14:27.173  testTapCanSelectRadioButtons : PASSED
16:14:27.178  testTapCanToggleCheckboxes : PASSED
16:14:27.185  testTapCanToggleOptionsInAMultiSelect : FAILED
16:14:27.185  ERROR in testTapCanToggleOptionsInAMultiSelect
Unexpected number of changes
Expected &lt;3&gt; (Number) but was &lt;0&gt; (Number)
&gt; assertEquals at http://localhost:39296/third_party/closure/goog/testing/asserts.js:374:10
&gt; assertChanges at http://localhost:39296/javascript/atoms/test/select_test.html:64:19
&gt; canToggleOptionsInAMultiSelect at http://localhost:39296/javascript/atoms/test/select_test.html:185:20
&gt; (unknown)
&gt; execute at http://localhost:39296/third_party/closure/goog/testing/testcase.js:1055:16
&gt; cycleTests at http://localhost:39296/third_party/closure/goog/testing/testcase.js:825:25
&gt; execute at http://localhost:39296/third_party/closure/goog/testing/testcase.js:424:18
&gt; runTests at http://localhost:39296/third_party/closure/goog/testing/testcase.js:585:15
&gt; execute at http://localhost:39296/third_party/closure/goog/testing/testrunner.js:257:25
&gt; (unknown)

16:14:27.187  testTapCannotDeselectAnOptionFromASingleSelect : PASSED
16:14:27.189  testTapCannotDeselectRadioButtons : PASSED
16:14:27.191  testTapCannotSelectAnOptionFromADisabled : PASSED
16:14:27.193  testTapCannotSelectCheckboxWhenDefaultPrevented : PASSED
16:14:27.197  testTapCannotSelectDisabledElements : PASSED
16:14:27.200  testTapMaybeSelectRadioButtonWhenDefaultPrevented : PASSED
16:14:27.203  testTapNoErrorAfterSelectWhenOnChangePreventsDefault : PASSED
16:14:27.204  testTapPointerCaptureFiresOnCheckboxToggle : PASSED
16:14:27.207  testTapSelectOptionTriggersJQueryChangeHandler : PASSED
16:14:27.213  testTapTogglesByTheTimeChangeEventFires : FAILED
16:14:27.213  ERROR in testTapTogglesByTheTimeChangeEventFires
change event did not fire
Expected not to be &lt;null&gt;
&gt; assertNotNull at http://localhost:39296/third_party/closure/goog/testing/asserts.js:412:10
&gt; checkToggleAtChange at http://localhost:39296/javascript/atoms/test/select_test.html:512:22
&gt; togglesByTheTimeChangeEventFires at http://localhost:39296/javascript/atoms/test/select_test.html:493:26
&gt; (unknown)
&gt; execute at http://localhost:39296/third_party/closure/goog/testing/testcase.js:1055:16
&gt; cycleTests at http://localhost:39296/third_party/closure/goog/testing/testcase.js:825:25
&gt; execute at http://localhost:39296/third_party/closure/goog/testing/testcase.js:424:18
&gt; runTests at http://localhost:39296/third_party/closure/goog/testing/testcase.js:585:15
&gt; execute at http://localhost:39296/third_party/closure/goog/testing/testrunner.js:257:25
&gt; (unknown)

16:14:27.213  Done
 
</failure>
  </testcase>
  <testcase classname="junit.framework.JUnit4TestCaseFacade" name="javascript/atoms/test/shown_test" time="0.707" />
  <testcase classname="junit.framework.JUnit4TestCaseFacade" name="javascript/atoms/test/style_test" time="0.675" />
  <testcase classname="junit.framework.JUnit4TestCaseFacade" name="javascript/atoms/test/svg_test" time="0.714" />
  <testcase classname="junit.framework.JUnit4TestCaseFacade" name="javascript/atoms/test/text_box_test" time="0.677" />
  <testcase classname="junit.framework.JUnit4TestCaseFacade" name="javascript/atoms/test/text_table_test" time="0.685" />
  <testcase classname="junit.framework.JUnit4TestCaseFacade" name="javascript/atoms/test/text_test" time="0.713" />
  <testcase classname="junit.framework.JUnit4TestCaseFacade" name="javascript/atoms/test/toolbar_test" time="0.867" />
  <testcase classname="junit.framework.JUnit4TestCaseFacade" name="javascript/atoms/test/touchscreen_test" time="0.658" />
  <testcase classname="junit.framework.JUnit4TestCaseFacade" name="javascript/atoms/test/type_test" time="3.753" />
  <testcase classname="junit.framework.JUnit4TestCaseFacade" name="javascript/atoms/test/useragent_quirks_test" time="0.645" />
  <testcase classname="junit.framework.JUnit4TestCaseFacade" name="javascript/atoms/test/useragent_test" time="0.665" />
  <testcase classname="junit.framework.JUnit4TestCaseFacade" name="javascript/atoms/test/window_scroll_into_view_test" time="0.644" />
  <testcase classname="junit.framework.JUnit4TestCaseFacade" name="javascript/atoms/test/window_scroll_test" time="0.842" />
  <testcase classname="junit.framework.JUnit4TestCaseFacade" name="javascript/atoms/test/window_size_test" time="0.752">
    <failure message="window_size_test [FAILED]&#xa;localhost:39296/javascript/atoms/test/window_size_test.html&#xa;2 of 2 tests run in 4ms.&#xa;0 passed, 2 failed.&#xa;2 ms/test. 68 files loaded.&#xa;.&#xa;16:14:40.191  Start&#xa;16:14:40.192  setUpPage for testSetSize : FAILED&#xa;16:14:40.192  ERROR in setUpPage for testSetSize&#xa;&apos;undefined&apos; is not an object (evaluating &apos;popup.focus&apos;)&#xa;&gt; setUpPage at http://localhost:39296/javascript/atoms/test/window_size_test.html:23:16&#xa;&gt; (unknown)&#xa;&gt; runTests at http://localhost:39296/third_party/closure/goog/testing/testcase.js:581:19&#xa;&gt; execute at http://localhost:39296/third_party/closure/goog/testing/testrunner.js:257:25&#xa;&gt; (unknown)&#xa;&#xa;16:14:40.193  setUpPage for testSetSizeUsingGetSize : FAILED&#xa;16:14:40.194  ERROR in setUpPage for testSetSizeUsingGetSize&#xa;&apos;undefined&apos; is not an object (evaluating &apos;popup.focus&apos;)&#xa;&gt; setUpPage at http://localhost:39296/javascript/atoms/test/window_size_test.html:23:16&#xa;&gt; (unknown)&#xa;&gt; runTests at http://localhost:39296/third_party/closure/goog/testing/testcase.js:581:19&#xa;&gt; execute at http://localhost:39296/third_party/closure/goog/testing/testrunner.js:257:25&#xa;&gt; (unknown)&#xa;&#xa;16:14:40.194  Done&#xa; " type="junit.framework.AssertionFailedError">junit.framework.AssertionFailedError: window_size_test [FAILED]
localhost:39296/javascript/atoms/test/window_size_test.html
2 of 2 tests run in 4ms.
0 passed, 2 failed.
2 ms/test. 68 files loaded.
.
16:14:40.191  Start
16:14:40.192  setUpPage for testSetSize : FAILED
16:14:40.192  ERROR in setUpPage for testSetSize
&apos;undefined&apos; is not an object (evaluating &apos;popup.focus&apos;)
&gt; setUpPage at http://localhost:39296/javascript/atoms/test/window_size_test.html:23:16
&gt; (unknown)
&gt; runTests at http://localhost:39296/third_party/closure/goog/testing/testcase.js:581:19
&gt; execute at http://localhost:39296/third_party/closure/goog/testing/testrunner.js:257:25
&gt; (unknown)

16:14:40.193  setUpPage for testSetSizeUsingGetSize : FAILED
16:14:40.194  ERROR in setUpPage for testSetSizeUsingGetSize
&apos;undefined&apos; is not an object (evaluating &apos;popup.focus&apos;)
&gt; setUpPage at http://localhost:39296/javascript/atoms/test/window_size_test.html:23:16
&gt; (unknown)
&gt; runTests at http://localhost:39296/third_party/closure/goog/testing/testcase.js:581:19
&gt; execute at http://localhost:39296/third_party/closure/goog/testing/testrunner.js:257:25
&gt; (unknown)

16:14:40.194  Done
 
</failure>
  </testcase>
  <system-out><![CDATA[]]></system-out>
  <system-err><![CDATA[2014-03-23 16:13:48.729:INFO:osjs.Server:jetty-7.x.y-SNAPSHOT
2014-03-23 16:13:48.774:INFO:osjsh.ContextHandler:started o.s.j.s.ServletContextHandler{/common,file:/Users/lingzhixiang/codes/seleniumsource/selenium/common/src/web/}
2014-03-23 16:13:48.779:INFO:/common:Aliases are enabled
2014-03-23 16:13:48.781:INFO:osjsh.ContextHandler:started o.s.j.s.ServletContextHandler{/javascript,file:/Users/lingzhixiang/codes/seleniumsource/selenium/javascript/}
2014-03-23 16:13:48.781:INFO:/javascript:Aliases are enabled
2014-03-23 16:13:48.781:INFO:osjsh.ContextHandler:started o.s.j.s.ServletContextHandler{/third_party/closure/goog,file:/Users/lingzhixiang/codes/seleniumsource/selenium/third_party/closure/goog/}
2014-03-23 16:13:48.781:INFO:/third_party/closure/goog:Aliases are enabled
2014-03-23 16:13:48.782:INFO:osjsh.ContextHandler:started o.s.j.s.ServletContextHandler{/third_party/js,file:/Users/lingzhixiang/codes/seleniumsource/selenium/third_party/js/}
2014-03-23 16:13:48.782:INFO:/third_party/js:Aliases are enabled
2014-03-23 16:13:48.807:INFO:osjs.AbstractConnector:Started SelectChannelConnector@0.0.0.0:39296
2014-03-23 16:13:49.152:INFO:osjus.SslContextFactory:Enabled Protocols [SSLv2Hello, SSLv3, TLSv1, TLSv1.1, TLSv1.2] of [SSLv2Hello, SSLv3, TLSv1, TLSv1.1, TLSv1.2]
2014-03-23 16:13:49.162:INFO:osjs.AbstractConnector:Started SslSocketConnector@0.0.0.0:6927
三月 23, 2014 4:13:49 下午 org.openqa.selenium.safari.SafariDriverServer start
信息: Server started on port 44834
三月 23, 2014 4:13:49 下午 org.openqa.selenium.safari.SafariDriverCommandExecutor start
信息: Launching Safari
三月 23, 2014 4:13:49 下午 org.openqa.selenium.safari.SafariDriverCommandExecutor start
信息: Waiting for SafariDriver to connect
三月 23, 2014 4:13:50 下午 org.openqa.selenium.safari.SafariDriverChannelHandler$1 operationComplete
信息: Connection opened
三月 23, 2014 4:13:50 下午 org.openqa.selenium.safari.SafariDriverCommandExecutor start
信息: Driver connected in 1622 ms
三月 23, 2014 4:13:50 下午 org.openqa.selenium.javascript.ClosureTestStatement evaluate
信息: Running: http://localhost:39296/javascript/atoms/test/action_test.html
三月 23, 2014 4:13:50 下午 org.openqa.selenium.remote.RemoteWebDriver log
信息: Executing: maximizeWindow [null, maximizeWindow {windowHandle=current}]
三月 23, 2014 4:13:51 下午 org.openqa.selenium.remote.RemoteWebDriver log
信息: Executed: [null, maximizeWindow {windowHandle=current}]
三月 23, 2014 4:13:51 下午 org.openqa.selenium.remote.RemoteWebDriver log
信息: Executing: executeScript [null, executeScript {script=if (window && window.top) window.top.G_testRunner = null, args=[]}]
三月 23, 2014 4:13:51 下午 org.openqa.selenium.remote.RemoteWebDriver log
信息: Executed: [null, executeScript {script=if (window && window.top) window.top.G_testRunner = null, args=[]}]
三月 23, 2014 4:13:51 下午 org.openqa.selenium.remote.RemoteWebDriver log
信息: Executing: get [null, get {url=http://localhost:39296/javascript/atoms/test/action_test.html}]
三月 23, 2014 4:13:51 下午 org.openqa.selenium.remote.RemoteWebDriver log
信息: Executed: [null, get {url=http://localhost:39296/javascript/atoms/test/action_test.html}]
三月 23, 2014 4:13:51 下午 org.openqa.selenium.remote.RemoteWebDriver log
信息: Executing: executeScript [null, executeScript {script=var tr = window.top.G_testRunner;return !!tr && tr.isFinished();, args=[]}]
三月 23, 2014 4:13:51 下午 org.openqa.selenium.remote.RemoteWebDriver log
信息: Executed: [null, executeScript {script=var tr = window.top.G_testRunner;return !!tr && tr.isFinished();, args=[]}]
三月 23, 2014 4:13:51 下午 org.openqa.selenium.remote.RemoteWebDriver log
信息: Executing: executeScript [null, executeScript {script=var tr = window.top.G_testRunner;return !!tr && tr.isFinished();, args=[]}]
三月 23, 2014 4:13:51 下午 org.openqa.selenium.remote.RemoteWebDriver log
信息: Executed: [null, executeScript {script=var tr = window.top.G_testRunner;return !!tr && tr.isFinished();, args=[]}]
三月 23, 2014 4:13:51 下午 org.openqa.selenium.remote.RemoteWebDriver log
信息: Executing: executeScript [null, executeScript {script=var tr = window.top.G_testRunner;return !!tr && tr.isFinished();, args=[]}]
三月 23, 2014 4:13:51 下午 org.openqa.selenium.remote.RemoteWebDriver log
信息: Executed: [null, executeScript {script=var tr = window.top.G_testRunner;return !!tr && tr.isFinished();, args=[]}]
三月 23, 2014 4:13:51 下午 org.openqa.selenium.remote.RemoteWebDriver log
信息: Executing: executeScript [null, executeScript {script=var tr = window.top.G_testRunner;return !!tr && tr.isFinished();, args=[]}]
三月 23, 2014 4:13:51 下午 org.openqa.selenium.remote.RemoteWebDriver log
信息: Executed: [null, executeScript {script=var tr = window.top.G_testRunner;return !!tr && tr.isFinished();, args=[]}]
三月 23, 2014 4:13:51 下午 org.openqa.selenium.remote.RemoteWebDriver log
信息: Executing: executeScript [null, executeScript {script=var tr = window.top.G_testRunner;return !!tr && tr.isFinished();, args=[]}]
三月 23, 2014 4:13:52 下午 org.openqa.selenium.remote.RemoteWebDriver log
信息: Executed: [null, executeScript {script=var tr = window.top.G_testRunner;return !!tr && tr.isFinished();, args=[]}]
三月 23, 2014 4:13:52 下午 org.openqa.selenium.remote.RemoteWebDriver log
信息: Executing: executeScript [null, executeScript {script=var tr = window.top.G_testRunner;return !!tr && tr.isSuccess();, args=[]}]
三月 23, 2014 4:13:52 下午 org.openqa.selenium.remote.RemoteWebDriver log
信息: Executed: [null, executeScript {script=var tr = window.top.G_testRunner;return !!tr && tr.isSuccess();, args=[]}]
三月 23, 2014 4:13:52 下午 org.openqa.selenium.javascript.ClosureTestStatement evaluate
信息: Running: http://localhost:39296/javascript/atoms/test/attribute_test.html
三月 23, 2014 4:13:52 下午 org.openqa.selenium.remote.RemoteWebDriver log
信息: Executing: maximizeWindow [null, maximizeWindow {windowHandle=current}]
三月 23, 2014 4:13:52 下午 org.openqa.selenium.remote.RemoteWebDriver log
信息: Executed: [null, maximizeWindow {windowHandle=current}]
三月 23, 2014 4:13:52 下午 org.openqa.selenium.remote.RemoteWebDriver log
信息: Executing: executeScript [null, executeScript {script=if (window && window.top) window.top.G_testRunner = null, args=[]}]
三月 23, 2014 4:13:52 下午 org.openqa.selenium.remote.RemoteWebDriver log
信息: Executed: [null, executeScript {script=if (window && window.top) window.top.G_testRunner = null, args=[]}]
三月 23, 2014 4:13:52 下午 org.openqa.selenium.remote.RemoteWebDriver log
信息: Executing: get [null, get {url=http://localhost:39296/javascript/atoms/test/attribute_test.html}]
三月 23, 2014 4:13:52 下午 org.openqa.selenium.remote.RemoteWebDriver log
信息: Executed: [null, get {url=http://localhost:39296/javascript/atoms/test/attribute_test.html}]
三月 23, 2014 4:13:52 下午 org.openqa.selenium.remote.RemoteWebDriver log
信息: Executing: executeScript [null, executeScript {script=var tr = window.top.G_testRunner;return !!tr && tr.isFinished();, args=[]}]
三月 23, 2014 4:13:52 下午 org.openqa.selenium.remote.RemoteWebDriver log
信息: Executed: [null, executeScript {script=var tr = window.top.G_testRunner;return !!tr && tr.isFinished();, args=[]}]
三月 23, 2014 4:13:52 下午 org.openqa.selenium.remote.RemoteWebDriver log
信息: Executing: executeScript [null, executeScript {script=var tr = window.top.G_testRunner;return !!tr && tr.isFinished();, args=[]}]
三月 23, 2014 4:13:52 下午 org.openqa.selenium.remote.RemoteWebDriver log
信息: Executed: [null, executeScript {script=var tr = window.top.G_testRunner;return !!tr && tr.isFinished();, args=[]}]
三月 23, 2014 4:13:52 下午 org.openqa.selenium.remote.RemoteWebDriver log
信息: Executing: executeScript [null, executeScript {script=var tr = window.top.G_testRunner;return !!tr && tr.isFinished();, args=[]}]
三月 23, 2014 4:13:52 下午 org.openqa.selenium.remote.RemoteWebDriver log
信息: Executed: [null, executeScript {script=var tr = window.top.G_testRunner;return !!tr && tr.isFinished();, args=[]}]
三月 23, 2014 4:13:52 下午 org.openqa.selenium.remote.RemoteWebDriver log
信息: Executing: executeScript [null, executeScript {script=var tr = window.top.G_testRunner;return !!tr && tr.isFinished();, args=[]}]
三月 23, 2014 4:13:52 下午 org.openqa.selenium.remote.RemoteWebDriver log
信息: Executed: [null, executeScript {script=var tr = window.top.G_testRunner;return !!tr && tr.isFinished();, args=[]}]
三月 23, 2014 4:13:52 下午 org.openqa.selenium.remote.RemoteWebDriver log
信息: Executing: executeScript [null, executeScript {script=var tr = window.top.G_testRunner;return !!tr && tr.isFinished();, args=[]}]
三月 23, 2014 4:13:52 下午 org.openqa.selenium.remote.RemoteWebDriver log
信息: Executed: [null, executeScript {script=var tr = window.top.G_testRunner;return !!tr && tr.isFinished();, args=[]}]
三月 23, 2014 4:13:52 下午 org.openqa.selenium.remote.RemoteWebDriver log
信息: Executing: executeScript [null, executeScript {script=var tr = window.top.G_testRunner;return !!tr && tr.isSuccess();, args=[]}]
三月 23, 2014 4:13:52 下午 org.openqa.selenium.remote.RemoteWebDriver log
信息: Executed: [null, executeScript {script=var tr = window.top.G_testRunner;return !!tr && tr.isSuccess();, args=[]}]
三月 23, 2014 4:13:52 下午 org.openqa.selenium.javascript.ClosureTestStatement evaluate
信息: Running: http://localhost:39296/javascript/atoms/test/child_locator_test.html
三月 23, 2014 4:13:52 下午 org.openqa.selenium.remote.RemoteWebDriver log
信息: Executing: maximizeWindow [null, maximizeWindow {windowHandle=current}]
三月 23, 2014 4:13:52 下午 org.openqa.selenium.remote.RemoteWebDriver log
信息: Executed: [null, maximizeWindow {windowHandle=current}]
三月 23, 2014 4:13:52 下午 org.openqa.selenium.remote.RemoteWebDriver log
信息: Executing: executeScript [null, executeScript {script=if (window && window.top) window.top.G_testRunner = null, args=[]}]
三月 23, 2014 4:13:52 下午 org.openqa.selenium.remote.RemoteWebDriver log
信息: Executed: [null, executeScript {script=if (window && window.top) window.top.G_testRunner = null, args=[]}]
三月 23, 2014 4:13:52 下午 org.openqa.selenium.remote.RemoteWebDriver log
信息: Executing: get [null, get {url=http://localhost:39296/javascript/atoms/test/child_locator_test.html}]
三月 23, 2014 4:13:52 下午 org.openqa.selenium.remote.RemoteWebDriver log
信息: Executed: [null, get {url=http://localhost:39296/javascript/atoms/test/child_locator_test.html}]
三月 23, 2014 4:13:52 下午 org.openqa.selenium.remote.RemoteWebDriver log
信息: Executing: executeScript [null, executeScript {script=var tr = window.top.G_testRunner;return !!tr && tr.isFinished();, args=[]}]
三月 23, 2014 4:13:52 下午 org.openqa.selenium.remote.RemoteWebDriver log
信息: Executed: [null, executeScript {script=var tr = window.top.G_testRunner;return !!tr && tr.isFinished();, args=[]}]
三月 23, 2014 4:13:53 下午 org.openqa.selenium.remote.RemoteWebDriver log
信息: Executing: executeScript [null, executeScript {script=var tr = window.top.G_testRunner;return !!tr && tr.isFinished();, args=[]}]
三月 23, 2014 4:13:53 下午 org.openqa.selenium.remote.RemoteWebDriver log
信息: Executed: [null, executeScript {script=var tr = window.top.G_testRunner;return !!tr && tr.isFinished();, args=[]}]
三月 23, 2014 4:13:53 下午 org.openqa.selenium.remote.RemoteWebDriver log
信息: Executing: executeScript [null, executeScript {script=var tr = window.top.G_testRunner;return !!tr && tr.isFinished();, args=[]}]
三月 23, 2014 4:13:53 下午 org.openqa.selenium.remote.RemoteWebDriver log
信息: Executed: [null, executeScript {script=var tr = window.top.G_testRunner;return !!tr && tr.isFinished();, args=[]}]
三月 23, 2014 4:13:53 下午 org.openqa.selenium.remote.RemoteWebDriver log
信息: Executing: executeScript [null, executeScript {script=var tr = window.top.G_testRunner;return !!tr && tr.isFinished();, args=[]}]
三月 23, 2014 4:13:53 下午 org.openqa.selenium.remote.RemoteWebDriver log
信息: Executed: [null, executeScript {script=var tr = window.top.G_testRunner;return !!tr && tr.isFinished();, args=[]}]
三月 23, 2014 4:13:53 下午 org.openqa.selenium.remote.RemoteWebDriver log
信息: Executing: executeScript [null, executeScript {script=var tr = window.top.G_testRunner;return !!tr && tr.isFinished();, args=[]}]
三月 23, 2014 4:13:53 下午 org.openqa.selenium.remote.RemoteWebDriver log
信息: Executed: [null, executeScript {script=var tr = window.top.G_testRunner;return !!tr && tr.isFinished();, args=[]}]
三月 23, 2014 4:13:53 下午 org.openqa.selenium.remote.RemoteWebDriver log
信息: Executing: executeScript [null, executeScript {script=var tr = window.top.G_testRunner;return !!tr && tr.isSuccess();, args=[]}]
三月 23, 2014 4:13:53 下午 org.openqa.selenium.remote.RemoteWebDriver log
信息: Executed: [null, executeScript {script=var tr = window.top.G_testRunner;return !!tr && tr.isSuccess();, args=[]}]
三月 23, 2014 4:13:53 下午 org.openqa.selenium.javascript.ClosureTestStatement evaluate
信息: Running: http://localhost:39296/javascript/atoms/test/click_link_test.html
三月 23, 2014 4:13:53 下午 org.openqa.selenium.remote.RemoteWebDriver log
信息: Executing: maximizeWindow [null, maximizeWindow {windowHandle=current}]
三月 23, 2014 4:13:53 下午 org.openqa.selenium.remote.RemoteWebDriver log
信息: Executed: [null, maximizeWindow {windowHandle=current}]
三月 23, 2014 4:13:53 下午 org.openqa.selenium.remote.RemoteWebDriver log
信息: Executing: executeScript [null, executeScript {script=if (window && window.top) window.top.G_testRunner = null, args=[]}]
三月 23, 2014 4:13:53 下午 org.openqa.selenium.remote.RemoteWebDriver log
信息: Executed: [null, executeScript {script=if (window && window.top) window.top.G_testRunner = null, args=[]}]
三月 23, 2014 4:13:53 下午 org.openqa.selenium.remote.RemoteWebDriver log
信息: Executing: get [null, get {url=http://localhost:39296/javascript/atoms/test/click_link_test.html}]
三月 23, 2014 4:13:53 下午 org.openqa.selenium.remote.RemoteWebDriver log
信息: Executed: [null, get {url=http://localhost:39296/javascript/atoms/test/click_link_test.html}]
三月 23, 2014 4:13:53 下午 org.openqa.selenium.remote.RemoteWebDriver log
信息: Executing: executeScript [null, executeScript {script=var tr = window.top.G_testRunner;return !!tr && tr.isFinished();, args=[]}]
三月 23, 2014 4:13:53 下午 org.openqa.selenium.remote.RemoteWebDriver log
信息: Executed: [null, executeScript {script=var tr = window.top.G_testRunner;return !!tr && tr.isFinished();, args=[]}]
三月 23, 2014 4:13:53 下午 org.openqa.selenium.remote.RemoteWebDriver log
信息: Executing: executeScript [null, executeScript {script=var tr = window.top.G_testRunner;return !!tr && tr.isFinished();, args=[]}]
三月 23, 2014 4:13:53 下午 org.openqa.selenium.remote.RemoteWebDriver log
信息: Executed: [null, executeScript {script=var tr = window.top.G_testRunner;return !!tr && tr.isFinished();, args=[]}]
三月 23, 2014 4:13:53 下午 org.openqa.selenium.remote.RemoteWebDriver log
信息: Executing: executeScript [null, executeScript {script=var tr = window.top.G_testRunner;return !!tr && tr.isFinished();, args=[]}]
三月 23, 2014 4:13:53 下午 org.openqa.selenium.remote.RemoteWebDriver log
信息: Executed: [null, executeScript {script=var tr = window.top.G_testRunner;return !!tr && tr.isFinished();, args=[]}]
三月 23, 2014 4:13:54 下午 org.openqa.selenium.remote.RemoteWebDriver log
信息: Executing: executeScript [null, executeScript {script=var tr = window.top.G_testRunner;return !!tr && tr.isFinished();, args=[]}]
三月 23, 2014 4:13:54 下午 org.openqa.selenium.remote.RemoteWebDriver log
信息: Executed: [null, executeScript {script=var tr = window.top.G_testRunner;return !!tr && tr.isFinished();, args=[]}]
三月 23, 2014 4:13:54 下午 org.openqa.selenium.remote.RemoteWebDriver log
信息: Executing: executeScript [null, executeScript {script=var tr = window.top.G_testRunner;return !!tr && tr.isFinished();, args=[]}]
三月 23, 2014 4:13:54 下午 org.openqa.selenium.remote.RemoteWebDriver log
信息: Executed: [null, executeScript {script=var tr = window.top.G_testRunner;return !!tr && tr.isFinished();, args=[]}]
三月 23, 2014 4:13:54 下午 org.openqa.selenium.remote.RemoteWebDriver log
信息: Executing: executeScript [null, executeScript {script=var tr = window.top.G_testRunner;return !!tr && tr.isFinished();, args=[]}]
三月 23, 2014 4:13:54 下午 org.openqa.selenium.remote.RemoteWebDriver log
信息: Executed: [null, executeScript {script=var tr = window.top.G_testRunner;return !!tr && tr.isFinished();, args=[]}]
三月 23, 2014 4:13:54 下午 org.openqa.selenium.remote.RemoteWebDriver log
信息: Executing: executeScript [null, executeScript {script=var tr = window.top.G_testRunner;return !!tr && tr.isFinished();, args=[]}]
三月 23, 2014 4:13:54 下午 org.openqa.selenium.remote.RemoteWebDriver log
信息: Executed: [null, executeScript {script=var tr = window.top.G_testRunner;return !!tr && tr.isFinished();, args=[]}]
三月 23, 2014 4:13:54 下午 org.openqa.selenium.remote.RemoteWebDriver log
信息: Executing: executeScript [null, executeScript {script=var tr = window.top.G_testRunner;return !!tr && tr.isFinished();, args=[]}]
三月 23, 2014 4:13:54 下午 org.openqa.selenium.remote.RemoteWebDriver log
信息: Executed: [null, executeScript {script=var tr = window.top.G_testRunner;return !!tr && tr.isFinished();, args=[]}]
三月 23, 2014 4:13:54 下午 org.openqa.selenium.remote.RemoteWebDriver log
信息: Executing: executeScript [null, executeScript {script=var tr = window.top.G_testRunner;return !!tr && tr.isFinished();, args=[]}]
三月 23, 2014 4:13:54 下午 org.openqa.selenium.remote.RemoteWebDriver log
信息: Executed: [null, executeScript {script=var tr = window.top.G_testRunner;return !!tr && tr.isFinished();, args=[]}]
三月 23, 2014 4:13:54 下午 org.openqa.selenium.remote.RemoteWebDriver log
信息: Executing: executeScript [null, executeScript {script=var tr = window.top.G_testRunner;return !!tr && tr.isFinished();, args=[]}]
三月 23, 2014 4:13:54 下午 org.openqa.selenium.remote.RemoteWebDriver log
信息: Executed: [null, executeScript {script=var tr = window.top.G_testRunner;return !!tr && tr.isFinished();, args=[]}]
三月 23, 2014 4:13:54 下午 org.openqa.selenium.remote.RemoteWebDriver log
信息: Executing: executeScript [null, executeScript {script=var tr = window.top.G_testRunner;return !!tr && tr.isFinished();, args=[]}]
三月 23, 2014 4:13:54 下午 org.openqa.selenium.remote.RemoteWebDriver log
信息: Executed: [null, executeScript {script=var tr = window.top.G_testRunner;return !!tr && tr.isFinished();, args=[]}]
三月 23, 2014 4:13:54 下午 org.openqa.selenium.remote.RemoteWebDriver log
信息: Executing: executeScript [null, executeScript {script=var tr = window.top.G_testRunner;return !!tr && tr.isFinished();, args=[]}]
三月 23, 2014 4:13:54 下午 org.openqa.selenium.remote.RemoteWebDriver log
信息: Executed: [null, executeScript {script=var tr = window.top.G_testRunner;return !!tr && tr.isFinished();, args=[]}]
三月 23, 2014 4:13:55 下午 org.openqa.selenium.remote.RemoteWebDriver log
信息: Executing: executeScript [null, executeScript {script=var tr = window.top.G_testRunner;return !!tr && tr.isFinished();, args=[]}]
三月 23, 2014 4:13:55 下午 org.openqa.selenium.remote.RemoteWebDriver log
信息: Executed: [null, executeScript {script=var tr = window.top.G_testRunner;return !!tr && tr.isFinished();, args=[]}]
三月 23, 2014 4:13:55 下午 org.openqa.selenium.remote.RemoteWebDriver log
信息: Executing: executeScript [null, executeScript {script=var tr = window.top.G_testRunner;return !!tr && tr.isFinished();, args=[]}]
三月 23, 2014 4:13:55 下午 org.openqa.selenium.remote.RemoteWebDriver log
信息: Executed: [null, executeScript {script=var tr = window.top.G_testRunner;return !!tr && tr.isFinished();, args=[]}]
三月 23, 2014 4:13:55 下午 org.openqa.selenium.remote.RemoteWebDriver log
信息: Executing: executeScript [null, executeScript {script=var tr = window.top.G_testRunner;return !!tr && tr.isFinished();, args=[]}]
三月 23, 2014 4:13:55 下午 org.openqa.selenium.remote.RemoteWebDriver log
信息: Executed: [null, executeScript {script=var tr = window.top.G_testRunner;return !!tr && tr.isFinished();, args=[]}]
三月 23, 2014 4:13:55 下午 org.openqa.selenium.remote.RemoteWebDriver log
信息: Executing: executeScript [null, executeScript {script=var tr = window.top.G_testRunner;return !!tr && tr.isSuccess();, args=[]}]
三月 23, 2014 4:13:55 下午 org.openqa.selenium.remote.RemoteWebDriver log
信息: Executed: [null, executeScript {script=var tr = window.top.G_testRunner;return !!tr && tr.isSuccess();, args=[]}]
三月 23, 2014 4:13:55 下午 org.openqa.selenium.javascript.ClosureTestStatement evaluate
信息: Running: http://localhost:39296/javascript/atoms/test/click_submit_test.html
三月 23, 2014 4:13:55 下午 org.openqa.selenium.remote.RemoteWebDriver log
信息: Executing: maximizeWindow [null, maximizeWindow {windowHandle=current}]
三月 23, 2014 4:13:55 下午 org.openqa.selenium.remote.RemoteWebDriver log
信息: Executed: [null, maximizeWindow {windowHandle=current}]
三月 23, 2014 4:13:55 下午 org.openqa.selenium.remote.RemoteWebDriver log
信息: Executing: executeScript [null, executeScript {script=if (window && window.top) window.top.G_testRunner = null, args=[]}]
三月 23, 2014 4:13:55 下午 org.openqa.selenium.remote.RemoteWebDriver log
信息: Executed: [null, executeScript {script=if (window && window.top) window.top.G_testRunner = null, args=[]}]
三月 23, 2014 4:13:55 下午 org.openqa.selenium.remote.RemoteWebDriver log
信息: Executing: get [null, get {url=http://localhost:39296/javascript/atoms/test/click_submit_test.html}]
三月 23, 2014 4:13:55 下午 org.openqa.selenium.remote.RemoteWebDriver log
信息: Executed: [null, get {url=http://localhost:39296/javascript/atoms/test/click_submit_test.html}]
三月 23, 2014 4:13:55 下午 org.openqa.selenium.remote.RemoteWebDriver log
信息: Executing: executeScript [null, executeScript {script=var tr = window.top.G_testRunner;return !!tr && tr.isFinished();, args=[]}]
三月 23, 2014 4:13:55 下午 org.openqa.selenium.remote.RemoteWebDriver log
信息: Executed: [null, executeScript {script=var tr = window.top.G_testRunner;return !!tr && tr.isFinished();, args=[]}]
三月 23, 2014 4:13:55 下午 org.openqa.selenium.remote.RemoteWebDriver log
信息: Executing: executeScript [null, executeScript {script=var tr = window.top.G_testRunner;return !!tr && tr.isFinished();, args=[]}]
三月 23, 2014 4:13:55 下午 org.openqa.selenium.remote.RemoteWebDriver log
信息: Executed: [null, executeScript {script=var tr = window.top.G_testRunner;return !!tr && tr.isFinished();, args=[]}]
三月 23, 2014 4:13:55 下午 org.openqa.selenium.remote.RemoteWebDriver log
信息: Executing: executeScript [null, executeScript {script=var tr = window.top.G_testRunner;return !!tr && tr.isFinished();, args=[]}]
三月 23, 2014 4:13:55 下午 org.openqa.selenium.remote.RemoteWebDriver log
信息: Executed: [null, executeScript {script=var tr = window.top.G_testRunner;return !!tr && tr.isFinished();, args=[]}]
三月 23, 2014 4:13:55 下午 org.openqa.selenium.remote.RemoteWebDriver log
信息: Executing: executeScript [null, executeScript {script=var tr = window.top.G_testRunner;return !!tr && tr.isFinished();, args=[]}]
三月 23, 2014 4:13:55 下午 org.openqa.selenium.remote.RemoteWebDriver log
信息: Executed: [null, executeScript {script=var tr = window.top.G_testRunner;return !!tr && tr.isFinished();, args=[]}]
三月 23, 2014 4:13:56 下午 org.openqa.selenium.remote.RemoteWebDriver log
信息: Executing: executeScript [null, executeScript {script=var tr = window.top.G_testRunner;return !!tr && tr.isFinished();, args=[]}]
三月 23, 2014 4:13:56 下午 org.openqa.selenium.remote.RemoteWebDriver log
信息: Executed: [null, executeScript {script=var tr = window.top.G_testRunner;return !!tr && tr.isFinished();, args=[]}]
三月 23, 2014 4:13:56 下午 org.openqa.selenium.remote.RemoteWebDriver log
信息: Executing: executeScript [null, executeScript {script=var tr = window.top.G_testRunner;return !!tr && tr.isFinished();, args=[]}]
三月 23, 2014 4:13:56 下午 org.openqa.selenium.remote.RemoteWebDriver log
信息: Executed: [null, executeScript {script=var tr = window.top.G_testRunner;return !!tr && tr.isFinished();, args=[]}]
三月 23, 2014 4:13:56 下午 org.openqa.selenium.remote.RemoteWebDriver log
信息: Executing: executeScript [null, executeScript {script=var tr = window.top.G_testRunner;return !!tr && tr.isFinished();, args=[]}]
三月 23, 2014 4:13:56 下午 org.openqa.selenium.remote.RemoteWebDriver log
信息: Executed: [null, executeScript {script=var tr = window.top.G_testRunner;return !!tr && tr.isFinished();, args=[]}]
三月 23, 2014 4:13:56 下午 org.openqa.selenium.remote.RemoteWebDriver log
信息: Executing: executeScript [null, executeScript {script=var tr = window.top.G_testRunner;return !!tr && tr.isSuccess();, args=[]}]
三月 23, 2014 4:13:56 下午 org.openqa.selenium.remote.RemoteWebDriver log
信息: Executed: [null, executeScript {script=var tr = window.top.G_testRunner;return !!tr && tr.isSuccess();, args=[]}]
三月 23, 2014 4:13:56 下午 org.openqa.selenium.javascript.ClosureTestStatement evaluate
信息: Running: http://localhost:39296/javascript/atoms/test/click_test.html
三月 23, 2014 4:13:56 下午 org.openqa.selenium.remote.RemoteWebDriver log
信息: Executing: maximizeWindow [null, maximizeWindow {windowHandle=current}]
三月 23, 2014 4:13:56 下午 org.openqa.selenium.remote.RemoteWebDriver log
信息: Executed: [null, maximizeWindow {windowHandle=current}]
三月 23, 2014 4:13:56 下午 org.openqa.selenium.remote.RemoteWebDriver log
信息: Executing: executeScript [null, executeScript {script=if (window && window.top) window.top.G_testRunner = null, args=[]}]
三月 23, 2014 4:13:56 下午 org.openqa.selenium.remote.RemoteWebDriver log
信息: Executed: [null, executeScript {script=if (window && window.top) window.top.G_testRunner = null, args=[]}]
三月 23, 2014 4:13:56 下午 org.openqa.selenium.remote.RemoteWebDriver log
信息: Executing: get [null, get {url=http://localhost:39296/javascript/atoms/test/click_test.html}]
三月 23, 2014 4:13:56 下午 org.openqa.selenium.remote.RemoteWebDriver log
信息: Executed: [null, get {url=http://localhost:39296/javascript/atoms/test/click_test.html}]
三月 23, 2014 4:13:56 下午 org.openqa.selenium.remote.RemoteWebDriver log
信息: Executing: executeScript [null, executeScript {script=var tr = window.top.G_testRunner;return !!tr && tr.isFinished();, args=[]}]
三月 23, 2014 4:13:56 下午 org.openqa.selenium.remote.RemoteWebDriver log
信息: Executed: [null, executeScript {script=var tr = window.top.G_testRunner;return !!tr && tr.isFinished();, args=[]}]
三月 23, 2014 4:13:56 下午 org.openqa.selenium.remote.RemoteWebDriver log
信息: Executing: executeScript [null, executeScript {script=var tr = window.top.G_testRunner;return !!tr && tr.isFinished();, args=[]}]
三月 23, 2014 4:13:56 下午 org.openqa.selenium.remote.RemoteWebDriver log
信息: Executed: [null, executeScript {script=var tr = window.top.G_testRunner;return !!tr && tr.isFinished();, args=[]}]
三月 23, 2014 4:13:56 下午 org.openqa.selenium.remote.RemoteWebDriver log
信息: Executing: executeScript [null, executeScript {script=var tr = window.top.G_testRunner;return !!tr && tr.isFinished();, args=[]}]
三月 23, 2014 4:13:56 下午 org.openqa.selenium.remote.RemoteWebDriver log
信息: Executed: [null, executeScript {script=var tr = window.top.G_testRunner;return !!tr && tr.isFinished();, args=[]}]
三月 23, 2014 4:13:56 下午 org.openqa.selenium.remote.RemoteWebDriver log
信息: Executing: executeScript [null, executeScript {script=var tr = window.top.G_testRunner;return !!tr && tr.isFinished();, args=[]}]
三月 23, 2014 4:13:56 下午 org.openqa.selenium.remote.RemoteWebDriver log
信息: Executed: [null, executeScript {script=var tr = window.top.G_testRunner;return !!tr && tr.isFinished();, args=[]}]
三月 23, 2014 4:13:56 下午 org.openqa.selenium.remote.RemoteWebDriver log
信息: Executing: executeScript [null, executeScript {script=var tr = window.top.G_testRunner;return !!tr && tr.isFinished();, args=[]}]
三月 23, 2014 4:13:57 下午 org.openqa.selenium.remote.RemoteWebDriver log
信息: Executed: [null, executeScript {script=var tr = window.top.G_testRunner;return !!tr && tr.isFinished();, args=[]}]
三月 23, 2014 4:13:57 下午 org.openqa.selenium.remote.RemoteWebDriver log
信息: Executing: executeScript [null, executeScript {script=var tr = window.top.G_testRunner;return !!tr && tr.isSuccess();, args=[]}]
三月 23, 2014 4:13:57 下午 org.openqa.selenium.remote.RemoteWebDriver log
信息: Executed: [null, executeScript {script=var tr = window.top.G_testRunner;return !!tr && tr.isSuccess();, args=[]}]
三月 23, 2014 4:13:57 下午 org.openqa.selenium.javascript.ClosureTestStatement evaluate
信息: Running: http://localhost:39296/javascript/atoms/test/clientrect_test.html
三月 23, 2014 4:13:57 下午 org.openqa.selenium.remote.RemoteWebDriver log
信息: Executing: maximizeWindow [null, maximizeWindow {windowHandle=current}]
三月 23, 2014 4:13:57 下午 org.openqa.selenium.remote.RemoteWebDriver log
信息: Executed: [null, maximizeWindow {windowHandle=current}]
三月 23, 2014 4:13:57 下午 org.openqa.selenium.remote.RemoteWebDriver log
信息: Executing: executeScript [null, executeScript {script=if (window && window.top) window.top.G_testRunner = null, args=[]}]
三月 23, 2014 4:13:57 下午 org.openqa.selenium.remote.RemoteWebDriver log
信息: Executed: [null, executeScript {script=if (window && window.top) window.top.G_testRunner = null, args=[]}]
三月 23, 2014 4:13:57 下午 org.openqa.selenium.remote.RemoteWebDriver log
信息: Executing: get [null, get {url=http://localhost:39296/javascript/atoms/test/clientrect_test.html}]
三月 23, 2014 4:13:57 下午 org.openqa.selenium.remote.RemoteWebDriver log
信息: Executed: [null, get {url=http://localhost:39296/javascript/atoms/test/clientrect_test.html}]
三月 23, 2014 4:13:57 下午 org.openqa.selenium.remote.RemoteWebDriver log
信息: Executing: executeScript [null, executeScript {script=var tr = window.top.G_testRunner;return !!tr && tr.isFinished();, args=[]}]
三月 23, 2014 4:13:57 下午 org.openqa.selenium.remote.RemoteWebDriver log
信息: Executed: [null, executeScript {script=var tr = window.top.G_testRunner;return !!tr && tr.isFinished();, args=[]}]
三月 23, 2014 4:13:57 下午 org.openqa.selenium.remote.RemoteWebDriver log
信息: Executing: executeScript [null, executeScript {script=var tr = window.top.G_testRunner;return !!tr && tr.isFinished();, args=[]}]
三月 23, 2014 4:13:57 下午 org.openqa.selenium.remote.RemoteWebDriver log
信息: Executed: [null, executeScript {script=var tr = window.top.G_testRunner;return !!tr && tr.isFinished();, args=[]}]
三月 23, 2014 4:13:57 下午 org.openqa.selenium.remote.RemoteWebDriver log
信息: Executing: executeScript [null, executeScript {script=var tr = window.top.G_testRunner;return !!tr && tr.isFinished();, args=[]}]
三月 23, 2014 4:13:57 下午 org.openqa.selenium.remote.RemoteWebDriver log
信息: Executed: [null, executeScript {script=var tr = window.top.G_testRunner;return !!tr && tr.isFinished();, args=[]}]
三月 23, 2014 4:13:57 下午 org.openqa.selenium.remote.RemoteWebDriver log
信息: Executing: executeScript [null, executeScript {script=var tr = window.top.G_testRunner;return !!tr && tr.isFinished();, args=[]}]
三月 23, 2014 4:13:57 下午 org.openqa.selenium.remote.RemoteWebDriver log
信息: Executed: [null, executeScript {script=var tr = window.top.G_testRunner;return !!tr && tr.isFinished();, args=[]}]
三月 23, 2014 4:13:57 下午 org.openqa.selenium.remote.RemoteWebDriver log
信息: Executing: executeScript [null, executeScript {script=var tr = window.top.G_testRunner;return !!tr && tr.isFinished();, args=[]}]
三月 23, 2014 4:13:57 下午 org.openqa.selenium.remote.RemoteWebDriver log
信息: Executed: [null, executeScript {script=var tr = window.top.G_testRunner;return !!tr && tr.isFinished();, args=[]}]
三月 23, 2014 4:13:57 下午 org.openqa.selenium.remote.RemoteWebDriver log
信息: Executing: executeScript [null, executeScript {script=var tr = window.top.G_testRunner;return !!tr && tr.isSuccess();, args=[]}]
三月 23, 2014 4:13:57 下午 org.openqa.selenium.remote.RemoteWebDriver log
信息: Executed: [null, executeScript {script=var tr = window.top.G_testRunner;return !!tr && tr.isSuccess();, args=[]}]
三月 23, 2014 4:13:57 下午 org.openqa.selenium.javascript.ClosureTestStatement evaluate
信息: Running: http://localhost:39296/javascript/atoms/test/color_test.html
三月 23, 2014 4:13:57 下午 org.openqa.selenium.remote.RemoteWebDriver log
信息: Executing: maximizeWindow [null, maximizeWindow {windowHandle=current}]
三月 23, 2014 4:13:57 下午 org.openqa.selenium.remote.RemoteWebDriver log
信息: Executed: [null, maximizeWindow {windowHandle=current}]
三月 23, 2014 4:13:57 下午 org.openqa.selenium.remote.RemoteWebDriver log
信息: Executing: executeScript [null, executeScript {script=if (window && window.top) window.top.G_testRunner = null, args=[]}]
三月 23, 2014 4:13:57 下午 org.openqa.selenium.remote.RemoteWebDriver log
信息: Executed: [null, executeScript {script=if (window && window.top) window.top.G_testRunner = null, args=[]}]
三月 23, 2014 4:13:57 下午 org.openqa.selenium.remote.RemoteWebDriver log
信息: Executing: get [null, get {url=http://localhost:39296/javascript/atoms/test/color_test.html}]
三月 23, 2014 4:13:57 下午 org.openqa.selenium.remote.RemoteWebDriver log
信息: Executed: [null, get {url=http://localhost:39296/javascript/atoms/test/color_test.html}]
三月 23, 2014 4:13:57 下午 org.openqa.selenium.remote.RemoteWebDriver log
信息: Executing: executeScript [null, executeScript {script=var tr = window.top.G_testRunner;return !!tr && tr.isFinished();, args=[]}]
三月 23, 2014 4:13:57 下午 org.openqa.selenium.remote.RemoteWebDriver log
信息: Executed: [null, executeScript {script=var tr = window.top.G_testRunner;return !!tr && tr.isFinished();, args=[]}]
三月 23, 2014 4:13:58 下午 org.openqa.selenium.remote.RemoteWebDriver log
信息: Executing: executeScript [null, executeScript {script=var tr = window.top.G_testRunner;return !!tr && tr.isFinished();, args=[]}]
三月 23, 2014 4:13:58 下午 org.openqa.selenium.remote.RemoteWebDriver log
信息: Executed: [null, executeScript {script=var tr = window.top.G_testRunner;return !!tr && tr.isFinished();, args=[]}]
三月 23, 2014 4:13:58 下午 org.openqa.selenium.remote.RemoteWebDriver log
信息: Executing: executeScript [null, executeScript {script=var tr = window.top.G_testRunner;return !!tr && tr.isFinished();, args=[]}]
三月 23, 2014 4:13:58 下午 org.openqa.selenium.remote.RemoteWebDriver log
信息: Executed: [null, executeScript {script=var tr = window.top.G_testRunner;return !!tr && tr.isFinished();, args=[]}]
三月 23, 2014 4:13:58 下午 org.openqa.selenium.remote.RemoteWebDriver log
信息: Executing: executeScript [null, executeScript {script=var tr = window.top.G_testRunner;return !!tr && tr.isFinished();, args=[]}]
三月 23, 2014 4:13:58 下午 org.openqa.selenium.remote.RemoteWebDriver log
信息: Executed: [null, executeScript {script=var tr = window.top.G_testRunner;return !!tr && tr.isFinished();, args=[]}]
三月 23, 2014 4:13:58 下午 org.openqa.selenium.remote.RemoteWebDriver log
信息: Executing: executeScript [null, executeScript {script=var tr = window.top.G_testRunner;return !!tr && tr.isFinished();, args=[]}]
三月 23, 2014 4:13:58 下午 org.openqa.selenium.remote.RemoteWebDriver log
信息: Executed: [null, executeScript {script=var tr = window.top.G_testRunner;return !!tr && tr.isFinished();, args=[]}]
三月 23, 2014 4:13:58 下午 org.openqa.selenium.remote.RemoteWebDriver log
信息: Executing: executeScript [null, executeScript {script=var tr = window.top.G_testRunner;return !!tr && tr.isSuccess();, args=[]}]
三月 23, 2014 4:13:58 下午 org.openqa.selenium.remote.RemoteWebDriver log
信息: Executed: [null, executeScript {script=var tr = window.top.G_testRunner;return !!tr && tr.isSuccess();, args=[]}]
三月 23, 2014 4:13:58 下午 org.openqa.selenium.javascript.ClosureTestStatement evaluate
信息: Running: http://localhost:39296/javascript/atoms/test/dom_test.html
三月 23, 2014 4:13:58 下午 org.openqa.selenium.remote.RemoteWebDriver log
信息: Executing: maximizeWindow [null, maximizeWindow {windowHandle=current}]
三月 23, 2014 4:13:58 下午 org.openqa.selenium.remote.RemoteWebDriver log
信息: Executed: [null, maximizeWindow {windowHandle=current}]
三月 23, 2014 4:13:58 下午 org.openqa.selenium.remote.RemoteWebDriver log
信息: Executing: executeScript [null, executeScript {script=if (window && window.top) window.top.G_testRunner = null, args=[]}]
三月 23, 2014 4:13:58 下午 org.openqa.selenium.remote.RemoteWebDriver log
信息: Executed: [null, executeScript {script=if (window && window.top) window.top.G_testRunner = null, args=[]}]
三月 23, 2014 4:13:58 下午 org.openqa.selenium.remote.RemoteWebDriver log
信息: Executing: get [null, get {url=http://localhost:39296/javascript/atoms/test/dom_test.html}]
三月 23, 2014 4:13:58 下午 org.openqa.selenium.remote.RemoteWebDriver log
信息: Executed: [null, get {url=http://localhost:39296/javascript/atoms/test/dom_test.html}]
三月 23, 2014 4:13:58 下午 org.openqa.selenium.remote.RemoteWebDriver log
信息: Executing: executeScript [null, executeScript {script=var tr = window.top.G_testRunner;return !!tr && tr.isFinished();, args=[]}]
三月 23, 2014 4:13:58 下午 org.openqa.selenium.remote.RemoteWebDriver log
信息: Executed: [null, executeScript {script=var tr = window.top.G_testRunner;return !!tr && tr.isFinished();, args=[]}]
三月 23, 2014 4:13:58 下午 org.openqa.selenium.remote.RemoteWebDriver log
信息: Executing: executeScript [null, executeScript {script=var tr = window.top.G_testRunner;return !!tr && tr.isFinished();, args=[]}]
三月 23, 2014 4:13:58 下午 org.openqa.selenium.remote.RemoteWebDriver log
信息: Executed: [null, executeScript {script=var tr = window.top.G_testRunner;return !!tr && tr.isFinished();, args=[]}]
三月 23, 2014 4:13:58 下午 org.openqa.selenium.remote.RemoteWebDriver log
信息: Executing: executeScript [null, executeScript {script=var tr = window.top.G_testRunner;return !!tr && tr.isFinished();, args=[]}]
三月 23, 2014 4:13:58 下午 org.openqa.selenium.remote.RemoteWebDriver log
信息: Executed: [null, executeScript {script=var tr = window.top.G_testRunner;return !!tr && tr.isFinished();, args=[]}]
三月 23, 2014 4:13:58 下午 org.openqa.selenium.remote.RemoteWebDriver log
信息: Executing: executeScript [null, executeScript {script=var tr = window.top.G_testRunner;return !!tr && tr.isFinished();, args=[]}]
三月 23, 2014 4:13:59 下午 org.openqa.selenium.remote.RemoteWebDriver log
信息: Executed: [null, executeScript {script=var tr = window.top.G_testRunner;return !!tr && tr.isFinished();, args=[]}]
三月 23, 2014 4:13:59 下午 org.openqa.selenium.remote.RemoteWebDriver log
信息: Executing: executeScript [null, executeScript {script=var tr = window.top.G_testRunner;return !!tr && tr.isFinished();, args=[]}]
三月 23, 2014 4:13:59 下午 org.openqa.selenium.remote.RemoteWebDriver log
信息: Executed: [null, executeScript {script=var tr = window.top.G_testRunner;return !!tr && tr.isFinished();, args=[]}]
三月 23, 2014 4:13:59 下午 org.openqa.selenium.remote.RemoteWebDriver log
信息: Executing: executeScript [null, executeScript {script=var tr = window.top.G_testRunner;return !!tr && tr.isSuccess();, args=[]}]
三月 23, 2014 4:13:59 下午 org.openqa.selenium.remote.RemoteWebDriver log
信息: Executed: [null, executeScript {script=var tr = window.top.G_testRunner;return !!tr && tr.isSuccess();, args=[]}]
三月 23, 2014 4:13:59 下午 org.openqa.selenium.javascript.ClosureTestStatement evaluate
信息: Running: http://localhost:39296/javascript/atoms/test/drag_test.html
三月 23, 2014 4:13:59 下午 org.openqa.selenium.remote.RemoteWebDriver log
信息: Executing: maximizeWindow [null, maximizeWindow {windowHandle=current}]
三月 23, 2014 4:13:59 下午 org.openqa.selenium.remote.RemoteWebDriver log
信息: Executed: [null, maximizeWindow {windowHandle=current}]
三月 23, 2014 4:13:59 下午 org.openqa.selenium.remote.RemoteWebDriver log
信息: Executing: executeScript [null, executeScript {script=if (window && window.top) window.top.G_testRunner = null, args=[]}]
三月 23, 2014 4:13:59 下午 org.openqa.selenium.remote.RemoteWebDriver log
信息: Executed: [null, executeScript {script=if (window && window.top) window.top.G_testRunner = null, args=[]}]
三月 23, 2014 4:13:59 下午 org.openqa.selenium.remote.RemoteWebDriver log
信息: Executing: get [null, get {url=http://localhost:39296/javascript/atoms/test/drag_test.html}]
三月 23, 2014 4:13:59 下午 org.openqa.selenium.remote.RemoteWebDriver log
信息: Executed: [null, get {url=http://localhost:39296/javascript/atoms/test/drag_test.html}]
三月 23, 2014 4:13:59 下午 org.openqa.selenium.remote.RemoteWebDriver log
信息: Executing: executeScript [null, executeScript {script=var tr = window.top.G_testRunner;return !!tr && tr.isFinished();, args=[]}]
三月 23, 2014 4:13:59 下午 org.openqa.selenium.remote.RemoteWebDriver log
信息: Executed: [null, executeScript {script=var tr = window.top.G_testRunner;return !!tr && tr.isFinished();, args=[]}]
三月 23, 2014 4:13:59 下午 org.openqa.selenium.remote.RemoteWebDriver log
信息: Executing: executeScript [null, executeScript {script=var tr = window.top.G_testRunner;return !!tr && tr.isFinished();, args=[]}]
三月 23, 2014 4:13:59 下午 org.openqa.selenium.remote.RemoteWebDriver log
信息: Executed: [null, executeScript {script=var tr = window.top.G_testRunner;return !!tr && tr.isFinished();, args=[]}]
三月 23, 2014 4:13:59 下午 org.openqa.selenium.remote.RemoteWebDriver log
信息: Executing: executeScript [null, executeScript {script=var tr = window.top.G_testRunner;return !!tr && tr.isFinished();, args=[]}]
三月 23, 2014 4:13:59 下午 org.openqa.selenium.remote.RemoteWebDriver log
信息: Executed: [null, executeScript {script=var tr = window.top.G_testRunner;return !!tr && tr.isFinished();, args=[]}]
三月 23, 2014 4:13:59 下午 org.openqa.selenium.remote.RemoteWebDriver log
信息: Executing: executeScript [null, executeScript {script=var tr = window.top.G_testRunner;return !!tr && tr.isFinished();, args=[]}]
三月 23, 2014 4:13:59 下午 org.openqa.selenium.remote.RemoteWebDriver log
信息: Executed: [null, executeScript {script=var tr = window.top.G_testRunner;return !!tr && tr.isFinished();, args=[]}]
三月 23, 2014 4:13:59 下午 org.openqa.selenium.remote.RemoteWebDriver log
信息: Executing: executeScript [null, executeScript {script=var tr = window.top.G_testRunner;return !!tr && tr.isFinished();, args=[]}]
三月 23, 2014 4:13:59 下午 org.openqa.selenium.remote.RemoteWebDriver log
信息: Executed: [null, executeScript {script=var tr = window.top.G_testRunner;return !!tr && tr.isFinished();, args=[]}]
三月 23, 2014 4:13:59 下午 org.openqa.selenium.remote.RemoteWebDriver log
信息: Executing: executeScript [null, executeScript {script=var tr = window.top.G_testRunner;return !!tr && tr.isSuccess();, args=[]}]
三月 23, 2014 4:13:59 下午 org.openqa.selenium.remote.RemoteWebDriver log
信息: Executed: [null, executeScript {script=var tr = window.top.G_testRunner;return !!tr && tr.isSuccess();, args=[]}]
三月 23, 2014 4:13:59 下午 org.openqa.selenium.javascript.ClosureTestStatement evaluate
信息: Running: http://localhost:39296/javascript/atoms/test/enabled_test.html
三月 23, 2014 4:13:59 下午 org.openqa.selenium.remote.RemoteWebDriver log
信息: Executing: maximizeWindow [null, maximizeWindow {windowHandle=current}]
三月 23, 2014 4:13:59 下午 org.openqa.selenium.remote.RemoteWebDriver log
信息: Executed: [null, maximizeWindow {windowHandle=current}]
三月 23, 2014 4:13:59 下午 org.openqa.selenium.remote.RemoteWebDriver log
信息: Executing: executeScript [null, executeScript {script=if (window && window.top) window.top.G_testRunner = null, args=[]}]
三月 23, 2014 4:13:59 下午 org.openqa.selenium.remote.RemoteWebDriver log
信息: Executed: [null, executeScript {script=if (window && window.top) window.top.G_testRunner = null, args=[]}]
三月 23, 2014 4:13:59 下午 org.openqa.selenium.remote.RemoteWebDriver log
信息: Executing: get [null, get {url=http://localhost:39296/javascript/atoms/test/enabled_test.html}]
三月 23, 2014 4:13:59 下午 org.openqa.selenium.remote.RemoteWebDriver log
信息: Executed: [null, get {url=http://localhost:39296/javascript/atoms/test/enabled_test.html}]
三月 23, 2014 4:13:59 下午 org.openqa.selenium.remote.RemoteWebDriver log
信息: Executing: executeScript [null, executeScript {script=var tr = window.top.G_testRunner;return !!tr && tr.isFinished();, args=[]}]
三月 23, 2014 4:14:00 下午 org.openqa.selenium.remote.RemoteWebDriver log
信息: Executed: [null, executeScript {script=var tr = window.top.G_testRunner;return !!tr && tr.isFinished();, args=[]}]
三月 23, 2014 4:14:00 下午 org.openqa.selenium.remote.RemoteWebDriver log
信息: Executing: executeScript [null, executeScript {script=var tr = window.top.G_testRunner;return !!tr && tr.isFinished();, args=[]}]
三月 23, 2014 4:14:00 下午 org.openqa.selenium.remote.RemoteWebDriver log
信息: Executed: [null, executeScript {script=var tr = window.top.G_testRunner;return !!tr && tr.isFinished();, args=[]}]
三月 23, 2014 4:14:00 下午 org.openqa.selenium.remote.RemoteWebDriver log
信息: Executing: executeScript [null, executeScript {script=var tr = window.top.G_testRunner;return !!tr && tr.isFinished();, args=[]}]
三月 23, 2014 4:14:00 下午 org.openqa.selenium.remote.RemoteWebDriver log
信息: Executed: [null, executeScript {script=var tr = window.top.G_testRunner;return !!tr && tr.isFinished();, args=[]}]
三月 23, 2014 4:14:00 下午 org.openqa.selenium.remote.RemoteWebDriver log
信息: Executing: executeScript [null, executeScript {script=var tr = window.top.G_testRunner;return !!tr && tr.isFinished();, args=[]}]
三月 23, 2014 4:14:00 下午 org.openqa.selenium.remote.RemoteWebDriver log
信息: Executed: [null, executeScript {script=var tr = window.top.G_testRunner;return !!tr && tr.isFinished();, args=[]}]
三月 23, 2014 4:14:00 下午 org.openqa.selenium.remote.RemoteWebDriver log
信息: Executing: executeScript [null, executeScript {script=var tr = window.top.G_testRunner;return !!tr && tr.isFinished();, args=[]}]
三月 23, 2014 4:14:00 下午 org.openqa.selenium.remote.RemoteWebDriver log
信息: Executed: [null, executeScript {script=var tr = window.top.G_testRunner;return !!tr && tr.isFinished();, args=[]}]
三月 23, 2014 4:14:00 下午 org.openqa.selenium.remote.RemoteWebDriver log
信息: Executing: executeScript [null, executeScript {script=var tr = window.top.G_testRunner;return !!tr && tr.isSuccess();, args=[]}]
三月 23, 2014 4:14:00 下午 org.openqa.selenium.remote.RemoteWebDriver log
信息: Executed: [null, executeScript {script=var tr = window.top.G_testRunner;return !!tr && tr.isSuccess();, args=[]}]
三月 23, 2014 4:14:00 下午 org.openqa.selenium.javascript.ClosureTestStatement evaluate
信息: Running: http://localhost:39296/javascript/atoms/test/enter_submit_test.html
三月 23, 2014 4:14:00 下午 org.openqa.selenium.remote.RemoteWebDriver log
信息: Executing: maximizeWindow [null, maximizeWindow {windowHandle=current}]
三月 23, 2014 4:14:00 下午 org.openqa.selenium.remote.RemoteWebDriver log
信息: Executed: [null, maximizeWindow {windowHandle=current}]
三月 23, 2014 4:14:00 下午 org.openqa.selenium.remote.RemoteWebDriver log
信息: Executing: executeScript [null, executeScript {script=if (window && window.top) window.top.G_testRunner = null, args=[]}]
三月 23, 2014 4:14:00 下午 org.openqa.selenium.remote.RemoteWebDriver log
信息: Executed: [null, executeScript {script=if (window && window.top) window.top.G_testRunner = null, args=[]}]
三月 23, 2014 4:14:00 下午 org.openqa.selenium.remote.RemoteWebDriver log
信息: Executing: get [null, get {url=http://localhost:39296/javascript/atoms/test/enter_submit_test.html}]
三月 23, 2014 4:14:00 下午 org.openqa.selenium.remote.RemoteWebDriver log
信息: Executed: [null, get {url=http://localhost:39296/javascript/atoms/test/enter_submit_test.html}]
三月 23, 2014 4:14:00 下午 org.openqa.selenium.remote.RemoteWebDriver log
信息: Executing: executeScript [null, executeScript {script=var tr = window.top.G_testRunner;return !!tr && tr.isFinished();, args=[]}]
三月 23, 2014 4:14:00 下午 org.openqa.selenium.remote.RemoteWebDriver log
信息: Executed: [null, executeScript {script=var tr = window.top.G_testRunner;return !!tr && tr.isFinished();, args=[]}]
三月 23, 2014 4:14:00 下午 org.openqa.selenium.remote.RemoteWebDriver log
信息: Executing: executeScript [null, executeScript {script=var tr = window.top.G_testRunner;return !!tr && tr.isFinished();, args=[]}]
三月 23, 2014 4:14:00 下午 org.openqa.selenium.remote.RemoteWebDriver log
信息: Executed: [null, executeScript {script=var tr = window.top.G_testRunner;return !!tr && tr.isFinished();, args=[]}]
三月 23, 2014 4:14:00 下午 org.openqa.selenium.remote.RemoteWebDriver log
信息: Executing: executeScript [null, executeScript {script=var tr = window.top.G_testRunner;return !!tr && tr.isFinished();, args=[]}]
三月 23, 2014 4:14:00 下午 org.openqa.selenium.remote.RemoteWebDriver log
信息: Executed: [null, executeScript {script=var tr = window.top.G_testRunner;return !!tr && tr.isFinished();, args=[]}]
三月 23, 2014 4:14:01 下午 org.openqa.selenium.remote.RemoteWebDriver log
信息: Executing: executeScript [null, executeScript {script=var tr = window.top.G_testRunner;return !!tr && tr.isFinished();, args=[]}]
三月 23, 2014 4:14:01 下午 org.openqa.selenium.remote.RemoteWebDriver log
信息: Executed: [null, executeScript {script=var tr = window.top.G_testRunner;return !!tr && tr.isFinished();, args=[]}]
三月 23, 2014 4:14:01 下午 org.openqa.selenium.remote.RemoteWebDriver log
信息: Executing: executeScript [null, executeScript {script=var tr = window.top.G_testRunner;return !!tr && tr.isFinished();, args=[]}]
三月 23, 2014 4:14:01 下午 org.openqa.selenium.remote.RemoteWebDriver log
信息: Executed: [null, executeScript {script=var tr = window.top.G_testRunner;return !!tr && tr.isFinished();, args=[]}]
三月 23, 2014 4:14:01 下午 org.openqa.selenium.remote.RemoteWebDriver log
信息: Executing: executeScript [null, executeScript {script=var tr = window.top.G_testRunner;return !!tr && tr.isSuccess();, args=[]}]
三月 23, 2014 4:14:01 下午 org.openqa.selenium.remote.RemoteWebDriver log
信息: Executed: [null, executeScript {script=var tr = window.top.G_testRunner;return !!tr && tr.isSuccess();, args=[]}]
三月 23, 2014 4:14:01 下午 org.openqa.selenium.javascript.ClosureTestStatement evaluate
信息: Running: http://localhost:39296/javascript/atoms/test/error_test.html
三月 23, 2014 4:14:01 下午 org.openqa.selenium.remote.RemoteWebDriver log
信息: Executing: maximizeWindow [null, maximizeWindow {windowHandle=current}]
三月 23, 2014 4:14:01 下午 org.openqa.selenium.remote.RemoteWebDriver log
信息: Executed: [null, maximizeWindow {windowHandle=current}]
三月 23, 2014 4:14:01 下午 org.openqa.selenium.remote.RemoteWebDriver log
信息: Executing: executeScript [null, executeScript {script=if (window && window.top) window.top.G_testRunner = null, args=[]}]
三月 23, 2014 4:14:01 下午 org.openqa.selenium.remote.RemoteWebDriver log
信息: Executed: [null, executeScript {script=if (window && window.top) window.top.G_testRunner = null, args=[]}]
三月 23, 2014 4:14:01 下午 org.openqa.selenium.remote.RemoteWebDriver log
信息: Executing: get [null, get {url=http://localhost:39296/javascript/atoms/test/error_test.html}]
三月 23, 2014 4:14:01 下午 org.openqa.selenium.remote.RemoteWebDriver log
信息: Executed: [null, get {url=http://localhost:39296/javascript/atoms/test/error_test.html}]
三月 23, 2014 4:14:01 下午 org.openqa.selenium.remote.RemoteWebDriver log
信息: Executing: executeScript [null, executeScript {script=var tr = window.top.G_testRunner;return !!tr && tr.isFinished();, args=[]}]
三月 23, 2014 4:14:01 下午 org.openqa.selenium.remote.RemoteWebDriver log
信息: Executed: [null, executeScript {script=var tr = window.top.G_testRunner;return !!tr && tr.isFinished();, args=[]}]
三月 23, 2014 4:14:01 下午 org.openqa.selenium.remote.RemoteWebDriver log
信息: Executing: executeScript [null, executeScript {script=var tr = window.top.G_testRunner;return !!tr && tr.isFinished();, args=[]}]
三月 23, 2014 4:14:01 下午 org.openqa.selenium.remote.RemoteWebDriver log
信息: Executed: [null, executeScript {script=var tr = window.top.G_testRunner;return !!tr && tr.isFinished();, args=[]}]
三月 23, 2014 4:14:01 下午 org.openqa.selenium.remote.RemoteWebDriver log
信息: Executing: executeScript [null, executeScript {script=var tr = window.top.G_testRunner;return !!tr && tr.isFinished();, args=[]}]
三月 23, 2014 4:14:01 下午 org.openqa.selenium.remote.RemoteWebDriver log
信息: Executed: [null, executeScript {script=var tr = window.top.G_testRunner;return !!tr && tr.isFinished();, args=[]}]
三月 23, 2014 4:14:01 下午 org.openqa.selenium.remote.RemoteWebDriver log
信息: Executing: executeScript [null, executeScript {script=var tr = window.top.G_testRunner;return !!tr && tr.isFinished();, args=[]}]
三月 23, 2014 4:14:01 下午 org.openqa.selenium.remote.RemoteWebDriver log
信息: Executed: [null, executeScript {script=var tr = window.top.G_testRunner;return !!tr && tr.isFinished();, args=[]}]
三月 23, 2014 4:14:01 下午 org.openqa.selenium.remote.RemoteWebDriver log
信息: Executing: executeScript [null, executeScript {script=var tr = window.top.G_testRunner;return !!tr && tr.isFinished();, args=[]}]
三月 23, 2014 4:14:01 下午 org.openqa.selenium.remote.RemoteWebDriver log
信息: Executed: [null, executeScript {script=var tr = window.top.G_testRunner;return !!tr && tr.isFinished();, args=[]}]
三月 23, 2014 4:14:01 下午 org.openqa.selenium.remote.RemoteWebDriver log
信息: Executing: executeScript [null, executeScript {script=var tr = window.top.G_testRunner;return !!tr && tr.isSuccess();, args=[]}]
三月 23, 2014 4:14:01 下午 org.openqa.selenium.remote.RemoteWebDriver log
信息: Executed: [null, executeScript {script=var tr = window.top.G_testRunner;return !!tr && tr.isSuccess();, args=[]}]
三月 23, 2014 4:14:01 下午 org.openqa.selenium.javascript.ClosureTestStatement evaluate
信息: Running: http://localhost:39296/javascript/atoms/test/events_test.html
三月 23, 2014 4:14:01 下午 org.openqa.selenium.remote.RemoteWebDriver log
信息: Executing: maximizeWindow [null, maximizeWindow {windowHandle=current}]
三月 23, 2014 4:14:01 下午 org.openqa.selenium.remote.RemoteWebDriver log
信息: Executed: [null, maximizeWindow {windowHandle=current}]
三月 23, 2014 4:14:01 下午 org.openqa.selenium.remote.RemoteWebDriver log
信息: Executing: executeScript [null, executeScript {script=if (window && window.top) window.top.G_testRunner = null, args=[]}]
三月 23, 2014 4:14:01 下午 org.openqa.selenium.remote.RemoteWebDriver log
信息: Executed: [null, executeScript {script=if (window && window.top) window.top.G_testRunner = null, args=[]}]
三月 23, 2014 4:14:01 下午 org.openqa.selenium.remote.RemoteWebDriver log
信息: Executing: get [null, get {url=http://localhost:39296/javascript/atoms/test/events_test.html}]
三月 23, 2014 4:14:01 下午 org.openqa.selenium.remote.RemoteWebDriver log
信息: Executed: [null, get {url=http://localhost:39296/javascript/atoms/test/events_test.html}]
三月 23, 2014 4:14:01 下午 org.openqa.selenium.remote.RemoteWebDriver log
信息: Executing: executeScript [null, executeScript {script=var tr = window.top.G_testRunner;return !!tr && tr.isFinished();, args=[]}]
三月 23, 2014 4:14:02 下午 org.openqa.selenium.remote.RemoteWebDriver log
信息: Executed: [null, executeScript {script=var tr = window.top.G_testRunner;return !!tr && tr.isFinished();, args=[]}]
三月 23, 2014 4:14:02 下午 org.openqa.selenium.remote.RemoteWebDriver log
信息: Executing: executeScript [null, executeScript {script=var tr = window.top.G_testRunner;return !!tr && tr.isFinished();, args=[]}]
三月 23, 2014 4:14:02 下午 org.openqa.selenium.remote.RemoteWebDriver log
信息: Executed: [null, executeScript {script=var tr = window.top.G_testRunner;return !!tr && tr.isFinished();, args=[]}]
三月 23, 2014 4:14:02 下午 org.openqa.selenium.remote.RemoteWebDriver log
信息: Executing: executeScript [null, executeScript {script=var tr = window.top.G_testRunner;return !!tr && tr.isFinished();, args=[]}]
三月 23, 2014 4:14:02 下午 org.openqa.selenium.remote.RemoteWebDriver log
信息: Executed: [null, executeScript {script=var tr = window.top.G_testRunner;return !!tr && tr.isFinished();, args=[]}]
三月 23, 2014 4:14:02 下午 org.openqa.selenium.remote.RemoteWebDriver log
信息: Executing: executeScript [null, executeScript {script=var tr = window.top.G_testRunner;return !!tr && tr.isFinished();, args=[]}]
三月 23, 2014 4:14:02 下午 org.openqa.selenium.remote.RemoteWebDriver log
信息: Executed: [null, executeScript {script=var tr = window.top.G_testRunner;return !!tr && tr.isFinished();, args=[]}]
三月 23, 2014 4:14:02 下午 org.openqa.selenium.remote.RemoteWebDriver log
信息: Executing: executeScript [null, executeScript {script=var tr = window.top.G_testRunner;return !!tr && tr.isFinished();, args=[]}]
三月 23, 2014 4:14:02 下午 org.openqa.selenium.remote.RemoteWebDriver log
信息: Executed: [null, executeScript {script=var tr = window.top.G_testRunner;return !!tr && tr.isFinished();, args=[]}]
三月 23, 2014 4:14:02 下午 org.openqa.selenium.remote.RemoteWebDriver log
信息: Executing: executeScript [null, executeScript {script=var tr = window.top.G_testRunner;return !!tr && tr.isSuccess();, args=[]}]
三月 23, 2014 4:14:02 下午 org.openqa.selenium.remote.RemoteWebDriver log
信息: Executed: [null, executeScript {script=var tr = window.top.G_testRunner;return !!tr && tr.isSuccess();, args=[]}]
三月 23, 2014 4:14:02 下午 org.openqa.selenium.javascript.ClosureTestStatement evaluate
信息: Running: http://localhost:39296/javascript/atoms/test/focus_test.html
三月 23, 2014 4:14:02 下午 org.openqa.selenium.remote.RemoteWebDriver log
信息: Executing: maximizeWindow [null, maximizeWindow {windowHandle=current}]
三月 23, 2014 4:14:02 下午 org.openqa.selenium.remote.RemoteWebDriver log
信息: Executed: [null, maximizeWindow {windowHandle=current}]
三月 23, 2014 4:14:02 下午 org.openqa.selenium.remote.RemoteWebDriver log
信息: Executing: executeScript [null, executeScript {script=if (window && window.top) window.top.G_testRunner = null, args=[]}]
三月 23, 2014 4:14:02 下午 org.openqa.selenium.remote.RemoteWebDriver log
信息: Executed: [null, executeScript {script=if (window && window.top) window.top.G_testRunner = null, args=[]}]
三月 23, 2014 4:14:02 下午 org.openqa.selenium.remote.RemoteWebDriver log
信息: Executing: get [null, get {url=http://localhost:39296/javascript/atoms/test/focus_test.html}]
三月 23, 2014 4:14:02 下午 org.openqa.selenium.remote.RemoteWebDriver log
信息: Executed: [null, get {url=http://localhost:39296/javascript/atoms/test/focus_test.html}]
三月 23, 2014 4:14:02 下午 org.openqa.selenium.remote.RemoteWebDriver log
信息: Executing: executeScript [null, executeScript {script=var tr = window.top.G_testRunner;return !!tr && tr.isFinished();, args=[]}]
三月 23, 2014 4:14:02 下午 org.openqa.selenium.remote.RemoteWebDriver log
信息: Executed: [null, executeScript {script=var tr = window.top.G_testRunner;return !!tr && tr.isFinished();, args=[]}]
三月 23, 2014 4:14:02 下午 org.openqa.selenium.remote.RemoteWebDriver log
信息: Executing: executeScript [null, executeScript {script=var tr = window.top.G_testRunner;return !!tr && tr.isFinished();, args=[]}]
三月 23, 2014 4:14:02 下午 org.openqa.selenium.remote.RemoteWebDriver log
信息: Executed: [null, executeScript {script=var tr = window.top.G_testRunner;return !!tr && tr.isFinished();, args=[]}]
三月 23, 2014 4:14:02 下午 org.openqa.selenium.remote.RemoteWebDriver log
信息: Executing: executeScript [null, executeScript {script=var tr = window.top.G_testRunner;return !!tr && tr.isFinished();, args=[]}]
三月 23, 2014 4:14:02 下午 org.openqa.selenium.remote.RemoteWebDriver log
信息: Executed: [null, executeScript {script=var tr = window.top.G_testRunner;return !!tr && tr.isFinished();, args=[]}]
三月 23, 2014 4:14:03 下午 org.openqa.selenium.remote.RemoteWebDriver log
信息: Executing: executeScript [null, executeScript {script=var tr = window.top.G_testRunner;return !!tr && tr.isFinished();, args=[]}]
三月 23, 2014 4:14:03 下午 org.openqa.selenium.remote.RemoteWebDriver log
信息: Executed: [null, executeScript {script=var tr = window.top.G_testRunner;return !!tr && tr.isFinished();, args=[]}]
三月 23, 2014 4:14:03 下午 org.openqa.selenium.remote.RemoteWebDriver log
信息: Executing: executeScript [null, executeScript {script=var tr = window.top.G_testRunner;return !!tr && tr.isFinished();, args=[]}]
三月 23, 2014 4:14:03 下午 org.openqa.selenium.remote.RemoteWebDriver log
信息: Executed: [null, executeScript {script=var tr = window.top.G_testRunner;return !!tr && tr.isFinished();, args=[]}]
三月 23, 2014 4:14:03 下午 org.openqa.selenium.remote.RemoteWebDriver log
信息: Executing: executeScript [null, executeScript {script=var tr = window.top.G_testRunner;return !!tr && tr.isFinished();, args=[]}]
三月 23, 2014 4:14:03 下午 org.openqa.selenium.remote.RemoteWebDriver log
信息: Executed: [null, executeScript {script=var tr = window.top.G_testRunner;return !!tr && tr.isFinished();, args=[]}]
三月 23, 2014 4:14:03 下午 org.openqa.selenium.remote.RemoteWebDriver log
信息: Executing: executeScript [null, executeScript {script=var tr = window.top.G_testRunner;return !!tr && tr.isSuccess();, args=[]}]
三月 23, 2014 4:14:03 下午 org.openqa.selenium.remote.RemoteWebDriver log
信息: Executed: [null, executeScript {script=var tr = window.top.G_testRunner;return !!tr && tr.isSuccess();, args=[]}]
三月 23, 2014 4:14:03 下午 org.openqa.selenium.javascript.ClosureTestStatement evaluate
信息: Running: http://localhost:39296/javascript/atoms/test/frame_scroll_test.html
三月 23, 2014 4:14:03 下午 org.openqa.selenium.remote.RemoteWebDriver log
信息: Executing: maximizeWindow [null, maximizeWindow {windowHandle=current}]
三月 23, 2014 4:14:03 下午 org.openqa.selenium.remote.RemoteWebDriver log
信息: Executed: [null, maximizeWindow {windowHandle=current}]
三月 23, 2014 4:14:03 下午 org.openqa.selenium.remote.RemoteWebDriver log
信息: Executing: executeScript [null, executeScript {script=if (window && window.top) window.top.G_testRunner = null, args=[]}]
三月 23, 2014 4:14:03 下午 org.openqa.selenium.remote.RemoteWebDriver log
信息: Executed: [null, executeScript {script=if (window && window.top) window.top.G_testRunner = null, args=[]}]
三月 23, 2014 4:14:03 下午 org.openqa.selenium.remote.RemoteWebDriver log
信息: Executing: get [null, get {url=http://localhost:39296/javascript/atoms/test/frame_scroll_test.html}]
三月 23, 2014 4:14:03 下午 org.openqa.selenium.remote.RemoteWebDriver log
信息: Executed: [null, get {url=http://localhost:39296/javascript/atoms/test/frame_scroll_test.html}]
三月 23, 2014 4:14:03 下午 org.openqa.selenium.remote.RemoteWebDriver log
信息: Executing: executeScript [null, executeScript {script=var tr = window.top.G_testRunner;return !!tr && tr.isFinished();, args=[]}]
三月 23, 2014 4:14:03 下午 org.openqa.selenium.remote.RemoteWebDriver log
信息: Executed: [null, executeScript {script=var tr = window.top.G_testRunner;return !!tr && tr.isFinished();, args=[]}]
三月 23, 2014 4:14:03 下午 org.openqa.selenium.remote.RemoteWebDriver log
信息: Executing: executeScript [null, executeScript {script=var tr = window.top.G_testRunner;return !!tr && tr.isFinished();, args=[]}]
三月 23, 2014 4:14:03 下午 org.openqa.selenium.remote.RemoteWebDriver log
信息: Executed: [null, executeScript {script=var tr = window.top.G_testRunner;return !!tr && tr.isFinished();, args=[]}]
三月 23, 2014 4:14:03 下午 org.openqa.selenium.remote.RemoteWebDriver log
信息: Executing: executeScript [null, executeScript {script=var tr = window.top.G_testRunner;return !!tr && tr.isFinished();, args=[]}]
三月 23, 2014 4:14:03 下午 org.openqa.selenium.remote.RemoteWebDriver log
信息: Executed: [null, executeScript {script=var tr = window.top.G_testRunner;return !!tr && tr.isFinished();, args=[]}]
三月 23, 2014 4:14:03 下午 org.openqa.selenium.remote.RemoteWebDriver log
信息: Executing: executeScript [null, executeScript {script=var tr = window.top.G_testRunner;return !!tr && tr.isFinished();, args=[]}]
三月 23, 2014 4:14:03 下午 org.openqa.selenium.remote.RemoteWebDriver log
信息: Executed: [null, executeScript {script=var tr = window.top.G_testRunner;return !!tr && tr.isFinished();, args=[]}]
三月 23, 2014 4:14:04 下午 org.openqa.selenium.remote.RemoteWebDriver log
信息: Executing: executeScript [null, executeScript {script=var tr = window.top.G_testRunner;return !!tr && tr.isFinished();, args=[]}]
三月 23, 2014 4:14:04 下午 org.openqa.selenium.remote.RemoteWebDriver log
信息: Executed: [null, executeScript {script=var tr = window.top.G_testRunner;return !!tr && tr.isFinished();, args=[]}]
三月 23, 2014 4:14:04 下午 org.openqa.selenium.remote.RemoteWebDriver log
信息: Executing: executeScript [null, executeScript {script=var tr = window.top.G_testRunner;return !!tr && tr.isSuccess();, args=[]}]
三月 23, 2014 4:14:04 下午 org.openqa.selenium.remote.RemoteWebDriver log
信息: Executed: [null, executeScript {script=var tr = window.top.G_testRunner;return !!tr && tr.isSuccess();, args=[]}]
三月 23, 2014 4:14:04 下午 org.openqa.selenium.javascript.ClosureTestStatement evaluate
信息: Running: http://localhost:39296/javascript/atoms/test/frame_size_test.html
三月 23, 2014 4:14:04 下午 org.openqa.selenium.remote.RemoteWebDriver log
信息: Executing: maximizeWindow [null, maximizeWindow {windowHandle=current}]
三月 23, 2014 4:14:04 下午 org.openqa.selenium.remote.RemoteWebDriver log
信息: Executed: [null, maximizeWindow {windowHandle=current}]
三月 23, 2014 4:14:04 下午 org.openqa.selenium.remote.RemoteWebDriver log
信息: Executing: executeScript [null, executeScript {script=if (window && window.top) window.top.G_testRunner = null, args=[]}]
三月 23, 2014 4:14:04 下午 org.openqa.selenium.remote.RemoteWebDriver log
信息: Executed: [null, executeScript {script=if (window && window.top) window.top.G_testRunner = null, args=[]}]
三月 23, 2014 4:14:04 下午 org.openqa.selenium.remote.RemoteWebDriver log
信息: Executing: get [null, get {url=http://localhost:39296/javascript/atoms/test/frame_size_test.html}]
三月 23, 2014 4:14:04 下午 org.openqa.selenium.remote.RemoteWebDriver log
信息: Executed: [null, get {url=http://localhost:39296/javascript/atoms/test/frame_size_test.html}]
三月 23, 2014 4:14:04 下午 org.openqa.selenium.remote.RemoteWebDriver log
信息: Executing: executeScript [null, executeScript {script=var tr = window.top.G_testRunner;return !!tr && tr.isFinished();, args=[]}]
三月 23, 2014 4:14:04 下午 org.openqa.selenium.remote.RemoteWebDriver log
信息: Executed: [null, executeScript {script=var tr = window.top.G_testRunner;return !!tr && tr.isFinished();, args=[]}]
三月 23, 2014 4:14:04 下午 org.openqa.selenium.remote.RemoteWebDriver log
信息: Executing: executeScript [null, executeScript {script=var tr = window.top.G_testRunner;return !!tr && tr.isFinished();, args=[]}]
三月 23, 2014 4:14:04 下午 org.openqa.selenium.remote.RemoteWebDriver log
信息: Executed: [null, executeScript {script=var tr = window.top.G_testRunner;return !!tr && tr.isFinished();, args=[]}]
三月 23, 2014 4:14:04 下午 org.openqa.selenium.remote.RemoteWebDriver log
信息: Executing: executeScript [null, executeScript {script=var tr = window.top.G_testRunner;return !!tr && tr.isFinished();, args=[]}]
三月 23, 2014 4:14:04 下午 org.openqa.selenium.remote.RemoteWebDriver log
信息: Executed: [null, executeScript {script=var tr = window.top.G_testRunner;return !!tr && tr.isFinished();, args=[]}]
三月 23, 2014 4:14:04 下午 org.openqa.selenium.remote.RemoteWebDriver log
信息: Executing: executeScript [null, executeScript {script=var tr = window.top.G_testRunner;return !!tr && tr.isFinished();, args=[]}]
三月 23, 2014 4:14:04 下午 org.openqa.selenium.remote.RemoteWebDriver log
信息: Executed: [null, executeScript {script=var tr = window.top.G_testRunner;return !!tr && tr.isFinished();, args=[]}]
三月 23, 2014 4:14:04 下午 org.openqa.selenium.remote.RemoteWebDriver log
信息: Executing: executeScript [null, executeScript {script=var tr = window.top.G_testRunner;return !!tr && tr.isFinished();, args=[]}]
三月 23, 2014 4:14:04 下午 org.openqa.selenium.remote.RemoteWebDriver log
信息: Executed: [null, executeScript {script=var tr = window.top.G_testRunner;return !!tr && tr.isFinished();, args=[]}]
三月 23, 2014 4:14:04 下午 org.openqa.selenium.remote.RemoteWebDriver log
信息: Executing: executeScript [null, executeScript {script=var tr = window.top.G_testRunner;return !!tr && tr.isSuccess();, args=[]}]
三月 23, 2014 4:14:04 下午 org.openqa.selenium.remote.RemoteWebDriver log
信息: Executed: [null, executeScript {script=var tr = window.top.G_testRunner;return !!tr && tr.isSuccess();, args=[]}]
三月 23, 2014 4:14:04 下午 org.openqa.selenium.javascript.ClosureTestStatement evaluate
信息: Running: http://localhost:39296/javascript/atoms/test/frame_test.html
三月 23, 2014 4:14:04 下午 org.openqa.selenium.remote.RemoteWebDriver log
信息: Executing: maximizeWindow [null, maximizeWindow {windowHandle=current}]
三月 23, 2014 4:14:04 下午 org.openqa.selenium.remote.RemoteWebDriver log
信息: Executed: [null, maximizeWindow {windowHandle=current}]
三月 23, 2014 4:14:04 下午 org.openqa.selenium.remote.RemoteWebDriver log
信息: Executing: executeScript [null, executeScript {script=if (window && window.top) window.top.G_testRunner = null, args=[]}]
三月 23, 2014 4:14:04 下午 org.openqa.selenium.remote.RemoteWebDriver log
信息: Executed: [null, executeScript {script=if (window && window.top) window.top.G_testRunner = null, args=[]}]
三月 23, 2014 4:14:04 下午 org.openqa.selenium.remote.RemoteWebDriver log
信息: Executing: get [null, get {url=http://localhost:39296/javascript/atoms/test/frame_test.html}]
三月 23, 2014 4:14:04 下午 org.openqa.selenium.remote.RemoteWebDriver log
信息: Executed: [null, get {url=http://localhost:39296/javascript/atoms/test/frame_test.html}]
三月 23, 2014 4:14:04 下午 org.openqa.selenium.remote.RemoteWebDriver log
信息: Executing: executeScript [null, executeScript {script=var tr = window.top.G_testRunner;return !!tr && tr.isFinished();, args=[]}]
三月 23, 2014 4:14:04 下午 org.openqa.selenium.remote.RemoteWebDriver log
信息: Executed: [null, executeScript {script=var tr = window.top.G_testRunner;return !!tr && tr.isFinished();, args=[]}]
三月 23, 2014 4:14:05 下午 org.openqa.selenium.remote.RemoteWebDriver log
信息: Executing: executeScript [null, executeScript {script=var tr = window.top.G_testRunner;return !!tr && tr.isFinished();, args=[]}]
三月 23, 2014 4:14:05 下午 org.openqa.selenium.remote.RemoteWebDriver log
信息: Executed: [null, executeScript {script=var tr = window.top.G_testRunner;return !!tr && tr.isFinished();, args=[]}]
三月 23, 2014 4:14:05 下午 org.openqa.selenium.remote.RemoteWebDriver log
信息: Executing: executeScript [null, executeScript {script=var tr = window.top.G_testRunner;return !!tr && tr.isFinished();, args=[]}]
三月 23, 2014 4:14:05 下午 org.openqa.selenium.remote.RemoteWebDriver log
信息: Executed: [null, executeScript {script=var tr = window.top.G_testRunner;return !!tr && tr.isFinished();, args=[]}]
三月 23, 2014 4:14:05 下午 org.openqa.selenium.remote.RemoteWebDriver log
信息: Executing: executeScript [null, executeScript {script=var tr = window.top.G_testRunner;return !!tr && tr.isFinished();, args=[]}]
三月 23, 2014 4:14:05 下午 org.openqa.selenium.remote.RemoteWebDriver log
信息: Executed: [null, executeScript {script=var tr = window.top.G_testRunner;return !!tr && tr.isFinished();, args=[]}]
三月 23, 2014 4:14:05 下午 org.openqa.selenium.remote.RemoteWebDriver log
信息: Executing: executeScript [null, executeScript {script=var tr = window.top.G_testRunner;return !!tr && tr.isFinished();, args=[]}]
三月 23, 2014 4:14:05 下午 org.openqa.selenium.remote.RemoteWebDriver log
信息: Executed: [null, executeScript {script=var tr = window.top.G_testRunner;return !!tr && tr.isFinished();, args=[]}]
三月 23, 2014 4:14:05 下午 org.openqa.selenium.remote.RemoteWebDriver log
信息: Executing: executeScript [null, executeScript {script=var tr = window.top.G_testRunner;return !!tr && tr.isSuccess();, args=[]}]
三月 23, 2014 4:14:05 下午 org.openqa.selenium.remote.RemoteWebDriver log
信息: Executed: [null, executeScript {script=var tr = window.top.G_testRunner;return !!tr && tr.isSuccess();, args=[]}]
三月 23, 2014 4:14:05 下午 org.openqa.selenium.javascript.ClosureTestStatement evaluate
信息: Running: http://localhost:39296/javascript/atoms/test/gestures_test.html
三月 23, 2014 4:14:05 下午 org.openqa.selenium.remote.RemoteWebDriver log
信息: Executing: maximizeWindow [null, maximizeWindow {windowHandle=current}]
三月 23, 2014 4:14:05 下午 org.openqa.selenium.remote.RemoteWebDriver log
信息: Executed: [null, maximizeWindow {windowHandle=current}]
三月 23, 2014 4:14:05 下午 org.openqa.selenium.remote.RemoteWebDriver log
信息: Executing: executeScript [null, executeScript {script=if (window && window.top) window.top.G_testRunner = null, args=[]}]
三月 23, 2014 4:14:05 下午 org.openqa.selenium.remote.RemoteWebDriver log
信息: Executed: [null, executeScript {script=if (window && window.top) window.top.G_testRunner = null, args=[]}]
三月 23, 2014 4:14:05 下午 org.openqa.selenium.remote.RemoteWebDriver log
信息: Executing: get [null, get {url=http://localhost:39296/javascript/atoms/test/gestures_test.html}]
三月 23, 2014 4:14:05 下午 org.openqa.selenium.remote.RemoteWebDriver log
信息: Executed: [null, get {url=http://localhost:39296/javascript/atoms/test/gestures_test.html}]
三月 23, 2014 4:14:05 下午 org.openqa.selenium.remote.RemoteWebDriver log
信息: Executing: executeScript [null, executeScript {script=var tr = window.top.G_testRunner;return !!tr && tr.isFinished();, args=[]}]
三月 23, 2014 4:14:05 下午 org.openqa.selenium.remote.RemoteWebDriver log
信息: Executed: [null, executeScript {script=var tr = window.top.G_testRunner;return !!tr && tr.isFinished();, args=[]}]
三月 23, 2014 4:14:05 下午 org.openqa.selenium.remote.RemoteWebDriver log
信息: Executing: executeScript [null, executeScript {script=var tr = window.top.G_testRunner;return !!tr && tr.isFinished();, args=[]}]
三月 23, 2014 4:14:05 下午 org.openqa.selenium.remote.RemoteWebDriver log
信息: Executed: [null, executeScript {script=var tr = window.top.G_testRunner;return !!tr && tr.isFinished();, args=[]}]
三月 23, 2014 4:14:05 下午 org.openqa.selenium.remote.RemoteWebDriver log
信息: Executing: executeScript [null, executeScript {script=var tr = window.top.G_testRunner;return !!tr && tr.isFinished();, args=[]}]
三月 23, 2014 4:14:05 下午 org.openqa.selenium.remote.RemoteWebDriver log
信息: Executed: [null, executeScript {script=var tr = window.top.G_testRunner;return !!tr && tr.isFinished();, args=[]}]
三月 23, 2014 4:14:05 下午 org.openqa.selenium.remote.RemoteWebDriver log
信息: Executing: executeScript [null, executeScript {script=var tr = window.top.G_testRunner;return !!tr && tr.isFinished();, args=[]}]
三月 23, 2014 4:14:05 下午 org.openqa.selenium.remote.RemoteWebDriver log
信息: Executed: [null, executeScript {script=var tr = window.top.G_testRunner;return !!tr && tr.isFinished();, args=[]}]
三月 23, 2014 4:14:06 下午 org.openqa.selenium.remote.RemoteWebDriver log
信息: Executing: executeScript [null, executeScript {script=var tr = window.top.G_testRunner;return !!tr && tr.isFinished();, args=[]}]
三月 23, 2014 4:14:06 下午 org.openqa.selenium.remote.RemoteWebDriver log
信息: Executed: [null, executeScript {script=var tr = window.top.G_testRunner;return !!tr && tr.isFinished();, args=[]}]
三月 23, 2014 4:14:06 下午 org.openqa.selenium.remote.RemoteWebDriver log
信息: Executing: executeScript [null, executeScript {script=var tr = window.top.G_testRunner;return !!tr && tr.isSuccess();, args=[]}]
三月 23, 2014 4:14:06 下午 org.openqa.selenium.remote.RemoteWebDriver log
信息: Executed: [null, executeScript {script=var tr = window.top.G_testRunner;return !!tr && tr.isSuccess();, args=[]}]
三月 23, 2014 4:14:06 下午 org.openqa.selenium.javascript.ClosureTestStatement evaluate
信息: Running: http://localhost:39296/javascript/atoms/test/history_test.html
三月 23, 2014 4:14:06 下午 org.openqa.selenium.remote.RemoteWebDriver log
信息: Executing: maximizeWindow [null, maximizeWindow {windowHandle=current}]
三月 23, 2014 4:14:06 下午 org.openqa.selenium.remote.RemoteWebDriver log
信息: Executed: [null, maximizeWindow {windowHandle=current}]
三月 23, 2014 4:14:06 下午 org.openqa.selenium.remote.RemoteWebDriver log
信息: Executing: executeScript [null, executeScript {script=if (window && window.top) window.top.G_testRunner = null, args=[]}]
三月 23, 2014 4:14:06 下午 org.openqa.selenium.remote.RemoteWebDriver log
信息: Executed: [null, executeScript {script=if (window && window.top) window.top.G_testRunner = null, args=[]}]
三月 23, 2014 4:14:06 下午 org.openqa.selenium.remote.RemoteWebDriver log
信息: Executing: get [null, get {url=http://localhost:39296/javascript/atoms/test/history_test.html}]
三月 23, 2014 4:14:06 下午 org.openqa.selenium.remote.RemoteWebDriver log
信息: Executed: [null, get {url=http://localhost:39296/javascript/atoms/test/history_test.html}]
三月 23, 2014 4:14:06 下午 org.openqa.selenium.remote.RemoteWebDriver log
信息: Executing: executeScript [null, executeScript {script=var tr = window.top.G_testRunner;return !!tr && tr.isFinished();, args=[]}]
三月 23, 2014 4:14:06 下午 org.openqa.selenium.remote.RemoteWebDriver log
信息: Executed: [null, executeScript {script=var tr = window.top.G_testRunner;return !!tr && tr.isFinished();, args=[]}]
三月 23, 2014 4:14:06 下午 org.openqa.selenium.remote.RemoteWebDriver log
信息: Executing: executeScript [null, executeScript {script=var tr = window.top.G_testRunner;return !!tr && tr.isFinished();, args=[]}]
三月 23, 2014 4:14:06 下午 org.openqa.selenium.remote.RemoteWebDriver log
信息: Executed: [null, executeScript {script=var tr = window.top.G_testRunner;return !!tr && tr.isFinished();, args=[]}]
三月 23, 2014 4:14:06 下午 org.openqa.selenium.remote.RemoteWebDriver log
信息: Executing: executeScript [null, executeScript {script=var tr = window.top.G_testRunner;return !!tr && tr.isFinished();, args=[]}]
三月 23, 2014 4:14:06 下午 org.openqa.selenium.remote.RemoteWebDriver log
信息: Executed: [null, executeScript {script=var tr = window.top.G_testRunner;return !!tr && tr.isFinished();, args=[]}]
三月 23, 2014 4:14:06 下午 org.openqa.selenium.remote.RemoteWebDriver log
信息: Executing: executeScript [null, executeScript {script=var tr = window.top.G_testRunner;return !!tr && tr.isFinished();, args=[]}]
三月 23, 2014 4:14:06 下午 org.openqa.selenium.remote.RemoteWebDriver log
信息: Executed: [null, executeScript {script=var tr = window.top.G_testRunner;return !!tr && tr.isFinished();, args=[]}]
三月 23, 2014 4:14:06 下午 org.openqa.selenium.remote.RemoteWebDriver log
信息: Executing: executeScript [null, executeScript {script=var tr = window.top.G_testRunner;return !!tr && tr.isFinished();, args=[]}]
三月 23, 2014 4:14:06 下午 org.openqa.selenium.remote.RemoteWebDriver log
信息: Executed: [null, executeScript {script=var tr = window.top.G_testRunner;return !!tr && tr.isFinished();, args=[]}]
三月 23, 2014 4:14:06 下午 org.openqa.selenium.remote.RemoteWebDriver log
信息: Executing: executeScript [null, executeScript {script=var tr = window.top.G_testRunner;return !!tr && tr.isFinished();, args=[]}]
三月 23, 2014 4:14:06 下午 org.openqa.selenium.remote.RemoteWebDriver log
信息: Executed: [null, executeScript {script=var tr = window.top.G_testRunner;return !!tr && tr.isFinished();, args=[]}]
三月 23, 2014 4:14:07 下午 org.openqa.selenium.remote.RemoteWebDriver log
信息: Executing: executeScript [null, executeScript {script=var tr = window.top.G_testRunner;return !!tr && tr.isFinished();, args=[]}]
三月 23, 2014 4:14:07 下午 org.openqa.selenium.remote.RemoteWebDriver log
信息: Executed: [null, executeScript {script=var tr = window.top.G_testRunner;return !!tr && tr.isFinished();, args=[]}]
三月 23, 2014 4:14:07 下午 org.openqa.selenium.remote.RemoteWebDriver log
信息: Executing: executeScript [null, executeScript {script=var tr = window.top.G_testRunner;return !!tr && tr.isFinished();, args=[]}]
三月 23, 2014 4:14:07 下午 org.openqa.selenium.remote.RemoteWebDriver log
信息: Executed: [null, executeScript {script=var tr = window.top.G_testRunner;return !!tr && tr.isFinished();, args=[]}]
三月 23, 2014 4:14:07 下午 org.openqa.selenium.remote.RemoteWebDriver log
信息: Executing: executeScript [null, executeScript {script=var tr = window.top.G_testRunner;return !!tr && tr.isFinished();, args=[]}]
三月 23, 2014 4:14:07 下午 org.openqa.selenium.remote.RemoteWebDriver log
信息: Executed: [null, executeScript {script=var tr = window.top.G_testRunner;return !!tr && tr.isFinished();, args=[]}]
三月 23, 2014 4:14:07 下午 org.openqa.selenium.remote.RemoteWebDriver log
信息: Executing: executeScript [null, executeScript {script=var tr = window.top.G_testRunner;return !!tr && tr.isFinished();, args=[]}]
三月 23, 2014 4:14:07 下午 org.openqa.selenium.remote.RemoteWebDriver log
信息: Executed: [null, executeScript {script=var tr = window.top.G_testRunner;return !!tr && tr.isFinished();, args=[]}]
三月 23, 2014 4:14:07 下午 org.openqa.selenium.remote.RemoteWebDriver log
信息: Executing: executeScript [null, executeScript {script=var tr = window.top.G_testRunner;return !!tr && tr.isFinished();, args=[]}]
三月 23, 2014 4:14:07 下午 org.openqa.selenium.remote.RemoteWebDriver log
信息: Executed: [null, executeScript {script=var tr = window.top.G_testRunner;return !!tr && tr.isFinished();, args=[]}]
三月 23, 2014 4:14:07 下午 org.openqa.selenium.remote.RemoteWebDriver log
信息: Executing: executeScript [null, executeScript {script=var tr = window.top.G_testRunner;return !!tr && tr.isFinished();, args=[]}]
三月 23, 2014 4:14:07 下午 org.openqa.selenium.remote.RemoteWebDriver log
信息: Executed: [null, executeScript {script=var tr = window.top.G_testRunner;return !!tr && tr.isFinished();, args=[]}]
三月 23, 2014 4:14:07 下午 org.openqa.selenium.remote.RemoteWebDriver log
信息: Executing: executeScript [null, executeScript {script=var tr = window.top.G_testRunner;return !!tr && tr.isFinished();, args=[]}]
三月 23, 2014 4:14:07 下午 org.openqa.selenium.remote.RemoteWebDriver log
信息: Executed: [null, executeScript {script=var tr = window.top.G_testRunner;return !!tr && tr.isFinished();, args=[]}]
三月 23, 2014 4:14:07 下午 org.openqa.selenium.remote.RemoteWebDriver log
信息: Executing: executeScript [null, executeScript {script=var tr = window.top.G_testRunner;return !!tr && tr.isFinished();, args=[]}]
三月 23, 2014 4:14:07 下午 org.openqa.selenium.remote.RemoteWebDriver log
信息: Executed: [null, executeScript {script=var tr = window.top.G_testRunner;return !!tr && tr.isFinished();, args=[]}]
三月 23, 2014 4:14:07 下午 org.openqa.selenium.remote.RemoteWebDriver log
信息: Executing: executeScript [null, executeScript {script=var tr = window.top.G_testRunner;return !!tr && tr.isSuccess();, args=[]}]
三月 23, 2014 4:14:07 下午 org.openqa.selenium.remote.RemoteWebDriver log
信息: Executed: [null, executeScript {script=var tr = window.top.G_testRunner;return !!tr && tr.isSuccess();, args=[]}]
三月 23, 2014 4:14:07 下午 org.openqa.selenium.remote.RemoteWebDriver log
信息: Executing: executeScript [null, executeScript {script=var tr = window.top.G_testRunner;return tr.getReport(true);, args=[]}]
三月 23, 2014 4:14:07 下午 org.openqa.selenium.remote.RemoteWebDriver log
信息: Executed: [null, executeScript {script=var tr = window.top.G_testRunner;return tr.getReport(true);, args=[]}]
三月 23, 2014 4:14:07 下午 org.openqa.selenium.javascript.ClosureTestStatement evaluate
信息: Running: http://localhost:39296/javascript/atoms/test/html5/appcache_test.html
三月 23, 2014 4:14:07 下午 org.openqa.selenium.remote.RemoteWebDriver log
信息: Executing: maximizeWindow [null, maximizeWindow {windowHandle=current}]
三月 23, 2014 4:14:07 下午 org.openqa.selenium.remote.RemoteWebDriver log
信息: Executed: [null, maximizeWindow {windowHandle=current}]
三月 23, 2014 4:14:07 下午 org.openqa.selenium.remote.RemoteWebDriver log
信息: Executing: executeScript [null, executeScript {script=if (window && window.top) window.top.G_testRunner = null, args=[]}]
三月 23, 2014 4:14:07 下午 org.openqa.selenium.remote.RemoteWebDriver log
信息: Executed: [null, executeScript {script=if (window && window.top) window.top.G_testRunner = null, args=[]}]
三月 23, 2014 4:14:07 下午 org.openqa.selenium.remote.RemoteWebDriver log
信息: Executing: get [null, get {url=http://localhost:39296/javascript/atoms/test/html5/appcache_test.html}]
三月 23, 2014 4:14:07 下午 org.openqa.selenium.remote.RemoteWebDriver log
信息: Executed: [null, get {url=http://localhost:39296/javascript/atoms/test/html5/appcache_test.html}]
三月 23, 2014 4:14:07 下午 org.openqa.selenium.remote.RemoteWebDriver log
信息: Executing: executeScript [null, executeScript {script=var tr = window.top.G_testRunner;return !!tr && tr.isFinished();, args=[]}]
三月 23, 2014 4:14:08 下午 org.openqa.selenium.remote.RemoteWebDriver log
信息: Executed: [null, executeScript {script=var tr = window.top.G_testRunner;return !!tr && tr.isFinished();, args=[]}]
三月 23, 2014 4:14:08 下午 org.openqa.selenium.remote.RemoteWebDriver log
信息: Executing: executeScript [null, executeScript {script=var tr = window.top.G_testRunner;return !!tr && tr.isFinished();, args=[]}]
三月 23, 2014 4:14:08 下午 org.openqa.selenium.remote.RemoteWebDriver log
信息: Executed: [null, executeScript {script=var tr = window.top.G_testRunner;return !!tr && tr.isFinished();, args=[]}]
三月 23, 2014 4:14:08 下午 org.openqa.selenium.remote.RemoteWebDriver log
信息: Executing: executeScript [null, executeScript {script=var tr = window.top.G_testRunner;return !!tr && tr.isFinished();, args=[]}]
三月 23, 2014 4:14:08 下午 org.openqa.selenium.remote.RemoteWebDriver log
信息: Executed: [null, executeScript {script=var tr = window.top.G_testRunner;return !!tr && tr.isFinished();, args=[]}]
三月 23, 2014 4:14:08 下午 org.openqa.selenium.remote.RemoteWebDriver log
信息: Executing: executeScript [null, executeScript {script=var tr = window.top.G_testRunner;return !!tr && tr.isFinished();, args=[]}]
三月 23, 2014 4:14:08 下午 org.openqa.selenium.remote.RemoteWebDriver log
信息: Executed: [null, executeScript {script=var tr = window.top.G_testRunner;return !!tr && tr.isFinished();, args=[]}]
三月 23, 2014 4:14:08 下午 org.openqa.selenium.remote.RemoteWebDriver log
信息: Executing: executeScript [null, executeScript {script=var tr = window.top.G_testRunner;return !!tr && tr.isFinished();, args=[]}]
三月 23, 2014 4:14:08 下午 org.openqa.selenium.remote.RemoteWebDriver log
信息: Executed: [null, executeScript {script=var tr = window.top.G_testRunner;return !!tr && tr.isFinished();, args=[]}]
三月 23, 2014 4:14:08 下午 org.openqa.selenium.remote.RemoteWebDriver log
信息: Executing: executeScript [null, executeScript {script=var tr = window.top.G_testRunner;return !!tr && tr.isSuccess();, args=[]}]
三月 23, 2014 4:14:08 下午 org.openqa.selenium.remote.RemoteWebDriver log
信息: Executed: [null, executeScript {script=var tr = window.top.G_testRunner;return !!tr && tr.isSuccess();, args=[]}]
三月 23, 2014 4:14:08 下午 org.openqa.selenium.javascript.ClosureTestStatement evaluate
信息: Running: http://localhost:39296/javascript/atoms/test/html5/connection_test.html
三月 23, 2014 4:14:08 下午 org.openqa.selenium.remote.RemoteWebDriver log
信息: Executing: maximizeWindow [null, maximizeWindow {windowHandle=current}]
三月 23, 2014 4:14:08 下午 org.openqa.selenium.remote.RemoteWebDriver log
信息: Executed: [null, maximizeWindow {windowHandle=current}]
三月 23, 2014 4:14:08 下午 org.openqa.selenium.remote.RemoteWebDriver log
信息: Executing: executeScript [null, executeScript {script=if (window && window.top) window.top.G_testRunner = null, args=[]}]
三月 23, 2014 4:14:08 下午 org.openqa.selenium.remote.RemoteWebDriver log
信息: Executed: [null, executeScript {script=if (window && window.top) window.top.G_testRunner = null, args=[]}]
三月 23, 2014 4:14:08 下午 org.openqa.selenium.remote.RemoteWebDriver log
信息: Executing: get [null, get {url=http://localhost:39296/javascript/atoms/test/html5/connection_test.html}]
三月 23, 2014 4:14:08 下午 org.openqa.selenium.remote.RemoteWebDriver log
信息: Executed: [null, get {url=http://localhost:39296/javascript/atoms/test/html5/connection_test.html}]
三月 23, 2014 4:14:08 下午 org.openqa.selenium.remote.RemoteWebDriver log
信息: Executing: executeScript [null, executeScript {script=var tr = window.top.G_testRunner;return !!tr && tr.isFinished();, args=[]}]
三月 23, 2014 4:14:08 下午 org.openqa.selenium.remote.RemoteWebDriver log
信息: Executed: [null, executeScript {script=var tr = window.top.G_testRunner;return !!tr && tr.isFinished();, args=[]}]
三月 23, 2014 4:14:08 下午 org.openqa.selenium.remote.RemoteWebDriver log
信息: Executing: executeScript [null, executeScript {script=var tr = window.top.G_testRunner;return !!tr && tr.isFinished();, args=[]}]
三月 23, 2014 4:14:08 下午 org.openqa.selenium.remote.RemoteWebDriver log
信息: Executed: [null, executeScript {script=var tr = window.top.G_testRunner;return !!tr && tr.isFinished();, args=[]}]
三月 23, 2014 4:14:08 下午 org.openqa.selenium.remote.RemoteWebDriver log
信息: Executing: executeScript [null, executeScript {script=var tr = window.top.G_testRunner;return !!tr && tr.isFinished();, args=[]}]
三月 23, 2014 4:14:08 下午 org.openqa.selenium.remote.RemoteWebDriver log
信息: Executed: [null, executeScript {script=var tr = window.top.G_testRunner;return !!tr && tr.isFinished();, args=[]}]
三月 23, 2014 4:14:09 下午 org.openqa.selenium.remote.RemoteWebDriver log
信息: Executing: executeScript [null, executeScript {script=var tr = window.top.G_testRunner;return !!tr && tr.isFinished();, args=[]}]
三月 23, 2014 4:14:09 下午 org.openqa.selenium.remote.RemoteWebDriver log
信息: Executed: [null, executeScript {script=var tr = window.top.G_testRunner;return !!tr && tr.isFinished();, args=[]}]
三月 23, 2014 4:14:09 下午 org.openqa.selenium.remote.RemoteWebDriver log
信息: Executing: executeScript [null, executeScript {script=var tr = window.top.G_testRunner;return !!tr && tr.isFinished();, args=[]}]
三月 23, 2014 4:14:09 下午 org.openqa.selenium.remote.RemoteWebDriver log
信息: Executed: [null, executeScript {script=var tr = window.top.G_testRunner;return !!tr && tr.isFinished();, args=[]}]
三月 23, 2014 4:14:09 下午 org.openqa.selenium.remote.RemoteWebDriver log
信息: Executing: executeScript [null, executeScript {script=var tr = window.top.G_testRunner;return !!tr && tr.isSuccess();, args=[]}]
三月 23, 2014 4:14:09 下午 org.openqa.selenium.remote.RemoteWebDriver log
信息: Executed: [null, executeScript {script=var tr = window.top.G_testRunner;return !!tr && tr.isSuccess();, args=[]}]
三月 23, 2014 4:14:09 下午 org.openqa.selenium.javascript.ClosureTestStatement evaluate
信息: Running: http://localhost:39296/javascript/atoms/test/html5/database_test.html
三月 23, 2014 4:14:09 下午 org.openqa.selenium.remote.RemoteWebDriver log
信息: Executing: maximizeWindow [null, maximizeWindow {windowHandle=current}]
三月 23, 2014 4:14:09 下午 org.openqa.selenium.remote.RemoteWebDriver log
信息: Executed: [null, maximizeWindow {windowHandle=current}]
三月 23, 2014 4:14:09 下午 org.openqa.selenium.remote.RemoteWebDriver log
信息: Executing: executeScript [null, executeScript {script=if (window && window.top) window.top.G_testRunner = null, args=[]}]
三月 23, 2014 4:14:09 下午 org.openqa.selenium.remote.RemoteWebDriver log
信息: Executed: [null, executeScript {script=if (window && window.top) window.top.G_testRunner = null, args=[]}]
三月 23, 2014 4:14:09 下午 org.openqa.selenium.remote.RemoteWebDriver log
信息: Executing: get [null, get {url=http://localhost:39296/javascript/atoms/test/html5/database_test.html}]
三月 23, 2014 4:14:09 下午 org.openqa.selenium.remote.RemoteWebDriver log
信息: Executed: [null, get {url=http://localhost:39296/javascript/atoms/test/html5/database_test.html}]
三月 23, 2014 4:14:09 下午 org.openqa.selenium.remote.RemoteWebDriver log
信息: Executing: executeScript [null, executeScript {script=var tr = window.top.G_testRunner;return !!tr && tr.isFinished();, args=[]}]
三月 23, 2014 4:14:09 下午 org.openqa.selenium.remote.RemoteWebDriver log
信息: Executed: [null, executeScript {script=var tr = window.top.G_testRunner;return !!tr && tr.isFinished();, args=[]}]
三月 23, 2014 4:14:09 下午 org.openqa.selenium.remote.RemoteWebDriver log
信息: Executing: executeScript [null, executeScript {script=var tr = window.top.G_testRunner;return !!tr && tr.isFinished();, args=[]}]
三月 23, 2014 4:14:09 下午 org.openqa.selenium.remote.RemoteWebDriver log
信息: Executed: [null, executeScript {script=var tr = window.top.G_testRunner;return !!tr && tr.isFinished();, args=[]}]
三月 23, 2014 4:14:09 下午 org.openqa.selenium.remote.RemoteWebDriver log
信息: Executing: executeScript [null, executeScript {script=var tr = window.top.G_testRunner;return !!tr && tr.isFinished();, args=[]}]
三月 23, 2014 4:14:09 下午 org.openqa.selenium.remote.RemoteWebDriver log
信息: Executed: [null, executeScript {script=var tr = window.top.G_testRunner;return !!tr && tr.isFinished();, args=[]}]
三月 23, 2014 4:14:09 下午 org.openqa.selenium.remote.RemoteWebDriver log
信息: Executing: executeScript [null, executeScript {script=var tr = window.top.G_testRunner;return !!tr && tr.isFinished();, args=[]}]
三月 23, 2014 4:14:09 下午 org.openqa.selenium.remote.RemoteWebDriver log
信息: Executed: [null, executeScript {script=var tr = window.top.G_testRunner;return !!tr && tr.isFinished();, args=[]}]
三月 23, 2014 4:14:09 下午 org.openqa.selenium.remote.RemoteWebDriver log
信息: Executing: executeScript [null, executeScript {script=var tr = window.top.G_testRunner;return !!tr && tr.isFinished();, args=[]}]
三月 23, 2014 4:14:15 下午 org.openqa.selenium.remote.RemoteWebDriver log
信息: Executed: [null, executeScript {script=var tr = window.top.G_testRunner;return !!tr && tr.isFinished();, args=[]}]
三月 23, 2014 4:14:15 下午 org.openqa.selenium.remote.RemoteWebDriver log
信息: Executing: executeScript [null, executeScript {script=var tr = window.top.G_testRunner;return !!tr && tr.isFinished();, args=[]}]
三月 23, 2014 4:14:15 下午 org.openqa.selenium.remote.RemoteWebDriver log
信息: Executed: [null, executeScript {script=var tr = window.top.G_testRunner;return !!tr && tr.isFinished();, args=[]}]
三月 23, 2014 4:14:15 下午 org.openqa.selenium.remote.RemoteWebDriver log
信息: Executing: executeScript [null, executeScript {script=var tr = window.top.G_testRunner;return !!tr && tr.isSuccess();, args=[]}]
三月 23, 2014 4:14:15 下午 org.openqa.selenium.remote.RemoteWebDriver log
信息: Executed: [null, executeScript {script=var tr = window.top.G_testRunner;return !!tr && tr.isSuccess();, args=[]}]
三月 23, 2014 4:14:15 下午 org.openqa.selenium.javascript.ClosureTestStatement evaluate
信息: Running: http://localhost:39296/javascript/atoms/test/html5/location_test.html
三月 23, 2014 4:14:15 下午 org.openqa.selenium.remote.RemoteWebDriver log
信息: Executing: maximizeWindow [null, maximizeWindow {windowHandle=current}]
三月 23, 2014 4:14:15 下午 org.openqa.selenium.remote.RemoteWebDriver log
信息: Executed: [null, maximizeWindow {windowHandle=current}]
三月 23, 2014 4:14:15 下午 org.openqa.selenium.remote.RemoteWebDriver log
信息: Executing: executeScript [null, executeScript {script=if (window && window.top) window.top.G_testRunner = null, args=[]}]
三月 23, 2014 4:14:15 下午 org.openqa.selenium.remote.RemoteWebDriver log
信息: Executed: [null, executeScript {script=if (window && window.top) window.top.G_testRunner = null, args=[]}]
三月 23, 2014 4:14:15 下午 org.openqa.selenium.remote.RemoteWebDriver log
信息: Executing: get [null, get {url=http://localhost:39296/javascript/atoms/test/html5/location_test.html}]
三月 23, 2014 4:14:15 下午 org.openqa.selenium.remote.RemoteWebDriver log
信息: Executed: [null, get {url=http://localhost:39296/javascript/atoms/test/html5/location_test.html}]
三月 23, 2014 4:14:15 下午 org.openqa.selenium.remote.RemoteWebDriver log
信息: Executing: executeScript [null, executeScript {script=var tr = window.top.G_testRunner;return !!tr && tr.isFinished();, args=[]}]
三月 23, 2014 4:14:15 下午 org.openqa.selenium.remote.RemoteWebDriver log
信息: Executed: [null, executeScript {script=var tr = window.top.G_testRunner;return !!tr && tr.isFinished();, args=[]}]
三月 23, 2014 4:14:16 下午 org.openqa.selenium.remote.RemoteWebDriver log
信息: Executing: executeScript [null, executeScript {script=var tr = window.top.G_testRunner;return !!tr && tr.isFinished();, args=[]}]
三月 23, 2014 4:14:16 下午 org.openqa.selenium.remote.RemoteWebDriver log
信息: Executed: [null, executeScript {script=var tr = window.top.G_testRunner;return !!tr && tr.isFinished();, args=[]}]
三月 23, 2014 4:14:16 下午 org.openqa.selenium.remote.RemoteWebDriver log
信息: Executing: executeScript [null, executeScript {script=var tr = window.top.G_testRunner;return !!tr && tr.isFinished();, args=[]}]
三月 23, 2014 4:14:16 下午 org.openqa.selenium.remote.RemoteWebDriver log
信息: Executed: [null, executeScript {script=var tr = window.top.G_testRunner;return !!tr && tr.isFinished();, args=[]}]
三月 23, 2014 4:14:16 下午 org.openqa.selenium.remote.RemoteWebDriver log
信息: Executing: executeScript [null, executeScript {script=var tr = window.top.G_testRunner;return !!tr && tr.isFinished();, args=[]}]
三月 23, 2014 4:14:16 下午 org.openqa.selenium.remote.RemoteWebDriver log
信息: Executed: [null, executeScript {script=var tr = window.top.G_testRunner;return !!tr && tr.isFinished();, args=[]}]
三月 23, 2014 4:14:16 下午 org.openqa.selenium.remote.RemoteWebDriver log
信息: Executing: executeScript [null, executeScript {script=var tr = window.top.G_testRunner;return !!tr && tr.isFinished();, args=[]}]
三月 23, 2014 4:14:16 下午 org.openqa.selenium.remote.RemoteWebDriver log
信息: Executed: [null, executeScript {script=var tr = window.top.G_testRunner;return !!tr && tr.isFinished();, args=[]}]
三月 23, 2014 4:14:16 下午 org.openqa.selenium.remote.RemoteWebDriver log
信息: Executing: executeScript [null, executeScript {script=var tr = window.top.G_testRunner;return !!tr && tr.isSuccess();, args=[]}]
三月 23, 2014 4:14:16 下午 org.openqa.selenium.remote.RemoteWebDriver log
信息: Executed: [null, executeScript {script=var tr = window.top.G_testRunner;return !!tr && tr.isSuccess();, args=[]}]
三月 23, 2014 4:14:16 下午 org.openqa.selenium.javascript.ClosureTestStatement evaluate
信息: Running: http://localhost:39296/javascript/atoms/test/html5/nested_window_storage_test.html
三月 23, 2014 4:14:16 下午 org.openqa.selenium.remote.RemoteWebDriver log
信息: Executing: maximizeWindow [null, maximizeWindow {windowHandle=current}]
三月 23, 2014 4:14:16 下午 org.openqa.selenium.remote.RemoteWebDriver log
信息: Executed: [null, maximizeWindow {windowHandle=current}]
三月 23, 2014 4:14:16 下午 org.openqa.selenium.remote.RemoteWebDriver log
信息: Executing: executeScript [null, executeScript {script=if (window && window.top) window.top.G_testRunner = null, args=[]}]
三月 23, 2014 4:14:16 下午 org.openqa.selenium.remote.RemoteWebDriver log
信息: Executed: [null, executeScript {script=if (window && window.top) window.top.G_testRunner = null, args=[]}]
三月 23, 2014 4:14:16 下午 org.openqa.selenium.remote.RemoteWebDriver log
信息: Executing: get [null, get {url=http://localhost:39296/javascript/atoms/test/html5/nested_window_storage_test.html}]
三月 23, 2014 4:14:16 下午 org.openqa.selenium.remote.RemoteWebDriver log
信息: Executed: [null, get {url=http://localhost:39296/javascript/atoms/test/html5/nested_window_storage_test.html}]
三月 23, 2014 4:14:16 下午 org.openqa.selenium.remote.RemoteWebDriver log
信息: Executing: executeScript [null, executeScript {script=var tr = window.top.G_testRunner;return !!tr && tr.isFinished();, args=[]}]
三月 23, 2014 4:14:16 下午 org.openqa.selenium.remote.RemoteWebDriver log
信息: Executed: [null, executeScript {script=var tr = window.top.G_testRunner;return !!tr && tr.isFinished();, args=[]}]
三月 23, 2014 4:14:16 下午 org.openqa.selenium.remote.RemoteWebDriver log
信息: Executing: executeScript [null, executeScript {script=var tr = window.top.G_testRunner;return !!tr && tr.isFinished();, args=[]}]
三月 23, 2014 4:14:16 下午 org.openqa.selenium.remote.RemoteWebDriver log
信息: Executed: [null, executeScript {script=var tr = window.top.G_testRunner;return !!tr && tr.isFinished();, args=[]}]
三月 23, 2014 4:14:16 下午 org.openqa.selenium.remote.RemoteWebDriver log
信息: Executing: executeScript [null, executeScript {script=var tr = window.top.G_testRunner;return !!tr && tr.isFinished();, args=[]}]
三月 23, 2014 4:14:16 下午 org.openqa.selenium.remote.RemoteWebDriver log
信息: Executed: [null, executeScript {script=var tr = window.top.G_testRunner;return !!tr && tr.isFinished();, args=[]}]
三月 23, 2014 4:14:17 下午 org.openqa.selenium.remote.RemoteWebDriver log
信息: Executing: executeScript [null, executeScript {script=var tr = window.top.G_testRunner;return !!tr && tr.isFinished();, args=[]}]
三月 23, 2014 4:14:17 下午 org.openqa.selenium.remote.RemoteWebDriver log
信息: Executed: [null, executeScript {script=var tr = window.top.G_testRunner;return !!tr && tr.isFinished();, args=[]}]
三月 23, 2014 4:14:17 下午 org.openqa.selenium.remote.RemoteWebDriver log
信息: Executing: executeScript [null, executeScript {script=var tr = window.top.G_testRunner;return !!tr && tr.isFinished();, args=[]}]
三月 23, 2014 4:14:17 下午 org.openqa.selenium.remote.RemoteWebDriver log
信息: Executed: [null, executeScript {script=var tr = window.top.G_testRunner;return !!tr && tr.isFinished();, args=[]}]
三月 23, 2014 4:14:17 下午 org.openqa.selenium.remote.RemoteWebDriver log
信息: Executing: executeScript [null, executeScript {script=var tr = window.top.G_testRunner;return !!tr && tr.isSuccess();, args=[]}]
三月 23, 2014 4:14:17 下午 org.openqa.selenium.remote.RemoteWebDriver log
信息: Executed: [null, executeScript {script=var tr = window.top.G_testRunner;return !!tr && tr.isSuccess();, args=[]}]
三月 23, 2014 4:14:17 下午 org.openqa.selenium.javascript.ClosureTestStatement evaluate
信息: Running: http://localhost:39296/javascript/atoms/test/html5/no_manifest_appcache_test.html
三月 23, 2014 4:14:17 下午 org.openqa.selenium.remote.RemoteWebDriver log
信息: Executing: maximizeWindow [null, maximizeWindow {windowHandle=current}]
三月 23, 2014 4:14:17 下午 org.openqa.selenium.remote.RemoteWebDriver log
信息: Executed: [null, maximizeWindow {windowHandle=current}]
三月 23, 2014 4:14:17 下午 org.openqa.selenium.remote.RemoteWebDriver log
信息: Executing: executeScript [null, executeScript {script=if (window && window.top) window.top.G_testRunner = null, args=[]}]
三月 23, 2014 4:14:17 下午 org.openqa.selenium.remote.RemoteWebDriver log
信息: Executed: [null, executeScript {script=if (window && window.top) window.top.G_testRunner = null, args=[]}]
三月 23, 2014 4:14:17 下午 org.openqa.selenium.remote.RemoteWebDriver log
信息: Executing: get [null, get {url=http://localhost:39296/javascript/atoms/test/html5/no_manifest_appcache_test.html}]
三月 23, 2014 4:14:17 下午 org.openqa.selenium.remote.RemoteWebDriver log
信息: Executed: [null, get {url=http://localhost:39296/javascript/atoms/test/html5/no_manifest_appcache_test.html}]
三月 23, 2014 4:14:17 下午 org.openqa.selenium.remote.RemoteWebDriver log
信息: Executing: executeScript [null, executeScript {script=var tr = window.top.G_testRunner;return !!tr && tr.isFinished();, args=[]}]
三月 23, 2014 4:14:17 下午 org.openqa.selenium.remote.RemoteWebDriver log
信息: Executed: [null, executeScript {script=var tr = window.top.G_testRunner;return !!tr && tr.isFinished();, args=[]}]
三月 23, 2014 4:14:17 下午 org.openqa.selenium.remote.RemoteWebDriver log
信息: Executing: executeScript [null, executeScript {script=var tr = window.top.G_testRunner;return !!tr && tr.isFinished();, args=[]}]
三月 23, 2014 4:14:17 下午 org.openqa.selenium.remote.RemoteWebDriver log
信息: Executed: [null, executeScript {script=var tr = window.top.G_testRunner;return !!tr && tr.isFinished();, args=[]}]
三月 23, 2014 4:14:17 下午 org.openqa.selenium.remote.RemoteWebDriver log
信息: Executing: executeScript [null, executeScript {script=var tr = window.top.G_testRunner;return !!tr && tr.isFinished();, args=[]}]
三月 23, 2014 4:14:17 下午 org.openqa.selenium.remote.RemoteWebDriver log
信息: Executed: [null, executeScript {script=var tr = window.top.G_testRunner;return !!tr && tr.isFinished();, args=[]}]
三月 23, 2014 4:14:17 下午 org.openqa.selenium.remote.RemoteWebDriver log
信息: Executing: executeScript [null, executeScript {script=var tr = window.top.G_testRunner;return !!tr && tr.isFinished();, args=[]}]
三月 23, 2014 4:14:17 下午 org.openqa.selenium.remote.RemoteWebDriver log
信息: Executed: [null, executeScript {script=var tr = window.top.G_testRunner;return !!tr && tr.isFinished();, args=[]}]
三月 23, 2014 4:14:17 下午 org.openqa.selenium.remote.RemoteWebDriver log
信息: Executing: executeScript [null, executeScript {script=var tr = window.top.G_testRunner;return !!tr && tr.isFinished();, args=[]}]
三月 23, 2014 4:14:17 下午 org.openqa.selenium.remote.RemoteWebDriver log
信息: Executed: [null, executeScript {script=var tr = window.top.G_testRunner;return !!tr && tr.isFinished();, args=[]}]
三月 23, 2014 4:14:17 下午 org.openqa.selenium.remote.RemoteWebDriver log
信息: Executing: executeScript [null, executeScript {script=var tr = window.top.G_testRunner;return !!tr && tr.isSuccess();, args=[]}]
三月 23, 2014 4:14:17 下午 org.openqa.selenium.remote.RemoteWebDriver log
信息: Executed: [null, executeScript {script=var tr = window.top.G_testRunner;return !!tr && tr.isSuccess();, args=[]}]
三月 23, 2014 4:14:17 下午 org.openqa.selenium.javascript.ClosureTestStatement evaluate
信息: Running: http://localhost:39296/javascript/atoms/test/html5/storage_test.html
三月 23, 2014 4:14:17 下午 org.openqa.selenium.remote.RemoteWebDriver log
信息: Executing: maximizeWindow [null, maximizeWindow {windowHandle=current}]
三月 23, 2014 4:14:17 下午 org.openqa.selenium.remote.RemoteWebDriver log
信息: Executed: [null, maximizeWindow {windowHandle=current}]
三月 23, 2014 4:14:17 下午 org.openqa.selenium.remote.RemoteWebDriver log
信息: Executing: executeScript [null, executeScript {script=if (window && window.top) window.top.G_testRunner = null, args=[]}]
三月 23, 2014 4:14:17 下午 org.openqa.selenium.remote.RemoteWebDriver log
信息: Executed: [null, executeScript {script=if (window && window.top) window.top.G_testRunner = null, args=[]}]
三月 23, 2014 4:14:17 下午 org.openqa.selenium.remote.RemoteWebDriver log
信息: Executing: get [null, get {url=http://localhost:39296/javascript/atoms/test/html5/storage_test.html}]
三月 23, 2014 4:14:17 下午 org.openqa.selenium.remote.RemoteWebDriver log
信息: Executed: [null, get {url=http://localhost:39296/javascript/atoms/test/html5/storage_test.html}]
三月 23, 2014 4:14:17 下午 org.openqa.selenium.remote.RemoteWebDriver log
信息: Executing: executeScript [null, executeScript {script=var tr = window.top.G_testRunner;return !!tr && tr.isFinished();, args=[]}]
三月 23, 2014 4:14:18 下午 org.openqa.selenium.remote.RemoteWebDriver log
信息: Executed: [null, executeScript {script=var tr = window.top.G_testRunner;return !!tr && tr.isFinished();, args=[]}]
三月 23, 2014 4:14:18 下午 org.openqa.selenium.remote.RemoteWebDriver log
信息: Executing: executeScript [null, executeScript {script=var tr = window.top.G_testRunner;return !!tr && tr.isFinished();, args=[]}]
三月 23, 2014 4:14:18 下午 org.openqa.selenium.remote.RemoteWebDriver log
信息: Executed: [null, executeScript {script=var tr = window.top.G_testRunner;return !!tr && tr.isFinished();, args=[]}]
三月 23, 2014 4:14:18 下午 org.openqa.selenium.remote.RemoteWebDriver log
信息: Executing: executeScript [null, executeScript {script=var tr = window.top.G_testRunner;return !!tr && tr.isFinished();, args=[]}]
三月 23, 2014 4:14:18 下午 org.openqa.selenium.remote.RemoteWebDriver log
信息: Executed: [null, executeScript {script=var tr = window.top.G_testRunner;return !!tr && tr.isFinished();, args=[]}]
三月 23, 2014 4:14:18 下午 org.openqa.selenium.remote.RemoteWebDriver log
信息: Executing: executeScript [null, executeScript {script=var tr = window.top.G_testRunner;return !!tr && tr.isFinished();, args=[]}]
三月 23, 2014 4:14:18 下午 org.openqa.selenium.remote.RemoteWebDriver log
信息: Executed: [null, executeScript {script=var tr = window.top.G_testRunner;return !!tr && tr.isFinished();, args=[]}]
三月 23, 2014 4:14:18 下午 org.openqa.selenium.remote.RemoteWebDriver log
信息: Executing: executeScript [null, executeScript {script=var tr = window.top.G_testRunner;return !!tr && tr.isFinished();, args=[]}]
三月 23, 2014 4:14:18 下午 org.openqa.selenium.remote.RemoteWebDriver log
信息: Executed: [null, executeScript {script=var tr = window.top.G_testRunner;return !!tr && tr.isFinished();, args=[]}]
三月 23, 2014 4:14:18 下午 org.openqa.selenium.remote.RemoteWebDriver log
信息: Executing: executeScript [null, executeScript {script=var tr = window.top.G_testRunner;return !!tr && tr.isSuccess();, args=[]}]
三月 23, 2014 4:14:18 下午 org.openqa.selenium.remote.RemoteWebDriver log
信息: Executed: [null, executeScript {script=var tr = window.top.G_testRunner;return !!tr && tr.isSuccess();, args=[]}]
三月 23, 2014 4:14:18 下午 org.openqa.selenium.javascript.ClosureTestStatement evaluate
信息: Running: http://localhost:39296/javascript/atoms/test/inject_test.html
三月 23, 2014 4:14:18 下午 org.openqa.selenium.remote.RemoteWebDriver log
信息: Executing: maximizeWindow [null, maximizeWindow {windowHandle=current}]
三月 23, 2014 4:14:18 下午 org.openqa.selenium.remote.RemoteWebDriver log
信息: Executed: [null, maximizeWindow {windowHandle=current}]
三月 23, 2014 4:14:18 下午 org.openqa.selenium.remote.RemoteWebDriver log
信息: Executing: executeScript [null, executeScript {script=if (window && window.top) window.top.G_testRunner = null, args=[]}]
三月 23, 2014 4:14:18 下午 org.openqa.selenium.remote.RemoteWebDriver log
信息: Executed: [null, executeScript {script=if (window && window.top) window.top.G_testRunner = null, args=[]}]
三月 23, 2014 4:14:18 下午 org.openqa.selenium.remote.RemoteWebDriver log
信息: Executing: get [null, get {url=http://localhost:39296/javascript/atoms/test/inject_test.html}]
三月 23, 2014 4:14:18 下午 org.openqa.selenium.remote.RemoteWebDriver log
信息: Executed: [null, get {url=http://localhost:39296/javascript/atoms/test/inject_test.html}]
三月 23, 2014 4:14:18 下午 org.openqa.selenium.remote.RemoteWebDriver log
信息: Executing: executeScript [null, executeScript {script=var tr = window.top.G_testRunner;return !!tr && tr.isFinished();, args=[]}]
三月 23, 2014 4:14:18 下午 org.openqa.selenium.remote.RemoteWebDriver log
信息: Executed: [null, executeScript {script=var tr = window.top.G_testRunner;return !!tr && tr.isFinished();, args=[]}]
三月 23, 2014 4:14:18 下午 org.openqa.selenium.remote.RemoteWebDriver log
信息: Executing: executeScript [null, executeScript {script=var tr = window.top.G_testRunner;return !!tr && tr.isFinished();, args=[]}]
三月 23, 2014 4:14:18 下午 org.openqa.selenium.remote.RemoteWebDriver log
信息: Executed: [null, executeScript {script=var tr = window.top.G_testRunner;return !!tr && tr.isFinished();, args=[]}]
三月 23, 2014 4:14:18 下午 org.openqa.selenium.remote.RemoteWebDriver log
信息: Executing: executeScript [null, executeScript {script=var tr = window.top.G_testRunner;return !!tr && tr.isFinished();, args=[]}]
三月 23, 2014 4:14:18 下午 org.openqa.selenium.remote.RemoteWebDriver log
信息: Executed: [null, executeScript {script=var tr = window.top.G_testRunner;return !!tr && tr.isFinished();, args=[]}]
三月 23, 2014 4:14:19 下午 org.openqa.selenium.remote.RemoteWebDriver log
信息: Executing: executeScript [null, executeScript {script=var tr = window.top.G_testRunner;return !!tr && tr.isFinished();, args=[]}]
三月 23, 2014 4:14:19 下午 org.openqa.selenium.remote.RemoteWebDriver log
信息: Executed: [null, executeScript {script=var tr = window.top.G_testRunner;return !!tr && tr.isFinished();, args=[]}]
三月 23, 2014 4:14:19 下午 org.openqa.selenium.remote.RemoteWebDriver log
信息: Executing: executeScript [null, executeScript {script=var tr = window.top.G_testRunner;return !!tr && tr.isFinished();, args=[]}]
三月 23, 2014 4:14:19 下午 org.openqa.selenium.remote.RemoteWebDriver log
信息: Executed: [null, executeScript {script=var tr = window.top.G_testRunner;return !!tr && tr.isFinished();, args=[]}]
三月 23, 2014 4:14:19 下午 org.openqa.selenium.remote.RemoteWebDriver log
信息: Executing: executeScript [null, executeScript {script=var tr = window.top.G_testRunner;return !!tr && tr.isFinished();, args=[]}]
三月 23, 2014 4:14:19 下午 org.openqa.selenium.remote.RemoteWebDriver log
信息: Executed: [null, executeScript {script=var tr = window.top.G_testRunner;return !!tr && tr.isFinished();, args=[]}]
三月 23, 2014 4:14:19 下午 org.openqa.selenium.remote.RemoteWebDriver log
信息: Executing: executeScript [null, executeScript {script=var tr = window.top.G_testRunner;return !!tr && tr.isSuccess();, args=[]}]
三月 23, 2014 4:14:19 下午 org.openqa.selenium.remote.RemoteWebDriver log
信息: Executed: [null, executeScript {script=var tr = window.top.G_testRunner;return !!tr && tr.isSuccess();, args=[]}]
三月 23, 2014 4:14:19 下午 org.openqa.selenium.javascript.ClosureTestStatement evaluate
信息: Running: http://localhost:39296/javascript/atoms/test/interactable_size_test.html
三月 23, 2014 4:14:19 下午 org.openqa.selenium.remote.RemoteWebDriver log
信息: Executing: maximizeWindow [null, maximizeWindow {windowHandle=current}]
三月 23, 2014 4:14:19 下午 org.openqa.selenium.remote.RemoteWebDriver log
信息: Executed: [null, maximizeWindow {windowHandle=current}]
三月 23, 2014 4:14:19 下午 org.openqa.selenium.remote.RemoteWebDriver log
信息: Executing: executeScript [null, executeScript {script=if (window && window.top) window.top.G_testRunner = null, args=[]}]
三月 23, 2014 4:14:19 下午 org.openqa.selenium.remote.RemoteWebDriver log
信息: Executed: [null, executeScript {script=if (window && window.top) window.top.G_testRunner = null, args=[]}]
三月 23, 2014 4:14:19 下午 org.openqa.selenium.remote.RemoteWebDriver log
信息: Executing: get [null, get {url=http://localhost:39296/javascript/atoms/test/interactable_size_test.html}]
三月 23, 2014 4:14:19 下午 org.openqa.selenium.remote.RemoteWebDriver log
信息: Executed: [null, get {url=http://localhost:39296/javascript/atoms/test/interactable_size_test.html}]
三月 23, 2014 4:14:19 下午 org.openqa.selenium.remote.RemoteWebDriver log
信息: Executing: executeScript [null, executeScript {script=var tr = window.top.G_testRunner;return !!tr && tr.isFinished();, args=[]}]
三月 23, 2014 4:14:19 下午 org.openqa.selenium.remote.RemoteWebDriver log
信息: Executed: [null, executeScript {script=var tr = window.top.G_testRunner;return !!tr && tr.isFinished();, args=[]}]
三月 23, 2014 4:14:19 下午 org.openqa.selenium.remote.RemoteWebDriver log
信息: Executing: executeScript [null, executeScript {script=var tr = window.top.G_testRunner;return !!tr && tr.isFinished();, args=[]}]
三月 23, 2014 4:14:19 下午 org.openqa.selenium.remote.RemoteWebDriver log
信息: Executed: [null, executeScript {script=var tr = window.top.G_testRunner;return !!tr && tr.isFinished();, args=[]}]
三月 23, 2014 4:14:19 下午 org.openqa.selenium.remote.RemoteWebDriver log
信息: Executing: executeScript [null, executeScript {script=var tr = window.top.G_testRunner;return !!tr && tr.isFinished();, args=[]}]
三月 23, 2014 4:14:19 下午 org.openqa.selenium.remote.RemoteWebDriver log
信息: Executed: [null, executeScript {script=var tr = window.top.G_testRunner;return !!tr && tr.isFinished();, args=[]}]
三月 23, 2014 4:14:19 下午 org.openqa.selenium.remote.RemoteWebDriver log
信息: Executing: executeScript [null, executeScript {script=var tr = window.top.G_testRunner;return !!tr && tr.isFinished();, args=[]}]
三月 23, 2014 4:14:19 下午 org.openqa.selenium.remote.RemoteWebDriver log
信息: Executed: [null, executeScript {script=var tr = window.top.G_testRunner;return !!tr && tr.isFinished();, args=[]}]
三月 23, 2014 4:14:19 下午 org.openqa.selenium.remote.RemoteWebDriver log
信息: Executing: executeScript [null, executeScript {script=var tr = window.top.G_testRunner;return !!tr && tr.isFinished();, args=[]}]
三月 23, 2014 4:14:19 下午 org.openqa.selenium.remote.RemoteWebDriver log
信息: Executed: [null, executeScript {script=var tr = window.top.G_testRunner;return !!tr && tr.isFinished();, args=[]}]
三月 23, 2014 4:14:19 下午 org.openqa.selenium.remote.RemoteWebDriver log
信息: Executing: executeScript [null, executeScript {script=var tr = window.top.G_testRunner;return !!tr && tr.isSuccess();, args=[]}]
三月 23, 2014 4:14:19 下午 org.openqa.selenium.remote.RemoteWebDriver log
信息: Executed: [null, executeScript {script=var tr = window.top.G_testRunner;return !!tr && tr.isSuccess();, args=[]}]
三月 23, 2014 4:14:19 下午 org.openqa.selenium.javascript.ClosureTestStatement evaluate
信息: Running: http://localhost:39296/javascript/atoms/test/keyboard_test.html
三月 23, 2014 4:14:19 下午 org.openqa.selenium.remote.RemoteWebDriver log
信息: Executing: maximizeWindow [null, maximizeWindow {windowHandle=current}]
三月 23, 2014 4:14:19 下午 org.openqa.selenium.remote.RemoteWebDriver log
信息: Executed: [null, maximizeWindow {windowHandle=current}]
三月 23, 2014 4:14:19 下午 org.openqa.selenium.remote.RemoteWebDriver log
信息: Executing: executeScript [null, executeScript {script=if (window && window.top) window.top.G_testRunner = null, args=[]}]
三月 23, 2014 4:14:19 下午 org.openqa.selenium.remote.RemoteWebDriver log
信息: Executed: [null, executeScript {script=if (window && window.top) window.top.G_testRunner = null, args=[]}]
三月 23, 2014 4:14:19 下午 org.openqa.selenium.remote.RemoteWebDriver log
信息: Executing: get [null, get {url=http://localhost:39296/javascript/atoms/test/keyboard_test.html}]
三月 23, 2014 4:14:20 下午 org.openqa.selenium.remote.RemoteWebDriver log
信息: Executed: [null, get {url=http://localhost:39296/javascript/atoms/test/keyboard_test.html}]
三月 23, 2014 4:14:20 下午 org.openqa.selenium.remote.RemoteWebDriver log
信息: Executing: executeScript [null, executeScript {script=var tr = window.top.G_testRunner;return !!tr && tr.isFinished();, args=[]}]
三月 23, 2014 4:14:20 下午 org.openqa.selenium.remote.RemoteWebDriver log
信息: Executed: [null, executeScript {script=var tr = window.top.G_testRunner;return !!tr && tr.isFinished();, args=[]}]
三月 23, 2014 4:14:20 下午 org.openqa.selenium.remote.RemoteWebDriver log
信息: Executing: executeScript [null, executeScript {script=var tr = window.top.G_testRunner;return !!tr && tr.isFinished();, args=[]}]
三月 23, 2014 4:14:20 下午 org.openqa.selenium.remote.RemoteWebDriver log
信息: Executed: [null, executeScript {script=var tr = window.top.G_testRunner;return !!tr && tr.isFinished();, args=[]}]
三月 23, 2014 4:14:20 下午 org.openqa.selenium.remote.RemoteWebDriver log
信息: Executing: executeScript [null, executeScript {script=var tr = window.top.G_testRunner;return !!tr && tr.isFinished();, args=[]}]
三月 23, 2014 4:14:20 下午 org.openqa.selenium.remote.RemoteWebDriver log
信息: Executed: [null, executeScript {script=var tr = window.top.G_testRunner;return !!tr && tr.isFinished();, args=[]}]
三月 23, 2014 4:14:20 下午 org.openqa.selenium.remote.RemoteWebDriver log
信息: Executing: executeScript [null, executeScript {script=var tr = window.top.G_testRunner;return !!tr && tr.isFinished();, args=[]}]
三月 23, 2014 4:14:20 下午 org.openqa.selenium.remote.RemoteWebDriver log
信息: Executed: [null, executeScript {script=var tr = window.top.G_testRunner;return !!tr && tr.isFinished();, args=[]}]
三月 23, 2014 4:14:20 下午 org.openqa.selenium.remote.RemoteWebDriver log
信息: Executing: executeScript [null, executeScript {script=var tr = window.top.G_testRunner;return !!tr && tr.isFinished();, args=[]}]
三月 23, 2014 4:14:20 下午 org.openqa.selenium.remote.RemoteWebDriver log
信息: Executed: [null, executeScript {script=var tr = window.top.G_testRunner;return !!tr && tr.isFinished();, args=[]}]
三月 23, 2014 4:14:20 下午 org.openqa.selenium.remote.RemoteWebDriver log
信息: Executing: executeScript [null, executeScript {script=var tr = window.top.G_testRunner;return !!tr && tr.isSuccess();, args=[]}]
三月 23, 2014 4:14:20 下午 org.openqa.selenium.remote.RemoteWebDriver log
信息: Executed: [null, executeScript {script=var tr = window.top.G_testRunner;return !!tr && tr.isSuccess();, args=[]}]
三月 23, 2014 4:14:20 下午 org.openqa.selenium.javascript.ClosureTestStatement evaluate
信息: Running: http://localhost:39296/javascript/atoms/test/locator_test.html
三月 23, 2014 4:14:20 下午 org.openqa.selenium.remote.RemoteWebDriver log
信息: Executing: maximizeWindow [null, maximizeWindow {windowHandle=current}]
三月 23, 2014 4:14:20 下午 org.openqa.selenium.remote.RemoteWebDriver log
信息: Executed: [null, maximizeWindow {windowHandle=current}]
三月 23, 2014 4:14:20 下午 org.openqa.selenium.remote.RemoteWebDriver log
信息: Executing: executeScript [null, executeScript {script=if (window && window.top) window.top.G_testRunner = null, args=[]}]
三月 23, 2014 4:14:20 下午 org.openqa.selenium.remote.RemoteWebDriver log
信息: Executed: [null, executeScript {script=if (window && window.top) window.top.G_testRunner = null, args=[]}]
三月 23, 2014 4:14:20 下午 org.openqa.selenium.remote.RemoteWebDriver log
信息: Executing: get [null, get {url=http://localhost:39296/javascript/atoms/test/locator_test.html}]
三月 23, 2014 4:14:20 下午 org.openqa.selenium.remote.RemoteWebDriver log
信息: Executed: [null, get {url=http://localhost:39296/javascript/atoms/test/locator_test.html}]
三月 23, 2014 4:14:20 下午 org.openqa.selenium.remote.RemoteWebDriver log
信息: Executing: executeScript [null, executeScript {script=var tr = window.top.G_testRunner;return !!tr && tr.isFinished();, args=[]}]
三月 23, 2014 4:14:20 下午 org.openqa.selenium.remote.RemoteWebDriver log
信息: Executed: [null, executeScript {script=var tr = window.top.G_testRunner;return !!tr && tr.isFinished();, args=[]}]
三月 23, 2014 4:14:20 下午 org.openqa.selenium.remote.RemoteWebDriver log
信息: Executing: executeScript [null, executeScript {script=var tr = window.top.G_testRunner;return !!tr && tr.isFinished();, args=[]}]
三月 23, 2014 4:14:20 下午 org.openqa.selenium.remote.RemoteWebDriver log
信息: Executed: [null, executeScript {script=var tr = window.top.G_testRunner;return !!tr && tr.isFinished();, args=[]}]
三月 23, 2014 4:14:21 下午 org.openqa.selenium.remote.RemoteWebDriver log
信息: Executing: executeScript [null, executeScript {script=var tr = window.top.G_testRunner;return !!tr && tr.isFinished();, args=[]}]
三月 23, 2014 4:14:21 下午 org.openqa.selenium.remote.RemoteWebDriver log
信息: Executed: [null, executeScript {script=var tr = window.top.G_testRunner;return !!tr && tr.isFinished();, args=[]}]
三月 23, 2014 4:14:21 下午 org.openqa.selenium.remote.RemoteWebDriver log
信息: Executing: executeScript [null, executeScript {script=var tr = window.top.G_testRunner;return !!tr && tr.isFinished();, args=[]}]
三月 23, 2014 4:14:21 下午 org.openqa.selenium.remote.RemoteWebDriver log
信息: Executed: [null, executeScript {script=var tr = window.top.G_testRunner;return !!tr && tr.isFinished();, args=[]}]
三月 23, 2014 4:14:21 下午 org.openqa.selenium.remote.RemoteWebDriver log
信息: Executing: executeScript [null, executeScript {script=var tr = window.top.G_testRunner;return !!tr && tr.isFinished();, args=[]}]
三月 23, 2014 4:14:21 下午 org.openqa.selenium.remote.RemoteWebDriver log
信息: Executed: [null, executeScript {script=var tr = window.top.G_testRunner;return !!tr && tr.isFinished();, args=[]}]
三月 23, 2014 4:14:21 下午 org.openqa.selenium.remote.RemoteWebDriver log
信息: Executing: executeScript [null, executeScript {script=var tr = window.top.G_testRunner;return !!tr && tr.isSuccess();, args=[]}]
三月 23, 2014 4:14:21 下午 org.openqa.selenium.remote.RemoteWebDriver log
信息: Executed: [null, executeScript {script=var tr = window.top.G_testRunner;return !!tr && tr.isSuccess();, args=[]}]
三月 23, 2014 4:14:21 下午 org.openqa.selenium.javascript.ClosureTestStatement evaluate
信息: Running: http://localhost:39296/javascript/atoms/test/mouse_test.html
三月 23, 2014 4:14:21 下午 org.openqa.selenium.remote.RemoteWebDriver log
信息: Executing: maximizeWindow [null, maximizeWindow {windowHandle=current}]
三月 23, 2014 4:14:21 下午 org.openqa.selenium.remote.RemoteWebDriver log
信息: Executed: [null, maximizeWindow {windowHandle=current}]
三月 23, 2014 4:14:21 下午 org.openqa.selenium.remote.RemoteWebDriver log
信息: Executing: executeScript [null, executeScript {script=if (window && window.top) window.top.G_testRunner = null, args=[]}]
三月 23, 2014 4:14:21 下午 org.openqa.selenium.remote.RemoteWebDriver log
信息: Executed: [null, executeScript {script=if (window && window.top) window.top.G_testRunner = null, args=[]}]
三月 23, 2014 4:14:21 下午 org.openqa.selenium.remote.RemoteWebDriver log
信息: Executing: get [null, get {url=http://localhost:39296/javascript/atoms/test/mouse_test.html}]
三月 23, 2014 4:14:21 下午 org.openqa.selenium.remote.RemoteWebDriver log
信息: Executed: [null, get {url=http://localhost:39296/javascript/atoms/test/mouse_test.html}]
三月 23, 2014 4:14:21 下午 org.openqa.selenium.remote.RemoteWebDriver log
信息: Executing: executeScript [null, executeScript {script=var tr = window.top.G_testRunner;return !!tr && tr.isFinished();, args=[]}]
三月 23, 2014 4:14:21 下午 org.openqa.selenium.remote.RemoteWebDriver log
信息: Executed: [null, executeScript {script=var tr = window.top.G_testRunner;return !!tr && tr.isFinished();, args=[]}]
三月 23, 2014 4:14:21 下午 org.openqa.selenium.remote.RemoteWebDriver log
信息: Executing: executeScript [null, executeScript {script=var tr = window.top.G_testRunner;return !!tr && tr.isFinished();, args=[]}]
三月 23, 2014 4:14:21 下午 org.openqa.selenium.remote.RemoteWebDriver log
信息: Executed: [null, executeScript {script=var tr = window.top.G_testRunner;return !!tr && tr.isFinished();, args=[]}]
三月 23, 2014 4:14:21 下午 org.openqa.selenium.remote.RemoteWebDriver log
信息: Executing: executeScript [null, executeScript {script=var tr = window.top.G_testRunner;return !!tr && tr.isFinished();, args=[]}]
三月 23, 2014 4:14:21 下午 org.openqa.selenium.remote.RemoteWebDriver log
信息: Executed: [null, executeScript {script=var tr = window.top.G_testRunner;return !!tr && tr.isFinished();, args=[]}]
三月 23, 2014 4:14:21 下午 org.openqa.selenium.remote.RemoteWebDriver log
信息: Executing: executeScript [null, executeScript {script=var tr = window.top.G_testRunner;return !!tr && tr.isFinished();, args=[]}]
三月 23, 2014 4:14:21 下午 org.openqa.selenium.remote.RemoteWebDriver log
信息: Executed: [null, executeScript {script=var tr = window.top.G_testRunner;return !!tr && tr.isFinished();, args=[]}]
三月 23, 2014 4:14:22 下午 org.openqa.selenium.remote.RemoteWebDriver log
信息: Executing: executeScript [null, executeScript {script=var tr = window.top.G_testRunner;return !!tr && tr.isFinished();, args=[]}]
三月 23, 2014 4:14:22 下午 org.openqa.selenium.remote.RemoteWebDriver log
信息: Executed: [null, executeScript {script=var tr = window.top.G_testRunner;return !!tr && tr.isFinished();, args=[]}]
三月 23, 2014 4:14:22 下午 org.openqa.selenium.remote.RemoteWebDriver log
信息: Executing: executeScript [null, executeScript {script=var tr = window.top.G_testRunner;return !!tr && tr.isSuccess();, args=[]}]
三月 23, 2014 4:14:22 下午 org.openqa.selenium.remote.RemoteWebDriver log
信息: Executed: [null, executeScript {script=var tr = window.top.G_testRunner;return !!tr && tr.isSuccess();, args=[]}]
三月 23, 2014 4:14:22 下午 org.openqa.selenium.javascript.ClosureTestStatement evaluate
信息: Running: http://localhost:39296/javascript/atoms/test/opacity_test.html
三月 23, 2014 4:14:22 下午 org.openqa.selenium.remote.RemoteWebDriver log
信息: Executing: maximizeWindow [null, maximizeWindow {windowHandle=current}]
三月 23, 2014 4:14:22 下午 org.openqa.selenium.remote.RemoteWebDriver log
信息: Executed: [null, maximizeWindow {windowHandle=current}]
三月 23, 2014 4:14:22 下午 org.openqa.selenium.remote.RemoteWebDriver log
信息: Executing: executeScript [null, executeScript {script=if (window && window.top) window.top.G_testRunner = null, args=[]}]
三月 23, 2014 4:14:22 下午 org.openqa.selenium.remote.RemoteWebDriver log
信息: Executed: [null, executeScript {script=if (window && window.top) window.top.G_testRunner = null, args=[]}]
三月 23, 2014 4:14:22 下午 org.openqa.selenium.remote.RemoteWebDriver log
信息: Executing: get [null, get {url=http://localhost:39296/javascript/atoms/test/opacity_test.html}]
三月 23, 2014 4:14:22 下午 org.openqa.selenium.remote.RemoteWebDriver log
信息: Executed: [null, get {url=http://localhost:39296/javascript/atoms/test/opacity_test.html}]
三月 23, 2014 4:14:22 下午 org.openqa.selenium.remote.RemoteWebDriver log
信息: Executing: executeScript [null, executeScript {script=var tr = window.top.G_testRunner;return !!tr && tr.isFinished();, args=[]}]
三月 23, 2014 4:14:22 下午 org.openqa.selenium.remote.RemoteWebDriver log
信息: Executed: [null, executeScript {script=var tr = window.top.G_testRunner;return !!tr && tr.isFinished();, args=[]}]
三月 23, 2014 4:14:22 下午 org.openqa.selenium.remote.RemoteWebDriver log
信息: Executing: executeScript [null, executeScript {script=var tr = window.top.G_testRunner;return !!tr && tr.isFinished();, args=[]}]
三月 23, 2014 4:14:22 下午 org.openqa.selenium.remote.RemoteWebDriver log
信息: Executed: [null, executeScript {script=var tr = window.top.G_testRunner;return !!tr && tr.isFinished();, args=[]}]
三月 23, 2014 4:14:22 下午 org.openqa.selenium.remote.RemoteWebDriver log
信息: Executing: executeScript [null, executeScript {script=var tr = window.top.G_testRunner;return !!tr && tr.isFinished();, args=[]}]
三月 23, 2014 4:14:22 下午 org.openqa.selenium.remote.RemoteWebDriver log
信息: Executed: [null, executeScript {script=var tr = window.top.G_testRunner;return !!tr && tr.isFinished();, args=[]}]
三月 23, 2014 4:14:22 下午 org.openqa.selenium.remote.RemoteWebDriver log
信息: Executing: executeScript [null, executeScript {script=var tr = window.top.G_testRunner;return !!tr && tr.isFinished();, args=[]}]
三月 23, 2014 4:14:22 下午 org.openqa.selenium.remote.RemoteWebDriver log
信息: Executed: [null, executeScript {script=var tr = window.top.G_testRunner;return !!tr && tr.isFinished();, args=[]}]
三月 23, 2014 4:14:22 下午 org.openqa.selenium.remote.RemoteWebDriver log
信息: Executing: executeScript [null, executeScript {script=var tr = window.top.G_testRunner;return !!tr && tr.isFinished();, args=[]}]
三月 23, 2014 4:14:22 下午 org.openqa.selenium.remote.RemoteWebDriver log
信息: Executed: [null, executeScript {script=var tr = window.top.G_testRunner;return !!tr && tr.isFinished();, args=[]}]
三月 23, 2014 4:14:22 下午 org.openqa.selenium.remote.RemoteWebDriver log
信息: Executing: executeScript [null, executeScript {script=var tr = window.top.G_testRunner;return !!tr && tr.isSuccess();, args=[]}]
三月 23, 2014 4:14:22 下午 org.openqa.selenium.remote.RemoteWebDriver log
信息: Executed: [null, executeScript {script=var tr = window.top.G_testRunner;return !!tr && tr.isSuccess();, args=[]}]
三月 23, 2014 4:14:22 下午 org.openqa.selenium.javascript.ClosureTestStatement evaluate
信息: Running: http://localhost:39296/javascript/atoms/test/orientation_test.html
三月 23, 2014 4:14:22 下午 org.openqa.selenium.remote.RemoteWebDriver log
信息: Executing: maximizeWindow [null, maximizeWindow {windowHandle=current}]
三月 23, 2014 4:14:22 下午 org.openqa.selenium.remote.RemoteWebDriver log
信息: Executed: [null, maximizeWindow {windowHandle=current}]
三月 23, 2014 4:14:22 下午 org.openqa.selenium.remote.RemoteWebDriver log
信息: Executing: executeScript [null, executeScript {script=if (window && window.top) window.top.G_testRunner = null, args=[]}]
三月 23, 2014 4:14:22 下午 org.openqa.selenium.remote.RemoteWebDriver log
信息: Executed: [null, executeScript {script=if (window && window.top) window.top.G_testRunner = null, args=[]}]
三月 23, 2014 4:14:22 下午 org.openqa.selenium.remote.RemoteWebDriver log
信息: Executing: get [null, get {url=http://localhost:39296/javascript/atoms/test/orientation_test.html}]
三月 23, 2014 4:14:22 下午 org.openqa.selenium.remote.RemoteWebDriver log
信息: Executed: [null, get {url=http://localhost:39296/javascript/atoms/test/orientation_test.html}]
三月 23, 2014 4:14:22 下午 org.openqa.selenium.remote.RemoteWebDriver log
信息: Executing: executeScript [null, executeScript {script=var tr = window.top.G_testRunner;return !!tr && tr.isFinished();, args=[]}]
三月 23, 2014 4:14:22 下午 org.openqa.selenium.remote.RemoteWebDriver log
信息: Executed: [null, executeScript {script=var tr = window.top.G_testRunner;return !!tr && tr.isFinished();, args=[]}]
三月 23, 2014 4:14:23 下午 org.openqa.selenium.remote.RemoteWebDriver log
信息: Executing: executeScript [null, executeScript {script=var tr = window.top.G_testRunner;return !!tr && tr.isFinished();, args=[]}]
三月 23, 2014 4:14:23 下午 org.openqa.selenium.remote.RemoteWebDriver log
信息: Executed: [null, executeScript {script=var tr = window.top.G_testRunner;return !!tr && tr.isFinished();, args=[]}]
三月 23, 2014 4:14:23 下午 org.openqa.selenium.remote.RemoteWebDriver log
信息: Executing: executeScript [null, executeScript {script=var tr = window.top.G_testRunner;return !!tr && tr.isFinished();, args=[]}]
三月 23, 2014 4:14:23 下午 org.openqa.selenium.remote.RemoteWebDriver log
信息: Executed: [null, executeScript {script=var tr = window.top.G_testRunner;return !!tr && tr.isFinished();, args=[]}]
三月 23, 2014 4:14:23 下午 org.openqa.selenium.remote.RemoteWebDriver log
信息: Executing: executeScript [null, executeScript {script=var tr = window.top.G_testRunner;return !!tr && tr.isFinished();, args=[]}]
三月 23, 2014 4:14:23 下午 org.openqa.selenium.remote.RemoteWebDriver log
信息: Executed: [null, executeScript {script=var tr = window.top.G_testRunner;return !!tr && tr.isFinished();, args=[]}]
三月 23, 2014 4:14:23 下午 org.openqa.selenium.remote.RemoteWebDriver log
信息: Executing: executeScript [null, executeScript {script=var tr = window.top.G_testRunner;return !!tr && tr.isFinished();, args=[]}]
三月 23, 2014 4:14:23 下午 org.openqa.selenium.remote.RemoteWebDriver log
信息: Executed: [null, executeScript {script=var tr = window.top.G_testRunner;return !!tr && tr.isFinished();, args=[]}]
三月 23, 2014 4:14:23 下午 org.openqa.selenium.remote.RemoteWebDriver log
信息: Executing: executeScript [null, executeScript {script=var tr = window.top.G_testRunner;return !!tr && tr.isSuccess();, args=[]}]
三月 23, 2014 4:14:23 下午 org.openqa.selenium.remote.RemoteWebDriver log
信息: Executed: [null, executeScript {script=var tr = window.top.G_testRunner;return !!tr && tr.isSuccess();, args=[]}]
三月 23, 2014 4:14:23 下午 org.openqa.selenium.javascript.ClosureTestStatement evaluate
信息: Running: http://localhost:39296/javascript/atoms/test/overflow_test.html
三月 23, 2014 4:14:23 下午 org.openqa.selenium.remote.RemoteWebDriver log
信息: Executing: maximizeWindow [null, maximizeWindow {windowHandle=current}]
三月 23, 2014 4:14:23 下午 org.openqa.selenium.remote.RemoteWebDriver log
信息: Executed: [null, maximizeWindow {windowHandle=current}]
三月 23, 2014 4:14:23 下午 org.openqa.selenium.remote.RemoteWebDriver log
信息: Executing: executeScript [null, executeScript {script=if (window && window.top) window.top.G_testRunner = null, args=[]}]
三月 23, 2014 4:14:23 下午 org.openqa.selenium.remote.RemoteWebDriver log
信息: Executed: [null, executeScript {script=if (window && window.top) window.top.G_testRunner = null, args=[]}]
三月 23, 2014 4:14:23 下午 org.openqa.selenium.remote.RemoteWebDriver log
信息: Executing: get [null, get {url=http://localhost:39296/javascript/atoms/test/overflow_test.html}]
三月 23, 2014 4:14:23 下午 org.openqa.selenium.remote.RemoteWebDriver log
信息: Executed: [null, get {url=http://localhost:39296/javascript/atoms/test/overflow_test.html}]
三月 23, 2014 4:14:23 下午 org.openqa.selenium.remote.RemoteWebDriver log
信息: Executing: executeScript [null, executeScript {script=var tr = window.top.G_testRunner;return !!tr && tr.isFinished();, args=[]}]
三月 23, 2014 4:14:23 下午 org.openqa.selenium.remote.RemoteWebDriver log
信息: Executed: [null, executeScript {script=var tr = window.top.G_testRunner;return !!tr && tr.isFinished();, args=[]}]
三月 23, 2014 4:14:23 下午 org.openqa.selenium.remote.RemoteWebDriver log
信息: Executing: executeScript [null, executeScript {script=var tr = window.top.G_testRunner;return !!tr && tr.isFinished();, args=[]}]
三月 23, 2014 4:14:23 下午 org.openqa.selenium.remote.RemoteWebDriver log
信息: Executed: [null, executeScript {script=var tr = window.top.G_testRunner;return !!tr && tr.isFinished();, args=[]}]
三月 23, 2014 4:14:23 下午 org.openqa.selenium.remote.RemoteWebDriver log
信息: Executing: executeScript [null, executeScript {script=var tr = window.top.G_testRunner;return !!tr && tr.isFinished();, args=[]}]
三月 23, 2014 4:14:23 下午 org.openqa.selenium.remote.RemoteWebDriver log
信息: Executed: [null, executeScript {script=var tr = window.top.G_testRunner;return !!tr && tr.isFinished();, args=[]}]
三月 23, 2014 4:14:23 下午 org.openqa.selenium.remote.RemoteWebDriver log
信息: Executing: executeScript [null, executeScript {script=var tr = window.top.G_testRunner;return !!tr && tr.isFinished();, args=[]}]
三月 23, 2014 4:14:23 下午 org.openqa.selenium.remote.RemoteWebDriver log
信息: Executed: [null, executeScript {script=var tr = window.top.G_testRunner;return !!tr && tr.isFinished();, args=[]}]
三月 23, 2014 4:14:24 下午 org.openqa.selenium.remote.RemoteWebDriver log
信息: Executing: executeScript [null, executeScript {script=var tr = window.top.G_testRunner;return !!tr && tr.isFinished();, args=[]}]
三月 23, 2014 4:14:24 下午 org.openqa.selenium.remote.RemoteWebDriver log
信息: Executed: [null, executeScript {script=var tr = window.top.G_testRunner;return !!tr && tr.isFinished();, args=[]}]
三月 23, 2014 4:14:24 下午 org.openqa.selenium.remote.RemoteWebDriver log
信息: Executing: executeScript [null, executeScript {script=var tr = window.top.G_testRunner;return !!tr && tr.isFinished();, args=[]}]
三月 23, 2014 4:14:24 下午 org.openqa.selenium.remote.RemoteWebDriver log
信息: Executed: [null, executeScript {script=var tr = window.top.G_testRunner;return !!tr && tr.isFinished();, args=[]}]
三月 23, 2014 4:14:24 下午 org.openqa.selenium.remote.RemoteWebDriver log
信息: Executing: executeScript [null, executeScript {script=var tr = window.top.G_testRunner;return !!tr && tr.isSuccess();, args=[]}]
三月 23, 2014 4:14:24 下午 org.openqa.selenium.remote.RemoteWebDriver log
信息: Executed: [null, executeScript {script=var tr = window.top.G_testRunner;return !!tr && tr.isSuccess();, args=[]}]
三月 23, 2014 4:14:24 下午 org.openqa.selenium.javascript.ClosureTestStatement evaluate
信息: Running: http://localhost:39296/javascript/atoms/test/property_test.html
三月 23, 2014 4:14:24 下午 org.openqa.selenium.remote.RemoteWebDriver log
信息: Executing: maximizeWindow [null, maximizeWindow {windowHandle=current}]
三月 23, 2014 4:14:24 下午 org.openqa.selenium.remote.RemoteWebDriver log
信息: Executed: [null, maximizeWindow {windowHandle=current}]
三月 23, 2014 4:14:24 下午 org.openqa.selenium.remote.RemoteWebDriver log
信息: Executing: executeScript [null, executeScript {script=if (window && window.top) window.top.G_testRunner = null, args=[]}]
三月 23, 2014 4:14:24 下午 org.openqa.selenium.remote.RemoteWebDriver log
信息: Executed: [null, executeScript {script=if (window && window.top) window.top.G_testRunner = null, args=[]}]
三月 23, 2014 4:14:24 下午 org.openqa.selenium.remote.RemoteWebDriver log
信息: Executing: get [null, get {url=http://localhost:39296/javascript/atoms/test/property_test.html}]
三月 23, 2014 4:14:24 下午 org.openqa.selenium.remote.RemoteWebDriver log
信息: Executed: [null, get {url=http://localhost:39296/javascript/atoms/test/property_test.html}]
三月 23, 2014 4:14:24 下午 org.openqa.selenium.remote.RemoteWebDriver log
信息: Executing: executeScript [null, executeScript {script=var tr = window.top.G_testRunner;return !!tr && tr.isFinished();, args=[]}]
三月 23, 2014 4:14:24 下午 org.openqa.selenium.remote.RemoteWebDriver log
信息: Executed: [null, executeScript {script=var tr = window.top.G_testRunner;return !!tr && tr.isFinished();, args=[]}]
三月 23, 2014 4:14:24 下午 org.openqa.selenium.remote.RemoteWebDriver log
信息: Executing: executeScript [null, executeScript {script=var tr = window.top.G_testRunner;return !!tr && tr.isFinished();, args=[]}]
三月 23, 2014 4:14:24 下午 org.openqa.selenium.remote.RemoteWebDriver log
信息: Executed: [null, executeScript {script=var tr = window.top.G_testRunner;return !!tr && tr.isFinished();, args=[]}]
三月 23, 2014 4:14:24 下午 org.openqa.selenium.remote.RemoteWebDriver log
信息: Executing: executeScript [null, executeScript {script=var tr = window.top.G_testRunner;return !!tr && tr.isFinished();, args=[]}]
三月 23, 2014 4:14:24 下午 org.openqa.selenium.remote.RemoteWebDriver log
信息: Executed: [null, executeScript {script=var tr = window.top.G_testRunner;return !!tr && tr.isFinished();, args=[]}]
三月 23, 2014 4:14:24 下午 org.openqa.selenium.remote.RemoteWebDriver log
信息: Executing: executeScript [null, executeScript {script=var tr = window.top.G_testRunner;return !!tr && tr.isFinished();, args=[]}]
三月 23, 2014 4:14:24 下午 org.openqa.selenium.remote.RemoteWebDriver log
信息: Executed: [null, executeScript {script=var tr = window.top.G_testRunner;return !!tr && tr.isFinished();, args=[]}]
三月 23, 2014 4:14:25 下午 org.openqa.selenium.remote.RemoteWebDriver log
信息: Executing: executeScript [null, executeScript {script=var tr = window.top.G_testRunner;return !!tr && tr.isFinished();, args=[]}]
三月 23, 2014 4:14:25 下午 org.openqa.selenium.remote.RemoteWebDriver log
信息: Executed: [null, executeScript {script=var tr = window.top.G_testRunner;return !!tr && tr.isFinished();, args=[]}]
三月 23, 2014 4:14:25 下午 org.openqa.selenium.remote.RemoteWebDriver log
信息: Executing: executeScript [null, executeScript {script=var tr = window.top.G_testRunner;return !!tr && tr.isSuccess();, args=[]}]
三月 23, 2014 4:14:25 下午 org.openqa.selenium.remote.RemoteWebDriver log
信息: Executed: [null, executeScript {script=var tr = window.top.G_testRunner;return !!tr && tr.isSuccess();, args=[]}]
三月 23, 2014 4:14:25 下午 org.openqa.selenium.javascript.ClosureTestStatement evaluate
信息: Running: http://localhost:39296/javascript/atoms/test/response_test.html
三月 23, 2014 4:14:25 下午 org.openqa.selenium.remote.RemoteWebDriver log
信息: Executing: maximizeWindow [null, maximizeWindow {windowHandle=current}]
三月 23, 2014 4:14:25 下午 org.openqa.selenium.remote.RemoteWebDriver log
信息: Executed: [null, maximizeWindow {windowHandle=current}]
三月 23, 2014 4:14:25 下午 org.openqa.selenium.remote.RemoteWebDriver log
信息: Executing: executeScript [null, executeScript {script=if (window && window.top) window.top.G_testRunner = null, args=[]}]
三月 23, 2014 4:14:25 下午 org.openqa.selenium.remote.RemoteWebDriver log
信息: Executed: [null, executeScript {script=if (window && window.top) window.top.G_testRunner = null, args=[]}]
三月 23, 2014 4:14:25 下午 org.openqa.selenium.remote.RemoteWebDriver log
信息: Executing: get [null, get {url=http://localhost:39296/javascript/atoms/test/response_test.html}]
三月 23, 2014 4:14:25 下午 org.openqa.selenium.remote.RemoteWebDriver log
信息: Executed: [null, get {url=http://localhost:39296/javascript/atoms/test/response_test.html}]
三月 23, 2014 4:14:25 下午 org.openqa.selenium.remote.RemoteWebDriver log
信息: Executing: executeScript [null, executeScript {script=var tr = window.top.G_testRunner;return !!tr && tr.isFinished();, args=[]}]
三月 23, 2014 4:14:25 下午 org.openqa.selenium.remote.RemoteWebDriver log
信息: Executed: [null, executeScript {script=var tr = window.top.G_testRunner;return !!tr && tr.isFinished();, args=[]}]
三月 23, 2014 4:14:25 下午 org.openqa.selenium.remote.RemoteWebDriver log
信息: Executing: executeScript [null, executeScript {script=var tr = window.top.G_testRunner;return !!tr && tr.isFinished();, args=[]}]
三月 23, 2014 4:14:25 下午 org.openqa.selenium.remote.RemoteWebDriver log
信息: Executed: [null, executeScript {script=var tr = window.top.G_testRunner;return !!tr && tr.isFinished();, args=[]}]
三月 23, 2014 4:14:25 下午 org.openqa.selenium.remote.RemoteWebDriver log
信息: Executing: executeScript [null, executeScript {script=var tr = window.top.G_testRunner;return !!tr && tr.isFinished();, args=[]}]
三月 23, 2014 4:14:25 下午 org.openqa.selenium.remote.RemoteWebDriver log
信息: Executed: [null, executeScript {script=var tr = window.top.G_testRunner;return !!tr && tr.isFinished();, args=[]}]
三月 23, 2014 4:14:25 下午 org.openqa.selenium.remote.RemoteWebDriver log
信息: Executing: executeScript [null, executeScript {script=var tr = window.top.G_testRunner;return !!tr && tr.isFinished();, args=[]}]
三月 23, 2014 4:14:25 下午 org.openqa.selenium.remote.RemoteWebDriver log
信息: Executed: [null, executeScript {script=var tr = window.top.G_testRunner;return !!tr && tr.isFinished();, args=[]}]
三月 23, 2014 4:14:25 下午 org.openqa.selenium.remote.RemoteWebDriver log
信息: Executing: executeScript [null, executeScript {script=var tr = window.top.G_testRunner;return !!tr && tr.isFinished();, args=[]}]
三月 23, 2014 4:14:25 下午 org.openqa.selenium.remote.RemoteWebDriver log
信息: Executed: [null, executeScript {script=var tr = window.top.G_testRunner;return !!tr && tr.isFinished();, args=[]}]
三月 23, 2014 4:14:25 下午 org.openqa.selenium.remote.RemoteWebDriver log
信息: Executing: executeScript [null, executeScript {script=var tr = window.top.G_testRunner;return !!tr && tr.isSuccess();, args=[]}]
三月 23, 2014 4:14:25 下午 org.openqa.selenium.remote.RemoteWebDriver log
信息: Executed: [null, executeScript {script=var tr = window.top.G_testRunner;return !!tr && tr.isSuccess();, args=[]}]
三月 23, 2014 4:14:25 下午 org.openqa.selenium.javascript.ClosureTestStatement evaluate
信息: Running: http://localhost:39296/javascript/atoms/test/scrolling_test.html
三月 23, 2014 4:14:25 下午 org.openqa.selenium.remote.RemoteWebDriver log
信息: Executing: maximizeWindow [null, maximizeWindow {windowHandle=current}]
三月 23, 2014 4:14:25 下午 org.openqa.selenium.remote.RemoteWebDriver log
信息: Executed: [null, maximizeWindow {windowHandle=current}]
三月 23, 2014 4:14:25 下午 org.openqa.selenium.remote.RemoteWebDriver log
信息: Executing: executeScript [null, executeScript {script=if (window && window.top) window.top.G_testRunner = null, args=[]}]
三月 23, 2014 4:14:25 下午 org.openqa.selenium.remote.RemoteWebDriver log
信息: Executed: [null, executeScript {script=if (window && window.top) window.top.G_testRunner = null, args=[]}]
三月 23, 2014 4:14:25 下午 org.openqa.selenium.remote.RemoteWebDriver log
信息: Executing: get [null, get {url=http://localhost:39296/javascript/atoms/test/scrolling_test.html}]
三月 23, 2014 4:14:25 下午 org.openqa.selenium.remote.RemoteWebDriver log
信息: Executed: [null, get {url=http://localhost:39296/javascript/atoms/test/scrolling_test.html}]
三月 23, 2014 4:14:25 下午 org.openqa.selenium.remote.RemoteWebDriver log
信息: Executing: executeScript [null, executeScript {script=var tr = window.top.G_testRunner;return !!tr && tr.isFinished();, args=[]}]
三月 23, 2014 4:14:25 下午 org.openqa.selenium.remote.RemoteWebDriver log
信息: Executed: [null, executeScript {script=var tr = window.top.G_testRunner;return !!tr && tr.isFinished();, args=[]}]
三月 23, 2014 4:14:26 下午 org.openqa.selenium.remote.RemoteWebDriver log
信息: Executing: executeScript [null, executeScript {script=var tr = window.top.G_testRunner;return !!tr && tr.isFinished();, args=[]}]
三月 23, 2014 4:14:26 下午 org.openqa.selenium.remote.RemoteWebDriver log
信息: Executed: [null, executeScript {script=var tr = window.top.G_testRunner;return !!tr && tr.isFinished();, args=[]}]
三月 23, 2014 4:14:26 下午 org.openqa.selenium.remote.RemoteWebDriver log
信息: Executing: executeScript [null, executeScript {script=var tr = window.top.G_testRunner;return !!tr && tr.isFinished();, args=[]}]
三月 23, 2014 4:14:26 下午 org.openqa.selenium.remote.RemoteWebDriver log
信息: Executed: [null, executeScript {script=var tr = window.top.G_testRunner;return !!tr && tr.isFinished();, args=[]}]
三月 23, 2014 4:14:26 下午 org.openqa.selenium.remote.RemoteWebDriver log
信息: Executing: executeScript [null, executeScript {script=var tr = window.top.G_testRunner;return !!tr && tr.isFinished();, args=[]}]
三月 23, 2014 4:14:26 下午 org.openqa.selenium.remote.RemoteWebDriver log
信息: Executed: [null, executeScript {script=var tr = window.top.G_testRunner;return !!tr && tr.isFinished();, args=[]}]
三月 23, 2014 4:14:26 下午 org.openqa.selenium.remote.RemoteWebDriver log
信息: Executing: executeScript [null, executeScript {script=var tr = window.top.G_testRunner;return !!tr && tr.isFinished();, args=[]}]
三月 23, 2014 4:14:26 下午 org.openqa.selenium.remote.RemoteWebDriver log
信息: Executed: [null, executeScript {script=var tr = window.top.G_testRunner;return !!tr && tr.isFinished();, args=[]}]
三月 23, 2014 4:14:26 下午 org.openqa.selenium.remote.RemoteWebDriver log
信息: Executing: executeScript [null, executeScript {script=var tr = window.top.G_testRunner;return !!tr && tr.isSuccess();, args=[]}]
三月 23, 2014 4:14:26 下午 org.openqa.selenium.remote.RemoteWebDriver log
信息: Executed: [null, executeScript {script=var tr = window.top.G_testRunner;return !!tr && tr.isSuccess();, args=[]}]
三月 23, 2014 4:14:26 下午 org.openqa.selenium.javascript.ClosureTestStatement evaluate
信息: Running: http://localhost:39296/javascript/atoms/test/select_test.html
三月 23, 2014 4:14:26 下午 org.openqa.selenium.remote.RemoteWebDriver log
信息: Executing: maximizeWindow [null, maximizeWindow {windowHandle=current}]
三月 23, 2014 4:14:26 下午 org.openqa.selenium.remote.RemoteWebDriver log
信息: Executed: [null, maximizeWindow {windowHandle=current}]
三月 23, 2014 4:14:26 下午 org.openqa.selenium.remote.RemoteWebDriver log
信息: Executing: executeScript [null, executeScript {script=if (window && window.top) window.top.G_testRunner = null, args=[]}]
三月 23, 2014 4:14:26 下午 org.openqa.selenium.remote.RemoteWebDriver log
信息: Executed: [null, executeScript {script=if (window && window.top) window.top.G_testRunner = null, args=[]}]
三月 23, 2014 4:14:26 下午 org.openqa.selenium.remote.RemoteWebDriver log
信息: Executing: get [null, get {url=http://localhost:39296/javascript/atoms/test/select_test.html}]
三月 23, 2014 4:14:26 下午 org.openqa.selenium.remote.RemoteWebDriver log
信息: Executed: [null, get {url=http://localhost:39296/javascript/atoms/test/select_test.html}]
三月 23, 2014 4:14:26 下午 org.openqa.selenium.remote.RemoteWebDriver log
信息: Executing: executeScript [null, executeScript {script=var tr = window.top.G_testRunner;return !!tr && tr.isFinished();, args=[]}]
三月 23, 2014 4:14:26 下午 org.openqa.selenium.remote.RemoteWebDriver log
信息: Executed: [null, executeScript {script=var tr = window.top.G_testRunner;return !!tr && tr.isFinished();, args=[]}]
三月 23, 2014 4:14:26 下午 org.openqa.selenium.remote.RemoteWebDriver log
信息: Executing: executeScript [null, executeScript {script=var tr = window.top.G_testRunner;return !!tr && tr.isFinished();, args=[]}]
三月 23, 2014 4:14:26 下午 org.openqa.selenium.remote.RemoteWebDriver log
信息: Executed: [null, executeScript {script=var tr = window.top.G_testRunner;return !!tr && tr.isFinished();, args=[]}]
三月 23, 2014 4:14:26 下午 org.openqa.selenium.remote.RemoteWebDriver log
信息: Executing: executeScript [null, executeScript {script=var tr = window.top.G_testRunner;return !!tr && tr.isFinished();, args=[]}]
三月 23, 2014 4:14:26 下午 org.openqa.selenium.remote.RemoteWebDriver log
信息: Executed: [null, executeScript {script=var tr = window.top.G_testRunner;return !!tr && tr.isFinished();, args=[]}]
三月 23, 2014 4:14:27 下午 org.openqa.selenium.remote.RemoteWebDriver log
信息: Executing: executeScript [null, executeScript {script=var tr = window.top.G_testRunner;return !!tr && tr.isFinished();, args=[]}]
三月 23, 2014 4:14:27 下午 org.openqa.selenium.remote.RemoteWebDriver log
信息: Executed: [null, executeScript {script=var tr = window.top.G_testRunner;return !!tr && tr.isFinished();, args=[]}]
三月 23, 2014 4:14:27 下午 org.openqa.selenium.remote.RemoteWebDriver log
信息: Executing: executeScript [null, executeScript {script=var tr = window.top.G_testRunner;return !!tr && tr.isFinished();, args=[]}]
三月 23, 2014 4:14:27 下午 org.openqa.selenium.remote.RemoteWebDriver log
信息: Executed: [null, executeScript {script=var tr = window.top.G_testRunner;return !!tr && tr.isFinished();, args=[]}]
三月 23, 2014 4:14:27 下午 org.openqa.selenium.remote.RemoteWebDriver log
信息: Executing: executeScript [null, executeScript {script=var tr = window.top.G_testRunner;return !!tr && tr.isSuccess();, args=[]}]
三月 23, 2014 4:14:27 下午 org.openqa.selenium.remote.RemoteWebDriver log
信息: Executed: [null, executeScript {script=var tr = window.top.G_testRunner;return !!tr && tr.isSuccess();, args=[]}]
三月 23, 2014 4:14:27 下午 org.openqa.selenium.remote.RemoteWebDriver log
信息: Executing: executeScript [null, executeScript {script=var tr = window.top.G_testRunner;return tr.getReport(true);, args=[]}]
三月 23, 2014 4:14:27 下午 org.openqa.selenium.remote.RemoteWebDriver log
信息: Executed: [null, executeScript {script=var tr = window.top.G_testRunner;return tr.getReport(true);, args=[]}]
三月 23, 2014 4:14:27 下午 org.openqa.selenium.javascript.ClosureTestStatement evaluate
信息: Running: http://localhost:39296/javascript/atoms/test/shown_test.html
三月 23, 2014 4:14:27 下午 org.openqa.selenium.remote.RemoteWebDriver log
信息: Executing: maximizeWindow [null, maximizeWindow {windowHandle=current}]
三月 23, 2014 4:14:27 下午 org.openqa.selenium.remote.RemoteWebDriver log
信息: Executed: [null, maximizeWindow {windowHandle=current}]
三月 23, 2014 4:14:27 下午 org.openqa.selenium.remote.RemoteWebDriver log
信息: Executing: executeScript [null, executeScript {script=if (window && window.top) window.top.G_testRunner = null, args=[]}]
三月 23, 2014 4:14:27 下午 org.openqa.selenium.remote.RemoteWebDriver log
信息: Executed: [null, executeScript {script=if (window && window.top) window.top.G_testRunner = null, args=[]}]
三月 23, 2014 4:14:27 下午 org.openqa.selenium.remote.RemoteWebDriver log
信息: Executing: get [null, get {url=http://localhost:39296/javascript/atoms/test/shown_test.html}]
三月 23, 2014 4:14:27 下午 org.openqa.selenium.remote.RemoteWebDriver log
信息: Executed: [null, get {url=http://localhost:39296/javascript/atoms/test/shown_test.html}]
三月 23, 2014 4:14:27 下午 org.openqa.selenium.remote.RemoteWebDriver log
信息: Executing: executeScript [null, executeScript {script=var tr = window.top.G_testRunner;return !!tr && tr.isFinished();, args=[]}]
三月 23, 2014 4:14:27 下午 org.openqa.selenium.remote.RemoteWebDriver log
信息: Executed: [null, executeScript {script=var tr = window.top.G_testRunner;return !!tr && tr.isFinished();, args=[]}]
三月 23, 2014 4:14:27 下午 org.openqa.selenium.remote.RemoteWebDriver log
信息: Executing: executeScript [null, executeScript {script=var tr = window.top.G_testRunner;return !!tr && tr.isFinished();, args=[]}]
三月 23, 2014 4:14:27 下午 org.openqa.selenium.remote.RemoteWebDriver log
信息: Executed: [null, executeScript {script=var tr = window.top.G_testRunner;return !!tr && tr.isFinished();, args=[]}]
三月 23, 2014 4:14:27 下午 org.openqa.selenium.remote.RemoteWebDriver log
信息: Executing: executeScript [null, executeScript {script=var tr = window.top.G_testRunner;return !!tr && tr.isFinished();, args=[]}]
三月 23, 2014 4:14:27 下午 org.openqa.selenium.remote.RemoteWebDriver log
信息: Executed: [null, executeScript {script=var tr = window.top.G_testRunner;return !!tr && tr.isFinished();, args=[]}]
三月 23, 2014 4:14:27 下午 org.openqa.selenium.remote.RemoteWebDriver log
信息: Executing: executeScript [null, executeScript {script=var tr = window.top.G_testRunner;return !!tr && tr.isFinished();, args=[]}]
三月 23, 2014 4:14:27 下午 org.openqa.selenium.remote.RemoteWebDriver log
信息: Executed: [null, executeScript {script=var tr = window.top.G_testRunner;return !!tr && tr.isFinished();, args=[]}]
三月 23, 2014 4:14:27 下午 org.openqa.selenium.remote.RemoteWebDriver log
信息: Executing: executeScript [null, executeScript {script=var tr = window.top.G_testRunner;return !!tr && tr.isFinished();, args=[]}]
三月 23, 2014 4:14:27 下午 org.openqa.selenium.remote.RemoteWebDriver log
信息: Executed: [null, executeScript {script=var tr = window.top.G_testRunner;return !!tr && tr.isFinished();, args=[]}]
三月 23, 2014 4:14:27 下午 org.openqa.selenium.remote.RemoteWebDriver log
信息: Executing: executeScript [null, executeScript {script=var tr = window.top.G_testRunner;return !!tr && tr.isSuccess();, args=[]}]
三月 23, 2014 4:14:27 下午 org.openqa.selenium.remote.RemoteWebDriver log
信息: Executed: [null, executeScript {script=var tr = window.top.G_testRunner;return !!tr && tr.isSuccess();, args=[]}]
三月 23, 2014 4:14:27 下午 org.openqa.selenium.javascript.ClosureTestStatement evaluate
信息: Running: http://localhost:39296/javascript/atoms/test/style_test.html
三月 23, 2014 4:14:27 下午 org.openqa.selenium.remote.RemoteWebDriver log
信息: Executing: maximizeWindow [null, maximizeWindow {windowHandle=current}]
三月 23, 2014 4:14:27 下午 org.openqa.selenium.remote.RemoteWebDriver log
信息: Executed: [null, maximizeWindow {windowHandle=current}]
三月 23, 2014 4:14:27 下午 org.openqa.selenium.remote.RemoteWebDriver log
信息: Executing: executeScript [null, executeScript {script=if (window && window.top) window.top.G_testRunner = null, args=[]}]
三月 23, 2014 4:14:28 下午 org.openqa.selenium.remote.RemoteWebDriver log
信息: Executed: [null, executeScript {script=if (window && window.top) window.top.G_testRunner = null, args=[]}]
三月 23, 2014 4:14:28 下午 org.openqa.selenium.remote.RemoteWebDriver log
信息: Executing: get [null, get {url=http://localhost:39296/javascript/atoms/test/style_test.html}]
三月 23, 2014 4:14:28 下午 org.openqa.selenium.remote.RemoteWebDriver log
信息: Executed: [null, get {url=http://localhost:39296/javascript/atoms/test/style_test.html}]
三月 23, 2014 4:14:28 下午 org.openqa.selenium.remote.RemoteWebDriver log
信息: Executing: executeScript [null, executeScript {script=var tr = window.top.G_testRunner;return !!tr && tr.isFinished();, args=[]}]
三月 23, 2014 4:14:28 下午 org.openqa.selenium.remote.RemoteWebDriver log
信息: Executed: [null, executeScript {script=var tr = window.top.G_testRunner;return !!tr && tr.isFinished();, args=[]}]
三月 23, 2014 4:14:28 下午 org.openqa.selenium.remote.RemoteWebDriver log
信息: Executing: executeScript [null, executeScript {script=var tr = window.top.G_testRunner;return !!tr && tr.isFinished();, args=[]}]
三月 23, 2014 4:14:28 下午 org.openqa.selenium.remote.RemoteWebDriver log
信息: Executed: [null, executeScript {script=var tr = window.top.G_testRunner;return !!tr && tr.isFinished();, args=[]}]
三月 23, 2014 4:14:28 下午 org.openqa.selenium.remote.RemoteWebDriver log
信息: Executing: executeScript [null, executeScript {script=var tr = window.top.G_testRunner;return !!tr && tr.isFinished();, args=[]}]
三月 23, 2014 4:14:28 下午 org.openqa.selenium.remote.RemoteWebDriver log
信息: Executed: [null, executeScript {script=var tr = window.top.G_testRunner;return !!tr && tr.isFinished();, args=[]}]
三月 23, 2014 4:14:28 下午 org.openqa.selenium.remote.RemoteWebDriver log
信息: Executing: executeScript [null, executeScript {script=var tr = window.top.G_testRunner;return !!tr && tr.isFinished();, args=[]}]
三月 23, 2014 4:14:28 下午 org.openqa.selenium.remote.RemoteWebDriver log
信息: Executed: [null, executeScript {script=var tr = window.top.G_testRunner;return !!tr && tr.isFinished();, args=[]}]
三月 23, 2014 4:14:28 下午 org.openqa.selenium.remote.RemoteWebDriver log
信息: Executing: executeScript [null, executeScript {script=var tr = window.top.G_testRunner;return !!tr && tr.isFinished();, args=[]}]
三月 23, 2014 4:14:28 下午 org.openqa.selenium.remote.RemoteWebDriver log
信息: Executed: [null, executeScript {script=var tr = window.top.G_testRunner;return !!tr && tr.isFinished();, args=[]}]
三月 23, 2014 4:14:28 下午 org.openqa.selenium.remote.RemoteWebDriver log
信息: Executing: executeScript [null, executeScript {script=var tr = window.top.G_testRunner;return !!tr && tr.isSuccess();, args=[]}]
三月 23, 2014 4:14:28 下午 org.openqa.selenium.remote.RemoteWebDriver log
信息: Executed: [null, executeScript {script=var tr = window.top.G_testRunner;return !!tr && tr.isSuccess();, args=[]}]
三月 23, 2014 4:14:28 下午 org.openqa.selenium.javascript.ClosureTestStatement evaluate
信息: Running: http://localhost:39296/javascript/atoms/test/svg_test.html
三月 23, 2014 4:14:28 下午 org.openqa.selenium.remote.RemoteWebDriver log
信息: Executing: maximizeWindow [null, maximizeWindow {windowHandle=current}]
三月 23, 2014 4:14:28 下午 org.openqa.selenium.remote.RemoteWebDriver log
信息: Executed: [null, maximizeWindow {windowHandle=current}]
三月 23, 2014 4:14:28 下午 org.openqa.selenium.remote.RemoteWebDriver log
信息: Executing: executeScript [null, executeScript {script=if (window && window.top) window.top.G_testRunner = null, args=[]}]
三月 23, 2014 4:14:28 下午 org.openqa.selenium.remote.RemoteWebDriver log
信息: Executed: [null, executeScript {script=if (window && window.top) window.top.G_testRunner = null, args=[]}]
三月 23, 2014 4:14:28 下午 org.openqa.selenium.remote.RemoteWebDriver log
信息: Executing: get [null, get {url=http://localhost:39296/javascript/atoms/test/svg_test.html}]
三月 23, 2014 4:14:28 下午 org.openqa.selenium.remote.RemoteWebDriver log
信息: Executed: [null, get {url=http://localhost:39296/javascript/atoms/test/svg_test.html}]
三月 23, 2014 4:14:28 下午 org.openqa.selenium.remote.RemoteWebDriver log
信息: Executing: executeScript [null, executeScript {script=var tr = window.top.G_testRunner;return !!tr && tr.isFinished();, args=[]}]
三月 23, 2014 4:14:28 下午 org.openqa.selenium.remote.RemoteWebDriver log
信息: Executed: [null, executeScript {script=var tr = window.top.G_testRunner;return !!tr && tr.isFinished();, args=[]}]
三月 23, 2014 4:14:29 下午 org.openqa.selenium.remote.RemoteWebDriver log
信息: Executing: executeScript [null, executeScript {script=var tr = window.top.G_testRunner;return !!tr && tr.isFinished();, args=[]}]
三月 23, 2014 4:14:29 下午 org.openqa.selenium.remote.RemoteWebDriver log
信息: Executed: [null, executeScript {script=var tr = window.top.G_testRunner;return !!tr && tr.isFinished();, args=[]}]
三月 23, 2014 4:14:29 下午 org.openqa.selenium.remote.RemoteWebDriver log
信息: Executing: executeScript [null, executeScript {script=var tr = window.top.G_testRunner;return !!tr && tr.isFinished();, args=[]}]
三月 23, 2014 4:14:29 下午 org.openqa.selenium.remote.RemoteWebDriver log
信息: Executed: [null, executeScript {script=var tr = window.top.G_testRunner;return !!tr && tr.isFinished();, args=[]}]
三月 23, 2014 4:14:29 下午 org.openqa.selenium.remote.RemoteWebDriver log
信息: Executing: executeScript [null, executeScript {script=var tr = window.top.G_testRunner;return !!tr && tr.isFinished();, args=[]}]
三月 23, 2014 4:14:29 下午 org.openqa.selenium.remote.RemoteWebDriver log
信息: Executed: [null, executeScript {script=var tr = window.top.G_testRunner;return !!tr && tr.isFinished();, args=[]}]
三月 23, 2014 4:14:29 下午 org.openqa.selenium.remote.RemoteWebDriver log
信息: Executing: executeScript [null, executeScript {script=var tr = window.top.G_testRunner;return !!tr && tr.isFinished();, args=[]}]
三月 23, 2014 4:14:29 下午 org.openqa.selenium.remote.RemoteWebDriver log
信息: Executed: [null, executeScript {script=var tr = window.top.G_testRunner;return !!tr && tr.isFinished();, args=[]}]
三月 23, 2014 4:14:29 下午 org.openqa.selenium.remote.RemoteWebDriver log
信息: Executing: executeScript [null, executeScript {script=var tr = window.top.G_testRunner;return !!tr && tr.isSuccess();, args=[]}]
三月 23, 2014 4:14:29 下午 org.openqa.selenium.remote.RemoteWebDriver log
信息: Executed: [null, executeScript {script=var tr = window.top.G_testRunner;return !!tr && tr.isSuccess();, args=[]}]
三月 23, 2014 4:14:29 下午 org.openqa.selenium.javascript.ClosureTestStatement evaluate
信息: Running: http://localhost:39296/javascript/atoms/test/text_box_test.html
三月 23, 2014 4:14:29 下午 org.openqa.selenium.remote.RemoteWebDriver log
信息: Executing: maximizeWindow [null, maximizeWindow {windowHandle=current}]
三月 23, 2014 4:14:29 下午 org.openqa.selenium.remote.RemoteWebDriver log
信息: Executed: [null, maximizeWindow {windowHandle=current}]
三月 23, 2014 4:14:29 下午 org.openqa.selenium.remote.RemoteWebDriver log
信息: Executing: executeScript [null, executeScript {script=if (window && window.top) window.top.G_testRunner = null, args=[]}]
三月 23, 2014 4:14:29 下午 org.openqa.selenium.remote.RemoteWebDriver log
信息: Executed: [null, executeScript {script=if (window && window.top) window.top.G_testRunner = null, args=[]}]
三月 23, 2014 4:14:29 下午 org.openqa.selenium.remote.RemoteWebDriver log
信息: Executing: get [null, get {url=http://localhost:39296/javascript/atoms/test/text_box_test.html}]
三月 23, 2014 4:14:29 下午 org.openqa.selenium.remote.RemoteWebDriver log
信息: Executed: [null, get {url=http://localhost:39296/javascript/atoms/test/text_box_test.html}]
三月 23, 2014 4:14:29 下午 org.openqa.selenium.remote.RemoteWebDriver log
信息: Executing: executeScript [null, executeScript {script=var tr = window.top.G_testRunner;return !!tr && tr.isFinished();, args=[]}]
三月 23, 2014 4:14:29 下午 org.openqa.selenium.remote.RemoteWebDriver log
信息: Executed: [null, executeScript {script=var tr = window.top.G_testRunner;return !!tr && tr.isFinished();, args=[]}]
三月 23, 2014 4:14:29 下午 org.openqa.selenium.remote.RemoteWebDriver log
信息: Executing: executeScript [null, executeScript {script=var tr = window.top.G_testRunner;return !!tr && tr.isFinished();, args=[]}]
三月 23, 2014 4:14:29 下午 org.openqa.selenium.remote.RemoteWebDriver log
信息: Executed: [null, executeScript {script=var tr = window.top.G_testRunner;return !!tr && tr.isFinished();, args=[]}]
三月 23, 2014 4:14:29 下午 org.openqa.selenium.remote.RemoteWebDriver log
信息: Executing: executeScript [null, executeScript {script=var tr = window.top.G_testRunner;return !!tr && tr.isFinished();, args=[]}]
三月 23, 2014 4:14:29 下午 org.openqa.selenium.remote.RemoteWebDriver log
信息: Executed: [null, executeScript {script=var tr = window.top.G_testRunner;return !!tr && tr.isFinished();, args=[]}]
三月 23, 2014 4:14:29 下午 org.openqa.selenium.remote.RemoteWebDriver log
信息: Executing: executeScript [null, executeScript {script=var tr = window.top.G_testRunner;return !!tr && tr.isFinished();, args=[]}]
三月 23, 2014 4:14:29 下午 org.openqa.selenium.remote.RemoteWebDriver log
信息: Executed: [null, executeScript {script=var tr = window.top.G_testRunner;return !!tr && tr.isFinished();, args=[]}]
三月 23, 2014 4:14:30 下午 org.openqa.selenium.remote.RemoteWebDriver log
信息: Executing: executeScript [null, executeScript {script=var tr = window.top.G_testRunner;return !!tr && tr.isFinished();, args=[]}]
三月 23, 2014 4:14:30 下午 org.openqa.selenium.remote.RemoteWebDriver log
信息: Executed: [null, executeScript {script=var tr = window.top.G_testRunner;return !!tr && tr.isFinished();, args=[]}]
三月 23, 2014 4:14:30 下午 org.openqa.selenium.remote.RemoteWebDriver log
信息: Executing: executeScript [null, executeScript {script=var tr = window.top.G_testRunner;return !!tr && tr.isSuccess();, args=[]}]
三月 23, 2014 4:14:30 下午 org.openqa.selenium.remote.RemoteWebDriver log
信息: Executed: [null, executeScript {script=var tr = window.top.G_testRunner;return !!tr && tr.isSuccess();, args=[]}]
三月 23, 2014 4:14:30 下午 org.openqa.selenium.javascript.ClosureTestStatement evaluate
信息: Running: http://localhost:39296/javascript/atoms/test/text_table_test.html
三月 23, 2014 4:14:30 下午 org.openqa.selenium.remote.RemoteWebDriver log
信息: Executing: maximizeWindow [null, maximizeWindow {windowHandle=current}]
三月 23, 2014 4:14:30 下午 org.openqa.selenium.remote.RemoteWebDriver log
信息: Executed: [null, maximizeWindow {windowHandle=current}]
三月 23, 2014 4:14:30 下午 org.openqa.selenium.remote.RemoteWebDriver log
信息: Executing: executeScript [null, executeScript {script=if (window && window.top) window.top.G_testRunner = null, args=[]}]
三月 23, 2014 4:14:30 下午 org.openqa.selenium.remote.RemoteWebDriver log
信息: Executed: [null, executeScript {script=if (window && window.top) window.top.G_testRunner = null, args=[]}]
三月 23, 2014 4:14:30 下午 org.openqa.selenium.remote.RemoteWebDriver log
信息: Executing: get [null, get {url=http://localhost:39296/javascript/atoms/test/text_table_test.html}]
三月 23, 2014 4:14:30 下午 org.openqa.selenium.remote.RemoteWebDriver log
信息: Executed: [null, get {url=http://localhost:39296/javascript/atoms/test/text_table_test.html}]
三月 23, 2014 4:14:30 下午 org.openqa.selenium.remote.RemoteWebDriver log
信息: Executing: executeScript [null, executeScript {script=var tr = window.top.G_testRunner;return !!tr && tr.isFinished();, args=[]}]
三月 23, 2014 4:14:30 下午 org.openqa.selenium.remote.RemoteWebDriver log
信息: Executed: [null, executeScript {script=var tr = window.top.G_testRunner;return !!tr && tr.isFinished();, args=[]}]
三月 23, 2014 4:14:30 下午 org.openqa.selenium.remote.RemoteWebDriver log
信息: Executing: executeScript [null, executeScript {script=var tr = window.top.G_testRunner;return !!tr && tr.isFinished();, args=[]}]
三月 23, 2014 4:14:30 下午 org.openqa.selenium.remote.RemoteWebDriver log
信息: Executed: [null, executeScript {script=var tr = window.top.G_testRunner;return !!tr && tr.isFinished();, args=[]}]
三月 23, 2014 4:14:30 下午 org.openqa.selenium.remote.RemoteWebDriver log
信息: Executing: executeScript [null, executeScript {script=var tr = window.top.G_testRunner;return !!tr && tr.isFinished();, args=[]}]
三月 23, 2014 4:14:30 下午 org.openqa.selenium.remote.RemoteWebDriver log
信息: Executed: [null, executeScript {script=var tr = window.top.G_testRunner;return !!tr && tr.isFinished();, args=[]}]
三月 23, 2014 4:14:30 下午 org.openqa.selenium.remote.RemoteWebDriver log
信息: Executing: executeScript [null, executeScript {script=var tr = window.top.G_testRunner;return !!tr && tr.isFinished();, args=[]}]
三月 23, 2014 4:14:30 下午 org.openqa.selenium.remote.RemoteWebDriver log
信息: Executed: [null, executeScript {script=var tr = window.top.G_testRunner;return !!tr && tr.isFinished();, args=[]}]
三月 23, 2014 4:14:30 下午 org.openqa.selenium.remote.RemoteWebDriver log
信息: Executing: executeScript [null, executeScript {script=var tr = window.top.G_testRunner;return !!tr && tr.isFinished();, args=[]}]
三月 23, 2014 4:14:30 下午 org.openqa.selenium.remote.RemoteWebDriver log
信息: Executed: [null, executeScript {script=var tr = window.top.G_testRunner;return !!tr && tr.isFinished();, args=[]}]
三月 23, 2014 4:14:30 下午 org.openqa.selenium.remote.RemoteWebDriver log
信息: Executing: executeScript [null, executeScript {script=var tr = window.top.G_testRunner;return !!tr && tr.isSuccess();, args=[]}]
三月 23, 2014 4:14:30 下午 org.openqa.selenium.remote.RemoteWebDriver log
信息: Executed: [null, executeScript {script=var tr = window.top.G_testRunner;return !!tr && tr.isSuccess();, args=[]}]
三月 23, 2014 4:14:30 下午 org.openqa.selenium.javascript.ClosureTestStatement evaluate
信息: Running: http://localhost:39296/javascript/atoms/test/text_test.html
三月 23, 2014 4:14:30 下午 org.openqa.selenium.remote.RemoteWebDriver log
信息: Executing: maximizeWindow [null, maximizeWindow {windowHandle=current}]
三月 23, 2014 4:14:30 下午 org.openqa.selenium.remote.RemoteWebDriver log
信息: Executed: [null, maximizeWindow {windowHandle=current}]
三月 23, 2014 4:14:30 下午 org.openqa.selenium.remote.RemoteWebDriver log
信息: Executing: executeScript [null, executeScript {script=if (window && window.top) window.top.G_testRunner = null, args=[]}]
三月 23, 2014 4:14:30 下午 org.openqa.selenium.remote.RemoteWebDriver log
信息: Executed: [null, executeScript {script=if (window && window.top) window.top.G_testRunner = null, args=[]}]
三月 23, 2014 4:14:30 下午 org.openqa.selenium.remote.RemoteWebDriver log
信息: Executing: get [null, get {url=http://localhost:39296/javascript/atoms/test/text_test.html}]
三月 23, 2014 4:14:30 下午 org.openqa.selenium.remote.RemoteWebDriver log
信息: Executed: [null, get {url=http://localhost:39296/javascript/atoms/test/text_test.html}]
三月 23, 2014 4:14:30 下午 org.openqa.selenium.remote.RemoteWebDriver log
信息: Executing: executeScript [null, executeScript {script=var tr = window.top.G_testRunner;return !!tr && tr.isFinished();, args=[]}]
三月 23, 2014 4:14:30 下午 org.openqa.selenium.remote.RemoteWebDriver log
信息: Executed: [null, executeScript {script=var tr = window.top.G_testRunner;return !!tr && tr.isFinished();, args=[]}]
三月 23, 2014 4:14:31 下午 org.openqa.selenium.remote.RemoteWebDriver log
信息: Executing: executeScript [null, executeScript {script=var tr = window.top.G_testRunner;return !!tr && tr.isFinished();, args=[]}]
三月 23, 2014 4:14:31 下午 org.openqa.selenium.remote.RemoteWebDriver log
信息: Executed: [null, executeScript {script=var tr = window.top.G_testRunner;return !!tr && tr.isFinished();, args=[]}]
三月 23, 2014 4:14:31 下午 org.openqa.selenium.remote.RemoteWebDriver log
信息: Executing: executeScript [null, executeScript {script=var tr = window.top.G_testRunner;return !!tr && tr.isFinished();, args=[]}]
三月 23, 2014 4:14:31 下午 org.openqa.selenium.remote.RemoteWebDriver log
信息: Executed: [null, executeScript {script=var tr = window.top.G_testRunner;return !!tr && tr.isFinished();, args=[]}]
三月 23, 2014 4:14:31 下午 org.openqa.selenium.remote.RemoteWebDriver log
信息: Executing: executeScript [null, executeScript {script=var tr = window.top.G_testRunner;return !!tr && tr.isFinished();, args=[]}]
三月 23, 2014 4:14:31 下午 org.openqa.selenium.remote.RemoteWebDriver log
信息: Executed: [null, executeScript {script=var tr = window.top.G_testRunner;return !!tr && tr.isFinished();, args=[]}]
三月 23, 2014 4:14:31 下午 org.openqa.selenium.remote.RemoteWebDriver log
信息: Executing: executeScript [null, executeScript {script=var tr = window.top.G_testRunner;return !!tr && tr.isFinished();, args=[]}]
三月 23, 2014 4:14:31 下午 org.openqa.selenium.remote.RemoteWebDriver log
信息: Executed: [null, executeScript {script=var tr = window.top.G_testRunner;return !!tr && tr.isFinished();, args=[]}]
三月 23, 2014 4:14:31 下午 org.openqa.selenium.remote.RemoteWebDriver log
信息: Executing: executeScript [null, executeScript {script=var tr = window.top.G_testRunner;return !!tr && tr.isSuccess();, args=[]}]
三月 23, 2014 4:14:31 下午 org.openqa.selenium.remote.RemoteWebDriver log
信息: Executed: [null, executeScript {script=var tr = window.top.G_testRunner;return !!tr && tr.isSuccess();, args=[]}]
三月 23, 2014 4:14:31 下午 org.openqa.selenium.javascript.ClosureTestStatement evaluate
信息: Running: http://localhost:39296/javascript/atoms/test/toolbar_test.html
三月 23, 2014 4:14:31 下午 org.openqa.selenium.remote.RemoteWebDriver log
信息: Executing: maximizeWindow [null, maximizeWindow {windowHandle=current}]
三月 23, 2014 4:14:31 下午 org.openqa.selenium.remote.RemoteWebDriver log
信息: Executed: [null, maximizeWindow {windowHandle=current}]
三月 23, 2014 4:14:31 下午 org.openqa.selenium.remote.RemoteWebDriver log
信息: Executing: executeScript [null, executeScript {script=if (window && window.top) window.top.G_testRunner = null, args=[]}]
三月 23, 2014 4:14:31 下午 org.openqa.selenium.remote.RemoteWebDriver log
信息: Executed: [null, executeScript {script=if (window && window.top) window.top.G_testRunner = null, args=[]}]
三月 23, 2014 4:14:31 下午 org.openqa.selenium.remote.RemoteWebDriver log
信息: Executing: get [null, get {url=http://localhost:39296/javascript/atoms/test/toolbar_test.html}]
三月 23, 2014 4:14:31 下午 org.openqa.selenium.remote.RemoteWebDriver log
信息: Executed: [null, get {url=http://localhost:39296/javascript/atoms/test/toolbar_test.html}]
三月 23, 2014 4:14:31 下午 org.openqa.selenium.remote.RemoteWebDriver log
信息: Executing: executeScript [null, executeScript {script=var tr = window.top.G_testRunner;return !!tr && tr.isFinished();, args=[]}]
三月 23, 2014 4:14:31 下午 org.openqa.selenium.remote.RemoteWebDriver log
信息: Executed: [null, executeScript {script=var tr = window.top.G_testRunner;return !!tr && tr.isFinished();, args=[]}]
三月 23, 2014 4:14:31 下午 org.openqa.selenium.remote.RemoteWebDriver log
信息: Executing: executeScript [null, executeScript {script=var tr = window.top.G_testRunner;return !!tr && tr.isFinished();, args=[]}]
三月 23, 2014 4:14:31 下午 org.openqa.selenium.remote.RemoteWebDriver log
信息: Executed: [null, executeScript {script=var tr = window.top.G_testRunner;return !!tr && tr.isFinished();, args=[]}]
三月 23, 2014 4:14:32 下午 org.openqa.selenium.remote.RemoteWebDriver log
信息: Executing: executeScript [null, executeScript {script=var tr = window.top.G_testRunner;return !!tr && tr.isFinished();, args=[]}]
三月 23, 2014 4:14:32 下午 org.openqa.selenium.remote.RemoteWebDriver log
信息: Executed: [null, executeScript {script=var tr = window.top.G_testRunner;return !!tr && tr.isFinished();, args=[]}]
三月 23, 2014 4:14:32 下午 org.openqa.selenium.remote.RemoteWebDriver log
信息: Executing: executeScript [null, executeScript {script=var tr = window.top.G_testRunner;return !!tr && tr.isFinished();, args=[]}]
三月 23, 2014 4:14:32 下午 org.openqa.selenium.remote.RemoteWebDriver log
信息: Executed: [null, executeScript {script=var tr = window.top.G_testRunner;return !!tr && tr.isFinished();, args=[]}]
三月 23, 2014 4:14:32 下午 org.openqa.selenium.remote.RemoteWebDriver log
信息: Executing: executeScript [null, executeScript {script=var tr = window.top.G_testRunner;return !!tr && tr.isFinished();, args=[]}]
三月 23, 2014 4:14:32 下午 org.openqa.selenium.remote.RemoteWebDriver log
信息: Executed: [null, executeScript {script=var tr = window.top.G_testRunner;return !!tr && tr.isFinished();, args=[]}]
三月 23, 2014 4:14:32 下午 org.openqa.selenium.remote.RemoteWebDriver log
信息: Executing: executeScript [null, executeScript {script=var tr = window.top.G_testRunner;return !!tr && tr.isSuccess();, args=[]}]
三月 23, 2014 4:14:32 下午 org.openqa.selenium.remote.RemoteWebDriver log
信息: Executed: [null, executeScript {script=var tr = window.top.G_testRunner;return !!tr && tr.isSuccess();, args=[]}]
三月 23, 2014 4:14:32 下午 org.openqa.selenium.javascript.ClosureTestStatement evaluate
信息: Running: http://localhost:39296/javascript/atoms/test/touchscreen_test.html
三月 23, 2014 4:14:32 下午 org.openqa.selenium.remote.RemoteWebDriver log
信息: Executing: maximizeWindow [null, maximizeWindow {windowHandle=current}]
三月 23, 2014 4:14:32 下午 org.openqa.selenium.remote.RemoteWebDriver log
信息: Executed: [null, maximizeWindow {windowHandle=current}]
三月 23, 2014 4:14:32 下午 org.openqa.selenium.remote.RemoteWebDriver log
信息: Executing: executeScript [null, executeScript {script=if (window && window.top) window.top.G_testRunner = null, args=[]}]
三月 23, 2014 4:14:32 下午 org.openqa.selenium.remote.RemoteWebDriver log
信息: Executed: [null, executeScript {script=if (window && window.top) window.top.G_testRunner = null, args=[]}]
三月 23, 2014 4:14:32 下午 org.openqa.selenium.remote.RemoteWebDriver log
信息: Executing: get [null, get {url=http://localhost:39296/javascript/atoms/test/touchscreen_test.html}]
三月 23, 2014 4:14:32 下午 org.openqa.selenium.remote.RemoteWebDriver log
信息: Executed: [null, get {url=http://localhost:39296/javascript/atoms/test/touchscreen_test.html}]
三月 23, 2014 4:14:32 下午 org.openqa.selenium.remote.RemoteWebDriver log
信息: Executing: executeScript [null, executeScript {script=var tr = window.top.G_testRunner;return !!tr && tr.isFinished();, args=[]}]
三月 23, 2014 4:14:32 下午 org.openqa.selenium.remote.RemoteWebDriver log
信息: Executed: [null, executeScript {script=var tr = window.top.G_testRunner;return !!tr && tr.isFinished();, args=[]}]
三月 23, 2014 4:14:32 下午 org.openqa.selenium.remote.RemoteWebDriver log
信息: Executing: executeScript [null, executeScript {script=var tr = window.top.G_testRunner;return !!tr && tr.isFinished();, args=[]}]
三月 23, 2014 4:14:32 下午 org.openqa.selenium.remote.RemoteWebDriver log
信息: Executed: [null, executeScript {script=var tr = window.top.G_testRunner;return !!tr && tr.isFinished();, args=[]}]
三月 23, 2014 4:14:32 下午 org.openqa.selenium.remote.RemoteWebDriver log
信息: Executing: executeScript [null, executeScript {script=var tr = window.top.G_testRunner;return !!tr && tr.isFinished();, args=[]}]
三月 23, 2014 4:14:32 下午 org.openqa.selenium.remote.RemoteWebDriver log
信息: Executed: [null, executeScript {script=var tr = window.top.G_testRunner;return !!tr && tr.isFinished();, args=[]}]
三月 23, 2014 4:14:32 下午 org.openqa.selenium.remote.RemoteWebDriver log
信息: Executing: executeScript [null, executeScript {script=var tr = window.top.G_testRunner;return !!tr && tr.isFinished();, args=[]}]
三月 23, 2014 4:14:32 下午 org.openqa.selenium.remote.RemoteWebDriver log
信息: Executed: [null, executeScript {script=var tr = window.top.G_testRunner;return !!tr && tr.isFinished();, args=[]}]
三月 23, 2014 4:14:32 下午 org.openqa.selenium.remote.RemoteWebDriver log
信息: Executing: executeScript [null, executeScript {script=var tr = window.top.G_testRunner;return !!tr && tr.isFinished();, args=[]}]
三月 23, 2014 4:14:32 下午 org.openqa.selenium.remote.RemoteWebDriver log
信息: Executed: [null, executeScript {script=var tr = window.top.G_testRunner;return !!tr && tr.isFinished();, args=[]}]
三月 23, 2014 4:14:32 下午 org.openqa.selenium.remote.RemoteWebDriver log
信息: Executing: executeScript [null, executeScript {script=var tr = window.top.G_testRunner;return !!tr && tr.isSuccess();, args=[]}]
三月 23, 2014 4:14:32 下午 org.openqa.selenium.remote.RemoteWebDriver log
信息: Executed: [null, executeScript {script=var tr = window.top.G_testRunner;return !!tr && tr.isSuccess();, args=[]}]
三月 23, 2014 4:14:32 下午 org.openqa.selenium.javascript.ClosureTestStatement evaluate
信息: Running: http://localhost:39296/javascript/atoms/test/type_test.html
三月 23, 2014 4:14:32 下午 org.openqa.selenium.remote.RemoteWebDriver log
信息: Executing: maximizeWindow [null, maximizeWindow {windowHandle=current}]
三月 23, 2014 4:14:32 下午 org.openqa.selenium.remote.RemoteWebDriver log
信息: Executed: [null, maximizeWindow {windowHandle=current}]
三月 23, 2014 4:14:32 下午 org.openqa.selenium.remote.RemoteWebDriver log
信息: Executing: executeScript [null, executeScript {script=if (window && window.top) window.top.G_testRunner = null, args=[]}]
三月 23, 2014 4:14:33 下午 org.openqa.selenium.remote.RemoteWebDriver log
信息: Executed: [null, executeScript {script=if (window && window.top) window.top.G_testRunner = null, args=[]}]
三月 23, 2014 4:14:33 下午 org.openqa.selenium.remote.RemoteWebDriver log
信息: Executing: get [null, get {url=http://localhost:39296/javascript/atoms/test/type_test.html}]
三月 23, 2014 4:14:33 下午 org.openqa.selenium.remote.RemoteWebDriver log
信息: Executed: [null, get {url=http://localhost:39296/javascript/atoms/test/type_test.html}]
三月 23, 2014 4:14:33 下午 org.openqa.selenium.remote.RemoteWebDriver log
信息: Executing: executeScript [null, executeScript {script=var tr = window.top.G_testRunner;return !!tr && tr.isFinished();, args=[]}]
三月 23, 2014 4:14:33 下午 org.openqa.selenium.remote.RemoteWebDriver log
信息: Executed: [null, executeScript {script=var tr = window.top.G_testRunner;return !!tr && tr.isFinished();, args=[]}]
三月 23, 2014 4:14:33 下午 org.openqa.selenium.remote.RemoteWebDriver log
信息: Executing: executeScript [null, executeScript {script=var tr = window.top.G_testRunner;return !!tr && tr.isFinished();, args=[]}]
三月 23, 2014 4:14:33 下午 org.openqa.selenium.remote.RemoteWebDriver log
信息: Executed: [null, executeScript {script=var tr = window.top.G_testRunner;return !!tr && tr.isFinished();, args=[]}]
三月 23, 2014 4:14:33 下午 org.openqa.selenium.remote.RemoteWebDriver log
信息: Executing: executeScript [null, executeScript {script=var tr = window.top.G_testRunner;return !!tr && tr.isFinished();, args=[]}]
三月 23, 2014 4:14:33 下午 org.openqa.selenium.remote.RemoteWebDriver log
信息: Executed: [null, executeScript {script=var tr = window.top.G_testRunner;return !!tr && tr.isFinished();, args=[]}]
三月 23, 2014 4:14:33 下午 org.openqa.selenium.remote.RemoteWebDriver log
信息: Executing: executeScript [null, executeScript {script=var tr = window.top.G_testRunner;return !!tr && tr.isFinished();, args=[]}]
三月 23, 2014 4:14:33 下午 org.openqa.selenium.remote.RemoteWebDriver log
信息: Executed: [null, executeScript {script=var tr = window.top.G_testRunner;return !!tr && tr.isFinished();, args=[]}]
三月 23, 2014 4:14:33 下午 org.openqa.selenium.remote.RemoteWebDriver log
信息: Executing: executeScript [null, executeScript {script=var tr = window.top.G_testRunner;return !!tr && tr.isFinished();, args=[]}]
三月 23, 2014 4:14:33 下午 org.openqa.selenium.remote.RemoteWebDriver log
信息: Executed: [null, executeScript {script=var tr = window.top.G_testRunner;return !!tr && tr.isFinished();, args=[]}]
三月 23, 2014 4:14:33 下午 org.openqa.selenium.remote.RemoteWebDriver log
信息: Executing: executeScript [null, executeScript {script=var tr = window.top.G_testRunner;return !!tr && tr.isFinished();, args=[]}]
三月 23, 2014 4:14:34 下午 org.openqa.selenium.remote.RemoteWebDriver log
信息: Executed: [null, executeScript {script=var tr = window.top.G_testRunner;return !!tr && tr.isFinished();, args=[]}]
三月 23, 2014 4:14:34 下午 org.openqa.selenium.remote.RemoteWebDriver log
信息: Executing: executeScript [null, executeScript {script=var tr = window.top.G_testRunner;return !!tr && tr.isFinished();, args=[]}]
三月 23, 2014 4:14:34 下午 org.openqa.selenium.remote.RemoteWebDriver log
信息: Executed: [null, executeScript {script=var tr = window.top.G_testRunner;return !!tr && tr.isFinished();, args=[]}]
三月 23, 2014 4:14:34 下午 org.openqa.selenium.remote.RemoteWebDriver log
信息: Executing: executeScript [null, executeScript {script=var tr = window.top.G_testRunner;return !!tr && tr.isFinished();, args=[]}]
三月 23, 2014 4:14:34 下午 org.openqa.selenium.remote.RemoteWebDriver log
信息: Executed: [null, executeScript {script=var tr = window.top.G_testRunner;return !!tr && tr.isFinished();, args=[]}]
三月 23, 2014 4:14:35 下午 org.openqa.selenium.remote.RemoteWebDriver log
信息: Executing: executeScript [null, executeScript {script=var tr = window.top.G_testRunner;return !!tr && tr.isFinished();, args=[]}]
三月 23, 2014 4:14:35 下午 org.openqa.selenium.remote.RemoteWebDriver log
信息: Executed: [null, executeScript {script=var tr = window.top.G_testRunner;return !!tr && tr.isFinished();, args=[]}]
三月 23, 2014 4:14:35 下午 org.openqa.selenium.remote.RemoteWebDriver log
信息: Executing: executeScript [null, executeScript {script=var tr = window.top.G_testRunner;return !!tr && tr.isFinished();, args=[]}]
三月 23, 2014 4:14:36 下午 org.openqa.selenium.remote.RemoteWebDriver log
信息: Executed: [null, executeScript {script=var tr = window.top.G_testRunner;return !!tr && tr.isFinished();, args=[]}]
三月 23, 2014 4:14:36 下午 org.openqa.selenium.remote.RemoteWebDriver log
信息: Executing: executeScript [null, executeScript {script=var tr = window.top.G_testRunner;return !!tr && tr.isFinished();, args=[]}]
三月 23, 2014 4:14:36 下午 org.openqa.selenium.remote.RemoteWebDriver log
信息: Executed: [null, executeScript {script=var tr = window.top.G_testRunner;return !!tr && tr.isFinished();, args=[]}]
三月 23, 2014 4:14:36 下午 org.openqa.selenium.remote.RemoteWebDriver log
信息: Executing: executeScript [null, executeScript {script=var tr = window.top.G_testRunner;return !!tr && tr.isFinished();, args=[]}]
三月 23, 2014 4:14:36 下午 org.openqa.selenium.remote.RemoteWebDriver log
信息: Executed: [null, executeScript {script=var tr = window.top.G_testRunner;return !!tr && tr.isFinished();, args=[]}]
三月 23, 2014 4:14:36 下午 org.openqa.selenium.remote.RemoteWebDriver log
信息: Executing: executeScript [null, executeScript {script=var tr = window.top.G_testRunner;return !!tr && tr.isSuccess();, args=[]}]
三月 23, 2014 4:14:36 下午 org.openqa.selenium.remote.RemoteWebDriver log
信息: Executed: [null, executeScript {script=var tr = window.top.G_testRunner;return !!tr && tr.isSuccess();, args=[]}]
三月 23, 2014 4:14:36 下午 org.openqa.selenium.javascript.ClosureTestStatement evaluate
信息: Running: http://localhost:39296/javascript/atoms/test/useragent_quirks_test.html
三月 23, 2014 4:14:36 下午 org.openqa.selenium.remote.RemoteWebDriver log
信息: Executing: maximizeWindow [null, maximizeWindow {windowHandle=current}]
三月 23, 2014 4:14:36 下午 org.openqa.selenium.remote.RemoteWebDriver log
信息: Executed: [null, maximizeWindow {windowHandle=current}]
三月 23, 2014 4:14:36 下午 org.openqa.selenium.remote.RemoteWebDriver log
信息: Executing: executeScript [null, executeScript {script=if (window && window.top) window.top.G_testRunner = null, args=[]}]
三月 23, 2014 4:14:36 下午 org.openqa.selenium.remote.RemoteWebDriver log
信息: Executed: [null, executeScript {script=if (window && window.top) window.top.G_testRunner = null, args=[]}]
三月 23, 2014 4:14:36 下午 org.openqa.selenium.remote.RemoteWebDriver log
信息: Executing: get [null, get {url=http://localhost:39296/javascript/atoms/test/useragent_quirks_test.html}]
三月 23, 2014 4:14:36 下午 org.openqa.selenium.remote.RemoteWebDriver log
信息: Executed: [null, get {url=http://localhost:39296/javascript/atoms/test/useragent_quirks_test.html}]
三月 23, 2014 4:14:36 下午 org.openqa.selenium.remote.RemoteWebDriver log
信息: Executing: executeScript [null, executeScript {script=var tr = window.top.G_testRunner;return !!tr && tr.isFinished();, args=[]}]
三月 23, 2014 4:14:36 下午 org.openqa.selenium.remote.RemoteWebDriver log
信息: Executed: [null, executeScript {script=var tr = window.top.G_testRunner;return !!tr && tr.isFinished();, args=[]}]
三月 23, 2014 4:14:37 下午 org.openqa.selenium.remote.RemoteWebDriver log
信息: Executing: executeScript [null, executeScript {script=var tr = window.top.G_testRunner;return !!tr && tr.isFinished();, args=[]}]
三月 23, 2014 4:14:37 下午 org.openqa.selenium.remote.RemoteWebDriver log
信息: Executed: [null, executeScript {script=var tr = window.top.G_testRunner;return !!tr && tr.isFinished();, args=[]}]
三月 23, 2014 4:14:37 下午 org.openqa.selenium.remote.RemoteWebDriver log
信息: Executing: executeScript [null, executeScript {script=var tr = window.top.G_testRunner;return !!tr && tr.isFinished();, args=[]}]
三月 23, 2014 4:14:37 下午 org.openqa.selenium.remote.RemoteWebDriver log
信息: Executed: [null, executeScript {script=var tr = window.top.G_testRunner;return !!tr && tr.isFinished();, args=[]}]
三月 23, 2014 4:14:37 下午 org.openqa.selenium.remote.RemoteWebDriver log
信息: Executing: executeScript [null, executeScript {script=var tr = window.top.G_testRunner;return !!tr && tr.isFinished();, args=[]}]
三月 23, 2014 4:14:37 下午 org.openqa.selenium.remote.RemoteWebDriver log
信息: Executed: [null, executeScript {script=var tr = window.top.G_testRunner;return !!tr && tr.isFinished();, args=[]}]
三月 23, 2014 4:14:37 下午 org.openqa.selenium.remote.RemoteWebDriver log
信息: Executing: executeScript [null, executeScript {script=var tr = window.top.G_testRunner;return !!tr && tr.isFinished();, args=[]}]
三月 23, 2014 4:14:37 下午 org.openqa.selenium.remote.RemoteWebDriver log
信息: Executed: [null, executeScript {script=var tr = window.top.G_testRunner;return !!tr && tr.isFinished();, args=[]}]
三月 23, 2014 4:14:37 下午 org.openqa.selenium.remote.RemoteWebDriver log
信息: Executing: executeScript [null, executeScript {script=var tr = window.top.G_testRunner;return !!tr && tr.isSuccess();, args=[]}]
三月 23, 2014 4:14:37 下午 org.openqa.selenium.remote.RemoteWebDriver log
信息: Executed: [null, executeScript {script=var tr = window.top.G_testRunner;return !!tr && tr.isSuccess();, args=[]}]
三月 23, 2014 4:14:37 下午 org.openqa.selenium.javascript.ClosureTestStatement evaluate
信息: Running: http://localhost:39296/javascript/atoms/test/useragent_test.html
三月 23, 2014 4:14:37 下午 org.openqa.selenium.remote.RemoteWebDriver log
信息: Executing: maximizeWindow [null, maximizeWindow {windowHandle=current}]
三月 23, 2014 4:14:37 下午 org.openqa.selenium.remote.RemoteWebDriver log
信息: Executed: [null, maximizeWindow {windowHandle=current}]
三月 23, 2014 4:14:37 下午 org.openqa.selenium.remote.RemoteWebDriver log
信息: Executing: executeScript [null, executeScript {script=if (window && window.top) window.top.G_testRunner = null, args=[]}]
三月 23, 2014 4:14:37 下午 org.openqa.selenium.remote.RemoteWebDriver log
信息: Executed: [null, executeScript {script=if (window && window.top) window.top.G_testRunner = null, args=[]}]
三月 23, 2014 4:14:37 下午 org.openqa.selenium.remote.RemoteWebDriver log
信息: Executing: get [null, get {url=http://localhost:39296/javascript/atoms/test/useragent_test.html}]
三月 23, 2014 4:14:37 下午 org.openqa.selenium.remote.RemoteWebDriver log
信息: Executed: [null, get {url=http://localhost:39296/javascript/atoms/test/useragent_test.html}]
三月 23, 2014 4:14:37 下午 org.openqa.selenium.remote.RemoteWebDriver log
信息: Executing: executeScript [null, executeScript {script=var tr = window.top.G_testRunner;return !!tr && tr.isFinished();, args=[]}]
三月 23, 2014 4:14:37 下午 org.openqa.selenium.remote.RemoteWebDriver log
信息: Executed: [null, executeScript {script=var tr = window.top.G_testRunner;return !!tr && tr.isFinished();, args=[]}]
三月 23, 2014 4:14:37 下午 org.openqa.selenium.remote.RemoteWebDriver log
信息: Executing: executeScript [null, executeScript {script=var tr = window.top.G_testRunner;return !!tr && tr.isFinished();, args=[]}]
三月 23, 2014 4:14:37 下午 org.openqa.selenium.remote.RemoteWebDriver log
信息: Executed: [null, executeScript {script=var tr = window.top.G_testRunner;return !!tr && tr.isFinished();, args=[]}]
三月 23, 2014 4:14:37 下午 org.openqa.selenium.remote.RemoteWebDriver log
信息: Executing: executeScript [null, executeScript {script=var tr = window.top.G_testRunner;return !!tr && tr.isFinished();, args=[]}]
三月 23, 2014 4:14:37 下午 org.openqa.selenium.remote.RemoteWebDriver log
信息: Executed: [null, executeScript {script=var tr = window.top.G_testRunner;return !!tr && tr.isFinished();, args=[]}]
三月 23, 2014 4:14:37 下午 org.openqa.selenium.remote.RemoteWebDriver log
信息: Executing: executeScript [null, executeScript {script=var tr = window.top.G_testRunner;return !!tr && tr.isFinished();, args=[]}]
三月 23, 2014 4:14:37 下午 org.openqa.selenium.remote.RemoteWebDriver log
信息: Executed: [null, executeScript {script=var tr = window.top.G_testRunner;return !!tr && tr.isFinished();, args=[]}]
三月 23, 2014 4:14:38 下午 org.openqa.selenium.remote.RemoteWebDriver log
信息: Executing: executeScript [null, executeScript {script=var tr = window.top.G_testRunner;return !!tr && tr.isFinished();, args=[]}]
三月 23, 2014 4:14:38 下午 org.openqa.selenium.remote.RemoteWebDriver log
信息: Executed: [null, executeScript {script=var tr = window.top.G_testRunner;return !!tr && tr.isFinished();, args=[]}]
三月 23, 2014 4:14:38 下午 org.openqa.selenium.remote.RemoteWebDriver log
信息: Executing: executeScript [null, executeScript {script=var tr = window.top.G_testRunner;return !!tr && tr.isSuccess();, args=[]}]
三月 23, 2014 4:14:38 下午 org.openqa.selenium.remote.RemoteWebDriver log
信息: Executed: [null, executeScript {script=var tr = window.top.G_testRunner;return !!tr && tr.isSuccess();, args=[]}]
三月 23, 2014 4:14:38 下午 org.openqa.selenium.javascript.ClosureTestStatement evaluate
信息: Running: http://localhost:39296/javascript/atoms/test/window_scroll_into_view_test.html
三月 23, 2014 4:14:38 下午 org.openqa.selenium.remote.RemoteWebDriver log
信息: Executing: maximizeWindow [null, maximizeWindow {windowHandle=current}]
三月 23, 2014 4:14:38 下午 org.openqa.selenium.remote.RemoteWebDriver log
信息: Executed: [null, maximizeWindow {windowHandle=current}]
三月 23, 2014 4:14:38 下午 org.openqa.selenium.remote.RemoteWebDriver log
信息: Executing: executeScript [null, executeScript {script=if (window && window.top) window.top.G_testRunner = null, args=[]}]
三月 23, 2014 4:14:38 下午 org.openqa.selenium.remote.RemoteWebDriver log
信息: Executed: [null, executeScript {script=if (window && window.top) window.top.G_testRunner = null, args=[]}]
三月 23, 2014 4:14:38 下午 org.openqa.selenium.remote.RemoteWebDriver log
信息: Executing: get [null, get {url=http://localhost:39296/javascript/atoms/test/window_scroll_into_view_test.html}]
三月 23, 2014 4:14:38 下午 org.openqa.selenium.remote.RemoteWebDriver log
信息: Executed: [null, get {url=http://localhost:39296/javascript/atoms/test/window_scroll_into_view_test.html}]
三月 23, 2014 4:14:38 下午 org.openqa.selenium.remote.RemoteWebDriver log
信息: Executing: executeScript [null, executeScript {script=var tr = window.top.G_testRunner;return !!tr && tr.isFinished();, args=[]}]
三月 23, 2014 4:14:38 下午 org.openqa.selenium.remote.RemoteWebDriver log
信息: Executed: [null, executeScript {script=var tr = window.top.G_testRunner;return !!tr && tr.isFinished();, args=[]}]
三月 23, 2014 4:14:38 下午 org.openqa.selenium.remote.RemoteWebDriver log
信息: Executing: executeScript [null, executeScript {script=var tr = window.top.G_testRunner;return !!tr && tr.isFinished();, args=[]}]
三月 23, 2014 4:14:38 下午 org.openqa.selenium.remote.RemoteWebDriver log
信息: Executed: [null, executeScript {script=var tr = window.top.G_testRunner;return !!tr && tr.isFinished();, args=[]}]
三月 23, 2014 4:14:38 下午 org.openqa.selenium.remote.RemoteWebDriver log
信息: Executing: executeScript [null, executeScript {script=var tr = window.top.G_testRunner;return !!tr && tr.isFinished();, args=[]}]
三月 23, 2014 4:14:38 下午 org.openqa.selenium.remote.RemoteWebDriver log
信息: Executed: [null, executeScript {script=var tr = window.top.G_testRunner;return !!tr && tr.isFinished();, args=[]}]
三月 23, 2014 4:14:38 下午 org.openqa.selenium.remote.RemoteWebDriver log
信息: Executing: executeScript [null, executeScript {script=var tr = window.top.G_testRunner;return !!tr && tr.isFinished();, args=[]}]
三月 23, 2014 4:14:38 下午 org.openqa.selenium.remote.RemoteWebDriver log
信息: Executed: [null, executeScript {script=var tr = window.top.G_testRunner;return !!tr && tr.isFinished();, args=[]}]
三月 23, 2014 4:14:38 下午 org.openqa.selenium.remote.RemoteWebDriver log
信息: Executing: executeScript [null, executeScript {script=var tr = window.top.G_testRunner;return !!tr && tr.isFinished();, args=[]}]
三月 23, 2014 4:14:38 下午 org.openqa.selenium.remote.RemoteWebDriver log
信息: Executed: [null, executeScript {script=var tr = window.top.G_testRunner;return !!tr && tr.isFinished();, args=[]}]
三月 23, 2014 4:14:38 下午 org.openqa.selenium.remote.RemoteWebDriver log
信息: Executing: executeScript [null, executeScript {script=var tr = window.top.G_testRunner;return !!tr && tr.isSuccess();, args=[]}]
三月 23, 2014 4:14:38 下午 org.openqa.selenium.remote.RemoteWebDriver log
信息: Executed: [null, executeScript {script=var tr = window.top.G_testRunner;return !!tr && tr.isSuccess();, args=[]}]
三月 23, 2014 4:14:38 下午 org.openqa.selenium.javascript.ClosureTestStatement evaluate
信息: Running: http://localhost:39296/javascript/atoms/test/window_scroll_test.html
三月 23, 2014 4:14:38 下午 org.openqa.selenium.remote.RemoteWebDriver log
信息: Executing: maximizeWindow [null, maximizeWindow {windowHandle=current}]
三月 23, 2014 4:14:38 下午 org.openqa.selenium.remote.RemoteWebDriver log
信息: Executed: [null, maximizeWindow {windowHandle=current}]
三月 23, 2014 4:14:38 下午 org.openqa.selenium.remote.RemoteWebDriver log
信息: Executing: executeScript [null, executeScript {script=if (window && window.top) window.top.G_testRunner = null, args=[]}]
三月 23, 2014 4:14:38 下午 org.openqa.selenium.remote.RemoteWebDriver log
信息: Executed: [null, executeScript {script=if (window && window.top) window.top.G_testRunner = null, args=[]}]
三月 23, 2014 4:14:38 下午 org.openqa.selenium.remote.RemoteWebDriver log
信息: Executing: get [null, get {url=http://localhost:39296/javascript/atoms/test/window_scroll_test.html}]
三月 23, 2014 4:14:38 下午 org.openqa.selenium.remote.RemoteWebDriver log
信息: Executed: [null, get {url=http://localhost:39296/javascript/atoms/test/window_scroll_test.html}]
三月 23, 2014 4:14:38 下午 org.openqa.selenium.remote.RemoteWebDriver log
信息: Executing: executeScript [null, executeScript {script=var tr = window.top.G_testRunner;return !!tr && tr.isFinished();, args=[]}]
三月 23, 2014 4:14:38 下午 org.openqa.selenium.remote.RemoteWebDriver log
信息: Executed: [null, executeScript {script=var tr = window.top.G_testRunner;return !!tr && tr.isFinished();, args=[]}]
三月 23, 2014 4:14:39 下午 org.openqa.selenium.remote.RemoteWebDriver log
信息: Executing: executeScript [null, executeScript {script=var tr = window.top.G_testRunner;return !!tr && tr.isFinished();, args=[]}]
三月 23, 2014 4:14:39 下午 org.openqa.selenium.remote.RemoteWebDriver log
信息: Executed: [null, executeScript {script=var tr = window.top.G_testRunner;return !!tr && tr.isFinished();, args=[]}]
三月 23, 2014 4:14:39 下午 org.openqa.selenium.remote.RemoteWebDriver log
信息: Executing: executeScript [null, executeScript {script=var tr = window.top.G_testRunner;return !!tr && tr.isFinished();, args=[]}]
三月 23, 2014 4:14:39 下午 org.openqa.selenium.remote.RemoteWebDriver log
信息: Executed: [null, executeScript {script=var tr = window.top.G_testRunner;return !!tr && tr.isFinished();, args=[]}]
三月 23, 2014 4:14:39 下午 org.openqa.selenium.remote.RemoteWebDriver log
信息: Executing: executeScript [null, executeScript {script=var tr = window.top.G_testRunner;return !!tr && tr.isFinished();, args=[]}]
三月 23, 2014 4:14:39 下午 org.openqa.selenium.remote.RemoteWebDriver log
信息: Executed: [null, executeScript {script=var tr = window.top.G_testRunner;return !!tr && tr.isFinished();, args=[]}]
三月 23, 2014 4:14:39 下午 org.openqa.selenium.remote.RemoteWebDriver log
信息: Executing: executeScript [null, executeScript {script=var tr = window.top.G_testRunner;return !!tr && tr.isFinished();, args=[]}]
三月 23, 2014 4:14:39 下午 org.openqa.selenium.remote.RemoteWebDriver log
信息: Executed: [null, executeScript {script=var tr = window.top.G_testRunner;return !!tr && tr.isFinished();, args=[]}]
三月 23, 2014 4:14:39 下午 org.openqa.selenium.remote.RemoteWebDriver log
信息: Executing: executeScript [null, executeScript {script=var tr = window.top.G_testRunner;return !!tr && tr.isFinished();, args=[]}]
三月 23, 2014 4:14:39 下午 org.openqa.selenium.remote.RemoteWebDriver log
信息: Executed: [null, executeScript {script=var tr = window.top.G_testRunner;return !!tr && tr.isFinished();, args=[]}]
三月 23, 2014 4:14:39 下午 org.openqa.selenium.remote.RemoteWebDriver log
信息: Executing: executeScript [null, executeScript {script=var tr = window.top.G_testRunner;return !!tr && tr.isSuccess();, args=[]}]
三月 23, 2014 4:14:39 下午 org.openqa.selenium.remote.RemoteWebDriver log
信息: Executed: [null, executeScript {script=var tr = window.top.G_testRunner;return !!tr && tr.isSuccess();, args=[]}]
三月 23, 2014 4:14:39 下午 org.openqa.selenium.javascript.ClosureTestStatement evaluate
信息: Running: http://localhost:39296/javascript/atoms/test/window_size_test.html
三月 23, 2014 4:14:39 下午 org.openqa.selenium.remote.RemoteWebDriver log
信息: Executing: maximizeWindow [null, maximizeWindow {windowHandle=current}]
三月 23, 2014 4:14:39 下午 org.openqa.selenium.remote.RemoteWebDriver log
信息: Executed: [null, maximizeWindow {windowHandle=current}]
三月 23, 2014 4:14:39 下午 org.openqa.selenium.remote.RemoteWebDriver log
信息: Executing: executeScript [null, executeScript {script=if (window && window.top) window.top.G_testRunner = null, args=[]}]
三月 23, 2014 4:14:39 下午 org.openqa.selenium.remote.RemoteWebDriver log
信息: Executed: [null, executeScript {script=if (window && window.top) window.top.G_testRunner = null, args=[]}]
三月 23, 2014 4:14:39 下午 org.openqa.selenium.remote.RemoteWebDriver log
信息: Executing: get [null, get {url=http://localhost:39296/javascript/atoms/test/window_size_test.html}]
三月 23, 2014 4:14:39 下午 org.openqa.selenium.remote.RemoteWebDriver log
信息: Executed: [null, get {url=http://localhost:39296/javascript/atoms/test/window_size_test.html}]
三月 23, 2014 4:14:39 下午 org.openqa.selenium.remote.RemoteWebDriver log
信息: Executing: executeScript [null, executeScript {script=var tr = window.top.G_testRunner;return !!tr && tr.isFinished();, args=[]}]
三月 23, 2014 4:14:39 下午 org.openqa.selenium.remote.RemoteWebDriver log
信息: Executed: [null, executeScript {script=var tr = window.top.G_testRunner;return !!tr && tr.isFinished();, args=[]}]
三月 23, 2014 4:14:39 下午 org.openqa.selenium.remote.RemoteWebDriver log
信息: Executing: executeScript [null, executeScript {script=var tr = window.top.G_testRunner;return !!tr && tr.isFinished();, args=[]}]
三月 23, 2014 4:14:39 下午 org.openqa.selenium.remote.RemoteWebDriver log
信息: Executed: [null, executeScript {script=var tr = window.top.G_testRunner;return !!tr && tr.isFinished();, args=[]}]
三月 23, 2014 4:14:40 下午 org.openqa.selenium.remote.RemoteWebDriver log
信息: Executing: executeScript [null, executeScript {script=var tr = window.top.G_testRunner;return !!tr && tr.isFinished();, args=[]}]
三月 23, 2014 4:14:40 下午 org.openqa.selenium.remote.RemoteWebDriver log
信息: Executed: [null, executeScript {script=var tr = window.top.G_testRunner;return !!tr && tr.isFinished();, args=[]}]
三月 23, 2014 4:14:40 下午 org.openqa.selenium.remote.RemoteWebDriver log
信息: Executing: executeScript [null, executeScript {script=var tr = window.top.G_testRunner;return !!tr && tr.isFinished();, args=[]}]
三月 23, 2014 4:14:40 下午 org.openqa.selenium.remote.RemoteWebDriver log
信息: Executed: [null, executeScript {script=var tr = window.top.G_testRunner;return !!tr && tr.isFinished();, args=[]}]
三月 23, 2014 4:14:40 下午 org.openqa.selenium.remote.RemoteWebDriver log
信息: Executing: executeScript [null, executeScript {script=var tr = window.top.G_testRunner;return !!tr && tr.isFinished();, args=[]}]
三月 23, 2014 4:14:40 下午 org.openqa.selenium.remote.RemoteWebDriver log
信息: Executed: [null, executeScript {script=var tr = window.top.G_testRunner;return !!tr && tr.isFinished();, args=[]}]
三月 23, 2014 4:14:40 下午 org.openqa.selenium.remote.RemoteWebDriver log
信息: Executing: executeScript [null, executeScript {script=var tr = window.top.G_testRunner;return !!tr && tr.isSuccess();, args=[]}]
三月 23, 2014 4:14:40 下午 org.openqa.selenium.remote.RemoteWebDriver log
信息: Executed: [null, executeScript {script=var tr = window.top.G_testRunner;return !!tr && tr.isSuccess();, args=[]}]
三月 23, 2014 4:14:40 下午 org.openqa.selenium.remote.RemoteWebDriver log
信息: Executing: executeScript [null, executeScript {script=var tr = window.top.G_testRunner;return tr.getReport(true);, args=[]}]
三月 23, 2014 4:14:40 下午 org.openqa.selenium.remote.RemoteWebDriver log
信息: Executed: [null, executeScript {script=var tr = window.top.G_testRunner;return tr.getReport(true);, args=[]}]
2014-03-23 16:14:40.298:INFO:osjsh.ContextHandler:stopped o.s.j.s.ServletContextHandler{/third_party/js,file:/Users/lingzhixiang/codes/seleniumsource/selenium/third_party/js/}
2014-03-23 16:14:40.298:INFO:osjsh.ContextHandler:stopped o.s.j.s.ServletContextHandler{/third_party/closure/goog,file:/Users/lingzhixiang/codes/seleniumsource/selenium/third_party/closure/goog/}
2014-03-23 16:14:40.298:INFO:osjsh.ContextHandler:stopped o.s.j.s.ServletContextHandler{/javascript,file:/Users/lingzhixiang/codes/seleniumsource/selenium/javascript/}
2014-03-23 16:14:40.298:INFO:osjsh.ContextHandler:stopped o.s.j.s.ServletContextHandler{/common,file:/Users/lingzhixiang/codes/seleniumsource/selenium/common/src/web/}
三月 23, 2014 4:14:40 下午 org.openqa.selenium.remote.RemoteWebDriver log
信息: Executing: quit [null, quit {}]
三月 23, 2014 4:14:40 下午 org.openqa.selenium.remote.RemoteWebDriver log
信息: Executed: [null, quit {}]
三月 23, 2014 4:14:40 下午 org.openqa.selenium.safari.SafariDriverCommandExecutor stop
信息: Shutting down
三月 23, 2014 4:14:40 下午 org.openqa.selenium.safari.SafariDriverCommandExecutor stop
信息: Closing connection
三月 23, 2014 4:14:40 下午 org.openqa.selenium.safari.SafariDriverCommandExecutor stop
信息: Stopping Safari
三月 23, 2014 4:14:40 下午 org.openqa.selenium.safari.SafariDriverCommandExecutor stop
信息: Stopping server
三月 23, 2014 4:14:40 下午 org.openqa.selenium.safari.SafariDriverServer stop
信息: Stopping server
三月 23, 2014 4:14:40 下午 org.openqa.selenium.safari.SafariDriverCommandExecutor stop
信息: Uninstalling extensions
三月 23, 2014 4:14:40 下午 org.openqa.selenium.safari.SafariDriverCommandExecutor stop
信息: Shutdown complete
]]></system-err>
</testsuite>
