<?xml version="1.0" encoding="UTF-8" ?>
<testsuite errors="20" failures="1" hostname="LingzhiXiangs-MacBook-Pro.local" name="org.openqa.selenium.firefox.SynthesizedFirefoxDriverTests" tests="887" time="410.659" timestamp="2014-03-23T08:20:07">
  <properties>
    <property name="java.runtime.name" value="Java(TM) SE Runtime Environment" />
    <property name="sun.boot.library.path" value="/Library/Java/JavaVirtualMachines/jdk1.7.0_51.jdk/Contents/Home/jre/lib" />
    <property name="java.vm.version" value="24.51-b03" />
    <property name="gopherProxySet" value="false" />
    <property name="ant.version" value="Apache Ant(TM) version 1.8.2 compiled on December 20 2010" />
    <property name="ant.java.version" value="1.7" />
    <property name="java.vm.vendor" value="Oracle Corporation" />
    <property name="java.vendor.url" value="http://java.oracle.com/" />
    <property name="path.separator" value=":" />
    <property name="java.vm.name" value="Java HotSpot(TM) 64-Bit Server VM" />
    <property name="file.encoding.pkg" value="sun.io" />
    <property name="user.country" value="CN" />
    <property name="sun.java.launcher" value="SUN_STANDARD" />
    <property name="sun.os.patch.level" value="unknown" />
    <property name="java.vm.specification.name" value="Java Virtual Machine Specification" />
    <property name="user.dir" value="/Users/lingzhixiang/codes/seleniumsource/selenium" />
    <property name="java.runtime.version" value="1.7.0_51-b13" />
    <property name="java.awt.graphicsenv" value="sun.awt.CGraphicsEnvironment" />
    <property name="basedir" value="/Users/lingzhixiang/codes/seleniumsource/selenium" />
    <property name="java.endorsed.dirs" value="/Library/Java/JavaVirtualMachines/jdk1.7.0_51.jdk/Contents/Home/jre/lib/endorsed" />
    <property name="os.arch" value="x86_64" />
    <property name="java.io.tmpdir" value="/var/folders/00/pkm3h0j970g8sydlchl8fjyr0000gn/T/" />
    <property name="ant.core.lib" value="/Users/lingzhixiang/codes/seleniumsource/selenium/third_party/java/ant/ant-1.8.2.jar" />
    <property name="line.separator" value="&#xa;" />
    <property name="java.vm.specification.vendor" value="Oracle Corporation" />
    <property name="os.name" value="Mac OS X" />
    <property name="ant.project.name" value="selenium" />
    <property name="selenium.browser" value="ff" />
    <property name="sun.jnu.encoding" value="UTF-8" />
    <property name="java.library.path" value="/Users/lingzhixiang/Library/Java/Extensions:/Library/Java/Extensions:/Network/Library/Java/Extensions:/System/Library/Java/Extensions:/usr/lib/java:." />
    <property name="java.specification.name" value="Java Platform API Specification" />
    <property name="java.class.version" value="51.0" />
    <property name="sun.management.compiler" value="HotSpot 64-Bit Tiered Compilers" />
    <property name="os.version" value="10.9" />
    <property name="user.home" value="/Users/lingzhixiang" />
    <property name="user.timezone" value="" />
    <property name="java.awt.printerjob" value="sun.lwawt.macosx.CPrinterJob" />
    <property name="java.specification.version" value="1.7" />
    <property name="file.encoding" value="UTF-8" />
    <property name="user.name" value="lingzhixiang" />
    <property name="build.compiler" value="org.eclipse.jdt.core.JDTCompilerAdapter" />
    <property name="java.class.path" value="/Users/lingzhixiang/codes/seleniumsource/selenium/build/java/client/src/com/thoughtworks/selenium/api.jar:/Users/lingzhixiang/codes/seleniumsource/selenium/build/java/client/src/com/thoughtworks/selenium/condition/condition.jar:/Users/lingzhixiang/codes/seleniumsource/selenium/build/java/client/src/com/thoughtworks/selenium/selenium.jar:/Users/lingzhixiang/codes/seleniumsource/selenium/build/java/client/src/com/thoughtworks/selenium/wait.jar:/Users/lingzhixiang/codes/seleniumsource/selenium/build/java/client/src/com/thoughtworks/selenium/webdriven/commands/commands.jar:/Users/lingzhixiang/codes/seleniumsource/selenium/build/java/client/src/com/thoughtworks/selenium/webdriven/emulation-api.jar:/Users/lingzhixiang/codes/seleniumsource/selenium/build/java/client/src/com/thoughtworks/selenium/webdriven/webdriven.jar:/Users/lingzhixiang/codes/seleniumsource/selenium/build/java/client/src/org/openqa/selenium/base.jar:/Users/lingzhixiang/codes/seleniumsource/selenium/build/java/client/src/org/openqa/selenium/beta.jar:/Users/lingzhixiang/codes/seleniumsource/selenium/build/java/client/src/org/openqa/selenium/browserlaunchers/browserlaunchers.jar:/Users/lingzhixiang/codes/seleniumsource/selenium/build/java/client/src/org/openqa/selenium/browserlaunchers/launcher-utils.jar:/Users/lingzhixiang/codes/seleniumsource/selenium/build/java/client/src/org/openqa/selenium/browserlaunchers/locators/locators.jar:/Users/lingzhixiang/codes/seleniumsource/selenium/build/java/client/src/org/openqa/selenium/browserlaunchers/proxies.jar:/Users/lingzhixiang/codes/seleniumsource/selenium/build/java/client/src/org/openqa/selenium/chrome/chrome.jar:/Users/lingzhixiang/codes/seleniumsource/selenium/build/java/client/src/org/openqa/selenium/codecs.jar:/Users/lingzhixiang/codes/seleniumsource/selenium/build/java/client/src/org/openqa/selenium/firefox/firefox.jar:/Users/lingzhixiang/codes/seleniumsource/selenium/build/java/client/src/org/openqa/selenium/htmlunit/htmlunit.jar:/Users/lingzhixiang/codes/seleniumsource/selenium/build/java/client/src/org/openqa/selenium/ie/ie.jar:/Users/lingzhixiang/codes/seleniumsource/selenium/build/java/client/src/org/openqa/selenium/interactions/api.jar:/Users/lingzhixiang/codes/seleniumsource/selenium/build/java/client/src/org/openqa/selenium/interactions/interactions.jar:/Users/lingzhixiang/codes/seleniumsource/selenium/build/java/client/src/org/openqa/selenium/io/io.jar:/Users/lingzhixiang/codes/seleniumsource/selenium/build/java/client/src/org/openqa/selenium/lift/lift.jar:/Users/lingzhixiang/codes/seleniumsource/selenium/build/java/client/src/org/openqa/selenium/logging/api.jar:/Users/lingzhixiang/codes/seleniumsource/selenium/build/java/client/src/org/openqa/selenium/logging/logging.jar:/Users/lingzhixiang/codes/seleniumsource/selenium/build/java/client/src/org/openqa/selenium/net/net.jar:/Users/lingzhixiang/codes/seleniumsource/selenium/build/java/client/src/org/openqa/selenium/os/os.jar:/Users/lingzhixiang/codes/seleniumsource/selenium/build/java/client/src/org/openqa/selenium/remote/api.jar:/Users/lingzhixiang/codes/seleniumsource/selenium/build/java/client/src/org/openqa/selenium/remote/augmenter.jar:/Users/lingzhixiang/codes/seleniumsource/selenium/build/java/client/src/org/openqa/selenium/remote/base.jar:/Users/lingzhixiang/codes/seleniumsource/selenium/build/java/client/src/org/openqa/selenium/remote/common.jar:/Users/lingzhixiang/codes/seleniumsource/selenium/build/java/client/src/org/openqa/selenium/remote/http-session-id.jar:/Users/lingzhixiang/codes/seleniumsource/selenium/build/java/client/src/org/openqa/selenium/remote/remote.jar:/Users/lingzhixiang/codes/seleniumsource/selenium/build/java/client/src/org/openqa/selenium/remote/service/service.jar:/Users/lingzhixiang/codes/seleniumsource/selenium/build/java/client/src/org/openqa/selenium/safari/safari.jar:/Users/lingzhixiang/codes/seleniumsource/selenium/build/java/client/src/org/openqa/selenium/security/security.jar:/Users/lingzhixiang/codes/seleniumsource/selenium/build/java/client/src/org/openqa/selenium/support/events/events.jar:/Users/lingzhixiang/codes/seleniumsource/selenium/build/java/client/src/org/openqa/selenium/support/page-factory.jar:/Users/lingzhixiang/codes/seleniumsource/selenium/build/java/client/src/org/openqa/selenium/support/support.jar:/Users/lingzhixiang/codes/seleniumsource/selenium/build/java/client/src/org/openqa/selenium/support/ui/clock.jar:/Users/lingzhixiang/codes/seleniumsource/selenium/build/java/client/src/org/openqa/selenium/support/ui/components.jar:/Users/lingzhixiang/codes/seleniumsource/selenium/build/java/client/src/org/openqa/selenium/support/ui/elements.jar:/Users/lingzhixiang/codes/seleniumsource/selenium/build/java/client/src/org/openqa/selenium/support/ui/wait.jar:/Users/lingzhixiang/codes/seleniumsource/selenium/build/java/client/src/org/openqa/selenium/webdriver-api.jar:/Users/lingzhixiang/codes/seleniumsource/selenium/build/java/client/test/org/openqa/selenium/base.jar:/Users/lingzhixiang/codes/seleniumsource/selenium/build/java/client/test/org/openqa/selenium/build.jar:/Users/lingzhixiang/codes/seleniumsource/selenium/build/java/client/test/org/openqa/selenium/environment/environment.jar:/Users/lingzhixiang/codes/seleniumsource/selenium/build/java/client/test/org/openqa/selenium/environment/webserver/webserver.jar:/Users/lingzhixiang/codes/seleniumsource/selenium/build/java/client/test/org/openqa/selenium/firefox/test_synthesized.jar:/Users/lingzhixiang/codes/seleniumsource/selenium/build/java/client/test/org/openqa/selenium/firefox/tests_common.jar:/Users/lingzhixiang/codes/seleniumsource/selenium/build/java/client/test/org/openqa/selenium/testing/annotations.jar:/Users/lingzhixiang/codes/seleniumsource/selenium/build/java/client/test/org/openqa/selenium/testing/dev_mode.jar:/Users/lingzhixiang/codes/seleniumsource/selenium/build/java/client/test/org/openqa/selenium/testing/drivers/browser.jar:/Users/lingzhixiang/codes/seleniumsource/selenium/build/java/client/test/org/openqa/selenium/testing/drivers/drivers.jar:/Users/lingzhixiang/codes/seleniumsource/selenium/build/java/client/test/org/openqa/selenium/testing/drivers/test_selenium_server.jar:/Users/lingzhixiang/codes/seleniumsource/selenium/build/java/client/test/org/openqa/selenium/testing/junit.jar:/Users/lingzhixiang/codes/seleniumsource/selenium/build/java/client/test/org/openqa/selenium/testing/junit_4.jar:/Users/lingzhixiang/codes/seleniumsource/selenium/build/java/client/test/org/openqa/selenium/testing/proxy.jar:/Users/lingzhixiang/codes/seleniumsource/selenium/build/java/client/test/org/openqa/selenium/testing/testing.jar:/Users/lingzhixiang/codes/seleniumsource/selenium/build/java/client/test/org/openqa/selenium/testing/tests.jar:/Users/lingzhixiang/codes/seleniumsource/selenium/build/java/client/test/org/openqa/selenium/testing/util.jar:/Users/lingzhixiang/codes/seleniumsource/selenium/build/java/client/test/org/openqa/selenium/tests.jar:/Users/lingzhixiang/codes/seleniumsource/selenium/build/java/client/test/org/openqa/selenium/v1/internal/seleniumemulation/small_tests.jar:/Users/lingzhixiang/codes/seleniumsource/selenium/build/java/client/test/org/openqa/selenium/v1/small_tests.jar:/Users/lingzhixiang/codes/seleniumsource/selenium/build/java/server/src/cybervillains/cybervillains.jar:/Users/lingzhixiang/codes/seleniumsource/selenium/build/java/server/src/org/openqa/grid/common/common.jar:/Users/lingzhixiang/codes/seleniumsource/selenium/build/java/server/src/org/openqa/grid/grid.jar:/Users/lingzhixiang/codes/seleniumsource/selenium/build/java/server/src/org/openqa/grid/selenium/selenium.jar:/Users/lingzhixiang/codes/seleniumsource/selenium/build/java/server/src/org/openqa/jetty/jetty.jar:/Users/lingzhixiang/codes/seleniumsource/selenium/build/java/server/src/org/openqa/selenium/remote/server/http-api.jar:/Users/lingzhixiang/codes/seleniumsource/selenium/build/java/server/src/org/openqa/selenium/remote/server/jee-http-api.jar:/Users/lingzhixiang/codes/seleniumsource/selenium/build/java/server/src/org/openqa/selenium/remote/server/log/log.jar:/Users/lingzhixiang/codes/seleniumsource/selenium/build/java/server/src/org/openqa/selenium/remote/server/resource/resource.jar:/Users/lingzhixiang/codes/seleniumsource/selenium/build/java/server/src/org/openqa/selenium/remote/server/restish.jar:/Users/lingzhixiang/codes/seleniumsource/selenium/build/java/server/src/org/openqa/selenium/remote/server/server_core.jar:/Users/lingzhixiang/codes/seleniumsource/selenium/build/java/server/src/org/openqa/selenium/remote/server/server_very_core.jar:/Users/lingzhixiang/codes/seleniumsource/selenium/build/java/server/src/org/openqa/selenium/security/security.jar:/Users/lingzhixiang/codes/seleniumsource/selenium/build/java/server/src/org/openqa/selenium/server/base.jar:/Users/lingzhixiang/codes/seleniumsource/selenium/build/java/server/src/org/openqa/selenium/server/logging.jar:/Users/lingzhixiang/codes/seleniumsource/selenium/build/java/server/src/org/openqa/selenium/server/server_resources.jar:/Users/lingzhixiang/codes/seleniumsource/selenium/build/javascript/selenium-core/selenium-core.jar:/Users/lingzhixiang/codes/seleniumsource/selenium/third_party/java/apache-httpclient/httpclient-4.3.1.jar:/Users/lingzhixiang/codes/seleniumsource/selenium/third_party/java/apache-httpclient/httpcore-4.3.jar:/Users/lingzhixiang/codes/seleniumsource/selenium/third_party/java/apache-httpclient/httpmime-4.3.1.jar:/Users/lingzhixiang/codes/seleniumsource/selenium/third_party/java/apache-mime4j/apache-mime4j-0.6.jar:/Users/lingzhixiang/codes/seleniumsource/selenium/third_party/java/beanshell/bsh-1.3.0.jar:/Users/lingzhixiang/codes/seleniumsource/selenium/third_party/java/bouncycastle/bcpkix-jdk15on-1.48.jar:/Users/lingzhixiang/codes/seleniumsource/selenium/third_party/java/bouncycastle/bcprov-jdk15on-1.48.jar:/Users/lingzhixiang/codes/seleniumsource/selenium/third_party/java/cglib/cglib-nodep-2.1_3.jar:/Users/lingzhixiang/codes/seleniumsource/selenium/third_party/java/commons-codec/commons-codec-1.8.jar:/Users/lingzhixiang/codes/seleniumsource/selenium/third_party/java/commons-collections/commons-collections-3.2.1.jar:/Users/lingzhixiang/codes/seleniumsource/selenium/third_party/java/commons-el/commons-el-1.0.jar:/Users/lingzhixiang/codes/seleniumsource/selenium/third_party/java/commons-exec/commons-exec-1.1.jar:/Users/lingzhixiang/codes/seleniumsource/selenium/third_party/java/commons-fileupload/commons-fileupload-1.2.2.jar:/Users/lingzhixiang/codes/seleniumsource/selenium/third_party/java/commons-io/commons-io-2.2.jar:/Users/lingzhixiang/codes/seleniumsource/selenium/third_party/java/commons-jxpath/commons-jxpath-1.3.jar:/Users/lingzhixiang/codes/seleniumsource/selenium/third_party/java/commons-lang/commons-lang3-3.1.jar:/Users/lingzhixiang/codes/seleniumsource/selenium/third_party/java/commons-logging/commons-logging-1.1.1.jar:/Users/lingzhixiang/codes/seleniumsource/selenium/third_party/java/commons_cli/commons-cli-1.2.jar:/Users/lingzhixiang/codes/seleniumsource/selenium/third_party/java/cssparser/cssparser-0.9.11.jar:/Users/lingzhixiang/codes/seleniumsource/selenium/third_party/java/dnsjava/dnsjava-2.1.3.jar:/Users/lingzhixiang/codes/seleniumsource/selenium/third_party/java/dnssec4j/dnssec4j-0.1-SNAPSHOT.jar:/Users/lingzhixiang/codes/seleniumsource/selenium/third_party/java/ehcache/ehcache-core-2.5.2.jar:/Users/lingzhixiang/codes/seleniumsource/selenium/third_party/java/google-protobuffers/protobuf-java-2.4.1.jar:/Users/lingzhixiang/codes/seleniumsource/selenium/third_party/java/guava-libraries/guava-15.0.jar:/Users/lingzhixiang/codes/seleniumsource/selenium/third_party/java/hamcrest/hamcrest-core-1.3.jar:/Users/lingzhixiang/codes/seleniumsource/selenium/third_party/java/hamcrest/hamcrest-library-1.3.jar:/Users/lingzhixiang/codes/seleniumsource/selenium/third_party/java/htmlunit/htmlunit-2.13.jar:/Users/lingzhixiang/codes/seleniumsource/selenium/third_party/java/htmlunit/htmlunit-core-js-2.13.jar:/Users/lingzhixiang/codes/seleniumsource/selenium/third_party/java/ini4j/ini4j-0.5.2.jar:/Users/lingzhixiang/codes/seleniumsource/selenium/third_party/java/jasper/jasper-compiler-5.5.15.jar:/Users/lingzhixiang/codes/seleniumsource/selenium/third_party/java/jasper/jasper-compiler-jdt-5.5.15.jar:/Users/lingzhixiang/codes/seleniumsource/selenium/third_party/java/jasper/jasper-runtime-5.5.15.jar:/Users/lingzhixiang/codes/seleniumsource/selenium/third_party/java/jasper/jsp-api-2.0.jar:/Users/lingzhixiang/codes/seleniumsource/selenium/third_party/java/jcip_annotations/jcip-annotations-1.0.jar:/Users/lingzhixiang/codes/seleniumsource/selenium/third_party/java/jcommander/jcommander-1.29.jar:/Users/lingzhixiang/codes/seleniumsource/selenium/third_party/java/jetty-websocket/jetty-websocket-8.1.8.jar:/Users/lingzhixiang/codes/seleniumsource/selenium/third_party/java/jetty/jetty-repacked-7.6.1.jar:/Users/lingzhixiang/codes/seleniumsource/selenium/third_party/java/jna/jna-3.4.0.jar:/Users/lingzhixiang/codes/seleniumsource/selenium/third_party/java/jna/jna-platform-3.4.0.jar:/Users/lingzhixiang/codes/seleniumsource/selenium/third_party/java/json/json-20080701.jar:/Users/lingzhixiang/codes/seleniumsource/selenium/third_party/java/junit/junit-dep-4.11.jar:/Users/lingzhixiang/codes/seleniumsource/selenium/third_party/java/little_proxy/littleproxy-0.5.3.jar:/Users/lingzhixiang/codes/seleniumsource/selenium/third_party/java/mockito/mockito-core-1.9.5.jar:/Users/lingzhixiang/codes/seleniumsource/selenium/third_party/java/mx4j/mx4j-tools-3.0.1.jar:/Users/lingzhixiang/codes/seleniumsource/selenium/third_party/java/nekohtml/nekohtml-1.9.19.jar:/Users/lingzhixiang/codes/seleniumsource/selenium/third_party/java/netty/netty-3.5.7.Final.jar:/Users/lingzhixiang/codes/seleniumsource/selenium/third_party/java/objenesis/objenesis-1.0.jar:/Users/lingzhixiang/codes/seleniumsource/selenium/third_party/java/opera-driver/operadriver-1.5.jar:/Users/lingzhixiang/codes/seleniumsource/selenium/third_party/java/phantomjs-driver/phantomjsdriver-1.1.0.jar:/Users/lingzhixiang/codes/seleniumsource/selenium/third_party/java/sac/sac-1.3.jar:/Users/lingzhixiang/codes/seleniumsource/selenium/third_party/java/serializer/serializer-2.7.1.jar:/Users/lingzhixiang/codes/seleniumsource/selenium/third_party/java/servlet-api/servlet-api-2.5-6.1.9.jar:/Users/lingzhixiang/codes/seleniumsource/selenium/third_party/java/slf4j/slf4j-api-1.6.6.jar:/Users/lingzhixiang/codes/seleniumsource/selenium/third_party/java/slf4j/slf4j-jdk14-1.6.6.jar:/Users/lingzhixiang/codes/seleniumsource/selenium/third_party/java/testng/testng-6.8.5.jar:/Users/lingzhixiang/codes/seleniumsource/selenium/third_party/java/webbit/webbit-0.4.14.jar:/Users/lingzhixiang/codes/seleniumsource/selenium/third_party/java/xml/xalan-2.7.1.jar:/Users/lingzhixiang/codes/seleniumsource/selenium/third_party/java/xml/xercesImpl-2.10.0.jar:/Users/lingzhixiang/codes/seleniumsource/selenium/third_party/java/xml/xml-apis-1.4.01.jar:/Users/lingzhixiang/codes/seleniumsource/selenium/third_party/java/yaml/snakeyaml-1.8.jar:/Users/lingzhixiang/codes/seleniumsource/selenium/third_party/java/ant/ant-launcher-1.8.2.jar:/Users/lingzhixiang/codes/seleniumsource/selenium/third_party/java/ant/ant-1.8.2.jar:/Users/lingzhixiang/codes/seleniumsource/selenium/third_party/java/ant/ant-junit-1.8.2.jar:/Users/lingzhixiang/codes/seleniumsource/selenium/third_party/java/ant/ant-junit4-1.8.2.jar" />
    <property name="java.vm.specification.version" value="1.7" />
    <property name="java.home" value="/Library/Java/JavaVirtualMachines/jdk1.7.0_51.jdk/Contents/Home/jre" />
    <property name="sun.java.command" value="org.apache.tools.ant.taskdefs.optional.junit.JUnitTestRunner org.openqa.selenium.firefox.SynthesizedFirefoxDriverTests filtertrace=true haltOnError=true haltOnFailure=true formatter=org.apache.tools.ant.taskdefs.optional.junit.SummaryJUnitResultFormatter showoutput=true outputtoformatters=true logfailedtests=true logtestlistenerevents=false formatter=org.apache.tools.ant.taskdefs.optional.junit.PlainJUnitResultFormatter,/Users/lingzhixiang/codes/seleniumsource/selenium/build/test_logs/TEST-test_synthesized-org.openqa.selenium.firefox.SynthesizedFirefoxDriverTests.txt formatter=org.apache.tools.ant.taskdefs.optional.junit.XMLJUnitResultFormatter,/Users/lingzhixiang/codes/seleniumsource/selenium/build/test_logs/TEST-test_synthesized-org.openqa.selenium.firefox.SynthesizedFirefoxDriverTests.xml crashfile=/Users/lingzhixiang/codes/seleniumsource/selenium/junitvmwatcher2923334796822740531.properties propsfile=/Users/lingzhixiang/codes/seleniumsource/selenium/junit3792833222667329260.properties" />
    <property name="sun.arch.data.model" value="64" />
    <property name="java.specification.vendor" value="Oracle Corporation" />
    <property name="user.language" value="zh" />
    <property name="awt.toolkit" value="sun.lwawt.macosx.LWCToolkit" />
    <property name="java.vm.info" value="mixed mode" />
    <property name="java.version" value="1.7.0_51" />
    <property name="java.ext.dirs" value="/Users/lingzhixiang/Library/Java/Extensions:/Library/Java/JavaVirtualMachines/jdk1.7.0_51.jdk/Contents/Home/jre/lib/ext:/Library/Java/Extensions:/Network/Library/Java/Extensions:/System/Library/Java/Extensions:/usr/lib/java" />
    <property name="sun.boot.class.path" value="/Library/Java/JavaVirtualMachines/jdk1.7.0_51.jdk/Contents/Home/jre/lib/resources.jar:/Library/Java/JavaVirtualMachines/jdk1.7.0_51.jdk/Contents/Home/jre/lib/rt.jar:/Library/Java/JavaVirtualMachines/jdk1.7.0_51.jdk/Contents/Home/jre/lib/sunrsasign.jar:/Library/Java/JavaVirtualMachines/jdk1.7.0_51.jdk/Contents/Home/jre/lib/jsse.jar:/Library/Java/JavaVirtualMachines/jdk1.7.0_51.jdk/Contents/Home/jre/lib/jce.jar:/Library/Java/JavaVirtualMachines/jdk1.7.0_51.jdk/Contents/Home/jre/lib/charsets.jar:/Library/Java/JavaVirtualMachines/jdk1.7.0_51.jdk/Contents/Home/jre/lib/jfr.jar:/Library/Java/JavaVirtualMachines/jdk1.7.0_51.jdk/Contents/Home/jre/classes" />
    <property name="java.vendor" value="Oracle Corporation" />
    <property name="file.separator" value="/" />
    <property name="XmlLogger.file" value="build/build_log.xml" />
    <property name="java.vendor.url.bug" value="http://bugreport.sun.com/bugreport/" />
    <property name="sun.cpu.endian" value="little" />
    <property name="sun.io.unicode.encoding" value="UnicodeBig" />
    <property name="sun.cpu.isalist" value="" />
  </properties>
  <testcase classname="org.openqa.selenium.AlertsTest" name="testShouldHandleAlertOnPageUnload" time="3.101" />
  <testcase classname="org.openqa.selenium.AlertsTest" name="testShouldAllowUsersToAcceptAnAlertInANestedFrame" time="0.774" />
  <testcase classname="org.openqa.selenium.AlertsTest" name="testShouldAllowUsersToAcceptAnAlertInAFrame" time="0.641" />
  <testcase classname="org.openqa.selenium.AlertsTest" name="testShouldAllowTheUserToGetTheTextOfAnAlert" time="0.686" />
  <testcase classname="org.openqa.selenium.AlertsTest" name="testShouldHandleAlertOnWindowClose" time="0.104" />
  <testcase classname="org.openqa.selenium.AlertsTest" name="testAlertShouldNotAllowAdditionalCommandsIfDismissed" time="2.752" />
  <testcase classname="org.openqa.selenium.AlertsTest" name="testPromptShouldHaveNullValueIfDismissed" time="0.732" />
  <testcase classname="org.openqa.selenium.AlertsTest" name="testShouldHandleAlertOnPageBeforeUnloadAtQuit" time="0.514" />
  <testcase classname="org.openqa.selenium.AlertsTest" name="testSwitchingToMissingAlertInAClosedWindowThrows" time="2.369" />
  <testcase classname="org.openqa.selenium.AlertsTest" name="testShouldAllowAUserToAcceptAPrompt" time="0.76" />
  <testcase classname="org.openqa.selenium.AlertsTest" name="testShouldAllowUsersToAcceptAnAlertManually" time="0.649" />
  <testcase classname="org.openqa.selenium.AlertsTest" name="testPromptShouldUseDefaultValueIfNoKeysSent" time="0.722" />
  <testcase classname="org.openqa.selenium.AlertsTest" name="testSettingTheValueOfAnAlertThrows" time="0.627" />
  <testcase classname="org.openqa.selenium.AlertsTest" name="testShouldAllowAUserToDismissAPrompt" time="0.712" />
  <testcase classname="org.openqa.selenium.AlertsTest" name="testShouldAllowUsersToAcceptAnAlertWithNoTextManually" time="0.63" />
  <testcase classname="org.openqa.selenium.AlertsTest" name="testShouldBeAbleToOverrideTheWindowAlertMethod" time="0.152" />
  <testcase classname="org.openqa.selenium.AlertsTest" name="testShouldHandleAlertOnPageLoad" time="0.73" />
  <testcase classname="org.openqa.selenium.AlertsTest" name="testShouldAllowAUserToSetTheValueOfAPrompt" time="0.745" />
  <testcase classname="org.openqa.selenium.AlertsTest" name="testHandlesTwoAlertsFromOneInteraction" time="1.442" />
  <testcase classname="org.openqa.selenium.AlertsTest" name="testCanQuitWhenAnAlertIsPresent" time="0.565" />
  <testcase classname="org.openqa.selenium.AlertsTest" name="testShouldHandleAlertOnPageBeforeUnload" time="3.159" />
  <testcase classname="org.openqa.selenium.AlertsTest" name="testShouldAllowUsersToDismissAnAlertManually" time="0.638" />
  <testcase classname="org.openqa.selenium.AlertsTest" name="testIncludesAlertTextInUnhandledAlertException" time="0.66" />
  <testcase classname="org.openqa.selenium.AlertsTest" name="testShouldAllowTheUserToGetTheTextOfAPrompt" time="0.711" />
  <testcase classname="org.openqa.selenium.AlertsTest" name="testSwitchingToMissingAlertThrows" time="2.196" />
  <testcase classname="org.openqa.selenium.AlertsTest" name="testShouldHandleAlertOnPageLoadUsingGet" time="0.69" />
  <testcase classname="org.openqa.selenium.AlertsTest" name="testShouldGetTextOfAlertOpenedInSetTimeout" time="0.806" />
  <testcase classname="org.openqa.selenium.AtomsInjectionTest" name="testInjectingAtomShouldNotTrampleOnUnderscoreGlobal" time="0.07" />
  <testcase classname="org.openqa.selenium.logging.AvailableLogsTest" name="driverLogShouldBeEnabledByDefault" time="0.01" />
  <testcase classname="org.openqa.selenium.logging.AvailableLogsTest" name="profilerLogShouldBeDisabledByDefault" time="0.005" />
  <testcase classname="org.openqa.selenium.logging.AvailableLogsTest" name="serverLogShouldBeEnabledByDefaultOnRemote" time="0.001" />
  <testcase classname="org.openqa.selenium.logging.AvailableLogsTest" name="shouldBeAbleToEnableProfilerLog" time="1.856" />
  <testcase classname="org.openqa.selenium.logging.AvailableLogsTest" name="clientLogShouldBeEnabledByDefault" time="2.067" />
  <testcase classname="org.openqa.selenium.logging.AvailableLogsTest" name="browserLogShouldBeEnabledByDefault" time="0.017" />
  <testcase classname="org.openqa.selenium.ByTest" name="searchesByXPathIfFindingByClassNameNotSupported" time="0.154" />
  <testcase classname="org.openqa.selenium.ByTest" name="testHashCodeDoesNotFallIntoEndlessRecursion" time="0.0" />
  <testcase classname="org.openqa.selenium.ByTest" name="fallsBackOnXPathIfContextDoesNotImplementFallsById" time="0.0" />
  <testcase classname="org.openqa.selenium.ByTest" name="shouldUseXPathToFindByNameIfDriverDoesNotImplementFindsByName" time="0.0" />
  <testcase classname="org.openqa.selenium.ByTest" name="searchesByXPathIfCannotFindByTagName" time="0.001" />
  <testcase classname="org.openqa.selenium.ByTest" name="searchesByTagNameIfSupported" time="0.015" />
  <testcase classname="org.openqa.selenium.ByTest" name="shouldUseFindsByNameToLocateElementsByName" time="0.0" />
  <testcase classname="org.openqa.selenium.ByTest" name="innerClassesArePublicSoThatTheyCanBeReusedElsewhere" time="0.0" />
  <testcase classname="org.openqa.selenium.ByTest" name="doesNotUseXPathIfContextFindsById" time="0.0" />
  <testcase classname="org.openqa.selenium.ByTest" name="searchesByClassNameIfSupported" time="0.0" />
  <testcase classname="org.openqa.selenium.ChildrenFindingTest" name="testShouldFindGrandChildren" time="0.103" />
  <testcase classname="org.openqa.selenium.ChildrenFindingTest" name="testShouldBeAbleToFindAnElementByCss3Selector" time="0.087" />
  <testcase classname="org.openqa.selenium.ChildrenFindingTest" name="testElementCanGetLinkByLinkTestIgnoringTrailingWhitespace" time="0.097" />
  <testcase classname="org.openqa.selenium.ChildrenFindingTest" name="testFindElementByXPath" time="0.088" />
  <testcase classname="org.openqa.selenium.ChildrenFindingTest" name="testFindElementsById" time="0.073" />
  <testcase classname="org.openqa.selenium.ChildrenFindingTest" name="testFindElementByName" time="0.088" />
  <testcase classname="org.openqa.selenium.ChildrenFindingTest" name="testFindElementsByXPath" time="0.098" />
  <testcase classname="org.openqa.selenium.ChildrenFindingTest" name="testShouldFindChildElementsByTagName" time="0.081" />
  <testcase classname="org.openqa.selenium.ChildrenFindingTest" name="testShouldBeAbleToFindAnElementByCssSelector" time="0.087" />
  <testcase classname="org.openqa.selenium.ChildrenFindingTest" name="testFindingByCssShouldNotIncludeParentElementIfSameTagType" time="0.087" />
  <testcase classname="org.openqa.selenium.ChildrenFindingTest" name="testFindElementByLinkText" time="0.107" />
  <testcase classname="org.openqa.selenium.ChildrenFindingTest" name="testFindingDotSlashElementsOnElementByXPathShouldFindNotTopLevelElements" time="0.066" />
  <testcase classname="org.openqa.selenium.ChildrenFindingTest" name="testReturnAnEmptyListWhenThereAreNoChildrenOfANode" time="0.066" />
  <testcase classname="org.openqa.selenium.ChildrenFindingTest" name="testShouldNotFindElementOutSideTree" time="0.095" />
  <testcase classname="org.openqa.selenium.ChildrenFindingTest" name="testShouldFindChildElementsByClassName" time="0.081" />
  <testcase classname="org.openqa.selenium.ChildrenFindingTest" name="testFindElementByXPathWhenNoMatch" time="0.087" />
  <testcase classname="org.openqa.selenium.ChildrenFindingTest" name="testFindElementByIdWhenNoMatchInContext" time="0.071" />
  <testcase classname="org.openqa.selenium.ChildrenFindingTest" name="testFindElementsByXPathWhenNoMatch" time="0.068" />
  <testcase classname="org.openqa.selenium.ChildrenFindingTest" name="testFindElementByIdWhenMultipleMatchesExist" time="0.145" />
  <testcase classname="org.openqa.selenium.ChildrenFindingTest" name="testLinkWithTrailingSpace" time="0.069" />
  <testcase classname="org.openqa.selenium.ChildrenFindingTest" name="testFindElementsByLinkTest" time="0.105" />
  <testcase classname="org.openqa.selenium.ChildrenFindingTest" name="testShouldBeAbleToFindChildrenOfANode" time="0.124" />
  <testcase classname="org.openqa.selenium.ChildrenFindingTest" name="testFindingElementsOnElementByXPathShouldFindTopLevelElements" time="0.065" />
  <testcase classname="org.openqa.selenium.ChildrenFindingTest" name="testShouldFindChildrenByTagName" time="0.083" />
  <testcase classname="org.openqa.selenium.ChildrenFindingTest" name="testShouldFindChildrenByClassName" time="0.077" />
  <testcase classname="org.openqa.selenium.ChildrenFindingTest" name="testLinkWithLeadingSpaces" time="0.066" />
  <testcase classname="org.openqa.selenium.ChildrenFindingTest" name="testFindElementsByName" time="0.083" />
  <testcase classname="org.openqa.selenium.ChildrenFindingTest" name="testFindingByTagNameShouldNotIncludeParentElementIfSameTagType" time="0.071" />
  <testcase classname="org.openqa.selenium.ChildrenFindingTest" name="testShouldBeAbleToFindElementsByCssSelector" time="0.075" />
  <testcase classname="org.openqa.selenium.ChildrenFindingTest" name="testFindMultipleElements" time="0.065" />
  <testcase classname="org.openqa.selenium.ChildrenFindingTest" name="testFindElementById" time="0.095" />
  <testcase classname="org.openqa.selenium.ClearTest" name="testTextInputShouldNotClearWhenDisabled" time="0.078" />
  <testcase classname="org.openqa.selenium.ClearTest" name="testTextAreaShouldNotClearWhenDisabled" time="0.065" />
  <testcase classname="org.openqa.selenium.ClearTest" name="testContentEditableAreaShouldClear" time="0.118" />
  <testcase classname="org.openqa.selenium.ClearTest" name="testWritableTextInputShouldClear" time="0.081" />
  <testcase classname="org.openqa.selenium.ClearTest" name="testWritableTextAreaShouldClear" time="0.095" />
  <testcase classname="org.openqa.selenium.ClearTest" name="testTextInputShouldNotClearWhenReadOnly" time="0.065" />
  <testcase classname="org.openqa.selenium.ClearTest" name="testTextAreaShouldNotClearWhenReadOnly" time="0.071" />
  <testcase classname="org.openqa.selenium.ClickScrollingTest" name="testShouldBeAbleToClickRadioButtonScrolledIntoView" time="0.111" />
  <testcase classname="org.openqa.selenium.ClickScrollingTest" name="testShouldNotScrollIfAlreadyScrolledAndElementIsInView" time="0.234" />
  <testcase classname="org.openqa.selenium.ClickScrollingTest" name="testShouldBeAbleToClickElementThatIsOutOfViewInANestedFrameThatIsOutOfView" time="0.347" />
  <testcase classname="org.openqa.selenium.ClickScrollingTest" name="testShouldBeAbleToClickElementInATallFrame" time="0.153" />
  <testcase classname="org.openqa.selenium.ClickScrollingTest" name="testShouldBeAbleToClickElementThatIsOutOfViewInAFrame" time="0.132" />
  <testcase classname="org.openqa.selenium.ClickScrollingTest" name="testShouldScrollToClickOnAnElementHiddenByOverflow" time="0.114" />
  <testcase classname="org.openqa.selenium.ClickScrollingTest" name="testShouldBeAbleToClickElementInAFrameThatIsOutOfView" time="0.142" />
  <testcase classname="org.openqa.selenium.ClickScrollingTest" name="testShouldNotScrollWhenGettingElementSize" time="0.067" />
  <testcase classname="org.openqa.selenium.ClickScrollingTest" name="testShouldBeAbleToClickElementThatIsOutOfViewInAFrameThatIsOutOfView" time="0.143" />
  <testcase classname="org.openqa.selenium.ClickScrollingTest" name="testShouldBeAbleToClickOnAnElementHiddenByYOverflow" time="0.13" />
  <testcase classname="org.openqa.selenium.ClickScrollingTest" name="testShouldNotScrollOverflowElementsWhichAreVisible" time="0.139" />
  <testcase classname="org.openqa.selenium.ClickScrollingTest" name="testShouldBeAbleToClickElementThatIsOutOfViewInANestedFrame" time="0.155" />
  <testcase classname="org.openqa.selenium.ClickScrollingTest" name="testShouldBeAbleToClickOnAnElementHiddenByOverflow" time="0.125" />
  <testcase classname="org.openqa.selenium.ClickScrollingTest" name="testClickingOnAnchorScrollsPage" time="0.344" />
  <testcase classname="org.openqa.selenium.ClickScrollingTest" name="testShouldScrollOverflowElementsIfClickPointIsOutOfViewButElementIsInView" time="0.192" />
  <testcase classname="org.openqa.selenium.ClickScrollingTest" name="testShouldBeAbleToClickOnAnElementHiddenByDoubleOverflow" time="0.15" />
  <testcase classname="org.openqa.selenium.ClickTest" name="testShouldSetRelatedTargetForMouseOver" time="0.244" />
  <testcase classname="org.openqa.selenium.ClickTest" name="testCanClickOnALinkWithEnclosedImage" time="0.165" />
  <testcase classname="org.openqa.selenium.ClickTest" name="testShouldBeAbleToClickOnASpanThatWrapsToTheNextLine" time="0.24" />
  <testcase classname="org.openqa.selenium.ClickTest" name="testCanClickOnAnElementWithTopSetToANegativeNumber" time="0.243" />
  <testcase classname="org.openqa.selenium.ClickTest" name="testCanClickOnAnAnchorAndNotReloadThePage" time="0.172" />
  <testcase classname="org.openqa.selenium.ClickTest" name="testCanClickOnAnElementEnclosedInALink" time="0.179" />
  <testcase classname="org.openqa.selenium.ClickTest" name="testCanClickOnALinkAndFollowIt" time="0.218" />
  <testcase classname="org.openqa.selenium.ClickTest" name="testShouldBeAbleToClickOnAnElementInTheViewport" time="0.213" />
  <testcase classname="org.openqa.selenium.ClickTest" name="testClickingLabelShouldSetCheckbox" time="0.249" />
  <testcase classname="org.openqa.selenium.ClickTest" name="testShouldOnlyFollowHrefOnce" time="0.759" />
  <testcase classname="org.openqa.selenium.ClickTest" name="testShouldBeAbleToClickOnLinkInAbsolutelyPositionedFooter" time="2.014" />
  <testcase classname="org.openqa.selenium.ClickTest" name="testShouldBeAbleToClickOnALinkThatWrapsToTheNextLine" time="0.212" />
  <testcase classname="org.openqa.selenium.ClickTest" name="testShouldBeAbleToClickOnLinksWithNoHrefAttribute" time="0.225" />
  <testcase classname="org.openqa.selenium.ClickTest" name="testClicksASurroundingStrongTag" time="0.219" />
  <testcase classname="org.openqa.selenium.ClickTest" name="testShouldBeAbleToClickOnRTLLanguageLink" time="0.246" />
  <testcase classname="org.openqa.selenium.ClickTest" name="testCanClickAnImageMapArea" time="0.485" />
  <testcase classname="org.openqa.selenium.ClickTest" name="testCanClickOnAnImageEnclosedInALink" time="0.154" />
  <testcase classname="org.openqa.selenium.ClickTest" name="testCanClickOnALinkThatOverflowsAndFollowIt" time="0.153" />
  <testcase classname="org.openqa.selenium.ClickTest" name="testShouldClickOnFirstBoundingClientRectWithNonZeroSize" time="0.2" />
  <testcase classname="org.openqa.selenium.ClickTest" name="testElementsFoundByJsCanLoadUpdatesInAnotherFrame" time="0.159" />
  <testcase classname="org.openqa.selenium.ClickTest" name="testCanClickOnALinkThatContainsEmbeddedBlockElements" time="0.172" />
  <testcase classname="org.openqa.selenium.ClickTest" name="testCanClickOnALinkThatContainsTextWrappedInASpan" time="0.195" />
  <testcase classname="org.openqa.selenium.ClickTest" name="testShouldBeAbleToClickOnLinkInAbsolutelyPositionedFooterInQuirksMode" time="0.2" />
  <testcase classname="org.openqa.selenium.ClickTest" name="testJsLocatedElementsCanUpdateFramesIfFoundSomehowElse" time="0.198" />
  <testcase classname="org.openqa.selenium.ClickTest" name="testShouldBeAbleToClickOnAnElementInFrameGreaterThanTwoViewports" time="0.266" />
  <testcase classname="org.openqa.selenium.ClickTest" name="testShouldBeAbleToClickOnAnElementGreaterThanTwoViewports" time="0.195" />
  <testcase classname="org.openqa.selenium.ClickTest" name="testCanClickOnALinkThatUpdatesAnotherFrame" time="0.242" />
  <testcase classname="org.openqa.selenium.CookieImplementationTest" name="testShouldBeAbleToIncludeLeadingPeriodInDomainName" time="0.004">
    <error message="Expected valid hostname but was localhost" type="java.lang.IllegalArgumentException">java.lang.IllegalArgumentException: Expected valid hostname but was localhost
	at com.google.common.base.Preconditions.checkArgument(Preconditions.java:120)
	at org.openqa.selenium.environment.DomainHelper.getUrlForFirstValidHostname(DomainHelper.java:34)
	at org.openqa.selenium.CookieImplementationTest.setUp(CookieImplementationTest.java:62)
	at org.openqa.selenium.testing.SeleniumTestRunner$2.evaluate(SeleniumTestRunner.java:107)
	at org.openqa.selenium.testing.SeleniumTestRunner.runChild(SeleniumTestRunner.java:80)
	at org.openqa.selenium.testing.ParallelSuite$2.run(ParallelSuite.java:40)
	at org.openqa.selenium.testing.ParallelSuite$ThreadPool$1.run(ParallelSuite.java:79)
</error>
  </testcase>
  <testcase classname="org.openqa.selenium.CookieImplementationTest" name="testShouldIgnoreThePortNumberOfTheHostWhenSettingTheCookie" time="0.002">
    <error message="Expected valid hostname but was localhost" type="java.lang.IllegalArgumentException">java.lang.IllegalArgumentException: Expected valid hostname but was localhost
	at com.google.common.base.Preconditions.checkArgument(Preconditions.java:120)
	at org.openqa.selenium.environment.DomainHelper.getUrlForFirstValidHostname(DomainHelper.java:34)
	at org.openqa.selenium.CookieImplementationTest.setUp(CookieImplementationTest.java:62)
	at org.openqa.selenium.testing.SeleniumTestRunner$2.evaluate(SeleniumTestRunner.java:107)
	at org.openqa.selenium.testing.SeleniumTestRunner.runChild(SeleniumTestRunner.java:80)
	at org.openqa.selenium.testing.ParallelSuite$2.run(ParallelSuite.java:40)
	at org.openqa.selenium.testing.ParallelSuite$ThreadPool$1.run(ParallelSuite.java:79)
</error>
  </testcase>
  <testcase classname="org.openqa.selenium.CookieImplementationTest" name="testShouldBeAbleToAddCookie" time="0.002">
    <error message="Expected valid hostname but was localhost" type="java.lang.IllegalArgumentException">java.lang.IllegalArgumentException: Expected valid hostname but was localhost
	at com.google.common.base.Preconditions.checkArgument(Preconditions.java:120)
	at org.openqa.selenium.environment.DomainHelper.getUrlForFirstValidHostname(DomainHelper.java:34)
	at org.openqa.selenium.CookieImplementationTest.setUp(CookieImplementationTest.java:62)
	at org.openqa.selenium.testing.SeleniumTestRunner$2.evaluate(SeleniumTestRunner.java:107)
	at org.openqa.selenium.testing.SeleniumTestRunner.runChild(SeleniumTestRunner.java:80)
	at org.openqa.selenium.testing.ParallelSuite$2.run(ParallelSuite.java:40)
	at org.openqa.selenium.testing.ParallelSuite$ThreadPool$1.run(ParallelSuite.java:79)
</error>
  </testcase>
  <testcase classname="org.openqa.selenium.CookieImplementationTest" name="testAddCookiesWithDifferentPathsThatAreRelatedToOurs" time="0.002">
    <error message="Expected valid hostname but was localhost" type="java.lang.IllegalArgumentException">java.lang.IllegalArgumentException: Expected valid hostname but was localhost
	at com.google.common.base.Preconditions.checkArgument(Preconditions.java:120)
	at org.openqa.selenium.environment.DomainHelper.getUrlForFirstValidHostname(DomainHelper.java:34)
	at org.openqa.selenium.CookieImplementationTest.setUp(CookieImplementationTest.java:62)
	at org.openqa.selenium.testing.SeleniumTestRunner$2.evaluate(SeleniumTestRunner.java:107)
	at org.openqa.selenium.testing.SeleniumTestRunner.runChild(SeleniumTestRunner.java:80)
	at org.openqa.selenium.testing.ParallelSuite$2.run(ParallelSuite.java:40)
	at org.openqa.selenium.testing.ParallelSuite$ThreadPool$1.run(ParallelSuite.java:79)
</error>
  </testcase>
  <testcase classname="org.openqa.selenium.CookieImplementationTest" name="testCookieEqualityAfterSetAndGet" time="0.001">
    <error message="Expected valid hostname but was localhost" type="java.lang.IllegalArgumentException">java.lang.IllegalArgumentException: Expected valid hostname but was localhost
	at com.google.common.base.Preconditions.checkArgument(Preconditions.java:120)
	at org.openqa.selenium.environment.DomainHelper.getUrlForFirstValidHostname(DomainHelper.java:34)
	at org.openqa.selenium.CookieImplementationTest.setUp(CookieImplementationTest.java:62)
	at org.openqa.selenium.testing.SeleniumTestRunner$2.evaluate(SeleniumTestRunner.java:107)
	at org.openqa.selenium.testing.SeleniumTestRunner.runChild(SeleniumTestRunner.java:80)
	at org.openqa.selenium.testing.ParallelSuite$2.run(ParallelSuite.java:40)
	at org.openqa.selenium.testing.ParallelSuite$ThreadPool$1.run(ParallelSuite.java:79)
</error>
  </testcase>
  <testcase classname="org.openqa.selenium.CookieImplementationTest" name="testSettingACookieThatExpiredInThePast" time="0.001">
    <error message="Expected valid hostname but was localhost" type="java.lang.IllegalArgumentException">java.lang.IllegalArgumentException: Expected valid hostname but was localhost
	at com.google.common.base.Preconditions.checkArgument(Preconditions.java:120)
	at org.openqa.selenium.environment.DomainHelper.getUrlForFirstValidHostname(DomainHelper.java:34)
	at org.openqa.selenium.CookieImplementationTest.setUp(CookieImplementationTest.java:62)
	at org.openqa.selenium.testing.SeleniumTestRunner$2.evaluate(SeleniumTestRunner.java:107)
	at org.openqa.selenium.testing.SeleniumTestRunner.runChild(SeleniumTestRunner.java:80)
	at org.openqa.selenium.testing.ParallelSuite$2.run(ParallelSuite.java:40)
	at org.openqa.selenium.testing.ParallelSuite$ThreadPool$1.run(ParallelSuite.java:79)
</error>
  </testcase>
  <testcase classname="org.openqa.selenium.CookieImplementationTest" name="testShouldBeAbleToSetDomainToTheCurrentDomain" time="0.001">
    <error message="Expected valid hostname but was localhost" type="java.lang.IllegalArgumentException">java.lang.IllegalArgumentException: Expected valid hostname but was localhost
	at com.google.common.base.Preconditions.checkArgument(Preconditions.java:120)
	at org.openqa.selenium.environment.DomainHelper.getUrlForFirstValidHostname(DomainHelper.java:34)
	at org.openqa.selenium.CookieImplementationTest.setUp(CookieImplementationTest.java:62)
	at org.openqa.selenium.testing.SeleniumTestRunner$2.evaluate(SeleniumTestRunner.java:107)
	at org.openqa.selenium.testing.SeleniumTestRunner.runChild(SeleniumTestRunner.java:80)
	at org.openqa.selenium.testing.ParallelSuite$2.run(ParallelSuite.java:40)
	at org.openqa.selenium.testing.ParallelSuite$ThreadPool$1.run(ParallelSuite.java:79)
</error>
  </testcase>
  <testcase classname="org.openqa.selenium.CookieImplementationTest" name="testGetAllCookies" time="0.001">
    <error message="Expected valid hostname but was localhost" type="java.lang.IllegalArgumentException">java.lang.IllegalArgumentException: Expected valid hostname but was localhost
	at com.google.common.base.Preconditions.checkArgument(Preconditions.java:120)
	at org.openqa.selenium.environment.DomainHelper.getUrlForFirstValidHostname(DomainHelper.java:34)
	at org.openqa.selenium.CookieImplementationTest.setUp(CookieImplementationTest.java:62)
	at org.openqa.selenium.testing.SeleniumTestRunner$2.evaluate(SeleniumTestRunner.java:107)
	at org.openqa.selenium.testing.SeleniumTestRunner.runChild(SeleniumTestRunner.java:80)
	at org.openqa.selenium.testing.ParallelSuite$2.run(ParallelSuite.java:40)
	at org.openqa.selenium.testing.ParallelSuite$ThreadPool$1.run(ParallelSuite.java:79)
</error>
  </testcase>
  <testcase classname="org.openqa.selenium.CookieImplementationTest" name="testShouldBeAbleToAddToADomainWhichIsRelatedToTheCurrentDomain" time="0.002">
    <error message="Expected valid hostname but was localhost" type="java.lang.IllegalArgumentException">java.lang.IllegalArgumentException: Expected valid hostname but was localhost
	at com.google.common.base.Preconditions.checkArgument(Preconditions.java:120)
	at org.openqa.selenium.environment.DomainHelper.getUrlForFirstValidHostname(DomainHelper.java:34)
	at org.openqa.selenium.CookieImplementationTest.setUp(CookieImplementationTest.java:62)
	at org.openqa.selenium.testing.SeleniumTestRunner$2.evaluate(SeleniumTestRunner.java:107)
	at org.openqa.selenium.testing.SeleniumTestRunner.runChild(SeleniumTestRunner.java:80)
	at org.openqa.selenium.testing.ParallelSuite$2.run(ParallelSuite.java:40)
	at org.openqa.selenium.testing.ParallelSuite$ThreadPool$1.run(ParallelSuite.java:79)
</error>
  </testcase>
  <testcase classname="org.openqa.selenium.CookieImplementationTest" name="testDeleteAllCookies" time="0.002">
    <error message="Expected valid hostname but was localhost" type="java.lang.IllegalArgumentException">java.lang.IllegalArgumentException: Expected valid hostname but was localhost
	at com.google.common.base.Preconditions.checkArgument(Preconditions.java:120)
	at org.openqa.selenium.environment.DomainHelper.getUrlForFirstValidHostname(DomainHelper.java:34)
	at org.openqa.selenium.CookieImplementationTest.setUp(CookieImplementationTest.java:62)
	at org.openqa.selenium.testing.SeleniumTestRunner$2.evaluate(SeleniumTestRunner.java:107)
	at org.openqa.selenium.testing.SeleniumTestRunner.runChild(SeleniumTestRunner.java:80)
	at org.openqa.selenium.testing.ParallelSuite$2.run(ParallelSuite.java:40)
	at org.openqa.selenium.testing.ParallelSuite$ThreadPool$1.run(ParallelSuite.java:79)
</error>
  </testcase>
  <testcase classname="org.openqa.selenium.CookieImplementationTest" name="testCanSetCookieWithoutOptionalFieldsSet" time="0.002">
    <error message="Expected valid hostname but was localhost" type="java.lang.IllegalArgumentException">java.lang.IllegalArgumentException: Expected valid hostname but was localhost
	at com.google.common.base.Preconditions.checkArgument(Preconditions.java:120)
	at org.openqa.selenium.environment.DomainHelper.getUrlForFirstValidHostname(DomainHelper.java:34)
	at org.openqa.selenium.CookieImplementationTest.setUp(CookieImplementationTest.java:62)
	at org.openqa.selenium.testing.SeleniumTestRunner$2.evaluate(SeleniumTestRunner.java:107)
	at org.openqa.selenium.testing.SeleniumTestRunner.runChild(SeleniumTestRunner.java:80)
	at org.openqa.selenium.testing.ParallelSuite$2.run(ParallelSuite.java:40)
	at org.openqa.selenium.testing.ParallelSuite$ThreadPool$1.run(ParallelSuite.java:79)
</error>
  </testcase>
  <testcase classname="org.openqa.selenium.CookieImplementationTest" name="testShouldNotDeleteCookiesWithASimilarName" time="0.002">
    <error message="Expected valid hostname but was localhost" type="java.lang.IllegalArgumentException">java.lang.IllegalArgumentException: Expected valid hostname but was localhost
	at com.google.common.base.Preconditions.checkArgument(Preconditions.java:120)
	at org.openqa.selenium.environment.DomainHelper.getUrlForFirstValidHostname(DomainHelper.java:34)
	at org.openqa.selenium.CookieImplementationTest.setUp(CookieImplementationTest.java:62)
	at org.openqa.selenium.testing.SeleniumTestRunner$2.evaluate(SeleniumTestRunner.java:107)
	at org.openqa.selenium.testing.SeleniumTestRunner.runChild(SeleniumTestRunner.java:80)
	at org.openqa.selenium.testing.ParallelSuite$2.run(ParallelSuite.java:40)
	at org.openqa.selenium.testing.ParallelSuite$ThreadPool$1.run(ParallelSuite.java:79)
</error>
  </testcase>
  <testcase classname="org.openqa.selenium.CookieImplementationTest" name="testShouldWalkThePathToDeleteACookie" time="0.002">
    <error message="Expected valid hostname but was localhost" type="java.lang.IllegalArgumentException">java.lang.IllegalArgumentException: Expected valid hostname but was localhost
	at com.google.common.base.Preconditions.checkArgument(Preconditions.java:120)
	at org.openqa.selenium.environment.DomainHelper.getUrlForFirstValidHostname(DomainHelper.java:34)
	at org.openqa.selenium.CookieImplementationTest.setUp(CookieImplementationTest.java:62)
	at org.openqa.selenium.testing.SeleniumTestRunner$2.evaluate(SeleniumTestRunner.java:107)
	at org.openqa.selenium.testing.SeleniumTestRunner.runChild(SeleniumTestRunner.java:80)
	at org.openqa.selenium.testing.ParallelSuite$2.run(ParallelSuite.java:40)
	at org.openqa.selenium.testing.ParallelSuite$ThreadPool$1.run(ParallelSuite.java:79)
</error>
  </testcase>
  <testcase classname="org.openqa.selenium.CookieImplementationTest" name="testRetainsCookieExpiry" time="0.002">
    <error message="Expected valid hostname but was localhost" type="java.lang.IllegalArgumentException">java.lang.IllegalArgumentException: Expected valid hostname but was localhost
	at com.google.common.base.Preconditions.checkArgument(Preconditions.java:120)
	at org.openqa.selenium.environment.DomainHelper.getUrlForFirstValidHostname(DomainHelper.java:34)
	at org.openqa.selenium.CookieImplementationTest.setUp(CookieImplementationTest.java:62)
	at org.openqa.selenium.testing.SeleniumTestRunner$2.evaluate(SeleniumTestRunner.java:107)
	at org.openqa.selenium.testing.SeleniumTestRunner.runChild(SeleniumTestRunner.java:80)
	at org.openqa.selenium.testing.ParallelSuite$2.run(ParallelSuite.java:40)
	at org.openqa.selenium.testing.ParallelSuite$ThreadPool$1.run(ParallelSuite.java:79)
</error>
  </testcase>
  <testcase classname="org.openqa.selenium.CookieImplementationTest" name="testDeleteCookieWithName" time="0.002">
    <error message="Expected valid hostname but was localhost" type="java.lang.IllegalArgumentException">java.lang.IllegalArgumentException: Expected valid hostname but was localhost
	at com.google.common.base.Preconditions.checkArgument(Preconditions.java:120)
	at org.openqa.selenium.environment.DomainHelper.getUrlForFirstValidHostname(DomainHelper.java:34)
	at org.openqa.selenium.CookieImplementationTest.setUp(CookieImplementationTest.java:62)
	at org.openqa.selenium.testing.SeleniumTestRunner$2.evaluate(SeleniumTestRunner.java:107)
	at org.openqa.selenium.testing.SeleniumTestRunner.runChild(SeleniumTestRunner.java:80)
	at org.openqa.selenium.testing.ParallelSuite$2.run(ParallelSuite.java:40)
	at org.openqa.selenium.testing.ParallelSuite$ThreadPool$1.run(ParallelSuite.java:79)
</error>
  </testcase>
  <testcase classname="org.openqa.selenium.CookieImplementationTest" name="testDeleteNotExistedCookie" time="0.002">
    <error message="Expected valid hostname but was localhost" type="java.lang.IllegalArgumentException">java.lang.IllegalArgumentException: Expected valid hostname but was localhost
	at com.google.common.base.Preconditions.checkArgument(Preconditions.java:120)
	at org.openqa.selenium.environment.DomainHelper.getUrlForFirstValidHostname(DomainHelper.java:34)
	at org.openqa.selenium.CookieImplementationTest.setUp(CookieImplementationTest.java:62)
	at org.openqa.selenium.testing.SeleniumTestRunner$2.evaluate(SeleniumTestRunner.java:107)
	at org.openqa.selenium.testing.SeleniumTestRunner.runChild(SeleniumTestRunner.java:80)
	at org.openqa.selenium.testing.ParallelSuite$2.run(ParallelSuite.java:40)
	at org.openqa.selenium.testing.ParallelSuite$ThreadPool$1.run(ParallelSuite.java:79)
</error>
  </testcase>
  <testcase classname="org.openqa.selenium.CookieImplementationTest" name="testRetainsCookieSecure" time="0.002">
    <error message="Expected valid hostname but was localhost" type="java.lang.IllegalArgumentException">java.lang.IllegalArgumentException: Expected valid hostname but was localhost
	at com.google.common.base.Preconditions.checkArgument(Preconditions.java:120)
	at org.openqa.selenium.environment.DomainHelper.getUrlForFirstValidHostname(DomainHelper.java:34)
	at org.openqa.selenium.CookieImplementationTest.setUp(CookieImplementationTest.java:62)
	at org.openqa.selenium.testing.SeleniumTestRunner$2.evaluate(SeleniumTestRunner.java:107)
	at org.openqa.selenium.testing.SeleniumTestRunner.runChild(SeleniumTestRunner.java:80)
	at org.openqa.selenium.testing.ParallelSuite$2.run(ParallelSuite.java:40)
	at org.openqa.selenium.testing.ParallelSuite$ThreadPool$1.run(ParallelSuite.java:79)
</error>
  </testcase>
  <testcase classname="org.openqa.selenium.CookieImplementationTest" name="testShouldNotGetCookieOnDifferentDomain" time="0.002">
    <error message="Expected valid hostname but was localhost" type="java.lang.IllegalArgumentException">java.lang.IllegalArgumentException: Expected valid hostname but was localhost
	at com.google.common.base.Preconditions.checkArgument(Preconditions.java:120)
	at org.openqa.selenium.environment.DomainHelper.getUrlForFirstValidHostname(DomainHelper.java:34)
	at org.openqa.selenium.CookieImplementationTest.setUp(CookieImplementationTest.java:62)
	at org.openqa.selenium.testing.SeleniumTestRunner$2.evaluate(SeleniumTestRunner.java:107)
	at org.openqa.selenium.testing.SeleniumTestRunner.runChild(SeleniumTestRunner.java:80)
	at org.openqa.selenium.testing.ParallelSuite$2.run(ParallelSuite.java:40)
	at org.openqa.selenium.testing.ParallelSuite$ThreadPool$1.run(ParallelSuite.java:79)
</error>
  </testcase>
  <testcase classname="org.openqa.selenium.CookieImplementationTest" name="testCannotGetCookiesWithPathDifferingOnlyInCase" time="0.001">
    <error message="Expected valid hostname but was localhost" type="java.lang.IllegalArgumentException">java.lang.IllegalArgumentException: Expected valid hostname but was localhost
	at com.google.common.base.Preconditions.checkArgument(Preconditions.java:120)
	at org.openqa.selenium.environment.DomainHelper.getUrlForFirstValidHostname(DomainHelper.java:34)
	at org.openqa.selenium.CookieImplementationTest.setUp(CookieImplementationTest.java:62)
	at org.openqa.selenium.testing.SeleniumTestRunner$2.evaluate(SeleniumTestRunner.java:107)
	at org.openqa.selenium.testing.SeleniumTestRunner.runChild(SeleniumTestRunner.java:80)
	at org.openqa.selenium.testing.ParallelSuite$2.run(ParallelSuite.java:40)
	at org.openqa.selenium.testing.ParallelSuite$ThreadPool$1.run(ParallelSuite.java:79)
</error>
  </testcase>
  <testcase classname="org.openqa.selenium.CookieImplementationTest" name="testShouldGetCookieByName" time="0.001">
    <error message="Expected valid hostname but was localhost" type="java.lang.IllegalArgumentException">java.lang.IllegalArgumentException: Expected valid hostname but was localhost
	at com.google.common.base.Preconditions.checkArgument(Preconditions.java:120)
	at org.openqa.selenium.environment.DomainHelper.getUrlForFirstValidHostname(DomainHelper.java:34)
	at org.openqa.selenium.CookieImplementationTest.setUp(CookieImplementationTest.java:62)
	at org.openqa.selenium.testing.SeleniumTestRunner$2.evaluate(SeleniumTestRunner.java:107)
	at org.openqa.selenium.testing.SeleniumTestRunner.runChild(SeleniumTestRunner.java:80)
	at org.openqa.selenium.testing.ParallelSuite$2.run(ParallelSuite.java:40)
	at org.openqa.selenium.testing.ParallelSuite$ThreadPool$1.run(ParallelSuite.java:79)
</error>
  </testcase>
  <testcase classname="org.openqa.selenium.CorrectEventFiringTest" name="testShouldEmitOnClickEventsWhenSelectingElements" time="0.218" />
  <testcase classname="org.openqa.selenium.CorrectEventFiringTest" name="testShouldFireFocusEventWhenClicking" time="0.144" />
  <testcase classname="org.openqa.selenium.CorrectEventFiringTest" name="testSubmittingFormFromFormInputTextElementShouldFireOnSubmitForThatFormAndNotClickOnThatInput" time="0.099" />
  <testcase classname="org.openqa.selenium.CorrectEventFiringTest" name="testSendingKeysToAnotherElementShouldCauseTheBlurEventToFire" time="0.0" />
  <testcase classname="org.openqa.selenium.CorrectEventFiringTest" name="testShouldFireClickEventWhenClicking" time="0.142" />
  <testcase classname="org.openqa.selenium.CorrectEventFiringTest" name="testShouldEmitOnChangeEventsWhenSelectingElements" time="0.233" />
  <testcase classname="org.openqa.selenium.CorrectEventFiringTest" name="testShouldEmitOnChangeEventsWhenChangingTheStateOfACheckbox" time="0.132" />
  <testcase classname="org.openqa.selenium.CorrectEventFiringTest" name="testShouldIssueMouseUpEvents" time="0.145" />
  <testcase classname="org.openqa.selenium.CorrectEventFiringTest" name="testsShouldIssueMouseDownEvents" time="0.15" />
  <testcase classname="org.openqa.selenium.CorrectEventFiringTest" name="testSubmittingFormFromFormInputSubmitElementShouldFireOnSubmitForThatForm" time="0.086" />
  <testcase classname="org.openqa.selenium.CorrectEventFiringTest" name="testMouseEventsShouldBubbleUpToContainingElements" time="0.139" />
  <testcase classname="org.openqa.selenium.CorrectEventFiringTest" name="testUploadingFileShouldFireOnChangeEvent" time="0.189" />
  <testcase classname="org.openqa.selenium.CorrectEventFiringTest" name="testShouldNotThrowIfEventHandlerThrows" time="0.129" />
  <testcase classname="org.openqa.selenium.CorrectEventFiringTest" name="testShouldFireMouseOverEventWhenClicking" time="0.134" />
  <testcase classname="org.openqa.selenium.CorrectEventFiringTest" name="testClearingAnElementShouldCauseTheOnChangeHandlerToFire" time="0.101" />
  <testcase classname="org.openqa.selenium.CorrectEventFiringTest" name="testClickEventsShouldBubble" time="0.145" />
  <testcase classname="org.openqa.selenium.CorrectEventFiringTest" name="testSubmittingFormFromFormElementShouldFireOnSubmitForThatForm" time="0.09" />
  <testcase classname="org.openqa.selenium.CorrectEventFiringTest" name="testShouldFireEventsInTheRightOrder" time="0.137" />
  <testcase classname="org.openqa.selenium.CorrectEventFiringTest" name="testSendingKeysToAFocusedElementShouldNotBlurThatElement" time="0.001" />
  <testcase classname="org.openqa.selenium.CorrectEventFiringTest" name="testShouldReportTheXAndYCoordinatesWhenClicking" time="0.16" />
  <testcase classname="org.openqa.selenium.CorrectEventFiringTest" name="testShouldEmitClickEventWhenClickingOnATextInputElement" time="0.135" />
  <testcase classname="org.openqa.selenium.CorrectEventFiringTest" name="testShouldFireTwoClickEventsWhenClickingOnALabel" time="0.123" />
  <testcase classname="org.openqa.selenium.CorrectEventFiringTest" name="testShouldIssueClickEvents" time="0.143" />
  <testcase classname="org.openqa.selenium.CorrectEventFiringTest" name="testShouldFireMouseMoveEventWhenClicking" time="0.137" />
  <testcase classname="org.openqa.selenium.CorrectEventFiringTest" name="testSendingKeysToAnElementShouldCauseTheFocusEventToFire" time="0.001" />
  <testcase classname="org.openqa.selenium.CorrectEventFiringTest" name="testShouldFireMouseUpEventWhenClicking" time="0.139" />
  <testcase classname="org.openqa.selenium.CorrectEventFiringTest" name="testShouldFireMouseDownEventWhenClicking" time="0.145" />
  <testcase classname="org.openqa.selenium.ElementAttributeTest" name="testShouldReturnAnAbsoluteUrlWhenGettingHrefAttributeOfAValidAnchorTag" time="0.063" />
  <testcase classname="org.openqa.selenium.ElementAttributeTest" name="testShouldReturnTrueForPresentBooleanAttributes" time="0.134" />
  <testcase classname="org.openqa.selenium.ElementAttributeTest" name="testCanRetrieveTheCurrentValueOfATextFormField_emailInput" time="0.134" />
  <testcase classname="org.openqa.selenium.ElementAttributeTest" name="testShouldReturnValueOfOnClickAttribute" time="0.104" />
  <testcase classname="org.openqa.selenium.ElementAttributeTest" name="testCanRetrieveTheCurrentValueOfATextFormField_textInput" time="0.138" />
  <testcase classname="org.openqa.selenium.ElementAttributeTest" name="testGetAttributeDoesNotReturnAnObjectForSvgProperties" time="0.085" />
  <testcase classname="org.openqa.selenium.ElementAttributeTest" name="testShouldReturnNullForNonPresentBooleanAttributes" time="0.095" />
  <testcase classname="org.openqa.selenium.ElementAttributeTest" name="testShouldCorrectlyReportValueOfColspan" time="1.161" />
  <testcase classname="org.openqa.selenium.ElementAttributeTest" name="testShouldReturnTheContentsOfATextAreaAsItsValue" time="0.214" />
  <testcase classname="org.openqa.selenium.ElementAttributeTest" name="testGetAttributeOfUserDefinedProperty" time="0.062" />
  <testcase classname="org.openqa.selenium.ElementAttributeTest" name="testMultipleAttributeShouldBeTrueWhenSelectHasMultipleWithValueAsBlank" time="0.13" />
  <testcase classname="org.openqa.selenium.ElementAttributeTest" name="testCanReturnATextApproximationOfTheStyleAttribute" time="0.093" />
  <testcase classname="org.openqa.selenium.ElementAttributeTest" name="testShouldIndicateWhenATextAreaIsDisabled" time="0.105" />
  <testcase classname="org.openqa.selenium.ElementAttributeTest" name="testShouldReturnTheValueOfCheckedForACheckboxOnlyIfItIsChecked" time="0.18" />
  <testcase classname="org.openqa.selenium.ElementAttributeTest" name="testShouldIndicateWhenASelectIsDisabled" time="0.1" />
  <testcase classname="org.openqa.selenium.ElementAttributeTest" name="testShouldTreatReadonlyAsAValue" time="0.109" />
  <testcase classname="org.openqa.selenium.ElementAttributeTest" name="testShouldReturnAnAbsoluteUrlWhenGettingSrcAttributeOfAValidImgTag" time="0.063" />
  <testcase classname="org.openqa.selenium.ElementAttributeTest" name="testShouldOnlyReturnTheValueOfSelectedForRadioButtonsIfItIsSet" time="0.205" />
  <testcase classname="org.openqa.selenium.ElementAttributeTest" name="testShouldReturnTheValueOfTheDisabledAttributeAsNullIfNotSet" time="0.116" />
  <testcase classname="org.openqa.selenium.ElementAttributeTest" name="testShouldReturnValueOfClassAttributeOfAnElement" time="0.07" />
  <testcase classname="org.openqa.selenium.ElementAttributeTest" name="testShouldGetNumericAtribute" time="0.102" />
  <testcase classname="org.openqa.selenium.ElementAttributeTest" name="testShouldReturnTheValueOfTheIndexAttrbuteEvenIfItIsMissing" time="0.136" />
  <testcase classname="org.openqa.selenium.ElementAttributeTest" name="testShouldIndicateTheElementsThatAreDisabledAreNotEnabled" time="0.115" />
  <testcase classname="org.openqa.selenium.ElementAttributeTest" name="testShouldReturnEmptyAttributeValuesWhenPresentAndTheValueIsActuallyEmpty" time="0.072" />
  <testcase classname="org.openqa.selenium.ElementAttributeTest" name="testMultipleAttributeShouldBeTrueWhenSet" time="0.088" />
  <testcase classname="org.openqa.selenium.ElementAttributeTest" name="testCanRetrieveTheCurrentValueOfATextFormField_textArea" time="0.171" />
  <testcase classname="org.openqa.selenium.ElementAttributeTest" name="testShouldReturnTheValueOfSelectedForOptionsOnlyIfTheyAreSelected" time="0.132" />
  <testcase classname="org.openqa.selenium.ElementAttributeTest" name="testMultipleAttributeShouldBeNullWhenNotSet" time="0.061" />
  <testcase classname="org.openqa.selenium.ElementAttributeTest" name="testMultipleAttributeShouldBeTrueWhenSelectHasMultipleWithValueAsSomethingElse" time="0.082" />
  <testcase classname="org.openqa.selenium.ElementAttributeTest" name="testMultipleAttributeShouldBeTrueWhenSelectHasMultipleWithoutAValue" time="0.073" />
  <testcase classname="org.openqa.selenium.ElementAttributeTest" name="testElementsShouldBeDisabledIfTheyAreDisabledUsingRandomDisabledStrings" time="0.107" />
  <testcase classname="org.openqa.selenium.ElementAttributeTest" name="testShouldReturnNullWhenGettingSrcAttributeOfInvalidImgTag" time="0.061" />
  <testcase classname="org.openqa.selenium.ElementAttributeTest" name="testShouldThrowExceptionIfSendingKeysToElementDisabledUsingRandomDisabledStrings" time="0.133" />
  <testcase classname="org.openqa.selenium.ElementAttributeTest" name="testShouldReturnNullWhenGettingTheValueOfAnAttributeThatIsNotListed" time="0.07" />
  <testcase classname="org.openqa.selenium.ElementEqualityTest" name="testSameElementLookedUpDifferentWaysUsingFindElementShouldHaveSameHashCode" time="0.065" />
  <testcase classname="org.openqa.selenium.ElementEqualityTest" name="testSameElementLookedUpDifferentWaysShouldBeEqual" time="0.056" />
  <testcase classname="org.openqa.selenium.ElementEqualityTest" name="testSameElementLookedUpDifferentWaysUsingFindElementsShouldHaveSameHashCode" time="0.065" />
  <testcase classname="org.openqa.selenium.ElementEqualityTest" name="testAnElementFoundInADifferentFrameViaJsShouldHaveSameId" time="0.131" />
  <testcase classname="org.openqa.selenium.ElementEqualityTest" name="testDifferentElementsShouldNotBeEqual" time="0.069" />
  <testcase classname="org.openqa.selenium.ElementFindingTest" name="testShouldFindElementByLinkTextContainingEqualsSign" time="0.082" />
  <testcase classname="org.openqa.selenium.ElementFindingTest" name="testFindingMultipleElementsByInvalidClassNameShouldThrow" time="0.062" />
  <testcase classname="org.openqa.selenium.ElementFindingTest" name="testShouldNotBeAbleToLocateByLinkTextMultipleElementsThatDoNotExist" time="0.066" />
  <testcase classname="org.openqa.selenium.ElementFindingTest" name="testShouldBeAbleToFindASingleElementByClass" time="0.072" />
  <testcase classname="org.openqa.selenium.ElementFindingTest" name="testShouldBeAbleToFindMultipleElementsByName" time="0.098" />
  <testcase classname="org.openqa.selenium.ElementFindingTest" name="testShouldBeAbleToFindASingleElementByXPath" time="0.07" />
  <testcase classname="org.openqa.selenium.ElementFindingTest" name="testFindingASingleElementByEmptyTagNameShouldThrow" time="0.088" />
  <testcase classname="org.openqa.selenium.ElementFindingTest" name="testShouldBeAbleToFindAnElementThatDoesNotSupportTheNameProperty" time="0.089" />
  <testcase classname="org.openqa.selenium.ElementFindingTest" name="testFindingASingleElementByEmptyClassNameShouldThrow" time="0.062" />
  <testcase classname="org.openqa.selenium.ElementFindingTest" name="testShouldBeAbleToFindASingleElementByCompoundCssSelector" time="0.087" />
  <testcase classname="org.openqa.selenium.ElementFindingTest" name="testShouldNotBeAbleToFindAnElementOnABlankPage" time="0.043" />
  <testcase classname="org.openqa.selenium.ElementFindingTest" name="testShouldBeAbleToFindASingleElementByPartialLinkText" time="0.073" />
  <testcase classname="org.openqa.selenium.ElementFindingTest" name="testFindingMultipleElementsByTagNameWithSpaceShouldThrow" time="0.091" />
  <testcase classname="org.openqa.selenium.ElementFindingTest" name="testShouldFindMultipleElementsByPartialLinkTextContainingEqualsSign" time="0.08" />
  <testcase classname="org.openqa.selenium.ElementFindingTest" name="testAnElementFoundInADifferentFrameViaJsCanBeUsed" time="0.112" />
  <testcase classname="org.openqa.selenium.ElementFindingTest" name="testFindingMultipleElementsByEmptyIdShouldThrow" time="0.086" />
  <testcase classname="org.openqa.selenium.ElementFindingTest" name="testFindingMultipleElementsByCompoundClassNameShouldThrow" time="0.062" />
  <testcase classname="org.openqa.selenium.ElementFindingTest" name="testShouldThrowInvalidSelectorExceptionWhenXPathReturnsWrongTypeInDriverFindElement" time="0.094" />
  <testcase classname="org.openqa.selenium.ElementFindingTest" name="testFindingASingleElementByNameWithSpaceShouldThrow" time="0.09" />
  <testcase classname="org.openqa.selenium.ElementFindingTest" name="testDriverCanGetLinkByLinkTestIgnoringTrailingWhitespace" time="0.083" />
  <testcase classname="org.openqa.selenium.ElementFindingTest" name="findsByLinkTextOnXhtmlPage" time="0.076" />
  <testcase classname="org.openqa.selenium.ElementFindingTest" name="testFindingMultipleElementsByIdWithSpaceShouldThrow" time="0.085" />
  <testcase classname="org.openqa.selenium.ElementFindingTest" name="testShouldNotBeAbleToLocateByIdMultipleElementsThatDoNotExist" time="0.088" />
  <testcase classname="org.openqa.selenium.ElementFindingTest" name="testShouldBeAbleToFindAHiddenElementsByName" time="0.096" />
  <testcase classname="org.openqa.selenium.ElementFindingTest" name="testShouldNotBeAbleToLocateByTagNameASingleElementThatDoesNotExist" time="0.093" />
  <testcase classname="org.openqa.selenium.ElementFindingTest" name="testShouldFindElementByClassWhenItIsTheFirstNameAmongMany" time="0.069" />
  <testcase classname="org.openqa.selenium.ElementFindingTest" name="testShouldBeAbleToFindMultipleElementsById" time="0.083" />
  <testcase classname="org.openqa.selenium.ElementFindingTest" name="testShouldThrowInvalidSelectorExceptionWhenXPathReturnsWrongTypeInDriverFindElements" time="0.082" />
  <testcase classname="org.openqa.selenium.ElementFindingTest" name="testShouldThrowAnExceptionWhenThereIsNoLinkToClick" time="0.056" />
  <testcase classname="org.openqa.selenium.ElementFindingTest" name="testFindingASingleElementByCompoundClassNameShouldThrow" time="0.079" />
  <testcase classname="org.openqa.selenium.ElementFindingTest" name="testWhenFindingByNameShouldNotReturnById" time="0.137" />
  <testcase classname="org.openqa.selenium.ElementFindingTest" name="testFindingALinkByXpathUsingContainsKeywordShouldWork" time="0.083" />
  <testcase classname="org.openqa.selenium.ElementFindingTest" name="testFindingASingleElementByInvalidClassNameShouldThrow" time="0.06" />
  <testcase classname="org.openqa.selenium.ElementFindingTest" name="testShouldFindElementByClassWhenItsNameIsSurroundedByWhitespace" time="0.056" />
  <testcase classname="org.openqa.selenium.ElementFindingTest" name="testShouldBeAbleToFindMultipleElementsByClassName" time="0.063" />
  <testcase classname="org.openqa.selenium.ElementFindingTest" name="testShouldThrowInvalidSelectorExceptionWhenXPathReturnsWrongTypeInElementFindElement" time="0.101" />
  <testcase classname="org.openqa.selenium.ElementFindingTest" name="testShouldThrowInvalidSelectorExceptionWhenXPathIsSyntacticallyInvalidInDriverFindElement" time="0.087" />
  <testcase classname="org.openqa.selenium.ElementFindingTest" name="testShouldFindElementByClassWhenItIsTheLastNameAmongMany" time="0.066" />
  <testcase classname="org.openqa.selenium.ElementFindingTest" name="testShouldNotFindElementByCssSelectorWhenThereIsNoSuchElement" time="0.059" />
  <testcase classname="org.openqa.selenium.ElementFindingTest" name="testShouldBeAbleToFindASingleElementByName" time="0.083" />
  <testcase classname="org.openqa.selenium.ElementFindingTest" name="testShouldBeAbleToFindMultipleElementsByCssSelector" time="0.218" />
  <testcase classname="org.openqa.selenium.ElementFindingTest" name="testShouldNotBeAbleToLocateByNameASingleElementThatDoesNotExist" time="0.091" />
  <testcase classname="org.openqa.selenium.ElementFindingTest" name="testShouldNotBeAbleToLocateASingleElementOnABlankPage" time="1.799" />
  <testcase classname="org.openqa.selenium.ElementFindingTest" name="testShouldBeAbleToFindAnElementByBooleanAttributeUsingShortCssSelector" time="0.172" />
  <testcase classname="org.openqa.selenium.ElementFindingTest" name="testShouldFindMultipleElementsByLinkTextContainingEqualsSign" time="0.095" />
  <testcase classname="org.openqa.selenium.ElementFindingTest" name="testFindingASingleElementByTagNameWithSpaceShouldThrow" time="0.098" />
  <testcase classname="org.openqa.selenium.ElementFindingTest" name="testShouldBeAbleToFindASingleElementById" time="0.06" />
  <testcase classname="org.openqa.selenium.ElementFindingTest" name="testShouldNotBeAbleToLocateByLinkTextASingleElementThatDoesNotExist" time="0.062" />
  <testcase classname="org.openqa.selenium.ElementFindingTest" name="testShouldNotFindElementByClassWhenTheNameQueriedIsShorterThanCandidateName" time="0.049" />
  <testcase classname="org.openqa.selenium.ElementFindingTest" name="testShouldFindElementByClassWhenItIsInTheMiddleAmongMany" time="0.05" />
  <testcase classname="org.openqa.selenium.ElementFindingTest" name="testFindingMultipleElementsByNameWithSpaceShouldThrow" time="0.077" />
  <testcase classname="org.openqa.selenium.ElementFindingTest" name="testShouldBeAbleToFindManyElementsRepeatedlyByXPath" time="0.058" />
  <testcase classname="org.openqa.selenium.ElementFindingTest" name="testFindingMultipleElementsByEmptyTagNameShouldThrow" time="0.078" />
  <testcase classname="org.openqa.selenium.ElementFindingTest" name="testFindingMultipleElementsByEmptyCssSelectorShouldThrow" time="0.055" />
  <testcase classname="org.openqa.selenium.ElementFindingTest" name="testFindingMultipleElementsByInvalidCssSelectorShouldThrow" time="0.051" />
  <testcase classname="org.openqa.selenium.ElementFindingTest" name="testShouldBeAbleToFindAnElementByXPathWithMultipleAttributes" time="0.097" />
  <testcase classname="org.openqa.selenium.ElementFindingTest" name="testShouldThrowInvalidSelectorExceptionWhenXPathReturnsWrongTypeInElementFindElements" time="0.087" />
  <testcase classname="org.openqa.selenium.ElementFindingTest" name="testDriverShouldBeAbleToFindElementsAfterLoadingMoreThanOnePageAtATime" time="0.128" />
  <testcase classname="org.openqa.selenium.ElementFindingTest" name="testShouldNotBeAbleToLocateByIdASingleElementThatDoesNotExist" time="0.08" />
  <testcase classname="org.openqa.selenium.ElementFindingTest" name="testShouldBeAbleToFindASingleElementByTagName" time="0.079" />
  <testcase classname="org.openqa.selenium.ElementFindingTest" name="testShouldFindElementByPartialLinkTextContainingEqualsSign" time="0.072" />
  <testcase classname="org.openqa.selenium.ElementFindingTest" name="testShouldBeAbleToFindMultipleLinksByText" time="0.063" />
  <testcase classname="org.openqa.selenium.ElementFindingTest" name="testShouldThrowInvalidSelectorExceptionWhenXPathIsSyntacticallyInvalidInDriverFindElements" time="0.097" />
  <testcase classname="org.openqa.selenium.ElementFindingTest" name="testShouldBeAbleToFindAnElementByBooleanAttributeUsingShortCssSelectorOnHtml4Page" time="0.061" />
  <testcase classname="org.openqa.selenium.ElementFindingTest" name="testShouldBeAbleToFindASingleElementByCssSelector" time="0.066" />
  <testcase classname="org.openqa.selenium.ElementFindingTest" name="testShouldFindElementsByClassWhenItsNameIsSurroundedByWhitespace" time="0.048" />
  <testcase classname="org.openqa.selenium.ElementFindingTest" name="testFindingASingleElementByEmptyNameShouldThrow" time="0.07" />
  <testcase classname="org.openqa.selenium.ElementFindingTest" name="testFindingASingleElementByInvalidCssSelectorShouldThrow" time="0.066" />
  <testcase classname="org.openqa.selenium.ElementFindingTest" name="testFindingASingleElementByIdWithSpaceShouldThrow" time="0.077" />
  <testcase classname="org.openqa.selenium.ElementFindingTest" name="testShouldNotBeAbleToLocateByTagNameMultipleElementsThatDoNotExist" time="0.079" />
  <testcase classname="org.openqa.selenium.ElementFindingTest" name="testShouldBeAbleToFindAnElementByBooleanAttributeUsingCssSelector" time="0.098" />
  <testcase classname="org.openqa.selenium.ElementFindingTest" name="testLinkWithFormattingTags" time="0.089" />
  <testcase classname="org.openqa.selenium.ElementFindingTest" name="testShouldBeAbleToFindALinkByText" time="0.073" />
  <testcase classname="org.openqa.selenium.ElementFindingTest" name="testAnElementFoundInADifferentFrameIsStale" time="0.09" />
  <testcase classname="org.openqa.selenium.ElementFindingTest" name="testShouldThrowInvalidSelectorExceptionWhenXPathIsSyntacticallyInvalidInElementFindElement" time="0.085" />
  <testcase classname="org.openqa.selenium.ElementFindingTest" name="testFindingASingleElementByEmptyIdShouldThrow" time="0.079" />
  <testcase classname="org.openqa.selenium.ElementFindingTest" name="testFindingASingleElementByEmptyCssSelectorShouldThrow" time="0.069" />
  <testcase classname="org.openqa.selenium.ElementFindingTest" name="testShouldThrowInvalidSelectorExceptionWhenXPathIsSyntacticallyInvalidInElementFindElements" time="0.093" />
  <testcase classname="org.openqa.selenium.ElementFindingTest" name="testFindingALinkByXpathShouldLocateAnElementWithTheGivenText" time="0.065" />
  <testcase classname="org.openqa.selenium.ElementFindingTest" name="testFindingMultipleElementsByEmptyClassNameShouldThrow" time="0.039" />
  <testcase classname="org.openqa.selenium.ElementFindingTest" name="testShouldBeAbleToFindMultipleElementsByXPath" time="0.062" />
  <testcase classname="org.openqa.selenium.ElementFindingTest" name="testFindingMultipleElementsByEmptyNameShouldThrow" time="0.077" />
  <testcase classname="org.openqa.selenium.ElementFindingTest" name="testShouldBeAbleToIdentifyElementsByClass" time="0.064" />
  <testcase classname="org.openqa.selenium.ElementFindingTest" name="testShouldBeAbleToFindMultipleElementsByCompoundCssSelector" time="0.063" />
  <testcase classname="org.openqa.selenium.ElementFindingTest" name="testShouldBeAbleToFindMultipleElementsByTagName" time="0.085" />
  <testcase classname="org.openqa.selenium.ElementFindingTest" name="testShouldNotBeAbleToLocateByNameMultipleElementsThatDoNotExist" time="0.073" />
  <testcase classname="org.openqa.selenium.ElementFindingTest" name="testShouldBeAbleToFindMultipleElementsByPartialLinkText" time="0.086" />
  <testcase classname="org.openqa.selenium.ElementSelectingTest" name="testShouldBeAbleToToggleSelectableCheckboxByClickingOnIt" time="0.256" />
  <testcase classname="org.openqa.selenium.ElementSelectingTest" name="testShouldNotBeAbleToSelectADisabledRadioButtonDisabledWithRandomString" time="0.159" />
  <testcase classname="org.openqa.selenium.ElementSelectingTest" name="testClickingDisabledSelectedRadioButtonShouldBeNoop" time="0.16" />
  <testcase classname="org.openqa.selenium.ElementSelectingTest" name="testClickingOnASelectedRadioButtonShouldLeaveItSelected" time="0.152" />
  <testcase classname="org.openqa.selenium.ElementSelectingTest" name="testClickingDisabledUnselectedRadioButtonShouldBeNoop" time="0.166" />
  <testcase classname="org.openqa.selenium.ElementSelectingTest" name="testClickingDisabledSelectedCheckboxShouldBeNoop" time="0.159" />
  <testcase classname="org.openqa.selenium.ElementSelectingTest" name="testShouldNotBeAbleToSelectADisabledCheckbox" time="0.152" />
  <testcase classname="org.openqa.selenium.ElementSelectingTest" name="testSelectingRadioButtonShouldUnselectItsSibling" time="0.214" />
  <testcase classname="org.openqa.selenium.ElementSelectingTest" name="testShouldBeAbleToToggleAnEnabledSelectedCheckbox" time="0.301" />
  <testcase classname="org.openqa.selenium.ElementSelectingTest" name="testShouldBeAbleToToggleAnEnabledUnselectedCheckbox" time="0.272" />
  <testcase classname="org.openqa.selenium.ElementSelectingTest" name="testShouldBeAbleToSelectSelectableRadioButtonByClickingOnIt" time="0.242" />
  <testcase classname="org.openqa.selenium.ElementSelectingTest" name="testShouldBeAbleToSelectAnEnabledUnselectedRadioButton" time="0.175" />
  <testcase classname="org.openqa.selenium.ElementSelectingTest" name="testShouldBeAbleToToggleEnabledMultiSelectOption" time="0.296" />
  <testcase classname="org.openqa.selenium.ElementSelectingTest" name="testClickingDisabledUnselectedCheckboxShouldBeNoop" time="0.164" />
  <testcase classname="org.openqa.selenium.ElementSelectingTest" name="testShouldBeAbleToSelectAnEnabledUnselectedCheckbox" time="0.17" />
  <testcase classname="org.openqa.selenium.ElementSelectingTest" name="testShouldNotBeAbleToSelectADisabledRadioButton" time="0.159" />
  <testcase classname="org.openqa.selenium.ElementSelectingTest" name="testShouldNotBeAbleToSelectADisabledCheckboxDisabledWithRandomString" time="0.144" />
  <testcase classname="org.openqa.selenium.ErrorsTest" name="testShouldNotGenerateErrorsWhenOpeningANewPage" time="0.055" />
  <testcase classname="org.openqa.selenium.ExecutingAsyncJavascriptTest" name="shouldNotTimeoutIfScriptCallsbackInsideAZeroTimeout" time="0.066" />
  <testcase classname="org.openqa.selenium.ExecutingAsyncJavascriptTest" name="shouldBeAbleToReturnJavascriptPrimitivesFromAsyncScripts_NullAndUndefined" time="0.066" />
  <testcase classname="org.openqa.selenium.ExecutingAsyncJavascriptTest" name="shouldBeAbleToMakeXMLHttpRequestsAndWaitForTheResponse" time="2.061" />
  <testcase classname="org.openqa.selenium.ExecutingAsyncJavascriptTest" name="shouldBeAbleToExecuteAsynchronousScripts" time="5.822" />
  <testcase classname="org.openqa.selenium.ExecutingAsyncJavascriptTest" name="shouldBeAbleToReturnArraysOfWebElementsFromAsyncScripts" time="0.085" />
  <testcase classname="org.openqa.selenium.ExecutingAsyncJavascriptTest" name="shouldBeAbleToReturnWebElementsFromAsyncScripts" time="0.073" />
  <testcase classname="org.openqa.selenium.ExecutingAsyncJavascriptTest" name="shouldCatchErrorsWhenExecutingInitialScript" time="0.054" />
  <testcase classname="org.openqa.selenium.ExecutingAsyncJavascriptTest" name="shouldBeAbleToReturnAnArrayLiteralFromAnAsyncScript" time="0.066" />
  <testcase classname="org.openqa.selenium.ExecutingAsyncJavascriptTest" name="shouldCatchErrorsWithMessageAndStacktraceWhenExecutingInitialScript" time="0.072" />
  <testcase classname="org.openqa.selenium.ExecutingAsyncJavascriptTest" name="shouldBeAbleToReturnArraysOfPrimitivesFromAsyncScripts" time="0.065" />
  <testcase classname="org.openqa.selenium.ExecutingAsyncJavascriptTest" name="throwsIfScriptTriggersAlertWhichTimesOut" time="0.807" />
  <testcase classname="org.openqa.selenium.ExecutingAsyncJavascriptTest" name="shouldBeAbleToPassMultipleArgumentsToAsyncScripts" time="0.07" />
  <testcase classname="org.openqa.selenium.ExecutingAsyncJavascriptTest" name="shouldDetectPageLoadsWhileWaitingOnAnAsyncScriptAndReturnAnError" time="0.122" />
  <testcase classname="org.openqa.selenium.ExecutingAsyncJavascriptTest" name="includesAlertTextInUnhandledAlertException" time="0.539" />
  <testcase classname="org.openqa.selenium.ExecutingAsyncJavascriptTest" name="shouldTimeoutIfScriptDoesNotInvokeCallbackWithAZeroTimeout" time="0.063" />
  <testcase classname="org.openqa.selenium.ExecutingAsyncJavascriptTest" name="shouldBeAbleToReturnJavascriptPrimitivesFromAsyncScripts_NeitherNullNorUndefined" time="0.082" />
  <testcase classname="org.openqa.selenium.ExecutingAsyncJavascriptTest" name="shouldTimeoutIfScriptDoesNotInvokeCallbackWithLongTimeout" time="0.557" />
  <testcase classname="org.openqa.selenium.ExecutingAsyncJavascriptTest" name="shouldNotTimeoutIfCallbackInvokedImmediately" time="0.056" />
  <testcase classname="org.openqa.selenium.ExecutingAsyncJavascriptTest" name="shouldTimeoutIfScriptDoesNotInvokeCallback" time="0.067" />
  <testcase classname="org.openqa.selenium.ExecutingAsyncJavascriptTest" name="shouldBeAbleToReturnAnArrayObjectFromAnAsyncScript" time="0.054" />
  <testcase classname="org.openqa.selenium.ExecutingAsyncJavascriptTest" name="throwsIfAlertHappensDuringScript" time="0.736" />
  <testcase classname="org.openqa.selenium.ExecutingAsyncJavascriptTest" name="shouldNotTimeoutWithMultipleCallsTheFirstOneBeingSynchronous" time="0.092" />
  <testcase classname="org.openqa.selenium.ExecutingAsyncJavascriptTest" name="throwsIfAlertHappensDuringScriptWhichTimesOut" time="0.727" />
  <testcase classname="org.openqa.selenium.ExecutingAsyncJavascriptTest" name="throwsIfScriptTriggersAlert" time="0.639" />
  <testcase classname="org.openqa.selenium.ExecutingJavascriptTest" name="testShouldBeAbleToCallFunctionsDefinedOnThePage" time="0.141" />
  <testcase classname="org.openqa.selenium.ExecutingJavascriptTest" name="testShouldBeAbleToPassInMoreThanOneArgument" time="0.145" />
  <testcase classname="org.openqa.selenium.ExecutingJavascriptTest" name="testShouldBeAbleToCreateAPersistentValue" time="0.093" />
  <testcase classname="org.openqa.selenium.ExecutingJavascriptTest" name="testShouldThrowAnExceptionWhenTheJavascriptIsBad" time="0.052" />
  <testcase classname="org.openqa.selenium.ExecutingJavascriptTest" name="testShouldBeAbleToExecuteSimpleJavascriptAndReturnALong" time="0.078" />
  <testcase classname="org.openqa.selenium.ExecutingJavascriptTest" name="testShouldBeAbleToPassANumberAnAsArgument" time="0.076" />
  <testcase classname="org.openqa.selenium.ExecutingJavascriptTest" name="testShouldBeAbleToExecuteSimpleJavascriptAndReturnAStringsArray" time="0.065" />
  <testcase classname="org.openqa.selenium.ExecutingJavascriptTest" name="testShouldBeAbleToPassAStringAnAsArgument" time="0.067" />
  <testcase classname="org.openqa.selenium.ExecutingJavascriptTest" name="testPassingArrayAsOnlyArgumentFlattensArray" time="0.07" />
  <testcase classname="org.openqa.selenium.ExecutingJavascriptTest" name="testShouldBeAbleToReturnADateObject" time="0.062" />
  <testcase classname="org.openqa.selenium.ExecutingJavascriptTest" name="testShouldBeAbleToPassACollectionAsArgument" time="0.07" />
  <testcase classname="org.openqa.selenium.ExecutingJavascriptTest" name="testShouldBeAbleToPassAnArrayAsAdditionalArgument" time="0.083" />
  <testcase classname="org.openqa.selenium.ExecutingJavascriptTest" name="testShouldBeAbleToExecuteSimpleJavascriptAndReturnAWebElement" time="0.08" />
  <testcase classname="org.openqa.selenium.ExecutingJavascriptTest" name="testCanPassAMapAsAParameter" time="0.064" />
  <testcase classname="org.openqa.selenium.ExecutingJavascriptTest" name="testShouldBeAbleToExecuteJavascriptAndReturnABasicObjectLiteral" time="0.069" />
  <testcase classname="org.openqa.selenium.ExecutingJavascriptTest" name="testShouldBeAbleToExecuteSimpleJavascriptAndReturnAString" time="0.07" />
  <testcase classname="org.openqa.selenium.ExecutingJavascriptTest" name="testJavascriptStringHandlingShouldWorkAsExpected" time="0.09" />
  <testcase classname="org.openqa.selenium.ExecutingJavascriptTest" name="testShouldBeAbleToExecuteABigChunkOfJavascriptCode" time="0.385" />
  <testcase classname="org.openqa.selenium.ExecutingJavascriptTest" name="testShouldBeAbleToExecuteSimpleJavascriptAndReturnAComplexObject" time="0.067" />
  <testcase classname="org.openqa.selenium.ExecutingJavascriptTest" name="testCanHandleAnArrayOfElementsAsAnObjectArray" time="0.097" />
  <testcase classname="org.openqa.selenium.ExecutingJavascriptTest" name="testShouldBeAbleToPassABooleanAsArgument" time="0.067" />
  <testcase classname="org.openqa.selenium.ExecutingJavascriptTest" name="testShouldBeAbleToExecuteSimpleJavascriptAndReturnAnArray" time="0.068" />
  <testcase classname="org.openqa.selenium.ExecutingJavascriptTest" name="testShouldBeAbleToExecuteSimpleJavascriptAndReturnABoolean" time="0.067" />
  <testcase classname="org.openqa.selenium.ExecutingJavascriptTest" name="testShouldThrowAnExceptionIfAnArgumentIsNotValid" time="0.12" />
  <testcase classname="org.openqa.selenium.ExecutingJavascriptTest" name="testShouldThrowAnExceptionWhenArgumentsWithStaleElementPassed" time="0.114" />
  <testcase classname="org.openqa.selenium.ExecutingJavascriptTest" name="testShouldBeAbleToExecuteSimpleJavascriptAndReturnAnObjectLiteral" time="0.071" />
  <testcase classname="org.openqa.selenium.ExecutingJavascriptTest" name="testShouldBeAbleToPassAWebElementAsArgument" time="0.081" />
  <testcase classname="org.openqa.selenium.ExecutingJavascriptTest" name="testShouldBeAbleToReturnAnArrayOfWebElements" time="0.094" />
  <testcase classname="org.openqa.selenium.ExecutingJavascriptTest" name="testShouldBeAbleToGrabTheBodyOfFrameOnceSwitchedTo" time="0.153" />
  <testcase classname="org.openqa.selenium.ExecutingJavascriptTest" name="testShouldBeAbleToExecuteScriptAndReturnElementsList" time="0.098" />
  <testcase classname="org.openqa.selenium.ExecutingJavascriptTest" name="testPassingAndReturningALongShouldReturnAWholeNumber" time="0.083" />
  <testcase classname="org.openqa.selenium.ExecutingJavascriptTest" name="testPassingAndReturningADoubleShouldReturnADecimal" time="0.063" />
  <testcase classname="org.openqa.selenium.ExecutingJavascriptTest" name="testShouldThrowAnExceptionWithMessageAndStacktraceWhenTheJavascriptIsBad" time="0.069" />
  <testcase classname="org.openqa.selenium.FormHandlingTest" name="testShouldBeAbleToAlterTheContentsOfAFileUploadInputElement" time="0.116" />
  <testcase classname="org.openqa.selenium.FormHandlingTest" name="testShouldBeAbleToClickImageButtons" time="0.172" />
  <testcase classname="org.openqa.selenium.FormHandlingTest" name="testCanClickOnAnImplicitSubmitButton" time="0.218" />
  <testcase classname="org.openqa.selenium.FormHandlingTest" name="testShouldSubmitAFormUsingTheEnterKey" time="0.196" />
  <testcase classname="org.openqa.selenium.FormHandlingTest" name="testSendKeysKeepsCapitalization" time="0.125" />
  <testcase classname="org.openqa.selenium.FormHandlingTest" name="testShouldSubmitAFormUsingTheNewlineLiteral" time="0.191" />
  <testcase classname="org.openqa.selenium.FormHandlingTest" name="testSendingKeyboardEventsShouldAppendTextInTextAreas" time="0.126" />
  <testcase classname="org.openqa.selenium.FormHandlingTest" name="testShouldBeAbleToUploadTheSameFileTwice" time="0.332" />
  <testcase classname="org.openqa.selenium.FormHandlingTest" name="testSendingKeyboardEventsShouldAppendTextInInputsWithExistingValue" time="0.127" />
  <testcase classname="org.openqa.selenium.FormHandlingTest" name="testSendingKeyboardEventsShouldAppendTextInInputs" time="0.146" />
  <testcase classname="org.openqa.selenium.FormHandlingTest" name="testCanClickOnAnExternalSubmitButton" time="0.206" />
  <testcase classname="org.openqa.selenium.FormHandlingTest" name="testShouldNotBeAbleToSubmitAFormThatDoesNotExist" time="0.095" />
  <testcase classname="org.openqa.selenium.FormHandlingTest" name="testShouldBeAbleToEnterTextIntoATextAreaBySettingItsValue" time="0.121" />
  <testcase classname="org.openqa.selenium.FormHandlingTest" name="testCanClickOnASubmitButton" time="0.185" />
  <testcase classname="org.openqa.selenium.FormHandlingTest" name="testCanClickOnAnExternalImplicitSubmitButton" time="0.204" />
  <testcase classname="org.openqa.selenium.FormHandlingTest" name="testShouldBeAbleToSendKeysToAFileUploadInputElementInAnXhtmlDocument" time="0.095" />
  <testcase classname="org.openqa.selenium.FormHandlingTest" name="testClickingOnUnclickableElementsDoesNothing" time="0.137" />
  <testcase classname="org.openqa.selenium.FormHandlingTest" name="handleFormWithJavascriptAction" time="0.631" />
  <testcase classname="org.openqa.selenium.FormHandlingTest" name="testShouldSubmitAFormWhenAnyElementWithinThatFormIsSubmitted" time="0.204" />
  <testcase classname="org.openqa.selenium.FormHandlingTest" name="testShouldEnterDataIntoFormFields" time="0.182" />
  <testcase classname="org.openqa.selenium.FormHandlingTest" name="testShouldSubmitAFormWhenAnyInputElementWithinThatFormIsSubmitted" time="0.158" />
  <testcase classname="org.openqa.selenium.FormHandlingTest" name="testShouldBeAbleToSubmitForms" time="0.155" />
  <testcase classname="org.openqa.selenium.FormHandlingTest" name="testShouldClickOnSubmitInputElements" time="0.187" />
  <testcase classname="org.openqa.selenium.FormHandlingTest" name="testEmptyTextBoxesShouldReturnAnEmptyStringNotNull" time="0.099" />
  <testcase classname="org.openqa.selenium.FrameSwitchingTest" name="testShouldBeAbleToSwitchToAnIframeByItsID" time="0.133" />
  <testcase classname="org.openqa.selenium.FrameSwitchingTest" name="testShouldSelectChildFramesByChainedCalls" time="0.667" />
  <testcase classname="org.openqa.selenium.FrameSwitchingTest" name="testShouldBeAbleToSwitchToFrameWithNameContainingDot" time="0.662" />
  <testcase classname="org.openqa.selenium.FrameSwitchingTest" name="testShouldBeAbleToClickInAFrame" time="0.737" />
  <testcase classname="org.openqa.selenium.FrameSwitchingTest" name="testSwitchingToParentFrameFromDefaultContextIsNoOp" time="0.092" />
  <testcase classname="org.openqa.selenium.FrameSwitchingTest" name="testShouldOpenPageWithBrokenFrameset" time="0.106" />
  <testcase classname="org.openqa.selenium.FrameSwitchingTest" name="testShouldThrowAnExceptionWhenAFrameCannotBeFound" time="0.076" />
  <testcase classname="org.openqa.selenium.FrameSwitchingTest" name="testShouldAllowAUserToSwitchFromAnIframeBackToTheMainContentOfThePage" time="0.116" />
  <testcase classname="org.openqa.selenium.FrameSwitchingTest" name="testShouldFocusOnTheReplacementWhenAFrameFollowsALinkToA_TopTargetedPage" time="0.737" />
  <testcase classname="org.openqa.selenium.FrameSwitchingTest" name="testShouldReturnWindowTitleInAFrameset" time="0.631" />
  <testcase classname="org.openqa.selenium.FrameSwitchingTest" name="testShouldBeAbleToFindElementsInIframesByXPath" time="0.134" />
  <testcase classname="org.openqa.selenium.FrameSwitchingTest" name="testShouldBeAbleToSwitchToAFrameByItsName" time="0.651" />
  <testcase classname="org.openqa.selenium.FrameSwitchingTest" name="testShouldContinueToReferToTheSameFrameOnceItHasBeenSelected" time="0.776" />
  <testcase classname="org.openqa.selenium.FrameSwitchingTest" name="testShouldBeAbleToSwitchToTheTopIfTheFrameIsDeletedFromUnderUs" time="0.309" />
  <testcase classname="org.openqa.selenium.FrameSwitchingTest" name="testShouldBeAbleToSwitchToParentFromAnIframe" time="0.111" />
  <testcase classname="org.openqa.selenium.FrameSwitchingTest" name="testFrameSearchesShouldBeRelativeToTheCurrentlySelectedFrame" time="0.675" />
  <testcase classname="org.openqa.selenium.FrameSwitchingTest" name="testShouldBeAbleToSwitchToAnIframeByItsIndex" time="0.148" />
  <testcase classname="org.openqa.selenium.FrameSwitchingTest" name="testShouldBeAbleToClickInAFrameThatRewritesTopWindowLocation" time="0.208" />
  <testcase classname="org.openqa.selenium.FrameSwitchingTest" name="testShouldAllowTheUserToSwitchToAnIFrameAndRemainFocusedOnIt" time="0.213" />
  <testcase classname="org.openqa.selenium.FrameSwitchingTest" name="testShouldBeAbleToSwitchToAnIframeByItsName" time="0.173" />
  <testcase classname="org.openqa.selenium.FrameSwitchingTest" name="testShouldAlwaysFocusOnTheTopMostFrameAfterANavigationEvent" time="0.641" />
  <testcase classname="org.openqa.selenium.FrameSwitchingTest" name="testShouldBeAbleToSwitchToParentFrameFromASecondLevelFrame" time="0.643" />
  <testcase classname="org.openqa.selenium.FrameSwitchingTest" name="testGetCurrentUrl" time="0.762" />
  <testcase classname="org.openqa.selenium.FrameSwitchingTest" name="testJavaScriptShouldExecuteInTheContextOfTheCurrentFrame" time="0.652" />
  <testcase classname="org.openqa.selenium.FrameSwitchingTest" name="testShouldBeAbleToSwitchToAFrameUsingAPreviouslyLocatedWebElement" time="0.66" />
  <testcase classname="org.openqa.selenium.FrameSwitchingTest" name="testShouldThrowFrameNotFoundExceptionLookingUpSubFramesWithSuperFrameNames" time="0.662" />
  <testcase classname="org.openqa.selenium.FrameSwitchingTest" name="testShouldThrowAnExceptionWhenAFrameCannotBeFoundByIndex" time="0.121" />
  <testcase classname="org.openqa.selenium.FrameSwitchingTest" name="testShouldBeAbleToClickInASubFrame" time="0.813" />
  <testcase classname="org.openqa.selenium.FrameSwitchingTest" name="testShouldBeAbleToSwitchToParentFrame" time="0.658" />
  <testcase classname="org.openqa.selenium.FrameSwitchingTest" name="testShouldEnsureElementIsAFrameBeforeSwitching" time="0.657" />
  <testcase classname="org.openqa.selenium.FrameSwitchingTest" name="testShouldBeAbleToSwitchToAFrameByItsIndex" time="0.622" />
  <testcase classname="org.openqa.selenium.FrameSwitchingTest" name="testShouldNotAutomaticallySwitchFocusToAnIFrameWhenAPageContainingThemIsLoaded" time="0.103" />
  <testcase classname="org.openqa.selenium.FrameSwitchingTest" name="testShouldBeAbleToSwitchToAFrameByItsID" time="0.649" />
  <testcase classname="org.openqa.selenium.FrameSwitchingTest" name="testShouldNotSwitchMagicallyToTheTopWindow" time="2.647" />
  <testcase classname="org.openqa.selenium.FrameSwitchingTest" name="testShouldBeAbleToSwitchToAnIFrameUsingAPreviouslyLocatedWebElement" time="0.187" />
  <testcase classname="org.openqa.selenium.logging.GetLogsTest" name="turningOffLogShouldMeanNoLogMessages" time="5.797" />
  <testcase classname="org.openqa.selenium.logging.GetLogsTest" name="differentLogsShouldNotContainTheSameLogEntries" time="0.762" />
  <testcase classname="org.openqa.selenium.logging.GetLogsTest" name="logBufferShouldBeResetAfterEachGetLogCall" time="0.158" />
  <testcase classname="org.openqa.selenium.I18nTest" name="testShouldBeAbleToReturnTheTextInAPage" time="1.887" />
  <testcase classname="org.openqa.selenium.I18nTest" name="testEnteringHebrewTextFromLeftToRight" time="0.156" />
  <testcase classname="org.openqa.selenium.I18nTest" name="testShouldBeAbleToInputJapanese" time="0.0" />
  <testcase classname="org.openqa.selenium.I18nTest" name="testCn" time="0.142" />
  <testcase classname="org.openqa.selenium.I18nTest" name="testEnteringSupplementaryCharacters" time="0.196" />
  <testcase classname="org.openqa.selenium.I18nTest" name="testEnteringHebrewTextFromRightToLeft" time="0.096" />
  <testcase classname="org.openqa.selenium.ImplicitWaitTest" name="testShouldImplicitlyWaitUntilAtLeastOneElementIsFoundWhenSearchingForMany" time="1.13" />
  <testcase classname="org.openqa.selenium.ImplicitWaitTest" name="testShouldImplicitlyWaitForAnElementToBeVisibleBeforeInteracting" time="1.166" />
  <testcase classname="org.openqa.selenium.ImplicitWaitTest" name="testShouldStillFailToFindElementsByIdWhenImplicitWaitsAreEnabled" time="0.577" />
  <testcase classname="org.openqa.selenium.ImplicitWaitTest" name="testShouldStillFailToFindAnElementWhenImplicitWaitsAreEnabled" time="0.68" />
  <testcase classname="org.openqa.selenium.ImplicitWaitTest" name="testShouldReturnAfterFirstAttemptToFindManyAfterDisablingImplicitWaits" time="0.162" />
  <testcase classname="org.openqa.selenium.ImplicitWaitTest" name="testShouldStillFailToFindElementsWhenImplicitWaitsAreEnabled" time="0.602" />
  <testcase classname="org.openqa.selenium.ImplicitWaitTest" name="testShouldImplicitlyWaitForASingleElement" time="1.152" />
  <testcase classname="org.openqa.selenium.ImplicitWaitTest" name="testShouldReturnAfterFirstAttemptToFindOneAfterDisablingImplicitWaits" time="0.06" />
  <testcase classname="org.openqa.selenium.JavascriptEnabledDriverTest" name="testDocumentShouldReflectLatestDom" time="0.194" />
  <testcase classname="org.openqa.selenium.JavascriptEnabledDriverTest" name="testShouldBeAbleToSubmitFormsByCausingTheOnClickEventToFire" time="0.167" />
  <testcase classname="org.openqa.selenium.JavascriptEnabledDriverTest" name="testShouldBeAbleToGetTheLocationOfAnElement" time="0.077" />
  <testcase classname="org.openqa.selenium.JavascriptEnabledDriverTest" name="testDocumentShouldReflectLatestTitle" time="0.167" />
  <testcase classname="org.openqa.selenium.JavascriptEnabledDriverTest" name="testShouldBeAbleToClickIfEvenSomethingHorribleHappens" time="0.147" />
  <testcase classname="org.openqa.selenium.JavascriptEnabledDriverTest" name="testShouldBeAbleToClickALinkThatClosesAWindow" time="2.597" />
  <testcase classname="org.openqa.selenium.JavascriptEnabledDriverTest" name="testShouldFireOnChangeEventWhenSettingAnElementsValue" time="0.121" />
  <testcase classname="org.openqa.selenium.JavascriptEnabledDriverTest" name="testShouldBeAbleToClickOnSubmitButtons" time="0.155" />
  <testcase classname="org.openqa.selenium.JavascriptEnabledDriverTest" name="testIssue80ClickShouldGenerateClickEvent" time="0.143" />
  <testcase classname="org.openqa.selenium.JavascriptEnabledDriverTest" name="testShouldBeAbleToFindElementAfterJavascriptCausesANewPageToLoad" time="0.721" />
  <testcase classname="org.openqa.selenium.JavascriptEnabledDriverTest" name="testShouldBeAbleToDetermineTheLocationOfAnElement" time="0.079" />
  <testcase classname="org.openqa.selenium.JavascriptEnabledDriverTest" name="testShouldBeAbleToSwitchToFocusedElement" time="0.139" />
  <testcase classname="org.openqa.selenium.JavascriptEnabledDriverTest" name="testChangeEventIsFiredAppropriatelyWhenFocusIsLost" time="0.284" />
  <testcase classname="org.openqa.selenium.JavascriptEnabledDriverTest" name="testIfNoElementHasFocusTheActiveElementIsTheBody" time="0.06" />
  <testcase classname="org.openqa.selenium.JavascriptEnabledDriverTest" name="testShouldWaitForLoadsToCompleteAfterJavascriptCausesANewPageToLoad" time="0.665" />
  <testcase classname="org.openqa.selenium.MiscTest" name="testShouldReturnTheSourceOfAPage" time="0.062" />
  <testcase classname="org.openqa.selenium.MiscTest" name="testClickingShouldNotTrampleWOrHInGlobalScope" time="0.15" />
  <testcase classname="org.openqa.selenium.MiscTest" name="testShouldBeAbleToGetTheSourceOfAnXmlDocument" time="0.057" />
  <testcase classname="org.openqa.selenium.MiscTest" name="shouldReturnTagName" time="0.105" />
  <testcase classname="org.openqa.selenium.MiscTest" name="testShouldReportTheCurrentUrlCorrectly" time="0.128" />
  <testcase classname="org.openqa.selenium.MiscTest" name="testShouldReturnTitleOfPageIfSet" time="0.121" />
  <testcase classname="org.openqa.selenium.ObjectStateAssumptionsTest" name="testOptionsForUninitializedWebDriver" time="0.006" />
  <testcase classname="org.openqa.selenium.ObjectStateAssumptionsTest" name="testUninitializedWebDriverDoesNotThrowNPE" time="0.025" />
  <testcase classname="org.openqa.selenium.ObjectStateAssumptionsTest" name="testInitializedWebDriverDoesNotThrowNPE" time="0.066" />
  <testcase classname="org.openqa.selenium.PageLoadingTest" name="testShouldBeAbleToLoadAPageWithFramesetsAndWaitUntilAllFramesAreLoaded" time="0.713" />
  <testcase classname="org.openqa.selenium.PageLoadingTest" name="testShouldNotHangIfDocumentOpenCallIsNeverFollowedByDocumentCloseCall" time="0.178" />
  <testcase classname="org.openqa.selenium.PageLoadingTest" name="testShouldDoNothingIfThereIsNothingToGoBackTo" time="2.378" />
  <testcase classname="org.openqa.selenium.PageLoadingTest" name="testEagerStrategyShouldWaitForDocumentToBeLoaded" time="6.613" />
  <testcase classname="org.openqa.selenium.PageLoadingTest" name="testShouldBeAbleToRefreshAPage" time="0.221" />
  <testcase classname="org.openqa.selenium.PageLoadingTest" name="testShouldReturnURLOnNotExistedPage" time="0.081" />
  <testcase classname="org.openqa.selenium.PageLoadingTest" name="testShouldBeAbleToGetAFragmentOnTheCurrentPage" time="0.12" />
  <testcase classname="org.openqa.selenium.PageLoadingTest" name="testShouldFollowRedirectsSentInTheHttpResponseHeaders" time="0.083" />
  <testcase classname="org.openqa.selenium.PageLoadingTest" name="testShouldTimeoutIfAPageTakesTooLongToRefresh" time="7.125" />
  <testcase classname="org.openqa.selenium.PageLoadingTest" name="shouldBeAbleToDisableAcceptOfInsecureSslCertsWithRequiredCapability" time="2.074" />
  <testcase classname="org.openqa.selenium.PageLoadingTest" name="testShouldNotStopLoadingPageAfterTimeout" time="5.355" />
  <testcase classname="org.openqa.selenium.PageLoadingTest" name="testShouldTimeoutIfAPageTakesTooLongToLoad" time="2.094" />
  <testcase classname="org.openqa.selenium.PageLoadingTest" name="testNoneStrategyShouldNotWaitForPageToRefresh" time="1.94" />
  <testcase classname="org.openqa.selenium.PageLoadingTest" name="testShouldBeAbleToAccessPagesWithAnInsecureSslCertificate" time="0.13" />
  <testcase classname="org.openqa.selenium.PageLoadingTest" name="testShouldBeAbleToNavigateBackInTheBrowserHistoryInPresenceOfIframes" time="0.391" />
  <testcase classname="org.openqa.selenium.PageLoadingTest" name="testShouldFollowMetaRedirects" time="0.243" />
  <testcase classname="org.openqa.selenium.PageLoadingTest" name="testShouldTimeoutIfAPageTakesTooLongToLoadAfterClick" time="2.151" />
  <testcase classname="org.openqa.selenium.PageLoadingTest" name="testShouldThrowIfUrlIsMalformed" time="1.774" />
  <testcase classname="org.openqa.selenium.PageLoadingTest" name="testNoneStrategyShouldNotWaitForPageToLoad" time="1.993" />
  <testcase classname="org.openqa.selenium.PageLoadingTest" name="testShouldReturnWhenGettingAUrlThatDoesNotConnect" time="0.17" />
  <testcase classname="org.openqa.selenium.PageLoadingTest" name="testShouldBeAbleToNavigateForwardsInTheBrowserHistory" time="0.535" />
  <testcase classname="org.openqa.selenium.PageLoadingTest" name="testNormalStrategyShouldWaitForDocumentToBeLoaded" time="0.153" />
  <testcase classname="org.openqa.selenium.PageLoadingTest" name="testShouldReturnWhenGettingAUrlThatDoesNotResolve" time="0.128" />
  <testcase classname="org.openqa.selenium.PageLoadingTest" name="testShouldBeAbleToNavigateBackInTheBrowserHistory" time="0.259" />
  <testcase classname="org.openqa.selenium.logging.PerformanceLoggingTest" name="testGetsYieldToPageLoadLogEntries" time="2.114" />
  <testcase classname="org.openqa.selenium.logging.PerformanceLoggingTest" name="testPriorityForProfilerCapability" time="1.779" />
  <testcase classname="org.openqa.selenium.logging.PerformanceLoggingTest" name="testDisabledProfilingDoesNotLog" time="0.07" />
  <testcase classname="org.openqa.selenium.logging.PerformanceLoggingTest" name="testLogsSingleHttpCommand" time="1.896" />
  <testcase classname="org.openqa.selenium.logging.PerformanceLogTypeTest" name="shouldBeAbleToEnablePerformanceLog" time="0.011" />
  <testcase classname="org.openqa.selenium.logging.PerformanceLogTypeTest" name="pageLoadShouldProducePerformanceLogEntries" time="0.01" />
  <testcase classname="org.openqa.selenium.logging.PerformanceLogTypeTest" name="performanceLogShouldBeDisabledByDefault" time="0.017" />
  <testcase classname="org.openqa.selenium.PositionAndSizeTest" name="testShouldHandleNonIntegerPositionAndSize" time="0.187" />
  <testcase classname="org.openqa.selenium.PositionAndSizeTest" name="testShouldScrollPageAndGetCoordinatesOfAnElementThatIsOutOfViewPort" time="0.131" />
  <testcase classname="org.openqa.selenium.PositionAndSizeTest" name="testShouldGetCoordinatesOfAnInvisibleElement" time="0.329" />
  <testcase classname="org.openqa.selenium.PositionAndSizeTest" name="testShouldGetCoordinatesOfAnElement" time="0.26" />
  <testcase classname="org.openqa.selenium.PositionAndSizeTest" name="testShouldGetCoordinatesOfAnEmptyElement" time="0.258" />
  <testcase classname="org.openqa.selenium.PositionAndSizeTest" name="testShouldGetCoordinatesInViewPortOfAnElementInAFrame" time="0.105" />
  <testcase classname="org.openqa.selenium.PositionAndSizeTest" name="testShouldGetCoordinatesInViewPortOfAnElementInANestedFrame" time="0.115" />
  <testcase classname="org.openqa.selenium.PositionAndSizeTest" name="testShouldGetCoordinatesOfATransparentElement" time="0.133" />
  <testcase classname="org.openqa.selenium.PositionAndSizeTest" name="testShouldCorrectlyIdentifyThatAnElementHasWidthAndHeight" time="0.108" />
  <testcase classname="org.openqa.selenium.PositionAndSizeTest" name="testShouldGetCoordinatesOfAnElementInAFrame" time="0.1" />
  <testcase classname="org.openqa.selenium.PositionAndSizeTest" name="testShouldGetCoordinatesOfAHiddenElement" time="0.086" />
  <testcase classname="org.openqa.selenium.ProxySettingTest" name="canConfigureProxyThroughPACFile" time="2.529" />
  <testcase classname="org.openqa.selenium.ProxySettingTest" name="canUsePACThatOnlyProxiesCertainHosts" time="2.21" />
  <testcase classname="org.openqa.selenium.ProxySettingTest" name="canConfigureManualHttpProxy" time="1.969" />
  <testcase classname="org.openqa.selenium.ProxySettingTest" name="canConfigureProxyWithRequiredCapability" time="1.955" />
  <testcase classname="org.openqa.selenium.ProxySettingTest" name="requiredProxyCapabilityShouldHavePriority" time="1.961" />
  <testcase classname="org.openqa.selenium.ReferrerTest" name="crossDomainHistoryNavigationWithADirectProxy" time="3.4" />
  <testcase classname="org.openqa.selenium.ReferrerTest" name="navigationWhenProxyInterceptsASpecificUrl" time="3.351" />
  <testcase classname="org.openqa.selenium.ReferrerTest" name="crossDomainHistoryNavigationWithoutAProxy" time="1.469" />
  <testcase classname="org.openqa.selenium.ReferrerTest" name="basicHistoryNavigationWithoutAProxy" time="0.924" />
  <testcase classname="org.openqa.selenium.ReferrerTest" name="basicHistoryNavigationWithADirectProxy" time="3.314" />
  <testcase classname="org.openqa.selenium.ReferrerTest" name="crossDomainHistoryNavigationWhenProxyInterceptsHostRequests" time="3.362" />
  <testcase classname="org.openqa.selenium.ReferrerTest" name="crossDomainHistoryNavigationWithAProxiedHost" time="3.837" />
  <testcase classname="org.openqa.selenium.CssValueTest" name="testShouldAllowInheritedStylesToBeUsed" time="0.13" />
  <testcase classname="org.openqa.selenium.CssValueTest" name="testShouldPickUpStyleOfAnElement" time="0.136" />
  <testcase classname="org.openqa.selenium.CssValueTest" name="testGetCssValueShouldReturnStandardizedColour" time="0.106" />
  <testcase classname="org.openqa.selenium.RotatableTest" name="testRotateToPortrait" time="0.0" />
  <testcase classname="org.openqa.selenium.RotatableTest" name="testGetOrientationReturnsInitialValue" time="0.001" />
  <testcase classname="org.openqa.selenium.RotatableTest" name="testRotateToLandscapeMode" time="0.0" />
  <testcase classname="org.openqa.selenium.support.ui.SelectElementTest" name="shouldReturnFirstSelectedOption" time="0.105" />
  <testcase classname="org.openqa.selenium.support.ui.SelectElementTest" name="shouldConvertAStringWithAQuotIntoOneWithTicks" time="0.121" />
  <testcase classname="org.openqa.selenium.support.ui.SelectElementTest" name="shouldAllowOptionsToBeSelectedByVisibleText" time="0.187" />
  <testcase classname="org.openqa.selenium.support.ui.SelectElementTest" name="shouldIndicateThatASelectCanSupportMultipleOptionsWithTrueMultipleAttribute" time="0.111" />
  <testcase classname="org.openqa.selenium.support.ui.SelectElementTest" name="shouldNotAllowInvisibleOptionsToBeSelectedByVisibleText" time="0.092" />
  <testcase classname="org.openqa.selenium.support.ui.SelectElementTest" name="shouldReturnOptionWhichIsSelected" time="0.109" />
  <testcase classname="org.openqa.selenium.support.ui.SelectElementTest" name="shouldThrowExceptionOnSelectByIndexIfOptionDoesNotExist" time="0.114" />
  <testcase classname="org.openqa.selenium.support.ui.SelectElementTest" name="shouldNotAllowUserToDeselectAllWhenSelectDoesNotSupportMultipleSelections" time="0.098" />
  <testcase classname="org.openqa.selenium.support.ui.SelectElementTest" name="shouldAllowOptionsToBeSelectedByReturnedValue" time="0.182" />
  <testcase classname="org.openqa.selenium.support.ui.SelectElementTest" name="shouldAllowOptionsToBeSelectedByIndex" time="0.215" />
  <testcase classname="org.openqa.selenium.support.ui.SelectElementTest" name="shouldNotIndicateThatANormalSelectSupportsMulitpleOptions" time="0.103" />
  <testcase classname="org.openqa.selenium.support.ui.SelectElementTest" name="shouldAllowOptionsToBeDeselectedByIndex" time="0.21" />
  <testcase classname="org.openqa.selenium.support.ui.SelectElementTest" name="shouldReturnOptionsWhichAreSelected" time="0.152" />
  <testcase classname="org.openqa.selenium.support.ui.SelectElementTest" name="shouldThrowExceptionOnSelectByReturnedValueIfOptionDoesNotExist" time="0.1" />
  <testcase classname="org.openqa.selenium.support.ui.SelectElementTest" name="shouldReturnAllOptionsWhenAsked" time="0.127" />
  <testcase classname="org.openqa.selenium.support.ui.SelectElementTest" name="shouldConvertAnUnquotedStringIntoOneWithQuotes" time="0.094" />
  <testcase classname="org.openqa.selenium.support.ui.SelectElementTest" name="shouldIndicateThatASelectCanSupportMultipleOptions" time="0.154" />
  <testcase classname="org.openqa.selenium.support.ui.SelectElementTest" name="shouldAllowUserToDeselectAllWhenSelectSupportsMultipleSelections" time="0.29" />
  <testcase classname="org.openqa.selenium.support.ui.SelectElementTest" name="shouldAllowUserToDeselectOptionsByVisibleText" time="0.191" />
  <testcase classname="org.openqa.selenium.support.ui.SelectElementTest" name="shouldAllowOptionsToBeDeselectedByReturnedValue" time="0.188" />
  <testcase classname="org.openqa.selenium.support.ui.SelectElementTest" name="shouldNotAllowUserToDeselectOptionsByInvisibleText" time="0.085" />
  <testcase classname="org.openqa.selenium.support.ui.SelectElementTest" name="shouldThrowExceptionOnSelectByVisibleTextIfOptionDoesNotExist" time="0.098" />
  <testcase classname="org.openqa.selenium.support.ui.SelectElementTest" name="shouldIndicateThatASelectCanSupportMultipleOptionsWithEmptyMultipleAttribute" time="0.093" />
  <testcase classname="org.openqa.selenium.support.ui.SelectElementTest" name="shouldThrowAnExceptionIfTheElementIsNotASelectElement" time="0.088" />
  <testcase classname="org.openqa.selenium.support.ui.SelectElementTest" name="shouldProvideConcatenatedStringsWhenStringEndsWithQuote" time="0.1" />
  <testcase classname="org.openqa.selenium.support.ui.SelectElementTest" name="shouldConvertAStringWithATickIntoOneWithQuotes" time="0.089" />
  <testcase classname="org.openqa.selenium.support.ui.SelectElementTest" name="shouldProvideConcatenatedStringsWhenStringToEscapeContainsTicksAndQuotes" time="0.085" />
  <testcase classname="org.openqa.selenium.support.ui.SelectElementTest" name="shouldIndicateThatASelectCanSupportMultipleOptionsWithFalseMultipleAttribute" time="0.085" />
  <testcase classname="org.openqa.selenium.support.ui.SelectElementTest" name="shouldThrowANoSuchElementExceptionIfNothingIsSelected" time="0.11" />
  <testcase classname="org.openqa.selenium.SelectElementHandlingTest" name="testCanGetValueFromOptionViaAttributeWhenAttributeIsEmptyString" time="0.091" />
  <testcase classname="org.openqa.selenium.SelectElementHandlingTest" name="testCanGetValueFromOptionViaAttributeWhenAttributeDoesntExist" time="0.107" />
  <testcase classname="org.openqa.selenium.SelectElementHandlingTest" name="testShouldBeAbleToChangeTheSelectedOptionInASelect" time="0.153" />
  <testcase classname="org.openqa.selenium.SelectElementHandlingTest" name="testShouldBeAbleToSelectMoreThanOneOptionFromASelectWhichAllowsMultipleChoices" time="0.327" />
  <testcase classname="org.openqa.selenium.SelectElementHandlingTest" name="testShouldSelectFirstOptionByDefaultIfNoneIsSelected" time="0.163" />
  <testcase classname="org.openqa.selenium.SelectElementHandlingTest" name="testShouldBePossibleToDeselectASingleOptionFromASelectWhichAllowsMultipleChoices" time="0.238" />
  <testcase classname="org.openqa.selenium.SelectElementHandlingTest" name="testCanSelectElementsInOptGroups" time="0.146" />
  <testcase classname="org.openqa.selenium.SessionHandlingTest" name="callingAnyOperationAfterQuitShouldThrowAnException" time="1.763" />
  <testcase classname="org.openqa.selenium.SessionHandlingTest" name="callingQuitMoreThanOnceOnASessionIsANoOp" time="1.846" />
  <testcase classname="org.openqa.selenium.SessionHandlingTest" name="callingQuitAfterClosingTheLastWindowIsANoOp" time="1.787" />
  <testcase classname="org.openqa.selenium.SlowLoadingPageTest" name="testRefreshShouldBlockUntilPageLoads" time="6.083" />
  <testcase classname="org.openqa.selenium.SlowLoadingPageTest" name="testShouldBlockUntilIFramesAreLoaded" time="3.067" />
  <testcase classname="org.openqa.selenium.SlowLoadingPageTest" name="testShouldBlockUntilPageLoads" time="3.04" />
  <testcase classname="org.openqa.selenium.StaleElementReferenceTest" name="testRemovingAnElementDynamicallyFromTheDomShouldCauseAStaleRefException" time="0.155" />
  <testcase classname="org.openqa.selenium.StaleElementReferenceTest" name="testOldPage" time="0.123" />
  <testcase classname="org.openqa.selenium.StaleElementReferenceTest" name="testShouldNotCrashWhenQueryingTheAttributeOfAStaleElement" time="0.11" />
  <testcase classname="org.openqa.selenium.StaleElementReferenceTest" name="testShouldNotCrashWhenCallingGetSizeOnAnObsoleteElement" time="0.115" />
  <testcase classname="org.openqa.selenium.SvgElementTest" name="testShouldClickOnGraphTextElements" time="0.199" />
  <testcase classname="org.openqa.selenium.SvgElementTest" name="testShouldClickOnGraphVisualElements" time="0.238" />
  <testcase classname="org.openqa.selenium.SvgDocumentTest" name="testExecuteScriptInSvgDocument" time="0.087" />
  <testcase classname="org.openqa.selenium.SvgDocumentTest" name="testClickOnSvgElement" time="0.14" />
  <testcase classname="org.openqa.selenium.TakesScreenshotTest" name="testShouldCaptureScreenshotOfCurrentViewport" time="1.299" />
  <testcase classname="org.openqa.selenium.TakesScreenshotTest" name="testGetScreenshotAsBase64" time="0.174" />
  <testcase classname="org.openqa.selenium.TakesScreenshotTest" name="testGetScreenshotAsBinary" time="0.185" />
  <testcase classname="org.openqa.selenium.TakesScreenshotTest" name="testShouldCaptureScreenshotAtFramePageAfterSwitching" time="0.219" />
  <testcase classname="org.openqa.selenium.TakesScreenshotTest" name="testShouldCaptureScreenshotAtIFramePageAfterSwitching" time="0.202" />
  <testcase classname="org.openqa.selenium.TakesScreenshotTest" name="testShouldCaptureScreenshotAtFramePage" time="0.154" />
  <testcase classname="org.openqa.selenium.TakesScreenshotTest" name="testShouldCaptureScreenshotOfPageWithLongX" time="0.149" />
  <testcase classname="org.openqa.selenium.TakesScreenshotTest" name="testShouldCaptureScreenshotOfPageWithLongY" time="0.336" />
  <testcase classname="org.openqa.selenium.TakesScreenshotTest" name="testShouldCaptureScreenshotAtIFramePage" time="0.189" />
  <testcase classname="org.openqa.selenium.TakesScreenshotTest" name="testGetScreenshotAsFile" time="0.146" />
  <testcase classname="org.openqa.selenium.TextHandlingTest" name="testShouldNotTrimTrailingNonBreakingSpacesInMultilineText" time="0.052" />
  <testcase classname="org.openqa.selenium.TextHandlingTest" name="testShouldHandleWhitespaceInInlineElements" time="0.07" />
  <testcase classname="org.openqa.selenium.TextHandlingTest" name="testShouldRetainTheFormatingOfTextWithinAPreElementThatIsWithinARegularBlock" time="0.067" />
  <testcase classname="org.openqa.selenium.TextHandlingTest" name="testShouldGetTextWhichIsAValidJSONObject" time="0.112" />
  <testcase classname="org.openqa.selenium.TextHandlingTest" name="testShouldHandleSiblingBlockLevelElements" time="0.12" />
  <testcase classname="org.openqa.selenium.TextHandlingTest" name="testShouldReturnEmptyStringWhenTagIsSelfClosing" time="0.071" />
  <testcase classname="org.openqa.selenium.TextHandlingTest" name="testShouldGetTextFromTableCells" time="0.073" />
  <testcase classname="org.openqa.selenium.TextHandlingTest" name="testShouldConvertANonBreakingSpaceIntoANormalSpaceCharacter" time="0.065" />
  <testcase classname="org.openqa.selenium.TextHandlingTest" name="testTextOfATextAreaShouldBeEqualToItsDefaultTextEvenAfterChangingTheValue" time="0.108" />
  <testcase classname="org.openqa.selenium.TextHandlingTest" name="testShouldTrimText" time="0.082" />
  <testcase classname="org.openqa.selenium.TextHandlingTest" name="testShouldBeAbleToEnterDatesAfterFillingInOtherValuesFirst" time="0.152" />
  <testcase classname="org.openqa.selenium.TextHandlingTest" name="testTextOfATextAreaShouldBeEqualToItsDefaultTextEvenAfterTyping" time="0.16" />
  <testcase classname="org.openqa.selenium.TextHandlingTest" name="testShouldNotTrimNonBreakingSpacesAtTheStartOfALineInTheMiddleOfText" time="0.067" />
  <testcase classname="org.openqa.selenium.TextHandlingTest" name="testShouldNotTrimSpacesWhenLineWraps" time="0.08" />
  <testcase classname="org.openqa.selenium.TextHandlingTest" name="testHavingInlineElementsShouldNotAffectHowTextIsReturned" time="0.069" />
  <testcase classname="org.openqa.selenium.TextHandlingTest" name="testShouldRepresentABlockLevelElementAsANewline" time="0.065" />
  <testcase classname="org.openqa.selenium.TextHandlingTest" name="testShouldIgnoreScriptElements" time="0.097" />
  <testcase classname="org.openqa.selenium.TextHandlingTest" name="testShouldReturnEmptyStringWhenTextIsOnlySpaces" time="0.073" />
  <testcase classname="org.openqa.selenium.TextHandlingTest" name="testGetTextWithLineBreakForInlineElement" time="0.081" />
  <testcase classname="org.openqa.selenium.TextHandlingTest" name="testShouldReturnEmptyStringWhenTextIsEmpty" time="0.07" />
  <testcase classname="org.openqa.selenium.TextHandlingTest" name="testShouldHandleNestedBlockLevelElements" time="0.075" />
  <testcase classname="org.openqa.selenium.TextHandlingTest" name="testShouldGetTextWhichIsAValidComplexJSONObject" time="0.066" />
  <testcase classname="org.openqa.selenium.TextHandlingTest" name="testTextOfATextAreaShouldBeEqualToItsDefaultText" time="0.1" />
  <testcase classname="org.openqa.selenium.TextHandlingTest" name="testShouldCollapseMultipleWhitespaceCharactersIntoASingleSpace" time="0.079" />
  <testcase classname="org.openqa.selenium.TextHandlingTest" name="testShouldRetainTheFormatingOfTextWithinAPreElement" time="0.068" />
  <testcase classname="org.openqa.selenium.TextHandlingTest" name="testShouldBeAbleToSetMoreThanOneLineOfTextInATextArea" time="0.159" />
  <testcase classname="org.openqa.selenium.TextHandlingTest" name="testShouldReturnTheEntireTextOfInlineElements" time="0.082" />
  <testcase classname="org.openqa.selenium.TextHandlingTest" name="testShouldReturnTheTextContentOfASingleElementWithNoChildren" time="0.073" />
  <testcase classname="org.openqa.selenium.TextHandlingTest" name="testShouldNotCollapseANonBreakingSpaces" time="0.069" />
  <testcase classname="org.openqa.selenium.TextHandlingTest" name="testShouldOnlyIncludeVisibleText" time="0.093" />
  <testcase classname="org.openqa.selenium.TextHandlingTest" name="testShouldReturnTheEntireTextContentOfChildElements" time="0.123" />
  <testcase classname="org.openqa.selenium.TextHandlingTest" name="testTextOfAnInputFieldShouldBeEmpty" time="0.09" />
  <testcase classname="org.openqa.selenium.TextHandlingTest" name="testShouldNotTrimNonBreakingSpacesAtTheEndOfALineInTheMiddleOfText" time="0.072" />
  <testcase classname="org.openqa.selenium.TextHandlingTest" name="testReadALargeAmountOfData" time="0.364" />
  <testcase classname="org.openqa.selenium.TextPagesTest" name="testShouldThrowExceptionWhenAddingCookieToAPageThatIsNotHtml" time="0.105" />
  <testcase classname="org.openqa.selenium.TextPagesTest" name="testFindingAnElementOnAPlainTextPageWillNeverWork" time="0.048" />
  <testcase classname="org.openqa.selenium.TypingTest" name="testShouldFireKeyDownEvents" time="0.232" />
  <testcase classname="org.openqa.selenium.TypingTest" name="testNumericNonShiftKeys" time="0.163" />
  <testcase classname="org.openqa.selenium.TypingTest" name="testShouldBeAbleToTypeTheAtCharacter" time="0.111" />
  <testcase classname="org.openqa.selenium.TypingTest" name="testShouldFireKeyUpEvents" time="0.129" />
  <testcase classname="org.openqa.selenium.TypingTest" name="testSpecialSpaceKeys" time="0.141" />
  <testcase classname="org.openqa.selenium.TypingTest" name="testShouldBeAbleToMixUpperAndLowerCaseLetters" time="0.118" />
  <testcase classname="org.openqa.selenium.TypingTest" name="testShouldBeAbleToTypeIntoEmptyContentEditableElement" time="0.118">
    <failure message="&#xa;Expected: &quot;cheese&quot;&#xa;     but: was &quot;&quot;" type="junit.framework.AssertionFailedError">junit.framework.AssertionFailedError: 
Expected: &quot;cheese&quot;
     but: was &quot;&quot;
	at org.hamcrest.MatcherAssert.assertThat(MatcherAssert.java:20)
	at org.openqa.selenium.TypingTest.testShouldBeAbleToTypeIntoEmptyContentEditableElement(TypingTest.java:752)
	at org.openqa.selenium.testing.SeleniumTestRunner$2.evaluate(SeleniumTestRunner.java:107)
	at org.openqa.selenium.testing.SeleniumTestRunner.runChild(SeleniumTestRunner.java:80)
	at org.openqa.selenium.testing.ParallelSuite$2.run(ParallelSuite.java:40)
	at org.openqa.selenium.testing.ParallelSuite$ThreadPool$1.run(ParallelSuite.java:79)
</failure>
  </testcase>
  <testcase classname="org.openqa.selenium.TypingTest" name="testWillSimulateAKeyDownWhenEnteringTextIntoInputElements" time="0.147" />
  <testcase classname="org.openqa.selenium.TypingTest" name="testNumericShiftKeys" time="0.166" />
  <testcase classname="org.openqa.selenium.TypingTest" name="testTypingIntoAnIFrameWithContentEditableOrDesignModeSet" time="0.239" />
  <testcase classname="org.openqa.selenium.TypingTest" name="testShouldBeAbleToUseArrowKeys" time="0.121" />
  <testcase classname="org.openqa.selenium.TypingTest" name="testShouldReportKeyCodeOfArrowKeysUpDownEvents" time="0.339" />
  <testcase classname="org.openqa.selenium.TypingTest" name="testGenerateKeyPressEventEvenWhenElementPreventsDefault" time="0.014" />
  <testcase classname="org.openqa.selenium.TypingTest" name="testShouldFireKeyPressEvents" time="0.122" />
  <testcase classname="org.openqa.selenium.TypingTest" name="testArrowKeysShouldNotBePrintable" time="0.11" />
  <testcase classname="org.openqa.selenium.TypingTest" name="testWillSimulateAKeyPressWhenEnteringTextIntoInputElements" time="0.13" />
  <testcase classname="org.openqa.selenium.TypingTest" name="testShouldReportKeyCodeOfArrowKeys" time="0.284" />
  <testcase classname="org.openqa.selenium.TypingTest" name="testShouldTypeLowerCaseLetters" time="0.132" />
  <testcase classname="org.openqa.selenium.TypingTest" name="testChordControlHomeShiftEndDelete" time="0.0" />
  <testcase classname="org.openqa.selenium.TypingTest" name="testNumberpadKeys" time="0.144" />
  <testcase classname="org.openqa.selenium.TypingTest" name="testChordReveseShiftHomeSelectionDeletes" time="0.0" />
  <testcase classname="org.openqa.selenium.TypingTest" name="testAllPrintableKeys" time="0.233" />
  <testcase classname="org.openqa.selenium.TypingTest" name="testWillSimulateAKeyUpWhenEnteringTextIntoTextAreas" time="0.137" />
  <testcase classname="org.openqa.selenium.TypingTest" name="testWillSimulateAKeyDownWhenEnteringTextIntoTextAreas" time="0.121" />
  <testcase classname="org.openqa.selenium.TypingTest" name="testShouldNotTypeIntoElementsThatPreventKeyDownEvents" time="0.162" />
  <testcase classname="org.openqa.selenium.TypingTest" name="testShouldTypeIntoInputElementsThatHaveNoTypeAttribute" time="0.128" />
  <testcase classname="org.openqa.selenium.TypingTest" name="testArrowKeysAndPageUpAndDown" time="0.128" />
  <testcase classname="org.openqa.selenium.TypingTest" name="testChordControlCutAndPaste" time="0.0" />
  <testcase classname="org.openqa.selenium.TypingTest" name="testFunctionKeys" time="0.16" />
  <testcase classname="org.openqa.selenium.TypingTest" name="testUppercaseAlphaKeys" time="0.154" />
  <testcase classname="org.openqa.selenium.TypingTest" name="testShouldBeAbleToTypeCapitalLetters" time="0.124" />
  <testcase classname="org.openqa.selenium.TypingTest" name="testDeleteAndBackspaceKeys" time="0.182" />
  <testcase classname="org.openqa.selenium.TypingTest" name="canSafelyTypeOnElementThatIsRemovedFromTheDomOnKeyPress" time="0.143" />
  <testcase classname="org.openqa.selenium.TypingTest" name="testShiftSelectionDeletes" time="0.169" />
  <testcase classname="org.openqa.selenium.TypingTest" name="testLowerCaseAlphaKeys" time="0.139" />
  <testcase classname="org.openqa.selenium.TypingTest" name="testWillSimulateAKeyUpWhenEnteringTextIntoInputElements" time="0.113" />
  <testcase classname="org.openqa.selenium.TypingTest" name="testHomeAndEndAndPageUpAndPageDownKeys" time="0.001" />
  <testcase classname="org.openqa.selenium.TypingTest" name="testWillSimulateAKeyPressWhenEnteringTextIntoTextAreas" time="0.115" />
  <testcase classname="org.openqa.selenium.TypingTest" name="testShouldBeAbleToTypeOnAnEmailInputField" time="0.14" />
  <testcase classname="org.openqa.selenium.TypingTest" name="testShouldBeAbleToTypeQuoteMarks" time="0.115" />
  <testcase classname="org.openqa.selenium.UnexpectedAlertBehaviorTest" name="canDismissUnhandledAlert" time="2.812" />
  <testcase classname="org.openqa.selenium.UnexpectedAlertBehaviorTest" name="dismissUnhandledAlertsByDefault" time="2.742" />
  <testcase classname="org.openqa.selenium.UnexpectedAlertBehaviorTest" name="canAcceptUnhandledAlert" time="2.766" />
  <testcase classname="org.openqa.selenium.UnexpectedAlertBehaviorTest" name="canSpecifyUnhandledAlertBehaviourUsingCapabilities" time="2.641" />
  <testcase classname="org.openqa.selenium.UnexpectedAlertBehaviorTest" name="requiredUnhandledAlertCapabilityHasPriorityOverDesired" time="2.629" />
  <testcase classname="org.openqa.selenium.UnexpectedAlertBehaviorTest" name="canIgnoreUnhandledAlert" time="2.591" />
  <testcase classname="org.openqa.selenium.UploadTest" name="testFileUploading" time="2.728" />
  <testcase classname="org.openqa.selenium.VisibilityTest" name="testShouldModifyTheVisibilityOfAnElementDynamically" time="0.154" />
  <testcase classname="org.openqa.selenium.VisibilityTest" name="testCorrectlyDetectMapElementsAreShown" time="0.071" />
  <testcase classname="org.openqa.selenium.VisibilityTest" name="parentNodeVisibleWhenAllChildrenAreAbsolutelyPositionedAndOverflowIsHidden" time="0.068" />
  <testcase classname="org.openqa.selenium.VisibilityTest" name="shouldShowElementNotVisibleWithHiddenAttribute" time="0.064" />
  <testcase classname="org.openqa.selenium.VisibilityTest" name="testElementScrollableByOverflowYIsVisible" time="0.433" />
  <testcase classname="org.openqa.selenium.VisibilityTest" name="testHiddenInputElementsAreNeverVisible" time="0.081" />
  <testcase classname="org.openqa.selenium.VisibilityTest" name="testElementScrollableByOverflowXIsVisible" time="0.397" />
  <testcase classname="org.openqa.selenium.VisibilityTest" name="testVisibilityShouldTakeIntoAccountParentVisibility" time="0.1" />
  <testcase classname="org.openqa.selenium.VisibilityTest" name="testShouldBeAbleToSelectOptionsFromAnInvisibleSelect" time="0.176" />
  <testcase classname="org.openqa.selenium.VisibilityTest" name="testShouldCountElementsAsVisibleIfStylePropertyHasBeenSet" time="0.083" />
  <testcase classname="org.openqa.selenium.VisibilityTest" name="testShouldBeAbleToClickOnElementsWithOpacityZero" time="0.144" />
  <testcase classname="org.openqa.selenium.VisibilityTest" name="testShouldNotBeAbleToClickOnAnElementThatIsNotDisplayed" time="0.086" />
  <testcase classname="org.openqa.selenium.VisibilityTest" name="testShouldNotBeAbleToTypeAnElementThatIsNotDisplayed" time="0.096" />
  <testcase classname="org.openqa.selenium.VisibilityTest" name="testElementScrollableByOverflowXAndYIsVisible" time="0.318" />
  <testcase classname="org.openqa.selenium.VisibilityTest" name="testElementHiddenByOverflowYIsNotVisible" time="0.235" />
  <testcase classname="org.openqa.selenium.VisibilityTest" name="testZeroSizedDivIsShownIfDescendantHasSize" time="0.098" />
  <testcase classname="org.openqa.selenium.VisibilityTest" name="testShouldAllowTheUserToTellIfAnElementIsDisplayedOrNot" time="0.124" />
  <testcase classname="org.openqa.selenium.VisibilityTest" name="testElementHiddenByOverflowXIsNotVisible" time="0.229" />
  <testcase classname="org.openqa.selenium.VisibilityTest" name="tooSmallAWindowWithOverflowHiddenIsNotAProblem" time="0.216" />
  <testcase classname="org.openqa.selenium.VisibilityTest" name="testShouldShowElementNotVisibleWhenParentElementHasHiddenAttribute" time="0.051" />
  <testcase classname="org.openqa.selenium.WebElementTest" name="testElementImplementsWrapsDriver" time="0.063" />
  <testcase classname="org.openqa.selenium.WebElementTest" name="testElementReturnsOriginDriver" time="0.08" />
  <testcase classname="org.openqa.selenium.WindowSwitchingTest" name="testShouldThrowNoSuchWindowExceptionOnAnyElementOperationIfAWindowIsClosed" time="0.468" />
  <testcase classname="org.openqa.selenium.WindowSwitchingTest" name="testShouldBeAbleToIterateOverAllOpenWindows" time="3.184" />
  <testcase classname="org.openqa.selenium.WindowSwitchingTest" name="testShouldFocusOnTheTopMostFrameAfterSwitchingToAWindow" time="2.491" />
  <testcase classname="org.openqa.selenium.WindowSwitchingTest" name="testShouldThrowNoSuchWindowExceptionOnAnyOperationIfAWindowIsClosed" time="2.365" />
  <testcase classname="org.openqa.selenium.WindowSwitchingTest" name="testShouldSwitchFocusToANewWindowWhenItIsOpenedAndNotStopFutureOperations" time="0.7" />
  <testcase classname="org.openqa.selenium.WindowSwitchingTest" name="testClickingOnAButtonThatClosesAnOpenWindowDoesNotCauseTheBrowserToHang" time="0.605" />
  <testcase classname="org.openqa.selenium.WindowSwitchingTest" name="testCanCloseWindowWhenMultipleWindowsAreOpen" time="2.554" />
  <testcase classname="org.openqa.selenium.WindowSwitchingTest" name="testShouldThrowNoSuchWindowException" time="3.857" />
  <testcase classname="org.openqa.selenium.WindowSwitchingTest" name="testCanCloseWindowAndSwitchBackToMainWindow" time="2.541" />
  <testcase classname="org.openqa.selenium.WindowSwitchingTest" name="testFailingToSwitchToAWindowLeavesTheCurrentWindowAsIs" time="3.863" />
  <testcase classname="org.openqa.selenium.WindowSwitchingTest" name="testShouldThrowNoSuchWindowExceptionOnAnAttemptToGetItsHandle" time="0.536" />
  <testcase classname="org.openqa.selenium.WindowSwitchingTest" name="testCanObtainAWindowHandle" time="0.038" />
  <testcase classname="org.openqa.selenium.WindowSwitchingTest" name="testClosingOnlyWindowShouldNotCauseTheBrowserToHang" time="1.97" />
  <testcase classname="org.openqa.selenium.WindowSwitchingTest" name="testCanCallGetWindowHandlesAfterClosingAWindow" time="2.434" />
  <testcase classname="org.openqa.selenium.ContextSwitchingTest" name="testShouldNotBeAbleToGetContextHandle" time="0.001" />
  <testcase classname="org.openqa.selenium.ContextSwitchingTest" name="testShouldNotBeAbleToGetContextHandles" time="0.0" />
  <testcase classname="org.openqa.selenium.ContextSwitchingTest" name="testShouldNotBeAbleToSwitchContext" time="0.0" />
  <testcase classname="org.openqa.selenium.WindowTest" name="testSetsTheSizeOfTheCurrentWindowFromIframe" time="0.151" />
  <testcase classname="org.openqa.selenium.WindowTest" name="testSetsThePositionOfTheCurrentWindow" time="0.158" />
  <testcase classname="org.openqa.selenium.WindowTest" name="testGetsThePositionOfTheCurrentWindow" time="0.005" />
  <testcase classname="org.openqa.selenium.WindowTest" name="testSetsTheSizeOfTheCurrentWindowFromFrame" time="0.734" />
  <testcase classname="org.openqa.selenium.WindowTest" name="testCanMaximizeTheWindowFromFrame" time="1.199" />
  <testcase classname="org.openqa.selenium.WindowTest" name="testCanMaximizeTheWindowFromIframe" time="1.033" />
  <testcase classname="org.openqa.selenium.WindowTest" name="testSetsTheSizeOfTheCurrentWindow" time="0.481" />
  <testcase classname="org.openqa.selenium.WindowTest" name="testGetsTheSizeOfTheCurrentWindow" time="0.008" />
  <testcase classname="org.openqa.selenium.WindowTest" name="testCanMaximizeTheWindow" time="0.581" />
  <testcase classname="org.openqa.selenium.html5.AppCacheTest" name="testAppCacheStatus" time="0.003" />
  <testcase classname="org.openqa.selenium.html5.AppCacheTest" name="testBrowserLoadsFromCacheWhenOffline" time="0.002" />
  <testcase classname="org.openqa.selenium.html5.BrowserConnectionTest" name="testShouldSetBrowserOffline" time="0.001" />
  <testcase classname="org.openqa.selenium.html5.Html5CapabilitiesTest" name="disableApplicationCacheCapability" time="1.766" />
  <testcase classname="org.openqa.selenium.html5.Html5CapabilitiesTest" name="enableBrowserConnCapability" time="1.795" />
  <testcase classname="org.openqa.selenium.html5.Html5CapabilitiesTest" name="disableBrowserConnCapability" time="2.024" />
  <testcase classname="org.openqa.selenium.html5.Html5CapabilitiesTest" name="enableWebStorageCapability" time="2.154" />
  <testcase classname="org.openqa.selenium.html5.Html5CapabilitiesTest" name="disableWebStorageCapability" time="2.302" />
  <testcase classname="org.openqa.selenium.html5.Html5CapabilitiesTest" name="disableLocationContextCapability" time="1.753" />
  <testcase classname="org.openqa.selenium.html5.Html5CapabilitiesTest" name="requiredLocationCapabilityShouldHavePriority" time="1.755" />
  <testcase classname="org.openqa.selenium.html5.Html5CapabilitiesTest" name="enableApplicationCacheCapability" time="1.785" />
  <testcase classname="org.openqa.selenium.html5.Html5CapabilitiesTest" name="requiredDatabaseCapabilityShouldHavePriority" time="1.818" />
  <testcase classname="org.openqa.selenium.html5.Html5CapabilitiesTest" name="requiredWebStorageCapabilityShouldHavePriority" time="1.76" />
  <testcase classname="org.openqa.selenium.html5.Html5CapabilitiesTest" name="requiredConnectionCapabilityShouldHavePriority" time="1.765" />
  <testcase classname="org.openqa.selenium.html5.Html5CapabilitiesTest" name="enableLocationContextCapability" time="1.749" />
  <testcase classname="org.openqa.selenium.html5.Html5CapabilitiesTest" name="enableDatabaseCapability" time="1.749" />
  <testcase classname="org.openqa.selenium.html5.Html5CapabilitiesTest" name="disableDatabaseCapability" time="1.739" />
  <testcase classname="org.openqa.selenium.html5.Html5CapabilitiesTest" name="requiredApplicatonCacheCapabilityShouldHavePriority" time="1.78" />
  <testcase classname="org.openqa.selenium.html5.LocalStorageTest" name="testLocalStorageKeySet" time="0.001" />
  <testcase classname="org.openqa.selenium.html5.LocalStorageTest" name="testLocalAndSessionStorageDontInterfereWithEachOther" time="0.001" />
  <testcase classname="org.openqa.selenium.html5.LocalStorageTest" name="testClearLocalStorage" time="0.0" />
  <testcase classname="org.openqa.selenium.html5.LocalStorageTest" name="testLocalStorageRemoveItem" time="0.0" />
  <testcase classname="org.openqa.selenium.html5.LocalStorageTest" name="testLocalStorageSetAndGetItem" time="0.001" />
  <testcase classname="org.openqa.selenium.html5.LocationContextTest" name="testShouldSetAndGetLocation" time="0.001" />
  <testcase classname="org.openqa.selenium.html5.SessionStorageTest" name="testSessionStorageRemoveItem" time="0.0" />
  <testcase classname="org.openqa.selenium.html5.SessionStorageTest" name="testClearSessionStorage" time="0.0" />
  <testcase classname="org.openqa.selenium.html5.SessionStorageTest" name="testSessionStorageSetAndGetItem" time="0.001" />
  <testcase classname="org.openqa.selenium.html5.SessionStorageTest" name="testSessionStorageKeySet" time="0.001" />
  <testcase classname="org.openqa.selenium.html5.SqlDatabaseTest" name="testResultSetsReturnPositiveLastInsertedRowId" time="0.001" />
  <testcase classname="org.openqa.selenium.html5.SqlDatabaseTest" name="testResultSetRowsContainsInsertedRows" time="0.0" />
  <testcase classname="org.openqa.selenium.html5.SqlDatabaseTest" name="testResultSetsReturnNegativeLastInsertedRowId" time="0.001" />
  <testcase classname="org.openqa.selenium.html5.SqlDatabaseTest" name="testResultSetsNumberOfRowsAffected" time="0.0" />
  <testcase classname="org.openqa.selenium.interactions.ActionsTest" name="creatingAllMouseActions" time="0.049" />
  <testcase classname="org.openqa.selenium.interactions.ActionsTest" name="creatingAllKeyboardActions" time="0.005" />
  <testcase classname="org.openqa.selenium.interactions.ActionsTest" name="providingAnElementToKeyboardActions" time="0.003" />
  <testcase classname="org.openqa.selenium.interactions.ActionsTest" name="supplyingIndividualElementsToKeyboardActions" time="0.004" />
  <testcase classname="org.openqa.selenium.interactions.BasicKeyboardInterfaceTest" name="testBasicKeyboardInput" time="0.222" />
  <testcase classname="org.openqa.selenium.interactions.BasicKeyboardInterfaceTest" name="testSendingKeysToActiveElement" time="0.209" />
  <testcase classname="org.openqa.selenium.interactions.BasicKeyboardInterfaceTest" name="testSendingKeysWithShiftPressed" time="0.432" />
  <testcase classname="org.openqa.selenium.interactions.BasicKeyboardInterfaceTest" name="testBasicKeyboardInputOnActiveElement" time="0.194" />
  <testcase classname="org.openqa.selenium.interactions.BasicKeyboardInterfaceTest" name="testSendingKeyUp" time="0.262" />
  <testcase classname="org.openqa.selenium.interactions.BasicKeyboardInterfaceTest" name="testSendingKeyDownOnly" time="0.249" />
  <testcase classname="org.openqa.selenium.interactions.BasicKeyboardInterfaceTest" name="canGenerateKeyboardShortcuts" time="0.392" />
  <testcase classname="org.openqa.selenium.interactions.BasicMouseInterfaceTest" name="testMovingMouseByRelativeOffset" time="0.214" />
  <testcase classname="org.openqa.selenium.interactions.BasicMouseInterfaceTest" name="testMoveRelativeToBody" time="2.026" />
  <testcase classname="org.openqa.selenium.interactions.BasicMouseInterfaceTest" name="testShouldAllowUsersToHoverOverElements" time="0.14" />
  <testcase classname="org.openqa.selenium.interactions.BasicMouseInterfaceTest" name="testMovingMouseToRelativeElementOffset" time="0.121" />
  <testcase classname="org.openqa.selenium.interactions.BasicMouseInterfaceTest" name="testHoverPersists" time="2.209" />
  <testcase classname="org.openqa.selenium.interactions.BasicMouseInterfaceTest" name="canMouseOverAndOutOfAnElement" time="0.199" />
  <testcase classname="org.openqa.selenium.interactions.BasicMouseInterfaceTest" name="testMovingMousePastViewPort" time="1.674" />
  <testcase classname="org.openqa.selenium.interactions.BasicMouseInterfaceTest" name="testDragAndDrop" time="0.512" />
  <testcase classname="org.openqa.selenium.interactions.BasicMouseInterfaceTest" name="testMoveAndClick" time="0.157" />
  <testcase classname="org.openqa.selenium.interactions.BasicMouseInterfaceTest" name="testShouldClickElementInIFrame" time="0.191" />
  <testcase classname="org.openqa.selenium.interactions.BasicMouseInterfaceTest" name="testMovingMouseBackAndForthPastViewPort" time="0.008" />
  <testcase classname="org.openqa.selenium.interactions.BasicMouseInterfaceTest" name="testDraggingElementWithMouseFiresEvents" time="0.338" />
  <testcase classname="org.openqa.selenium.interactions.BasicMouseInterfaceTest" name="testDoubleClickThenGet" time="0.199" />
  <testcase classname="org.openqa.selenium.interactions.BasicMouseInterfaceTest" name="testDraggingElementWithMouseMovesItToAnotherList" time="0.283" />
  <testcase classname="org.openqa.selenium.interactions.BasicMouseInterfaceTest" name="testCannotMoveToANullLocator" time="0.044" />
  <testcase classname="org.openqa.selenium.interactions.BasicMouseInterfaceTest" name="testMovingIntoAnImageEnclosedInALink" time="0.275" />
  <testcase classname="org.openqa.selenium.interactions.BasicMouseInterfaceTest" name="testMovingMouseToRelativeZeroElementOffset" time="0.112" />
  <testcase classname="org.openqa.selenium.interactions.BasicMouseInterfaceTest" name="testDoubleClick" time="0.145" />
  <testcase classname="org.openqa.selenium.interactions.BasicMouseInterfaceTest" name="testContextClick" time="0.12" />
  <testcase classname="org.openqa.selenium.interactions.CombinedInputActionsTest" name="testCanClickOnLinks" time="0.187" />
  <testcase classname="org.openqa.selenium.interactions.CombinedInputActionsTest" name="testControlClickingOnMultiSelectionList" time="0.001" />
  <testcase classname="org.openqa.selenium.interactions.CombinedInputActionsTest" name="testCanClickOnSuckerFishMenuItem" time="0.184" />
  <testcase classname="org.openqa.selenium.interactions.CombinedInputActionsTest" name="testCanClickOnLinksWithAnOffset" time="0.149" />
  <testcase classname="org.openqa.selenium.interactions.CombinedInputActionsTest" name="testShiftClickingOnMultiSelectionList" time="0.001" />
  <testcase classname="org.openqa.selenium.interactions.CombinedInputActionsTest" name="testPlainClickingOnMultiSelectionList" time="0.001" />
  <testcase classname="org.openqa.selenium.interactions.CombinedInputActionsTest" name="testControlClickingOnCustomMultiSelectionList" time="0.362" />
  <testcase classname="org.openqa.selenium.interactions.CombinedInputActionsTest" name="canClickOnASuckerFishStyleMenu" time="2.242" />
  <testcase classname="org.openqa.selenium.interactions.CombinedInputActionsTest" name="testHoldingDownShiftKeyWhileClicking" time="0.142" />
  <testcase classname="org.openqa.selenium.interactions.CombinedInputActionsTest" name="testCombiningShiftAndClickResultsInANewWindow" time="0.4" />
  <testcase classname="org.openqa.selenium.interactions.CombinedInputActionsTest" name="testChordControlCutAndPaste" time="0.0" />
  <testcase classname="org.openqa.selenium.interactions.CombinedInputActionsTest" name="testMouseMovementWorksWhenNavigatingToAnotherPage" time="0.271" />
  <testcase classname="org.openqa.selenium.interactions.CompositeActionTest" name="invokingActions" time="0.008" />
  <testcase classname="org.openqa.selenium.interactions.CompositeActionTest" name="addingActions" time="0.0" />
  <testcase classname="org.openqa.selenium.interactions.DragAndDropTest" name="testDragTooFar" time="0.001" />
  <testcase classname="org.openqa.selenium.interactions.DragAndDropTest" name="testDragAndDropElementWithOffsetInScrolledDiv" time="0.213" />
  <testcase classname="org.openqa.selenium.interactions.DragAndDropTest" name="testDragAndDropToElement" time="0.191" />
  <testcase classname="org.openqa.selenium.interactions.DragAndDropTest" name="testDragAndDropElementWithOffsetInIframeAtBottom" time="0.001" />
  <testcase classname="org.openqa.selenium.interactions.DragAndDropTest" name="testDragAndDropRelative" time="0.0" />
  <testcase classname="org.openqa.selenium.interactions.DragAndDropTest" name="testElementInDiv" time="0.002" />
  <testcase classname="org.openqa.selenium.interactions.DragAndDropTest" name="testShouldAllowUsersToDragAndDropToElementsOffTheCurrentViewPort" time="0.321" />
  <testcase classname="org.openqa.selenium.interactions.DragAndDropTest" name="testDragAndDropToElementInIframe" time="2.093" />
  <testcase classname="org.openqa.selenium.interactions.DragAndDropTest" name="canDragAnElementNotVisibleInTheCurrentViewportDueToAParentOverflow" time="0.185" />
  <testcase classname="org.openqa.selenium.interactions.DragAndDropTest" name="testDragAndDropOnJQueryItems" time="0.792" />
  <testcase classname="org.openqa.selenium.interactions.IndividualKeyboardActionsTest" name="keyDownActionFailsOnNonModifier" time="0.013" />
  <testcase classname="org.openqa.selenium.interactions.IndividualKeyboardActionsTest" name="sendKeysActionWithoutProvidedElement" time="0.002" />
  <testcase classname="org.openqa.selenium.interactions.IndividualKeyboardActionsTest" name="sendKeysActionOnAnElement" time="0.004" />
  <testcase classname="org.openqa.selenium.interactions.IndividualKeyboardActionsTest" name="keyUpActionWithoutProvidedElement" time="0.001" />
  <testcase classname="org.openqa.selenium.interactions.IndividualKeyboardActionsTest" name="keyDownActionOnAnElement" time="0.002" />
  <testcase classname="org.openqa.selenium.interactions.IndividualKeyboardActionsTest" name="keyUpOnAnAnElement" time="0.002" />
  <testcase classname="org.openqa.selenium.interactions.IndividualKeyboardActionsTest" name="keyDownActionWithoutProvidedElement" time="0.002" />
  <testcase classname="org.openqa.selenium.interactions.IndividualKeyboardActionsTest" name="testAllModifierKeysRegardedAsSuch" time="0.001" />
  <testcase classname="org.openqa.selenium.interactions.IndividualMouseActionsTest" name="mouseDoubleClickAction" time="0.001" />
  <testcase classname="org.openqa.selenium.interactions.IndividualMouseActionsTest" name="mouseMoveActionToCoordinatesInElement" time="0.001" />
  <testcase classname="org.openqa.selenium.interactions.IndividualMouseActionsTest" name="mouseContextClickAction" time="0.002" />
  <testcase classname="org.openqa.selenium.interactions.IndividualMouseActionsTest" name="mouseClickActionOnCurrentLocation" time="0.001" />
  <testcase classname="org.openqa.selenium.interactions.IndividualMouseActionsTest" name="mouseClickAndHoldAction" time="0.001" />
  <testcase classname="org.openqa.selenium.interactions.IndividualMouseActionsTest" name="mouseClickAction" time="0.001" />
  <testcase classname="org.openqa.selenium.interactions.IndividualMouseActionsTest" name="mouseClickAndHoldActionOnCurrentLocation" time="0.001" />
  <testcase classname="org.openqa.selenium.interactions.IndividualMouseActionsTest" name="mouseReleaseAction" time="0.002" />
  <testcase classname="org.openqa.selenium.interactions.IndividualMouseActionsTest" name="mouseContextClickActionOnCurrentLocation" time="0.001" />
  <testcase classname="org.openqa.selenium.interactions.IndividualMouseActionsTest" name="mouseReleaseActionOnCurrentLocation" time="0.001" />
  <testcase classname="org.openqa.selenium.interactions.IndividualMouseActionsTest" name="mouseMoveAction" time="0.001" />
  <testcase classname="org.openqa.selenium.interactions.IndividualMouseActionsTest" name="mouseDoubleClickActionOnCurrentLocation" time="0.001" />
  <testcase classname="org.openqa.selenium.firefox.CapabilitiesToProfileTest" name="setsNativeEventsPrefOnProfile" time="0.001" />
  <testcase classname="org.openqa.selenium.firefox.internal.ExecutableTest" name="testEnvironmentDiscovery" time="0.0" />
  <testcase classname="org.openqa.selenium.firefox.FirefoxCapabilitiesTest" name="testEnableRotatableCapability" time="3.546" />
  <testcase classname="org.openqa.selenium.firefox.FirefoxCapabilitiesTest" name="requiredNativeEventCapabilityShouldHavePriority" time="0.016" />
  <testcase classname="org.openqa.selenium.firefox.FirefoxCapabilitiesTest" name="testDisableJavascriptCapability" time="1.746" />
  <testcase classname="org.openqa.selenium.firefox.FirefoxCapabilitiesTest" name="testDisableHandlesAlertsCapability" time="1.764" />
  <testcase classname="org.openqa.selenium.firefox.FirefoxCapabilitiesTest" name="enableNativeEventCapability" time="0.013" />
  <testcase classname="org.openqa.selenium.firefox.FirefoxCapabilitiesTest" name="disableNativeEventCapability" time="0.028" />
  <testcase classname="org.openqa.selenium.firefox.FirefoxCapabilitiesTest" name="testDisableScreenshotCapability" time="1.779" />
  <testcase classname="org.openqa.selenium.firefox.FirefoxCapabilitiesTest" name="testDisableCssSelectorCapability" time="1.783" />
  <testcase classname="org.openqa.selenium.firefox.FirefoxDriverTest" name="canStartFirefoxDriverWithSubclassOfFirefoxProfile" time="3.854" />
  <testcase classname="org.openqa.selenium.firefox.FirefoxDriverTest" name="shouldGetMeaningfulExceptionOnBrowserDeath" time="2.373" />
  <testcase classname="org.openqa.selenium.firefox.FirefoxDriverTest" name="constructorArgsAreNullable" time="1.754" />
  <testcase classname="org.openqa.selenium.firefox.FirefoxDriverTest" name="shouldBeAbleToStartANewInstanceEvenWithVerboseLogging" time="2.137" />
  <testcase classname="org.openqa.selenium.firefox.FirefoxDriverTest" name="canBlockInvalidSslCertificates" time="1.897" />
  <testcase classname="org.openqa.selenium.firefox.FirefoxDriverTest" name="canAccessUrlProtectedByBasicAuth" time="0.177" />
  <testcase classname="org.openqa.selenium.firefox.FirefoxDriverTest" name="searchingByCssDoesNotPolluteGlobalNamespaceWithSizzleLibrary" time="0.124" />
  <testcase classname="org.openqa.selenium.firefox.FirefoxDriverTest" name="closingWindowAndSwitchingToOriginalSwitchesFocus" time="1.83" />
  <testcase classname="org.openqa.selenium.firefox.FirefoxDriverTest" name="switchingWindowSwitchesFocus" time="1.8" />
  <testcase classname="org.openqa.selenium.firefox.FirefoxDriverTest" name="shouldBeAbleToStartMoreThanOneInstanceOfTheFirefoxDriverSimultaneously" time="3.674" />
  <testcase classname="org.openqa.selenium.firefox.FirefoxDriverTest" name="searchingByCssDoesNotOverwriteExistingSizzleDefinition" time="0.11" />
  <testcase classname="org.openqa.selenium.firefox.FirefoxDriverTest" name="multipleFirefoxDriversRunningConcurrently" time="10.926" />
  <testcase classname="org.openqa.selenium.firefox.FirefoxDriverTest" name="shouldContinueToWorkIfUnableToFindElementById" time="0.2" />
  <testcase classname="org.openqa.selenium.firefox.FirefoxDriverTest" name="aNewProfileShouldAllowSettingAdditionalParameters" time="1.905" />
  <testcase classname="org.openqa.selenium.firefox.FirefoxDriverTest" name="shouldWaitUntilBrowserHasClosedProperly" time="3.997" />
  <testcase classname="org.openqa.selenium.firefox.FirefoxDriverTest" name="shouldBeAbleToPassCommandLineOptions" time="3.5" />
  <testcase classname="org.openqa.selenium.firefox.FirefoxDriverTest" name="focusRemainsInOriginalWindowWhenOpeningNewWindow" time="1.876" />
  <testcase classname="org.openqa.selenium.firefox.FirefoxDriverTest" name="shouldBeAbleToUseTheSameProfileMoreThanOnce" time="5.55" />
  <testcase classname="org.openqa.selenium.firefox.FirefoxDriverTest" name="shouldBeAbleToStartFromProfileWithLogFileSet" time="1.749" />
  <testcase classname="org.openqa.selenium.firefox.FirefoxDriverTest" name="shouldAllowUserToSuccessfullyOverrideTheHomePage" time="1.874" />
  <testcase classname="org.openqa.selenium.firefox.FirefoxDriverTest" name="shouldAllowTwoInstancesOfFirefoxAtTheSameTimeInDifferentThreads" time="3.846" />
  <testcase classname="org.openqa.selenium.firefox.FirefoxDriverTest" name="shouldBeAbleToStartFromAUniqueProfile" time="1.737" />
  <testcase classname="org.openqa.selenium.firefox.FirefoxProfileTest" name="shouldSetBooleanPreferences" time="0.002" />
  <testcase classname="org.openqa.selenium.firefox.FirefoxProfileTest" name="shouldInstallExtensionFromZip" time="0.227" />
  <testcase classname="org.openqa.selenium.firefox.FirefoxProfileTest" name="userPrefsArePreservedWhenConvertingToAndFromJson" time="0.01" />
  <testcase classname="org.openqa.selenium.firefox.FirefoxProfileTest" name="shouldInstallExtensionUsingClasspath" time="0.238" />
  <testcase classname="org.openqa.selenium.firefox.FirefoxProfileTest" name="shouldConvertItselfIntoAMeaningfulRepresentation" time="0.003" />
  <testcase classname="org.openqa.selenium.firefox.FirefoxProfileTest" name="backslashedCharsArePreservedWhenConvertingToAndFromJson" time="0.012" />
  <testcase classname="org.openqa.selenium.firefox.FirefoxProfileTest" name="shouldSetIntegerPreferences" time="0.004" />
  <testcase classname="org.openqa.selenium.firefox.FirefoxProfileTest" name="shouldQuoteStringsWhenSettingStringProperties" time="0.002" />
  <testcase classname="org.openqa.selenium.firefox.FirefoxProfileTest" name="layoutOnDiskSetsUserPreferences" time="0.004" />
  <testcase classname="org.openqa.selenium.firefox.FirefoxProfileTest" name="shouldInstallExtensionFromDirectory" time="0.229" />
  <testcase classname="org.openqa.selenium.firefox.PreferencesTest" name="parsePreferences_string" time="0.001" />
  <testcase classname="org.openqa.selenium.firefox.PreferencesTest" name="canOverrideAFrozenPreferenceWithTheFrozenValue" time="0.0" />
  <testcase classname="org.openqa.selenium.firefox.PreferencesTest" name="stringifyVsStringFormat" time="0.001" />
  <testcase classname="org.openqa.selenium.firefox.PreferencesTest" name="parsePreferences_integer" time="0.0" />
  <testcase classname="org.openqa.selenium.firefox.PreferencesTest" name="stringFormatOfStringify" time="0.0" />
  <testcase classname="org.openqa.selenium.firefox.PreferencesTest" name="canOverrideMaxScriptRuntimeIfGreaterThanDefaultValueOrSetToInfinity" time="0.0" />
  <testcase classname="org.openqa.selenium.firefox.PreferencesTest" name="detectStringification" time="0.0" />
  <testcase classname="org.openqa.selenium.firefox.PreferencesTest" name="parsePreferences_multiline" time="0.001" />
  <testcase classname="org.openqa.selenium.firefox.PreferencesTest" name="parsePreferences_boolean" time="0.0" />
  <testcase classname="org.openqa.selenium.firefox.PreferencesTest" name="cannotOverrideAFozenPrefence" time="0.0" />
  <testcase classname="org.openqa.selenium.firefox.internal.SocketLockTest" name="wellKnownLockLocation" time="0.0" />
  <testcase classname="org.openqa.selenium.firefox.internal.SocketLockTest" name="attemptToReuseLocksFails" time="1.19" />
  <testcase classname="org.openqa.selenium.firefox.internal.SocketLockTest" name="serialLockOnSamePort" time="0.0" />
  <testcase classname="org.openqa.selenium.firefox.internal.StreamsTest" name="streamExtraction" time="0.001" />
  <testcase classname="org.openqa.selenium.firefox.internal.StreamsTest" name="nullStreamIsQuiet" time="0.001" />
  <system-out><![CDATA[]]></system-out>
  <system-err><![CDATA[三月 23, 2014 4:20:07 下午 org.openqa.selenium.testing.JUnit4TestBase$1 starting
信息: >>> Starting testShouldHandleAlertOnPageUnload(org.openqa.selenium.AlertsTest)
三月 23, 2014 4:20:08 下午 org.seleniumhq.jetty7.server.Server doStart
信息: jetty-7.x.y-SNAPSHOT
三月 23, 2014 4:20:08 下午 org.seleniumhq.jetty7.server.handler.ContextHandler startContext
信息: started o.s.j.s.ServletContextHandler{/common,file:/Users/lingzhixiang/codes/seleniumsource/selenium/common/src/web/}
三月 23, 2014 4:20:08 下午 org.seleniumhq.jetty7.server.handler.ContextHandler$Context log
信息: Aliases are enabled
三月 23, 2014 4:20:08 下午 org.seleniumhq.jetty7.server.handler.ContextHandler startContext
信息: started o.s.j.s.ServletContextHandler{/javascript,file:/Users/lingzhixiang/codes/seleniumsource/selenium/javascript/}
三月 23, 2014 4:20:08 下午 org.seleniumhq.jetty7.server.handler.ContextHandler$Context log
信息: Aliases are enabled
三月 23, 2014 4:20:08 下午 org.seleniumhq.jetty7.server.handler.ContextHandler startContext
信息: started o.s.j.s.ServletContextHandler{/third_party/closure/goog,file:/Users/lingzhixiang/codes/seleniumsource/selenium/third_party/closure/goog/}
三月 23, 2014 4:20:08 下午 org.seleniumhq.jetty7.server.handler.ContextHandler$Context log
信息: Aliases are enabled
三月 23, 2014 4:20:08 下午 org.seleniumhq.jetty7.server.handler.ContextHandler startContext
信息: started o.s.j.s.ServletContextHandler{/third_party/js,file:/Users/lingzhixiang/codes/seleniumsource/selenium/third_party/js/}
三月 23, 2014 4:20:08 下午 org.seleniumhq.jetty7.server.handler.ContextHandler$Context log
信息: Aliases are enabled
三月 23, 2014 4:20:08 下午 org.seleniumhq.jetty7.server.AbstractConnector doStart
信息: Started SelectChannelConnector@0.0.0.0:6461
三月 23, 2014 4:20:08 下午 org.seleniumhq.jetty7.util.ssl.SslContextFactory doStart
信息: Enabled Protocols [SSLv2Hello, SSLv3, TLSv1, TLSv1.1, TLSv1.2] of [SSLv2Hello, SSLv3, TLSv1, TLSv1.1, TLSv1.2]
三月 23, 2014 4:20:08 下午 org.seleniumhq.jetty7.server.AbstractConnector doStart
信息: Started SslSocketConnector@0.0.0.0:41157
三月 23, 2014 4:20:10 下午 org.openqa.selenium.remote.RemoteWebDriver log
信息: Executing: get [e5206d92-3cb3-f841-aaf9-53af0c286169, get {url=http://localhost:6461/common/alerts.html}]
三月 23, 2014 4:20:11 下午 org.openqa.selenium.remote.RemoteWebDriver log
信息: Executed: [e5206d92-3cb3-f841-aaf9-53af0c286169, get {url=http://localhost:6461/common/alerts.html}]
三月 23, 2014 4:20:11 下午 org.openqa.selenium.remote.RemoteWebDriver log
信息: Executing: executeScript [e5206d92-3cb3-f841-aaf9-53af0c286169, executeScript {script=return navigator.userAgent;, args=[]}]
三月 23, 2014 4:20:11 下午 org.openqa.selenium.remote.RemoteWebDriver log
信息: Executed: [e5206d92-3cb3-f841-aaf9-53af0c286169, executeScript {script=return navigator.userAgent;, args=[]}]
三月 23, 2014 4:20:11 下午 org.openqa.selenium.remote.RemoteWebDriver log
信息: Executing: executeScript [e5206d92-3cb3-f841-aaf9-53af0c286169, executeScript {script=return navigator.userAgent;, args=[]}]
三月 23, 2014 4:20:11 下午 org.openqa.selenium.remote.RemoteWebDriver log
信息: Executed: [e5206d92-3cb3-f841-aaf9-53af0c286169, executeScript {script=return navigator.userAgent;, args=[]}]
三月 23, 2014 4:20:11 下午 org.openqa.selenium.testing.JUnit4TestBase$1 finished
信息: <<< Finished testShouldHandleAlertOnPageUnload(org.openqa.selenium.AlertsTest)
三月 23, 2014 4:20:11 下午 org.openqa.selenium.testing.JUnit4TestBase$1 starting
信息: >>> Starting testShouldAllowUsersToAcceptAnAlertInANestedFrame(org.openqa.selenium.AlertsTest)
三月 23, 2014 4:20:11 下午 org.openqa.selenium.remote.RemoteWebDriver log
信息: Executing: get [e5206d92-3cb3-f841-aaf9-53af0c286169, get {url=http://localhost:6461/common/alerts.html}]
三月 23, 2014 4:20:11 下午 org.openqa.selenium.remote.RemoteWebDriver log
信息: Executed: [e5206d92-3cb3-f841-aaf9-53af0c286169, get {url=http://localhost:6461/common/alerts.html}]
三月 23, 2014 4:20:11 下午 org.openqa.selenium.remote.RemoteWebDriver log
信息: Executing: switchToFrame [e5206d92-3cb3-f841-aaf9-53af0c286169, switchToFrame {id=iframeWithIframe}]
三月 23, 2014 4:20:11 下午 org.openqa.selenium.remote.RemoteWebDriver log
信息: Executed: [e5206d92-3cb3-f841-aaf9-53af0c286169, switchToFrame {id=iframeWithIframe}]
三月 23, 2014 4:20:11 下午 org.openqa.selenium.remote.RemoteWebDriver log
信息: Executing: switchToFrame [e5206d92-3cb3-f841-aaf9-53af0c286169, switchToFrame {id=iframeWithAlert}]
三月 23, 2014 4:20:11 下午 org.openqa.selenium.remote.RemoteWebDriver log
信息: Executed: [e5206d92-3cb3-f841-aaf9-53af0c286169, switchToFrame {id=iframeWithAlert}]
三月 23, 2014 4:20:11 下午 org.openqa.selenium.remote.RemoteWebDriver log
信息: Executing: findElement [e5206d92-3cb3-f841-aaf9-53af0c286169, findElement {using=id, value=alertInFrame}]
三月 23, 2014 4:20:11 下午 org.openqa.selenium.remote.RemoteWebDriver log
信息: Executed: [e5206d92-3cb3-f841-aaf9-53af0c286169, findElement {using=id, value=alertInFrame}]
三月 23, 2014 4:20:11 下午 org.openqa.selenium.remote.RemoteWebDriver log
信息: Executing: clickElement [e5206d92-3cb3-f841-aaf9-53af0c286169, clickElement {id={8f50c8c9-adec-3242-8835-34f03472132d}}]
三月 23, 2014 4:20:11 下午 org.openqa.selenium.remote.RemoteWebDriver log
信息: Executed: [e5206d92-3cb3-f841-aaf9-53af0c286169, clickElement {id={8f50c8c9-adec-3242-8835-34f03472132d}}]
三月 23, 2014 4:20:11 下午 org.openqa.selenium.remote.RemoteWebDriver log
信息: Executing: getAlertText [e5206d92-3cb3-f841-aaf9-53af0c286169, getAlertText {}]
三月 23, 2014 4:20:11 下午 org.openqa.selenium.remote.RemoteWebDriver log
信息: Executed: [e5206d92-3cb3-f841-aaf9-53af0c286169, getAlertText {}]
三月 23, 2014 4:20:11 下午 org.openqa.selenium.remote.RemoteWebDriver log
信息: Executing: acceptAlert [e5206d92-3cb3-f841-aaf9-53af0c286169, acceptAlert {}]
三月 23, 2014 4:20:11 下午 org.openqa.selenium.remote.RemoteWebDriver log
信息: Executed: [e5206d92-3cb3-f841-aaf9-53af0c286169, acceptAlert {}]
三月 23, 2014 4:20:11 下午 org.openqa.selenium.remote.RemoteWebDriver log
信息: Executing: getTitle [e5206d92-3cb3-f841-aaf9-53af0c286169, getTitle {}]
三月 23, 2014 4:20:11 下午 org.openqa.selenium.remote.RemoteWebDriver log
信息: Executed: [e5206d92-3cb3-f841-aaf9-53af0c286169, getTitle {}]
三月 23, 2014 4:20:11 下午 org.openqa.selenium.testing.JUnit4TestBase$1 finished
信息: <<< Finished testShouldAllowUsersToAcceptAnAlertInANestedFrame(org.openqa.selenium.AlertsTest)
三月 23, 2014 4:20:11 下午 org.openqa.selenium.testing.JUnit4TestBase$1 starting
信息: >>> Starting testShouldAllowUsersToAcceptAnAlertInAFrame(org.openqa.selenium.AlertsTest)
三月 23, 2014 4:20:11 下午 org.openqa.selenium.remote.RemoteWebDriver log
信息: Executing: get [e5206d92-3cb3-f841-aaf9-53af0c286169, get {url=http://localhost:6461/common/alerts.html}]
三月 23, 2014 4:20:11 下午 org.openqa.selenium.remote.RemoteWebDriver log
信息: Executed: [e5206d92-3cb3-f841-aaf9-53af0c286169, get {url=http://localhost:6461/common/alerts.html}]
三月 23, 2014 4:20:11 下午 org.openqa.selenium.remote.RemoteWebDriver log
信息: Executing: switchToFrame [e5206d92-3cb3-f841-aaf9-53af0c286169, switchToFrame {id=iframeWithAlert}]
三月 23, 2014 4:20:11 下午 org.openqa.selenium.remote.RemoteWebDriver log
信息: Executed: [e5206d92-3cb3-f841-aaf9-53af0c286169, switchToFrame {id=iframeWithAlert}]
三月 23, 2014 4:20:11 下午 org.openqa.selenium.remote.RemoteWebDriver log
信息: Executing: findElement [e5206d92-3cb3-f841-aaf9-53af0c286169, findElement {using=id, value=alertInFrame}]
三月 23, 2014 4:20:11 下午 org.openqa.selenium.remote.RemoteWebDriver log
信息: Executed: [e5206d92-3cb3-f841-aaf9-53af0c286169, findElement {using=id, value=alertInFrame}]
三月 23, 2014 4:20:11 下午 org.openqa.selenium.remote.RemoteWebDriver log
信息: Executing: clickElement [e5206d92-3cb3-f841-aaf9-53af0c286169, clickElement {id={5db75790-5962-f04d-9200-9a70d16c6b6f}}]
三月 23, 2014 4:20:12 下午 org.openqa.selenium.remote.RemoteWebDriver log
信息: Executed: [e5206d92-3cb3-f841-aaf9-53af0c286169, clickElement {id={5db75790-5962-f04d-9200-9a70d16c6b6f}}]
三月 23, 2014 4:20:12 下午 org.openqa.selenium.remote.RemoteWebDriver log
信息: Executing: getAlertText [e5206d92-3cb3-f841-aaf9-53af0c286169, getAlertText {}]
三月 23, 2014 4:20:12 下午 org.openqa.selenium.remote.RemoteWebDriver log
信息: Executed: [e5206d92-3cb3-f841-aaf9-53af0c286169, getAlertText {}]
三月 23, 2014 4:20:12 下午 org.openqa.selenium.remote.RemoteWebDriver log
信息: Executing: acceptAlert [e5206d92-3cb3-f841-aaf9-53af0c286169, acceptAlert {}]
三月 23, 2014 4:20:12 下午 org.openqa.selenium.remote.RemoteWebDriver log
信息: Executed: [e5206d92-3cb3-f841-aaf9-53af0c286169, acceptAlert {}]
三月 23, 2014 4:20:12 下午 org.openqa.selenium.remote.RemoteWebDriver log
信息: Executing: getTitle [e5206d92-3cb3-f841-aaf9-53af0c286169, getTitle {}]
三月 23, 2014 4:20:12 下午 org.openqa.selenium.remote.RemoteWebDriver log
信息: Executed: [e5206d92-3cb3-f841-aaf9-53af0c286169, getTitle {}]
三月 23, 2014 4:20:12 下午 org.openqa.selenium.testing.JUnit4TestBase$1 finished
信息: <<< Finished testShouldAllowUsersToAcceptAnAlertInAFrame(org.openqa.selenium.AlertsTest)
三月 23, 2014 4:20:12 下午 org.openqa.selenium.testing.JUnit4TestBase$1 starting
信息: >>> Starting testShouldAllowTheUserToGetTheTextOfAnAlert(org.openqa.selenium.AlertsTest)
三月 23, 2014 4:20:12 下午 org.openqa.selenium.remote.RemoteWebDriver log
信息: Executing: get [e5206d92-3cb3-f841-aaf9-53af0c286169, get {url=http://localhost:6461/common/alerts.html}]
三月 23, 2014 4:20:12 下午 org.openqa.selenium.remote.RemoteWebDriver log
信息: Executed: [e5206d92-3cb3-f841-aaf9-53af0c286169, get {url=http://localhost:6461/common/alerts.html}]
三月 23, 2014 4:20:12 下午 org.openqa.selenium.remote.RemoteWebDriver log
信息: Executing: findElement [e5206d92-3cb3-f841-aaf9-53af0c286169, findElement {using=id, value=alert}]
三月 23, 2014 4:20:12 下午 org.openqa.selenium.remote.RemoteWebDriver log
信息: Executed: [e5206d92-3cb3-f841-aaf9-53af0c286169, findElement {using=id, value=alert}]
三月 23, 2014 4:20:12 下午 org.openqa.selenium.remote.RemoteWebDriver log
信息: Executing: clickElement [e5206d92-3cb3-f841-aaf9-53af0c286169, clickElement {id={017f4c3a-10c4-d440-9f14-18ab5d06f479}}]
三月 23, 2014 4:20:12 下午 org.openqa.selenium.remote.RemoteWebDriver log
信息: Executed: [e5206d92-3cb3-f841-aaf9-53af0c286169, clickElement {id={017f4c3a-10c4-d440-9f14-18ab5d06f479}}]
三月 23, 2014 4:20:12 下午 org.openqa.selenium.remote.RemoteWebDriver log
信息: Executing: getAlertText [e5206d92-3cb3-f841-aaf9-53af0c286169, getAlertText {}]
三月 23, 2014 4:20:12 下午 org.openqa.selenium.remote.RemoteWebDriver log
信息: Executed: [e5206d92-3cb3-f841-aaf9-53af0c286169, getAlertText {}]
三月 23, 2014 4:20:12 下午 org.openqa.selenium.remote.RemoteWebDriver log
信息: Executing: getAlertText [e5206d92-3cb3-f841-aaf9-53af0c286169, getAlertText {}]
三月 23, 2014 4:20:12 下午 org.openqa.selenium.remote.RemoteWebDriver log
信息: Executed: [e5206d92-3cb3-f841-aaf9-53af0c286169, getAlertText {}]
三月 23, 2014 4:20:12 下午 org.openqa.selenium.remote.RemoteWebDriver log
信息: Executing: acceptAlert [e5206d92-3cb3-f841-aaf9-53af0c286169, acceptAlert {}]
三月 23, 2014 4:20:13 下午 org.openqa.selenium.remote.RemoteWebDriver log
信息: Executed: [e5206d92-3cb3-f841-aaf9-53af0c286169, acceptAlert {}]
三月 23, 2014 4:20:13 下午 org.openqa.selenium.testing.JUnit4TestBase$1 finished
信息: <<< Finished testShouldAllowTheUserToGetTheTextOfAnAlert(org.openqa.selenium.AlertsTest)
三月 23, 2014 4:20:13 下午 org.openqa.selenium.testing.JUnit4TestBase$1 starting
信息: >>> Starting testShouldHandleAlertOnWindowClose(org.openqa.selenium.AlertsTest)
三月 23, 2014 4:20:13 下午 org.openqa.selenium.remote.RemoteWebDriver log
信息: Executing: get [e5206d92-3cb3-f841-aaf9-53af0c286169, get {url=http://localhost:6461/common/alerts.html}]
三月 23, 2014 4:20:13 下午 org.openqa.selenium.remote.RemoteWebDriver log
信息: Executed: [e5206d92-3cb3-f841-aaf9-53af0c286169, get {url=http://localhost:6461/common/alerts.html}]
三月 23, 2014 4:20:13 下午 org.openqa.selenium.remote.RemoteWebDriver log
信息: Executing: executeScript [e5206d92-3cb3-f841-aaf9-53af0c286169, executeScript {script=return navigator.userAgent;, args=[]}]
三月 23, 2014 4:20:13 下午 org.openqa.selenium.remote.RemoteWebDriver log
信息: Executed: [e5206d92-3cb3-f841-aaf9-53af0c286169, executeScript {script=return navigator.userAgent;, args=[]}]
三月 23, 2014 4:20:13 下午 org.openqa.selenium.remote.RemoteWebDriver log
信息: Executing: executeScript [e5206d92-3cb3-f841-aaf9-53af0c286169, executeScript {script=return navigator.userAgent;, args=[]}]
三月 23, 2014 4:20:13 下午 org.openqa.selenium.remote.RemoteWebDriver log
信息: Executed: [e5206d92-3cb3-f841-aaf9-53af0c286169, executeScript {script=return navigator.userAgent;, args=[]}]
三月 23, 2014 4:20:13 下午 org.openqa.selenium.remote.RemoteWebDriver log
信息: Executing: executeScript [e5206d92-3cb3-f841-aaf9-53af0c286169, executeScript {script=return navigator.userAgent;, args=[]}]
三月 23, 2014 4:20:13 下午 org.openqa.selenium.remote.RemoteWebDriver log
信息: Executed: [e5206d92-3cb3-f841-aaf9-53af0c286169, executeScript {script=return navigator.userAgent;, args=[]}]
三月 23, 2014 4:20:13 下午 org.openqa.selenium.testing.JUnit4TestBase$1 finished
信息: <<< Finished testShouldHandleAlertOnWindowClose(org.openqa.selenium.AlertsTest)
三月 23, 2014 4:20:13 下午 org.openqa.selenium.testing.JUnit4TestBase$1 starting
信息: >>> Starting testAlertShouldNotAllowAdditionalCommandsIfDismissed(org.openqa.selenium.AlertsTest)
三月 23, 2014 4:20:13 下午 org.openqa.selenium.remote.RemoteWebDriver log
信息: Executing: get [e5206d92-3cb3-f841-aaf9-53af0c286169, get {url=http://localhost:6461/common/alerts.html}]
三月 23, 2014 4:20:13 下午 org.openqa.selenium.remote.RemoteWebDriver log
信息: Executed: [e5206d92-3cb3-f841-aaf9-53af0c286169, get {url=http://localhost:6461/common/alerts.html}]
三月 23, 2014 4:20:13 下午 org.openqa.selenium.remote.RemoteWebDriver log
信息: Executing: findElement [e5206d92-3cb3-f841-aaf9-53af0c286169, findElement {using=id, value=alert}]
三月 23, 2014 4:20:13 下午 org.openqa.selenium.remote.RemoteWebDriver log
信息: Executed: [e5206d92-3cb3-f841-aaf9-53af0c286169, findElement {using=id, value=alert}]
三月 23, 2014 4:20:13 下午 org.openqa.selenium.remote.RemoteWebDriver log
信息: Executing: clickElement [e5206d92-3cb3-f841-aaf9-53af0c286169, clickElement {id={122d857d-b6e6-2144-8693-94dfc143a6ee}}]
三月 23, 2014 4:20:13 下午 org.openqa.selenium.remote.RemoteWebDriver log
信息: Executed: [e5206d92-3cb3-f841-aaf9-53af0c286169, clickElement {id={122d857d-b6e6-2144-8693-94dfc143a6ee}}]
三月 23, 2014 4:20:13 下午 org.openqa.selenium.remote.RemoteWebDriver log
信息: Executing: getAlertText [e5206d92-3cb3-f841-aaf9-53af0c286169, getAlertText {}]
三月 23, 2014 4:20:13 下午 org.openqa.selenium.remote.RemoteWebDriver log
信息: Executed: [e5206d92-3cb3-f841-aaf9-53af0c286169, getAlertText {}]
三月 23, 2014 4:20:13 下午 org.openqa.selenium.remote.RemoteWebDriver log
信息: Executing: dismissAlert [e5206d92-3cb3-f841-aaf9-53af0c286169, dismissAlert {}]
三月 23, 2014 4:20:13 下午 org.openqa.selenium.remote.RemoteWebDriver log
信息: Executed: [e5206d92-3cb3-f841-aaf9-53af0c286169, dismissAlert {}]
三月 23, 2014 4:20:13 下午 org.openqa.selenium.remote.RemoteWebDriver log
信息: Executing: getAlertText [e5206d92-3cb3-f841-aaf9-53af0c286169, getAlertText {}]
三月 23, 2014 4:20:16 下午 org.openqa.selenium.remote.RemoteWebDriver log
信息: Executed: [e5206d92-3cb3-f841-aaf9-53af0c286169, getAlertText {}]
三月 23, 2014 4:20:16 下午 org.openqa.selenium.testing.JUnit4TestBase$1 finished
信息: <<< Finished testAlertShouldNotAllowAdditionalCommandsIfDismissed(org.openqa.selenium.AlertsTest)
三月 23, 2014 4:20:16 下午 org.openqa.selenium.testing.JUnit4TestBase$1 starting
信息: >>> Starting testPromptShouldHaveNullValueIfDismissed(org.openqa.selenium.AlertsTest)
三月 23, 2014 4:20:16 下午 org.openqa.selenium.remote.RemoteWebDriver log
信息: Executing: get [e5206d92-3cb3-f841-aaf9-53af0c286169, get {url=http://localhost:6461/common/alerts.html}]
三月 23, 2014 4:20:16 下午 org.openqa.selenium.remote.RemoteWebDriver log
信息: Executed: [e5206d92-3cb3-f841-aaf9-53af0c286169, get {url=http://localhost:6461/common/alerts.html}]
三月 23, 2014 4:20:16 下午 org.openqa.selenium.remote.RemoteWebDriver log
信息: Executing: findElement [e5206d92-3cb3-f841-aaf9-53af0c286169, findElement {using=id, value=prompt-with-default}]
三月 23, 2014 4:20:16 下午 org.openqa.selenium.remote.RemoteWebDriver log
信息: Executed: [e5206d92-3cb3-f841-aaf9-53af0c286169, findElement {using=id, value=prompt-with-default}]
三月 23, 2014 4:20:16 下午 org.openqa.selenium.remote.RemoteWebDriver log
信息: Executing: clickElement [e5206d92-3cb3-f841-aaf9-53af0c286169, clickElement {id={20553453-13fd-e94d-80f0-ff64c3cf38e6}}]
三月 23, 2014 4:20:16 下午 org.openqa.selenium.remote.RemoteWebDriver log
信息: Executed: [e5206d92-3cb3-f841-aaf9-53af0c286169, clickElement {id={20553453-13fd-e94d-80f0-ff64c3cf38e6}}]
三月 23, 2014 4:20:16 下午 org.openqa.selenium.remote.RemoteWebDriver log
信息: Executing: getAlertText [e5206d92-3cb3-f841-aaf9-53af0c286169, getAlertText {}]
三月 23, 2014 4:20:16 下午 org.openqa.selenium.remote.RemoteWebDriver log
信息: Executed: [e5206d92-3cb3-f841-aaf9-53af0c286169, getAlertText {}]
三月 23, 2014 4:20:16 下午 org.openqa.selenium.remote.RemoteWebDriver log
信息: Executing: dismissAlert [e5206d92-3cb3-f841-aaf9-53af0c286169, dismissAlert {}]
三月 23, 2014 4:20:16 下午 org.openqa.selenium.remote.RemoteWebDriver log
信息: Executed: [e5206d92-3cb3-f841-aaf9-53af0c286169, dismissAlert {}]
三月 23, 2014 4:20:16 下午 org.openqa.selenium.remote.RemoteWebDriver log
信息: Executing: findElement [e5206d92-3cb3-f841-aaf9-53af0c286169, findElement {using=id, value=text}]
三月 23, 2014 4:20:16 下午 org.openqa.selenium.remote.RemoteWebDriver log
信息: Executed: [e5206d92-3cb3-f841-aaf9-53af0c286169, findElement {using=id, value=text}]
三月 23, 2014 4:20:16 下午 org.openqa.selenium.remote.RemoteWebDriver log
信息: Executing: getElementText [e5206d92-3cb3-f841-aaf9-53af0c286169, getElementText {id={cc13bec6-16e3-f143-a02a-f2ab5c47c9e6}}]
三月 23, 2014 4:20:16 下午 org.openqa.selenium.remote.RemoteWebDriver log
信息: Executed: [e5206d92-3cb3-f841-aaf9-53af0c286169, getElementText {id={cc13bec6-16e3-f143-a02a-f2ab5c47c9e6}}]
三月 23, 2014 4:20:16 下午 org.openqa.selenium.testing.JUnit4TestBase$1 finished
信息: <<< Finished testPromptShouldHaveNullValueIfDismissed(org.openqa.selenium.AlertsTest)
三月 23, 2014 4:20:16 下午 org.openqa.selenium.testing.JUnit4TestBase$1 starting
信息: >>> Starting testShouldHandleAlertOnPageBeforeUnloadAtQuit(org.openqa.selenium.AlertsTest)
三月 23, 2014 4:20:16 下午 org.openqa.selenium.remote.RemoteWebDriver log
信息: Executing: get [e5206d92-3cb3-f841-aaf9-53af0c286169, get {url=http://localhost:6461/common/alerts.html}]
三月 23, 2014 4:20:16 下午 org.openqa.selenium.remote.RemoteWebDriver log
信息: Executed: [e5206d92-3cb3-f841-aaf9-53af0c286169, get {url=http://localhost:6461/common/alerts.html}]
三月 23, 2014 4:20:16 下午 org.openqa.selenium.remote.RemoteWebDriver log
信息: Executing: get [e5206d92-3cb3-f841-aaf9-53af0c286169, get {url=http://localhost:6461/common/pageWithOnBeforeUnloadMessage.html}]
三月 23, 2014 4:20:16 下午 org.openqa.selenium.remote.RemoteWebDriver log
信息: Executed: [e5206d92-3cb3-f841-aaf9-53af0c286169, get {url=http://localhost:6461/common/pageWithOnBeforeUnloadMessage.html}]
三月 23, 2014 4:20:16 下午 org.openqa.selenium.remote.RemoteWebDriver log
信息: Executing: findElement [e5206d92-3cb3-f841-aaf9-53af0c286169, findElement {using=id, value=navigate}]
三月 23, 2014 4:20:16 下午 org.openqa.selenium.remote.RemoteWebDriver log
信息: Executed: [e5206d92-3cb3-f841-aaf9-53af0c286169, findElement {using=id, value=navigate}]
三月 23, 2014 4:20:16 下午 org.openqa.selenium.remote.RemoteWebDriver log
信息: Executing: clickElement [e5206d92-3cb3-f841-aaf9-53af0c286169, clickElement {id={4d3300bc-0a7c-ba40-a8f1-9ac6933b190a}}]
三月 23, 2014 4:20:17 下午 org.openqa.selenium.remote.RemoteWebDriver log
信息: Executed: [e5206d92-3cb3-f841-aaf9-53af0c286169, clickElement {id={4d3300bc-0a7c-ba40-a8f1-9ac6933b190a}}]
三月 23, 2014 4:20:17 下午 org.openqa.selenium.remote.RemoteWebDriver log
信息: Executing: getAlertText [e5206d92-3cb3-f841-aaf9-53af0c286169, getAlertText {}]
三月 23, 2014 4:20:17 下午 org.openqa.selenium.remote.RemoteWebDriver log
信息: Executed: [e5206d92-3cb3-f841-aaf9-53af0c286169, getAlertText {}]
三月 23, 2014 4:20:17 下午 org.openqa.selenium.remote.RemoteWebDriver log
信息: Executing: quit [e5206d92-3cb3-f841-aaf9-53af0c286169, quit {}]
三月 23, 2014 4:20:17 下午 org.openqa.selenium.remote.RemoteWebDriver log
信息: Executed: [e5206d92-3cb3-f841-aaf9-53af0c286169, quit {}]
三月 23, 2014 4:20:17 下午 org.openqa.selenium.testing.JUnit4TestBase$1 finished
信息: <<< Finished testShouldHandleAlertOnPageBeforeUnloadAtQuit(org.openqa.selenium.AlertsTest)
三月 23, 2014 4:20:17 下午 org.openqa.selenium.remote.RemoteWebDriver log
信息: Executing: quit [null, quit {}]
三月 23, 2014 4:20:17 下午 org.openqa.selenium.remote.RemoteWebDriver log
信息: Executed: [null, quit {}]
三月 23, 2014 4:20:17 下午 org.openqa.selenium.testing.JUnit4TestBase$1 starting
信息: >>> Starting testSwitchingToMissingAlertInAClosedWindowThrows(org.openqa.selenium.AlertsTest)
三月 23, 2014 4:20:18 下午 org.openqa.selenium.remote.RemoteWebDriver log
信息: Executing: get [08f3adb5-fd68-964d-bc0c-04793a638880, get {url=http://localhost:6461/common/alerts.html}]
三月 23, 2014 4:20:19 下午 org.openqa.selenium.remote.RemoteWebDriver log
信息: Executed: [08f3adb5-fd68-964d-bc0c-04793a638880, get {url=http://localhost:6461/common/alerts.html}]
三月 23, 2014 4:20:19 下午 org.openqa.selenium.remote.RemoteWebDriver log
信息: Executing: executeScript [08f3adb5-fd68-964d-bc0c-04793a638880, executeScript {script=return navigator.userAgent;, args=[]}]
三月 23, 2014 4:20:19 下午 org.openqa.selenium.remote.RemoteWebDriver log
信息: Executed: [08f3adb5-fd68-964d-bc0c-04793a638880, executeScript {script=return navigator.userAgent;, args=[]}]
三月 23, 2014 4:20:19 下午 org.openqa.selenium.remote.RemoteWebDriver log
信息: Executing: getCurrentWindowHandle [08f3adb5-fd68-964d-bc0c-04793a638880, getCurrentWindowHandle {}]
三月 23, 2014 4:20:19 下午 org.openqa.selenium.remote.RemoteWebDriver log
信息: Executed: [08f3adb5-fd68-964d-bc0c-04793a638880, getCurrentWindowHandle {}]
三月 23, 2014 4:20:19 下午 org.openqa.selenium.remote.RemoteWebDriver log
信息: Executing: findElement [08f3adb5-fd68-964d-bc0c-04793a638880, findElement {using=id, value=open-new-window}]
三月 23, 2014 4:20:19 下午 org.openqa.selenium.remote.RemoteWebDriver log
信息: Executed: [08f3adb5-fd68-964d-bc0c-04793a638880, findElement {using=id, value=open-new-window}]
三月 23, 2014 4:20:19 下午 org.openqa.selenium.remote.RemoteWebDriver log
信息: Executing: clickElement [08f3adb5-fd68-964d-bc0c-04793a638880, clickElement {id={357e2815-75c3-2b4f-ae6b-15cfdbc7961e}}]
三月 23, 2014 4:20:19 下午 org.openqa.selenium.remote.RemoteWebDriver log
信息: Executed: [08f3adb5-fd68-964d-bc0c-04793a638880, clickElement {id={357e2815-75c3-2b4f-ae6b-15cfdbc7961e}}]
三月 23, 2014 4:20:19 下午 org.openqa.selenium.remote.RemoteWebDriver log
信息: Executing: getWindowHandles [08f3adb5-fd68-964d-bc0c-04793a638880, getWindowHandles {}]
三月 23, 2014 4:20:19 下午 org.openqa.selenium.remote.RemoteWebDriver log
信息: Executed: [08f3adb5-fd68-964d-bc0c-04793a638880, getWindowHandles {}]
三月 23, 2014 4:20:19 下午 org.openqa.selenium.remote.RemoteWebDriver log
信息: Executing: switchToWindow [08f3adb5-fd68-964d-bc0c-04793a638880, switchToWindow {name=newwindow}]
三月 23, 2014 4:20:19 下午 org.openqa.selenium.remote.RemoteWebDriver log
信息: Executed: [08f3adb5-fd68-964d-bc0c-04793a638880, switchToWindow {name=newwindow}]
三月 23, 2014 4:20:19 下午 org.openqa.selenium.remote.RemoteWebDriver log
信息: Executing: close [08f3adb5-fd68-964d-bc0c-04793a638880, close {}]
三月 23, 2014 4:20:19 下午 org.openqa.selenium.remote.RemoteWebDriver log
信息: Executed: [08f3adb5-fd68-964d-bc0c-04793a638880, close {}]
三月 23, 2014 4:20:19 下午 org.openqa.selenium.remote.RemoteWebDriver log
信息: Executing: getAlertText [08f3adb5-fd68-964d-bc0c-04793a638880, getAlertText {}]
三月 23, 2014 4:20:19 下午 org.openqa.selenium.remote.RemoteWebDriver log
信息: Executed: [08f3adb5-fd68-964d-bc0c-04793a638880, getAlertText {}]
三月 23, 2014 4:20:19 下午 org.openqa.selenium.remote.RemoteWebDriver log
信息: Executing: switchToWindow [08f3adb5-fd68-964d-bc0c-04793a638880, switchToWindow {name={80f36486-87cc-7245-a11f-e9e92895458b}}]
三月 23, 2014 4:20:19 下午 org.openqa.selenium.remote.RemoteWebDriver log
信息: Executed: [08f3adb5-fd68-964d-bc0c-04793a638880, switchToWindow {name={80f36486-87cc-7245-a11f-e9e92895458b}}]
三月 23, 2014 4:20:19 下午 org.openqa.selenium.remote.RemoteWebDriver log
信息: Executing: findElement [08f3adb5-fd68-964d-bc0c-04793a638880, findElement {using=id, value=open-new-window}]
三月 23, 2014 4:20:19 下午 org.openqa.selenium.remote.RemoteWebDriver log
信息: Executed: [08f3adb5-fd68-964d-bc0c-04793a638880, findElement {using=id, value=open-new-window}]
三月 23, 2014 4:20:19 下午 org.openqa.selenium.remote.RemoteWebDriver log
信息: Executing: getElementText [08f3adb5-fd68-964d-bc0c-04793a638880, getElementText {id={357e2815-75c3-2b4f-ae6b-15cfdbc7961e}}]
三月 23, 2014 4:20:19 下午 org.openqa.selenium.remote.RemoteWebDriver log
信息: Executed: [08f3adb5-fd68-964d-bc0c-04793a638880, getElementText {id={357e2815-75c3-2b4f-ae6b-15cfdbc7961e}}]
三月 23, 2014 4:20:19 下午 org.openqa.selenium.testing.JUnit4TestBase$1 finished
信息: <<< Finished testSwitchingToMissingAlertInAClosedWindowThrows(org.openqa.selenium.AlertsTest)
三月 23, 2014 4:20:19 下午 org.openqa.selenium.testing.JUnit4TestBase$1 starting
信息: >>> Starting testShouldAllowAUserToAcceptAPrompt(org.openqa.selenium.AlertsTest)
三月 23, 2014 4:20:19 下午 org.openqa.selenium.remote.RemoteWebDriver log
信息: Executing: get [08f3adb5-fd68-964d-bc0c-04793a638880, get {url=http://localhost:6461/common/alerts.html}]
三月 23, 2014 4:20:19 下午 org.openqa.selenium.remote.RemoteWebDriver log
信息: Executed: [08f3adb5-fd68-964d-bc0c-04793a638880, get {url=http://localhost:6461/common/alerts.html}]
三月 23, 2014 4:20:19 下午 org.openqa.selenium.remote.RemoteWebDriver log
信息: Executing: findElement [08f3adb5-fd68-964d-bc0c-04793a638880, findElement {using=id, value=prompt}]
三月 23, 2014 4:20:19 下午 org.openqa.selenium.remote.RemoteWebDriver log
信息: Executed: [08f3adb5-fd68-964d-bc0c-04793a638880, findElement {using=id, value=prompt}]
三月 23, 2014 4:20:19 下午 org.openqa.selenium.remote.RemoteWebDriver log
信息: Executing: clickElement [08f3adb5-fd68-964d-bc0c-04793a638880, clickElement {id={f71ec9ee-cf95-684c-a816-ee0d59a2eec5}}]
三月 23, 2014 4:20:19 下午 org.openqa.selenium.remote.RemoteWebDriver log
信息: Executed: [08f3adb5-fd68-964d-bc0c-04793a638880, clickElement {id={f71ec9ee-cf95-684c-a816-ee0d59a2eec5}}]
三月 23, 2014 4:20:19 下午 org.openqa.selenium.remote.RemoteWebDriver log
信息: Executing: getAlertText [08f3adb5-fd68-964d-bc0c-04793a638880, getAlertText {}]
三月 23, 2014 4:20:20 下午 org.openqa.selenium.remote.RemoteWebDriver log
信息: Executed: [08f3adb5-fd68-964d-bc0c-04793a638880, getAlertText {}]
三月 23, 2014 4:20:20 下午 org.openqa.selenium.remote.RemoteWebDriver log
信息: Executing: acceptAlert [08f3adb5-fd68-964d-bc0c-04793a638880, acceptAlert {}]
三月 23, 2014 4:20:20 下午 org.openqa.selenium.remote.RemoteWebDriver log
信息: Executed: [08f3adb5-fd68-964d-bc0c-04793a638880, acceptAlert {}]
三月 23, 2014 4:20:20 下午 org.openqa.selenium.remote.RemoteWebDriver log
信息: Executing: getTitle [08f3adb5-fd68-964d-bc0c-04793a638880, getTitle {}]
三月 23, 2014 4:20:20 下午 org.openqa.selenium.remote.RemoteWebDriver log
信息: Executed: [08f3adb5-fd68-964d-bc0c-04793a638880, getTitle {}]
三月 23, 2014 4:20:20 下午 org.openqa.selenium.testing.JUnit4TestBase$1 finished
信息: <<< Finished testShouldAllowAUserToAcceptAPrompt(org.openqa.selenium.AlertsTest)
三月 23, 2014 4:20:20 下午 org.openqa.selenium.testing.JUnit4TestBase$1 starting
信息: >>> Starting testShouldAllowUsersToAcceptAnAlertManually(org.openqa.selenium.AlertsTest)
三月 23, 2014 4:20:20 下午 org.openqa.selenium.remote.RemoteWebDriver log
信息: Executing: get [08f3adb5-fd68-964d-bc0c-04793a638880, get {url=http://localhost:6461/common/alerts.html}]
三月 23, 2014 4:20:20 下午 org.openqa.selenium.remote.RemoteWebDriver log
信息: Executed: [08f3adb5-fd68-964d-bc0c-04793a638880, get {url=http://localhost:6461/common/alerts.html}]
三月 23, 2014 4:20:20 下午 org.openqa.selenium.remote.RemoteWebDriver log
信息: Executing: findElement [08f3adb5-fd68-964d-bc0c-04793a638880, findElement {using=id, value=alert}]
三月 23, 2014 4:20:20 下午 org.openqa.selenium.remote.RemoteWebDriver log
信息: Executed: [08f3adb5-fd68-964d-bc0c-04793a638880, findElement {using=id, value=alert}]
三月 23, 2014 4:20:20 下午 org.openqa.selenium.remote.RemoteWebDriver log
信息: Executing: clickElement [08f3adb5-fd68-964d-bc0c-04793a638880, clickElement {id={d057903f-710e-d84a-8fe4-531604992e81}}]
三月 23, 2014 4:20:20 下午 org.openqa.selenium.remote.RemoteWebDriver log
信息: Executed: [08f3adb5-fd68-964d-bc0c-04793a638880, clickElement {id={d057903f-710e-d84a-8fe4-531604992e81}}]
三月 23, 2014 4:20:20 下午 org.openqa.selenium.remote.RemoteWebDriver log
信息: Executing: getAlertText [08f3adb5-fd68-964d-bc0c-04793a638880, getAlertText {}]
三月 23, 2014 4:20:20 下午 org.openqa.selenium.remote.RemoteWebDriver log
信息: Executed: [08f3adb5-fd68-964d-bc0c-04793a638880, getAlertText {}]
三月 23, 2014 4:20:20 下午 org.openqa.selenium.remote.RemoteWebDriver log
信息: Executing: acceptAlert [08f3adb5-fd68-964d-bc0c-04793a638880, acceptAlert {}]
三月 23, 2014 4:20:21 下午 org.openqa.selenium.remote.RemoteWebDriver log
信息: Executed: [08f3adb5-fd68-964d-bc0c-04793a638880, acceptAlert {}]
三月 23, 2014 4:20:21 下午 org.openqa.selenium.remote.RemoteWebDriver log
信息: Executing: getTitle [08f3adb5-fd68-964d-bc0c-04793a638880, getTitle {}]
三月 23, 2014 4:20:21 下午 org.openqa.selenium.remote.RemoteWebDriver log
信息: Executed: [08f3adb5-fd68-964d-bc0c-04793a638880, getTitle {}]
三月 23, 2014 4:20:21 下午 org.openqa.selenium.testing.JUnit4TestBase$1 finished
信息: <<< Finished testShouldAllowUsersToAcceptAnAlertManually(org.openqa.selenium.AlertsTest)
三月 23, 2014 4:20:21 下午 org.openqa.selenium.testing.JUnit4TestBase$1 starting
信息: >>> Starting testPromptShouldUseDefaultValueIfNoKeysSent(org.openqa.selenium.AlertsTest)
三月 23, 2014 4:20:21 下午 org.openqa.selenium.remote.RemoteWebDriver log
信息: Executing: get [08f3adb5-fd68-964d-bc0c-04793a638880, get {url=http://localhost:6461/common/alerts.html}]
三月 23, 2014 4:20:21 下午 org.openqa.selenium.remote.RemoteWebDriver log
信息: Executed: [08f3adb5-fd68-964d-bc0c-04793a638880, get {url=http://localhost:6461/common/alerts.html}]
三月 23, 2014 4:20:21 下午 org.openqa.selenium.remote.RemoteWebDriver log
信息: Executing: findElement [08f3adb5-fd68-964d-bc0c-04793a638880, findElement {using=id, value=prompt-with-default}]
三月 23, 2014 4:20:21 下午 org.openqa.selenium.remote.RemoteWebDriver log
信息: Executed: [08f3adb5-fd68-964d-bc0c-04793a638880, findElement {using=id, value=prompt-with-default}]
三月 23, 2014 4:20:21 下午 org.openqa.selenium.remote.RemoteWebDriver log
信息: Executing: clickElement [08f3adb5-fd68-964d-bc0c-04793a638880, clickElement {id={4290f4f9-e143-2f42-ac7f-137fe3253099}}]
三月 23, 2014 4:20:21 下午 org.openqa.selenium.remote.RemoteWebDriver log
信息: Executed: [08f3adb5-fd68-964d-bc0c-04793a638880, clickElement {id={4290f4f9-e143-2f42-ac7f-137fe3253099}}]
三月 23, 2014 4:20:21 下午 org.openqa.selenium.remote.RemoteWebDriver log
信息: Executing: getAlertText [08f3adb5-fd68-964d-bc0c-04793a638880, getAlertText {}]
三月 23, 2014 4:20:21 下午 org.openqa.selenium.remote.RemoteWebDriver log
信息: Executed: [08f3adb5-fd68-964d-bc0c-04793a638880, getAlertText {}]
三月 23, 2014 4:20:21 下午 org.openqa.selenium.remote.RemoteWebDriver log
信息: Executing: acceptAlert [08f3adb5-fd68-964d-bc0c-04793a638880, acceptAlert {}]
三月 23, 2014 4:20:21 下午 org.openqa.selenium.remote.RemoteWebDriver log
信息: Executed: [08f3adb5-fd68-964d-bc0c-04793a638880, acceptAlert {}]
三月 23, 2014 4:20:21 下午 org.openqa.selenium.remote.RemoteWebDriver log
信息: Executing: findElement [08f3adb5-fd68-964d-bc0c-04793a638880, findElement {using=id, value=text}]
三月 23, 2014 4:20:21 下午 org.openqa.selenium.remote.RemoteWebDriver log
信息: Executed: [08f3adb5-fd68-964d-bc0c-04793a638880, findElement {using=id, value=text}]
三月 23, 2014 4:20:21 下午 org.openqa.selenium.remote.RemoteWebDriver log
信息: Executing: getElementText [08f3adb5-fd68-964d-bc0c-04793a638880, getElementText {id={30044da5-4aa9-bd46-810d-9fdd726cf8b3}}]
三月 23, 2014 4:20:21 下午 org.openqa.selenium.remote.RemoteWebDriver log
信息: Executed: [08f3adb5-fd68-964d-bc0c-04793a638880, getElementText {id={30044da5-4aa9-bd46-810d-9fdd726cf8b3}}]
三月 23, 2014 4:20:21 下午 org.openqa.selenium.testing.JUnit4TestBase$1 finished
信息: <<< Finished testPromptShouldUseDefaultValueIfNoKeysSent(org.openqa.selenium.AlertsTest)
三月 23, 2014 4:20:21 下午 org.openqa.selenium.testing.JUnit4TestBase$1 starting
信息: >>> Starting testSettingTheValueOfAnAlertThrows(org.openqa.selenium.AlertsTest)
三月 23, 2014 4:20:21 下午 org.openqa.selenium.remote.RemoteWebDriver log
信息: Executing: get [08f3adb5-fd68-964d-bc0c-04793a638880, get {url=http://localhost:6461/common/alerts.html}]
三月 23, 2014 4:20:21 下午 org.openqa.selenium.remote.RemoteWebDriver log
信息: Executed: [08f3adb5-fd68-964d-bc0c-04793a638880, get {url=http://localhost:6461/common/alerts.html}]
三月 23, 2014 4:20:21 下午 org.openqa.selenium.remote.RemoteWebDriver log
信息: Executing: findElement [08f3adb5-fd68-964d-bc0c-04793a638880, findElement {using=id, value=alert}]
三月 23, 2014 4:20:21 下午 org.openqa.selenium.remote.RemoteWebDriver log
信息: Executed: [08f3adb5-fd68-964d-bc0c-04793a638880, findElement {using=id, value=alert}]
三月 23, 2014 4:20:21 下午 org.openqa.selenium.remote.RemoteWebDriver log
信息: Executing: clickElement [08f3adb5-fd68-964d-bc0c-04793a638880, clickElement {id={c672e866-37ce-0948-bb40-632b23d15001}}]
三月 23, 2014 4:20:22 下午 org.openqa.selenium.remote.RemoteWebDriver log
信息: Executed: [08f3adb5-fd68-964d-bc0c-04793a638880, clickElement {id={c672e866-37ce-0948-bb40-632b23d15001}}]
三月 23, 2014 4:20:22 下午 org.openqa.selenium.remote.RemoteWebDriver log
信息: Executing: getAlertText [08f3adb5-fd68-964d-bc0c-04793a638880, getAlertText {}]
三月 23, 2014 4:20:22 下午 org.openqa.selenium.remote.RemoteWebDriver log
信息: Executed: [08f3adb5-fd68-964d-bc0c-04793a638880, getAlertText {}]
三月 23, 2014 4:20:22 下午 org.openqa.selenium.remote.RemoteWebDriver log
信息: Executing: setAlertValue [08f3adb5-fd68-964d-bc0c-04793a638880, setAlertValue {text=cheese}]
三月 23, 2014 4:20:22 下午 org.openqa.selenium.remote.RemoteWebDriver log
信息: Executed: [08f3adb5-fd68-964d-bc0c-04793a638880, setAlertValue {text=cheese}]
三月 23, 2014 4:20:22 下午 org.openqa.selenium.remote.RemoteWebDriver log
信息: Executing: acceptAlert [08f3adb5-fd68-964d-bc0c-04793a638880, acceptAlert {}]
三月 23, 2014 4:20:22 下午 org.openqa.selenium.remote.RemoteWebDriver log
信息: Executed: [08f3adb5-fd68-964d-bc0c-04793a638880, acceptAlert {}]
三月 23, 2014 4:20:22 下午 org.openqa.selenium.testing.JUnit4TestBase$1 finished
信息: <<< Finished testSettingTheValueOfAnAlertThrows(org.openqa.selenium.AlertsTest)
三月 23, 2014 4:20:22 下午 org.openqa.selenium.testing.JUnit4TestBase$1 starting
信息: >>> Starting testShouldAllowAUserToDismissAPrompt(org.openqa.selenium.AlertsTest)
三月 23, 2014 4:20:22 下午 org.openqa.selenium.remote.RemoteWebDriver log
信息: Executing: get [08f3adb5-fd68-964d-bc0c-04793a638880, get {url=http://localhost:6461/common/alerts.html}]
三月 23, 2014 4:20:22 下午 org.openqa.selenium.remote.RemoteWebDriver log
信息: Executed: [08f3adb5-fd68-964d-bc0c-04793a638880, get {url=http://localhost:6461/common/alerts.html}]
三月 23, 2014 4:20:22 下午 org.openqa.selenium.remote.RemoteWebDriver log
信息: Executing: findElement [08f3adb5-fd68-964d-bc0c-04793a638880, findElement {using=id, value=prompt}]
三月 23, 2014 4:20:22 下午 org.openqa.selenium.remote.RemoteWebDriver log
信息: Executed: [08f3adb5-fd68-964d-bc0c-04793a638880, findElement {using=id, value=prompt}]
三月 23, 2014 4:20:22 下午 org.openqa.selenium.remote.RemoteWebDriver log
信息: Executing: clickElement [08f3adb5-fd68-964d-bc0c-04793a638880, clickElement {id={660326e9-9155-0841-8154-b86d3301a0bd}}]
三月 23, 2014 4:20:22 下午 org.openqa.selenium.remote.RemoteWebDriver log
信息: Executed: [08f3adb5-fd68-964d-bc0c-04793a638880, clickElement {id={660326e9-9155-0841-8154-b86d3301a0bd}}]
三月 23, 2014 4:20:22 下午 org.openqa.selenium.remote.RemoteWebDriver log
信息: Executing: getAlertText [08f3adb5-fd68-964d-bc0c-04793a638880, getAlertText {}]
三月 23, 2014 4:20:22 下午 org.openqa.selenium.remote.RemoteWebDriver log
信息: Executed: [08f3adb5-fd68-964d-bc0c-04793a638880, getAlertText {}]
三月 23, 2014 4:20:22 下午 org.openqa.selenium.remote.RemoteWebDriver log
信息: Executing: dismissAlert [08f3adb5-fd68-964d-bc0c-04793a638880, dismissAlert {}]
三月 23, 2014 4:20:23 下午 org.openqa.selenium.remote.RemoteWebDriver log
信息: Executed: [08f3adb5-fd68-964d-bc0c-04793a638880, dismissAlert {}]
三月 23, 2014 4:20:23 下午 org.openqa.selenium.remote.RemoteWebDriver log
信息: Executing: getTitle [08f3adb5-fd68-964d-bc0c-04793a638880, getTitle {}]
三月 23, 2014 4:20:23 下午 org.openqa.selenium.remote.RemoteWebDriver log
信息: Executed: [08f3adb5-fd68-964d-bc0c-04793a638880, getTitle {}]
三月 23, 2014 4:20:23 下午 org.openqa.selenium.testing.JUnit4TestBase$1 finished
信息: <<< Finished testShouldAllowAUserToDismissAPrompt(org.openqa.selenium.AlertsTest)
三月 23, 2014 4:20:23 下午 org.openqa.selenium.testing.JUnit4TestBase$1 starting
信息: >>> Starting testShouldAllowUsersToAcceptAnAlertWithNoTextManually(org.openqa.selenium.AlertsTest)
三月 23, 2014 4:20:23 下午 org.openqa.selenium.remote.RemoteWebDriver log
信息: Executing: get [08f3adb5-fd68-964d-bc0c-04793a638880, get {url=http://localhost:6461/common/alerts.html}]
三月 23, 2014 4:20:23 下午 org.openqa.selenium.remote.RemoteWebDriver log
信息: Executed: [08f3adb5-fd68-964d-bc0c-04793a638880, get {url=http://localhost:6461/common/alerts.html}]
三月 23, 2014 4:20:23 下午 org.openqa.selenium.remote.RemoteWebDriver log
信息: Executing: findElement [08f3adb5-fd68-964d-bc0c-04793a638880, findElement {using=id, value=empty-alert}]
三月 23, 2014 4:20:23 下午 org.openqa.selenium.remote.RemoteWebDriver log
信息: Executed: [08f3adb5-fd68-964d-bc0c-04793a638880, findElement {using=id, value=empty-alert}]
三月 23, 2014 4:20:23 下午 org.openqa.selenium.remote.RemoteWebDriver log
信息: Executing: clickElement [08f3adb5-fd68-964d-bc0c-04793a638880, clickElement {id={46bfb926-f8e5-6f44-834b-589017f92558}}]
三月 23, 2014 4:20:23 下午 org.openqa.selenium.remote.RemoteWebDriver log
信息: Executed: [08f3adb5-fd68-964d-bc0c-04793a638880, clickElement {id={46bfb926-f8e5-6f44-834b-589017f92558}}]
三月 23, 2014 4:20:23 下午 org.openqa.selenium.remote.RemoteWebDriver log
信息: Executing: getAlertText [08f3adb5-fd68-964d-bc0c-04793a638880, getAlertText {}]
三月 23, 2014 4:20:23 下午 org.openqa.selenium.remote.RemoteWebDriver log
信息: Executed: [08f3adb5-fd68-964d-bc0c-04793a638880, getAlertText {}]
三月 23, 2014 4:20:23 下午 org.openqa.selenium.remote.RemoteWebDriver log
信息: Executing: acceptAlert [08f3adb5-fd68-964d-bc0c-04793a638880, acceptAlert {}]
三月 23, 2014 4:20:23 下午 org.openqa.selenium.remote.RemoteWebDriver log
信息: Executed: [08f3adb5-fd68-964d-bc0c-04793a638880, acceptAlert {}]
三月 23, 2014 4:20:23 下午 org.openqa.selenium.remote.RemoteWebDriver log
信息: Executing: getTitle [08f3adb5-fd68-964d-bc0c-04793a638880, getTitle {}]
三月 23, 2014 4:20:23 下午 org.openqa.selenium.remote.RemoteWebDriver log
信息: Executed: [08f3adb5-fd68-964d-bc0c-04793a638880, getTitle {}]
三月 23, 2014 4:20:23 下午 org.openqa.selenium.testing.JUnit4TestBase$1 finished
信息: <<< Finished testShouldAllowUsersToAcceptAnAlertWithNoTextManually(org.openqa.selenium.AlertsTest)
三月 23, 2014 4:20:23 下午 org.openqa.selenium.testing.JUnit4TestBase$1 starting
信息: >>> Starting testShouldBeAbleToOverrideTheWindowAlertMethod(org.openqa.selenium.AlertsTest)
三月 23, 2014 4:20:23 下午 org.openqa.selenium.remote.RemoteWebDriver log
信息: Executing: get [08f3adb5-fd68-964d-bc0c-04793a638880, get {url=http://localhost:6461/common/alerts.html}]
三月 23, 2014 4:20:23 下午 org.openqa.selenium.remote.RemoteWebDriver log
信息: Executed: [08f3adb5-fd68-964d-bc0c-04793a638880, get {url=http://localhost:6461/common/alerts.html}]
三月 23, 2014 4:20:23 下午 org.openqa.selenium.remote.RemoteWebDriver log
信息: Executing: executeScript [08f3adb5-fd68-964d-bc0c-04793a638880, executeScript {script=window.alert = function(msg) { document.getElementById('text').innerHTML = msg; }, args=[]}]
三月 23, 2014 4:20:23 下午 org.openqa.selenium.remote.RemoteWebDriver log
信息: Executed: [08f3adb5-fd68-964d-bc0c-04793a638880, executeScript {script=window.alert = function(msg) { document.getElementById('text').innerHTML = msg; }, args=[]}]
三月 23, 2014 4:20:23 下午 org.openqa.selenium.remote.RemoteWebDriver log
信息: Executing: findElement [08f3adb5-fd68-964d-bc0c-04793a638880, findElement {using=id, value=alert}]
三月 23, 2014 4:20:23 下午 org.openqa.selenium.remote.RemoteWebDriver log
信息: Executed: [08f3adb5-fd68-964d-bc0c-04793a638880, findElement {using=id, value=alert}]
三月 23, 2014 4:20:23 下午 org.openqa.selenium.remote.RemoteWebDriver log
信息: Executing: clickElement [08f3adb5-fd68-964d-bc0c-04793a638880, clickElement {id={f13a8695-be73-d146-8b02-553369957413}}]
三月 23, 2014 4:20:23 下午 org.openqa.selenium.remote.RemoteWebDriver log
信息: Executed: [08f3adb5-fd68-964d-bc0c-04793a638880, clickElement {id={f13a8695-be73-d146-8b02-553369957413}}]
三月 23, 2014 4:20:23 下午 org.openqa.selenium.testing.JUnit4TestBase$1 finished
信息: <<< Finished testShouldBeAbleToOverrideTheWindowAlertMethod(org.openqa.selenium.AlertsTest)
三月 23, 2014 4:20:23 下午 org.openqa.selenium.testing.JUnit4TestBase$1 starting
信息: >>> Starting testShouldHandleAlertOnPageLoad(org.openqa.selenium.AlertsTest)
三月 23, 2014 4:20:23 下午 org.openqa.selenium.remote.RemoteWebDriver log
信息: Executing: get [08f3adb5-fd68-964d-bc0c-04793a638880, get {url=http://localhost:6461/common/alerts.html}]
三月 23, 2014 4:20:23 下午 org.openqa.selenium.remote.RemoteWebDriver log
信息: Executed: [08f3adb5-fd68-964d-bc0c-04793a638880, get {url=http://localhost:6461/common/alerts.html}]
三月 23, 2014 4:20:23 下午 org.openqa.selenium.remote.RemoteWebDriver log
信息: Executing: findElement [08f3adb5-fd68-964d-bc0c-04793a638880, findElement {using=id, value=open-page-with-onload-alert}]
三月 23, 2014 4:20:23 下午 org.openqa.selenium.remote.RemoteWebDriver log
信息: Executed: [08f3adb5-fd68-964d-bc0c-04793a638880, findElement {using=id, value=open-page-with-onload-alert}]
三月 23, 2014 4:20:23 下午 org.openqa.selenium.remote.RemoteWebDriver log
信息: Executing: clickElement [08f3adb5-fd68-964d-bc0c-04793a638880, clickElement {id={daa49f55-893d-b141-b612-3f67aaa124d1}}]
三月 23, 2014 4:20:24 下午 org.openqa.selenium.remote.RemoteWebDriver log
信息: Executed: [08f3adb5-fd68-964d-bc0c-04793a638880, clickElement {id={daa49f55-893d-b141-b612-3f67aaa124d1}}]
三月 23, 2014 4:20:24 下午 org.openqa.selenium.remote.RemoteWebDriver log
信息: Executing: getAlertText [08f3adb5-fd68-964d-bc0c-04793a638880, getAlertText {}]
三月 23, 2014 4:20:24 下午 org.openqa.selenium.remote.RemoteWebDriver log
信息: Executed: [08f3adb5-fd68-964d-bc0c-04793a638880, getAlertText {}]
三月 23, 2014 4:20:24 下午 org.openqa.selenium.remote.RemoteWebDriver log
信息: Executing: getAlertText [08f3adb5-fd68-964d-bc0c-04793a638880, getAlertText {}]
三月 23, 2014 4:20:24 下午 org.openqa.selenium.remote.RemoteWebDriver log
信息: Executed: [08f3adb5-fd68-964d-bc0c-04793a638880, getAlertText {}]
三月 23, 2014 4:20:24 下午 org.openqa.selenium.remote.RemoteWebDriver log
信息: Executing: acceptAlert [08f3adb5-fd68-964d-bc0c-04793a638880, acceptAlert {}]
三月 23, 2014 4:20:24 下午 org.openqa.selenium.remote.RemoteWebDriver log
信息: Executed: [08f3adb5-fd68-964d-bc0c-04793a638880, acceptAlert {}]
三月 23, 2014 4:20:24 下午 org.openqa.selenium.remote.RemoteWebDriver log
信息: Executing: findElement [08f3adb5-fd68-964d-bc0c-04793a638880, findElement {using=tag name, value=p}]
三月 23, 2014 4:20:24 下午 org.openqa.selenium.remote.RemoteWebDriver log
信息: Executed: [08f3adb5-fd68-964d-bc0c-04793a638880, findElement {using=tag name, value=p}]
三月 23, 2014 4:20:24 下午 org.openqa.selenium.remote.RemoteWebDriver log
信息: Executing: getElementText [08f3adb5-fd68-964d-bc0c-04793a638880, getElementText {id={71f04bb6-1709-374c-8b7e-8813afd61a68}}]
三月 23, 2014 4:20:24 下午 org.openqa.selenium.remote.RemoteWebDriver log
信息: Executed: [08f3adb5-fd68-964d-bc0c-04793a638880, getElementText {id={71f04bb6-1709-374c-8b7e-8813afd61a68}}]
三月 23, 2014 4:20:24 下午 org.openqa.selenium.testing.JUnit4TestBase$1 finished
信息: <<< Finished testShouldHandleAlertOnPageLoad(org.openqa.selenium.AlertsTest)
三月 23, 2014 4:20:24 下午 org.openqa.selenium.testing.JUnit4TestBase$1 starting
信息: >>> Starting testShouldAllowAUserToSetTheValueOfAPrompt(org.openqa.selenium.AlertsTest)
三月 23, 2014 4:20:24 下午 org.openqa.selenium.remote.RemoteWebDriver log
信息: Executing: get [08f3adb5-fd68-964d-bc0c-04793a638880, get {url=http://localhost:6461/common/alerts.html}]
三月 23, 2014 4:20:24 下午 org.openqa.selenium.remote.RemoteWebDriver log
信息: Executed: [08f3adb5-fd68-964d-bc0c-04793a638880, get {url=http://localhost:6461/common/alerts.html}]
三月 23, 2014 4:20:24 下午 org.openqa.selenium.remote.RemoteWebDriver log
信息: Executing: findElement [08f3adb5-fd68-964d-bc0c-04793a638880, findElement {using=id, value=prompt}]
三月 23, 2014 4:20:24 下午 org.openqa.selenium.remote.RemoteWebDriver log
信息: Executed: [08f3adb5-fd68-964d-bc0c-04793a638880, findElement {using=id, value=prompt}]
三月 23, 2014 4:20:24 下午 org.openqa.selenium.remote.RemoteWebDriver log
信息: Executing: clickElement [08f3adb5-fd68-964d-bc0c-04793a638880, clickElement {id={3d675e0a-6356-004e-a601-41e520bda8ff}}]
三月 23, 2014 4:20:25 下午 org.openqa.selenium.remote.RemoteWebDriver log
信息: Executed: [08f3adb5-fd68-964d-bc0c-04793a638880, clickElement {id={3d675e0a-6356-004e-a601-41e520bda8ff}}]
三月 23, 2014 4:20:25 下午 org.openqa.selenium.remote.RemoteWebDriver log
信息: Executing: getAlertText [08f3adb5-fd68-964d-bc0c-04793a638880, getAlertText {}]
三月 23, 2014 4:20:25 下午 org.openqa.selenium.remote.RemoteWebDriver log
信息: Executed: [08f3adb5-fd68-964d-bc0c-04793a638880, getAlertText {}]
三月 23, 2014 4:20:25 下午 org.openqa.selenium.remote.RemoteWebDriver log
信息: Executing: setAlertValue [08f3adb5-fd68-964d-bc0c-04793a638880, setAlertValue {text=cheese}]
三月 23, 2014 4:20:25 下午 org.openqa.selenium.remote.RemoteWebDriver log
信息: Executed: [08f3adb5-fd68-964d-bc0c-04793a638880, setAlertValue {text=cheese}]
三月 23, 2014 4:20:25 下午 org.openqa.selenium.remote.RemoteWebDriver log
信息: Executing: acceptAlert [08f3adb5-fd68-964d-bc0c-04793a638880, acceptAlert {}]
三月 23, 2014 4:20:25 下午 org.openqa.selenium.remote.RemoteWebDriver log
信息: Executed: [08f3adb5-fd68-964d-bc0c-04793a638880, acceptAlert {}]
三月 23, 2014 4:20:25 下午 org.openqa.selenium.remote.RemoteWebDriver log
信息: Executing: findElement [08f3adb5-fd68-964d-bc0c-04793a638880, findElement {using=id, value=text}]
三月 23, 2014 4:20:25 下午 org.openqa.selenium.remote.RemoteWebDriver log
信息: Executed: [08f3adb5-fd68-964d-bc0c-04793a638880, findElement {using=id, value=text}]
三月 23, 2014 4:20:25 下午 org.openqa.selenium.remote.RemoteWebDriver log
信息: Executing: getElementText [08f3adb5-fd68-964d-bc0c-04793a638880, getElementText {id={fa1122db-5e5a-be4b-bb39-d48f98a4178f}}]
三月 23, 2014 4:20:25 下午 org.openqa.selenium.remote.RemoteWebDriver log
信息: Executed: [08f3adb5-fd68-964d-bc0c-04793a638880, getElementText {id={fa1122db-5e5a-be4b-bb39-d48f98a4178f}}]
三月 23, 2014 4:20:25 下午 org.openqa.selenium.testing.JUnit4TestBase$1 finished
信息: <<< Finished testShouldAllowAUserToSetTheValueOfAPrompt(org.openqa.selenium.AlertsTest)
三月 23, 2014 4:20:25 下午 org.openqa.selenium.testing.JUnit4TestBase$1 starting
信息: >>> Starting testHandlesTwoAlertsFromOneInteraction(org.openqa.selenium.AlertsTest)
三月 23, 2014 4:20:25 下午 org.openqa.selenium.remote.RemoteWebDriver log
信息: Executing: get [08f3adb5-fd68-964d-bc0c-04793a638880, get {url=http://localhost:6461/common/alerts.html}]
三月 23, 2014 4:20:25 下午 org.openqa.selenium.remote.RemoteWebDriver log
信息: Executed: [08f3adb5-fd68-964d-bc0c-04793a638880, get {url=http://localhost:6461/common/alerts.html}]
三月 23, 2014 4:20:25 下午 org.openqa.selenium.remote.RemoteWebDriver log
信息: Executing: findElement [08f3adb5-fd68-964d-bc0c-04793a638880, findElement {using=id, value=double-prompt}]
三月 23, 2014 4:20:25 下午 org.openqa.selenium.remote.RemoteWebDriver log
信息: Executed: [08f3adb5-fd68-964d-bc0c-04793a638880, findElement {using=id, value=double-prompt}]
三月 23, 2014 4:20:25 下午 org.openqa.selenium.remote.RemoteWebDriver log
信息: Executing: clickElement [08f3adb5-fd68-964d-bc0c-04793a638880, clickElement {id={5fec1adc-b22e-1f4c-90ea-558ca667d79e}}]
三月 23, 2014 4:20:25 下午 org.openqa.selenium.remote.RemoteWebDriver log
信息: Executed: [08f3adb5-fd68-964d-bc0c-04793a638880, clickElement {id={5fec1adc-b22e-1f4c-90ea-558ca667d79e}}]
三月 23, 2014 4:20:25 下午 org.openqa.selenium.remote.RemoteWebDriver log
信息: Executing: getAlertText [08f3adb5-fd68-964d-bc0c-04793a638880, getAlertText {}]
三月 23, 2014 4:20:25 下午 org.openqa.selenium.remote.RemoteWebDriver log
信息: Executed: [08f3adb5-fd68-964d-bc0c-04793a638880, getAlertText {}]
三月 23, 2014 4:20:25 下午 org.openqa.selenium.remote.RemoteWebDriver log
信息: Executing: setAlertValue [08f3adb5-fd68-964d-bc0c-04793a638880, setAlertValue {text=brie}]
三月 23, 2014 4:20:25 下午 org.openqa.selenium.remote.RemoteWebDriver log
信息: Executed: [08f3adb5-fd68-964d-bc0c-04793a638880, setAlertValue {text=brie}]
三月 23, 2014 4:20:25 下午 org.openqa.selenium.remote.RemoteWebDriver log
信息: Executing: acceptAlert [08f3adb5-fd68-964d-bc0c-04793a638880, acceptAlert {}]
三月 23, 2014 4:20:26 下午 org.openqa.selenium.remote.RemoteWebDriver log
信息: Executed: [08f3adb5-fd68-964d-bc0c-04793a638880, acceptAlert {}]
三月 23, 2014 4:20:26 下午 org.openqa.selenium.remote.RemoteWebDriver log
信息: Executing: getAlertText [08f3adb5-fd68-964d-bc0c-04793a638880, getAlertText {}]
三月 23, 2014 4:20:26 下午 org.openqa.selenium.remote.RemoteWebDriver log
信息: Executed: [08f3adb5-fd68-964d-bc0c-04793a638880, getAlertText {}]
三月 23, 2014 4:20:26 下午 org.openqa.selenium.remote.RemoteWebDriver log
信息: Executing: setAlertValue [08f3adb5-fd68-964d-bc0c-04793a638880, setAlertValue {text=cheddar}]
三月 23, 2014 4:20:26 下午 org.openqa.selenium.remote.RemoteWebDriver log
信息: Executed: [08f3adb5-fd68-964d-bc0c-04793a638880, setAlertValue {text=cheddar}]
三月 23, 2014 4:20:26 下午 org.openqa.selenium.remote.RemoteWebDriver log
信息: Executing: acceptAlert [08f3adb5-fd68-964d-bc0c-04793a638880, acceptAlert {}]
三月 23, 2014 4:20:26 下午 org.openqa.selenium.remote.RemoteWebDriver log
信息: Executed: [08f3adb5-fd68-964d-bc0c-04793a638880, acceptAlert {}]
三月 23, 2014 4:20:26 下午 org.openqa.selenium.remote.RemoteWebDriver log
信息: Executing: findElement [08f3adb5-fd68-964d-bc0c-04793a638880, findElement {using=id, value=text1}]
三月 23, 2014 4:20:26 下午 org.openqa.selenium.remote.RemoteWebDriver log
信息: Executed: [08f3adb5-fd68-964d-bc0c-04793a638880, findElement {using=id, value=text1}]
三月 23, 2014 4:20:26 下午 org.openqa.selenium.remote.RemoteWebDriver log
信息: Executing: getElementText [08f3adb5-fd68-964d-bc0c-04793a638880, getElementText {id={a3c81a97-583b-fb41-9e46-182c2fb3b4f0}}]
三月 23, 2014 4:20:26 下午 org.openqa.selenium.remote.RemoteWebDriver log
信息: Executed: [08f3adb5-fd68-964d-bc0c-04793a638880, getElementText {id={a3c81a97-583b-fb41-9e46-182c2fb3b4f0}}]
三月 23, 2014 4:20:26 下午 org.openqa.selenium.remote.RemoteWebDriver log
信息: Executing: findElement [08f3adb5-fd68-964d-bc0c-04793a638880, findElement {using=id, value=text2}]
三月 23, 2014 4:20:26 下午 org.openqa.selenium.remote.RemoteWebDriver log
信息: Executed: [08f3adb5-fd68-964d-bc0c-04793a638880, findElement {using=id, value=text2}]
三月 23, 2014 4:20:26 下午 org.openqa.selenium.remote.RemoteWebDriver log
信息: Executing: getElementText [08f3adb5-fd68-964d-bc0c-04793a638880, getElementText {id={35b528d0-7fae-ac47-b414-fa9886368d71}}]
三月 23, 2014 4:20:26 下午 org.openqa.selenium.remote.RemoteWebDriver log
信息: Executed: [08f3adb5-fd68-964d-bc0c-04793a638880, getElementText {id={35b528d0-7fae-ac47-b414-fa9886368d71}}]
三月 23, 2014 4:20:26 下午 org.openqa.selenium.testing.JUnit4TestBase$1 finished
信息: <<< Finished testHandlesTwoAlertsFromOneInteraction(org.openqa.selenium.AlertsTest)
三月 23, 2014 4:20:26 下午 org.openqa.selenium.testing.JUnit4TestBase$1 starting
信息: >>> Starting testCanQuitWhenAnAlertIsPresent(org.openqa.selenium.AlertsTest)
三月 23, 2014 4:20:26 下午 org.openqa.selenium.remote.RemoteWebDriver log
信息: Executing: get [08f3adb5-fd68-964d-bc0c-04793a638880, get {url=http://localhost:6461/common/alerts.html}]
三月 23, 2014 4:20:26 下午 org.openqa.selenium.remote.RemoteWebDriver log
信息: Executed: [08f3adb5-fd68-964d-bc0c-04793a638880, get {url=http://localhost:6461/common/alerts.html}]
三月 23, 2014 4:20:26 下午 org.openqa.selenium.remote.RemoteWebDriver log
信息: Executing: get [08f3adb5-fd68-964d-bc0c-04793a638880, get {url=http://localhost:6461/common/alerts.html}]
三月 23, 2014 4:20:26 下午 org.openqa.selenium.remote.RemoteWebDriver log
信息: Executed: [08f3adb5-fd68-964d-bc0c-04793a638880, get {url=http://localhost:6461/common/alerts.html}]
三月 23, 2014 4:20:26 下午 org.openqa.selenium.remote.RemoteWebDriver log
信息: Executing: findElement [08f3adb5-fd68-964d-bc0c-04793a638880, findElement {using=id, value=alert}]
三月 23, 2014 4:20:26 下午 org.openqa.selenium.remote.RemoteWebDriver log
信息: Executed: [08f3adb5-fd68-964d-bc0c-04793a638880, findElement {using=id, value=alert}]
三月 23, 2014 4:20:26 下午 org.openqa.selenium.remote.RemoteWebDriver log
信息: Executing: clickElement [08f3adb5-fd68-964d-bc0c-04793a638880, clickElement {id={c301f083-17db-6f43-ae28-bcbc44f1ea05}}]
三月 23, 2014 4:20:27 下午 org.openqa.selenium.remote.RemoteWebDriver log
信息: Executed: [08f3adb5-fd68-964d-bc0c-04793a638880, clickElement {id={c301f083-17db-6f43-ae28-bcbc44f1ea05}}]
三月 23, 2014 4:20:27 下午 org.openqa.selenium.remote.RemoteWebDriver log
信息: Executing: getAlertText [08f3adb5-fd68-964d-bc0c-04793a638880, getAlertText {}]
三月 23, 2014 4:20:27 下午 org.openqa.selenium.remote.RemoteWebDriver log
信息: Executed: [08f3adb5-fd68-964d-bc0c-04793a638880, getAlertText {}]
三月 23, 2014 4:20:27 下午 org.openqa.selenium.remote.RemoteWebDriver log
信息: Executing: quit [08f3adb5-fd68-964d-bc0c-04793a638880, quit {}]
三月 23, 2014 4:20:27 下午 org.openqa.selenium.remote.RemoteWebDriver log
信息: Executed: [08f3adb5-fd68-964d-bc0c-04793a638880, quit {}]
三月 23, 2014 4:20:27 下午 org.openqa.selenium.testing.JUnit4TestBase$1 finished
信息: <<< Finished testCanQuitWhenAnAlertIsPresent(org.openqa.selenium.AlertsTest)
三月 23, 2014 4:20:27 下午 org.openqa.selenium.remote.RemoteWebDriver log
信息: Executing: quit [null, quit {}]
三月 23, 2014 4:20:27 下午 org.openqa.selenium.remote.RemoteWebDriver log
信息: Executed: [null, quit {}]
三月 23, 2014 4:20:27 下午 org.openqa.selenium.testing.JUnit4TestBase$1 starting
信息: >>> Starting testShouldHandleAlertOnPageBeforeUnload(org.openqa.selenium.AlertsTest)
三月 23, 2014 4:20:29 下午 org.openqa.selenium.remote.RemoteWebDriver log
信息: Executing: get [bb1b585c-b79f-5748-8285-88cb1d5dda3f, get {url=http://localhost:6461/common/alerts.html}]
三月 23, 2014 4:20:29 下午 org.openqa.selenium.remote.RemoteWebDriver log
信息: Executed: [bb1b585c-b79f-5748-8285-88cb1d5dda3f, get {url=http://localhost:6461/common/alerts.html}]
三月 23, 2014 4:20:29 下午 org.openqa.selenium.remote.RemoteWebDriver log
信息: Executing: get [bb1b585c-b79f-5748-8285-88cb1d5dda3f, get {url=http://localhost:6461/common/pageWithOnBeforeUnloadMessage.html}]
三月 23, 2014 4:20:29 下午 org.openqa.selenium.remote.RemoteWebDriver log
信息: Executed: [bb1b585c-b79f-5748-8285-88cb1d5dda3f, get {url=http://localhost:6461/common/pageWithOnBeforeUnloadMessage.html}]
三月 23, 2014 4:20:29 下午 org.openqa.selenium.remote.RemoteWebDriver log
信息: Executing: findElement [bb1b585c-b79f-5748-8285-88cb1d5dda3f, findElement {using=id, value=navigate}]
三月 23, 2014 4:20:29 下午 org.openqa.selenium.remote.RemoteWebDriver log
信息: Executed: [bb1b585c-b79f-5748-8285-88cb1d5dda3f, findElement {using=id, value=navigate}]
三月 23, 2014 4:20:29 下午 org.openqa.selenium.remote.RemoteWebDriver log
信息: Executing: clickElement [bb1b585c-b79f-5748-8285-88cb1d5dda3f, clickElement {id={6de95fd7-fb88-5348-8c01-a4d868bee6ee}}]
三月 23, 2014 4:20:29 下午 org.openqa.selenium.remote.RemoteWebDriver log
信息: Executed: [bb1b585c-b79f-5748-8285-88cb1d5dda3f, clickElement {id={6de95fd7-fb88-5348-8c01-a4d868bee6ee}}]
三月 23, 2014 4:20:29 下午 org.openqa.selenium.remote.RemoteWebDriver log
信息: Executing: getAlertText [bb1b585c-b79f-5748-8285-88cb1d5dda3f, getAlertText {}]
三月 23, 2014 4:20:29 下午 org.openqa.selenium.remote.RemoteWebDriver log
信息: Executed: [bb1b585c-b79f-5748-8285-88cb1d5dda3f, getAlertText {}]
三月 23, 2014 4:20:29 下午 org.openqa.selenium.remote.RemoteWebDriver log
信息: Executing: dismissAlert [bb1b585c-b79f-5748-8285-88cb1d5dda3f, dismissAlert {}]
三月 23, 2014 4:20:29 下午 org.openqa.selenium.remote.RemoteWebDriver log
信息: Executed: [bb1b585c-b79f-5748-8285-88cb1d5dda3f, dismissAlert {}]
三月 23, 2014 4:20:29 下午 org.openqa.selenium.remote.RemoteWebDriver log
信息: Executing: getCurrentUrl [bb1b585c-b79f-5748-8285-88cb1d5dda3f, getCurrentUrl {}]
三月 23, 2014 4:20:29 下午 org.openqa.selenium.remote.RemoteWebDriver log
信息: Executed: [bb1b585c-b79f-5748-8285-88cb1d5dda3f, getCurrentUrl {}]
三月 23, 2014 4:20:29 下午 org.openqa.selenium.remote.RemoteWebDriver log
信息: Executing: clickElement [bb1b585c-b79f-5748-8285-88cb1d5dda3f, clickElement {id={6de95fd7-fb88-5348-8c01-a4d868bee6ee}}]
三月 23, 2014 4:20:30 下午 org.openqa.selenium.remote.RemoteWebDriver log
信息: Executed: [bb1b585c-b79f-5748-8285-88cb1d5dda3f, clickElement {id={6de95fd7-fb88-5348-8c01-a4d868bee6ee}}]
三月 23, 2014 4:20:30 下午 org.openqa.selenium.remote.RemoteWebDriver log
信息: Executing: getAlertText [bb1b585c-b79f-5748-8285-88cb1d5dda3f, getAlertText {}]
三月 23, 2014 4:20:30 下午 org.openqa.selenium.remote.RemoteWebDriver log
信息: Executed: [bb1b585c-b79f-5748-8285-88cb1d5dda3f, getAlertText {}]
三月 23, 2014 4:20:30 下午 org.openqa.selenium.remote.RemoteWebDriver log
信息: Executing: acceptAlert [bb1b585c-b79f-5748-8285-88cb1d5dda3f, acceptAlert {}]
三月 23, 2014 4:20:30 下午 org.openqa.selenium.remote.RemoteWebDriver log
信息: Executed: [bb1b585c-b79f-5748-8285-88cb1d5dda3f, acceptAlert {}]
三月 23, 2014 4:20:30 下午 org.openqa.selenium.remote.RemoteWebDriver log
信息: Executing: getTitle [bb1b585c-b79f-5748-8285-88cb1d5dda3f, getTitle {}]
三月 23, 2014 4:20:30 下午 org.openqa.selenium.remote.RemoteWebDriver log
信息: Executed: [bb1b585c-b79f-5748-8285-88cb1d5dda3f, getTitle {}]
三月 23, 2014 4:20:30 下午 org.openqa.selenium.testing.JUnit4TestBase$1 finished
信息: <<< Finished testShouldHandleAlertOnPageBeforeUnload(org.openqa.selenium.AlertsTest)
三月 23, 2014 4:20:30 下午 org.openqa.selenium.testing.JUnit4TestBase$1 starting
信息: >>> Starting testShouldAllowUsersToDismissAnAlertManually(org.openqa.selenium.AlertsTest)
三月 23, 2014 4:20:30 下午 org.openqa.selenium.remote.RemoteWebDriver log
信息: Executing: get [bb1b585c-b79f-5748-8285-88cb1d5dda3f, get {url=http://localhost:6461/common/alerts.html}]
三月 23, 2014 4:20:30 下午 org.openqa.selenium.remote.RemoteWebDriver log
信息: Executed: [bb1b585c-b79f-5748-8285-88cb1d5dda3f, get {url=http://localhost:6461/common/alerts.html}]
三月 23, 2014 4:20:30 下午 org.openqa.selenium.remote.RemoteWebDriver log
信息: Executing: findElement [bb1b585c-b79f-5748-8285-88cb1d5dda3f, findElement {using=id, value=alert}]
三月 23, 2014 4:20:30 下午 org.openqa.selenium.remote.RemoteWebDriver log
信息: Executed: [bb1b585c-b79f-5748-8285-88cb1d5dda3f, findElement {using=id, value=alert}]
三月 23, 2014 4:20:30 下午 org.openqa.selenium.remote.RemoteWebDriver log
信息: Executing: clickElement [bb1b585c-b79f-5748-8285-88cb1d5dda3f, clickElement {id={9fc73cf4-8f5f-de40-af2a-034f4ca40434}}]
三月 23, 2014 4:20:30 下午 org.openqa.selenium.remote.RemoteWebDriver log
信息: Executed: [bb1b585c-b79f-5748-8285-88cb1d5dda3f, clickElement {id={9fc73cf4-8f5f-de40-af2a-034f4ca40434}}]
三月 23, 2014 4:20:30 下午 org.openqa.selenium.remote.RemoteWebDriver log
信息: Executing: getAlertText [bb1b585c-b79f-5748-8285-88cb1d5dda3f, getAlertText {}]
三月 23, 2014 4:20:30 下午 org.openqa.selenium.remote.RemoteWebDriver log
信息: Executed: [bb1b585c-b79f-5748-8285-88cb1d5dda3f, getAlertText {}]
三月 23, 2014 4:20:30 下午 org.openqa.selenium.remote.RemoteWebDriver log
信息: Executing: dismissAlert [bb1b585c-b79f-5748-8285-88cb1d5dda3f, dismissAlert {}]
三月 23, 2014 4:20:31 下午 org.openqa.selenium.remote.RemoteWebDriver log
信息: Executed: [bb1b585c-b79f-5748-8285-88cb1d5dda3f, dismissAlert {}]
三月 23, 2014 4:20:31 下午 org.openqa.selenium.remote.RemoteWebDriver log
信息: Executing: getTitle [bb1b585c-b79f-5748-8285-88cb1d5dda3f, getTitle {}]
三月 23, 2014 4:20:31 下午 org.openqa.selenium.remote.RemoteWebDriver log
信息: Executed: [bb1b585c-b79f-5748-8285-88cb1d5dda3f, getTitle {}]
三月 23, 2014 4:20:31 下午 org.openqa.selenium.testing.JUnit4TestBase$1 finished
信息: <<< Finished testShouldAllowUsersToDismissAnAlertManually(org.openqa.selenium.AlertsTest)
三月 23, 2014 4:20:31 下午 org.openqa.selenium.testing.JUnit4TestBase$1 starting
信息: >>> Starting testIncludesAlertTextInUnhandledAlertException(org.openqa.selenium.AlertsTest)
三月 23, 2014 4:20:31 下午 org.openqa.selenium.remote.RemoteWebDriver log
信息: Executing: get [bb1b585c-b79f-5748-8285-88cb1d5dda3f, get {url=http://localhost:6461/common/alerts.html}]
三月 23, 2014 4:20:31 下午 org.openqa.selenium.remote.RemoteWebDriver log
信息: Executed: [bb1b585c-b79f-5748-8285-88cb1d5dda3f, get {url=http://localhost:6461/common/alerts.html}]
三月 23, 2014 4:20:31 下午 org.openqa.selenium.remote.RemoteWebDriver log
信息: Executing: findElement [bb1b585c-b79f-5748-8285-88cb1d5dda3f, findElement {using=id, value=alert}]
三月 23, 2014 4:20:31 下午 org.openqa.selenium.remote.RemoteWebDriver log
信息: Executed: [bb1b585c-b79f-5748-8285-88cb1d5dda3f, findElement {using=id, value=alert}]
三月 23, 2014 4:20:31 下午 org.openqa.selenium.remote.RemoteWebDriver log
信息: Executing: clickElement [bb1b585c-b79f-5748-8285-88cb1d5dda3f, clickElement {id={aac608e5-0068-034c-850c-538b91b0205e}}]
三月 23, 2014 4:20:31 下午 org.openqa.selenium.remote.RemoteWebDriver log
信息: Executed: [bb1b585c-b79f-5748-8285-88cb1d5dda3f, clickElement {id={aac608e5-0068-034c-850c-538b91b0205e}}]
三月 23, 2014 4:20:31 下午 org.openqa.selenium.remote.RemoteWebDriver log
信息: Executing: getAlertText [bb1b585c-b79f-5748-8285-88cb1d5dda3f, getAlertText {}]
三月 23, 2014 4:20:31 下午 org.openqa.selenium.remote.RemoteWebDriver log
信息: Executed: [bb1b585c-b79f-5748-8285-88cb1d5dda3f, getAlertText {}]
三月 23, 2014 4:20:31 下午 org.openqa.selenium.remote.RemoteWebDriver log
信息: Executing: getTitle [bb1b585c-b79f-5748-8285-88cb1d5dda3f, getTitle {}]
三月 23, 2014 4:20:31 下午 org.openqa.selenium.remote.RemoteWebDriver log
信息: Executed: [bb1b585c-b79f-5748-8285-88cb1d5dda3f, getTitle {}]
三月 23, 2014 4:20:31 下午 org.openqa.selenium.testing.JUnit4TestBase$1 finished
信息: <<< Finished testIncludesAlertTextInUnhandledAlertException(org.openqa.selenium.AlertsTest)
三月 23, 2014 4:20:31 下午 org.openqa.selenium.testing.JUnit4TestBase$1 starting
信息: >>> Starting testShouldAllowTheUserToGetTheTextOfAPrompt(org.openqa.selenium.AlertsTest)
三月 23, 2014 4:20:31 下午 org.openqa.selenium.remote.RemoteWebDriver log
信息: Executing: get [bb1b585c-b79f-5748-8285-88cb1d5dda3f, get {url=http://localhost:6461/common/alerts.html}]
三月 23, 2014 4:20:31 下午 org.openqa.selenium.remote.RemoteWebDriver log
信息: Executed: [bb1b585c-b79f-5748-8285-88cb1d5dda3f, get {url=http://localhost:6461/common/alerts.html}]
三月 23, 2014 4:20:31 下午 org.openqa.selenium.remote.RemoteWebDriver log
信息: Executing: findElement [bb1b585c-b79f-5748-8285-88cb1d5dda3f, findElement {using=id, value=prompt}]
三月 23, 2014 4:20:31 下午 org.openqa.selenium.remote.RemoteWebDriver log
信息: Executed: [bb1b585c-b79f-5748-8285-88cb1d5dda3f, findElement {using=id, value=prompt}]
三月 23, 2014 4:20:31 下午 org.openqa.selenium.remote.RemoteWebDriver log
信息: Executing: clickElement [bb1b585c-b79f-5748-8285-88cb1d5dda3f, clickElement {id={810bc823-a746-8743-9d23-8700074b8371}}]
三月 23, 2014 4:20:32 下午 org.openqa.selenium.remote.RemoteWebDriver log
信息: Executed: [bb1b585c-b79f-5748-8285-88cb1d5dda3f, clickElement {id={810bc823-a746-8743-9d23-8700074b8371}}]
三月 23, 2014 4:20:32 下午 org.openqa.selenium.remote.RemoteWebDriver log
信息: Executing: getAlertText [bb1b585c-b79f-5748-8285-88cb1d5dda3f, getAlertText {}]
三月 23, 2014 4:20:32 下午 org.openqa.selenium.remote.RemoteWebDriver log
信息: Executed: [bb1b585c-b79f-5748-8285-88cb1d5dda3f, getAlertText {}]
三月 23, 2014 4:20:32 下午 org.openqa.selenium.remote.RemoteWebDriver log
信息: Executing: getAlertText [bb1b585c-b79f-5748-8285-88cb1d5dda3f, getAlertText {}]
三月 23, 2014 4:20:32 下午 org.openqa.selenium.remote.RemoteWebDriver log
信息: Executed: [bb1b585c-b79f-5748-8285-88cb1d5dda3f, getAlertText {}]
三月 23, 2014 4:20:32 下午 org.openqa.selenium.remote.RemoteWebDriver log
信息: Executing: acceptAlert [bb1b585c-b79f-5748-8285-88cb1d5dda3f, acceptAlert {}]
三月 23, 2014 4:20:32 下午 org.openqa.selenium.remote.RemoteWebDriver log
信息: Executed: [bb1b585c-b79f-5748-8285-88cb1d5dda3f, acceptAlert {}]
三月 23, 2014 4:20:32 下午 org.openqa.selenium.testing.JUnit4TestBase$1 finished
信息: <<< Finished testShouldAllowTheUserToGetTheTextOfAPrompt(org.openqa.selenium.AlertsTest)
三月 23, 2014 4:20:32 下午 org.openqa.selenium.testing.JUnit4TestBase$1 starting
信息: >>> Starting testSwitchingToMissingAlertThrows(org.openqa.selenium.AlertsTest)
三月 23, 2014 4:20:32 下午 org.openqa.selenium.remote.RemoteWebDriver log
信息: Executing: get [bb1b585c-b79f-5748-8285-88cb1d5dda3f, get {url=http://localhost:6461/common/alerts.html}]
三月 23, 2014 4:20:32 下午 org.openqa.selenium.remote.RemoteWebDriver log
信息: Executed: [bb1b585c-b79f-5748-8285-88cb1d5dda3f, get {url=http://localhost:6461/common/alerts.html}]
三月 23, 2014 4:20:32 下午 org.openqa.selenium.remote.RemoteWebDriver log
信息: Executing: getAlertText [bb1b585c-b79f-5748-8285-88cb1d5dda3f, getAlertText {}]
三月 23, 2014 4:20:34 下午 org.openqa.selenium.remote.RemoteWebDriver log
信息: Executed: [bb1b585c-b79f-5748-8285-88cb1d5dda3f, getAlertText {}]
三月 23, 2014 4:20:34 下午 org.openqa.selenium.testing.JUnit4TestBase$1 finished
信息: <<< Finished testSwitchingToMissingAlertThrows(org.openqa.selenium.AlertsTest)
三月 23, 2014 4:20:34 下午 org.openqa.selenium.testing.JUnit4TestBase$1 starting
信息: >>> Starting testShouldHandleAlertOnPageLoadUsingGet(org.openqa.selenium.AlertsTest)
三月 23, 2014 4:20:34 下午 org.openqa.selenium.remote.RemoteWebDriver log
信息: Executing: get [bb1b585c-b79f-5748-8285-88cb1d5dda3f, get {url=http://localhost:6461/common/alerts.html}]
三月 23, 2014 4:20:34 下午 org.openqa.selenium.remote.RemoteWebDriver log
信息: Executed: [bb1b585c-b79f-5748-8285-88cb1d5dda3f, get {url=http://localhost:6461/common/alerts.html}]
三月 23, 2014 4:20:34 下午 org.openqa.selenium.remote.RemoteWebDriver log
信息: Executing: get [bb1b585c-b79f-5748-8285-88cb1d5dda3f, get {url=http://localhost:6461/common/pageWithOnLoad.html}]
三月 23, 2014 4:20:35 下午 org.openqa.selenium.remote.RemoteWebDriver log
信息: Executed: [bb1b585c-b79f-5748-8285-88cb1d5dda3f, get {url=http://localhost:6461/common/pageWithOnLoad.html}]
三月 23, 2014 4:20:35 下午 org.openqa.selenium.remote.RemoteWebDriver log
信息: Executing: getAlertText [bb1b585c-b79f-5748-8285-88cb1d5dda3f, getAlertText {}]
三月 23, 2014 4:20:35 下午 org.openqa.selenium.remote.RemoteWebDriver log
信息: Executed: [bb1b585c-b79f-5748-8285-88cb1d5dda3f, getAlertText {}]
三月 23, 2014 4:20:35 下午 org.openqa.selenium.remote.RemoteWebDriver log
信息: Executing: getAlertText [bb1b585c-b79f-5748-8285-88cb1d5dda3f, getAlertText {}]
三月 23, 2014 4:20:35 下午 org.openqa.selenium.remote.RemoteWebDriver log
信息: Executed: [bb1b585c-b79f-5748-8285-88cb1d5dda3f, getAlertText {}]
三月 23, 2014 4:20:35 下午 org.openqa.selenium.remote.RemoteWebDriver log
信息: Executing: acceptAlert [bb1b585c-b79f-5748-8285-88cb1d5dda3f, acceptAlert {}]
三月 23, 2014 4:20:35 下午 org.openqa.selenium.remote.RemoteWebDriver log
信息: Executed: [bb1b585c-b79f-5748-8285-88cb1d5dda3f, acceptAlert {}]
三月 23, 2014 4:20:35 下午 org.openqa.selenium.remote.RemoteWebDriver log
信息: Executing: findElement [bb1b585c-b79f-5748-8285-88cb1d5dda3f, findElement {using=tag name, value=p}]
三月 23, 2014 4:20:35 下午 org.openqa.selenium.remote.RemoteWebDriver log
信息: Executed: [bb1b585c-b79f-5748-8285-88cb1d5dda3f, findElement {using=tag name, value=p}]
三月 23, 2014 4:20:35 下午 org.openqa.selenium.remote.RemoteWebDriver log
信息: Executing: getElementText [bb1b585c-b79f-5748-8285-88cb1d5dda3f, getElementText {id={3857390a-1a0f-0a42-80cd-8bf053c4be69}}]
三月 23, 2014 4:20:35 下午 org.openqa.selenium.remote.RemoteWebDriver log
信息: Executed: [bb1b585c-b79f-5748-8285-88cb1d5dda3f, getElementText {id={3857390a-1a0f-0a42-80cd-8bf053c4be69}}]
三月 23, 2014 4:20:35 下午 org.openqa.selenium.testing.JUnit4TestBase$1 finished
信息: <<< Finished testShouldHandleAlertOnPageLoadUsingGet(org.openqa.selenium.AlertsTest)
三月 23, 2014 4:20:35 下午 org.openqa.selenium.testing.JUnit4TestBase$1 starting
信息: >>> Starting testShouldGetTextOfAlertOpenedInSetTimeout(org.openqa.selenium.AlertsTest)
三月 23, 2014 4:20:35 下午 org.openqa.selenium.remote.RemoteWebDriver log
信息: Executing: get [bb1b585c-b79f-5748-8285-88cb1d5dda3f, get {url=http://localhost:6461/common/alerts.html}]
三月 23, 2014 4:20:35 下午 org.openqa.selenium.remote.RemoteWebDriver log
信息: Executed: [bb1b585c-b79f-5748-8285-88cb1d5dda3f, get {url=http://localhost:6461/common/alerts.html}]
三月 23, 2014 4:20:35 下午 org.openqa.selenium.remote.RemoteWebDriver log
信息: Executing: findElement [bb1b585c-b79f-5748-8285-88cb1d5dda3f, findElement {using=id, value=slow-alert}]
三月 23, 2014 4:20:35 下午 org.openqa.selenium.remote.RemoteWebDriver log
信息: Executed: [bb1b585c-b79f-5748-8285-88cb1d5dda3f, findElement {using=id, value=slow-alert}]
三月 23, 2014 4:20:35 下午 org.openqa.selenium.remote.RemoteWebDriver log
信息: Executing: clickElement [bb1b585c-b79f-5748-8285-88cb1d5dda3f, clickElement {id={adf9046c-ed00-0440-9608-476b792d9c75}}]
三月 23, 2014 4:20:35 下午 org.openqa.selenium.remote.RemoteWebDriver log
信息: Executed: [bb1b585c-b79f-5748-8285-88cb1d5dda3f, clickElement {id={adf9046c-ed00-0440-9608-476b792d9c75}}]
三月 23, 2014 4:20:35 下午 org.openqa.selenium.remote.RemoteWebDriver log
信息: Executing: getAlertText [bb1b585c-b79f-5748-8285-88cb1d5dda3f, getAlertText {}]
三月 23, 2014 4:20:35 下午 org.openqa.selenium.remote.RemoteWebDriver log
信息: Executed: [bb1b585c-b79f-5748-8285-88cb1d5dda3f, getAlertText {}]
三月 23, 2014 4:20:35 下午 org.openqa.selenium.remote.RemoteWebDriver log
信息: Executing: getAlertText [bb1b585c-b79f-5748-8285-88cb1d5dda3f, getAlertText {}]
三月 23, 2014 4:20:36 下午 org.openqa.selenium.remote.RemoteWebDriver log
信息: Executed: [bb1b585c-b79f-5748-8285-88cb1d5dda3f, getAlertText {}]
三月 23, 2014 4:20:36 下午 org.openqa.selenium.remote.RemoteWebDriver log
信息: Executing: acceptAlert [bb1b585c-b79f-5748-8285-88cb1d5dda3f, acceptAlert {}]
三月 23, 2014 4:20:36 下午 org.openqa.selenium.remote.RemoteWebDriver log
信息: Executed: [bb1b585c-b79f-5748-8285-88cb1d5dda3f, acceptAlert {}]
三月 23, 2014 4:20:36 下午 org.openqa.selenium.testing.JUnit4TestBase$1 finished
信息: <<< Finished testShouldGetTextOfAlertOpenedInSetTimeout(org.openqa.selenium.AlertsTest)
三月 23, 2014 4:20:36 下午 org.openqa.selenium.testing.JUnit4TestBase$1 starting
信息: >>> Starting testInjectingAtomShouldNotTrampleOnUnderscoreGlobal(org.openqa.selenium.AtomsInjectionTest)
三月 23, 2014 4:20:36 下午 org.openqa.selenium.remote.RemoteWebDriver log
信息: Executing: get [bb1b585c-b79f-5748-8285-88cb1d5dda3f, get {url=http://localhost:6461/common/underscore.html}]
三月 23, 2014 4:20:36 下午 org.openqa.selenium.remote.RemoteWebDriver log
信息: Executed: [bb1b585c-b79f-5748-8285-88cb1d5dda3f, get {url=http://localhost:6461/common/underscore.html}]
三月 23, 2014 4:20:36 下午 org.openqa.selenium.remote.RemoteWebDriver log
信息: Executing: findElement [bb1b585c-b79f-5748-8285-88cb1d5dda3f, findElement {using=tag name, value=body}]
三月 23, 2014 4:20:36 下午 org.openqa.selenium.remote.RemoteWebDriver log
信息: Executed: [bb1b585c-b79f-5748-8285-88cb1d5dda3f, findElement {using=tag name, value=body}]
三月 23, 2014 4:20:36 下午 org.openqa.selenium.remote.RemoteWebDriver log
信息: Executing: executeScript [bb1b585c-b79f-5748-8285-88cb1d5dda3f, executeScript {script=return _.join('');, args=[]}]
三月 23, 2014 4:20:36 下午 org.openqa.selenium.remote.RemoteWebDriver log
信息: Executed: [bb1b585c-b79f-5748-8285-88cb1d5dda3f, executeScript {script=return _.join('');, args=[]}]
三月 23, 2014 4:20:36 下午 org.openqa.selenium.testing.JUnit4TestBase$1 finished
信息: <<< Finished testInjectingAtomShouldNotTrampleOnUnderscoreGlobal(org.openqa.selenium.AtomsInjectionTest)
三月 23, 2014 4:20:36 下午 org.openqa.selenium.testing.JUnit4TestBase$1 starting
信息: >>> Starting driverLogShouldBeEnabledByDefault(org.openqa.selenium.logging.AvailableLogsTest)
三月 23, 2014 4:20:36 下午 org.openqa.selenium.remote.RemoteWebDriver log
信息: Executing: getAvailableLogTypes [bb1b585c-b79f-5748-8285-88cb1d5dda3f, getAvailableLogTypes {}]
三月 23, 2014 4:20:36 下午 org.openqa.selenium.remote.RemoteWebDriver log
信息: Executed: [bb1b585c-b79f-5748-8285-88cb1d5dda3f, getAvailableLogTypes {}]
三月 23, 2014 4:20:36 下午 org.openqa.selenium.testing.JUnit4TestBase$1 finished
信息: <<< Finished driverLogShouldBeEnabledByDefault(org.openqa.selenium.logging.AvailableLogsTest)
三月 23, 2014 4:20:36 下午 org.openqa.selenium.testing.JUnit4TestBase$1 starting
信息: >>> Starting profilerLogShouldBeDisabledByDefault(org.openqa.selenium.logging.AvailableLogsTest)
三月 23, 2014 4:20:36 下午 org.openqa.selenium.remote.RemoteWebDriver log
信息: Executing: getAvailableLogTypes [bb1b585c-b79f-5748-8285-88cb1d5dda3f, getAvailableLogTypes {}]
三月 23, 2014 4:20:36 下午 org.openqa.selenium.remote.RemoteWebDriver log
信息: Executed: [bb1b585c-b79f-5748-8285-88cb1d5dda3f, getAvailableLogTypes {}]
三月 23, 2014 4:20:36 下午 org.openqa.selenium.testing.JUnit4TestBase$1 finished
信息: <<< Finished profilerLogShouldBeDisabledByDefault(org.openqa.selenium.logging.AvailableLogsTest)
三月 23, 2014 4:20:36 下午 org.openqa.selenium.testing.JUnit4TestBase$1 starting
信息: >>> Starting serverLogShouldBeEnabledByDefaultOnRemote(org.openqa.selenium.logging.AvailableLogsTest)
三月 23, 2014 4:20:36 下午 org.openqa.selenium.testing.JUnit4TestBase$1 finished
信息: <<< Finished serverLogShouldBeEnabledByDefaultOnRemote(org.openqa.selenium.logging.AvailableLogsTest)
三月 23, 2014 4:20:36 下午 org.openqa.selenium.testing.JUnit4TestBase$1 starting
信息: >>> Starting shouldBeAbleToEnableProfilerLog(org.openqa.selenium.logging.AvailableLogsTest)
三月 23, 2014 4:20:38 下午 org.openqa.selenium.remote.RemoteWebDriver log
信息: Executing: getAvailableLogTypes [b168285c-8d52-d04b-b1a9-bd08c4c277b8, getAvailableLogTypes {}]
三月 23, 2014 4:20:38 下午 org.openqa.selenium.remote.RemoteWebDriver log
信息: Executed: [b168285c-8d52-d04b-b1a9-bd08c4c277b8, getAvailableLogTypes {}]
三月 23, 2014 4:20:38 下午 org.openqa.selenium.remote.RemoteWebDriver log
信息: Executing: quit [b168285c-8d52-d04b-b1a9-bd08c4c277b8, quit {}]
三月 23, 2014 4:20:38 下午 org.openqa.selenium.remote.RemoteWebDriver log
信息: Executed: [b168285c-8d52-d04b-b1a9-bd08c4c277b8, quit {}]
三月 23, 2014 4:20:38 下午 org.openqa.selenium.testing.JUnit4TestBase$1 finished
信息: <<< Finished shouldBeAbleToEnableProfilerLog(org.openqa.selenium.logging.AvailableLogsTest)
三月 23, 2014 4:20:38 下午 org.openqa.selenium.remote.RemoteWebDriver log
信息: Executing: quit [bb1b585c-b79f-5748-8285-88cb1d5dda3f, quit {}]
三月 23, 2014 4:20:38 下午 org.openqa.selenium.remote.RemoteWebDriver log
信息: Executed: [bb1b585c-b79f-5748-8285-88cb1d5dda3f, quit {}]
三月 23, 2014 4:20:39 下午 org.openqa.selenium.testing.JUnit4TestBase$1 starting
信息: >>> Starting clientLogShouldBeEnabledByDefault(org.openqa.selenium.logging.AvailableLogsTest)
三月 23, 2014 4:20:39 下午 org.openqa.selenium.remote.RemoteWebDriver log
信息: Executing: get [4c6ccbc5-7e30-4743-aae9-59ab5891e47f, get {url=http://localhost:6461/common/formPage.html}]
三月 23, 2014 4:20:40 下午 org.openqa.selenium.remote.RemoteWebDriver log
信息: Executed: [4c6ccbc5-7e30-4743-aae9-59ab5891e47f, get {url=http://localhost:6461/common/formPage.html}]
三月 23, 2014 4:20:40 下午 org.openqa.selenium.remote.RemoteWebDriver log
信息: Executing: getAvailableLogTypes [4c6ccbc5-7e30-4743-aae9-59ab5891e47f, getAvailableLogTypes {}]
三月 23, 2014 4:20:40 下午 org.openqa.selenium.remote.RemoteWebDriver log
信息: Executed: [4c6ccbc5-7e30-4743-aae9-59ab5891e47f, getAvailableLogTypes {}]
三月 23, 2014 4:20:40 下午 org.openqa.selenium.testing.JUnit4TestBase$1 finished
信息: <<< Finished clientLogShouldBeEnabledByDefault(org.openqa.selenium.logging.AvailableLogsTest)
三月 23, 2014 4:20:40 下午 org.openqa.selenium.testing.JUnit4TestBase$1 starting
信息: >>> Starting browserLogShouldBeEnabledByDefault(org.openqa.selenium.logging.AvailableLogsTest)
三月 23, 2014 4:20:40 下午 org.openqa.selenium.remote.RemoteWebDriver log
信息: Executing: getAvailableLogTypes [4c6ccbc5-7e30-4743-aae9-59ab5891e47f, getAvailableLogTypes {}]
三月 23, 2014 4:20:40 下午 org.openqa.selenium.remote.RemoteWebDriver log
信息: Executed: [4c6ccbc5-7e30-4743-aae9-59ab5891e47f, getAvailableLogTypes {}]
三月 23, 2014 4:20:40 下午 org.openqa.selenium.testing.JUnit4TestBase$1 finished
信息: <<< Finished browserLogShouldBeEnabledByDefault(org.openqa.selenium.logging.AvailableLogsTest)
三月 23, 2014 4:20:40 下午 org.openqa.selenium.testing.JUnit4TestBase$1 starting
信息: >>> Starting testShouldFindGrandChildren(org.openqa.selenium.ChildrenFindingTest)
三月 23, 2014 4:20:40 下午 org.openqa.selenium.remote.RemoteWebDriver log
信息: Executing: get [4c6ccbc5-7e30-4743-aae9-59ab5891e47f, get {url=http://localhost:6461/common/formPage.html}]
三月 23, 2014 4:20:40 下午 org.openqa.selenium.remote.RemoteWebDriver log
信息: Executed: [4c6ccbc5-7e30-4743-aae9-59ab5891e47f, get {url=http://localhost:6461/common/formPage.html}]
三月 23, 2014 4:20:40 下午 org.openqa.selenium.remote.RemoteWebDriver log
信息: Executing: findElement [4c6ccbc5-7e30-4743-aae9-59ab5891e47f, findElement {using=id, value=nested_form}]
三月 23, 2014 4:20:40 下午 org.openqa.selenium.remote.RemoteWebDriver log
信息: Executed: [4c6ccbc5-7e30-4743-aae9-59ab5891e47f, findElement {using=id, value=nested_form}]
三月 23, 2014 4:20:40 下午 org.openqa.selenium.remote.RemoteWebDriver log
信息: Executing: findChildElement [4c6ccbc5-7e30-4743-aae9-59ab5891e47f, findChildElement {id={31a0b337-879f-c544-94b2-6c1411657f9e}, using=name, value=x}]
三月 23, 2014 4:20:40 下午 org.openqa.selenium.remote.RemoteWebDriver log
信息: Executed: [4c6ccbc5-7e30-4743-aae9-59ab5891e47f, findChildElement {id={31a0b337-879f-c544-94b2-6c1411657f9e}, using=name, value=x}]
三月 23, 2014 4:20:40 下午 org.openqa.selenium.testing.JUnit4TestBase$1 finished
信息: <<< Finished testShouldFindGrandChildren(org.openqa.selenium.ChildrenFindingTest)
三月 23, 2014 4:20:40 下午 org.openqa.selenium.testing.JUnit4TestBase$1 starting
信息: >>> Starting testShouldBeAbleToFindAnElementByCss3Selector(org.openqa.selenium.ChildrenFindingTest)
三月 23, 2014 4:20:40 下午 org.openqa.selenium.remote.RemoteWebDriver log
信息: Executing: get [4c6ccbc5-7e30-4743-aae9-59ab5891e47f, get {url=http://localhost:6461/common/nestedElements.html}]
三月 23, 2014 4:20:40 下午 org.openqa.selenium.remote.RemoteWebDriver log
信息: Executed: [4c6ccbc5-7e30-4743-aae9-59ab5891e47f, get {url=http://localhost:6461/common/nestedElements.html}]
三月 23, 2014 4:20:40 下午 org.openqa.selenium.remote.RemoteWebDriver log
信息: Executing: findElement [4c6ccbc5-7e30-4743-aae9-59ab5891e47f, findElement {using=name, value=form2}]
三月 23, 2014 4:20:40 下午 org.openqa.selenium.remote.RemoteWebDriver log
信息: Executed: [4c6ccbc5-7e30-4743-aae9-59ab5891e47f, findElement {using=name, value=form2}]
三月 23, 2014 4:20:40 下午 org.openqa.selenium.remote.RemoteWebDriver log
信息: Executing: findChildElement [4c6ccbc5-7e30-4743-aae9-59ab5891e47f, findChildElement {id={ea705736-18fd-7844-bdc8-3c7385e1aa2b}, using=css selector, value=*[name^="selecto"]}]
三月 23, 2014 4:20:40 下午 org.openqa.selenium.remote.RemoteWebDriver log
信息: Executed: [4c6ccbc5-7e30-4743-aae9-59ab5891e47f, findChildElement {id={ea705736-18fd-7844-bdc8-3c7385e1aa2b}, using=css selector, value=*[name^="selecto"]}]
三月 23, 2014 4:20:40 下午 org.openqa.selenium.remote.RemoteWebDriver log
信息: Executing: getElementAttribute [4c6ccbc5-7e30-4743-aae9-59ab5891e47f, getElementAttribute {id={ff859a62-4749-2a4b-956c-72f51529d7a2}, name=id}]
三月 23, 2014 4:20:40 下午 org.openqa.selenium.remote.RemoteWebDriver log
信息: Executed: [4c6ccbc5-7e30-4743-aae9-59ab5891e47f, getElementAttribute {id={ff859a62-4749-2a4b-956c-72f51529d7a2}, name=id}]
三月 23, 2014 4:20:40 下午 org.openqa.selenium.testing.JUnit4TestBase$1 finished
信息: <<< Finished testShouldBeAbleToFindAnElementByCss3Selector(org.openqa.selenium.ChildrenFindingTest)
三月 23, 2014 4:20:40 下午 org.openqa.selenium.testing.JUnit4TestBase$1 starting
信息: >>> Starting testElementCanGetLinkByLinkTestIgnoringTrailingWhitespace(org.openqa.selenium.ChildrenFindingTest)
三月 23, 2014 4:20:40 下午 org.openqa.selenium.remote.RemoteWebDriver log
信息: Executing: get [4c6ccbc5-7e30-4743-aae9-59ab5891e47f, get {url=http://localhost:6461/common/simpleTest.html}]
三月 23, 2014 4:20:40 下午 org.openqa.selenium.remote.RemoteWebDriver log
信息: Executed: [4c6ccbc5-7e30-4743-aae9-59ab5891e47f, get {url=http://localhost:6461/common/simpleTest.html}]
三月 23, 2014 4:20:40 下午 org.openqa.selenium.remote.RemoteWebDriver log
信息: Executing: findElement [4c6ccbc5-7e30-4743-aae9-59ab5891e47f, findElement {using=id, value=links}]
三月 23, 2014 4:20:40 下午 org.openqa.selenium.remote.RemoteWebDriver log
信息: Executed: [4c6ccbc5-7e30-4743-aae9-59ab5891e47f, findElement {using=id, value=links}]
三月 23, 2014 4:20:40 下午 org.openqa.selenium.remote.RemoteWebDriver log
信息: Executing: findChildElement [4c6ccbc5-7e30-4743-aae9-59ab5891e47f, findChildElement {id={b784a580-7cba-9548-a3bd-8620bfff9a83}, using=link text, value=link with trailing space}]
三月 23, 2014 4:20:40 下午 org.openqa.selenium.remote.RemoteWebDriver log
信息: Executed: [4c6ccbc5-7e30-4743-aae9-59ab5891e47f, findChildElement {id={b784a580-7cba-9548-a3bd-8620bfff9a83}, using=link text, value=link with trailing space}]
三月 23, 2014 4:20:40 下午 org.openqa.selenium.remote.RemoteWebDriver log
信息: Executing: getElementAttribute [4c6ccbc5-7e30-4743-aae9-59ab5891e47f, getElementAttribute {id={34a88a97-a539-e247-8de1-7fde6e536384}, name=id}]
三月 23, 2014 4:20:40 下午 org.openqa.selenium.remote.RemoteWebDriver log
信息: Executed: [4c6ccbc5-7e30-4743-aae9-59ab5891e47f, getElementAttribute {id={34a88a97-a539-e247-8de1-7fde6e536384}, name=id}]
三月 23, 2014 4:20:40 下午 org.openqa.selenium.testing.JUnit4TestBase$1 finished
信息: <<< Finished testElementCanGetLinkByLinkTestIgnoringTrailingWhitespace(org.openqa.selenium.ChildrenFindingTest)
三月 23, 2014 4:20:40 下午 org.openqa.selenium.testing.JUnit4TestBase$1 starting
信息: >>> Starting testFindElementByXPath(org.openqa.selenium.ChildrenFindingTest)
三月 23, 2014 4:20:40 下午 org.openqa.selenium.remote.RemoteWebDriver log
信息: Executing: get [4c6ccbc5-7e30-4743-aae9-59ab5891e47f, get {url=http://localhost:6461/common/nestedElements.html}]
三月 23, 2014 4:20:40 下午 org.openqa.selenium.remote.RemoteWebDriver log
信息: Executed: [4c6ccbc5-7e30-4743-aae9-59ab5891e47f, get {url=http://localhost:6461/common/nestedElements.html}]
三月 23, 2014 4:20:40 下午 org.openqa.selenium.remote.RemoteWebDriver log
信息: Executing: findElement [4c6ccbc5-7e30-4743-aae9-59ab5891e47f, findElement {using=name, value=form2}]
三月 23, 2014 4:20:40 下午 org.openqa.selenium.remote.RemoteWebDriver log
信息: Executed: [4c6ccbc5-7e30-4743-aae9-59ab5891e47f, findElement {using=name, value=form2}]
三月 23, 2014 4:20:40 下午 org.openqa.selenium.remote.RemoteWebDriver log
信息: Executing: findChildElement [4c6ccbc5-7e30-4743-aae9-59ab5891e47f, findChildElement {id={24a5e0cb-2aa2-6641-863b-cced2a795040}, using=xpath, value=select}]
三月 23, 2014 4:20:40 下午 org.openqa.selenium.remote.RemoteWebDriver log
信息: Executed: [4c6ccbc5-7e30-4743-aae9-59ab5891e47f, findChildElement {id={24a5e0cb-2aa2-6641-863b-cced2a795040}, using=xpath, value=select}]
三月 23, 2014 4:20:40 下午 org.openqa.selenium.remote.RemoteWebDriver log
信息: Executing: getElementAttribute [4c6ccbc5-7e30-4743-aae9-59ab5891e47f, getElementAttribute {id={ad4e2100-c33f-fe47-b8c1-0ad2fba2f3b9}, name=id}]
三月 23, 2014 4:20:40 下午 org.openqa.selenium.remote.RemoteWebDriver log
信息: Executed: [4c6ccbc5-7e30-4743-aae9-59ab5891e47f, getElementAttribute {id={ad4e2100-c33f-fe47-b8c1-0ad2fba2f3b9}, name=id}]
三月 23, 2014 4:20:40 下午 org.openqa.selenium.testing.JUnit4TestBase$1 finished
信息: <<< Finished testFindElementByXPath(org.openqa.selenium.ChildrenFindingTest)
三月 23, 2014 4:20:40 下午 org.openqa.selenium.testing.JUnit4TestBase$1 starting
信息: >>> Starting testFindElementsById(org.openqa.selenium.ChildrenFindingTest)
三月 23, 2014 4:20:40 下午 org.openqa.selenium.remote.RemoteWebDriver log
信息: Executing: get [4c6ccbc5-7e30-4743-aae9-59ab5891e47f, get {url=http://localhost:6461/common/nestedElements.html}]
三月 23, 2014 4:20:40 下午 org.openqa.selenium.remote.RemoteWebDriver log
信息: Executed: [4c6ccbc5-7e30-4743-aae9-59ab5891e47f, get {url=http://localhost:6461/common/nestedElements.html}]
三月 23, 2014 4:20:40 下午 org.openqa.selenium.remote.RemoteWebDriver log
信息: Executing: findElement [4c6ccbc5-7e30-4743-aae9-59ab5891e47f, findElement {using=name, value=form2}]
三月 23, 2014 4:20:40 下午 org.openqa.selenium.remote.RemoteWebDriver log
信息: Executed: [4c6ccbc5-7e30-4743-aae9-59ab5891e47f, findElement {using=name, value=form2}]
三月 23, 2014 4:20:40 下午 org.openqa.selenium.remote.RemoteWebDriver log
信息: Executing: findChildElements [4c6ccbc5-7e30-4743-aae9-59ab5891e47f, findChildElements {id={8256665c-8645-dd41-a362-e485429750b1}, using=id, value=2}]
三月 23, 2014 4:20:40 下午 org.openqa.selenium.remote.RemoteWebDriver log
信息: Executed: [4c6ccbc5-7e30-4743-aae9-59ab5891e47f, findChildElements {id={8256665c-8645-dd41-a362-e485429750b1}, using=id, value=2}]
三月 23, 2014 4:20:40 下午 org.openqa.selenium.testing.JUnit4TestBase$1 finished
信息: <<< Finished testFindElementsById(org.openqa.selenium.ChildrenFindingTest)
三月 23, 2014 4:20:40 下午 org.openqa.selenium.testing.JUnit4TestBase$1 starting
信息: >>> Starting testFindElementByName(org.openqa.selenium.ChildrenFindingTest)
三月 23, 2014 4:20:40 下午 org.openqa.selenium.remote.RemoteWebDriver log
信息: Executing: get [4c6ccbc5-7e30-4743-aae9-59ab5891e47f, get {url=http://localhost:6461/common/nestedElements.html}]
三月 23, 2014 4:20:40 下午 org.openqa.selenium.remote.RemoteWebDriver log
信息: Executed: [4c6ccbc5-7e30-4743-aae9-59ab5891e47f, get {url=http://localhost:6461/common/nestedElements.html}]
三月 23, 2014 4:20:40 下午 org.openqa.selenium.remote.RemoteWebDriver log
信息: Executing: findElement [4c6ccbc5-7e30-4743-aae9-59ab5891e47f, findElement {using=name, value=form2}]
三月 23, 2014 4:20:40 下午 org.openqa.selenium.remote.RemoteWebDriver log
信息: Executed: [4c6ccbc5-7e30-4743-aae9-59ab5891e47f, findElement {using=name, value=form2}]
三月 23, 2014 4:20:40 下午 org.openqa.selenium.remote.RemoteWebDriver log
信息: Executing: findChildElement [4c6ccbc5-7e30-4743-aae9-59ab5891e47f, findChildElement {id={3dc93cfc-dd2d-e940-844a-27100c98e25d}, using=name, value=selectomatic}]
三月 23, 2014 4:20:40 下午 org.openqa.selenium.remote.RemoteWebDriver log
信息: Executed: [4c6ccbc5-7e30-4743-aae9-59ab5891e47f, findChildElement {id={3dc93cfc-dd2d-e940-844a-27100c98e25d}, using=name, value=selectomatic}]
三月 23, 2014 4:20:40 下午 org.openqa.selenium.remote.RemoteWebDriver log
信息: Executing: getElementAttribute [4c6ccbc5-7e30-4743-aae9-59ab5891e47f, getElementAttribute {id={4c95066f-47ef-9a4d-9c67-9421e0c06026}, name=id}]
三月 23, 2014 4:20:40 下午 org.openqa.selenium.remote.RemoteWebDriver log
信息: Executed: [4c6ccbc5-7e30-4743-aae9-59ab5891e47f, getElementAttribute {id={4c95066f-47ef-9a4d-9c67-9421e0c06026}, name=id}]
三月 23, 2014 4:20:40 下午 org.openqa.selenium.testing.JUnit4TestBase$1 finished
信息: <<< Finished testFindElementByName(org.openqa.selenium.ChildrenFindingTest)
三月 23, 2014 4:20:41 下午 org.openqa.selenium.testing.JUnit4TestBase$1 starting
信息: >>> Starting testFindElementsByXPath(org.openqa.selenium.ChildrenFindingTest)
三月 23, 2014 4:20:41 下午 org.openqa.selenium.remote.RemoteWebDriver log
信息: Executing: get [4c6ccbc5-7e30-4743-aae9-59ab5891e47f, get {url=http://localhost:6461/common/nestedElements.html}]
三月 23, 2014 4:20:41 下午 org.openqa.selenium.remote.RemoteWebDriver log
信息: Executed: [4c6ccbc5-7e30-4743-aae9-59ab5891e47f, get {url=http://localhost:6461/common/nestedElements.html}]
三月 23, 2014 4:20:41 下午 org.openqa.selenium.remote.RemoteWebDriver log
信息: Executing: findElement [4c6ccbc5-7e30-4743-aae9-59ab5891e47f, findElement {using=name, value=form2}]
三月 23, 2014 4:20:41 下午 org.openqa.selenium.remote.RemoteWebDriver log
信息: Executed: [4c6ccbc5-7e30-4743-aae9-59ab5891e47f, findElement {using=name, value=form2}]
三月 23, 2014 4:20:41 下午 org.openqa.selenium.remote.RemoteWebDriver log
信息: Executing: findChildElements [4c6ccbc5-7e30-4743-aae9-59ab5891e47f, findChildElements {id={7bff7d41-49bf-774a-945d-f76848a7ef69}, using=xpath, value=select/option}]
三月 23, 2014 4:20:41 下午 org.openqa.selenium.remote.RemoteWebDriver log
信息: Executed: [4c6ccbc5-7e30-4743-aae9-59ab5891e47f, findChildElements {id={7bff7d41-49bf-774a-945d-f76848a7ef69}, using=xpath, value=select/option}]
三月 23, 2014 4:20:41 下午 org.openqa.selenium.remote.RemoteWebDriver log
信息: Executing: getElementText [4c6ccbc5-7e30-4743-aae9-59ab5891e47f, getElementText {id={24d04b0e-4622-0b4b-ae48-f3c60ca6d2c8}}]
三月 23, 2014 4:20:41 下午 org.openqa.selenium.remote.RemoteWebDriver log
信息: Executed: [4c6ccbc5-7e30-4743-aae9-59ab5891e47f, getElementText {id={24d04b0e-4622-0b4b-ae48-f3c60ca6d2c8}}]
三月 23, 2014 4:20:41 下午 org.openqa.selenium.remote.RemoteWebDriver log
信息: Executing: getElementText [4c6ccbc5-7e30-4743-aae9-59ab5891e47f, getElementText {id={308dfc21-d09b-464f-b3d9-d63a30aeb143}}]
三月 23, 2014 4:20:41 下午 org.openqa.selenium.remote.RemoteWebDriver log
信息: Executed: [4c6ccbc5-7e30-4743-aae9-59ab5891e47f, getElementText {id={308dfc21-d09b-464f-b3d9-d63a30aeb143}}]
三月 23, 2014 4:20:41 下午 org.openqa.selenium.testing.JUnit4TestBase$1 finished
信息: <<< Finished testFindElementsByXPath(org.openqa.selenium.ChildrenFindingTest)
三月 23, 2014 4:20:41 下午 org.openqa.selenium.testing.JUnit4TestBase$1 starting
信息: >>> Starting testShouldFindChildElementsByTagName(org.openqa.selenium.ChildrenFindingTest)
三月 23, 2014 4:20:41 下午 org.openqa.selenium.remote.RemoteWebDriver log
信息: Executing: get [4c6ccbc5-7e30-4743-aae9-59ab5891e47f, get {url=http://localhost:6461/common/nestedElements.html}]
三月 23, 2014 4:20:41 下午 org.openqa.selenium.remote.RemoteWebDriver log
信息: Executed: [4c6ccbc5-7e30-4743-aae9-59ab5891e47f, get {url=http://localhost:6461/common/nestedElements.html}]
三月 23, 2014 4:20:41 下午 org.openqa.selenium.remote.RemoteWebDriver log
信息: Executing: findElement [4c6ccbc5-7e30-4743-aae9-59ab5891e47f, findElement {using=name, value=div1}]
三月 23, 2014 4:20:41 下午 org.openqa.selenium.remote.RemoteWebDriver log
信息: Executed: [4c6ccbc5-7e30-4743-aae9-59ab5891e47f, findElement {using=name, value=div1}]
三月 23, 2014 4:20:41 下午 org.openqa.selenium.remote.RemoteWebDriver log
信息: Executing: findChildElement [4c6ccbc5-7e30-4743-aae9-59ab5891e47f, findChildElement {id={a3a6b689-946b-a947-ab04-e45ddd79354c}, using=tag name, value=a}]
三月 23, 2014 4:20:41 下午 org.openqa.selenium.remote.RemoteWebDriver log
信息: Executed: [4c6ccbc5-7e30-4743-aae9-59ab5891e47f, findChildElement {id={a3a6b689-946b-a947-ab04-e45ddd79354c}, using=tag name, value=a}]
三月 23, 2014 4:20:41 下午 org.openqa.selenium.remote.RemoteWebDriver log
信息: Executing: getElementAttribute [4c6ccbc5-7e30-4743-aae9-59ab5891e47f, getElementAttribute {id={dac67ef7-abeb-ee41-a69f-c7c4ea19c25e}, name=name}]
三月 23, 2014 4:20:41 下午 org.openqa.selenium.remote.RemoteWebDriver log
信息: Executed: [4c6ccbc5-7e30-4743-aae9-59ab5891e47f, getElementAttribute {id={dac67ef7-abeb-ee41-a69f-c7c4ea19c25e}, name=name}]
三月 23, 2014 4:20:41 下午 org.openqa.selenium.testing.JUnit4TestBase$1 finished
信息: <<< Finished testShouldFindChildElementsByTagName(org.openqa.selenium.ChildrenFindingTest)
三月 23, 2014 4:20:41 下午 org.openqa.selenium.testing.JUnit4TestBase$1 starting
信息: >>> Starting testShouldBeAbleToFindAnElementByCssSelector(org.openqa.selenium.ChildrenFindingTest)
三月 23, 2014 4:20:41 下午 org.openqa.selenium.remote.RemoteWebDriver log
信息: Executing: get [4c6ccbc5-7e30-4743-aae9-59ab5891e47f, get {url=http://localhost:6461/common/nestedElements.html}]
三月 23, 2014 4:20:41 下午 org.openqa.selenium.remote.RemoteWebDriver log
信息: Executed: [4c6ccbc5-7e30-4743-aae9-59ab5891e47f, get {url=http://localhost:6461/common/nestedElements.html}]
三月 23, 2014 4:20:41 下午 org.openqa.selenium.remote.RemoteWebDriver log
信息: Executing: findElement [4c6ccbc5-7e30-4743-aae9-59ab5891e47f, findElement {using=name, value=form2}]
三月 23, 2014 4:20:41 下午 org.openqa.selenium.remote.RemoteWebDriver log
信息: Executed: [4c6ccbc5-7e30-4743-aae9-59ab5891e47f, findElement {using=name, value=form2}]
三月 23, 2014 4:20:41 下午 org.openqa.selenium.remote.RemoteWebDriver log
信息: Executing: findChildElement [4c6ccbc5-7e30-4743-aae9-59ab5891e47f, findChildElement {id={5321d365-4904-bf4e-8014-d65077495454}, using=css selector, value=*[name="selectomatic"]}]
三月 23, 2014 4:20:41 下午 org.openqa.selenium.remote.RemoteWebDriver log
信息: Executed: [4c6ccbc5-7e30-4743-aae9-59ab5891e47f, findChildElement {id={5321d365-4904-bf4e-8014-d65077495454}, using=css selector, value=*[name="selectomatic"]}]
三月 23, 2014 4:20:41 下午 org.openqa.selenium.remote.RemoteWebDriver log
信息: Executing: getElementAttribute [4c6ccbc5-7e30-4743-aae9-59ab5891e47f, getElementAttribute {id={36a44463-7a0f-2f42-85bd-a3d416e01eab}, name=id}]
三月 23, 2014 4:20:41 下午 org.openqa.selenium.remote.RemoteWebDriver log
信息: Executed: [4c6ccbc5-7e30-4743-aae9-59ab5891e47f, getElementAttribute {id={36a44463-7a0f-2f42-85bd-a3d416e01eab}, name=id}]
三月 23, 2014 4:20:41 下午 org.openqa.selenium.testing.JUnit4TestBase$1 finished
信息: <<< Finished testShouldBeAbleToFindAnElementByCssSelector(org.openqa.selenium.ChildrenFindingTest)
三月 23, 2014 4:20:41 下午 org.openqa.selenium.testing.JUnit4TestBase$1 starting
信息: >>> Starting testFindingByCssShouldNotIncludeParentElementIfSameTagType(org.openqa.selenium.ChildrenFindingTest)
三月 23, 2014 4:20:41 下午 org.openqa.selenium.remote.RemoteWebDriver log
信息: Executing: get [4c6ccbc5-7e30-4743-aae9-59ab5891e47f, get {url=http://localhost:6461/common/xhtmlTest.html}]
三月 23, 2014 4:20:41 下午 org.openqa.selenium.remote.RemoteWebDriver log
信息: Executed: [4c6ccbc5-7e30-4743-aae9-59ab5891e47f, get {url=http://localhost:6461/common/xhtmlTest.html}]
三月 23, 2014 4:20:41 下午 org.openqa.selenium.remote.RemoteWebDriver log
信息: Executing: findElement [4c6ccbc5-7e30-4743-aae9-59ab5891e47f, findElement {using=css selector, value=div#parent}]
三月 23, 2014 4:20:41 下午 org.openqa.selenium.remote.RemoteWebDriver log
信息: Executed: [4c6ccbc5-7e30-4743-aae9-59ab5891e47f, findElement {using=css selector, value=div#parent}]
三月 23, 2014 4:20:41 下午 org.openqa.selenium.remote.RemoteWebDriver log
信息: Executing: findChildElement [4c6ccbc5-7e30-4743-aae9-59ab5891e47f, findChildElement {id={5ab9a993-a96b-d941-bdd5-ee885fa5f8ca}, using=css selector, value=div}]
三月 23, 2014 4:20:41 下午 org.openqa.selenium.remote.RemoteWebDriver log
信息: Executed: [4c6ccbc5-7e30-4743-aae9-59ab5891e47f, findChildElement {id={5ab9a993-a96b-d941-bdd5-ee885fa5f8ca}, using=css selector, value=div}]
三月 23, 2014 4:20:41 下午 org.openqa.selenium.remote.RemoteWebDriver log
信息: Executing: getElementAttribute [4c6ccbc5-7e30-4743-aae9-59ab5891e47f, getElementAttribute {id={99ab3843-092f-7c4e-ab3f-c8197738eef5}, name=id}]
三月 23, 2014 4:20:41 下午 org.openqa.selenium.remote.RemoteWebDriver log
信息: Executed: [4c6ccbc5-7e30-4743-aae9-59ab5891e47f, getElementAttribute {id={99ab3843-092f-7c4e-ab3f-c8197738eef5}, name=id}]
三月 23, 2014 4:20:41 下午 org.openqa.selenium.testing.JUnit4TestBase$1 finished
信息: <<< Finished testFindingByCssShouldNotIncludeParentElementIfSameTagType(org.openqa.selenium.ChildrenFindingTest)
三月 23, 2014 4:20:41 下午 org.openqa.selenium.testing.JUnit4TestBase$1 starting
信息: >>> Starting testFindElementByLinkText(org.openqa.selenium.ChildrenFindingTest)
三月 23, 2014 4:20:41 下午 org.openqa.selenium.remote.RemoteWebDriver log
信息: Executing: get [4c6ccbc5-7e30-4743-aae9-59ab5891e47f, get {url=http://localhost:6461/common/nestedElements.html}]
三月 23, 2014 4:20:41 下午 org.openqa.selenium.remote.RemoteWebDriver log
信息: Executed: [4c6ccbc5-7e30-4743-aae9-59ab5891e47f, get {url=http://localhost:6461/common/nestedElements.html}]
三月 23, 2014 4:20:41 下午 org.openqa.selenium.remote.RemoteWebDriver log
信息: Executing: findElement [4c6ccbc5-7e30-4743-aae9-59ab5891e47f, findElement {using=name, value=div1}]
三月 23, 2014 4:20:41 下午 org.openqa.selenium.remote.RemoteWebDriver log
信息: Executed: [4c6ccbc5-7e30-4743-aae9-59ab5891e47f, findElement {using=name, value=div1}]
三月 23, 2014 4:20:41 下午 org.openqa.selenium.remote.RemoteWebDriver log
信息: Executing: findChildElement [4c6ccbc5-7e30-4743-aae9-59ab5891e47f, findChildElement {id={a8f9c4de-c214-b74a-9939-e40a10941e45}, using=link text, value=hello world}]
三月 23, 2014 4:20:41 下午 org.openqa.selenium.remote.RemoteWebDriver log
信息: Executed: [4c6ccbc5-7e30-4743-aae9-59ab5891e47f, findChildElement {id={a8f9c4de-c214-b74a-9939-e40a10941e45}, using=link text, value=hello world}]
三月 23, 2014 4:20:41 下午 org.openqa.selenium.remote.RemoteWebDriver log
信息: Executing: getElementAttribute [4c6ccbc5-7e30-4743-aae9-59ab5891e47f, getElementAttribute {id={2436dab9-bd1a-7047-bc0b-657170fccdb3}, name=name}]
三月 23, 2014 4:20:41 下午 org.openqa.selenium.remote.RemoteWebDriver log
信息: Executed: [4c6ccbc5-7e30-4743-aae9-59ab5891e47f, getElementAttribute {id={2436dab9-bd1a-7047-bc0b-657170fccdb3}, name=name}]
三月 23, 2014 4:20:41 下午 org.openqa.selenium.testing.JUnit4TestBase$1 finished
信息: <<< Finished testFindElementByLinkText(org.openqa.selenium.ChildrenFindingTest)
三月 23, 2014 4:20:41 下午 org.openqa.selenium.testing.JUnit4TestBase$1 starting
信息: >>> Starting testFindingDotSlashElementsOnElementByXPathShouldFindNotTopLevelElements(org.openqa.selenium.ChildrenFindingTest)
三月 23, 2014 4:20:41 下午 org.openqa.selenium.remote.RemoteWebDriver log
信息: Executing: get [4c6ccbc5-7e30-4743-aae9-59ab5891e47f, get {url=http://localhost:6461/common/simpleTest.html}]
三月 23, 2014 4:20:41 下午 org.openqa.selenium.remote.RemoteWebDriver log
信息: Executed: [4c6ccbc5-7e30-4743-aae9-59ab5891e47f, get {url=http://localhost:6461/common/simpleTest.html}]
三月 23, 2014 4:20:41 下午 org.openqa.selenium.remote.RemoteWebDriver log
信息: Executing: findElement [4c6ccbc5-7e30-4743-aae9-59ab5891e47f, findElement {using=id, value=multiline}]
三月 23, 2014 4:20:41 下午 org.openqa.selenium.remote.RemoteWebDriver log
信息: Executed: [4c6ccbc5-7e30-4743-aae9-59ab5891e47f, findElement {using=id, value=multiline}]
三月 23, 2014 4:20:41 下午 org.openqa.selenium.remote.RemoteWebDriver log
信息: Executing: findChildElements [4c6ccbc5-7e30-4743-aae9-59ab5891e47f, findChildElements {id={300874f3-752e-0644-87c3-a15eae0df1bd}, using=xpath, value=./p}]
三月 23, 2014 4:20:41 下午 org.openqa.selenium.remote.RemoteWebDriver log
信息: Executed: [4c6ccbc5-7e30-4743-aae9-59ab5891e47f, findChildElements {id={300874f3-752e-0644-87c3-a15eae0df1bd}, using=xpath, value=./p}]
三月 23, 2014 4:20:41 下午 org.openqa.selenium.remote.RemoteWebDriver log
信息: Executing: getElementText [4c6ccbc5-7e30-4743-aae9-59ab5891e47f, getElementText {id={e8c995f6-3c29-634c-8c48-6f6a57fd75c3}}]
三月 23, 2014 4:20:41 下午 org.openqa.selenium.remote.RemoteWebDriver log
信息: Executed: [4c6ccbc5-7e30-4743-aae9-59ab5891e47f, getElementText {id={e8c995f6-3c29-634c-8c48-6f6a57fd75c3}}]
三月 23, 2014 4:20:41 下午 org.openqa.selenium.testing.JUnit4TestBase$1 finished
信息: <<< Finished testFindingDotSlashElementsOnElementByXPathShouldFindNotTopLevelElements(org.openqa.selenium.ChildrenFindingTest)
三月 23, 2014 4:20:41 下午 org.openqa.selenium.testing.JUnit4TestBase$1 starting
信息: >>> Starting testReturnAnEmptyListWhenThereAreNoChildrenOfANode(org.openqa.selenium.ChildrenFindingTest)
三月 23, 2014 4:20:41 下午 org.openqa.selenium.remote.RemoteWebDriver log
信息: Executing: get [4c6ccbc5-7e30-4743-aae9-59ab5891e47f, get {url=http://localhost:6461/common/xhtmlTest.html}]
三月 23, 2014 4:20:41 下午 org.openqa.selenium.remote.RemoteWebDriver log
信息: Executed: [4c6ccbc5-7e30-4743-aae9-59ab5891e47f, get {url=http://localhost:6461/common/xhtmlTest.html}]
三月 23, 2014 4:20:41 下午 org.openqa.selenium.remote.RemoteWebDriver log
信息: Executing: findElement [4c6ccbc5-7e30-4743-aae9-59ab5891e47f, findElement {using=id, value=table}]
三月 23, 2014 4:20:41 下午 org.openqa.selenium.remote.RemoteWebDriver log
信息: Executed: [4c6ccbc5-7e30-4743-aae9-59ab5891e47f, findElement {using=id, value=table}]
三月 23, 2014 4:20:41 下午 org.openqa.selenium.remote.RemoteWebDriver log
信息: Executing: findChildElements [4c6ccbc5-7e30-4743-aae9-59ab5891e47f, findChildElements {id={fe4a588b-976e-604c-9130-5c8d60095f18}, using=tag name, value=tr}]
三月 23, 2014 4:20:41 下午 org.openqa.selenium.remote.RemoteWebDriver log
信息: Executed: [4c6ccbc5-7e30-4743-aae9-59ab5891e47f, findChildElements {id={fe4a588b-976e-604c-9130-5c8d60095f18}, using=tag name, value=tr}]
三月 23, 2014 4:20:41 下午 org.openqa.selenium.testing.JUnit4TestBase$1 finished
信息: <<< Finished testReturnAnEmptyListWhenThereAreNoChildrenOfANode(org.openqa.selenium.ChildrenFindingTest)
三月 23, 2014 4:20:41 下午 org.openqa.selenium.testing.JUnit4TestBase$1 starting
信息: >>> Starting testShouldNotFindElementOutSideTree(org.openqa.selenium.ChildrenFindingTest)
三月 23, 2014 4:20:41 下午 org.openqa.selenium.remote.RemoteWebDriver log
信息: Executing: get [4c6ccbc5-7e30-4743-aae9-59ab5891e47f, get {url=http://localhost:6461/common/formPage.html}]
三月 23, 2014 4:20:41 下午 org.openqa.selenium.remote.RemoteWebDriver log
信息: Executed: [4c6ccbc5-7e30-4743-aae9-59ab5891e47f, get {url=http://localhost:6461/common/formPage.html}]
三月 23, 2014 4:20:41 下午 org.openqa.selenium.remote.RemoteWebDriver log
信息: Executing: findElement [4c6ccbc5-7e30-4743-aae9-59ab5891e47f, findElement {using=name, value=login}]
三月 23, 2014 4:20:41 下午 org.openqa.selenium.remote.RemoteWebDriver log
信息: Executed: [4c6ccbc5-7e30-4743-aae9-59ab5891e47f, findElement {using=name, value=login}]
三月 23, 2014 4:20:41 下午 org.openqa.selenium.remote.RemoteWebDriver log
信息: Executing: findChildElement [4c6ccbc5-7e30-4743-aae9-59ab5891e47f, findChildElement {id={642f355d-0cd6-f34c-8ac3-ad0b29e26438}, using=name, value=x}]
三月 23, 2014 4:20:41 下午 org.openqa.selenium.remote.RemoteWebDriver log
信息: Executed: [4c6ccbc5-7e30-4743-aae9-59ab5891e47f, findChildElement {id={642f355d-0cd6-f34c-8ac3-ad0b29e26438}, using=name, value=x}]
三月 23, 2014 4:20:41 下午 org.openqa.selenium.testing.JUnit4TestBase$1 finished
信息: <<< Finished testShouldNotFindElementOutSideTree(org.openqa.selenium.ChildrenFindingTest)
三月 23, 2014 4:20:41 下午 org.openqa.selenium.testing.JUnit4TestBase$1 starting
信息: >>> Starting testShouldFindChildElementsByClassName(org.openqa.selenium.ChildrenFindingTest)
三月 23, 2014 4:20:41 下午 org.openqa.selenium.remote.RemoteWebDriver log
信息: Executing: get [4c6ccbc5-7e30-4743-aae9-59ab5891e47f, get {url=http://localhost:6461/common/nestedElements.html}]
三月 23, 2014 4:20:41 下午 org.openqa.selenium.remote.RemoteWebDriver log
信息: Executed: [4c6ccbc5-7e30-4743-aae9-59ab5891e47f, get {url=http://localhost:6461/common/nestedElements.html}]
三月 23, 2014 4:20:41 下午 org.openqa.selenium.remote.RemoteWebDriver log
信息: Executing: findElement [4c6ccbc5-7e30-4743-aae9-59ab5891e47f, findElement {using=name, value=classes}]
三月 23, 2014 4:20:41 下午 org.openqa.selenium.remote.RemoteWebDriver log
信息: Executed: [4c6ccbc5-7e30-4743-aae9-59ab5891e47f, findElement {using=name, value=classes}]
三月 23, 2014 4:20:41 下午 org.openqa.selenium.remote.RemoteWebDriver log
信息: Executing: findChildElement [4c6ccbc5-7e30-4743-aae9-59ab5891e47f, findChildElement {id={2b8d1a8d-b573-0447-b419-236f3580c914}, using=class name, value=one}]
三月 23, 2014 4:20:41 下午 org.openqa.selenium.remote.RemoteWebDriver log
信息: Executed: [4c6ccbc5-7e30-4743-aae9-59ab5891e47f, findChildElement {id={2b8d1a8d-b573-0447-b419-236f3580c914}, using=class name, value=one}]
三月 23, 2014 4:20:41 下午 org.openqa.selenium.remote.RemoteWebDriver log
信息: Executing: getElementText [4c6ccbc5-7e30-4743-aae9-59ab5891e47f, getElementText {id={2f0aeed8-b238-6f4b-a57a-a46ab43b57dd}}]
三月 23, 2014 4:20:41 下午 org.openqa.selenium.remote.RemoteWebDriver log
信息: Executed: [4c6ccbc5-7e30-4743-aae9-59ab5891e47f, getElementText {id={2f0aeed8-b238-6f4b-a57a-a46ab43b57dd}}]
三月 23, 2014 4:20:41 下午 org.openqa.selenium.testing.JUnit4TestBase$1 finished
信息: <<< Finished testShouldFindChildElementsByClassName(org.openqa.selenium.ChildrenFindingTest)
三月 23, 2014 4:20:41 下午 org.openqa.selenium.testing.JUnit4TestBase$1 starting
信息: >>> Starting testFindElementByXPathWhenNoMatch(org.openqa.selenium.ChildrenFindingTest)
三月 23, 2014 4:20:41 下午 org.openqa.selenium.remote.RemoteWebDriver log
信息: Executing: get [4c6ccbc5-7e30-4743-aae9-59ab5891e47f, get {url=http://localhost:6461/common/nestedElements.html}]
三月 23, 2014 4:20:41 下午 org.openqa.selenium.remote.RemoteWebDriver log
信息: Executed: [4c6ccbc5-7e30-4743-aae9-59ab5891e47f, get {url=http://localhost:6461/common/nestedElements.html}]
三月 23, 2014 4:20:41 下午 org.openqa.selenium.remote.RemoteWebDriver log
信息: Executing: findElement [4c6ccbc5-7e30-4743-aae9-59ab5891e47f, findElement {using=name, value=form2}]
三月 23, 2014 4:20:41 下午 org.openqa.selenium.remote.RemoteWebDriver log
信息: Executed: [4c6ccbc5-7e30-4743-aae9-59ab5891e47f, findElement {using=name, value=form2}]
三月 23, 2014 4:20:41 下午 org.openqa.selenium.remote.RemoteWebDriver log
信息: Executing: findChildElement [4c6ccbc5-7e30-4743-aae9-59ab5891e47f, findChildElement {id={984f9751-8f36-574a-8bc9-5313d509f2f3}, using=xpath, value=.//select/x}]
三月 23, 2014 4:20:41 下午 org.openqa.selenium.remote.RemoteWebDriver log
信息: Executed: [4c6ccbc5-7e30-4743-aae9-59ab5891e47f, findChildElement {id={984f9751-8f36-574a-8bc9-5313d509f2f3}, using=xpath, value=.//select/x}]
三月 23, 2014 4:20:41 下午 org.openqa.selenium.testing.JUnit4TestBase$1 finished
信息: <<< Finished testFindElementByXPathWhenNoMatch(org.openqa.selenium.ChildrenFindingTest)
三月 23, 2014 4:20:41 下午 org.openqa.selenium.testing.JUnit4TestBase$1 starting
信息: >>> Starting testFindElementByIdWhenNoMatchInContext(org.openqa.selenium.ChildrenFindingTest)
三月 23, 2014 4:20:41 下午 org.openqa.selenium.remote.RemoteWebDriver log
信息: Executing: get [4c6ccbc5-7e30-4743-aae9-59ab5891e47f, get {url=http://localhost:6461/common/nestedElements.html}]
三月 23, 2014 4:20:41 下午 org.openqa.selenium.remote.RemoteWebDriver log
信息: Executed: [4c6ccbc5-7e30-4743-aae9-59ab5891e47f, get {url=http://localhost:6461/common/nestedElements.html}]
三月 23, 2014 4:20:41 下午 org.openqa.selenium.remote.RemoteWebDriver log
信息: Executing: findElement [4c6ccbc5-7e30-4743-aae9-59ab5891e47f, findElement {using=id, value=test_id_div}]
三月 23, 2014 4:20:41 下午 org.openqa.selenium.remote.RemoteWebDriver log
信息: Executed: [4c6ccbc5-7e30-4743-aae9-59ab5891e47f, findElement {using=id, value=test_id_div}]
三月 23, 2014 4:20:41 下午 org.openqa.selenium.remote.RemoteWebDriver log
信息: Executing: findChildElement [4c6ccbc5-7e30-4743-aae9-59ab5891e47f, findChildElement {id={eccf7f8e-2fa6-fe4a-803d-d4484fccc32d}, using=id, value=test_id_out}]
三月 23, 2014 4:20:41 下午 org.openqa.selenium.remote.RemoteWebDriver log
信息: Executed: [4c6ccbc5-7e30-4743-aae9-59ab5891e47f, findChildElement {id={eccf7f8e-2fa6-fe4a-803d-d4484fccc32d}, using=id, value=test_id_out}]
三月 23, 2014 4:20:41 下午 org.openqa.selenium.testing.JUnit4TestBase$1 finished
信息: <<< Finished testFindElementByIdWhenNoMatchInContext(org.openqa.selenium.ChildrenFindingTest)
三月 23, 2014 4:20:41 下午 org.openqa.selenium.testing.JUnit4TestBase$1 starting
信息: >>> Starting testFindElementsByXPathWhenNoMatch(org.openqa.selenium.ChildrenFindingTest)
三月 23, 2014 4:20:41 下午 org.openqa.selenium.remote.RemoteWebDriver log
信息: Executing: get [4c6ccbc5-7e30-4743-aae9-59ab5891e47f, get {url=http://localhost:6461/common/nestedElements.html}]
三月 23, 2014 4:20:41 下午 org.openqa.selenium.remote.RemoteWebDriver log
信息: Executed: [4c6ccbc5-7e30-4743-aae9-59ab5891e47f, get {url=http://localhost:6461/common/nestedElements.html}]
三月 23, 2014 4:20:41 下午 org.openqa.selenium.remote.RemoteWebDriver log
信息: Executing: findElement [4c6ccbc5-7e30-4743-aae9-59ab5891e47f, findElement {using=name, value=form2}]
三月 23, 2014 4:20:41 下午 org.openqa.selenium.remote.RemoteWebDriver log
信息: Executed: [4c6ccbc5-7e30-4743-aae9-59ab5891e47f, findElement {using=name, value=form2}]
三月 23, 2014 4:20:41 下午 org.openqa.selenium.remote.RemoteWebDriver log
信息: Executing: findChildElements [4c6ccbc5-7e30-4743-aae9-59ab5891e47f, findChildElements {id={ab0cd353-99a3-2d47-8fff-0231067518d1}, using=xpath, value=.//select/x}]
三月 23, 2014 4:20:42 下午 org.openqa.selenium.remote.RemoteWebDriver log
信息: Executed: [4c6ccbc5-7e30-4743-aae9-59ab5891e47f, findChildElements {id={ab0cd353-99a3-2d47-8fff-0231067518d1}, using=xpath, value=.//select/x}]
三月 23, 2014 4:20:42 下午 org.openqa.selenium.testing.JUnit4TestBase$1 finished
信息: <<< Finished testFindElementsByXPathWhenNoMatch(org.openqa.selenium.ChildrenFindingTest)
三月 23, 2014 4:20:42 下午 org.openqa.selenium.testing.JUnit4TestBase$1 starting
信息: >>> Starting testFindElementByIdWhenMultipleMatchesExist(org.openqa.selenium.ChildrenFindingTest)
三月 23, 2014 4:20:42 下午 org.openqa.selenium.remote.RemoteWebDriver log
信息: Executing: get [4c6ccbc5-7e30-4743-aae9-59ab5891e47f, get {url=http://localhost:6461/common/nestedElements.html}]
三月 23, 2014 4:20:42 下午 org.openqa.selenium.remote.RemoteWebDriver log
信息: Executed: [4c6ccbc5-7e30-4743-aae9-59ab5891e47f, get {url=http://localhost:6461/common/nestedElements.html}]
三月 23, 2014 4:20:42 下午 org.openqa.selenium.remote.RemoteWebDriver log
信息: Executing: findElement [4c6ccbc5-7e30-4743-aae9-59ab5891e47f, findElement {using=id, value=test_id_div}]
三月 23, 2014 4:20:42 下午 org.openqa.selenium.remote.RemoteWebDriver log
信息: Executed: [4c6ccbc5-7e30-4743-aae9-59ab5891e47f, findElement {using=id, value=test_id_div}]
三月 23, 2014 4:20:42 下午 org.openqa.selenium.remote.RemoteWebDriver log
信息: Executing: findChildElement [4c6ccbc5-7e30-4743-aae9-59ab5891e47f, findChildElement {id={71036300-d69f-1a4b-82b8-b3095e54713b}, using=id, value=test_id}]
三月 23, 2014 4:20:42 下午 org.openqa.selenium.remote.RemoteWebDriver log
信息: Executed: [4c6ccbc5-7e30-4743-aae9-59ab5891e47f, findChildElement {id={71036300-d69f-1a4b-82b8-b3095e54713b}, using=id, value=test_id}]
三月 23, 2014 4:20:42 下午 org.openqa.selenium.remote.RemoteWebDriver log
信息: Executing: getElementText [4c6ccbc5-7e30-4743-aae9-59ab5891e47f, getElementText {id={047729a9-9e3e-d544-aa75-cafbdc73688b}}]
三月 23, 2014 4:20:42 下午 org.openqa.selenium.remote.RemoteWebDriver log
信息: Executed: [4c6ccbc5-7e30-4743-aae9-59ab5891e47f, getElementText {id={047729a9-9e3e-d544-aa75-cafbdc73688b}}]
三月 23, 2014 4:20:42 下午 org.openqa.selenium.testing.JUnit4TestBase$1 finished
信息: <<< Finished testFindElementByIdWhenMultipleMatchesExist(org.openqa.selenium.ChildrenFindingTest)
三月 23, 2014 4:20:42 下午 org.openqa.selenium.testing.JUnit4TestBase$1 starting
信息: >>> Starting testLinkWithTrailingSpace(org.openqa.selenium.ChildrenFindingTest)
三月 23, 2014 4:20:42 下午 org.openqa.selenium.remote.RemoteWebDriver log
信息: Executing: get [4c6ccbc5-7e30-4743-aae9-59ab5891e47f, get {url=http://localhost:6461/common/simpleTest.html}]
三月 23, 2014 4:20:42 下午 org.openqa.selenium.remote.RemoteWebDriver log
信息: Executed: [4c6ccbc5-7e30-4743-aae9-59ab5891e47f, get {url=http://localhost:6461/common/simpleTest.html}]
三月 23, 2014 4:20:42 下午 org.openqa.selenium.remote.RemoteWebDriver log
信息: Executing: findElement [4c6ccbc5-7e30-4743-aae9-59ab5891e47f, findElement {using=id, value=links}]
三月 23, 2014 4:20:42 下午 org.openqa.selenium.remote.RemoteWebDriver log
信息: Executed: [4c6ccbc5-7e30-4743-aae9-59ab5891e47f, findElement {using=id, value=links}]
三月 23, 2014 4:20:42 下午 org.openqa.selenium.remote.RemoteWebDriver log
信息: Executing: findChildElement [4c6ccbc5-7e30-4743-aae9-59ab5891e47f, findChildElement {id={7eaf3ad1-dd48-174e-8718-171eb30777f6}, using=partial link text, value=link with trailing space}]
三月 23, 2014 4:20:42 下午 org.openqa.selenium.remote.RemoteWebDriver log
信息: Executed: [4c6ccbc5-7e30-4743-aae9-59ab5891e47f, findChildElement {id={7eaf3ad1-dd48-174e-8718-171eb30777f6}, using=partial link text, value=link with trailing space}]
三月 23, 2014 4:20:42 下午 org.openqa.selenium.remote.RemoteWebDriver log
信息: Executing: getElementText [4c6ccbc5-7e30-4743-aae9-59ab5891e47f, getElementText {id={39d58c91-c3fc-0b43-808a-6ec675279afb}}]
三月 23, 2014 4:20:42 下午 org.openqa.selenium.remote.RemoteWebDriver log
信息: Executed: [4c6ccbc5-7e30-4743-aae9-59ab5891e47f, getElementText {id={39d58c91-c3fc-0b43-808a-6ec675279afb}}]
三月 23, 2014 4:20:42 下午 org.openqa.selenium.testing.JUnit4TestBase$1 finished
信息: <<< Finished testLinkWithTrailingSpace(org.openqa.selenium.ChildrenFindingTest)
三月 23, 2014 4:20:42 下午 org.openqa.selenium.testing.JUnit4TestBase$1 starting
信息: >>> Starting testFindElementsByLinkTest(org.openqa.selenium.ChildrenFindingTest)
三月 23, 2014 4:20:42 下午 org.openqa.selenium.remote.RemoteWebDriver log
信息: Executing: get [4c6ccbc5-7e30-4743-aae9-59ab5891e47f, get {url=http://localhost:6461/common/nestedElements.html}]
三月 23, 2014 4:20:42 下午 org.openqa.selenium.remote.RemoteWebDriver log
信息: Executed: [4c6ccbc5-7e30-4743-aae9-59ab5891e47f, get {url=http://localhost:6461/common/nestedElements.html}]
三月 23, 2014 4:20:42 下午 org.openqa.selenium.remote.RemoteWebDriver log
信息: Executing: findElement [4c6ccbc5-7e30-4743-aae9-59ab5891e47f, findElement {using=name, value=div1}]
三月 23, 2014 4:20:42 下午 org.openqa.selenium.remote.RemoteWebDriver log
信息: Executed: [4c6ccbc5-7e30-4743-aae9-59ab5891e47f, findElement {using=name, value=div1}]
三月 23, 2014 4:20:42 下午 org.openqa.selenium.remote.RemoteWebDriver log
信息: Executing: findChildElements [4c6ccbc5-7e30-4743-aae9-59ab5891e47f, findChildElements {id={2be469a1-8d14-4a4b-b176-7dbc8728d5dd}, using=link text, value=hello world}]
三月 23, 2014 4:20:42 下午 org.openqa.selenium.remote.RemoteWebDriver log
信息: Executed: [4c6ccbc5-7e30-4743-aae9-59ab5891e47f, findChildElements {id={2be469a1-8d14-4a4b-b176-7dbc8728d5dd}, using=link text, value=hello world}]
三月 23, 2014 4:20:42 下午 org.openqa.selenium.remote.RemoteWebDriver log
信息: Executing: getElementAttribute [4c6ccbc5-7e30-4743-aae9-59ab5891e47f, getElementAttribute {id={9513f76e-a2ac-5644-871c-c9458f589986}, name=name}]
三月 23, 2014 4:20:42 下午 org.openqa.selenium.remote.RemoteWebDriver log
信息: Executed: [4c6ccbc5-7e30-4743-aae9-59ab5891e47f, getElementAttribute {id={9513f76e-a2ac-5644-871c-c9458f589986}, name=name}]
三月 23, 2014 4:20:42 下午 org.openqa.selenium.remote.RemoteWebDriver log
信息: Executing: getElementAttribute [4c6ccbc5-7e30-4743-aae9-59ab5891e47f, getElementAttribute {id={ed208e1a-e7ab-754b-b2c1-1b0bff085538}, name=name}]
三月 23, 2014 4:20:42 下午 org.openqa.selenium.remote.RemoteWebDriver log
信息: Executed: [4c6ccbc5-7e30-4743-aae9-59ab5891e47f, getElementAttribute {id={ed208e1a-e7ab-754b-b2c1-1b0bff085538}, name=name}]
三月 23, 2014 4:20:42 下午 org.openqa.selenium.testing.JUnit4TestBase$1 finished
信息: <<< Finished testFindElementsByLinkTest(org.openqa.selenium.ChildrenFindingTest)
三月 23, 2014 4:20:42 下午 org.openqa.selenium.testing.JUnit4TestBase$1 starting
信息: >>> Starting testShouldBeAbleToFindChildrenOfANode(org.openqa.selenium.ChildrenFindingTest)
三月 23, 2014 4:20:42 下午 org.openqa.selenium.remote.RemoteWebDriver log
信息: Executing: get [4c6ccbc5-7e30-4743-aae9-59ab5891e47f, get {url=http://localhost:6461/common/selectableItems.html}]
三月 23, 2014 4:20:42 下午 org.openqa.selenium.remote.RemoteWebDriver log
信息: Executed: [4c6ccbc5-7e30-4743-aae9-59ab5891e47f, get {url=http://localhost:6461/common/selectableItems.html}]
三月 23, 2014 4:20:42 下午 org.openqa.selenium.remote.RemoteWebDriver log
信息: Executing: findElements [4c6ccbc5-7e30-4743-aae9-59ab5891e47f, findElements {using=xpath, value=/html/head}]
三月 23, 2014 4:20:42 下午 org.openqa.selenium.remote.RemoteWebDriver log
信息: Executed: [4c6ccbc5-7e30-4743-aae9-59ab5891e47f, findElements {using=xpath, value=/html/head}]
三月 23, 2014 4:20:42 下午 org.openqa.selenium.remote.RemoteWebDriver log
信息: Executing: findChildElements [4c6ccbc5-7e30-4743-aae9-59ab5891e47f, findChildElements {id={66eb2a7b-1be3-054b-a20b-ddb01e7b44af}, using=tag name, value=script}]
三月 23, 2014 4:20:42 下午 org.openqa.selenium.remote.RemoteWebDriver log
信息: Executed: [4c6ccbc5-7e30-4743-aae9-59ab5891e47f, findChildElements {id={66eb2a7b-1be3-054b-a20b-ddb01e7b44af}, using=tag name, value=script}]
三月 23, 2014 4:20:42 下午 org.openqa.selenium.testing.JUnit4TestBase$1 finished
信息: <<< Finished testShouldBeAbleToFindChildrenOfANode(org.openqa.selenium.ChildrenFindingTest)
三月 23, 2014 4:20:42 下午 org.openqa.selenium.testing.JUnit4TestBase$1 starting
信息: >>> Starting testFindingElementsOnElementByXPathShouldFindTopLevelElements(org.openqa.selenium.ChildrenFindingTest)
三月 23, 2014 4:20:42 下午 org.openqa.selenium.remote.RemoteWebDriver log
信息: Executing: get [4c6ccbc5-7e30-4743-aae9-59ab5891e47f, get {url=http://localhost:6461/common/simpleTest.html}]
三月 23, 2014 4:20:42 下午 org.openqa.selenium.remote.RemoteWebDriver log
信息: Executed: [4c6ccbc5-7e30-4743-aae9-59ab5891e47f, get {url=http://localhost:6461/common/simpleTest.html}]
三月 23, 2014 4:20:42 下午 org.openqa.selenium.remote.RemoteWebDriver log
信息: Executing: findElement [4c6ccbc5-7e30-4743-aae9-59ab5891e47f, findElement {using=id, value=multiline}]
三月 23, 2014 4:20:42 下午 org.openqa.selenium.remote.RemoteWebDriver log
信息: Executed: [4c6ccbc5-7e30-4743-aae9-59ab5891e47f, findElement {using=id, value=multiline}]
三月 23, 2014 4:20:42 下午 org.openqa.selenium.remote.RemoteWebDriver log
信息: Executing: findElements [4c6ccbc5-7e30-4743-aae9-59ab5891e47f, findElements {using=xpath, value=//p}]
三月 23, 2014 4:20:42 下午 org.openqa.selenium.remote.RemoteWebDriver log
信息: Executed: [4c6ccbc5-7e30-4743-aae9-59ab5891e47f, findElements {using=xpath, value=//p}]
三月 23, 2014 4:20:42 下午 org.openqa.selenium.remote.RemoteWebDriver log
信息: Executing: findChildElements [4c6ccbc5-7e30-4743-aae9-59ab5891e47f, findChildElements {id={bcea17ed-884c-8c47-9640-5e586854e8f3}, using=xpath, value=//p}]
三月 23, 2014 4:20:42 下午 org.openqa.selenium.remote.RemoteWebDriver log
信息: Executed: [4c6ccbc5-7e30-4743-aae9-59ab5891e47f, findChildElements {id={bcea17ed-884c-8c47-9640-5e586854e8f3}, using=xpath, value=//p}]
三月 23, 2014 4:20:42 下午 org.openqa.selenium.testing.JUnit4TestBase$1 finished
信息: <<< Finished testFindingElementsOnElementByXPathShouldFindTopLevelElements(org.openqa.selenium.ChildrenFindingTest)
三月 23, 2014 4:20:42 下午 org.openqa.selenium.testing.JUnit4TestBase$1 starting
信息: >>> Starting testShouldFindChildrenByTagName(org.openqa.selenium.ChildrenFindingTest)
三月 23, 2014 4:20:42 下午 org.openqa.selenium.remote.RemoteWebDriver log
信息: Executing: get [4c6ccbc5-7e30-4743-aae9-59ab5891e47f, get {url=http://localhost:6461/common/nestedElements.html}]
三月 23, 2014 4:20:42 下午 org.openqa.selenium.remote.RemoteWebDriver log
信息: Executed: [4c6ccbc5-7e30-4743-aae9-59ab5891e47f, get {url=http://localhost:6461/common/nestedElements.html}]
三月 23, 2014 4:20:42 下午 org.openqa.selenium.remote.RemoteWebDriver log
信息: Executing: findElement [4c6ccbc5-7e30-4743-aae9-59ab5891e47f, findElement {using=name, value=div1}]
三月 23, 2014 4:20:42 下午 org.openqa.selenium.remote.RemoteWebDriver log
信息: Executed: [4c6ccbc5-7e30-4743-aae9-59ab5891e47f, findElement {using=name, value=div1}]
三月 23, 2014 4:20:42 下午 org.openqa.selenium.remote.RemoteWebDriver log
信息: Executing: findChildElements [4c6ccbc5-7e30-4743-aae9-59ab5891e47f, findChildElements {id={92c330b1-1912-ea4e-9586-bc724f7ba7c3}, using=tag name, value=a}]
三月 23, 2014 4:20:42 下午 org.openqa.selenium.remote.RemoteWebDriver log
信息: Executed: [4c6ccbc5-7e30-4743-aae9-59ab5891e47f, findChildElements {id={92c330b1-1912-ea4e-9586-bc724f7ba7c3}, using=tag name, value=a}]
三月 23, 2014 4:20:42 下午 org.openqa.selenium.testing.JUnit4TestBase$1 finished
信息: <<< Finished testShouldFindChildrenByTagName(org.openqa.selenium.ChildrenFindingTest)
三月 23, 2014 4:20:42 下午 org.openqa.selenium.testing.JUnit4TestBase$1 starting
信息: >>> Starting testShouldFindChildrenByClassName(org.openqa.selenium.ChildrenFindingTest)
三月 23, 2014 4:20:42 下午 org.openqa.selenium.remote.RemoteWebDriver log
信息: Executing: get [4c6ccbc5-7e30-4743-aae9-59ab5891e47f, get {url=http://localhost:6461/common/nestedElements.html}]
三月 23, 2014 4:20:42 下午 org.openqa.selenium.remote.RemoteWebDriver log
信息: Executed: [4c6ccbc5-7e30-4743-aae9-59ab5891e47f, get {url=http://localhost:6461/common/nestedElements.html}]
三月 23, 2014 4:20:42 下午 org.openqa.selenium.remote.RemoteWebDriver log
信息: Executing: findElement [4c6ccbc5-7e30-4743-aae9-59ab5891e47f, findElement {using=name, value=classes}]
三月 23, 2014 4:20:42 下午 org.openqa.selenium.remote.RemoteWebDriver log
信息: Executed: [4c6ccbc5-7e30-4743-aae9-59ab5891e47f, findElement {using=name, value=classes}]
三月 23, 2014 4:20:42 下午 org.openqa.selenium.remote.RemoteWebDriver log
信息: Executing: findChildElements [4c6ccbc5-7e30-4743-aae9-59ab5891e47f, findChildElements {id={f372d90f-aab8-8744-8dfa-0117ccd5a511}, using=class name, value=one}]
三月 23, 2014 4:20:42 下午 org.openqa.selenium.remote.RemoteWebDriver log
信息: Executed: [4c6ccbc5-7e30-4743-aae9-59ab5891e47f, findChildElements {id={f372d90f-aab8-8744-8dfa-0117ccd5a511}, using=class name, value=one}]
三月 23, 2014 4:20:42 下午 org.openqa.selenium.testing.JUnit4TestBase$1 finished
信息: <<< Finished testShouldFindChildrenByClassName(org.openqa.selenium.ChildrenFindingTest)
三月 23, 2014 4:20:42 下午 org.openqa.selenium.testing.JUnit4TestBase$1 starting
信息: >>> Starting testLinkWithLeadingSpaces(org.openqa.selenium.ChildrenFindingTest)
三月 23, 2014 4:20:42 下午 org.openqa.selenium.remote.RemoteWebDriver log
信息: Executing: get [4c6ccbc5-7e30-4743-aae9-59ab5891e47f, get {url=http://localhost:6461/common/simpleTest.html}]
三月 23, 2014 4:20:42 下午 org.openqa.selenium.remote.RemoteWebDriver log
信息: Executed: [4c6ccbc5-7e30-4743-aae9-59ab5891e47f, get {url=http://localhost:6461/common/simpleTest.html}]
三月 23, 2014 4:20:42 下午 org.openqa.selenium.remote.RemoteWebDriver log
信息: Executing: findElement [4c6ccbc5-7e30-4743-aae9-59ab5891e47f, findElement {using=id, value=links}]
三月 23, 2014 4:20:42 下午 org.openqa.selenium.remote.RemoteWebDriver log
信息: Executed: [4c6ccbc5-7e30-4743-aae9-59ab5891e47f, findElement {using=id, value=links}]
三月 23, 2014 4:20:42 下午 org.openqa.selenium.remote.RemoteWebDriver log
信息: Executing: findChildElement [4c6ccbc5-7e30-4743-aae9-59ab5891e47f, findChildElement {id={8ad091f3-9678-0843-9b6a-d5094b4435fe}, using=partial link text, value=link with leading space}]
三月 23, 2014 4:20:42 下午 org.openqa.selenium.remote.RemoteWebDriver log
信息: Executed: [4c6ccbc5-7e30-4743-aae9-59ab5891e47f, findChildElement {id={8ad091f3-9678-0843-9b6a-d5094b4435fe}, using=partial link text, value=link with leading space}]
三月 23, 2014 4:20:42 下午 org.openqa.selenium.remote.RemoteWebDriver log
信息: Executing: getElementText [4c6ccbc5-7e30-4743-aae9-59ab5891e47f, getElementText {id={e98410a2-9143-0140-9488-ffc3e03a0c19}}]
三月 23, 2014 4:20:42 下午 org.openqa.selenium.remote.RemoteWebDriver log
信息: Executed: [4c6ccbc5-7e30-4743-aae9-59ab5891e47f, getElementText {id={e98410a2-9143-0140-9488-ffc3e03a0c19}}]
三月 23, 2014 4:20:42 下午 org.openqa.selenium.testing.JUnit4TestBase$1 finished
信息: <<< Finished testLinkWithLeadingSpaces(org.openqa.selenium.ChildrenFindingTest)
三月 23, 2014 4:20:42 下午 org.openqa.selenium.testing.JUnit4TestBase$1 starting
信息: >>> Starting testFindElementsByName(org.openqa.selenium.ChildrenFindingTest)
三月 23, 2014 4:20:42 下午 org.openqa.selenium.remote.RemoteWebDriver log
信息: Executing: get [4c6ccbc5-7e30-4743-aae9-59ab5891e47f, get {url=http://localhost:6461/common/nestedElements.html}]
三月 23, 2014 4:20:42 下午 org.openqa.selenium.remote.RemoteWebDriver log
信息: Executed: [4c6ccbc5-7e30-4743-aae9-59ab5891e47f, get {url=http://localhost:6461/common/nestedElements.html}]
三月 23, 2014 4:20:42 下午 org.openqa.selenium.remote.RemoteWebDriver log
信息: Executing: findElement [4c6ccbc5-7e30-4743-aae9-59ab5891e47f, findElement {using=name, value=form2}]
三月 23, 2014 4:20:42 下午 org.openqa.selenium.remote.RemoteWebDriver log
信息: Executed: [4c6ccbc5-7e30-4743-aae9-59ab5891e47f, findElement {using=name, value=form2}]
三月 23, 2014 4:20:42 下午 org.openqa.selenium.remote.RemoteWebDriver log
信息: Executing: findChildElements [4c6ccbc5-7e30-4743-aae9-59ab5891e47f, findChildElements {id={2ea7e7b8-3bb7-5b4f-90b3-356d8cd86f80}, using=name, value=selectomatic}]
三月 23, 2014 4:20:42 下午 org.openqa.selenium.remote.RemoteWebDriver log
信息: Executed: [4c6ccbc5-7e30-4743-aae9-59ab5891e47f, findChildElements {id={2ea7e7b8-3bb7-5b4f-90b3-356d8cd86f80}, using=name, value=selectomatic}]
三月 23, 2014 4:20:42 下午 org.openqa.selenium.testing.JUnit4TestBase$1 finished
信息: <<< Finished testFindElementsByName(org.openqa.selenium.ChildrenFindingTest)
三月 23, 2014 4:20:42 下午 org.openqa.selenium.testing.JUnit4TestBase$1 starting
信息: >>> Starting testFindingByTagNameShouldNotIncludeParentElementIfSameTagType(org.openqa.selenium.ChildrenFindingTest)
三月 23, 2014 4:20:42 下午 org.openqa.selenium.remote.RemoteWebDriver log
信息: Executing: get [4c6ccbc5-7e30-4743-aae9-59ab5891e47f, get {url=http://localhost:6461/common/xhtmlTest.html}]
三月 23, 2014 4:20:42 下午 org.openqa.selenium.remote.RemoteWebDriver log
信息: Executed: [4c6ccbc5-7e30-4743-aae9-59ab5891e47f, get {url=http://localhost:6461/common/xhtmlTest.html}]
三月 23, 2014 4:20:42 下午 org.openqa.selenium.remote.RemoteWebDriver log
信息: Executing: findElement [4c6ccbc5-7e30-4743-aae9-59ab5891e47f, findElement {using=id, value=my_span}]
三月 23, 2014 4:20:42 下午 org.openqa.selenium.remote.RemoteWebDriver log
信息: Executed: [4c6ccbc5-7e30-4743-aae9-59ab5891e47f, findElement {using=id, value=my_span}]
三月 23, 2014 4:20:42 下午 org.openqa.selenium.remote.RemoteWebDriver log
信息: Executing: findChildElements [4c6ccbc5-7e30-4743-aae9-59ab5891e47f, findChildElements {id={322a5d0c-7a22-114d-adfe-6bfc0c2e832e}, using=tag name, value=div}]
三月 23, 2014 4:20:42 下午 org.openqa.selenium.remote.RemoteWebDriver log
信息: Executed: [4c6ccbc5-7e30-4743-aae9-59ab5891e47f, findChildElements {id={322a5d0c-7a22-114d-adfe-6bfc0c2e832e}, using=tag name, value=div}]
三月 23, 2014 4:20:42 下午 org.openqa.selenium.remote.RemoteWebDriver log
信息: Executing: findChildElements [4c6ccbc5-7e30-4743-aae9-59ab5891e47f, findChildElements {id={322a5d0c-7a22-114d-adfe-6bfc0c2e832e}, using=tag name, value=span}]
三月 23, 2014 4:20:42 下午 org.openqa.selenium.remote.RemoteWebDriver log
信息: Executed: [4c6ccbc5-7e30-4743-aae9-59ab5891e47f, findChildElements {id={322a5d0c-7a22-114d-adfe-6bfc0c2e832e}, using=tag name, value=span}]
三月 23, 2014 4:20:42 下午 org.openqa.selenium.testing.JUnit4TestBase$1 finished
信息: <<< Finished testFindingByTagNameShouldNotIncludeParentElementIfSameTagType(org.openqa.selenium.ChildrenFindingTest)
三月 23, 2014 4:20:42 下午 org.openqa.selenium.testing.JUnit4TestBase$1 starting
信息: >>> Starting testShouldBeAbleToFindElementsByCssSelector(org.openqa.selenium.ChildrenFindingTest)
三月 23, 2014 4:20:42 下午 org.openqa.selenium.remote.RemoteWebDriver log
信息: Executing: get [4c6ccbc5-7e30-4743-aae9-59ab5891e47f, get {url=http://localhost:6461/common/nestedElements.html}]
三月 23, 2014 4:20:42 下午 org.openqa.selenium.remote.RemoteWebDriver log
信息: Executed: [4c6ccbc5-7e30-4743-aae9-59ab5891e47f, get {url=http://localhost:6461/common/nestedElements.html}]
三月 23, 2014 4:20:42 下午 org.openqa.selenium.remote.RemoteWebDriver log
信息: Executing: findElement [4c6ccbc5-7e30-4743-aae9-59ab5891e47f, findElement {using=name, value=form2}]
三月 23, 2014 4:20:42 下午 org.openqa.selenium.remote.RemoteWebDriver log
信息: Executed: [4c6ccbc5-7e30-4743-aae9-59ab5891e47f, findElement {using=name, value=form2}]
三月 23, 2014 4:20:42 下午 org.openqa.selenium.remote.RemoteWebDriver log
信息: Executing: findChildElements [4c6ccbc5-7e30-4743-aae9-59ab5891e47f, findChildElements {id={fd6208ec-314b-4a41-b706-1485edad0725}, using=css selector, value=*[name="selectomatic"]}]
三月 23, 2014 4:20:42 下午 org.openqa.selenium.remote.RemoteWebDriver log
信息: Executed: [4c6ccbc5-7e30-4743-aae9-59ab5891e47f, findChildElements {id={fd6208ec-314b-4a41-b706-1485edad0725}, using=css selector, value=*[name="selectomatic"]}]
三月 23, 2014 4:20:42 下午 org.openqa.selenium.testing.JUnit4TestBase$1 finished
信息: <<< Finished testShouldBeAbleToFindElementsByCssSelector(org.openqa.selenium.ChildrenFindingTest)
三月 23, 2014 4:20:42 下午 org.openqa.selenium.testing.JUnit4TestBase$1 starting
信息: >>> Starting testFindMultipleElements(org.openqa.selenium.ChildrenFindingTest)
三月 23, 2014 4:20:42 下午 org.openqa.selenium.remote.RemoteWebDriver log
信息: Executing: get [4c6ccbc5-7e30-4743-aae9-59ab5891e47f, get {url=http://localhost:6461/common/simpleTest.html}]
三月 23, 2014 4:20:43 下午 org.openqa.selenium.remote.RemoteWebDriver log
信息: Executed: [4c6ccbc5-7e30-4743-aae9-59ab5891e47f, get {url=http://localhost:6461/common/simpleTest.html}]
三月 23, 2014 4:20:43 下午 org.openqa.selenium.remote.RemoteWebDriver log
信息: Executing: findElement [4c6ccbc5-7e30-4743-aae9-59ab5891e47f, findElement {using=id, value=links}]
三月 23, 2014 4:20:43 下午 org.openqa.selenium.remote.RemoteWebDriver log
信息: Executed: [4c6ccbc5-7e30-4743-aae9-59ab5891e47f, findElement {using=id, value=links}]
三月 23, 2014 4:20:43 下午 org.openqa.selenium.remote.RemoteWebDriver log
信息: Executing: findChildElements [4c6ccbc5-7e30-4743-aae9-59ab5891e47f, findChildElements {id={4b7433e2-abef-1d48-9910-0b356698eaf9}, using=partial link text, value=link}]
三月 23, 2014 4:20:43 下午 org.openqa.selenium.remote.RemoteWebDriver log
信息: Executed: [4c6ccbc5-7e30-4743-aae9-59ab5891e47f, findChildElements {id={4b7433e2-abef-1d48-9910-0b356698eaf9}, using=partial link text, value=link}]
三月 23, 2014 4:20:43 下午 org.openqa.selenium.testing.JUnit4TestBase$1 finished
信息: <<< Finished testFindMultipleElements(org.openqa.selenium.ChildrenFindingTest)
三月 23, 2014 4:20:43 下午 org.openqa.selenium.testing.JUnit4TestBase$1 starting
信息: >>> Starting testFindElementById(org.openqa.selenium.ChildrenFindingTest)
三月 23, 2014 4:20:43 下午 org.openqa.selenium.remote.RemoteWebDriver log
信息: Executing: get [4c6ccbc5-7e30-4743-aae9-59ab5891e47f, get {url=http://localhost:6461/common/nestedElements.html}]
三月 23, 2014 4:20:43 下午 org.openqa.selenium.remote.RemoteWebDriver log
信息: Executed: [4c6ccbc5-7e30-4743-aae9-59ab5891e47f, get {url=http://localhost:6461/common/nestedElements.html}]
三月 23, 2014 4:20:43 下午 org.openqa.selenium.remote.RemoteWebDriver log
信息: Executing: findElement [4c6ccbc5-7e30-4743-aae9-59ab5891e47f, findElement {using=name, value=form2}]
三月 23, 2014 4:20:43 下午 org.openqa.selenium.remote.RemoteWebDriver log
信息: Executed: [4c6ccbc5-7e30-4743-aae9-59ab5891e47f, findElement {using=name, value=form2}]
三月 23, 2014 4:20:43 下午 org.openqa.selenium.remote.RemoteWebDriver log
信息: Executing: findChildElement [4c6ccbc5-7e30-4743-aae9-59ab5891e47f, findChildElement {id={1a46f3e0-5dbd-af45-998d-ab1a851b4544}, using=id, value=2}]
三月 23, 2014 4:20:43 下午 org.openqa.selenium.remote.RemoteWebDriver log
信息: Executed: [4c6ccbc5-7e30-4743-aae9-59ab5891e47f, findChildElement {id={1a46f3e0-5dbd-af45-998d-ab1a851b4544}, using=id, value=2}]
三月 23, 2014 4:20:43 下午 org.openqa.selenium.remote.RemoteWebDriver log
信息: Executing: getElementAttribute [4c6ccbc5-7e30-4743-aae9-59ab5891e47f, getElementAttribute {id={af0f4dd6-0188-c245-9581-324accf22296}, name=name}]
三月 23, 2014 4:20:43 下午 org.openqa.selenium.remote.RemoteWebDriver log
信息: Executed: [4c6ccbc5-7e30-4743-aae9-59ab5891e47f, getElementAttribute {id={af0f4dd6-0188-c245-9581-324accf22296}, name=name}]
三月 23, 2014 4:20:43 下午 org.openqa.selenium.testing.JUnit4TestBase$1 finished
信息: <<< Finished testFindElementById(org.openqa.selenium.ChildrenFindingTest)
三月 23, 2014 4:20:43 下午 org.openqa.selenium.testing.JUnit4TestBase$1 starting
信息: >>> Starting testTextInputShouldNotClearWhenDisabled(org.openqa.selenium.ClearTest)
三月 23, 2014 4:20:43 下午 org.openqa.selenium.remote.RemoteWebDriver log
信息: Executing: get [4c6ccbc5-7e30-4743-aae9-59ab5891e47f, get {url=http://localhost:6461/common/readOnlyPage.html}]
三月 23, 2014 4:20:43 下午 org.openqa.selenium.remote.RemoteWebDriver log
信息: Executed: [4c6ccbc5-7e30-4743-aae9-59ab5891e47f, get {url=http://localhost:6461/common/readOnlyPage.html}]
三月 23, 2014 4:20:43 下午 org.openqa.selenium.remote.RemoteWebDriver log
信息: Executing: findElement [4c6ccbc5-7e30-4743-aae9-59ab5891e47f, findElement {using=id, value=textInputnotenabled}]
三月 23, 2014 4:20:43 下午 org.openqa.selenium.remote.RemoteWebDriver log
信息: Executed: [4c6ccbc5-7e30-4743-aae9-59ab5891e47f, findElement {using=id, value=textInputnotenabled}]
三月 23, 2014 4:20:43 下午 org.openqa.selenium.remote.RemoteWebDriver log
信息: Executing: isElementEnabled [4c6ccbc5-7e30-4743-aae9-59ab5891e47f, isElementEnabled {id={afdec9f2-438c-7e43-b142-a749b837df81}}]
三月 23, 2014 4:20:43 下午 org.openqa.selenium.remote.RemoteWebDriver log
信息: Executed: [4c6ccbc5-7e30-4743-aae9-59ab5891e47f, isElementEnabled {id={afdec9f2-438c-7e43-b142-a749b837df81}}]
三月 23, 2014 4:20:43 下午 org.openqa.selenium.remote.RemoteWebDriver log
信息: Executing: clearElement [4c6ccbc5-7e30-4743-aae9-59ab5891e47f, clearElement {id={afdec9f2-438c-7e43-b142-a749b837df81}}]
三月 23, 2014 4:20:43 下午 org.openqa.selenium.remote.RemoteWebDriver log
信息: Executed: [4c6ccbc5-7e30-4743-aae9-59ab5891e47f, clearElement {id={afdec9f2-438c-7e43-b142-a749b837df81}}]
三月 23, 2014 4:20:43 下午 org.openqa.selenium.testing.JUnit4TestBase$1 finished
信息: <<< Finished testTextInputShouldNotClearWhenDisabled(org.openqa.selenium.ClearTest)
三月 23, 2014 4:20:43 下午 org.openqa.selenium.testing.JUnit4TestBase$1 starting
信息: >>> Starting testTextAreaShouldNotClearWhenDisabled(org.openqa.selenium.ClearTest)
三月 23, 2014 4:20:43 下午 org.openqa.selenium.remote.RemoteWebDriver log
信息: Executing: get [4c6ccbc5-7e30-4743-aae9-59ab5891e47f, get {url=http://localhost:6461/common/readOnlyPage.html}]
三月 23, 2014 4:20:43 下午 org.openqa.selenium.remote.RemoteWebDriver log
信息: Executed: [4c6ccbc5-7e30-4743-aae9-59ab5891e47f, get {url=http://localhost:6461/common/readOnlyPage.html}]
三月 23, 2014 4:20:43 下午 org.openqa.selenium.remote.RemoteWebDriver log
信息: Executing: findElement [4c6ccbc5-7e30-4743-aae9-59ab5891e47f, findElement {using=id, value=textAreaNotenabled}]
三月 23, 2014 4:20:43 下午 org.openqa.selenium.remote.RemoteWebDriver log
信息: Executed: [4c6ccbc5-7e30-4743-aae9-59ab5891e47f, findElement {using=id, value=textAreaNotenabled}]
三月 23, 2014 4:20:43 下午 org.openqa.selenium.remote.RemoteWebDriver log
信息: Executing: clearElement [4c6ccbc5-7e30-4743-aae9-59ab5891e47f, clearElement {id={9dbb15ad-4bc1-5142-aed2-830c7e98713c}}]
三月 23, 2014 4:20:43 下午 org.openqa.selenium.remote.RemoteWebDriver log
信息: Executed: [4c6ccbc5-7e30-4743-aae9-59ab5891e47f, clearElement {id={9dbb15ad-4bc1-5142-aed2-830c7e98713c}}]
三月 23, 2014 4:20:43 下午 org.openqa.selenium.testing.JUnit4TestBase$1 finished
信息: <<< Finished testTextAreaShouldNotClearWhenDisabled(org.openqa.selenium.ClearTest)
三月 23, 2014 4:20:43 下午 org.openqa.selenium.testing.JUnit4TestBase$1 starting
信息: >>> Starting testContentEditableAreaShouldClear(org.openqa.selenium.ClearTest)
三月 23, 2014 4:20:43 下午 org.openqa.selenium.remote.RemoteWebDriver log
信息: Executing: get [4c6ccbc5-7e30-4743-aae9-59ab5891e47f, get {url=http://localhost:6461/common/readOnlyPage.html}]
三月 23, 2014 4:20:43 下午 org.openqa.selenium.remote.RemoteWebDriver log
信息: Executed: [4c6ccbc5-7e30-4743-aae9-59ab5891e47f, get {url=http://localhost:6461/common/readOnlyPage.html}]
三月 23, 2014 4:20:43 下午 org.openqa.selenium.remote.RemoteWebDriver log
信息: Executing: findElement [4c6ccbc5-7e30-4743-aae9-59ab5891e47f, findElement {using=id, value=content-editable}]
三月 23, 2014 4:20:43 下午 org.openqa.selenium.remote.RemoteWebDriver log
信息: Executed: [4c6ccbc5-7e30-4743-aae9-59ab5891e47f, findElement {using=id, value=content-editable}]
三月 23, 2014 4:20:43 下午 org.openqa.selenium.remote.RemoteWebDriver log
信息: Executing: clearElement [4c6ccbc5-7e30-4743-aae9-59ab5891e47f, clearElement {id={8d1baa3b-2489-9043-9497-b1fd78ea23c7}}]
三月 23, 2014 4:20:43 下午 org.openqa.selenium.remote.RemoteWebDriver log
信息: Executed: [4c6ccbc5-7e30-4743-aae9-59ab5891e47f, clearElement {id={8d1baa3b-2489-9043-9497-b1fd78ea23c7}}]
三月 23, 2014 4:20:43 下午 org.openqa.selenium.remote.RemoteWebDriver log
信息: Executing: getElementText [4c6ccbc5-7e30-4743-aae9-59ab5891e47f, getElementText {id={8d1baa3b-2489-9043-9497-b1fd78ea23c7}}]
三月 23, 2014 4:20:43 下午 org.openqa.selenium.remote.RemoteWebDriver log
信息: Executed: [4c6ccbc5-7e30-4743-aae9-59ab5891e47f, getElementText {id={8d1baa3b-2489-9043-9497-b1fd78ea23c7}}]
三月 23, 2014 4:20:43 下午 org.openqa.selenium.testing.JUnit4TestBase$1 finished
信息: <<< Finished testContentEditableAreaShouldClear(org.openqa.selenium.ClearTest)
三月 23, 2014 4:20:43 下午 org.openqa.selenium.testing.JUnit4TestBase$1 starting
信息: >>> Starting testWritableTextInputShouldClear(org.openqa.selenium.ClearTest)
三月 23, 2014 4:20:43 下午 org.openqa.selenium.remote.RemoteWebDriver log
信息: Executing: get [4c6ccbc5-7e30-4743-aae9-59ab5891e47f, get {url=http://localhost:6461/common/readOnlyPage.html}]
三月 23, 2014 4:20:43 下午 org.openqa.selenium.remote.RemoteWebDriver log
信息: Executed: [4c6ccbc5-7e30-4743-aae9-59ab5891e47f, get {url=http://localhost:6461/common/readOnlyPage.html}]
三月 23, 2014 4:20:43 下午 org.openqa.selenium.remote.RemoteWebDriver log
信息: Executing: findElement [4c6ccbc5-7e30-4743-aae9-59ab5891e47f, findElement {using=id, value=writableTextInput}]
三月 23, 2014 4:20:43 下午 org.openqa.selenium.remote.RemoteWebDriver log
信息: Executed: [4c6ccbc5-7e30-4743-aae9-59ab5891e47f, findElement {using=id, value=writableTextInput}]
三月 23, 2014 4:20:43 下午 org.openqa.selenium.remote.RemoteWebDriver log
信息: Executing: clearElement [4c6ccbc5-7e30-4743-aae9-59ab5891e47f, clearElement {id={53063055-a69f-9e4d-85a5-6c8a25c5f2e5}}]
三月 23, 2014 4:20:43 下午 org.openqa.selenium.remote.RemoteWebDriver log
信息: Executed: [4c6ccbc5-7e30-4743-aae9-59ab5891e47f, clearElement {id={53063055-a69f-9e4d-85a5-6c8a25c5f2e5}}]
三月 23, 2014 4:20:43 下午 org.openqa.selenium.remote.RemoteWebDriver log
信息: Executing: getElementAttribute [4c6ccbc5-7e30-4743-aae9-59ab5891e47f, getElementAttribute {id={53063055-a69f-9e4d-85a5-6c8a25c5f2e5}, name=value}]
三月 23, 2014 4:20:43 下午 org.openqa.selenium.remote.RemoteWebDriver log
信息: Executed: [4c6ccbc5-7e30-4743-aae9-59ab5891e47f, getElementAttribute {id={53063055-a69f-9e4d-85a5-6c8a25c5f2e5}, name=value}]
三月 23, 2014 4:20:43 下午 org.openqa.selenium.testing.JUnit4TestBase$1 finished
信息: <<< Finished testWritableTextInputShouldClear(org.openqa.selenium.ClearTest)
三月 23, 2014 4:20:43 下午 org.openqa.selenium.testing.JUnit4TestBase$1 starting
信息: >>> Starting testWritableTextAreaShouldClear(org.openqa.selenium.ClearTest)
三月 23, 2014 4:20:43 下午 org.openqa.selenium.remote.RemoteWebDriver log
信息: Executing: get [4c6ccbc5-7e30-4743-aae9-59ab5891e47f, get {url=http://localhost:6461/common/readOnlyPage.html}]
三月 23, 2014 4:20:43 下午 org.openqa.selenium.remote.RemoteWebDriver log
信息: Executed: [4c6ccbc5-7e30-4743-aae9-59ab5891e47f, get {url=http://localhost:6461/common/readOnlyPage.html}]
三月 23, 2014 4:20:43 下午 org.openqa.selenium.remote.RemoteWebDriver log
信息: Executing: findElement [4c6ccbc5-7e30-4743-aae9-59ab5891e47f, findElement {using=id, value=writableTextArea}]
三月 23, 2014 4:20:43 下午 org.openqa.selenium.remote.RemoteWebDriver log
信息: Executed: [4c6ccbc5-7e30-4743-aae9-59ab5891e47f, findElement {using=id, value=writableTextArea}]
三月 23, 2014 4:20:43 下午 org.openqa.selenium.remote.RemoteWebDriver log
信息: Executing: clearElement [4c6ccbc5-7e30-4743-aae9-59ab5891e47f, clearElement {id={24cfee79-04ed-d046-8dec-192b0239133b}}]
三月 23, 2014 4:20:43 下午 org.openqa.selenium.remote.RemoteWebDriver log
信息: Executed: [4c6ccbc5-7e30-4743-aae9-59ab5891e47f, clearElement {id={24cfee79-04ed-d046-8dec-192b0239133b}}]
三月 23, 2014 4:20:43 下午 org.openqa.selenium.remote.RemoteWebDriver log
信息: Executing: getElementAttribute [4c6ccbc5-7e30-4743-aae9-59ab5891e47f, getElementAttribute {id={24cfee79-04ed-d046-8dec-192b0239133b}, name=value}]
三月 23, 2014 4:20:43 下午 org.openqa.selenium.remote.RemoteWebDriver log
信息: Executed: [4c6ccbc5-7e30-4743-aae9-59ab5891e47f, getElementAttribute {id={24cfee79-04ed-d046-8dec-192b0239133b}, name=value}]
三月 23, 2014 4:20:43 下午 org.openqa.selenium.testing.JUnit4TestBase$1 finished
信息: <<< Finished testWritableTextAreaShouldClear(org.openqa.selenium.ClearTest)
三月 23, 2014 4:20:43 下午 org.openqa.selenium.testing.JUnit4TestBase$1 starting
信息: >>> Starting testTextInputShouldNotClearWhenReadOnly(org.openqa.selenium.ClearTest)
三月 23, 2014 4:20:43 下午 org.openqa.selenium.remote.RemoteWebDriver log
信息: Executing: get [4c6ccbc5-7e30-4743-aae9-59ab5891e47f, get {url=http://localhost:6461/common/readOnlyPage.html}]
三月 23, 2014 4:20:43 下午 org.openqa.selenium.remote.RemoteWebDriver log
信息: Executed: [4c6ccbc5-7e30-4743-aae9-59ab5891e47f, get {url=http://localhost:6461/common/readOnlyPage.html}]
三月 23, 2014 4:20:43 下午 org.openqa.selenium.remote.RemoteWebDriver log
信息: Executing: findElement [4c6ccbc5-7e30-4743-aae9-59ab5891e47f, findElement {using=id, value=readOnlyTextInput}]
三月 23, 2014 4:20:43 下午 org.openqa.selenium.remote.RemoteWebDriver log
信息: Executed: [4c6ccbc5-7e30-4743-aae9-59ab5891e47f, findElement {using=id, value=readOnlyTextInput}]
三月 23, 2014 4:20:43 下午 org.openqa.selenium.remote.RemoteWebDriver log
信息: Executing: clearElement [4c6ccbc5-7e30-4743-aae9-59ab5891e47f, clearElement {id={b2d69dff-7394-614d-be8c-1df6670218a0}}]
三月 23, 2014 4:20:43 下午 org.openqa.selenium.remote.RemoteWebDriver log
信息: Executed: [4c6ccbc5-7e30-4743-aae9-59ab5891e47f, clearElement {id={b2d69dff-7394-614d-be8c-1df6670218a0}}]
三月 23, 2014 4:20:43 下午 org.openqa.selenium.testing.JUnit4TestBase$1 finished
信息: <<< Finished testTextInputShouldNotClearWhenReadOnly(org.openqa.selenium.ClearTest)
三月 23, 2014 4:20:43 下午 org.openqa.selenium.testing.JUnit4TestBase$1 starting
信息: >>> Starting testTextAreaShouldNotClearWhenReadOnly(org.openqa.selenium.ClearTest)
三月 23, 2014 4:20:43 下午 org.openqa.selenium.remote.RemoteWebDriver log
信息: Executing: get [4c6ccbc5-7e30-4743-aae9-59ab5891e47f, get {url=http://localhost:6461/common/readOnlyPage.html}]
三月 23, 2014 4:20:43 下午 org.openqa.selenium.remote.RemoteWebDriver log
信息: Executed: [4c6ccbc5-7e30-4743-aae9-59ab5891e47f, get {url=http://localhost:6461/common/readOnlyPage.html}]
三月 23, 2014 4:20:43 下午 org.openqa.selenium.remote.RemoteWebDriver log
信息: Executing: findElement [4c6ccbc5-7e30-4743-aae9-59ab5891e47f, findElement {using=id, value=textAreaReadOnly}]
三月 23, 2014 4:20:43 下午 org.openqa.selenium.remote.RemoteWebDriver log
信息: Executed: [4c6ccbc5-7e30-4743-aae9-59ab5891e47f, findElement {using=id, value=textAreaReadOnly}]
三月 23, 2014 4:20:43 下午 org.openqa.selenium.remote.RemoteWebDriver log
信息: Executing: clearElement [4c6ccbc5-7e30-4743-aae9-59ab5891e47f, clearElement {id={cd255d45-dff4-5b42-8e83-9deae3f7d92a}}]
三月 23, 2014 4:20:43 下午 org.openqa.selenium.remote.RemoteWebDriver log
信息: Executed: [4c6ccbc5-7e30-4743-aae9-59ab5891e47f, clearElement {id={cd255d45-dff4-5b42-8e83-9deae3f7d92a}}]
三月 23, 2014 4:20:43 下午 org.openqa.selenium.testing.JUnit4TestBase$1 finished
信息: <<< Finished testTextAreaShouldNotClearWhenReadOnly(org.openqa.selenium.ClearTest)
三月 23, 2014 4:20:43 下午 org.openqa.selenium.testing.JUnit4TestBase$1 starting
信息: >>> Starting testShouldBeAbleToClickRadioButtonScrolledIntoView(org.openqa.selenium.ClickScrollingTest)
三月 23, 2014 4:20:43 下午 org.openqa.selenium.remote.RemoteWebDriver log
信息: Executing: get [4c6ccbc5-7e30-4743-aae9-59ab5891e47f, get {url=http://localhost:6461/common/scroll4.html}]
三月 23, 2014 4:20:43 下午 org.openqa.selenium.remote.RemoteWebDriver log
信息: Executed: [4c6ccbc5-7e30-4743-aae9-59ab5891e47f, get {url=http://localhost:6461/common/scroll4.html}]
三月 23, 2014 4:20:43 下午 org.openqa.selenium.remote.RemoteWebDriver log
信息: Executing: findElement [4c6ccbc5-7e30-4743-aae9-59ab5891e47f, findElement {using=id, value=radio}]
三月 23, 2014 4:20:43 下午 org.openqa.selenium.remote.RemoteWebDriver log
信息: Executed: [4c6ccbc5-7e30-4743-aae9-59ab5891e47f, findElement {using=id, value=radio}]
三月 23, 2014 4:20:43 下午 org.openqa.selenium.remote.RemoteWebDriver log
信息: Executing: clickElement [4c6ccbc5-7e30-4743-aae9-59ab5891e47f, clickElement {id={a67fc81c-be6d-fc49-b148-01856e91854e}}]
三月 23, 2014 4:20:43 下午 org.openqa.selenium.remote.RemoteWebDriver log
信息: Executed: [4c6ccbc5-7e30-4743-aae9-59ab5891e47f, clickElement {id={a67fc81c-be6d-fc49-b148-01856e91854e}}]
三月 23, 2014 4:20:43 下午 org.openqa.selenium.testing.JUnit4TestBase$1 finished
信息: <<< Finished testShouldBeAbleToClickRadioButtonScrolledIntoView(org.openqa.selenium.ClickScrollingTest)
三月 23, 2014 4:20:43 下午 org.openqa.selenium.testing.JUnit4TestBase$1 starting
信息: >>> Starting testShouldNotScrollIfAlreadyScrolledAndElementIsInView(org.openqa.selenium.ClickScrollingTest)
三月 23, 2014 4:20:43 下午 org.openqa.selenium.remote.RemoteWebDriver log
信息: Executing: get [4c6ccbc5-7e30-4743-aae9-59ab5891e47f, get {url=http://localhost:6461/common/scroll3.html}]
三月 23, 2014 4:20:43 下午 org.openqa.selenium.remote.RemoteWebDriver log
信息: Executed: [4c6ccbc5-7e30-4743-aae9-59ab5891e47f, get {url=http://localhost:6461/common/scroll3.html}]
三月 23, 2014 4:20:43 下午 org.openqa.selenium.remote.RemoteWebDriver log
信息: Executing: findElement [4c6ccbc5-7e30-4743-aae9-59ab5891e47f, findElement {using=id, value=button1}]
三月 23, 2014 4:20:43 下午 org.openqa.selenium.remote.RemoteWebDriver log
信息: Executed: [4c6ccbc5-7e30-4743-aae9-59ab5891e47f, findElement {using=id, value=button1}]
三月 23, 2014 4:20:43 下午 org.openqa.selenium.remote.RemoteWebDriver log
信息: Executing: clickElement [4c6ccbc5-7e30-4743-aae9-59ab5891e47f, clickElement {id={6dff0588-75e6-7f4e-b655-47bf8617e4e5}}]
三月 23, 2014 4:20:43 下午 org.openqa.selenium.remote.RemoteWebDriver log
信息: Executed: [4c6ccbc5-7e30-4743-aae9-59ab5891e47f, clickElement {id={6dff0588-75e6-7f4e-b655-47bf8617e4e5}}]
三月 23, 2014 4:20:43 下午 org.openqa.selenium.remote.RemoteWebDriver log
信息: Executing: executeScript [4c6ccbc5-7e30-4743-aae9-59ab5891e47f, executeScript {script=return document.body.scrollTop;, args=[]}]
三月 23, 2014 4:20:43 下午 org.openqa.selenium.remote.RemoteWebDriver log
信息: Executed: [4c6ccbc5-7e30-4743-aae9-59ab5891e47f, executeScript {script=return document.body.scrollTop;, args=[]}]
三月 23, 2014 4:20:43 下午 org.openqa.selenium.remote.RemoteWebDriver log
信息: Executing: findElement [4c6ccbc5-7e30-4743-aae9-59ab5891e47f, findElement {using=id, value=button2}]
三月 23, 2014 4:20:43 下午 org.openqa.selenium.remote.RemoteWebDriver log
信息: Executed: [4c6ccbc5-7e30-4743-aae9-59ab5891e47f, findElement {using=id, value=button2}]
三月 23, 2014 4:20:43 下午 org.openqa.selenium.remote.RemoteWebDriver log
信息: Executing: clickElement [4c6ccbc5-7e30-4743-aae9-59ab5891e47f, clickElement {id={41d5dbdf-b63a-5743-9108-5145e6b48e86}}]
三月 23, 2014 4:20:44 下午 org.openqa.selenium.remote.RemoteWebDriver log
信息: Executed: [4c6ccbc5-7e30-4743-aae9-59ab5891e47f, clickElement {id={41d5dbdf-b63a-5743-9108-5145e6b48e86}}]
三月 23, 2014 4:20:44 下午 org.openqa.selenium.remote.RemoteWebDriver log
信息: Executing: executeScript [4c6ccbc5-7e30-4743-aae9-59ab5891e47f, executeScript {script=return document.body.scrollTop;, args=[]}]
三月 23, 2014 4:20:44 下午 org.openqa.selenium.remote.RemoteWebDriver log
信息: Executed: [4c6ccbc5-7e30-4743-aae9-59ab5891e47f, executeScript {script=return document.body.scrollTop;, args=[]}]
三月 23, 2014 4:20:44 下午 org.openqa.selenium.testing.JUnit4TestBase$1 finished
信息: <<< Finished testShouldNotScrollIfAlreadyScrolledAndElementIsInView(org.openqa.selenium.ClickScrollingTest)
三月 23, 2014 4:20:44 下午 org.openqa.selenium.testing.JUnit4TestBase$1 starting
信息: >>> Starting testShouldBeAbleToClickElementThatIsOutOfViewInANestedFrameThatIsOutOfView(org.openqa.selenium.ClickScrollingTest)
三月 23, 2014 4:20:44 下午 org.openqa.selenium.remote.RemoteWebDriver log
信息: Executing: get [4c6ccbc5-7e30-4743-aae9-59ab5891e47f, get {url=http://localhost:6461/common/scrolling_tests/page_with_nested_scrolling_frames_out_of_view.html}]
三月 23, 2014 4:20:44 下午 org.openqa.selenium.remote.RemoteWebDriver log
信息: Executed: [4c6ccbc5-7e30-4743-aae9-59ab5891e47f, get {url=http://localhost:6461/common/scrolling_tests/page_with_nested_scrolling_frames_out_of_view.html}]
三月 23, 2014 4:20:44 下午 org.openqa.selenium.remote.RemoteWebDriver log
信息: Executing: switchToFrame [4c6ccbc5-7e30-4743-aae9-59ab5891e47f, switchToFrame {id=scrolling_frame}]
三月 23, 2014 4:20:44 下午 org.openqa.selenium.remote.RemoteWebDriver log
信息: Executed: [4c6ccbc5-7e30-4743-aae9-59ab5891e47f, switchToFrame {id=scrolling_frame}]
三月 23, 2014 4:20:44 下午 org.openqa.selenium.remote.RemoteWebDriver log
信息: Executing: switchToFrame [4c6ccbc5-7e30-4743-aae9-59ab5891e47f, switchToFrame {id=nested_scrolling_frame}]
三月 23, 2014 4:20:44 下午 org.openqa.selenium.remote.RemoteWebDriver log
信息: Executed: [4c6ccbc5-7e30-4743-aae9-59ab5891e47f, switchToFrame {id=nested_scrolling_frame}]
三月 23, 2014 4:20:44 下午 org.openqa.selenium.remote.RemoteWebDriver log
信息: Executing: findElement [4c6ccbc5-7e30-4743-aae9-59ab5891e47f, findElement {using=name, value=scroll_checkbox}]
三月 23, 2014 4:20:44 下午 org.openqa.selenium.remote.RemoteWebDriver log
信息: Executed: [4c6ccbc5-7e30-4743-aae9-59ab5891e47f, findElement {using=name, value=scroll_checkbox}]
三月 23, 2014 4:20:44 下午 org.openqa.selenium.remote.RemoteWebDriver log
信息: Executing: clickElement [4c6ccbc5-7e30-4743-aae9-59ab5891e47f, clickElement {id={78d037c8-c783-f341-9675-3d3eed7c29d3}}]
三月 23, 2014 4:20:44 下午 org.openqa.selenium.remote.RemoteWebDriver log
信息: Executed: [4c6ccbc5-7e30-4743-aae9-59ab5891e47f, clickElement {id={78d037c8-c783-f341-9675-3d3eed7c29d3}}]
三月 23, 2014 4:20:44 下午 org.openqa.selenium.remote.RemoteWebDriver log
信息: Executing: isElementSelected [4c6ccbc5-7e30-4743-aae9-59ab5891e47f, isElementSelected {id={78d037c8-c783-f341-9675-3d3eed7c29d3}}]
三月 23, 2014 4:20:44 下午 org.openqa.selenium.remote.RemoteWebDriver log
信息: Executed: [4c6ccbc5-7e30-4743-aae9-59ab5891e47f, isElementSelected {id={78d037c8-c783-f341-9675-3d3eed7c29d3}}]
三月 23, 2014 4:20:44 下午 org.openqa.selenium.remote.RemoteWebDriver log
信息: Executing: switchToFrame [4c6ccbc5-7e30-4743-aae9-59ab5891e47f, switchToFrame {id=null}]
三月 23, 2014 4:20:44 下午 org.openqa.selenium.remote.RemoteWebDriver log
信息: Executed: [4c6ccbc5-7e30-4743-aae9-59ab5891e47f, switchToFrame {id=null}]
三月 23, 2014 4:20:44 下午 org.openqa.selenium.testing.JUnit4TestBase$1 finished
信息: <<< Finished testShouldBeAbleToClickElementThatIsOutOfViewInANestedFrameThatIsOutOfView(org.openqa.selenium.ClickScrollingTest)
三月 23, 2014 4:20:44 下午 org.openqa.selenium.testing.JUnit4TestBase$1 starting
信息: >>> Starting testShouldBeAbleToClickElementInATallFrame(org.openqa.selenium.ClickScrollingTest)
三月 23, 2014 4:20:44 下午 org.openqa.selenium.remote.RemoteWebDriver log
信息: Executing: get [4c6ccbc5-7e30-4743-aae9-59ab5891e47f, get {url=http://localhost:6461/common/scrolling_tests/page_with_tall_frame.html}]
三月 23, 2014 4:20:44 下午 org.openqa.selenium.remote.RemoteWebDriver log
信息: Executed: [4c6ccbc5-7e30-4743-aae9-59ab5891e47f, get {url=http://localhost:6461/common/scrolling_tests/page_with_tall_frame.html}]
三月 23, 2014 4:20:44 下午 org.openqa.selenium.remote.RemoteWebDriver log
信息: Executing: switchToFrame [4c6ccbc5-7e30-4743-aae9-59ab5891e47f, switchToFrame {id=tall_frame}]
三月 23, 2014 4:20:44 下午 org.openqa.selenium.remote.RemoteWebDriver log
信息: Executed: [4c6ccbc5-7e30-4743-aae9-59ab5891e47f, switchToFrame {id=tall_frame}]
三月 23, 2014 4:20:44 下午 org.openqa.selenium.remote.RemoteWebDriver log
信息: Executing: findElement [4c6ccbc5-7e30-4743-aae9-59ab5891e47f, findElement {using=name, value=checkbox}]
三月 23, 2014 4:20:44 下午 org.openqa.selenium.remote.RemoteWebDriver log
信息: Executed: [4c6ccbc5-7e30-4743-aae9-59ab5891e47f, findElement {using=name, value=checkbox}]
三月 23, 2014 4:20:44 下午 org.openqa.selenium.remote.RemoteWebDriver log
信息: Executing: clickElement [4c6ccbc5-7e30-4743-aae9-59ab5891e47f, clickElement {id={000dbf2c-e088-a246-a3bc-519bbd3849ab}}]
三月 23, 2014 4:20:44 下午 org.openqa.selenium.remote.RemoteWebDriver log
信息: Executed: [4c6ccbc5-7e30-4743-aae9-59ab5891e47f, clickElement {id={000dbf2c-e088-a246-a3bc-519bbd3849ab}}]
三月 23, 2014 4:20:44 下午 org.openqa.selenium.remote.RemoteWebDriver log
信息: Executing: isElementSelected [4c6ccbc5-7e30-4743-aae9-59ab5891e47f, isElementSelected {id={000dbf2c-e088-a246-a3bc-519bbd3849ab}}]
三月 23, 2014 4:20:44 下午 org.openqa.selenium.remote.RemoteWebDriver log
信息: Executed: [4c6ccbc5-7e30-4743-aae9-59ab5891e47f, isElementSelected {id={000dbf2c-e088-a246-a3bc-519bbd3849ab}}]
三月 23, 2014 4:20:44 下午 org.openqa.selenium.remote.RemoteWebDriver log
信息: Executing: switchToFrame [4c6ccbc5-7e30-4743-aae9-59ab5891e47f, switchToFrame {id=null}]
三月 23, 2014 4:20:44 下午 org.openqa.selenium.remote.RemoteWebDriver log
信息: Executed: [4c6ccbc5-7e30-4743-aae9-59ab5891e47f, switchToFrame {id=null}]
三月 23, 2014 4:20:44 下午 org.openqa.selenium.testing.JUnit4TestBase$1 finished
信息: <<< Finished testShouldBeAbleToClickElementInATallFrame(org.openqa.selenium.ClickScrollingTest)
三月 23, 2014 4:20:44 下午 org.openqa.selenium.testing.JUnit4TestBase$1 starting
信息: >>> Starting testShouldBeAbleToClickElementThatIsOutOfViewInAFrame(org.openqa.selenium.ClickScrollingTest)
三月 23, 2014 4:20:44 下午 org.openqa.selenium.remote.RemoteWebDriver log
信息: Executing: get [4c6ccbc5-7e30-4743-aae9-59ab5891e47f, get {url=http://localhost:6461/common/scrolling_tests/page_with_scrolling_frame.html}]
三月 23, 2014 4:20:44 下午 org.openqa.selenium.remote.RemoteWebDriver log
信息: Executed: [4c6ccbc5-7e30-4743-aae9-59ab5891e47f, get {url=http://localhost:6461/common/scrolling_tests/page_with_scrolling_frame.html}]
三月 23, 2014 4:20:44 下午 org.openqa.selenium.remote.RemoteWebDriver log
信息: Executing: switchToFrame [4c6ccbc5-7e30-4743-aae9-59ab5891e47f, switchToFrame {id=scrolling_frame}]
三月 23, 2014 4:20:44 下午 org.openqa.selenium.remote.RemoteWebDriver log
信息: Executed: [4c6ccbc5-7e30-4743-aae9-59ab5891e47f, switchToFrame {id=scrolling_frame}]
三月 23, 2014 4:20:44 下午 org.openqa.selenium.remote.RemoteWebDriver log
信息: Executing: findElement [4c6ccbc5-7e30-4743-aae9-59ab5891e47f, findElement {using=name, value=scroll_checkbox}]
三月 23, 2014 4:20:44 下午 org.openqa.selenium.remote.RemoteWebDriver log
信息: Executed: [4c6ccbc5-7e30-4743-aae9-59ab5891e47f, findElement {using=name, value=scroll_checkbox}]
三月 23, 2014 4:20:44 下午 org.openqa.selenium.remote.RemoteWebDriver log
信息: Executing: clickElement [4c6ccbc5-7e30-4743-aae9-59ab5891e47f, clickElement {id={1e7c9c06-0dea-1447-b18c-90acafa2a86d}}]
三月 23, 2014 4:20:44 下午 org.openqa.selenium.remote.RemoteWebDriver log
信息: Executed: [4c6ccbc5-7e30-4743-aae9-59ab5891e47f, clickElement {id={1e7c9c06-0dea-1447-b18c-90acafa2a86d}}]
三月 23, 2014 4:20:44 下午 org.openqa.selenium.remote.RemoteWebDriver log
信息: Executing: isElementSelected [4c6ccbc5-7e30-4743-aae9-59ab5891e47f, isElementSelected {id={1e7c9c06-0dea-1447-b18c-90acafa2a86d}}]
三月 23, 2014 4:20:44 下午 org.openqa.selenium.remote.RemoteWebDriver log
信息: Executed: [4c6ccbc5-7e30-4743-aae9-59ab5891e47f, isElementSelected {id={1e7c9c06-0dea-1447-b18c-90acafa2a86d}}]
三月 23, 2014 4:20:44 下午 org.openqa.selenium.remote.RemoteWebDriver log
信息: Executing: switchToFrame [4c6ccbc5-7e30-4743-aae9-59ab5891e47f, switchToFrame {id=null}]
三月 23, 2014 4:20:44 下午 org.openqa.selenium.remote.RemoteWebDriver log
信息: Executed: [4c6ccbc5-7e30-4743-aae9-59ab5891e47f, switchToFrame {id=null}]
三月 23, 2014 4:20:44 下午 org.openqa.selenium.testing.JUnit4TestBase$1 finished
信息: <<< Finished testShouldBeAbleToClickElementThatIsOutOfViewInAFrame(org.openqa.selenium.ClickScrollingTest)
三月 23, 2014 4:20:44 下午 org.openqa.selenium.testing.JUnit4TestBase$1 starting
信息: >>> Starting testShouldScrollToClickOnAnElementHiddenByOverflow(org.openqa.selenium.ClickScrollingTest)
三月 23, 2014 4:20:44 下午 org.openqa.selenium.remote.RemoteWebDriver log
信息: Executing: get [4c6ccbc5-7e30-4743-aae9-59ab5891e47f, get {url=http://localhost:6461/common/click_out_of_bounds_overflow.html}]
三月 23, 2014 4:20:44 下午 org.openqa.selenium.remote.RemoteWebDriver log
信息: Executed: [4c6ccbc5-7e30-4743-aae9-59ab5891e47f, get {url=http://localhost:6461/common/click_out_of_bounds_overflow.html}]
三月 23, 2014 4:20:44 下午 org.openqa.selenium.remote.RemoteWebDriver log
信息: Executing: findElement [4c6ccbc5-7e30-4743-aae9-59ab5891e47f, findElement {using=id, value=link}]
三月 23, 2014 4:20:44 下午 org.openqa.selenium.remote.RemoteWebDriver log
信息: Executed: [4c6ccbc5-7e30-4743-aae9-59ab5891e47f, findElement {using=id, value=link}]
三月 23, 2014 4:20:44 下午 org.openqa.selenium.remote.RemoteWebDriver log
信息: Executing: clickElement [4c6ccbc5-7e30-4743-aae9-59ab5891e47f, clickElement {id={d62a55c7-e566-0246-9db6-027bcbf06e67}}]
三月 23, 2014 4:20:44 下午 org.openqa.selenium.remote.RemoteWebDriver log
信息: Executed: [4c6ccbc5-7e30-4743-aae9-59ab5891e47f, clickElement {id={d62a55c7-e566-0246-9db6-027bcbf06e67}}]
三月 23, 2014 4:20:44 下午 org.openqa.selenium.testing.JUnit4TestBase$1 finished
信息: <<< Finished testShouldScrollToClickOnAnElementHiddenByOverflow(org.openqa.selenium.ClickScrollingTest)
三月 23, 2014 4:20:44 下午 org.openqa.selenium.testing.JUnit4TestBase$1 starting
信息: >>> Starting testShouldBeAbleToClickElementInAFrameThatIsOutOfView(org.openqa.selenium.ClickScrollingTest)
三月 23, 2014 4:20:44 下午 org.openqa.selenium.remote.RemoteWebDriver log
信息: Executing: get [4c6ccbc5-7e30-4743-aae9-59ab5891e47f, get {url=http://localhost:6461/common/scrolling_tests/page_with_frame_out_of_view.html}]
三月 23, 2014 4:20:44 下午 org.openqa.selenium.remote.RemoteWebDriver log
信息: Executed: [4c6ccbc5-7e30-4743-aae9-59ab5891e47f, get {url=http://localhost:6461/common/scrolling_tests/page_with_frame_out_of_view.html}]
三月 23, 2014 4:20:44 下午 org.openqa.selenium.remote.RemoteWebDriver log
信息: Executing: switchToFrame [4c6ccbc5-7e30-4743-aae9-59ab5891e47f, switchToFrame {id=frame}]
三月 23, 2014 4:20:44 下午 org.openqa.selenium.remote.RemoteWebDriver log
信息: Executed: [4c6ccbc5-7e30-4743-aae9-59ab5891e47f, switchToFrame {id=frame}]
三月 23, 2014 4:20:44 下午 org.openqa.selenium.remote.RemoteWebDriver log
信息: Executing: findElement [4c6ccbc5-7e30-4743-aae9-59ab5891e47f, findElement {using=name, value=checkbox}]
三月 23, 2014 4:20:44 下午 org.openqa.selenium.remote.RemoteWebDriver log
信息: Executed: [4c6ccbc5-7e30-4743-aae9-59ab5891e47f, findElement {using=name, value=checkbox}]
三月 23, 2014 4:20:44 下午 org.openqa.selenium.remote.RemoteWebDriver log
信息: Executing: clickElement [4c6ccbc5-7e30-4743-aae9-59ab5891e47f, clickElement {id={b3e07b61-3708-3c43-b05f-b6f550e72d97}}]
三月 23, 2014 4:20:44 下午 org.openqa.selenium.remote.RemoteWebDriver log
信息: Executed: [4c6ccbc5-7e30-4743-aae9-59ab5891e47f, clickElement {id={b3e07b61-3708-3c43-b05f-b6f550e72d97}}]
三月 23, 2014 4:20:44 下午 org.openqa.selenium.remote.RemoteWebDriver log
信息: Executing: isElementSelected [4c6ccbc5-7e30-4743-aae9-59ab5891e47f, isElementSelected {id={b3e07b61-3708-3c43-b05f-b6f550e72d97}}]
三月 23, 2014 4:20:44 下午 org.openqa.selenium.remote.RemoteWebDriver log
信息: Executed: [4c6ccbc5-7e30-4743-aae9-59ab5891e47f, isElementSelected {id={b3e07b61-3708-3c43-b05f-b6f550e72d97}}]
三月 23, 2014 4:20:44 下午 org.openqa.selenium.remote.RemoteWebDriver log
信息: Executing: switchToFrame [4c6ccbc5-7e30-4743-aae9-59ab5891e47f, switchToFrame {id=null}]
三月 23, 2014 4:20:44 下午 org.openqa.selenium.remote.RemoteWebDriver log
信息: Executed: [4c6ccbc5-7e30-4743-aae9-59ab5891e47f, switchToFrame {id=null}]
三月 23, 2014 4:20:44 下午 org.openqa.selenium.testing.JUnit4TestBase$1 finished
信息: <<< Finished testShouldBeAbleToClickElementInAFrameThatIsOutOfView(org.openqa.selenium.ClickScrollingTest)
三月 23, 2014 4:20:44 下午 org.openqa.selenium.testing.JUnit4TestBase$1 starting
信息: >>> Starting testShouldNotScrollWhenGettingElementSize(org.openqa.selenium.ClickScrollingTest)
三月 23, 2014 4:20:44 下午 org.openqa.selenium.remote.RemoteWebDriver log
信息: Executing: get [4c6ccbc5-7e30-4743-aae9-59ab5891e47f, get {url=http://localhost:6461/common/scroll3.html}]
三月 23, 2014 4:20:44 下午 org.openqa.selenium.remote.RemoteWebDriver log
信息: Executed: [4c6ccbc5-7e30-4743-aae9-59ab5891e47f, get {url=http://localhost:6461/common/scroll3.html}]
三月 23, 2014 4:20:44 下午 org.openqa.selenium.remote.RemoteWebDriver log
信息: Executing: executeScript [4c6ccbc5-7e30-4743-aae9-59ab5891e47f, executeScript {script=return document.body.scrollTop;, args=[]}]
三月 23, 2014 4:20:44 下午 org.openqa.selenium.remote.RemoteWebDriver log
信息: Executed: [4c6ccbc5-7e30-4743-aae9-59ab5891e47f, executeScript {script=return document.body.scrollTop;, args=[]}]
三月 23, 2014 4:20:44 下午 org.openqa.selenium.remote.RemoteWebDriver log
信息: Executing: findElement [4c6ccbc5-7e30-4743-aae9-59ab5891e47f, findElement {using=id, value=button1}]
三月 23, 2014 4:20:45 下午 org.openqa.selenium.remote.RemoteWebDriver log
信息: Executed: [4c6ccbc5-7e30-4743-aae9-59ab5891e47f, findElement {using=id, value=button1}]
三月 23, 2014 4:20:45 下午 org.openqa.selenium.remote.RemoteWebDriver log
信息: Executing: getElementSize [4c6ccbc5-7e30-4743-aae9-59ab5891e47f, getElementSize {id={7b5eb0d2-bc9c-964f-bf21-dab11dc936bc}}]
三月 23, 2014 4:20:45 下午 org.openqa.selenium.remote.RemoteWebDriver log
信息: Executed: [4c6ccbc5-7e30-4743-aae9-59ab5891e47f, getElementSize {id={7b5eb0d2-bc9c-964f-bf21-dab11dc936bc}}]
三月 23, 2014 4:20:45 下午 org.openqa.selenium.remote.RemoteWebDriver log
信息: Executing: executeScript [4c6ccbc5-7e30-4743-aae9-59ab5891e47f, executeScript {script=return document.body.scrollTop;, args=[]}]
三月 23, 2014 4:20:45 下午 org.openqa.selenium.remote.RemoteWebDriver log
信息: Executed: [4c6ccbc5-7e30-4743-aae9-59ab5891e47f, executeScript {script=return document.body.scrollTop;, args=[]}]
三月 23, 2014 4:20:45 下午 org.openqa.selenium.testing.JUnit4TestBase$1 finished
信息: <<< Finished testShouldNotScrollWhenGettingElementSize(org.openqa.selenium.ClickScrollingTest)
三月 23, 2014 4:20:45 下午 org.openqa.selenium.testing.JUnit4TestBase$1 starting
信息: >>> Starting testShouldBeAbleToClickElementThatIsOutOfViewInAFrameThatIsOutOfView(org.openqa.selenium.ClickScrollingTest)
三月 23, 2014 4:20:45 下午 org.openqa.selenium.remote.RemoteWebDriver log
信息: Executing: get [4c6ccbc5-7e30-4743-aae9-59ab5891e47f, get {url=http://localhost:6461/common/scrolling_tests/page_with_scrolling_frame_out_of_view.html}]
三月 23, 2014 4:20:45 下午 org.openqa.selenium.remote.RemoteWebDriver log
信息: Executed: [4c6ccbc5-7e30-4743-aae9-59ab5891e47f, get {url=http://localhost:6461/common/scrolling_tests/page_with_scrolling_frame_out_of_view.html}]
三月 23, 2014 4:20:45 下午 org.openqa.selenium.remote.RemoteWebDriver log
信息: Executing: switchToFrame [4c6ccbc5-7e30-4743-aae9-59ab5891e47f, switchToFrame {id=scrolling_frame}]
三月 23, 2014 4:20:45 下午 org.openqa.selenium.remote.RemoteWebDriver log
信息: Executed: [4c6ccbc5-7e30-4743-aae9-59ab5891e47f, switchToFrame {id=scrolling_frame}]
三月 23, 2014 4:20:45 下午 org.openqa.selenium.remote.RemoteWebDriver log
信息: Executing: findElement [4c6ccbc5-7e30-4743-aae9-59ab5891e47f, findElement {using=name, value=scroll_checkbox}]
三月 23, 2014 4:20:45 下午 org.openqa.selenium.remote.RemoteWebDriver log
信息: Executed: [4c6ccbc5-7e30-4743-aae9-59ab5891e47f, findElement {using=name, value=scroll_checkbox}]
三月 23, 2014 4:20:45 下午 org.openqa.selenium.remote.RemoteWebDriver log
信息: Executing: clickElement [4c6ccbc5-7e30-4743-aae9-59ab5891e47f, clickElement {id={ad63ef48-b210-dc40-a4a2-f86c537d26e2}}]
三月 23, 2014 4:20:45 下午 org.openqa.selenium.remote.RemoteWebDriver log
信息: Executed: [4c6ccbc5-7e30-4743-aae9-59ab5891e47f, clickElement {id={ad63ef48-b210-dc40-a4a2-f86c537d26e2}}]
三月 23, 2014 4:20:45 下午 org.openqa.selenium.remote.RemoteWebDriver log
信息: Executing: isElementSelected [4c6ccbc5-7e30-4743-aae9-59ab5891e47f, isElementSelected {id={ad63ef48-b210-dc40-a4a2-f86c537d26e2}}]
三月 23, 2014 4:20:45 下午 org.openqa.selenium.remote.RemoteWebDriver log
信息: Executed: [4c6ccbc5-7e30-4743-aae9-59ab5891e47f, isElementSelected {id={ad63ef48-b210-dc40-a4a2-f86c537d26e2}}]
三月 23, 2014 4:20:45 下午 org.openqa.selenium.remote.RemoteWebDriver log
信息: Executing: switchToFrame [4c6ccbc5-7e30-4743-aae9-59ab5891e47f, switchToFrame {id=null}]
三月 23, 2014 4:20:45 下午 org.openqa.selenium.remote.RemoteWebDriver log
信息: Executed: [4c6ccbc5-7e30-4743-aae9-59ab5891e47f, switchToFrame {id=null}]
三月 23, 2014 4:20:45 下午 org.openqa.selenium.testing.JUnit4TestBase$1 finished
信息: <<< Finished testShouldBeAbleToClickElementThatIsOutOfViewInAFrameThatIsOutOfView(org.openqa.selenium.ClickScrollingTest)
三月 23, 2014 4:20:45 下午 org.openqa.selenium.testing.JUnit4TestBase$1 starting
信息: >>> Starting testShouldBeAbleToClickOnAnElementHiddenByYOverflow(org.openqa.selenium.ClickScrollingTest)
三月 23, 2014 4:20:45 下午 org.openqa.selenium.remote.RemoteWebDriver log
信息: Executing: get [4c6ccbc5-7e30-4743-aae9-59ab5891e47f, get {url=http://localhost:6461/common/scrolling_tests/page_with_y_overflow_auto.html}]
三月 23, 2014 4:20:45 下午 org.openqa.selenium.remote.RemoteWebDriver log
信息: Executed: [4c6ccbc5-7e30-4743-aae9-59ab5891e47f, get {url=http://localhost:6461/common/scrolling_tests/page_with_y_overflow_auto.html}]
三月 23, 2014 4:20:45 下午 org.openqa.selenium.remote.RemoteWebDriver log
信息: Executing: findElement [4c6ccbc5-7e30-4743-aae9-59ab5891e47f, findElement {using=id, value=link}]
三月 23, 2014 4:20:45 下午 org.openqa.selenium.remote.RemoteWebDriver log
信息: Executed: [4c6ccbc5-7e30-4743-aae9-59ab5891e47f, findElement {using=id, value=link}]
三月 23, 2014 4:20:45 下午 org.openqa.selenium.remote.RemoteWebDriver log
信息: Executing: clickElement [4c6ccbc5-7e30-4743-aae9-59ab5891e47f, clickElement {id={4ebc17c8-93e8-4f44-8924-989b662de9ad}}]
三月 23, 2014 4:20:45 下午 org.openqa.selenium.remote.RemoteWebDriver log
信息: Executed: [4c6ccbc5-7e30-4743-aae9-59ab5891e47f, clickElement {id={4ebc17c8-93e8-4f44-8924-989b662de9ad}}]
三月 23, 2014 4:20:45 下午 org.openqa.selenium.remote.RemoteWebDriver log
信息: Executing: getTitle [4c6ccbc5-7e30-4743-aae9-59ab5891e47f, getTitle {}]
三月 23, 2014 4:20:45 下午 org.openqa.selenium.remote.RemoteWebDriver log
信息: Executed: [4c6ccbc5-7e30-4743-aae9-59ab5891e47f, getTitle {}]
三月 23, 2014 4:20:45 下午 org.openqa.selenium.testing.JUnit4TestBase$1 finished
信息: <<< Finished testShouldBeAbleToClickOnAnElementHiddenByYOverflow(org.openqa.selenium.ClickScrollingTest)
三月 23, 2014 4:20:45 下午 org.openqa.selenium.testing.JUnit4TestBase$1 starting
信息: >>> Starting testShouldNotScrollOverflowElementsWhichAreVisible(org.openqa.selenium.ClickScrollingTest)
三月 23, 2014 4:20:45 下午 org.openqa.selenium.remote.RemoteWebDriver log
信息: Executing: get [4c6ccbc5-7e30-4743-aae9-59ab5891e47f, get {url=http://localhost:6461/common/scroll2.html}]
三月 23, 2014 4:20:45 下午 org.openqa.selenium.remote.RemoteWebDriver log
信息: Executed: [4c6ccbc5-7e30-4743-aae9-59ab5891e47f, get {url=http://localhost:6461/common/scroll2.html}]
三月 23, 2014 4:20:45 下午 org.openqa.selenium.remote.RemoteWebDriver log
信息: Executing: findElement [4c6ccbc5-7e30-4743-aae9-59ab5891e47f, findElement {using=tag name, value=ul}]
三月 23, 2014 4:20:45 下午 org.openqa.selenium.remote.RemoteWebDriver log
信息: Executed: [4c6ccbc5-7e30-4743-aae9-59ab5891e47f, findElement {using=tag name, value=ul}]
三月 23, 2014 4:20:45 下午 org.openqa.selenium.remote.RemoteWebDriver log
信息: Executing: findChildElement [4c6ccbc5-7e30-4743-aae9-59ab5891e47f, findChildElement {id={7de8ddad-7fa5-5d4d-8e36-572752f2d138}, using=id, value=desired}]
三月 23, 2014 4:20:45 下午 org.openqa.selenium.remote.RemoteWebDriver log
信息: Executed: [4c6ccbc5-7e30-4743-aae9-59ab5891e47f, findChildElement {id={7de8ddad-7fa5-5d4d-8e36-572752f2d138}, using=id, value=desired}]
三月 23, 2014 4:20:45 下午 org.openqa.selenium.remote.RemoteWebDriver log
信息: Executing: clickElement [4c6ccbc5-7e30-4743-aae9-59ab5891e47f, clickElement {id={89f0e897-d60d-2b48-a85f-5ab75df0e9c5}}]
三月 23, 2014 4:20:45 下午 org.openqa.selenium.remote.RemoteWebDriver log
信息: Executed: [4c6ccbc5-7e30-4743-aae9-59ab5891e47f, clickElement {id={89f0e897-d60d-2b48-a85f-5ab75df0e9c5}}]
三月 23, 2014 4:20:45 下午 org.openqa.selenium.remote.RemoteWebDriver log
信息: Executing: executeScript [4c6ccbc5-7e30-4743-aae9-59ab5891e47f, executeScript {script=return arguments[0].scrollTop;, args=[{ELEMENT={7de8ddad-7fa5-5d4d-8e36-572752f2d138}}]}]
三月 23, 2014 4:20:45 下午 org.openqa.selenium.remote.RemoteWebDriver log
信息: Executed: [4c6ccbc5-7e30-4743-aae9-59ab5891e47f, executeScript {script=return arguments[0].scrollTop;, args=[{ELEMENT={7de8ddad-7fa5-5d4d-8e36-572752f2d138}}]}]
三月 23, 2014 4:20:45 下午 org.openqa.selenium.testing.JUnit4TestBase$1 finished
信息: <<< Finished testShouldNotScrollOverflowElementsWhichAreVisible(org.openqa.selenium.ClickScrollingTest)
三月 23, 2014 4:20:45 下午 org.openqa.selenium.testing.JUnit4TestBase$1 starting
信息: >>> Starting testShouldBeAbleToClickElementThatIsOutOfViewInANestedFrame(org.openqa.selenium.ClickScrollingTest)
三月 23, 2014 4:20:45 下午 org.openqa.selenium.remote.RemoteWebDriver log
信息: Executing: get [4c6ccbc5-7e30-4743-aae9-59ab5891e47f, get {url=http://localhost:6461/common/scrolling_tests/page_with_nested_scrolling_frames.html}]
三月 23, 2014 4:20:45 下午 org.openqa.selenium.remote.RemoteWebDriver log
信息: Executed: [4c6ccbc5-7e30-4743-aae9-59ab5891e47f, get {url=http://localhost:6461/common/scrolling_tests/page_with_nested_scrolling_frames.html}]
三月 23, 2014 4:20:45 下午 org.openqa.selenium.remote.RemoteWebDriver log
信息: Executing: switchToFrame [4c6ccbc5-7e30-4743-aae9-59ab5891e47f, switchToFrame {id=scrolling_frame}]
三月 23, 2014 4:20:45 下午 org.openqa.selenium.remote.RemoteWebDriver log
信息: Executed: [4c6ccbc5-7e30-4743-aae9-59ab5891e47f, switchToFrame {id=scrolling_frame}]
三月 23, 2014 4:20:45 下午 org.openqa.selenium.remote.RemoteWebDriver log
信息: Executing: switchToFrame [4c6ccbc5-7e30-4743-aae9-59ab5891e47f, switchToFrame {id=nested_scrolling_frame}]
三月 23, 2014 4:20:45 下午 org.openqa.selenium.remote.RemoteWebDriver log
信息: Executed: [4c6ccbc5-7e30-4743-aae9-59ab5891e47f, switchToFrame {id=nested_scrolling_frame}]
三月 23, 2014 4:20:45 下午 org.openqa.selenium.remote.RemoteWebDriver log
信息: Executing: findElement [4c6ccbc5-7e30-4743-aae9-59ab5891e47f, findElement {using=name, value=scroll_checkbox}]
三月 23, 2014 4:20:45 下午 org.openqa.selenium.remote.RemoteWebDriver log
信息: Executed: [4c6ccbc5-7e30-4743-aae9-59ab5891e47f, findElement {using=name, value=scroll_checkbox}]
三月 23, 2014 4:20:45 下午 org.openqa.selenium.remote.RemoteWebDriver log
信息: Executing: clickElement [4c6ccbc5-7e30-4743-aae9-59ab5891e47f, clickElement {id={ccded4ca-b9f6-b540-81b8-7e55f04a7c3f}}]
三月 23, 2014 4:20:45 下午 org.openqa.selenium.remote.RemoteWebDriver log
信息: Executed: [4c6ccbc5-7e30-4743-aae9-59ab5891e47f, clickElement {id={ccded4ca-b9f6-b540-81b8-7e55f04a7c3f}}]
三月 23, 2014 4:20:45 下午 org.openqa.selenium.remote.RemoteWebDriver log
信息: Executing: isElementSelected [4c6ccbc5-7e30-4743-aae9-59ab5891e47f, isElementSelected {id={ccded4ca-b9f6-b540-81b8-7e55f04a7c3f}}]
三月 23, 2014 4:20:45 下午 org.openqa.selenium.remote.RemoteWebDriver log
信息: Executed: [4c6ccbc5-7e30-4743-aae9-59ab5891e47f, isElementSelected {id={ccded4ca-b9f6-b540-81b8-7e55f04a7c3f}}]
三月 23, 2014 4:20:45 下午 org.openqa.selenium.remote.RemoteWebDriver log
信息: Executing: switchToFrame [4c6ccbc5-7e30-4743-aae9-59ab5891e47f, switchToFrame {id=null}]
三月 23, 2014 4:20:45 下午 org.openqa.selenium.remote.RemoteWebDriver log
信息: Executed: [4c6ccbc5-7e30-4743-aae9-59ab5891e47f, switchToFrame {id=null}]
三月 23, 2014 4:20:45 下午 org.openqa.selenium.testing.JUnit4TestBase$1 finished
信息: <<< Finished testShouldBeAbleToClickElementThatIsOutOfViewInANestedFrame(org.openqa.selenium.ClickScrollingTest)
三月 23, 2014 4:20:45 下午 org.openqa.selenium.testing.JUnit4TestBase$1 starting
信息: >>> Starting testShouldBeAbleToClickOnAnElementHiddenByOverflow(org.openqa.selenium.ClickScrollingTest)
三月 23, 2014 4:20:45 下午 org.openqa.selenium.remote.RemoteWebDriver log
信息: Executing: get [4c6ccbc5-7e30-4743-aae9-59ab5891e47f, get {url=http://localhost:6461/common/scroll.html}]
三月 23, 2014 4:20:45 下午 org.openqa.selenium.remote.RemoteWebDriver log
信息: Executed: [4c6ccbc5-7e30-4743-aae9-59ab5891e47f, get {url=http://localhost:6461/common/scroll.html}]
三月 23, 2014 4:20:45 下午 org.openqa.selenium.remote.RemoteWebDriver log
信息: Executing: findElement [4c6ccbc5-7e30-4743-aae9-59ab5891e47f, findElement {using=id, value=line8}]
三月 23, 2014 4:20:45 下午 org.openqa.selenium.remote.RemoteWebDriver log
信息: Executed: [4c6ccbc5-7e30-4743-aae9-59ab5891e47f, findElement {using=id, value=line8}]
三月 23, 2014 4:20:45 下午 org.openqa.selenium.remote.RemoteWebDriver log
信息: Executing: clickElement [4c6ccbc5-7e30-4743-aae9-59ab5891e47f, clickElement {id={27e2d754-c343-bb4f-9baf-7884e5c08206}}]
三月 23, 2014 4:20:45 下午 org.openqa.selenium.remote.RemoteWebDriver log
信息: Executed: [4c6ccbc5-7e30-4743-aae9-59ab5891e47f, clickElement {id={27e2d754-c343-bb4f-9baf-7884e5c08206}}]
三月 23, 2014 4:20:45 下午 org.openqa.selenium.remote.RemoteWebDriver log
信息: Executing: findElement [4c6ccbc5-7e30-4743-aae9-59ab5891e47f, findElement {using=id, value=clicked}]
三月 23, 2014 4:20:45 下午 org.openqa.selenium.remote.RemoteWebDriver log
信息: Executed: [4c6ccbc5-7e30-4743-aae9-59ab5891e47f, findElement {using=id, value=clicked}]
三月 23, 2014 4:20:45 下午 org.openqa.selenium.remote.RemoteWebDriver log
信息: Executing: getElementText [4c6ccbc5-7e30-4743-aae9-59ab5891e47f, getElementText {id={52e35787-4812-0e4d-a950-2f02b72aed05}}]
三月 23, 2014 4:20:45 下午 org.openqa.selenium.remote.RemoteWebDriver log
信息: Executed: [4c6ccbc5-7e30-4743-aae9-59ab5891e47f, getElementText {id={52e35787-4812-0e4d-a950-2f02b72aed05}}]
三月 23, 2014 4:20:45 下午 org.openqa.selenium.testing.JUnit4TestBase$1 finished
信息: <<< Finished testShouldBeAbleToClickOnAnElementHiddenByOverflow(org.openqa.selenium.ClickScrollingTest)
三月 23, 2014 4:20:45 下午 org.openqa.selenium.testing.JUnit4TestBase$1 starting
信息: >>> Starting testClickingOnAnchorScrollsPage(org.openqa.selenium.ClickScrollingTest)
三月 23, 2014 4:20:45 下午 org.openqa.selenium.remote.RemoteWebDriver log
信息: Executing: get [4c6ccbc5-7e30-4743-aae9-59ab5891e47f, get {url=http://localhost:6461/common/macbeth.html}]
三月 23, 2014 4:20:45 下午 org.openqa.selenium.remote.RemoteWebDriver log
信息: Executed: [4c6ccbc5-7e30-4743-aae9-59ab5891e47f, get {url=http://localhost:6461/common/macbeth.html}]
三月 23, 2014 4:20:45 下午 org.openqa.selenium.remote.RemoteWebDriver log
信息: Executing: findElement [4c6ccbc5-7e30-4743-aae9-59ab5891e47f, findElement {using=partial link text, value=last speech}]
三月 23, 2014 4:20:45 下午 org.openqa.selenium.remote.RemoteWebDriver log
信息: Executed: [4c6ccbc5-7e30-4743-aae9-59ab5891e47f, findElement {using=partial link text, value=last speech}]
三月 23, 2014 4:20:45 下午 org.openqa.selenium.remote.RemoteWebDriver log
信息: Executing: clickElement [4c6ccbc5-7e30-4743-aae9-59ab5891e47f, clickElement {id={d59a0a6e-495f-6249-9abe-0762fb50c1ba}}]
三月 23, 2014 4:20:46 下午 org.openqa.selenium.remote.RemoteWebDriver log
信息: Executed: [4c6ccbc5-7e30-4743-aae9-59ab5891e47f, clickElement {id={d59a0a6e-495f-6249-9abe-0762fb50c1ba}}]
三月 23, 2014 4:20:46 下午 org.openqa.selenium.remote.RemoteWebDriver log
信息: Executing: executeScript [4c6ccbc5-7e30-4743-aae9-59ab5891e47f, executeScript {script=var pageY;if (typeof(window.pageYOffset) == 'number') {  pageY = window.pageYOffset;} else {  pageY = document.documentElement.scrollTop;}return pageY;, args=[]}]
三月 23, 2014 4:20:46 下午 org.openqa.selenium.remote.RemoteWebDriver log
信息: Executed: [4c6ccbc5-7e30-4743-aae9-59ab5891e47f, executeScript {script=var pageY;if (typeof(window.pageYOffset) == 'number') {  pageY = window.pageYOffset;} else {  pageY = document.documentElement.scrollTop;}return pageY;, args=[]}]
三月 23, 2014 4:20:46 下午 org.openqa.selenium.testing.JUnit4TestBase$1 finished
信息: <<< Finished testClickingOnAnchorScrollsPage(org.openqa.selenium.ClickScrollingTest)
三月 23, 2014 4:20:46 下午 org.openqa.selenium.testing.JUnit4TestBase$1 starting
信息: >>> Starting testShouldScrollOverflowElementsIfClickPointIsOutOfViewButElementIsInView(org.openqa.selenium.ClickScrollingTest)
三月 23, 2014 4:20:46 下午 org.openqa.selenium.remote.RemoteWebDriver log
信息: Executing: get [4c6ccbc5-7e30-4743-aae9-59ab5891e47f, get {url=http://localhost:6461/common/scroll5.html}]
三月 23, 2014 4:20:46 下午 org.openqa.selenium.remote.RemoteWebDriver log
信息: Executed: [4c6ccbc5-7e30-4743-aae9-59ab5891e47f, get {url=http://localhost:6461/common/scroll5.html}]
三月 23, 2014 4:20:46 下午 org.openqa.selenium.remote.RemoteWebDriver log
信息: Executing: findElement [4c6ccbc5-7e30-4743-aae9-59ab5891e47f, findElement {using=id, value=inner}]
三月 23, 2014 4:20:46 下午 org.openqa.selenium.remote.RemoteWebDriver log
信息: Executed: [4c6ccbc5-7e30-4743-aae9-59ab5891e47f, findElement {using=id, value=inner}]
三月 23, 2014 4:20:46 下午 org.openqa.selenium.remote.RemoteWebDriver log
信息: Executing: clickElement [4c6ccbc5-7e30-4743-aae9-59ab5891e47f, clickElement {id={25eaa8e4-d7ff-334f-aaeb-08decbd8443d}}]
三月 23, 2014 4:20:46 下午 org.openqa.selenium.remote.RemoteWebDriver log
信息: Executed: [4c6ccbc5-7e30-4743-aae9-59ab5891e47f, clickElement {id={25eaa8e4-d7ff-334f-aaeb-08decbd8443d}}]
三月 23, 2014 4:20:46 下午 org.openqa.selenium.remote.RemoteWebDriver log
信息: Executing: findElement [4c6ccbc5-7e30-4743-aae9-59ab5891e47f, findElement {using=id, value=clicked}]
三月 23, 2014 4:20:46 下午 org.openqa.selenium.remote.RemoteWebDriver log
信息: Executed: [4c6ccbc5-7e30-4743-aae9-59ab5891e47f, findElement {using=id, value=clicked}]
三月 23, 2014 4:20:46 下午 org.openqa.selenium.remote.RemoteWebDriver log
信息: Executing: getElementText [4c6ccbc5-7e30-4743-aae9-59ab5891e47f, getElementText {id={2a8c46dd-96a8-f64f-b4c6-9cfc2fb8d1ac}}]
三月 23, 2014 4:20:46 下午 org.openqa.selenium.remote.RemoteWebDriver log
信息: Executed: [4c6ccbc5-7e30-4743-aae9-59ab5891e47f, getElementText {id={2a8c46dd-96a8-f64f-b4c6-9cfc2fb8d1ac}}]
三月 23, 2014 4:20:46 下午 org.openqa.selenium.testing.JUnit4TestBase$1 finished
信息: <<< Finished testShouldScrollOverflowElementsIfClickPointIsOutOfViewButElementIsInView(org.openqa.selenium.ClickScrollingTest)
三月 23, 2014 4:20:46 下午 org.openqa.selenium.testing.JUnit4TestBase$1 starting
信息: >>> Starting testShouldBeAbleToClickOnAnElementHiddenByDoubleOverflow(org.openqa.selenium.ClickScrollingTest)
三月 23, 2014 4:20:46 下午 org.openqa.selenium.remote.RemoteWebDriver log
信息: Executing: get [4c6ccbc5-7e30-4743-aae9-59ab5891e47f, get {url=http://localhost:6461/common/scrolling_tests/page_with_double_overflow_auto.html}]
三月 23, 2014 4:20:46 下午 org.openqa.selenium.remote.RemoteWebDriver log
信息: Executed: [4c6ccbc5-7e30-4743-aae9-59ab5891e47f, get {url=http://localhost:6461/common/scrolling_tests/page_with_double_overflow_auto.html}]
三月 23, 2014 4:20:46 下午 org.openqa.selenium.remote.RemoteWebDriver log
信息: Executing: findElement [4c6ccbc5-7e30-4743-aae9-59ab5891e47f, findElement {using=id, value=link}]
三月 23, 2014 4:20:46 下午 org.openqa.selenium.remote.RemoteWebDriver log
信息: Executed: [4c6ccbc5-7e30-4743-aae9-59ab5891e47f, findElement {using=id, value=link}]
三月 23, 2014 4:20:46 下午 org.openqa.selenium.remote.RemoteWebDriver log
信息: Executing: clickElement [4c6ccbc5-7e30-4743-aae9-59ab5891e47f, clickElement {id={2751376d-0261-db43-9e04-0aae2dd2346a}}]
三月 23, 2014 4:20:46 下午 org.openqa.selenium.remote.RemoteWebDriver log
信息: Executed: [4c6ccbc5-7e30-4743-aae9-59ab5891e47f, clickElement {id={2751376d-0261-db43-9e04-0aae2dd2346a}}]
三月 23, 2014 4:20:46 下午 org.openqa.selenium.remote.RemoteWebDriver log
信息: Executing: getTitle [4c6ccbc5-7e30-4743-aae9-59ab5891e47f, getTitle {}]
三月 23, 2014 4:20:46 下午 org.openqa.selenium.remote.RemoteWebDriver log
信息: Executed: [4c6ccbc5-7e30-4743-aae9-59ab5891e47f, getTitle {}]
三月 23, 2014 4:20:46 下午 org.openqa.selenium.testing.JUnit4TestBase$1 finished
信息: <<< Finished testShouldBeAbleToClickOnAnElementHiddenByDoubleOverflow(org.openqa.selenium.ClickScrollingTest)
三月 23, 2014 4:20:46 下午 org.openqa.selenium.testing.JUnit4TestBase$1 starting
信息: >>> Starting testShouldSetRelatedTargetForMouseOver(org.openqa.selenium.ClickTest)
三月 23, 2014 4:20:46 下午 org.openqa.selenium.remote.RemoteWebDriver log
信息: Executing: get [4c6ccbc5-7e30-4743-aae9-59ab5891e47f, get {url=http://localhost:6461/common/clicks.html}]
三月 23, 2014 4:20:46 下午 org.openqa.selenium.remote.RemoteWebDriver log
信息: Executed: [4c6ccbc5-7e30-4743-aae9-59ab5891e47f, get {url=http://localhost:6461/common/clicks.html}]
三月 23, 2014 4:20:46 下午 org.openqa.selenium.remote.RemoteWebDriver log
信息: Executing: get [4c6ccbc5-7e30-4743-aae9-59ab5891e47f, get {url=http://localhost:6461/common/javascriptPage.html}]
三月 23, 2014 4:20:46 下午 org.openqa.selenium.remote.RemoteWebDriver log
信息: Executed: [4c6ccbc5-7e30-4743-aae9-59ab5891e47f, get {url=http://localhost:6461/common/javascriptPage.html}]
三月 23, 2014 4:20:46 下午 org.openqa.selenium.remote.RemoteWebDriver log
信息: Executing: findElement [4c6ccbc5-7e30-4743-aae9-59ab5891e47f, findElement {using=id, value=movable}]
三月 23, 2014 4:20:46 下午 org.openqa.selenium.remote.RemoteWebDriver log
信息: Executed: [4c6ccbc5-7e30-4743-aae9-59ab5891e47f, findElement {using=id, value=movable}]
三月 23, 2014 4:20:46 下午 org.openqa.selenium.remote.RemoteWebDriver log
信息: Executing: clickElement [4c6ccbc5-7e30-4743-aae9-59ab5891e47f, clickElement {id={6462be26-a851-1e42-8a6f-53fd30e21b8a}}]
三月 23, 2014 4:20:46 下午 org.openqa.selenium.remote.RemoteWebDriver log
信息: Executed: [4c6ccbc5-7e30-4743-aae9-59ab5891e47f, clickElement {id={6462be26-a851-1e42-8a6f-53fd30e21b8a}}]
三月 23, 2014 4:20:46 下午 org.openqa.selenium.remote.RemoteWebDriver log
信息: Executing: findElement [4c6ccbc5-7e30-4743-aae9-59ab5891e47f, findElement {using=id, value=result}]
三月 23, 2014 4:20:46 下午 org.openqa.selenium.remote.RemoteWebDriver log
信息: Executed: [4c6ccbc5-7e30-4743-aae9-59ab5891e47f, findElement {using=id, value=result}]
三月 23, 2014 4:20:46 下午 org.openqa.selenium.remote.RemoteWebDriver log
信息: Executing: getElementText [4c6ccbc5-7e30-4743-aae9-59ab5891e47f, getElementText {id={6eea7467-9de9-5f47-9996-a406b2283e53}}]
三月 23, 2014 4:20:46 下午 org.openqa.selenium.remote.RemoteWebDriver log
信息: Executed: [4c6ccbc5-7e30-4743-aae9-59ab5891e47f, getElementText {id={6eea7467-9de9-5f47-9996-a406b2283e53}}]
三月 23, 2014 4:20:46 下午 org.openqa.selenium.remote.RemoteWebDriver log
信息: Executing: switchToFrame [4c6ccbc5-7e30-4743-aae9-59ab5891e47f, switchToFrame {id=null}]
三月 23, 2014 4:20:46 下午 org.openqa.selenium.remote.RemoteWebDriver log
信息: Executed: [4c6ccbc5-7e30-4743-aae9-59ab5891e47f, switchToFrame {id=null}]
三月 23, 2014 4:20:46 下午 org.openqa.selenium.testing.JUnit4TestBase$1 finished
信息: <<< Finished testShouldSetRelatedTargetForMouseOver(org.openqa.selenium.ClickTest)
三月 23, 2014 4:20:46 下午 org.openqa.selenium.testing.JUnit4TestBase$1 starting
信息: >>> Starting testCanClickOnALinkWithEnclosedImage(org.openqa.selenium.ClickTest)
三月 23, 2014 4:20:46 下午 org.openqa.selenium.remote.RemoteWebDriver log
信息: Executing: get [4c6ccbc5-7e30-4743-aae9-59ab5891e47f, get {url=http://localhost:6461/common/clicks.html}]
三月 23, 2014 4:20:46 下午 org.openqa.selenium.remote.RemoteWebDriver log
信息: Executed: [4c6ccbc5-7e30-4743-aae9-59ab5891e47f, get {url=http://localhost:6461/common/clicks.html}]
三月 23, 2014 4:20:46 下午 org.openqa.selenium.remote.RemoteWebDriver log
信息: Executing: findElement [4c6ccbc5-7e30-4743-aae9-59ab5891e47f, findElement {using=id, value=link-with-enclosed-image}]
三月 23, 2014 4:20:46 下午 org.openqa.selenium.remote.RemoteWebDriver log
信息: Executed: [4c6ccbc5-7e30-4743-aae9-59ab5891e47f, findElement {using=id, value=link-with-enclosed-image}]
三月 23, 2014 4:20:46 下午 org.openqa.selenium.remote.RemoteWebDriver log
信息: Executing: clickElement [4c6ccbc5-7e30-4743-aae9-59ab5891e47f, clickElement {id={ce1be518-0354-b34a-beaf-5635bd2b0b9d}}]
三月 23, 2014 4:20:46 下午 org.openqa.selenium.remote.RemoteWebDriver log
信息: Executed: [4c6ccbc5-7e30-4743-aae9-59ab5891e47f, clickElement {id={ce1be518-0354-b34a-beaf-5635bd2b0b9d}}]
三月 23, 2014 4:20:46 下午 org.openqa.selenium.remote.RemoteWebDriver log
信息: Executing: getTitle [4c6ccbc5-7e30-4743-aae9-59ab5891e47f, getTitle {}]
三月 23, 2014 4:20:46 下午 org.openqa.selenium.remote.RemoteWebDriver log
信息: Executed: [4c6ccbc5-7e30-4743-aae9-59ab5891e47f, getTitle {}]
三月 23, 2014 4:20:46 下午 org.openqa.selenium.remote.RemoteWebDriver log
信息: Executing: switchToFrame [4c6ccbc5-7e30-4743-aae9-59ab5891e47f, switchToFrame {id=null}]
三月 23, 2014 4:20:46 下午 org.openqa.selenium.remote.RemoteWebDriver log
信息: Executed: [4c6ccbc5-7e30-4743-aae9-59ab5891e47f, switchToFrame {id=null}]
三月 23, 2014 4:20:46 下午 org.openqa.selenium.testing.JUnit4TestBase$1 finished
信息: <<< Finished testCanClickOnALinkWithEnclosedImage(org.openqa.selenium.ClickTest)
三月 23, 2014 4:20:46 下午 org.openqa.selenium.testing.JUnit4TestBase$1 starting
信息: >>> Starting testShouldBeAbleToClickOnASpanThatWrapsToTheNextLine(org.openqa.selenium.ClickTest)
三月 23, 2014 4:20:46 下午 org.openqa.selenium.remote.RemoteWebDriver log
信息: Executing: get [4c6ccbc5-7e30-4743-aae9-59ab5891e47f, get {url=http://localhost:6461/common/clicks.html}]
三月 23, 2014 4:20:46 下午 org.openqa.selenium.remote.RemoteWebDriver log
信息: Executed: [4c6ccbc5-7e30-4743-aae9-59ab5891e47f, get {url=http://localhost:6461/common/clicks.html}]
三月 23, 2014 4:20:46 下午 org.openqa.selenium.remote.RemoteWebDriver log
信息: Executing: executeScript [4c6ccbc5-7e30-4743-aae9-59ab5891e47f, executeScript {script=return navigator.userAgent;, args=[]}]
三月 23, 2014 4:20:46 下午 org.openqa.selenium.remote.RemoteWebDriver log
信息: Executed: [4c6ccbc5-7e30-4743-aae9-59ab5891e47f, executeScript {script=return navigator.userAgent;, args=[]}]
三月 23, 2014 4:20:46 下午 org.openqa.selenium.remote.RemoteWebDriver log
信息: Executing: get [4c6ccbc5-7e30-4743-aae9-59ab5891e47f, get {url=http://localhost:6461/common/click_tests/span_that_wraps.html}]
三月 23, 2014 4:20:46 下午 org.openqa.selenium.remote.RemoteWebDriver log
信息: Executed: [4c6ccbc5-7e30-4743-aae9-59ab5891e47f, get {url=http://localhost:6461/common/click_tests/span_that_wraps.html}]
三月 23, 2014 4:20:46 下午 org.openqa.selenium.remote.RemoteWebDriver log
信息: Executing: findElement [4c6ccbc5-7e30-4743-aae9-59ab5891e47f, findElement {using=id, value=span}]
三月 23, 2014 4:20:46 下午 org.openqa.selenium.remote.RemoteWebDriver log
信息: Executed: [4c6ccbc5-7e30-4743-aae9-59ab5891e47f, findElement {using=id, value=span}]
三月 23, 2014 4:20:46 下午 org.openqa.selenium.remote.RemoteWebDriver log
信息: Executing: clickElement [4c6ccbc5-7e30-4743-aae9-59ab5891e47f, clickElement {id={466a287e-d1e1-a348-b560-6d820fc8e28f}}]
三月 23, 2014 4:20:47 下午 org.openqa.selenium.remote.RemoteWebDriver log
信息: Executed: [4c6ccbc5-7e30-4743-aae9-59ab5891e47f, clickElement {id={466a287e-d1e1-a348-b560-6d820fc8e28f}}]
三月 23, 2014 4:20:47 下午 org.openqa.selenium.remote.RemoteWebDriver log
信息: Executing: getTitle [4c6ccbc5-7e30-4743-aae9-59ab5891e47f, getTitle {}]
三月 23, 2014 4:20:47 下午 org.openqa.selenium.remote.RemoteWebDriver log
信息: Executed: [4c6ccbc5-7e30-4743-aae9-59ab5891e47f, getTitle {}]
三月 23, 2014 4:20:47 下午 org.openqa.selenium.remote.RemoteWebDriver log
信息: Executing: switchToFrame [4c6ccbc5-7e30-4743-aae9-59ab5891e47f, switchToFrame {id=null}]
三月 23, 2014 4:20:47 下午 org.openqa.selenium.remote.RemoteWebDriver log
信息: Executed: [4c6ccbc5-7e30-4743-aae9-59ab5891e47f, switchToFrame {id=null}]
三月 23, 2014 4:20:47 下午 org.openqa.selenium.testing.JUnit4TestBase$1 finished
信息: <<< Finished testShouldBeAbleToClickOnASpanThatWrapsToTheNextLine(org.openqa.selenium.ClickTest)
三月 23, 2014 4:20:47 下午 org.openqa.selenium.testing.JUnit4TestBase$1 starting
信息: >>> Starting testCanClickOnAnElementWithTopSetToANegativeNumber(org.openqa.selenium.ClickTest)
三月 23, 2014 4:20:47 下午 org.openqa.selenium.remote.RemoteWebDriver log
信息: Executing: get [4c6ccbc5-7e30-4743-aae9-59ab5891e47f, get {url=http://localhost:6461/common/clicks.html}]
三月 23, 2014 4:20:47 下午 org.openqa.selenium.remote.RemoteWebDriver log
信息: Executed: [4c6ccbc5-7e30-4743-aae9-59ab5891e47f, get {url=http://localhost:6461/common/clicks.html}]
三月 23, 2014 4:20:47 下午 org.openqa.selenium.remote.RemoteWebDriver log
信息: Executing: get [4c6ccbc5-7e30-4743-aae9-59ab5891e47f, get {url=http://localhost:6461/common/styledPage.html}]
三月 23, 2014 4:20:47 下午 org.openqa.selenium.remote.RemoteWebDriver log
信息: Executed: [4c6ccbc5-7e30-4743-aae9-59ab5891e47f, get {url=http://localhost:6461/common/styledPage.html}]
三月 23, 2014 4:20:47 下午 org.openqa.selenium.remote.RemoteWebDriver log
信息: Executing: findElement [4c6ccbc5-7e30-4743-aae9-59ab5891e47f, findElement {using=name, value=searchBox}]
三月 23, 2014 4:20:47 下午 org.openqa.selenium.remote.RemoteWebDriver log
信息: Executed: [4c6ccbc5-7e30-4743-aae9-59ab5891e47f, findElement {using=name, value=searchBox}]
三月 23, 2014 4:20:47 下午 org.openqa.selenium.remote.RemoteWebDriver log
信息: Executing: sendKeysToElement [4c6ccbc5-7e30-4743-aae9-59ab5891e47f, sendKeysToElement {id={0f00e249-8157-c34d-aea9-45005eec6bf3}, value=[Ljava.lang.CharSequence;@4621e873}]
三月 23, 2014 4:20:47 下午 org.openqa.selenium.remote.RemoteWebDriver log
信息: Executed: [4c6ccbc5-7e30-4743-aae9-59ab5891e47f, sendKeysToElement {id={0f00e249-8157-c34d-aea9-45005eec6bf3}, value=[Ljava.lang.CharSequence;@4621e873}]
三月 23, 2014 4:20:47 下午 org.openqa.selenium.remote.RemoteWebDriver log
信息: Executing: findElement [4c6ccbc5-7e30-4743-aae9-59ab5891e47f, findElement {using=name, value=btn}]
三月 23, 2014 4:20:47 下午 org.openqa.selenium.remote.RemoteWebDriver log
信息: Executed: [4c6ccbc5-7e30-4743-aae9-59ab5891e47f, findElement {using=name, value=btn}]
三月 23, 2014 4:20:47 下午 org.openqa.selenium.remote.RemoteWebDriver log
信息: Executing: clickElement [4c6ccbc5-7e30-4743-aae9-59ab5891e47f, clickElement {id={758b6181-c831-4e46-90b1-b97e64078216}}]
三月 23, 2014 4:20:47 下午 org.openqa.selenium.remote.RemoteWebDriver log
信息: Executed: [4c6ccbc5-7e30-4743-aae9-59ab5891e47f, clickElement {id={758b6181-c831-4e46-90b1-b97e64078216}}]
三月 23, 2014 4:20:47 下午 org.openqa.selenium.remote.RemoteWebDriver log
信息: Executing: findElement [4c6ccbc5-7e30-4743-aae9-59ab5891e47f, findElement {using=id, value=log}]
三月 23, 2014 4:20:47 下午 org.openqa.selenium.remote.RemoteWebDriver log
信息: Executed: [4c6ccbc5-7e30-4743-aae9-59ab5891e47f, findElement {using=id, value=log}]
三月 23, 2014 4:20:47 下午 org.openqa.selenium.remote.RemoteWebDriver log
信息: Executing: getElementText [4c6ccbc5-7e30-4743-aae9-59ab5891e47f, getElementText {id={0296a2dd-6e19-4c46-8e58-108d4aa82053}}]
三月 23, 2014 4:20:47 下午 org.openqa.selenium.remote.RemoteWebDriver log
信息: Executed: [4c6ccbc5-7e30-4743-aae9-59ab5891e47f, getElementText {id={0296a2dd-6e19-4c46-8e58-108d4aa82053}}]
三月 23, 2014 4:20:47 下午 org.openqa.selenium.remote.RemoteWebDriver log
信息: Executing: switchToFrame [4c6ccbc5-7e30-4743-aae9-59ab5891e47f, switchToFrame {id=null}]
三月 23, 2014 4:20:47 下午 org.openqa.selenium.remote.RemoteWebDriver log
信息: Executed: [4c6ccbc5-7e30-4743-aae9-59ab5891e47f, switchToFrame {id=null}]
三月 23, 2014 4:20:47 下午 org.openqa.selenium.testing.JUnit4TestBase$1 finished
信息: <<< Finished testCanClickOnAnElementWithTopSetToANegativeNumber(org.openqa.selenium.ClickTest)
三月 23, 2014 4:20:47 下午 org.openqa.selenium.testing.JUnit4TestBase$1 starting
信息: >>> Starting testCanClickOnAnAnchorAndNotReloadThePage(org.openqa.selenium.ClickTest)
三月 23, 2014 4:20:47 下午 org.openqa.selenium.remote.RemoteWebDriver log
信息: Executing: get [4c6ccbc5-7e30-4743-aae9-59ab5891e47f, get {url=http://localhost:6461/common/clicks.html}]
三月 23, 2014 4:20:47 下午 org.openqa.selenium.remote.RemoteWebDriver log
信息: Executed: [4c6ccbc5-7e30-4743-aae9-59ab5891e47f, get {url=http://localhost:6461/common/clicks.html}]
三月 23, 2014 4:20:47 下午 org.openqa.selenium.remote.RemoteWebDriver log
信息: Executing: executeScript [4c6ccbc5-7e30-4743-aae9-59ab5891e47f, executeScript {script=document.latch = true, args=[]}]
三月 23, 2014 4:20:47 下午 org.openqa.selenium.remote.RemoteWebDriver log
信息: Executed: [4c6ccbc5-7e30-4743-aae9-59ab5891e47f, executeScript {script=document.latch = true, args=[]}]
三月 23, 2014 4:20:47 下午 org.openqa.selenium.remote.RemoteWebDriver log
信息: Executing: findElement [4c6ccbc5-7e30-4743-aae9-59ab5891e47f, findElement {using=id, value=anchor}]
三月 23, 2014 4:20:47 下午 org.openqa.selenium.remote.RemoteWebDriver log
信息: Executed: [4c6ccbc5-7e30-4743-aae9-59ab5891e47f, findElement {using=id, value=anchor}]
三月 23, 2014 4:20:47 下午 org.openqa.selenium.remote.RemoteWebDriver log
信息: Executing: clickElement [4c6ccbc5-7e30-4743-aae9-59ab5891e47f, clickElement {id={6983982a-ce3b-754e-8050-8181cc9b50ca}}]
三月 23, 2014 4:20:47 下午 org.openqa.selenium.remote.RemoteWebDriver log
信息: Executed: [4c6ccbc5-7e30-4743-aae9-59ab5891e47f, clickElement {id={6983982a-ce3b-754e-8050-8181cc9b50ca}}]
三月 23, 2014 4:20:47 下午 org.openqa.selenium.remote.RemoteWebDriver log
信息: Executing: executeScript [4c6ccbc5-7e30-4743-aae9-59ab5891e47f, executeScript {script=return document.latch, args=[]}]
三月 23, 2014 4:20:47 下午 org.openqa.selenium.remote.RemoteWebDriver log
信息: Executed: [4c6ccbc5-7e30-4743-aae9-59ab5891e47f, executeScript {script=return document.latch, args=[]}]
三月 23, 2014 4:20:47 下午 org.openqa.selenium.remote.RemoteWebDriver log
信息: Executing: switchToFrame [4c6ccbc5-7e30-4743-aae9-59ab5891e47f, switchToFrame {id=null}]
三月 23, 2014 4:20:47 下午 org.openqa.selenium.remote.RemoteWebDriver log
信息: Executed: [4c6ccbc5-7e30-4743-aae9-59ab5891e47f, switchToFrame {id=null}]
三月 23, 2014 4:20:47 下午 org.openqa.selenium.testing.JUnit4TestBase$1 finished
信息: <<< Finished testCanClickOnAnAnchorAndNotReloadThePage(org.openqa.selenium.ClickTest)
三月 23, 2014 4:20:47 下午 org.openqa.selenium.testing.JUnit4TestBase$1 starting
信息: >>> Starting testCanClickOnAnElementEnclosedInALink(org.openqa.selenium.ClickTest)
三月 23, 2014 4:20:47 下午 org.openqa.selenium.remote.RemoteWebDriver log
信息: Executing: get [4c6ccbc5-7e30-4743-aae9-59ab5891e47f, get {url=http://localhost:6461/common/clicks.html}]
三月 23, 2014 4:20:47 下午 org.openqa.selenium.remote.RemoteWebDriver log
信息: Executed: [4c6ccbc5-7e30-4743-aae9-59ab5891e47f, get {url=http://localhost:6461/common/clicks.html}]
三月 23, 2014 4:20:47 下午 org.openqa.selenium.remote.RemoteWebDriver log
信息: Executing: findElement [4c6ccbc5-7e30-4743-aae9-59ab5891e47f, findElement {using=id, value=link-with-enclosed-span}]
三月 23, 2014 4:20:47 下午 org.openqa.selenium.remote.RemoteWebDriver log
信息: Executed: [4c6ccbc5-7e30-4743-aae9-59ab5891e47f, findElement {using=id, value=link-with-enclosed-span}]
三月 23, 2014 4:20:47 下午 org.openqa.selenium.remote.RemoteWebDriver log
信息: Executing: findChildElement [4c6ccbc5-7e30-4743-aae9-59ab5891e47f, findChildElement {id={138fa7c5-b888-254c-93ac-c8109081f7a6}, using=tag name, value=span}]
三月 23, 2014 4:20:47 下午 org.openqa.selenium.remote.RemoteWebDriver log
信息: Executed: [4c6ccbc5-7e30-4743-aae9-59ab5891e47f, findChildElement {id={138fa7c5-b888-254c-93ac-c8109081f7a6}, using=tag name, value=span}]
三月 23, 2014 4:20:47 下午 org.openqa.selenium.remote.RemoteWebDriver log
信息: Executing: clickElement [4c6ccbc5-7e30-4743-aae9-59ab5891e47f, clickElement {id={5b71357c-3fd0-d24f-838b-e52640e45e0c}}]
三月 23, 2014 4:20:47 下午 org.openqa.selenium.remote.RemoteWebDriver log
信息: Executed: [4c6ccbc5-7e30-4743-aae9-59ab5891e47f, clickElement {id={5b71357c-3fd0-d24f-838b-e52640e45e0c}}]
三月 23, 2014 4:20:47 下午 org.openqa.selenium.remote.RemoteWebDriver log
信息: Executing: getTitle [4c6ccbc5-7e30-4743-aae9-59ab5891e47f, getTitle {}]
三月 23, 2014 4:20:47 下午 org.openqa.selenium.remote.RemoteWebDriver log
信息: Executed: [4c6ccbc5-7e30-4743-aae9-59ab5891e47f, getTitle {}]
三月 23, 2014 4:20:47 下午 org.openqa.selenium.remote.RemoteWebDriver log
信息: Executing: switchToFrame [4c6ccbc5-7e30-4743-aae9-59ab5891e47f, switchToFrame {id=null}]
三月 23, 2014 4:20:47 下午 org.openqa.selenium.remote.RemoteWebDriver log
信息: Executed: [4c6ccbc5-7e30-4743-aae9-59ab5891e47f, switchToFrame {id=null}]
三月 23, 2014 4:20:47 下午 org.openqa.selenium.testing.JUnit4TestBase$1 finished
信息: <<< Finished testCanClickOnAnElementEnclosedInALink(org.openqa.selenium.ClickTest)
三月 23, 2014 4:20:47 下午 org.openqa.selenium.testing.JUnit4TestBase$1 starting
信息: >>> Starting testCanClickOnALinkAndFollowIt(org.openqa.selenium.ClickTest)
三月 23, 2014 4:20:47 下午 org.openqa.selenium.remote.RemoteWebDriver log
信息: Executing: get [4c6ccbc5-7e30-4743-aae9-59ab5891e47f, get {url=http://localhost:6461/common/clicks.html}]
三月 23, 2014 4:20:47 下午 org.openqa.selenium.remote.RemoteWebDriver log
信息: Executed: [4c6ccbc5-7e30-4743-aae9-59ab5891e47f, get {url=http://localhost:6461/common/clicks.html}]
三月 23, 2014 4:20:47 下午 org.openqa.selenium.remote.RemoteWebDriver log
信息: Executing: findElement [4c6ccbc5-7e30-4743-aae9-59ab5891e47f, findElement {using=id, value=normal}]
三月 23, 2014 4:20:47 下午 org.openqa.selenium.remote.RemoteWebDriver log
信息: Executed: [4c6ccbc5-7e30-4743-aae9-59ab5891e47f, findElement {using=id, value=normal}]
三月 23, 2014 4:20:47 下午 org.openqa.selenium.remote.RemoteWebDriver log
信息: Executing: clickElement [4c6ccbc5-7e30-4743-aae9-59ab5891e47f, clickElement {id={40d3639f-8061-fa42-8ae0-df3cb16014d0}}]
三月 23, 2014 4:20:47 下午 org.openqa.selenium.remote.RemoteWebDriver log
信息: Executed: [4c6ccbc5-7e30-4743-aae9-59ab5891e47f, clickElement {id={40d3639f-8061-fa42-8ae0-df3cb16014d0}}]
三月 23, 2014 4:20:47 下午 org.openqa.selenium.remote.RemoteWebDriver log
信息: Executing: getTitle [4c6ccbc5-7e30-4743-aae9-59ab5891e47f, getTitle {}]
三月 23, 2014 4:20:47 下午 org.openqa.selenium.remote.RemoteWebDriver log
信息: Executed: [4c6ccbc5-7e30-4743-aae9-59ab5891e47f, getTitle {}]
三月 23, 2014 4:20:47 下午 org.openqa.selenium.remote.RemoteWebDriver log
信息: Executing: switchToFrame [4c6ccbc5-7e30-4743-aae9-59ab5891e47f, switchToFrame {id=null}]
三月 23, 2014 4:20:47 下午 org.openqa.selenium.remote.RemoteWebDriver log
信息: Executed: [4c6ccbc5-7e30-4743-aae9-59ab5891e47f, switchToFrame {id=null}]
三月 23, 2014 4:20:47 下午 org.openqa.selenium.testing.JUnit4TestBase$1 finished
信息: <<< Finished testCanClickOnALinkAndFollowIt(org.openqa.selenium.ClickTest)
三月 23, 2014 4:20:47 下午 org.openqa.selenium.testing.JUnit4TestBase$1 starting
信息: >>> Starting testShouldBeAbleToClickOnAnElementInTheViewport(org.openqa.selenium.ClickTest)
三月 23, 2014 4:20:47 下午 org.openqa.selenium.remote.RemoteWebDriver log
信息: Executing: get [4c6ccbc5-7e30-4743-aae9-59ab5891e47f, get {url=http://localhost:6461/common/clicks.html}]
三月 23, 2014 4:20:47 下午 org.openqa.selenium.remote.RemoteWebDriver log
信息: Executed: [4c6ccbc5-7e30-4743-aae9-59ab5891e47f, get {url=http://localhost:6461/common/clicks.html}]
三月 23, 2014 4:20:47 下午 org.openqa.selenium.remote.RemoteWebDriver log
信息: Executing: get [4c6ccbc5-7e30-4743-aae9-59ab5891e47f, get {url=http://localhost:6461/common/click_out_of_bounds.html}]
三月 23, 2014 4:20:48 下午 org.openqa.selenium.remote.RemoteWebDriver log
信息: Executed: [4c6ccbc5-7e30-4743-aae9-59ab5891e47f, get {url=http://localhost:6461/common/click_out_of_bounds.html}]
三月 23, 2014 4:20:48 下午 org.openqa.selenium.remote.RemoteWebDriver log
信息: Executing: findElement [4c6ccbc5-7e30-4743-aae9-59ab5891e47f, findElement {using=id, value=button}]
三月 23, 2014 4:20:48 下午 org.openqa.selenium.remote.RemoteWebDriver log
信息: Executed: [4c6ccbc5-7e30-4743-aae9-59ab5891e47f, findElement {using=id, value=button}]
三月 23, 2014 4:20:48 下午 org.openqa.selenium.remote.RemoteWebDriver log
信息: Executing: clickElement [4c6ccbc5-7e30-4743-aae9-59ab5891e47f, clickElement {id={877d5358-1bec-a24a-b91b-af7ac438654c}}]
三月 23, 2014 4:20:48 下午 org.openqa.selenium.remote.RemoteWebDriver log
信息: Executed: [4c6ccbc5-7e30-4743-aae9-59ab5891e47f, clickElement {id={877d5358-1bec-a24a-b91b-af7ac438654c}}]
三月 23, 2014 4:20:48 下午 org.openqa.selenium.remote.RemoteWebDriver log
信息: Executing: switchToFrame [4c6ccbc5-7e30-4743-aae9-59ab5891e47f, switchToFrame {id=null}]
三月 23, 2014 4:20:48 下午 org.openqa.selenium.remote.RemoteWebDriver log
信息: Executed: [4c6ccbc5-7e30-4743-aae9-59ab5891e47f, switchToFrame {id=null}]
三月 23, 2014 4:20:48 下午 org.openqa.selenium.testing.JUnit4TestBase$1 finished
信息: <<< Finished testShouldBeAbleToClickOnAnElementInTheViewport(org.openqa.selenium.ClickTest)
三月 23, 2014 4:20:48 下午 org.openqa.selenium.testing.JUnit4TestBase$1 starting
信息: >>> Starting testClickingLabelShouldSetCheckbox(org.openqa.selenium.ClickTest)
三月 23, 2014 4:20:48 下午 org.openqa.selenium.remote.RemoteWebDriver log
信息: Executing: get [4c6ccbc5-7e30-4743-aae9-59ab5891e47f, get {url=http://localhost:6461/common/clicks.html}]
三月 23, 2014 4:20:48 下午 org.openqa.selenium.remote.RemoteWebDriver log
信息: Executed: [4c6ccbc5-7e30-4743-aae9-59ab5891e47f, get {url=http://localhost:6461/common/clicks.html}]
三月 23, 2014 4:20:48 下午 org.openqa.selenium.remote.RemoteWebDriver log
信息: Executing: get [4c6ccbc5-7e30-4743-aae9-59ab5891e47f, get {url=http://localhost:6461/common/formPage.html}]
三月 23, 2014 4:20:48 下午 org.openqa.selenium.remote.RemoteWebDriver log
信息: Executed: [4c6ccbc5-7e30-4743-aae9-59ab5891e47f, get {url=http://localhost:6461/common/formPage.html}]
三月 23, 2014 4:20:48 下午 org.openqa.selenium.remote.RemoteWebDriver log
信息: Executing: findElement [4c6ccbc5-7e30-4743-aae9-59ab5891e47f, findElement {using=id, value=label-for-checkbox-with-label}]
三月 23, 2014 4:20:48 下午 org.openqa.selenium.remote.RemoteWebDriver log
信息: Executed: [4c6ccbc5-7e30-4743-aae9-59ab5891e47f, findElement {using=id, value=label-for-checkbox-with-label}]
三月 23, 2014 4:20:48 下午 org.openqa.selenium.remote.RemoteWebDriver log
信息: Executing: clickElement [4c6ccbc5-7e30-4743-aae9-59ab5891e47f, clickElement {id={1c32eeba-0b83-dc47-9cf6-f8187ba72c9b}}]
三月 23, 2014 4:20:48 下午 org.openqa.selenium.remote.RemoteWebDriver log
信息: Executed: [4c6ccbc5-7e30-4743-aae9-59ab5891e47f, clickElement {id={1c32eeba-0b83-dc47-9cf6-f8187ba72c9b}}]
三月 23, 2014 4:20:48 下午 org.openqa.selenium.remote.RemoteWebDriver log
信息: Executing: findElement [4c6ccbc5-7e30-4743-aae9-59ab5891e47f, findElement {using=id, value=checkbox-with-label}]
三月 23, 2014 4:20:48 下午 org.openqa.selenium.remote.RemoteWebDriver log
信息: Executed: [4c6ccbc5-7e30-4743-aae9-59ab5891e47f, findElement {using=id, value=checkbox-with-label}]
三月 23, 2014 4:20:48 下午 org.openqa.selenium.remote.RemoteWebDriver log
信息: Executing: isElementSelected [4c6ccbc5-7e30-4743-aae9-59ab5891e47f, isElementSelected {id={05d628ee-bba7-3449-afe5-10783d04ecec}}]
三月 23, 2014 4:20:48 下午 org.openqa.selenium.remote.RemoteWebDriver log
信息: Executed: [4c6ccbc5-7e30-4743-aae9-59ab5891e47f, isElementSelected {id={05d628ee-bba7-3449-afe5-10783d04ecec}}]
三月 23, 2014 4:20:48 下午 org.openqa.selenium.remote.RemoteWebDriver log
信息: Executing: switchToFrame [4c6ccbc5-7e30-4743-aae9-59ab5891e47f, switchToFrame {id=null}]
三月 23, 2014 4:20:48 下午 org.openqa.selenium.remote.RemoteWebDriver log
信息: Executed: [4c6ccbc5-7e30-4743-aae9-59ab5891e47f, switchToFrame {id=null}]
三月 23, 2014 4:20:48 下午 org.openqa.selenium.testing.JUnit4TestBase$1 finished
信息: <<< Finished testClickingLabelShouldSetCheckbox(org.openqa.selenium.ClickTest)
三月 23, 2014 4:20:48 下午 org.openqa.selenium.testing.JUnit4TestBase$1 starting
信息: >>> Starting testShouldOnlyFollowHrefOnce(org.openqa.selenium.ClickTest)
三月 23, 2014 4:20:48 下午 org.openqa.selenium.remote.RemoteWebDriver log
信息: Executing: get [4c6ccbc5-7e30-4743-aae9-59ab5891e47f, get {url=http://localhost:6461/common/clicks.html}]
三月 23, 2014 4:20:48 下午 org.openqa.selenium.remote.RemoteWebDriver log
信息: Executed: [4c6ccbc5-7e30-4743-aae9-59ab5891e47f, get {url=http://localhost:6461/common/clicks.html}]
三月 23, 2014 4:20:48 下午 org.openqa.selenium.remote.RemoteWebDriver log
信息: Executing: get [4c6ccbc5-7e30-4743-aae9-59ab5891e47f, get {url=http://localhost:6461/common/clicks.html}]
三月 23, 2014 4:20:48 下午 org.openqa.selenium.remote.RemoteWebDriver log
信息: Executed: [4c6ccbc5-7e30-4743-aae9-59ab5891e47f, get {url=http://localhost:6461/common/clicks.html}]
三月 23, 2014 4:20:48 下午 org.openqa.selenium.remote.RemoteWebDriver log
信息: Executing: getCurrentWindowHandle [4c6ccbc5-7e30-4743-aae9-59ab5891e47f, getCurrentWindowHandle {}]
三月 23, 2014 4:20:48 下午 org.openqa.selenium.remote.RemoteWebDriver log
信息: Executed: [4c6ccbc5-7e30-4743-aae9-59ab5891e47f, getCurrentWindowHandle {}]
三月 23, 2014 4:20:48 下午 org.openqa.selenium.remote.RemoteWebDriver log
信息: Executing: getWindowHandles [4c6ccbc5-7e30-4743-aae9-59ab5891e47f, getWindowHandles {}]
三月 23, 2014 4:20:48 下午 org.openqa.selenium.remote.RemoteWebDriver log
信息: Executed: [4c6ccbc5-7e30-4743-aae9-59ab5891e47f, getWindowHandles {}]
三月 23, 2014 4:20:48 下午 org.openqa.selenium.remote.RemoteWebDriver log
信息: Executing: findElement [4c6ccbc5-7e30-4743-aae9-59ab5891e47f, findElement {using=id, value=new-window}]
三月 23, 2014 4:20:48 下午 org.openqa.selenium.remote.RemoteWebDriver log
信息: Executed: [4c6ccbc5-7e30-4743-aae9-59ab5891e47f, findElement {using=id, value=new-window}]
三月 23, 2014 4:20:48 下午 org.openqa.selenium.remote.RemoteWebDriver log
信息: Executing: clickElement [4c6ccbc5-7e30-4743-aae9-59ab5891e47f, clickElement {id={06b48f8d-65d8-ef44-a2c8-6a17a712b3e0}}]
三月 23, 2014 4:20:48 下午 org.openqa.selenium.remote.RemoteWebDriver log
信息: Executed: [4c6ccbc5-7e30-4743-aae9-59ab5891e47f, clickElement {id={06b48f8d-65d8-ef44-a2c8-6a17a712b3e0}}]
三月 23, 2014 4:20:48 下午 org.openqa.selenium.remote.RemoteWebDriver log
信息: Executing: getWindowHandles [4c6ccbc5-7e30-4743-aae9-59ab5891e47f, getWindowHandles {}]
三月 23, 2014 4:20:48 下午 org.openqa.selenium.remote.RemoteWebDriver log
信息: Executed: [4c6ccbc5-7e30-4743-aae9-59ab5891e47f, getWindowHandles {}]
三月 23, 2014 4:20:48 下午 org.openqa.selenium.remote.RemoteWebDriver log
信息: Executing: switchToWindow [4c6ccbc5-7e30-4743-aae9-59ab5891e47f, switchToWindow {name={a5cd1bac-cdfd-fb40-8b95-3216561330b1}}]
三月 23, 2014 4:20:48 下午 org.openqa.selenium.remote.RemoteWebDriver log
信息: Executed: [4c6ccbc5-7e30-4743-aae9-59ab5891e47f, switchToWindow {name={a5cd1bac-cdfd-fb40-8b95-3216561330b1}}]
三月 23, 2014 4:20:48 下午 org.openqa.selenium.remote.RemoteWebDriver log
信息: Executing: close [4c6ccbc5-7e30-4743-aae9-59ab5891e47f, close {}]
三月 23, 2014 4:20:48 下午 org.openqa.selenium.remote.RemoteWebDriver log
信息: Executed: [4c6ccbc5-7e30-4743-aae9-59ab5891e47f, close {}]
三月 23, 2014 4:20:48 下午 org.openqa.selenium.remote.RemoteWebDriver log
信息: Executing: switchToWindow [4c6ccbc5-7e30-4743-aae9-59ab5891e47f, switchToWindow {name={793132f2-75c2-0743-8a07-39a1b7d891ec}}]
三月 23, 2014 4:20:48 下午 org.openqa.selenium.remote.RemoteWebDriver log
信息: Executed: [4c6ccbc5-7e30-4743-aae9-59ab5891e47f, switchToWindow {name={793132f2-75c2-0743-8a07-39a1b7d891ec}}]
三月 23, 2014 4:20:48 下午 org.openqa.selenium.remote.RemoteWebDriver log
信息: Executing: switchToFrame [4c6ccbc5-7e30-4743-aae9-59ab5891e47f, switchToFrame {id=null}]
三月 23, 2014 4:20:48 下午 org.openqa.selenium.remote.RemoteWebDriver log
信息: Executed: [4c6ccbc5-7e30-4743-aae9-59ab5891e47f, switchToFrame {id=null}]
三月 23, 2014 4:20:48 下午 org.openqa.selenium.testing.JUnit4TestBase$1 finished
信息: <<< Finished testShouldOnlyFollowHrefOnce(org.openqa.selenium.ClickTest)
三月 23, 2014 4:20:48 下午 org.openqa.selenium.remote.RemoteWebDriver log
信息: Executing: quit [4c6ccbc5-7e30-4743-aae9-59ab5891e47f, quit {}]
三月 23, 2014 4:20:48 下午 org.openqa.selenium.remote.RemoteWebDriver log
信息: Executed: [4c6ccbc5-7e30-4743-aae9-59ab5891e47f, quit {}]
三月 23, 2014 4:20:49 下午 org.openqa.selenium.testing.JUnit4TestBase$1 starting
信息: >>> Starting testShouldBeAbleToClickOnLinkInAbsolutelyPositionedFooter(org.openqa.selenium.ClickTest)
三月 23, 2014 4:20:50 下午 org.openqa.selenium.remote.RemoteWebDriver log
信息: Executing: get [c974c33a-810d-fd43-85ab-6799d36210b2, get {url=http://localhost:6461/common/clicks.html}]
三月 23, 2014 4:20:50 下午 org.openqa.selenium.remote.RemoteWebDriver log
信息: Executed: [c974c33a-810d-fd43-85ab-6799d36210b2, get {url=http://localhost:6461/common/clicks.html}]
三月 23, 2014 4:20:50 下午 org.openqa.selenium.remote.RemoteWebDriver log
信息: Executing: get [c974c33a-810d-fd43-85ab-6799d36210b2, get {url=http://localhost:6461/common/fixedFooterNoScroll.html}]
三月 23, 2014 4:20:50 下午 org.openqa.selenium.remote.RemoteWebDriver log
信息: Executed: [c974c33a-810d-fd43-85ab-6799d36210b2, get {url=http://localhost:6461/common/fixedFooterNoScroll.html}]
三月 23, 2014 4:20:50 下午 org.openqa.selenium.remote.RemoteWebDriver log
信息: Executing: findElement [c974c33a-810d-fd43-85ab-6799d36210b2, findElement {using=id, value=link}]
三月 23, 2014 4:20:51 下午 org.openqa.selenium.remote.RemoteWebDriver log
信息: Executed: [c974c33a-810d-fd43-85ab-6799d36210b2, findElement {using=id, value=link}]
三月 23, 2014 4:20:51 下午 org.openqa.selenium.remote.RemoteWebDriver log
信息: Executing: clickElement [c974c33a-810d-fd43-85ab-6799d36210b2, clickElement {id={7a2cc849-da35-384a-8572-ace713a3c823}}]
三月 23, 2014 4:20:51 下午 org.openqa.selenium.remote.RemoteWebDriver log
信息: Executed: [c974c33a-810d-fd43-85ab-6799d36210b2, clickElement {id={7a2cc849-da35-384a-8572-ace713a3c823}}]
三月 23, 2014 4:20:51 下午 org.openqa.selenium.remote.RemoteWebDriver log
信息: Executing: getTitle [c974c33a-810d-fd43-85ab-6799d36210b2, getTitle {}]
三月 23, 2014 4:20:51 下午 org.openqa.selenium.remote.RemoteWebDriver log
信息: Executed: [c974c33a-810d-fd43-85ab-6799d36210b2, getTitle {}]
三月 23, 2014 4:20:51 下午 org.openqa.selenium.remote.RemoteWebDriver log
信息: Executing: switchToFrame [c974c33a-810d-fd43-85ab-6799d36210b2, switchToFrame {id=null}]
三月 23, 2014 4:20:51 下午 org.openqa.selenium.remote.RemoteWebDriver log
信息: Executed: [c974c33a-810d-fd43-85ab-6799d36210b2, switchToFrame {id=null}]
三月 23, 2014 4:20:51 下午 org.openqa.selenium.testing.JUnit4TestBase$1 finished
信息: <<< Finished testShouldBeAbleToClickOnLinkInAbsolutelyPositionedFooter(org.openqa.selenium.ClickTest)
三月 23, 2014 4:20:51 下午 org.openqa.selenium.testing.JUnit4TestBase$1 starting
信息: >>> Starting testShouldBeAbleToClickOnALinkThatWrapsToTheNextLine(org.openqa.selenium.ClickTest)
三月 23, 2014 4:20:51 下午 org.openqa.selenium.remote.RemoteWebDriver log
信息: Executing: get [c974c33a-810d-fd43-85ab-6799d36210b2, get {url=http://localhost:6461/common/clicks.html}]
三月 23, 2014 4:20:51 下午 org.openqa.selenium.remote.RemoteWebDriver log
信息: Executed: [c974c33a-810d-fd43-85ab-6799d36210b2, get {url=http://localhost:6461/common/clicks.html}]
三月 23, 2014 4:20:51 下午 org.openqa.selenium.remote.RemoteWebDriver log
信息: Executing: get [c974c33a-810d-fd43-85ab-6799d36210b2, get {url=http://localhost:6461/common/click_tests/link_that_wraps.html}]
三月 23, 2014 4:20:51 下午 org.openqa.selenium.remote.RemoteWebDriver log
信息: Executed: [c974c33a-810d-fd43-85ab-6799d36210b2, get {url=http://localhost:6461/common/click_tests/link_that_wraps.html}]
三月 23, 2014 4:20:51 下午 org.openqa.selenium.remote.RemoteWebDriver log
信息: Executing: findElement [c974c33a-810d-fd43-85ab-6799d36210b2, findElement {using=id, value=link}]
三月 23, 2014 4:20:51 下午 org.openqa.selenium.remote.RemoteWebDriver log
信息: Executed: [c974c33a-810d-fd43-85ab-6799d36210b2, findElement {using=id, value=link}]
三月 23, 2014 4:20:51 下午 org.openqa.selenium.remote.RemoteWebDriver log
信息: Executing: clickElement [c974c33a-810d-fd43-85ab-6799d36210b2, clickElement {id={70b8b703-8e86-b54b-9602-e4116c66815c}}]
三月 23, 2014 4:20:51 下午 org.openqa.selenium.remote.RemoteWebDriver log
信息: Executed: [c974c33a-810d-fd43-85ab-6799d36210b2, clickElement {id={70b8b703-8e86-b54b-9602-e4116c66815c}}]
三月 23, 2014 4:20:51 下午 org.openqa.selenium.remote.RemoteWebDriver log
信息: Executing: getTitle [c974c33a-810d-fd43-85ab-6799d36210b2, getTitle {}]
三月 23, 2014 4:20:51 下午 org.openqa.selenium.remote.RemoteWebDriver log
信息: Executed: [c974c33a-810d-fd43-85ab-6799d36210b2, getTitle {}]
三月 23, 2014 4:20:51 下午 org.openqa.selenium.remote.RemoteWebDriver log
信息: Executing: switchToFrame [c974c33a-810d-fd43-85ab-6799d36210b2, switchToFrame {id=null}]
三月 23, 2014 4:20:51 下午 org.openqa.selenium.remote.RemoteWebDriver log
信息: Executed: [c974c33a-810d-fd43-85ab-6799d36210b2, switchToFrame {id=null}]
三月 23, 2014 4:20:51 下午 org.openqa.selenium.testing.JUnit4TestBase$1 finished
信息: <<< Finished testShouldBeAbleToClickOnALinkThatWrapsToTheNextLine(org.openqa.selenium.ClickTest)
三月 23, 2014 4:20:51 下午 org.openqa.selenium.testing.JUnit4TestBase$1 starting
信息: >>> Starting testShouldBeAbleToClickOnLinksWithNoHrefAttribute(org.openqa.selenium.ClickTest)
三月 23, 2014 4:20:51 下午 org.openqa.selenium.remote.RemoteWebDriver log
信息: Executing: get [c974c33a-810d-fd43-85ab-6799d36210b2, get {url=http://localhost:6461/common/clicks.html}]
三月 23, 2014 4:20:51 下午 org.openqa.selenium.remote.RemoteWebDriver log
信息: Executed: [c974c33a-810d-fd43-85ab-6799d36210b2, get {url=http://localhost:6461/common/clicks.html}]
三月 23, 2014 4:20:51 下午 org.openqa.selenium.remote.RemoteWebDriver log
信息: Executing: get [c974c33a-810d-fd43-85ab-6799d36210b2, get {url=http://localhost:6461/common/javascriptPage.html}]
三月 23, 2014 4:20:51 下午 org.openqa.selenium.remote.RemoteWebDriver log
信息: Executed: [c974c33a-810d-fd43-85ab-6799d36210b2, get {url=http://localhost:6461/common/javascriptPage.html}]
三月 23, 2014 4:20:51 下午 org.openqa.selenium.remote.RemoteWebDriver log
信息: Executing: findElement [c974c33a-810d-fd43-85ab-6799d36210b2, findElement {using=link text, value=No href}]
三月 23, 2014 4:20:51 下午 org.openqa.selenium.remote.RemoteWebDriver log
信息: Executed: [c974c33a-810d-fd43-85ab-6799d36210b2, findElement {using=link text, value=No href}]
三月 23, 2014 4:20:51 下午 org.openqa.selenium.remote.RemoteWebDriver log
信息: Executing: clickElement [c974c33a-810d-fd43-85ab-6799d36210b2, clickElement {id={f55c48d7-aca8-ca44-b3d2-819f4b743bc3}}]
三月 23, 2014 4:20:51 下午 org.openqa.selenium.remote.RemoteWebDriver log
信息: Executed: [c974c33a-810d-fd43-85ab-6799d36210b2, clickElement {id={f55c48d7-aca8-ca44-b3d2-819f4b743bc3}}]
三月 23, 2014 4:20:51 下午 org.openqa.selenium.remote.RemoteWebDriver log
信息: Executing: getTitle [c974c33a-810d-fd43-85ab-6799d36210b2, getTitle {}]
三月 23, 2014 4:20:51 下午 org.openqa.selenium.remote.RemoteWebDriver log
信息: Executed: [c974c33a-810d-fd43-85ab-6799d36210b2, getTitle {}]
三月 23, 2014 4:20:51 下午 org.openqa.selenium.remote.RemoteWebDriver log
信息: Executing: switchToFrame [c974c33a-810d-fd43-85ab-6799d36210b2, switchToFrame {id=null}]
三月 23, 2014 4:20:51 下午 org.openqa.selenium.remote.RemoteWebDriver log
信息: Executed: [c974c33a-810d-fd43-85ab-6799d36210b2, switchToFrame {id=null}]
三月 23, 2014 4:20:51 下午 org.openqa.selenium.testing.JUnit4TestBase$1 finished
信息: <<< Finished testShouldBeAbleToClickOnLinksWithNoHrefAttribute(org.openqa.selenium.ClickTest)
三月 23, 2014 4:20:51 下午 org.openqa.selenium.testing.JUnit4TestBase$1 starting
信息: >>> Starting testClicksASurroundingStrongTag(org.openqa.selenium.ClickTest)
三月 23, 2014 4:20:51 下午 org.openqa.selenium.remote.RemoteWebDriver log
信息: Executing: get [c974c33a-810d-fd43-85ab-6799d36210b2, get {url=http://localhost:6461/common/clicks.html}]
三月 23, 2014 4:20:51 下午 org.openqa.selenium.remote.RemoteWebDriver log
信息: Executed: [c974c33a-810d-fd43-85ab-6799d36210b2, get {url=http://localhost:6461/common/clicks.html}]
三月 23, 2014 4:20:51 下午 org.openqa.selenium.remote.RemoteWebDriver log
信息: Executing: get [c974c33a-810d-fd43-85ab-6799d36210b2, get {url=http://localhost:6461/common/ClickTest_testClicksASurroundingStrongTag.html}]
三月 23, 2014 4:20:51 下午 org.openqa.selenium.remote.RemoteWebDriver log
信息: Executed: [c974c33a-810d-fd43-85ab-6799d36210b2, get {url=http://localhost:6461/common/ClickTest_testClicksASurroundingStrongTag.html}]
三月 23, 2014 4:20:51 下午 org.openqa.selenium.remote.RemoteWebDriver log
信息: Executing: findElement [c974c33a-810d-fd43-85ab-6799d36210b2, findElement {using=tag name, value=a}]
三月 23, 2014 4:20:51 下午 org.openqa.selenium.remote.RemoteWebDriver log
信息: Executed: [c974c33a-810d-fd43-85ab-6799d36210b2, findElement {using=tag name, value=a}]
三月 23, 2014 4:20:51 下午 org.openqa.selenium.remote.RemoteWebDriver log
信息: Executing: clickElement [c974c33a-810d-fd43-85ab-6799d36210b2, clickElement {id={e9edf493-6503-bc46-9159-a204c7a19125}}]
三月 23, 2014 4:20:51 下午 org.openqa.selenium.remote.RemoteWebDriver log
信息: Executed: [c974c33a-810d-fd43-85ab-6799d36210b2, clickElement {id={e9edf493-6503-bc46-9159-a204c7a19125}}]
三月 23, 2014 4:20:51 下午 org.openqa.selenium.remote.RemoteWebDriver log
信息: Executing: getTitle [c974c33a-810d-fd43-85ab-6799d36210b2, getTitle {}]
三月 23, 2014 4:20:51 下午 org.openqa.selenium.remote.RemoteWebDriver log
信息: Executed: [c974c33a-810d-fd43-85ab-6799d36210b2, getTitle {}]
三月 23, 2014 4:20:51 下午 org.openqa.selenium.remote.RemoteWebDriver log
信息: Executing: switchToFrame [c974c33a-810d-fd43-85ab-6799d36210b2, switchToFrame {id=null}]
三月 23, 2014 4:20:51 下午 org.openqa.selenium.remote.RemoteWebDriver log
信息: Executed: [c974c33a-810d-fd43-85ab-6799d36210b2, switchToFrame {id=null}]
三月 23, 2014 4:20:51 下午 org.openqa.selenium.testing.JUnit4TestBase$1 finished
信息: <<< Finished testClicksASurroundingStrongTag(org.openqa.selenium.ClickTest)
三月 23, 2014 4:20:51 下午 org.openqa.selenium.testing.JUnit4TestBase$1 starting
信息: >>> Starting testShouldBeAbleToClickOnRTLLanguageLink(org.openqa.selenium.ClickTest)
三月 23, 2014 4:20:51 下午 org.openqa.selenium.remote.RemoteWebDriver log
信息: Executing: get [c974c33a-810d-fd43-85ab-6799d36210b2, get {url=http://localhost:6461/common/clicks.html}]
三月 23, 2014 4:20:51 下午 org.openqa.selenium.remote.RemoteWebDriver log
信息: Executed: [c974c33a-810d-fd43-85ab-6799d36210b2, get {url=http://localhost:6461/common/clicks.html}]
三月 23, 2014 4:20:51 下午 org.openqa.selenium.remote.RemoteWebDriver log
信息: Executing: get [c974c33a-810d-fd43-85ab-6799d36210b2, get {url=http://localhost:6461/common/click_rtl.html}]
三月 23, 2014 4:20:51 下午 org.openqa.selenium.remote.RemoteWebDriver log
信息: Executed: [c974c33a-810d-fd43-85ab-6799d36210b2, get {url=http://localhost:6461/common/click_rtl.html}]
三月 23, 2014 4:20:51 下午 org.openqa.selenium.remote.RemoteWebDriver log
信息: Executing: findElement [c974c33a-810d-fd43-85ab-6799d36210b2, findElement {using=id, value=ar_link}]
三月 23, 2014 4:20:51 下午 org.openqa.selenium.remote.RemoteWebDriver log
信息: Executed: [c974c33a-810d-fd43-85ab-6799d36210b2, findElement {using=id, value=ar_link}]
三月 23, 2014 4:20:51 下午 org.openqa.selenium.remote.RemoteWebDriver log
信息: Executing: clickElement [c974c33a-810d-fd43-85ab-6799d36210b2, clickElement {id={a0fa812d-1f63-a849-afb1-af438367c4d4}}]
三月 23, 2014 4:20:52 下午 org.openqa.selenium.remote.RemoteWebDriver log
信息: Executed: [c974c33a-810d-fd43-85ab-6799d36210b2, clickElement {id={a0fa812d-1f63-a849-afb1-af438367c4d4}}]
三月 23, 2014 4:20:52 下午 org.openqa.selenium.remote.RemoteWebDriver log
信息: Executing: getTitle [c974c33a-810d-fd43-85ab-6799d36210b2, getTitle {}]
三月 23, 2014 4:20:52 下午 org.openqa.selenium.remote.RemoteWebDriver log
信息: Executed: [c974c33a-810d-fd43-85ab-6799d36210b2, getTitle {}]
三月 23, 2014 4:20:52 下午 org.openqa.selenium.remote.RemoteWebDriver log
信息: Executing: switchToFrame [c974c33a-810d-fd43-85ab-6799d36210b2, switchToFrame {id=null}]
三月 23, 2014 4:20:52 下午 org.openqa.selenium.remote.RemoteWebDriver log
信息: Executed: [c974c33a-810d-fd43-85ab-6799d36210b2, switchToFrame {id=null}]
三月 23, 2014 4:20:52 下午 org.openqa.selenium.testing.JUnit4TestBase$1 finished
信息: <<< Finished testShouldBeAbleToClickOnRTLLanguageLink(org.openqa.selenium.ClickTest)
三月 23, 2014 4:20:52 下午 org.openqa.selenium.testing.JUnit4TestBase$1 starting
信息: >>> Starting testCanClickAnImageMapArea(org.openqa.selenium.ClickTest)
三月 23, 2014 4:20:52 下午 org.openqa.selenium.remote.RemoteWebDriver log
信息: Executing: get [c974c33a-810d-fd43-85ab-6799d36210b2, get {url=http://localhost:6461/common/clicks.html}]
三月 23, 2014 4:20:52 下午 org.openqa.selenium.remote.RemoteWebDriver log
信息: Executed: [c974c33a-810d-fd43-85ab-6799d36210b2, get {url=http://localhost:6461/common/clicks.html}]
三月 23, 2014 4:20:52 下午 org.openqa.selenium.remote.RemoteWebDriver log
信息: Executing: get [c974c33a-810d-fd43-85ab-6799d36210b2, get {url=http://localhost:6461/common/click_tests/google_map.html}]
三月 23, 2014 4:20:52 下午 org.openqa.selenium.remote.RemoteWebDriver log
信息: Executed: [c974c33a-810d-fd43-85ab-6799d36210b2, get {url=http://localhost:6461/common/click_tests/google_map.html}]
三月 23, 2014 4:20:52 下午 org.openqa.selenium.remote.RemoteWebDriver log
信息: Executing: findElement [c974c33a-810d-fd43-85ab-6799d36210b2, findElement {using=id, value=rectG}]
三月 23, 2014 4:20:52 下午 org.openqa.selenium.remote.RemoteWebDriver log
信息: Executed: [c974c33a-810d-fd43-85ab-6799d36210b2, findElement {using=id, value=rectG}]
三月 23, 2014 4:20:52 下午 org.openqa.selenium.remote.RemoteWebDriver log
信息: Executing: clickElement [c974c33a-810d-fd43-85ab-6799d36210b2, clickElement {id={be622f71-e069-f843-b752-9b6b849aee6e}}]
三月 23, 2014 4:20:52 下午 org.openqa.selenium.remote.RemoteWebDriver log
信息: Executed: [c974c33a-810d-fd43-85ab-6799d36210b2, clickElement {id={be622f71-e069-f843-b752-9b6b849aee6e}}]
三月 23, 2014 4:20:52 下午 org.openqa.selenium.remote.RemoteWebDriver log
信息: Executing: getTitle [c974c33a-810d-fd43-85ab-6799d36210b2, getTitle {}]
三月 23, 2014 4:20:52 下午 org.openqa.selenium.remote.RemoteWebDriver log
信息: Executed: [c974c33a-810d-fd43-85ab-6799d36210b2, getTitle {}]
三月 23, 2014 4:20:52 下午 org.openqa.selenium.remote.RemoteWebDriver log
信息: Executing: get [c974c33a-810d-fd43-85ab-6799d36210b2, get {url=http://localhost:6461/common/click_tests/google_map.html}]
三月 23, 2014 4:20:52 下午 org.openqa.selenium.remote.RemoteWebDriver log
信息: Executed: [c974c33a-810d-fd43-85ab-6799d36210b2, get {url=http://localhost:6461/common/click_tests/google_map.html}]
三月 23, 2014 4:20:52 下午 org.openqa.selenium.remote.RemoteWebDriver log
信息: Executing: findElement [c974c33a-810d-fd43-85ab-6799d36210b2, findElement {using=id, value=circleO}]
三月 23, 2014 4:20:52 下午 org.openqa.selenium.remote.RemoteWebDriver log
信息: Executed: [c974c33a-810d-fd43-85ab-6799d36210b2, findElement {using=id, value=circleO}]
三月 23, 2014 4:20:52 下午 org.openqa.selenium.remote.RemoteWebDriver log
信息: Executing: clickElement [c974c33a-810d-fd43-85ab-6799d36210b2, clickElement {id={62d3ae70-93a7-c147-b0c3-1f9fca6e8f28}}]
三月 23, 2014 4:20:52 下午 org.openqa.selenium.remote.RemoteWebDriver log
信息: Executed: [c974c33a-810d-fd43-85ab-6799d36210b2, clickElement {id={62d3ae70-93a7-c147-b0c3-1f9fca6e8f28}}]
三月 23, 2014 4:20:52 下午 org.openqa.selenium.remote.RemoteWebDriver log
信息: Executing: getTitle [c974c33a-810d-fd43-85ab-6799d36210b2, getTitle {}]
三月 23, 2014 4:20:52 下午 org.openqa.selenium.remote.RemoteWebDriver log
信息: Executed: [c974c33a-810d-fd43-85ab-6799d36210b2, getTitle {}]
三月 23, 2014 4:20:52 下午 org.openqa.selenium.remote.RemoteWebDriver log
信息: Executing: get [c974c33a-810d-fd43-85ab-6799d36210b2, get {url=http://localhost:6461/common/click_tests/google_map.html}]
三月 23, 2014 4:20:52 下午 org.openqa.selenium.remote.RemoteWebDriver log
信息: Executed: [c974c33a-810d-fd43-85ab-6799d36210b2, get {url=http://localhost:6461/common/click_tests/google_map.html}]
三月 23, 2014 4:20:52 下午 org.openqa.selenium.remote.RemoteWebDriver log
信息: Executing: findElement [c974c33a-810d-fd43-85ab-6799d36210b2, findElement {using=id, value=polyLE}]
三月 23, 2014 4:20:52 下午 org.openqa.selenium.remote.RemoteWebDriver log
信息: Executed: [c974c33a-810d-fd43-85ab-6799d36210b2, findElement {using=id, value=polyLE}]
三月 23, 2014 4:20:52 下午 org.openqa.selenium.remote.RemoteWebDriver log
信息: Executing: clickElement [c974c33a-810d-fd43-85ab-6799d36210b2, clickElement {id={28db8e3a-6d69-634f-85fa-efcc4b7311b7}}]
三月 23, 2014 4:20:52 下午 org.openqa.selenium.remote.RemoteWebDriver log
信息: Executed: [c974c33a-810d-fd43-85ab-6799d36210b2, clickElement {id={28db8e3a-6d69-634f-85fa-efcc4b7311b7}}]
三月 23, 2014 4:20:52 下午 org.openqa.selenium.remote.RemoteWebDriver log
信息: Executing: getTitle [c974c33a-810d-fd43-85ab-6799d36210b2, getTitle {}]
三月 23, 2014 4:20:52 下午 org.openqa.selenium.remote.RemoteWebDriver log
信息: Executed: [c974c33a-810d-fd43-85ab-6799d36210b2, getTitle {}]
三月 23, 2014 4:20:52 下午 org.openqa.selenium.remote.RemoteWebDriver log
信息: Executing: switchToFrame [c974c33a-810d-fd43-85ab-6799d36210b2, switchToFrame {id=null}]
三月 23, 2014 4:20:52 下午 org.openqa.selenium.remote.RemoteWebDriver log
信息: Executed: [c974c33a-810d-fd43-85ab-6799d36210b2, switchToFrame {id=null}]
三月 23, 2014 4:20:52 下午 org.openqa.selenium.testing.JUnit4TestBase$1 finished
信息: <<< Finished testCanClickAnImageMapArea(org.openqa.selenium.ClickTest)
三月 23, 2014 4:20:52 下午 org.openqa.selenium.testing.JUnit4TestBase$1 starting
信息: >>> Starting testCanClickOnAnImageEnclosedInALink(org.openqa.selenium.ClickTest)
三月 23, 2014 4:20:52 下午 org.openqa.selenium.remote.RemoteWebDriver log
信息: Executing: get [c974c33a-810d-fd43-85ab-6799d36210b2, get {url=http://localhost:6461/common/clicks.html}]
三月 23, 2014 4:20:52 下午 org.openqa.selenium.remote.RemoteWebDriver log
信息: Executed: [c974c33a-810d-fd43-85ab-6799d36210b2, get {url=http://localhost:6461/common/clicks.html}]
三月 23, 2014 4:20:52 下午 org.openqa.selenium.remote.RemoteWebDriver log
信息: Executing: findElement [c974c33a-810d-fd43-85ab-6799d36210b2, findElement {using=id, value=link-with-enclosed-image}]
三月 23, 2014 4:20:52 下午 org.openqa.selenium.remote.RemoteWebDriver log
信息: Executed: [c974c33a-810d-fd43-85ab-6799d36210b2, findElement {using=id, value=link-with-enclosed-image}]
三月 23, 2014 4:20:52 下午 org.openqa.selenium.remote.RemoteWebDriver log
信息: Executing: findChildElement [c974c33a-810d-fd43-85ab-6799d36210b2, findChildElement {id={1330db1c-e8d1-9c46-b175-a8661cdceb89}, using=tag name, value=img}]
三月 23, 2014 4:20:52 下午 org.openqa.selenium.remote.RemoteWebDriver log
信息: Executed: [c974c33a-810d-fd43-85ab-6799d36210b2, findChildElement {id={1330db1c-e8d1-9c46-b175-a8661cdceb89}, using=tag name, value=img}]
三月 23, 2014 4:20:52 下午 org.openqa.selenium.remote.RemoteWebDriver log
信息: Executing: clickElement [c974c33a-810d-fd43-85ab-6799d36210b2, clickElement {id={e28aa8c6-55cb-c64e-84db-10b5775316fe}}]
三月 23, 2014 4:20:52 下午 org.openqa.selenium.remote.RemoteWebDriver log
信息: Executed: [c974c33a-810d-fd43-85ab-6799d36210b2, clickElement {id={e28aa8c6-55cb-c64e-84db-10b5775316fe}}]
三月 23, 2014 4:20:52 下午 org.openqa.selenium.remote.RemoteWebDriver log
信息: Executing: getTitle [c974c33a-810d-fd43-85ab-6799d36210b2, getTitle {}]
三月 23, 2014 4:20:52 下午 org.openqa.selenium.remote.RemoteWebDriver log
信息: Executed: [c974c33a-810d-fd43-85ab-6799d36210b2, getTitle {}]
三月 23, 2014 4:20:52 下午 org.openqa.selenium.remote.RemoteWebDriver log
信息: Executing: switchToFrame [c974c33a-810d-fd43-85ab-6799d36210b2, switchToFrame {id=null}]
三月 23, 2014 4:20:52 下午 org.openqa.selenium.remote.RemoteWebDriver log
信息: Executed: [c974c33a-810d-fd43-85ab-6799d36210b2, switchToFrame {id=null}]
三月 23, 2014 4:20:52 下午 org.openqa.selenium.testing.JUnit4TestBase$1 finished
信息: <<< Finished testCanClickOnAnImageEnclosedInALink(org.openqa.selenium.ClickTest)
三月 23, 2014 4:20:52 下午 org.openqa.selenium.testing.JUnit4TestBase$1 starting
信息: >>> Starting testCanClickOnALinkThatOverflowsAndFollowIt(org.openqa.selenium.ClickTest)
三月 23, 2014 4:20:52 下午 org.openqa.selenium.remote.RemoteWebDriver log
信息: Executing: get [c974c33a-810d-fd43-85ab-6799d36210b2, get {url=http://localhost:6461/common/clicks.html}]
三月 23, 2014 4:20:52 下午 org.openqa.selenium.remote.RemoteWebDriver log
信息: Executed: [c974c33a-810d-fd43-85ab-6799d36210b2, get {url=http://localhost:6461/common/clicks.html}]
三月 23, 2014 4:20:52 下午 org.openqa.selenium.remote.RemoteWebDriver log
信息: Executing: findElement [c974c33a-810d-fd43-85ab-6799d36210b2, findElement {using=id, value=overflowLink}]
三月 23, 2014 4:20:52 下午 org.openqa.selenium.remote.RemoteWebDriver log
信息: Executed: [c974c33a-810d-fd43-85ab-6799d36210b2, findElement {using=id, value=overflowLink}]
三月 23, 2014 4:20:52 下午 org.openqa.selenium.remote.RemoteWebDriver log
信息: Executing: clickElement [c974c33a-810d-fd43-85ab-6799d36210b2, clickElement {id={eb2d512f-0e89-9941-a103-fd771f9a007d}}]
三月 23, 2014 4:20:52 下午 org.openqa.selenium.remote.RemoteWebDriver log
信息: Executed: [c974c33a-810d-fd43-85ab-6799d36210b2, clickElement {id={eb2d512f-0e89-9941-a103-fd771f9a007d}}]
三月 23, 2014 4:20:52 下午 org.openqa.selenium.remote.RemoteWebDriver log
信息: Executing: getTitle [c974c33a-810d-fd43-85ab-6799d36210b2, getTitle {}]
三月 23, 2014 4:20:52 下午 org.openqa.selenium.remote.RemoteWebDriver log
信息: Executed: [c974c33a-810d-fd43-85ab-6799d36210b2, getTitle {}]
三月 23, 2014 4:20:52 下午 org.openqa.selenium.remote.RemoteWebDriver log
信息: Executing: switchToFrame [c974c33a-810d-fd43-85ab-6799d36210b2, switchToFrame {id=null}]
三月 23, 2014 4:20:52 下午 org.openqa.selenium.remote.RemoteWebDriver log
信息: Executed: [c974c33a-810d-fd43-85ab-6799d36210b2, switchToFrame {id=null}]
三月 23, 2014 4:20:52 下午 org.openqa.selenium.testing.JUnit4TestBase$1 finished
信息: <<< Finished testCanClickOnALinkThatOverflowsAndFollowIt(org.openqa.selenium.ClickTest)
三月 23, 2014 4:20:52 下午 org.openqa.selenium.testing.JUnit4TestBase$1 starting
信息: >>> Starting testShouldClickOnFirstBoundingClientRectWithNonZeroSize(org.openqa.selenium.ClickTest)
三月 23, 2014 4:20:52 下午 org.openqa.selenium.remote.RemoteWebDriver log
信息: Executing: get [c974c33a-810d-fd43-85ab-6799d36210b2, get {url=http://localhost:6461/common/clicks.html}]
三月 23, 2014 4:20:52 下午 org.openqa.selenium.remote.RemoteWebDriver log
信息: Executed: [c974c33a-810d-fd43-85ab-6799d36210b2, get {url=http://localhost:6461/common/clicks.html}]
三月 23, 2014 4:20:52 下午 org.openqa.selenium.remote.RemoteWebDriver log
信息: Executing: findElement [c974c33a-810d-fd43-85ab-6799d36210b2, findElement {using=id, value=twoClientRects}]
三月 23, 2014 4:20:52 下午 org.openqa.selenium.remote.RemoteWebDriver log
信息: Executed: [c974c33a-810d-fd43-85ab-6799d36210b2, findElement {using=id, value=twoClientRects}]
三月 23, 2014 4:20:52 下午 org.openqa.selenium.remote.RemoteWebDriver log
信息: Executing: clickElement [c974c33a-810d-fd43-85ab-6799d36210b2, clickElement {id={6f3a8caf-afd1-df43-9f8a-d62e12b45afc}}]
三月 23, 2014 4:20:52 下午 org.openqa.selenium.remote.RemoteWebDriver log
信息: Executed: [c974c33a-810d-fd43-85ab-6799d36210b2, clickElement {id={6f3a8caf-afd1-df43-9f8a-d62e12b45afc}}]
三月 23, 2014 4:20:52 下午 org.openqa.selenium.remote.RemoteWebDriver log
信息: Executing: getTitle [c974c33a-810d-fd43-85ab-6799d36210b2, getTitle {}]
三月 23, 2014 4:20:53 下午 org.openqa.selenium.remote.RemoteWebDriver log
信息: Executed: [c974c33a-810d-fd43-85ab-6799d36210b2, getTitle {}]
三月 23, 2014 4:20:53 下午 org.openqa.selenium.remote.RemoteWebDriver log
信息: Executing: switchToFrame [c974c33a-810d-fd43-85ab-6799d36210b2, switchToFrame {id=null}]
三月 23, 2014 4:20:53 下午 org.openqa.selenium.remote.RemoteWebDriver log
信息: Executed: [c974c33a-810d-fd43-85ab-6799d36210b2, switchToFrame {id=null}]
三月 23, 2014 4:20:53 下午 org.openqa.selenium.testing.JUnit4TestBase$1 finished
信息: <<< Finished testShouldClickOnFirstBoundingClientRectWithNonZeroSize(org.openqa.selenium.ClickTest)
三月 23, 2014 4:20:53 下午 org.openqa.selenium.testing.JUnit4TestBase$1 starting
信息: >>> Starting testElementsFoundByJsCanLoadUpdatesInAnotherFrame(org.openqa.selenium.ClickTest)
三月 23, 2014 4:20:53 下午 org.openqa.selenium.remote.RemoteWebDriver log
信息: Executing: get [c974c33a-810d-fd43-85ab-6799d36210b2, get {url=http://localhost:6461/common/clicks.html}]
三月 23, 2014 4:20:53 下午 org.openqa.selenium.remote.RemoteWebDriver log
信息: Executed: [c974c33a-810d-fd43-85ab-6799d36210b2, get {url=http://localhost:6461/common/clicks.html}]
三月 23, 2014 4:20:53 下午 org.openqa.selenium.remote.RemoteWebDriver log
信息: Executing: switchToFrame [c974c33a-810d-fd43-85ab-6799d36210b2, switchToFrame {id=source}]
三月 23, 2014 4:20:53 下午 org.openqa.selenium.remote.RemoteWebDriver log
信息: Executed: [c974c33a-810d-fd43-85ab-6799d36210b2, switchToFrame {id=source}]
三月 23, 2014 4:20:53 下午 org.openqa.selenium.remote.RemoteWebDriver log
信息: Executing: executeScript [c974c33a-810d-fd43-85ab-6799d36210b2, executeScript {script=return document.getElementById('otherframe');, args=[]}]
三月 23, 2014 4:20:53 下午 org.openqa.selenium.remote.RemoteWebDriver log
信息: Executed: [c974c33a-810d-fd43-85ab-6799d36210b2, executeScript {script=return document.getElementById('otherframe');, args=[]}]
三月 23, 2014 4:20:53 下午 org.openqa.selenium.remote.RemoteWebDriver log
信息: Executing: clickElement [c974c33a-810d-fd43-85ab-6799d36210b2, clickElement {id={8e0dd48e-75b6-3445-8de3-1d06d77e222b}}]
三月 23, 2014 4:20:53 下午 org.openqa.selenium.remote.RemoteWebDriver log
信息: Executed: [c974c33a-810d-fd43-85ab-6799d36210b2, clickElement {id={8e0dd48e-75b6-3445-8de3-1d06d77e222b}}]
三月 23, 2014 4:20:53 下午 org.openqa.selenium.remote.RemoteWebDriver log
信息: Executing: switchToFrame [c974c33a-810d-fd43-85ab-6799d36210b2, switchToFrame {id=null}]
三月 23, 2014 4:20:53 下午 org.openqa.selenium.remote.RemoteWebDriver log
信息: Executed: [c974c33a-810d-fd43-85ab-6799d36210b2, switchToFrame {id=null}]
三月 23, 2014 4:20:53 下午 org.openqa.selenium.remote.RemoteWebDriver log
信息: Executing: switchToFrame [c974c33a-810d-fd43-85ab-6799d36210b2, switchToFrame {id=target}]
三月 23, 2014 4:20:53 下午 org.openqa.selenium.remote.RemoteWebDriver log
信息: Executed: [c974c33a-810d-fd43-85ab-6799d36210b2, switchToFrame {id=target}]
三月 23, 2014 4:20:53 下午 org.openqa.selenium.remote.RemoteWebDriver log
信息: Executing: getPageSource [c974c33a-810d-fd43-85ab-6799d36210b2, getPageSource {}]
三月 23, 2014 4:20:53 下午 org.openqa.selenium.remote.RemoteWebDriver log
信息: Executed: [c974c33a-810d-fd43-85ab-6799d36210b2, getPageSource {}]
三月 23, 2014 4:20:53 下午 org.openqa.selenium.remote.RemoteWebDriver log
信息: Executing: switchToFrame [c974c33a-810d-fd43-85ab-6799d36210b2, switchToFrame {id=null}]
三月 23, 2014 4:20:53 下午 org.openqa.selenium.remote.RemoteWebDriver log
信息: Executed: [c974c33a-810d-fd43-85ab-6799d36210b2, switchToFrame {id=null}]
三月 23, 2014 4:20:53 下午 org.openqa.selenium.testing.JUnit4TestBase$1 finished
信息: <<< Finished testElementsFoundByJsCanLoadUpdatesInAnotherFrame(org.openqa.selenium.ClickTest)
三月 23, 2014 4:20:53 下午 org.openqa.selenium.testing.JUnit4TestBase$1 starting
信息: >>> Starting testCanClickOnALinkThatContainsEmbeddedBlockElements(org.openqa.selenium.ClickTest)
三月 23, 2014 4:20:53 下午 org.openqa.selenium.remote.RemoteWebDriver log
信息: Executing: get [c974c33a-810d-fd43-85ab-6799d36210b2, get {url=http://localhost:6461/common/clicks.html}]
三月 23, 2014 4:20:53 下午 org.openqa.selenium.remote.RemoteWebDriver log
信息: Executed: [c974c33a-810d-fd43-85ab-6799d36210b2, get {url=http://localhost:6461/common/clicks.html}]
三月 23, 2014 4:20:53 下午 org.openqa.selenium.remote.RemoteWebDriver log
信息: Executing: findElement [c974c33a-810d-fd43-85ab-6799d36210b2, findElement {using=id, value=embeddedBlock}]
三月 23, 2014 4:20:53 下午 org.openqa.selenium.remote.RemoteWebDriver log
信息: Executed: [c974c33a-810d-fd43-85ab-6799d36210b2, findElement {using=id, value=embeddedBlock}]
三月 23, 2014 4:20:53 下午 org.openqa.selenium.remote.RemoteWebDriver log
信息: Executing: clickElement [c974c33a-810d-fd43-85ab-6799d36210b2, clickElement {id={b70195a2-fd7c-9448-b79b-9daf14c6ced8}}]
三月 23, 2014 4:20:53 下午 org.openqa.selenium.remote.RemoteWebDriver log
信息: Executed: [c974c33a-810d-fd43-85ab-6799d36210b2, clickElement {id={b70195a2-fd7c-9448-b79b-9daf14c6ced8}}]
三月 23, 2014 4:20:53 下午 org.openqa.selenium.remote.RemoteWebDriver log
信息: Executing: getTitle [c974c33a-810d-fd43-85ab-6799d36210b2, getTitle {}]
三月 23, 2014 4:20:53 下午 org.openqa.selenium.remote.RemoteWebDriver log
信息: Executed: [c974c33a-810d-fd43-85ab-6799d36210b2, getTitle {}]
三月 23, 2014 4:20:53 下午 org.openqa.selenium.remote.RemoteWebDriver log
信息: Executing: switchToFrame [c974c33a-810d-fd43-85ab-6799d36210b2, switchToFrame {id=null}]
三月 23, 2014 4:20:53 下午 org.openqa.selenium.remote.RemoteWebDriver log
信息: Executed: [c974c33a-810d-fd43-85ab-6799d36210b2, switchToFrame {id=null}]
三月 23, 2014 4:20:53 下午 org.openqa.selenium.testing.JUnit4TestBase$1 finished
信息: <<< Finished testCanClickOnALinkThatContainsEmbeddedBlockElements(org.openqa.selenium.ClickTest)
三月 23, 2014 4:20:53 下午 org.openqa.selenium.testing.JUnit4TestBase$1 starting
信息: >>> Starting testCanClickOnALinkThatContainsTextWrappedInASpan(org.openqa.selenium.ClickTest)
三月 23, 2014 4:20:53 下午 org.openqa.selenium.remote.RemoteWebDriver log
信息: Executing: get [c974c33a-810d-fd43-85ab-6799d36210b2, get {url=http://localhost:6461/common/clicks.html}]
三月 23, 2014 4:20:53 下午 org.openqa.selenium.remote.RemoteWebDriver log
信息: Executed: [c974c33a-810d-fd43-85ab-6799d36210b2, get {url=http://localhost:6461/common/clicks.html}]
三月 23, 2014 4:20:53 下午 org.openqa.selenium.remote.RemoteWebDriver log
信息: Executing: findElement [c974c33a-810d-fd43-85ab-6799d36210b2, findElement {using=id, value=link-with-enclosed-span}]
三月 23, 2014 4:20:53 下午 org.openqa.selenium.remote.RemoteWebDriver log
信息: Executed: [c974c33a-810d-fd43-85ab-6799d36210b2, findElement {using=id, value=link-with-enclosed-span}]
三月 23, 2014 4:20:53 下午 org.openqa.selenium.remote.RemoteWebDriver log
信息: Executing: clickElement [c974c33a-810d-fd43-85ab-6799d36210b2, clickElement {id={5942f426-2bb3-0345-ad81-365ddb2309c5}}]
三月 23, 2014 4:20:53 下午 org.openqa.selenium.remote.RemoteWebDriver log
信息: Executed: [c974c33a-810d-fd43-85ab-6799d36210b2, clickElement {id={5942f426-2bb3-0345-ad81-365ddb2309c5}}]
三月 23, 2014 4:20:53 下午 org.openqa.selenium.remote.RemoteWebDriver log
信息: Executing: getTitle [c974c33a-810d-fd43-85ab-6799d36210b2, getTitle {}]
三月 23, 2014 4:20:53 下午 org.openqa.selenium.remote.RemoteWebDriver log
信息: Executed: [c974c33a-810d-fd43-85ab-6799d36210b2, getTitle {}]
三月 23, 2014 4:20:53 下午 org.openqa.selenium.remote.RemoteWebDriver log
信息: Executing: switchToFrame [c974c33a-810d-fd43-85ab-6799d36210b2, switchToFrame {id=null}]
三月 23, 2014 4:20:53 下午 org.openqa.selenium.remote.RemoteWebDriver log
信息: Executed: [c974c33a-810d-fd43-85ab-6799d36210b2, switchToFrame {id=null}]
三月 23, 2014 4:20:53 下午 org.openqa.selenium.testing.JUnit4TestBase$1 finished
信息: <<< Finished testCanClickOnALinkThatContainsTextWrappedInASpan(org.openqa.selenium.ClickTest)
三月 23, 2014 4:20:53 下午 org.openqa.selenium.testing.JUnit4TestBase$1 starting
信息: >>> Starting testShouldBeAbleToClickOnLinkInAbsolutelyPositionedFooterInQuirksMode(org.openqa.selenium.ClickTest)
三月 23, 2014 4:20:53 下午 org.openqa.selenium.remote.RemoteWebDriver log
信息: Executing: get [c974c33a-810d-fd43-85ab-6799d36210b2, get {url=http://localhost:6461/common/clicks.html}]
三月 23, 2014 4:20:53 下午 org.openqa.selenium.remote.RemoteWebDriver log
信息: Executed: [c974c33a-810d-fd43-85ab-6799d36210b2, get {url=http://localhost:6461/common/clicks.html}]
三月 23, 2014 4:20:53 下午 org.openqa.selenium.remote.RemoteWebDriver log
信息: Executing: get [c974c33a-810d-fd43-85ab-6799d36210b2, get {url=http://localhost:6461/common/fixedFooterNoScrollQuirksMode.html}]
三月 23, 2014 4:20:53 下午 org.openqa.selenium.remote.RemoteWebDriver log
信息: Executed: [c974c33a-810d-fd43-85ab-6799d36210b2, get {url=http://localhost:6461/common/fixedFooterNoScrollQuirksMode.html}]
三月 23, 2014 4:20:53 下午 org.openqa.selenium.remote.RemoteWebDriver log
信息: Executing: findElement [c974c33a-810d-fd43-85ab-6799d36210b2, findElement {using=id, value=link}]
三月 23, 2014 4:20:53 下午 org.openqa.selenium.remote.RemoteWebDriver log
信息: Executed: [c974c33a-810d-fd43-85ab-6799d36210b2, findElement {using=id, value=link}]
三月 23, 2014 4:20:53 下午 org.openqa.selenium.remote.RemoteWebDriver log
信息: Executing: clickElement [c974c33a-810d-fd43-85ab-6799d36210b2, clickElement {id={5731d588-0c16-1840-be21-94bd97080590}}]
三月 23, 2014 4:20:53 下午 org.openqa.selenium.remote.RemoteWebDriver log
信息: Executed: [c974c33a-810d-fd43-85ab-6799d36210b2, clickElement {id={5731d588-0c16-1840-be21-94bd97080590}}]
三月 23, 2014 4:20:53 下午 org.openqa.selenium.remote.RemoteWebDriver log
信息: Executing: getTitle [c974c33a-810d-fd43-85ab-6799d36210b2, getTitle {}]
三月 23, 2014 4:20:53 下午 org.openqa.selenium.remote.RemoteWebDriver log
信息: Executed: [c974c33a-810d-fd43-85ab-6799d36210b2, getTitle {}]
三月 23, 2014 4:20:53 下午 org.openqa.selenium.remote.RemoteWebDriver log
信息: Executing: switchToFrame [c974c33a-810d-fd43-85ab-6799d36210b2, switchToFrame {id=null}]
三月 23, 2014 4:20:53 下午 org.openqa.selenium.remote.RemoteWebDriver log
信息: Executed: [c974c33a-810d-fd43-85ab-6799d36210b2, switchToFrame {id=null}]
三月 23, 2014 4:20:53 下午 org.openqa.selenium.testing.JUnit4TestBase$1 finished
信息: <<< Finished testShouldBeAbleToClickOnLinkInAbsolutelyPositionedFooterInQuirksMode(org.openqa.selenium.ClickTest)
三月 23, 2014 4:20:53 下午 org.openqa.selenium.testing.JUnit4TestBase$1 starting
信息: >>> Starting testJsLocatedElementsCanUpdateFramesIfFoundSomehowElse(org.openqa.selenium.ClickTest)
三月 23, 2014 4:20:53 下午 org.openqa.selenium.remote.RemoteWebDriver log
信息: Executing: get [c974c33a-810d-fd43-85ab-6799d36210b2, get {url=http://localhost:6461/common/clicks.html}]
三月 23, 2014 4:20:53 下午 org.openqa.selenium.remote.RemoteWebDriver log
信息: Executed: [c974c33a-810d-fd43-85ab-6799d36210b2, get {url=http://localhost:6461/common/clicks.html}]
三月 23, 2014 4:20:53 下午 org.openqa.selenium.remote.RemoteWebDriver log
信息: Executing: switchToFrame [c974c33a-810d-fd43-85ab-6799d36210b2, switchToFrame {id=source}]
三月 23, 2014 4:20:53 下午 org.openqa.selenium.remote.RemoteWebDriver log
信息: Executed: [c974c33a-810d-fd43-85ab-6799d36210b2, switchToFrame {id=source}]
三月 23, 2014 4:20:53 下午 org.openqa.selenium.remote.RemoteWebDriver log
信息: Executing: findElement [c974c33a-810d-fd43-85ab-6799d36210b2, findElement {using=id, value=otherframe}]
三月 23, 2014 4:20:53 下午 org.openqa.selenium.remote.RemoteWebDriver log
信息: Executed: [c974c33a-810d-fd43-85ab-6799d36210b2, findElement {using=id, value=otherframe}]
三月 23, 2014 4:20:53 下午 org.openqa.selenium.remote.RemoteWebDriver log
信息: Executing: executeScript [c974c33a-810d-fd43-85ab-6799d36210b2, executeScript {script=return document.getElementById('otherframe');, args=[]}]
三月 23, 2014 4:20:53 下午 org.openqa.selenium.remote.RemoteWebDriver log
信息: Executed: [c974c33a-810d-fd43-85ab-6799d36210b2, executeScript {script=return document.getElementById('otherframe');, args=[]}]
三月 23, 2014 4:20:53 下午 org.openqa.selenium.remote.RemoteWebDriver log
信息: Executing: clickElement [c974c33a-810d-fd43-85ab-6799d36210b2, clickElement {id={354685fb-d379-8542-ae75-7e14a5894cee}}]
三月 23, 2014 4:20:53 下午 org.openqa.selenium.remote.RemoteWebDriver log
信息: Executed: [c974c33a-810d-fd43-85ab-6799d36210b2, clickElement {id={354685fb-d379-8542-ae75-7e14a5894cee}}]
三月 23, 2014 4:20:53 下午 org.openqa.selenium.remote.RemoteWebDriver log
信息: Executing: switchToFrame [c974c33a-810d-fd43-85ab-6799d36210b2, switchToFrame {id=null}]
三月 23, 2014 4:20:53 下午 org.openqa.selenium.remote.RemoteWebDriver log
信息: Executed: [c974c33a-810d-fd43-85ab-6799d36210b2, switchToFrame {id=null}]
三月 23, 2014 4:20:53 下午 org.openqa.selenium.remote.RemoteWebDriver log
信息: Executing: switchToFrame [c974c33a-810d-fd43-85ab-6799d36210b2, switchToFrame {id=target}]
三月 23, 2014 4:20:53 下午 org.openqa.selenium.remote.RemoteWebDriver log
信息: Executed: [c974c33a-810d-fd43-85ab-6799d36210b2, switchToFrame {id=target}]
三月 23, 2014 4:20:53 下午 org.openqa.selenium.remote.RemoteWebDriver log
信息: Executing: getPageSource [c974c33a-810d-fd43-85ab-6799d36210b2, getPageSource {}]
三月 23, 2014 4:20:53 下午 org.openqa.selenium.remote.RemoteWebDriver log
信息: Executed: [c974c33a-810d-fd43-85ab-6799d36210b2, getPageSource {}]
三月 23, 2014 4:20:53 下午 org.openqa.selenium.remote.RemoteWebDriver log
信息: Executing: switchToFrame [c974c33a-810d-fd43-85ab-6799d36210b2, switchToFrame {id=null}]
三月 23, 2014 4:20:53 下午 org.openqa.selenium.remote.RemoteWebDriver log
信息: Executed: [c974c33a-810d-fd43-85ab-6799d36210b2, switchToFrame {id=null}]
三月 23, 2014 4:20:53 下午 org.openqa.selenium.testing.JUnit4TestBase$1 finished
信息: <<< Finished testJsLocatedElementsCanUpdateFramesIfFoundSomehowElse(org.openqa.selenium.ClickTest)
三月 23, 2014 4:20:53 下午 org.openqa.selenium.testing.JUnit4TestBase$1 starting
信息: >>> Starting testShouldBeAbleToClickOnAnElementInFrameGreaterThanTwoViewports(org.openqa.selenium.ClickTest)
三月 23, 2014 4:20:53 下午 org.openqa.selenium.remote.RemoteWebDriver log
信息: Executing: get [c974c33a-810d-fd43-85ab-6799d36210b2, get {url=http://localhost:6461/common/clicks.html}]
三月 23, 2014 4:20:53 下午 org.openqa.selenium.remote.RemoteWebDriver log
信息: Executed: [c974c33a-810d-fd43-85ab-6799d36210b2, get {url=http://localhost:6461/common/clicks.html}]
三月 23, 2014 4:20:53 下午 org.openqa.selenium.remote.RemoteWebDriver log
信息: Executing: executeScript [c974c33a-810d-fd43-85ab-6799d36210b2, executeScript {script=return navigator.userAgent;, args=[]}]
三月 23, 2014 4:20:54 下午 org.openqa.selenium.remote.RemoteWebDriver log
信息: Executed: [c974c33a-810d-fd43-85ab-6799d36210b2, executeScript {script=return navigator.userAgent;, args=[]}]
三月 23, 2014 4:20:54 下午 org.openqa.selenium.remote.RemoteWebDriver log
信息: Executing: get [c974c33a-810d-fd43-85ab-6799d36210b2, get {url=http://localhost:6461/common/click_too_big_in_frame.html}]
三月 23, 2014 4:20:54 下午 org.openqa.selenium.remote.RemoteWebDriver log
信息: Executed: [c974c33a-810d-fd43-85ab-6799d36210b2, get {url=http://localhost:6461/common/click_too_big_in_frame.html}]
三月 23, 2014 4:20:54 下午 org.openqa.selenium.remote.RemoteWebDriver log
信息: Executing: findElement [c974c33a-810d-fd43-85ab-6799d36210b2, findElement {using=id, value=iframe1}]
三月 23, 2014 4:20:54 下午 org.openqa.selenium.remote.RemoteWebDriver log
信息: Executed: [c974c33a-810d-fd43-85ab-6799d36210b2, findElement {using=id, value=iframe1}]
三月 23, 2014 4:20:54 下午 org.openqa.selenium.remote.RemoteWebDriver log
信息: Executing: switchToFrame [c974c33a-810d-fd43-85ab-6799d36210b2, switchToFrame {id={ELEMENT={7c195ae3-fd9d-e142-bb7d-a76eda8e7893}}}]
三月 23, 2014 4:20:54 下午 org.openqa.selenium.remote.RemoteWebDriver log
信息: Executed: [c974c33a-810d-fd43-85ab-6799d36210b2, switchToFrame {id={ELEMENT={7c195ae3-fd9d-e142-bb7d-a76eda8e7893}}}]
三月 23, 2014 4:20:54 下午 org.openqa.selenium.remote.RemoteWebDriver log
信息: Executing: findElement [c974c33a-810d-fd43-85ab-6799d36210b2, findElement {using=id, value=click}]
三月 23, 2014 4:20:54 下午 org.openqa.selenium.remote.RemoteWebDriver log
信息: Executed: [c974c33a-810d-fd43-85ab-6799d36210b2, findElement {using=id, value=click}]
三月 23, 2014 4:20:54 下午 org.openqa.selenium.remote.RemoteWebDriver log
信息: Executing: clickElement [c974c33a-810d-fd43-85ab-6799d36210b2, clickElement {id={0cc7f2ba-0d28-b445-8f42-e8d19bebd1bd}}]
三月 23, 2014 4:20:54 下午 org.openqa.selenium.remote.RemoteWebDriver log
信息: Executed: [c974c33a-810d-fd43-85ab-6799d36210b2, clickElement {id={0cc7f2ba-0d28-b445-8f42-e8d19bebd1bd}}]
三月 23, 2014 4:20:54 下午 org.openqa.selenium.remote.RemoteWebDriver log
信息: Executing: getTitle [c974c33a-810d-fd43-85ab-6799d36210b2, getTitle {}]
三月 23, 2014 4:20:54 下午 org.openqa.selenium.remote.RemoteWebDriver log
信息: Executed: [c974c33a-810d-fd43-85ab-6799d36210b2, getTitle {}]
三月 23, 2014 4:20:54 下午 org.openqa.selenium.remote.RemoteWebDriver log
信息: Executing: switchToFrame [c974c33a-810d-fd43-85ab-6799d36210b2, switchToFrame {id=null}]
三月 23, 2014 4:20:54 下午 org.openqa.selenium.remote.RemoteWebDriver log
信息: Executed: [c974c33a-810d-fd43-85ab-6799d36210b2, switchToFrame {id=null}]
三月 23, 2014 4:20:54 下午 org.openqa.selenium.testing.JUnit4TestBase$1 finished
信息: <<< Finished testShouldBeAbleToClickOnAnElementInFrameGreaterThanTwoViewports(org.openqa.selenium.ClickTest)
三月 23, 2014 4:20:54 下午 org.openqa.selenium.testing.JUnit4TestBase$1 starting
信息: >>> Starting testShouldBeAbleToClickOnAnElementGreaterThanTwoViewports(org.openqa.selenium.ClickTest)
三月 23, 2014 4:20:54 下午 org.openqa.selenium.remote.RemoteWebDriver log
信息: Executing: get [c974c33a-810d-fd43-85ab-6799d36210b2, get {url=http://localhost:6461/common/clicks.html}]
三月 23, 2014 4:20:54 下午 org.openqa.selenium.remote.RemoteWebDriver log
信息: Executed: [c974c33a-810d-fd43-85ab-6799d36210b2, get {url=http://localhost:6461/common/clicks.html}]
三月 23, 2014 4:20:54 下午 org.openqa.selenium.remote.RemoteWebDriver log
信息: Executing: get [c974c33a-810d-fd43-85ab-6799d36210b2, get {url=http://localhost:6461/common/click_too_big.html}]
三月 23, 2014 4:20:54 下午 org.openqa.selenium.remote.RemoteWebDriver log
信息: Executed: [c974c33a-810d-fd43-85ab-6799d36210b2, get {url=http://localhost:6461/common/click_too_big.html}]
三月 23, 2014 4:20:54 下午 org.openqa.selenium.remote.RemoteWebDriver log
信息: Executing: findElement [c974c33a-810d-fd43-85ab-6799d36210b2, findElement {using=id, value=click}]
三月 23, 2014 4:20:54 下午 org.openqa.selenium.remote.RemoteWebDriver log
信息: Executed: [c974c33a-810d-fd43-85ab-6799d36210b2, findElement {using=id, value=click}]
三月 23, 2014 4:20:54 下午 org.openqa.selenium.remote.RemoteWebDriver log
信息: Executing: clickElement [c974c33a-810d-fd43-85ab-6799d36210b2, clickElement {id={448b4f72-1a13-b240-9dc1-60ba96ca49e4}}]
三月 23, 2014 4:20:54 下午 org.openqa.selenium.remote.RemoteWebDriver log
信息: Executed: [c974c33a-810d-fd43-85ab-6799d36210b2, clickElement {id={448b4f72-1a13-b240-9dc1-60ba96ca49e4}}]
三月 23, 2014 4:20:54 下午 org.openqa.selenium.remote.RemoteWebDriver log
信息: Executing: getTitle [c974c33a-810d-fd43-85ab-6799d36210b2, getTitle {}]
三月 23, 2014 4:20:54 下午 org.openqa.selenium.remote.RemoteWebDriver log
信息: Executed: [c974c33a-810d-fd43-85ab-6799d36210b2, getTitle {}]
三月 23, 2014 4:20:54 下午 org.openqa.selenium.remote.RemoteWebDriver log
信息: Executing: switchToFrame [c974c33a-810d-fd43-85ab-6799d36210b2, switchToFrame {id=null}]
三月 23, 2014 4:20:54 下午 org.openqa.selenium.remote.RemoteWebDriver log
信息: Executed: [c974c33a-810d-fd43-85ab-6799d36210b2, switchToFrame {id=null}]
三月 23, 2014 4:20:54 下午 org.openqa.selenium.testing.JUnit4TestBase$1 finished
信息: <<< Finished testShouldBeAbleToClickOnAnElementGreaterThanTwoViewports(org.openqa.selenium.ClickTest)
三月 23, 2014 4:20:54 下午 org.openqa.selenium.testing.JUnit4TestBase$1 starting
信息: >>> Starting testCanClickOnALinkThatUpdatesAnotherFrame(org.openqa.selenium.ClickTest)
三月 23, 2014 4:20:54 下午 org.openqa.selenium.remote.RemoteWebDriver log
信息: Executing: get [c974c33a-810d-fd43-85ab-6799d36210b2, get {url=http://localhost:6461/common/clicks.html}]
三月 23, 2014 4:20:54 下午 org.openqa.selenium.remote.RemoteWebDriver log
信息: Executed: [c974c33a-810d-fd43-85ab-6799d36210b2, get {url=http://localhost:6461/common/clicks.html}]
三月 23, 2014 4:20:54 下午 org.openqa.selenium.remote.RemoteWebDriver log
信息: Executing: switchToFrame [c974c33a-810d-fd43-85ab-6799d36210b2, switchToFrame {id=source}]
三月 23, 2014 4:20:54 下午 org.openqa.selenium.remote.RemoteWebDriver log
信息: Executed: [c974c33a-810d-fd43-85ab-6799d36210b2, switchToFrame {id=source}]
三月 23, 2014 4:20:54 下午 org.openqa.selenium.remote.RemoteWebDriver log
信息: Executing: findElement [c974c33a-810d-fd43-85ab-6799d36210b2, findElement {using=id, value=otherframe}]
三月 23, 2014 4:20:54 下午 org.openqa.selenium.remote.RemoteWebDriver log
信息: Executed: [c974c33a-810d-fd43-85ab-6799d36210b2, findElement {using=id, value=otherframe}]
三月 23, 2014 4:20:54 下午 org.openqa.selenium.remote.RemoteWebDriver log
信息: Executing: clickElement [c974c33a-810d-fd43-85ab-6799d36210b2, clickElement {id={52072150-10b4-914f-8fb1-ce69342841d7}}]
三月 23, 2014 4:20:54 下午 org.openqa.selenium.remote.RemoteWebDriver log
信息: Executed: [c974c33a-810d-fd43-85ab-6799d36210b2, clickElement {id={52072150-10b4-914f-8fb1-ce69342841d7}}]
三月 23, 2014 4:20:54 下午 org.openqa.selenium.remote.RemoteWebDriver log
信息: Executing: switchToFrame [c974c33a-810d-fd43-85ab-6799d36210b2, switchToFrame {id=null}]
三月 23, 2014 4:20:54 下午 org.openqa.selenium.remote.RemoteWebDriver log
信息: Executed: [c974c33a-810d-fd43-85ab-6799d36210b2, switchToFrame {id=null}]
三月 23, 2014 4:20:54 下午 org.openqa.selenium.remote.RemoteWebDriver log
信息: Executing: switchToFrame [c974c33a-810d-fd43-85ab-6799d36210b2, switchToFrame {id=target}]
三月 23, 2014 4:20:54 下午 org.openqa.selenium.remote.RemoteWebDriver log
信息: Executed: [c974c33a-810d-fd43-85ab-6799d36210b2, switchToFrame {id=target}]
三月 23, 2014 4:20:54 下午 org.openqa.selenium.remote.RemoteWebDriver log
信息: Executing: getPageSource [c974c33a-810d-fd43-85ab-6799d36210b2, getPageSource {}]
三月 23, 2014 4:20:54 下午 org.openqa.selenium.remote.RemoteWebDriver log
信息: Executed: [c974c33a-810d-fd43-85ab-6799d36210b2, getPageSource {}]
三月 23, 2014 4:20:54 下午 org.openqa.selenium.remote.RemoteWebDriver log
信息: Executing: switchToFrame [c974c33a-810d-fd43-85ab-6799d36210b2, switchToFrame {id=null}]
三月 23, 2014 4:20:54 下午 org.openqa.selenium.remote.RemoteWebDriver log
信息: Executed: [c974c33a-810d-fd43-85ab-6799d36210b2, switchToFrame {id=null}]
三月 23, 2014 4:20:54 下午 org.openqa.selenium.testing.JUnit4TestBase$1 finished
信息: <<< Finished testCanClickOnALinkThatUpdatesAnotherFrame(org.openqa.selenium.ClickTest)
三月 23, 2014 4:20:54 下午 org.openqa.selenium.testing.JUnit4TestBase$1 starting
信息: >>> Starting testShouldBeAbleToIncludeLeadingPeriodInDomainName(org.openqa.selenium.CookieImplementationTest)
三月 23, 2014 4:20:54 下午 org.openqa.selenium.testing.JUnit4TestBase$1 finished
信息: <<< Finished testShouldBeAbleToIncludeLeadingPeriodInDomainName(org.openqa.selenium.CookieImplementationTest)
三月 23, 2014 4:20:54 下午 org.openqa.selenium.testing.JUnit4TestBase$1 starting
信息: >>> Starting testShouldIgnoreThePortNumberOfTheHostWhenSettingTheCookie(org.openqa.selenium.CookieImplementationTest)
三月 23, 2014 4:20:54 下午 org.openqa.selenium.testing.JUnit4TestBase$1 finished
信息: <<< Finished testShouldIgnoreThePortNumberOfTheHostWhenSettingTheCookie(org.openqa.selenium.CookieImplementationTest)
三月 23, 2014 4:20:54 下午 org.openqa.selenium.testing.JUnit4TestBase$1 starting
信息: >>> Starting testShouldBeAbleToAddCookie(org.openqa.selenium.CookieImplementationTest)
三月 23, 2014 4:20:54 下午 org.openqa.selenium.testing.JUnit4TestBase$1 finished
信息: <<< Finished testShouldBeAbleToAddCookie(org.openqa.selenium.CookieImplementationTest)
三月 23, 2014 4:20:54 下午 org.openqa.selenium.testing.JUnit4TestBase$1 starting
信息: >>> Starting testAddCookiesWithDifferentPathsThatAreRelatedToOurs(org.openqa.selenium.CookieImplementationTest)
三月 23, 2014 4:20:54 下午 org.openqa.selenium.testing.JUnit4TestBase$1 finished
信息: <<< Finished testAddCookiesWithDifferentPathsThatAreRelatedToOurs(org.openqa.selenium.CookieImplementationTest)
三月 23, 2014 4:20:54 下午 org.openqa.selenium.testing.JUnit4TestBase$1 starting
信息: >>> Starting testCookieEqualityAfterSetAndGet(org.openqa.selenium.CookieImplementationTest)
三月 23, 2014 4:20:54 下午 org.openqa.selenium.testing.JUnit4TestBase$1 finished
信息: <<< Finished testCookieEqualityAfterSetAndGet(org.openqa.selenium.CookieImplementationTest)
三月 23, 2014 4:20:54 下午 org.openqa.selenium.testing.JUnit4TestBase$1 starting
信息: >>> Starting testSettingACookieThatExpiredInThePast(org.openqa.selenium.CookieImplementationTest)
三月 23, 2014 4:20:54 下午 org.openqa.selenium.testing.JUnit4TestBase$1 finished
信息: <<< Finished testSettingACookieThatExpiredInThePast(org.openqa.selenium.CookieImplementationTest)
三月 23, 2014 4:20:54 下午 org.openqa.selenium.testing.JUnit4TestBase$1 starting
信息: >>> Starting testShouldBeAbleToSetDomainToTheCurrentDomain(org.openqa.selenium.CookieImplementationTest)
三月 23, 2014 4:20:54 下午 org.openqa.selenium.testing.JUnit4TestBase$1 finished
信息: <<< Finished testShouldBeAbleToSetDomainToTheCurrentDomain(org.openqa.selenium.CookieImplementationTest)
三月 23, 2014 4:20:54 下午 org.openqa.selenium.testing.JUnit4TestBase$1 starting
信息: >>> Starting testGetAllCookies(org.openqa.selenium.CookieImplementationTest)
三月 23, 2014 4:20:54 下午 org.openqa.selenium.testing.JUnit4TestBase$1 finished
信息: <<< Finished testGetAllCookies(org.openqa.selenium.CookieImplementationTest)
三月 23, 2014 4:20:54 下午 org.openqa.selenium.testing.JUnit4TestBase$1 starting
信息: >>> Starting testShouldBeAbleToAddToADomainWhichIsRelatedToTheCurrentDomain(org.openqa.selenium.CookieImplementationTest)
三月 23, 2014 4:20:54 下午 org.openqa.selenium.testing.JUnit4TestBase$1 finished
信息: <<< Finished testShouldBeAbleToAddToADomainWhichIsRelatedToTheCurrentDomain(org.openqa.selenium.CookieImplementationTest)
三月 23, 2014 4:20:54 下午 org.openqa.selenium.testing.JUnit4TestBase$1 starting
信息: >>> Starting testDeleteAllCookies(org.openqa.selenium.CookieImplementationTest)
三月 23, 2014 4:20:54 下午 org.openqa.selenium.testing.JUnit4TestBase$1 finished
信息: <<< Finished testDeleteAllCookies(org.openqa.selenium.CookieImplementationTest)
三月 23, 2014 4:20:54 下午 org.openqa.selenium.testing.JUnit4TestBase$1 starting
信息: >>> Starting testCanSetCookieWithoutOptionalFieldsSet(org.openqa.selenium.CookieImplementationTest)
三月 23, 2014 4:20:54 下午 org.openqa.selenium.testing.JUnit4TestBase$1 finished
信息: <<< Finished testCanSetCookieWithoutOptionalFieldsSet(org.openqa.selenium.CookieImplementationTest)
三月 23, 2014 4:20:54 下午 org.openqa.selenium.testing.JUnit4TestBase$1 starting
信息: >>> Starting testShouldNotDeleteCookiesWithASimilarName(org.openqa.selenium.CookieImplementationTest)
三月 23, 2014 4:20:54 下午 org.openqa.selenium.testing.JUnit4TestBase$1 finished
信息: <<< Finished testShouldNotDeleteCookiesWithASimilarName(org.openqa.selenium.CookieImplementationTest)
三月 23, 2014 4:20:54 下午 org.openqa.selenium.testing.JUnit4TestBase$1 starting
信息: >>> Starting testShouldWalkThePathToDeleteACookie(org.openqa.selenium.CookieImplementationTest)
三月 23, 2014 4:20:54 下午 org.openqa.selenium.testing.JUnit4TestBase$1 finished
信息: <<< Finished testShouldWalkThePathToDeleteACookie(org.openqa.selenium.CookieImplementationTest)
三月 23, 2014 4:20:54 下午 org.openqa.selenium.testing.JUnit4TestBase$1 starting
信息: >>> Starting testRetainsCookieExpiry(org.openqa.selenium.CookieImplementationTest)
三月 23, 2014 4:20:54 下午 org.openqa.selenium.testing.JUnit4TestBase$1 finished
信息: <<< Finished testRetainsCookieExpiry(org.openqa.selenium.CookieImplementationTest)
三月 23, 2014 4:20:54 下午 org.openqa.selenium.testing.JUnit4TestBase$1 starting
信息: >>> Starting testDeleteCookieWithName(org.openqa.selenium.CookieImplementationTest)
三月 23, 2014 4:20:54 下午 org.openqa.selenium.testing.JUnit4TestBase$1 finished
信息: <<< Finished testDeleteCookieWithName(org.openqa.selenium.CookieImplementationTest)
三月 23, 2014 4:20:54 下午 org.openqa.selenium.testing.JUnit4TestBase$1 starting
信息: >>> Starting testDeleteNotExistedCookie(org.openqa.selenium.CookieImplementationTest)
三月 23, 2014 4:20:54 下午 org.openqa.selenium.testing.JUnit4TestBase$1 finished
信息: <<< Finished testDeleteNotExistedCookie(org.openqa.selenium.CookieImplementationTest)
三月 23, 2014 4:20:54 下午 org.openqa.selenium.testing.JUnit4TestBase$1 starting
信息: >>> Starting testRetainsCookieSecure(org.openqa.selenium.CookieImplementationTest)
三月 23, 2014 4:20:54 下午 org.openqa.selenium.testing.JUnit4TestBase$1 finished
信息: <<< Finished testRetainsCookieSecure(org.openqa.selenium.CookieImplementationTest)
三月 23, 2014 4:20:54 下午 org.openqa.selenium.testing.JUnit4TestBase$1 starting
信息: >>> Starting testShouldNotGetCookieOnDifferentDomain(org.openqa.selenium.CookieImplementationTest)
三月 23, 2014 4:20:54 下午 org.openqa.selenium.testing.JUnit4TestBase$1 finished
信息: <<< Finished testShouldNotGetCookieOnDifferentDomain(org.openqa.selenium.CookieImplementationTest)
三月 23, 2014 4:20:54 下午 org.openqa.selenium.testing.JUnit4TestBase$1 starting
信息: >>> Starting testCannotGetCookiesWithPathDifferingOnlyInCase(org.openqa.selenium.CookieImplementationTest)
三月 23, 2014 4:20:54 下午 org.openqa.selenium.testing.JUnit4TestBase$1 finished
信息: <<< Finished testCannotGetCookiesWithPathDifferingOnlyInCase(org.openqa.selenium.CookieImplementationTest)
三月 23, 2014 4:20:54 下午 org.openqa.selenium.testing.JUnit4TestBase$1 starting
信息: >>> Starting testShouldGetCookieByName(org.openqa.selenium.CookieImplementationTest)
三月 23, 2014 4:20:54 下午 org.openqa.selenium.testing.JUnit4TestBase$1 finished
信息: <<< Finished testShouldGetCookieByName(org.openqa.selenium.CookieImplementationTest)
三月 23, 2014 4:20:54 下午 org.openqa.selenium.testing.JUnit4TestBase$1 starting
信息: >>> Starting testShouldEmitOnClickEventsWhenSelectingElements(org.openqa.selenium.CorrectEventFiringTest)
三月 23, 2014 4:20:54 下午 org.openqa.selenium.remote.RemoteWebDriver log
信息: Executing: get [c974c33a-810d-fd43-85ab-6799d36210b2, get {url=http://localhost:6461/common/javascriptPage.html}]
三月 23, 2014 4:20:54 下午 org.openqa.selenium.remote.RemoteWebDriver log
信息: Executed: [c974c33a-810d-fd43-85ab-6799d36210b2, get {url=http://localhost:6461/common/javascriptPage.html}]
三月 23, 2014 4:20:54 下午 org.openqa.selenium.remote.RemoteWebDriver log
信息: Executing: findElements [c974c33a-810d-fd43-85ab-6799d36210b2, findElements {using=xpath, value=//select[@id='selector2']//option}]
三月 23, 2014 4:20:54 下午 org.openqa.selenium.remote.RemoteWebDriver log
信息: Executed: [c974c33a-810d-fd43-85ab-6799d36210b2, findElements {using=xpath, value=//select[@id='selector2']//option}]
三月 23, 2014 4:20:54 下午 org.openqa.selenium.remote.RemoteWebDriver log
信息: Executing: clickElement [c974c33a-810d-fd43-85ab-6799d36210b2, clickElement {id={6b26c2d9-8e4c-5848-840e-14969c2b4c96}}]
三月 23, 2014 4:20:54 下午 org.openqa.selenium.remote.RemoteWebDriver log
信息: Executed: [c974c33a-810d-fd43-85ab-6799d36210b2, clickElement {id={6b26c2d9-8e4c-5848-840e-14969c2b4c96}}]
三月 23, 2014 4:20:54 下午 org.openqa.selenium.remote.RemoteWebDriver log
信息: Executing: findElement [c974c33a-810d-fd43-85ab-6799d36210b2, findElement {using=id, value=result}]
三月 23, 2014 4:20:54 下午 org.openqa.selenium.remote.RemoteWebDriver log
信息: Executed: [c974c33a-810d-fd43-85ab-6799d36210b2, findElement {using=id, value=result}]
三月 23, 2014 4:20:54 下午 org.openqa.selenium.remote.RemoteWebDriver log
信息: Executing: getElementText [c974c33a-810d-fd43-85ab-6799d36210b2, getElementText {id={6ce4aeea-da0c-ae4b-b882-24e140cc1b21}}]
三月 23, 2014 4:20:54 下午 org.openqa.selenium.remote.RemoteWebDriver log
信息: Executed: [c974c33a-810d-fd43-85ab-6799d36210b2, getElementText {id={6ce4aeea-da0c-ae4b-b882-24e140cc1b21}}]
三月 23, 2014 4:20:54 下午 org.openqa.selenium.remote.RemoteWebDriver log
信息: Executing: clickElement [c974c33a-810d-fd43-85ab-6799d36210b2, clickElement {id={dd3d4967-a115-384f-88f5-e5f8ee97cf6c}}]
三月 23, 2014 4:20:54 下午 org.openqa.selenium.remote.RemoteWebDriver log
信息: Executed: [c974c33a-810d-fd43-85ab-6799d36210b2, clickElement {id={dd3d4967-a115-384f-88f5-e5f8ee97cf6c}}]
三月 23, 2014 4:20:54 下午 org.openqa.selenium.remote.RemoteWebDriver log
信息: Executing: findElement [c974c33a-810d-fd43-85ab-6799d36210b2, findElement {using=id, value=result}]
三月 23, 2014 4:20:54 下午 org.openqa.selenium.remote.RemoteWebDriver log
信息: Executed: [c974c33a-810d-fd43-85ab-6799d36210b2, findElement {using=id, value=result}]
三月 23, 2014 4:20:54 下午 org.openqa.selenium.remote.RemoteWebDriver log
信息: Executing: getElementText [c974c33a-810d-fd43-85ab-6799d36210b2, getElementText {id={6ce4aeea-da0c-ae4b-b882-24e140cc1b21}}]
三月 23, 2014 4:20:54 下午 org.openqa.selenium.remote.RemoteWebDriver log
信息: Executed: [c974c33a-810d-fd43-85ab-6799d36210b2, getElementText {id={6ce4aeea-da0c-ae4b-b882-24e140cc1b21}}]
三月 23, 2014 4:20:54 下午 org.openqa.selenium.testing.JUnit4TestBase$1 finished
信息: <<< Finished testShouldEmitOnClickEventsWhenSelectingElements(org.openqa.selenium.CorrectEventFiringTest)
三月 23, 2014 4:20:54 下午 org.openqa.selenium.testing.JUnit4TestBase$1 starting
信息: >>> Starting testShouldFireFocusEventWhenClicking(org.openqa.selenium.CorrectEventFiringTest)
三月 23, 2014 4:20:54 下午 org.openqa.selenium.remote.RemoteWebDriver log
信息: Executing: get [c974c33a-810d-fd43-85ab-6799d36210b2, get {url=http://localhost:6461/common/javascriptPage.html}]
三月 23, 2014 4:20:54 下午 org.openqa.selenium.remote.RemoteWebDriver log
信息: Executed: [c974c33a-810d-fd43-85ab-6799d36210b2, get {url=http://localhost:6461/common/javascriptPage.html}]
三月 23, 2014 4:20:54 下午 org.openqa.selenium.remote.RemoteWebDriver log
信息: Executing: findElement [c974c33a-810d-fd43-85ab-6799d36210b2, findElement {using=id, value=plainButton}]
三月 23, 2014 4:20:54 下午 org.openqa.selenium.remote.RemoteWebDriver log
信息: Executed: [c974c33a-810d-fd43-85ab-6799d36210b2, findElement {using=id, value=plainButton}]
三月 23, 2014 4:20:54 下午 org.openqa.selenium.remote.RemoteWebDriver log
信息: Executing: clickElement [c974c33a-810d-fd43-85ab-6799d36210b2, clickElement {id={e4414a9e-1b38-014b-aee4-a2dbd1244a70}}]
三月 23, 2014 4:20:55 下午 org.openqa.selenium.remote.RemoteWebDriver log
信息: Executed: [c974c33a-810d-fd43-85ab-6799d36210b2, clickElement {id={e4414a9e-1b38-014b-aee4-a2dbd1244a70}}]
三月 23, 2014 4:20:55 下午 org.openqa.selenium.remote.RemoteWebDriver log
信息: Executing: findElement [c974c33a-810d-fd43-85ab-6799d36210b2, findElement {using=id, value=result}]
三月 23, 2014 4:20:55 下午 org.openqa.selenium.remote.RemoteWebDriver log
信息: Executed: [c974c33a-810d-fd43-85ab-6799d36210b2, findElement {using=id, value=result}]
三月 23, 2014 4:20:55 下午 org.openqa.selenium.remote.RemoteWebDriver log
信息: Executing: getElementText [c974c33a-810d-fd43-85ab-6799d36210b2, getElementText {id={77f2d11c-0729-5444-beca-e6322db08d7a}}]
三月 23, 2014 4:20:55 下午 org.openqa.selenium.remote.RemoteWebDriver log
信息: Executed: [c974c33a-810d-fd43-85ab-6799d36210b2, getElementText {id={77f2d11c-0729-5444-beca-e6322db08d7a}}]
三月 23, 2014 4:20:55 下午 org.openqa.selenium.testing.JUnit4TestBase$1 finished
信息: <<< Finished testShouldFireFocusEventWhenClicking(org.openqa.selenium.CorrectEventFiringTest)
三月 23, 2014 4:20:55 下午 org.openqa.selenium.testing.JUnit4TestBase$1 starting
信息: >>> Starting testSubmittingFormFromFormInputTextElementShouldFireOnSubmitForThatFormAndNotClickOnThatInput(org.openqa.selenium.CorrectEventFiringTest)
三月 23, 2014 4:20:55 下午 org.openqa.selenium.remote.RemoteWebDriver log
信息: Executing: get [c974c33a-810d-fd43-85ab-6799d36210b2, get {url=http://localhost:6461/common/javascriptPage.html}]
三月 23, 2014 4:20:55 下午 org.openqa.selenium.remote.RemoteWebDriver log
信息: Executed: [c974c33a-810d-fd43-85ab-6799d36210b2, get {url=http://localhost:6461/common/javascriptPage.html}]
三月 23, 2014 4:20:55 下午 org.openqa.selenium.remote.RemoteWebDriver log
信息: Executing: findElement [c974c33a-810d-fd43-85ab-6799d36210b2, findElement {using=id, value=submitListeningForm-submit}]
三月 23, 2014 4:20:55 下午 org.openqa.selenium.remote.RemoteWebDriver log
信息: Executed: [c974c33a-810d-fd43-85ab-6799d36210b2, findElement {using=id, value=submitListeningForm-submit}]
三月 23, 2014 4:20:55 下午 org.openqa.selenium.remote.RemoteWebDriver log
信息: Executing: submitElement [c974c33a-810d-fd43-85ab-6799d36210b2, submitElement {id={612e40f4-a60a-404a-afc3-72f1ea038bf6}}]
三月 23, 2014 4:20:55 下午 org.openqa.selenium.remote.RemoteWebDriver log
信息: Executed: [c974c33a-810d-fd43-85ab-6799d36210b2, submitElement {id={612e40f4-a60a-404a-afc3-72f1ea038bf6}}]
三月 23, 2014 4:20:55 下午 org.openqa.selenium.remote.RemoteWebDriver log
信息: Executing: findElement [c974c33a-810d-fd43-85ab-6799d36210b2, findElement {using=id, value=result}]
三月 23, 2014 4:20:55 下午 org.openqa.selenium.remote.RemoteWebDriver log
信息: Executed: [c974c33a-810d-fd43-85ab-6799d36210b2, findElement {using=id, value=result}]
三月 23, 2014 4:20:55 下午 org.openqa.selenium.remote.RemoteWebDriver log
信息: Executing: getElementText [c974c33a-810d-fd43-85ab-6799d36210b2, getElementText {id={44039e65-39c3-4340-8bba-770ad3adc1db}}]
三月 23, 2014 4:20:55 下午 org.openqa.selenium.remote.RemoteWebDriver log
信息: Executed: [c974c33a-810d-fd43-85ab-6799d36210b2, getElementText {id={44039e65-39c3-4340-8bba-770ad3adc1db}}]
三月 23, 2014 4:20:55 下午 org.openqa.selenium.remote.RemoteWebDriver log
信息: Executing: findElement [c974c33a-810d-fd43-85ab-6799d36210b2, findElement {using=id, value=result}]
三月 23, 2014 4:20:55 下午 org.openqa.selenium.remote.RemoteWebDriver log
信息: Executed: [c974c33a-810d-fd43-85ab-6799d36210b2, findElement {using=id, value=result}]
三月 23, 2014 4:20:55 下午 org.openqa.selenium.remote.RemoteWebDriver log
信息: Executing: getElementText [c974c33a-810d-fd43-85ab-6799d36210b2, getElementText {id={44039e65-39c3-4340-8bba-770ad3adc1db}}]
三月 23, 2014 4:20:55 下午 org.openqa.selenium.remote.RemoteWebDriver log
信息: Executed: [c974c33a-810d-fd43-85ab-6799d36210b2, getElementText {id={44039e65-39c3-4340-8bba-770ad3adc1db}}]
三月 23, 2014 4:20:55 下午 org.openqa.selenium.testing.JUnit4TestBase$1 finished
信息: <<< Finished testSubmittingFormFromFormInputTextElementShouldFireOnSubmitForThatFormAndNotClickOnThatInput(org.openqa.selenium.CorrectEventFiringTest)
三月 23, 2014 4:20:55 下午 org.openqa.selenium.testing.JUnit4TestBase$1 starting
信息: >>> Starting testSendingKeysToAnotherElementShouldCauseTheBlurEventToFire(org.openqa.selenium.CorrectEventFiringTest)
三月 23, 2014 4:20:55 下午 org.openqa.selenium.testing.JUnit4TestBase$1 finished
信息: <<< Finished testSendingKeysToAnotherElementShouldCauseTheBlurEventToFire(org.openqa.selenium.CorrectEventFiringTest)
三月 23, 2014 4:20:55 下午 org.openqa.selenium.testing.JUnit4TestBase$1 starting
信息: >>> Starting testShouldFireClickEventWhenClicking(org.openqa.selenium.CorrectEventFiringTest)
三月 23, 2014 4:20:55 下午 org.openqa.selenium.remote.RemoteWebDriver log
信息: Executing: get [c974c33a-810d-fd43-85ab-6799d36210b2, get {url=http://localhost:6461/common/javascriptPage.html}]
三月 23, 2014 4:20:55 下午 org.openqa.selenium.remote.RemoteWebDriver log
信息: Executed: [c974c33a-810d-fd43-85ab-6799d36210b2, get {url=http://localhost:6461/common/javascriptPage.html}]
三月 23, 2014 4:20:55 下午 org.openqa.selenium.remote.RemoteWebDriver log
信息: Executing: findElement [c974c33a-810d-fd43-85ab-6799d36210b2, findElement {using=id, value=plainButton}]
三月 23, 2014 4:20:55 下午 org.openqa.selenium.remote.RemoteWebDriver log
信息: Executed: [c974c33a-810d-fd43-85ab-6799d36210b2, findElement {using=id, value=plainButton}]
三月 23, 2014 4:20:55 下午 org.openqa.selenium.remote.RemoteWebDriver log
信息: Executing: clickElement [c974c33a-810d-fd43-85ab-6799d36210b2, clickElement {id={0b25035e-d0e9-0644-90c2-979eb081ef34}}]
三月 23, 2014 4:20:55 下午 org.openqa.selenium.remote.RemoteWebDriver log
信息: Executed: [c974c33a-810d-fd43-85ab-6799d36210b2, clickElement {id={0b25035e-d0e9-0644-90c2-979eb081ef34}}]
三月 23, 2014 4:20:55 下午 org.openqa.selenium.remote.RemoteWebDriver log
信息: Executing: findElement [c974c33a-810d-fd43-85ab-6799d36210b2, findElement {using=id, value=result}]
三月 23, 2014 4:20:55 下午 org.openqa.selenium.remote.RemoteWebDriver log
信息: Executed: [c974c33a-810d-fd43-85ab-6799d36210b2, findElement {using=id, value=result}]
三月 23, 2014 4:20:55 下午 org.openqa.selenium.remote.RemoteWebDriver log
信息: Executing: getElementText [c974c33a-810d-fd43-85ab-6799d36210b2, getElementText {id={4bb9a8c3-16ff-2b45-8cc1-d2173c0a46b7}}]
三月 23, 2014 4:20:55 下午 org.openqa.selenium.remote.RemoteWebDriver log
信息: Executed: [c974c33a-810d-fd43-85ab-6799d36210b2, getElementText {id={4bb9a8c3-16ff-2b45-8cc1-d2173c0a46b7}}]
三月 23, 2014 4:20:55 下午 org.openqa.selenium.testing.JUnit4TestBase$1 finished
信息: <<< Finished testShouldFireClickEventWhenClicking(org.openqa.selenium.CorrectEventFiringTest)
三月 23, 2014 4:20:55 下午 org.openqa.selenium.testing.JUnit4TestBase$1 starting
信息: >>> Starting testShouldEmitOnChangeEventsWhenSelectingElements(org.openqa.selenium.CorrectEventFiringTest)
三月 23, 2014 4:20:55 下午 org.openqa.selenium.remote.RemoteWebDriver log
信息: Executing: get [c974c33a-810d-fd43-85ab-6799d36210b2, get {url=http://localhost:6461/common/javascriptPage.html}]
三月 23, 2014 4:20:55 下午 org.openqa.selenium.remote.RemoteWebDriver log
信息: Executed: [c974c33a-810d-fd43-85ab-6799d36210b2, get {url=http://localhost:6461/common/javascriptPage.html}]
三月 23, 2014 4:20:55 下午 org.openqa.selenium.remote.RemoteWebDriver log
信息: Executing: findElements [c974c33a-810d-fd43-85ab-6799d36210b2, findElements {using=xpath, value=//select[@id='selector']//option}]
三月 23, 2014 4:20:55 下午 org.openqa.selenium.remote.RemoteWebDriver log
信息: Executed: [c974c33a-810d-fd43-85ab-6799d36210b2, findElements {using=xpath, value=//select[@id='selector']//option}]
三月 23, 2014 4:20:55 下午 org.openqa.selenium.remote.RemoteWebDriver log
信息: Executing: findElement [c974c33a-810d-fd43-85ab-6799d36210b2, findElement {using=id, value=result}]
三月 23, 2014 4:20:55 下午 org.openqa.selenium.remote.RemoteWebDriver log
信息: Executed: [c974c33a-810d-fd43-85ab-6799d36210b2, findElement {using=id, value=result}]
三月 23, 2014 4:20:55 下午 org.openqa.selenium.remote.RemoteWebDriver log
信息: Executing: getElementText [c974c33a-810d-fd43-85ab-6799d36210b2, getElementText {id={5fa8b0f3-b8c3-4c48-8680-8629b6efe41b}}]
三月 23, 2014 4:20:55 下午 org.openqa.selenium.remote.RemoteWebDriver log
信息: Executed: [c974c33a-810d-fd43-85ab-6799d36210b2, getElementText {id={5fa8b0f3-b8c3-4c48-8680-8629b6efe41b}}]
三月 23, 2014 4:20:55 下午 org.openqa.selenium.remote.RemoteWebDriver log
信息: Executing: clickElement [c974c33a-810d-fd43-85ab-6799d36210b2, clickElement {id={b492063a-9c06-fe4c-99b9-15b92a1804e4}}]
三月 23, 2014 4:20:55 下午 org.openqa.selenium.remote.RemoteWebDriver log
信息: Executed: [c974c33a-810d-fd43-85ab-6799d36210b2, clickElement {id={b492063a-9c06-fe4c-99b9-15b92a1804e4}}]
三月 23, 2014 4:20:55 下午 org.openqa.selenium.remote.RemoteWebDriver log
信息: Executing: findElement [c974c33a-810d-fd43-85ab-6799d36210b2, findElement {using=id, value=result}]
三月 23, 2014 4:20:55 下午 org.openqa.selenium.remote.RemoteWebDriver log
信息: Executed: [c974c33a-810d-fd43-85ab-6799d36210b2, findElement {using=id, value=result}]
三月 23, 2014 4:20:55 下午 org.openqa.selenium.remote.RemoteWebDriver log
信息: Executing: getElementText [c974c33a-810d-fd43-85ab-6799d36210b2, getElementText {id={5fa8b0f3-b8c3-4c48-8680-8629b6efe41b}}]
三月 23, 2014 4:20:55 下午 org.openqa.selenium.remote.RemoteWebDriver log
信息: Executed: [c974c33a-810d-fd43-85ab-6799d36210b2, getElementText {id={5fa8b0f3-b8c3-4c48-8680-8629b6efe41b}}]
三月 23, 2014 4:20:55 下午 org.openqa.selenium.remote.RemoteWebDriver log
信息: Executing: clickElement [c974c33a-810d-fd43-85ab-6799d36210b2, clickElement {id={6fd49960-64cb-9244-8d55-7fc6599dc581}}]
三月 23, 2014 4:20:55 下午 org.openqa.selenium.remote.RemoteWebDriver log
信息: Executed: [c974c33a-810d-fd43-85ab-6799d36210b2, clickElement {id={6fd49960-64cb-9244-8d55-7fc6599dc581}}]
三月 23, 2014 4:20:55 下午 org.openqa.selenium.remote.RemoteWebDriver log
信息: Executing: findElement [c974c33a-810d-fd43-85ab-6799d36210b2, findElement {using=id, value=result}]
三月 23, 2014 4:20:55 下午 org.openqa.selenium.remote.RemoteWebDriver log
信息: Executed: [c974c33a-810d-fd43-85ab-6799d36210b2, findElement {using=id, value=result}]
三月 23, 2014 4:20:55 下午 org.openqa.selenium.remote.RemoteWebDriver log
信息: Executing: getElementText [c974c33a-810d-fd43-85ab-6799d36210b2, getElementText {id={5fa8b0f3-b8c3-4c48-8680-8629b6efe41b}}]
三月 23, 2014 4:20:55 下午 org.openqa.selenium.remote.RemoteWebDriver log
信息: Executed: [c974c33a-810d-fd43-85ab-6799d36210b2, getElementText {id={5fa8b0f3-b8c3-4c48-8680-8629b6efe41b}}]
三月 23, 2014 4:20:55 下午 org.openqa.selenium.testing.JUnit4TestBase$1 finished
信息: <<< Finished testShouldEmitOnChangeEventsWhenSelectingElements(org.openqa.selenium.CorrectEventFiringTest)
三月 23, 2014 4:20:55 下午 org.openqa.selenium.testing.JUnit4TestBase$1 starting
信息: >>> Starting testShouldEmitOnChangeEventsWhenChangingTheStateOfACheckbox(org.openqa.selenium.CorrectEventFiringTest)
三月 23, 2014 4:20:55 下午 org.openqa.selenium.remote.RemoteWebDriver log
信息: Executing: get [c974c33a-810d-fd43-85ab-6799d36210b2, get {url=http://localhost:6461/common/javascriptPage.html}]
三月 23, 2014 4:20:55 下午 org.openqa.selenium.remote.RemoteWebDriver log
信息: Executed: [c974c33a-810d-fd43-85ab-6799d36210b2, get {url=http://localhost:6461/common/javascriptPage.html}]
三月 23, 2014 4:20:55 下午 org.openqa.selenium.remote.RemoteWebDriver log
信息: Executing: findElement [c974c33a-810d-fd43-85ab-6799d36210b2, findElement {using=id, value=checkbox}]
三月 23, 2014 4:20:55 下午 org.openqa.selenium.remote.RemoteWebDriver log
信息: Executed: [c974c33a-810d-fd43-85ab-6799d36210b2, findElement {using=id, value=checkbox}]
三月 23, 2014 4:20:55 下午 org.openqa.selenium.remote.RemoteWebDriver log
信息: Executing: clickElement [c974c33a-810d-fd43-85ab-6799d36210b2, clickElement {id={957f83e5-beca-7f48-b385-97d0a0114e7a}}]
三月 23, 2014 4:20:55 下午 org.openqa.selenium.remote.RemoteWebDriver log
信息: Executed: [c974c33a-810d-fd43-85ab-6799d36210b2, clickElement {id={957f83e5-beca-7f48-b385-97d0a0114e7a}}]
三月 23, 2014 4:20:55 下午 org.openqa.selenium.remote.RemoteWebDriver log
信息: Executing: findElement [c974c33a-810d-fd43-85ab-6799d36210b2, findElement {using=id, value=result}]
三月 23, 2014 4:20:55 下午 org.openqa.selenium.remote.RemoteWebDriver log
信息: Executed: [c974c33a-810d-fd43-85ab-6799d36210b2, findElement {using=id, value=result}]
三月 23, 2014 4:20:55 下午 org.openqa.selenium.remote.RemoteWebDriver log
信息: Executing: getElementText [c974c33a-810d-fd43-85ab-6799d36210b2, getElementText {id={f3902038-537c-c54d-b2d6-e72dfe4aac39}}]
三月 23, 2014 4:20:55 下午 org.openqa.selenium.remote.RemoteWebDriver log
信息: Executed: [c974c33a-810d-fd43-85ab-6799d36210b2, getElementText {id={f3902038-537c-c54d-b2d6-e72dfe4aac39}}]
三月 23, 2014 4:20:55 下午 org.openqa.selenium.testing.JUnit4TestBase$1 finished
信息: <<< Finished testShouldEmitOnChangeEventsWhenChangingTheStateOfACheckbox(org.openqa.selenium.CorrectEventFiringTest)
三月 23, 2014 4:20:55 下午 org.openqa.selenium.testing.JUnit4TestBase$1 starting
信息: >>> Starting testShouldIssueMouseUpEvents(org.openqa.selenium.CorrectEventFiringTest)
三月 23, 2014 4:20:55 下午 org.openqa.selenium.remote.RemoteWebDriver log
信息: Executing: get [c974c33a-810d-fd43-85ab-6799d36210b2, get {url=http://localhost:6461/common/javascriptPage.html}]
三月 23, 2014 4:20:55 下午 org.openqa.selenium.remote.RemoteWebDriver log
信息: Executed: [c974c33a-810d-fd43-85ab-6799d36210b2, get {url=http://localhost:6461/common/javascriptPage.html}]
三月 23, 2014 4:20:55 下午 org.openqa.selenium.remote.RemoteWebDriver log
信息: Executing: findElement [c974c33a-810d-fd43-85ab-6799d36210b2, findElement {using=id, value=mouseup}]
三月 23, 2014 4:20:55 下午 org.openqa.selenium.remote.RemoteWebDriver log
信息: Executed: [c974c33a-810d-fd43-85ab-6799d36210b2, findElement {using=id, value=mouseup}]
三月 23, 2014 4:20:55 下午 org.openqa.selenium.remote.RemoteWebDriver log
信息: Executing: clickElement [c974c33a-810d-fd43-85ab-6799d36210b2, clickElement {id={edc2a49b-1d1f-9244-8303-0ce8792acf34}}]
三月 23, 2014 4:20:55 下午 org.openqa.selenium.remote.RemoteWebDriver log
信息: Executed: [c974c33a-810d-fd43-85ab-6799d36210b2, clickElement {id={edc2a49b-1d1f-9244-8303-0ce8792acf34}}]
三月 23, 2014 4:20:55 下午 org.openqa.selenium.remote.RemoteWebDriver log
信息: Executing: findElement [c974c33a-810d-fd43-85ab-6799d36210b2, findElement {using=id, value=result}]
三月 23, 2014 4:20:55 下午 org.openqa.selenium.remote.RemoteWebDriver log
信息: Executed: [c974c33a-810d-fd43-85ab-6799d36210b2, findElement {using=id, value=result}]
三月 23, 2014 4:20:55 下午 org.openqa.selenium.remote.RemoteWebDriver log
信息: Executing: getElementText [c974c33a-810d-fd43-85ab-6799d36210b2, getElementText {id={e6b48a11-77c5-4148-b547-7efe5b249a2c}}]
三月 23, 2014 4:20:55 下午 org.openqa.selenium.remote.RemoteWebDriver log
信息: Executed: [c974c33a-810d-fd43-85ab-6799d36210b2, getElementText {id={e6b48a11-77c5-4148-b547-7efe5b249a2c}}]
三月 23, 2014 4:20:55 下午 org.openqa.selenium.remote.RemoteWebDriver log
信息: Executing: getElementText [c974c33a-810d-fd43-85ab-6799d36210b2, getElementText {id={e6b48a11-77c5-4148-b547-7efe5b249a2c}}]
三月 23, 2014 4:20:55 下午 org.openqa.selenium.remote.RemoteWebDriver log
信息: Executed: [c974c33a-810d-fd43-85ab-6799d36210b2, getElementText {id={e6b48a11-77c5-4148-b547-7efe5b249a2c}}]
三月 23, 2014 4:20:55 下午 org.openqa.selenium.testing.JUnit4TestBase$1 finished
信息: <<< Finished testShouldIssueMouseUpEvents(org.openqa.selenium.CorrectEventFiringTest)
三月 23, 2014 4:20:55 下午 org.openqa.selenium.testing.JUnit4TestBase$1 starting
信息: >>> Starting testsShouldIssueMouseDownEvents(org.openqa.selenium.CorrectEventFiringTest)
三月 23, 2014 4:20:55 下午 org.openqa.selenium.remote.RemoteWebDriver log
信息: Executing: get [c974c33a-810d-fd43-85ab-6799d36210b2, get {url=http://localhost:6461/common/javascriptPage.html}]
三月 23, 2014 4:20:55 下午 org.openqa.selenium.remote.RemoteWebDriver log
信息: Executed: [c974c33a-810d-fd43-85ab-6799d36210b2, get {url=http://localhost:6461/common/javascriptPage.html}]
三月 23, 2014 4:20:55 下午 org.openqa.selenium.remote.RemoteWebDriver log
信息: Executing: findElement [c974c33a-810d-fd43-85ab-6799d36210b2, findElement {using=id, value=mousedown}]
三月 23, 2014 4:20:55 下午 org.openqa.selenium.remote.RemoteWebDriver log
信息: Executed: [c974c33a-810d-fd43-85ab-6799d36210b2, findElement {using=id, value=mousedown}]
三月 23, 2014 4:20:55 下午 org.openqa.selenium.remote.RemoteWebDriver log
信息: Executing: clickElement [c974c33a-810d-fd43-85ab-6799d36210b2, clickElement {id={10780bac-29fd-304d-9f13-ed0be432179c}}]
三月 23, 2014 4:20:55 下午 org.openqa.selenium.remote.RemoteWebDriver log
信息: Executed: [c974c33a-810d-fd43-85ab-6799d36210b2, clickElement {id={10780bac-29fd-304d-9f13-ed0be432179c}}]
三月 23, 2014 4:20:55 下午 org.openqa.selenium.remote.RemoteWebDriver log
信息: Executing: findElement [c974c33a-810d-fd43-85ab-6799d36210b2, findElement {using=id, value=result}]
三月 23, 2014 4:20:55 下午 org.openqa.selenium.remote.RemoteWebDriver log
信息: Executed: [c974c33a-810d-fd43-85ab-6799d36210b2, findElement {using=id, value=result}]
三月 23, 2014 4:20:55 下午 org.openqa.selenium.remote.RemoteWebDriver log
信息: Executing: getElementText [c974c33a-810d-fd43-85ab-6799d36210b2, getElementText {id={93e51894-3331-6240-8492-195106ee330e}}]
三月 23, 2014 4:20:55 下午 org.openqa.selenium.remote.RemoteWebDriver log
信息: Executed: [c974c33a-810d-fd43-85ab-6799d36210b2, getElementText {id={93e51894-3331-6240-8492-195106ee330e}}]
三月 23, 2014 4:20:55 下午 org.openqa.selenium.remote.RemoteWebDriver log
信息: Executing: findElement [c974c33a-810d-fd43-85ab-6799d36210b2, findElement {using=id, value=result}]
三月 23, 2014 4:20:55 下午 org.openqa.selenium.remote.RemoteWebDriver log
信息: Executed: [c974c33a-810d-fd43-85ab-6799d36210b2, findElement {using=id, value=result}]
三月 23, 2014 4:20:55 下午 org.openqa.selenium.remote.RemoteWebDriver log
信息: Executing: getElementText [c974c33a-810d-fd43-85ab-6799d36210b2, getElementText {id={93e51894-3331-6240-8492-195106ee330e}}]
三月 23, 2014 4:20:55 下午 org.openqa.selenium.remote.RemoteWebDriver log
信息: Executed: [c974c33a-810d-fd43-85ab-6799d36210b2, getElementText {id={93e51894-3331-6240-8492-195106ee330e}}]
三月 23, 2014 4:20:55 下午 org.openqa.selenium.testing.JUnit4TestBase$1 finished
信息: <<< Finished testsShouldIssueMouseDownEvents(org.openqa.selenium.CorrectEventFiringTest)
三月 23, 2014 4:20:55 下午 org.openqa.selenium.testing.JUnit4TestBase$1 starting
信息: >>> Starting testSubmittingFormFromFormInputSubmitElementShouldFireOnSubmitForThatForm(org.openqa.selenium.CorrectEventFiringTest)
三月 23, 2014 4:20:55 下午 org.openqa.selenium.remote.RemoteWebDriver log
信息: Executing: get [c974c33a-810d-fd43-85ab-6799d36210b2, get {url=http://localhost:6461/common/javascriptPage.html}]
三月 23, 2014 4:20:56 下午 org.openqa.selenium.remote.RemoteWebDriver log
信息: Executed: [c974c33a-810d-fd43-85ab-6799d36210b2, get {url=http://localhost:6461/common/javascriptPage.html}]
三月 23, 2014 4:20:56 下午 org.openqa.selenium.remote.RemoteWebDriver log
信息: Executing: findElement [c974c33a-810d-fd43-85ab-6799d36210b2, findElement {using=id, value=submitListeningForm-submit}]
三月 23, 2014 4:20:56 下午 org.openqa.selenium.remote.RemoteWebDriver log
信息: Executed: [c974c33a-810d-fd43-85ab-6799d36210b2, findElement {using=id, value=submitListeningForm-submit}]
三月 23, 2014 4:20:56 下午 org.openqa.selenium.remote.RemoteWebDriver log
信息: Executing: submitElement [c974c33a-810d-fd43-85ab-6799d36210b2, submitElement {id={27f780ba-ef9f-f947-8149-eb7e96ea5763}}]
三月 23, 2014 4:20:56 下午 org.openqa.selenium.remote.RemoteWebDriver log
信息: Executed: [c974c33a-810d-fd43-85ab-6799d36210b2, submitElement {id={27f780ba-ef9f-f947-8149-eb7e96ea5763}}]
三月 23, 2014 4:20:56 下午 org.openqa.selenium.remote.RemoteWebDriver log
信息: Executing: findElement [c974c33a-810d-fd43-85ab-6799d36210b2, findElement {using=id, value=result}]
三月 23, 2014 4:20:56 下午 org.openqa.selenium.remote.RemoteWebDriver log
信息: Executed: [c974c33a-810d-fd43-85ab-6799d36210b2, findElement {using=id, value=result}]
三月 23, 2014 4:20:56 下午 org.openqa.selenium.remote.RemoteWebDriver log
信息: Executing: getElementText [c974c33a-810d-fd43-85ab-6799d36210b2, getElementText {id={1096fe0a-34ec-f649-bb0c-0f196fdbffed}}]
三月 23, 2014 4:20:56 下午 org.openqa.selenium.remote.RemoteWebDriver log
信息: Executed: [c974c33a-810d-fd43-85ab-6799d36210b2, getElementText {id={1096fe0a-34ec-f649-bb0c-0f196fdbffed}}]
三月 23, 2014 4:20:56 下午 org.openqa.selenium.testing.JUnit4TestBase$1 finished
信息: <<< Finished testSubmittingFormFromFormInputSubmitElementShouldFireOnSubmitForThatForm(org.openqa.selenium.CorrectEventFiringTest)
三月 23, 2014 4:20:56 下午 org.openqa.selenium.testing.JUnit4TestBase$1 starting
信息: >>> Starting testMouseEventsShouldBubbleUpToContainingElements(org.openqa.selenium.CorrectEventFiringTest)
三月 23, 2014 4:20:56 下午 org.openqa.selenium.remote.RemoteWebDriver log
信息: Executing: get [c974c33a-810d-fd43-85ab-6799d36210b2, get {url=http://localhost:6461/common/javascriptPage.html}]
三月 23, 2014 4:20:56 下午 org.openqa.selenium.remote.RemoteWebDriver log
信息: Executed: [c974c33a-810d-fd43-85ab-6799d36210b2, get {url=http://localhost:6461/common/javascriptPage.html}]
三月 23, 2014 4:20:56 下午 org.openqa.selenium.remote.RemoteWebDriver log
信息: Executing: findElement [c974c33a-810d-fd43-85ab-6799d36210b2, findElement {using=id, value=child}]
三月 23, 2014 4:20:56 下午 org.openqa.selenium.remote.RemoteWebDriver log
信息: Executed: [c974c33a-810d-fd43-85ab-6799d36210b2, findElement {using=id, value=child}]
三月 23, 2014 4:20:56 下午 org.openqa.selenium.remote.RemoteWebDriver log
信息: Executing: clickElement [c974c33a-810d-fd43-85ab-6799d36210b2, clickElement {id={4b7265a1-b623-194e-a591-b7f6febb3d2b}}]
三月 23, 2014 4:20:56 下午 org.openqa.selenium.remote.RemoteWebDriver log
信息: Executed: [c974c33a-810d-fd43-85ab-6799d36210b2, clickElement {id={4b7265a1-b623-194e-a591-b7f6febb3d2b}}]
三月 23, 2014 4:20:56 下午 org.openqa.selenium.remote.RemoteWebDriver log
信息: Executing: findElement [c974c33a-810d-fd43-85ab-6799d36210b2, findElement {using=id, value=result}]
三月 23, 2014 4:20:56 下午 org.openqa.selenium.remote.RemoteWebDriver log
信息: Executed: [c974c33a-810d-fd43-85ab-6799d36210b2, findElement {using=id, value=result}]
三月 23, 2014 4:20:56 下午 org.openqa.selenium.remote.RemoteWebDriver log
信息: Executing: getElementText [c974c33a-810d-fd43-85ab-6799d36210b2, getElementText {id={69de5e52-e267-0f4e-a7b5-83bbcdd25e92}}]
三月 23, 2014 4:20:56 下午 org.openqa.selenium.remote.RemoteWebDriver log
信息: Executed: [c974c33a-810d-fd43-85ab-6799d36210b2, getElementText {id={69de5e52-e267-0f4e-a7b5-83bbcdd25e92}}]
三月 23, 2014 4:20:56 下午 org.openqa.selenium.remote.RemoteWebDriver log
信息: Executing: getElementText [c974c33a-810d-fd43-85ab-6799d36210b2, getElementText {id={69de5e52-e267-0f4e-a7b5-83bbcdd25e92}}]
三月 23, 2014 4:20:56 下午 org.openqa.selenium.remote.RemoteWebDriver log
信息: Executed: [c974c33a-810d-fd43-85ab-6799d36210b2, getElementText {id={69de5e52-e267-0f4e-a7b5-83bbcdd25e92}}]
三月 23, 2014 4:20:56 下午 org.openqa.selenium.testing.JUnit4TestBase$1 finished
信息: <<< Finished testMouseEventsShouldBubbleUpToContainingElements(org.openqa.selenium.CorrectEventFiringTest)
三月 23, 2014 4:20:56 下午 org.openqa.selenium.testing.JUnit4TestBase$1 starting
信息: >>> Starting testUploadingFileShouldFireOnChangeEvent(org.openqa.selenium.CorrectEventFiringTest)
三月 23, 2014 4:20:56 下午 org.openqa.selenium.remote.RemoteWebDriver log
信息: Executing: get [c974c33a-810d-fd43-85ab-6799d36210b2, get {url=http://localhost:6461/common/formPage.html}]
三月 23, 2014 4:20:56 下午 org.openqa.selenium.remote.RemoteWebDriver log
信息: Executed: [c974c33a-810d-fd43-85ab-6799d36210b2, get {url=http://localhost:6461/common/formPage.html}]
三月 23, 2014 4:20:56 下午 org.openqa.selenium.remote.RemoteWebDriver log
信息: Executing: findElement [c974c33a-810d-fd43-85ab-6799d36210b2, findElement {using=id, value=upload}]
三月 23, 2014 4:20:56 下午 org.openqa.selenium.remote.RemoteWebDriver log
信息: Executed: [c974c33a-810d-fd43-85ab-6799d36210b2, findElement {using=id, value=upload}]
三月 23, 2014 4:20:56 下午 org.openqa.selenium.remote.RemoteWebDriver log
信息: Executing: findElement [c974c33a-810d-fd43-85ab-6799d36210b2, findElement {using=id, value=fileResults}]
三月 23, 2014 4:20:56 下午 org.openqa.selenium.remote.RemoteWebDriver log
信息: Executed: [c974c33a-810d-fd43-85ab-6799d36210b2, findElement {using=id, value=fileResults}]
三月 23, 2014 4:20:56 下午 org.openqa.selenium.remote.RemoteWebDriver log
信息: Executing: getElementText [c974c33a-810d-fd43-85ab-6799d36210b2, getElementText {id={8bed027c-f6e9-8940-886e-5316bcb56faa}}]
三月 23, 2014 4:20:56 下午 org.openqa.selenium.remote.RemoteWebDriver log
信息: Executed: [c974c33a-810d-fd43-85ab-6799d36210b2, getElementText {id={8bed027c-f6e9-8940-886e-5316bcb56faa}}]
三月 23, 2014 4:20:56 下午 org.openqa.selenium.remote.RemoteWebDriver log
信息: Executing: sendKeysToElement [c974c33a-810d-fd43-85ab-6799d36210b2, sendKeysToElement {id={c7604719-b797-1541-95e2-29a838678dbc}, value=[Ljava.lang.CharSequence;@afcfd39}]
三月 23, 2014 4:20:56 下午 org.openqa.selenium.remote.RemoteWebDriver log
信息: Executed: [c974c33a-810d-fd43-85ab-6799d36210b2, sendKeysToElement {id={c7604719-b797-1541-95e2-29a838678dbc}, value=[Ljava.lang.CharSequence;@afcfd39}]
三月 23, 2014 4:20:56 下午 org.openqa.selenium.remote.RemoteWebDriver log
信息: Executing: findElement [c974c33a-810d-fd43-85ab-6799d36210b2, findElement {using=id, value=id-name1}]
三月 23, 2014 4:20:56 下午 org.openqa.selenium.remote.RemoteWebDriver log
信息: Executed: [c974c33a-810d-fd43-85ab-6799d36210b2, findElement {using=id, value=id-name1}]
三月 23, 2014 4:20:56 下午 org.openqa.selenium.remote.RemoteWebDriver log
信息: Executing: clickElement [c974c33a-810d-fd43-85ab-6799d36210b2, clickElement {id={8ce9ba52-78ad-3740-a7cf-ff2b366b9c1a}}]
三月 23, 2014 4:20:56 下午 org.openqa.selenium.remote.RemoteWebDriver log
信息: Executed: [c974c33a-810d-fd43-85ab-6799d36210b2, clickElement {id={8ce9ba52-78ad-3740-a7cf-ff2b366b9c1a}}]
三月 23, 2014 4:20:56 下午 org.openqa.selenium.remote.RemoteWebDriver log
信息: Executing: getElementText [c974c33a-810d-fd43-85ab-6799d36210b2, getElementText {id={8bed027c-f6e9-8940-886e-5316bcb56faa}}]
三月 23, 2014 4:20:56 下午 org.openqa.selenium.remote.RemoteWebDriver log
信息: Executed: [c974c33a-810d-fd43-85ab-6799d36210b2, getElementText {id={8bed027c-f6e9-8940-886e-5316bcb56faa}}]
三月 23, 2014 4:20:56 下午 org.openqa.selenium.testing.JUnit4TestBase$1 finished
信息: <<< Finished testUploadingFileShouldFireOnChangeEvent(org.openqa.selenium.CorrectEventFiringTest)
三月 23, 2014 4:20:56 下午 org.openqa.selenium.testing.JUnit4TestBase$1 starting
信息: >>> Starting testShouldNotThrowIfEventHandlerThrows(org.openqa.selenium.CorrectEventFiringTest)
三月 23, 2014 4:20:56 下午 org.openqa.selenium.remote.RemoteWebDriver log
信息: Executing: get [c974c33a-810d-fd43-85ab-6799d36210b2, get {url=http://localhost:6461/common/javascriptPage.html}]
三月 23, 2014 4:20:56 下午 org.openqa.selenium.remote.RemoteWebDriver log
信息: Executed: [c974c33a-810d-fd43-85ab-6799d36210b2, get {url=http://localhost:6461/common/javascriptPage.html}]
三月 23, 2014 4:20:56 下午 org.openqa.selenium.remote.RemoteWebDriver log
信息: Executing: findElement [c974c33a-810d-fd43-85ab-6799d36210b2, findElement {using=id, value=throwing-mouseover}]
三月 23, 2014 4:20:56 下午 org.openqa.selenium.remote.RemoteWebDriver log
信息: Executed: [c974c33a-810d-fd43-85ab-6799d36210b2, findElement {using=id, value=throwing-mouseover}]
三月 23, 2014 4:20:56 下午 org.openqa.selenium.remote.RemoteWebDriver log
信息: Executing: clickElement [c974c33a-810d-fd43-85ab-6799d36210b2, clickElement {id={e17b953b-0d82-1b46-9b19-abbb176d40a6}}]
三月 23, 2014 4:20:56 下午 org.openqa.selenium.remote.RemoteWebDriver log
信息: Executed: [c974c33a-810d-fd43-85ab-6799d36210b2, clickElement {id={e17b953b-0d82-1b46-9b19-abbb176d40a6}}]
三月 23, 2014 4:20:56 下午 org.openqa.selenium.testing.JUnit4TestBase$1 finished
信息: <<< Finished testShouldNotThrowIfEventHandlerThrows(org.openqa.selenium.CorrectEventFiringTest)
三月 23, 2014 4:20:56 下午 org.openqa.selenium.testing.JUnit4TestBase$1 starting
信息: >>> Starting testShouldFireMouseOverEventWhenClicking(org.openqa.selenium.CorrectEventFiringTest)
三月 23, 2014 4:20:56 下午 org.openqa.selenium.remote.RemoteWebDriver log
信息: Executing: get [c974c33a-810d-fd43-85ab-6799d36210b2, get {url=http://localhost:6461/common/javascriptPage.html}]
三月 23, 2014 4:20:56 下午 org.openqa.selenium.remote.RemoteWebDriver log
信息: Executed: [c974c33a-810d-fd43-85ab-6799d36210b2, get {url=http://localhost:6461/common/javascriptPage.html}]
三月 23, 2014 4:20:56 下午 org.openqa.selenium.remote.RemoteWebDriver log
信息: Executing: findElement [c974c33a-810d-fd43-85ab-6799d36210b2, findElement {using=id, value=plainButton}]
三月 23, 2014 4:20:56 下午 org.openqa.selenium.remote.RemoteWebDriver log
信息: Executed: [c974c33a-810d-fd43-85ab-6799d36210b2, findElement {using=id, value=plainButton}]
三月 23, 2014 4:20:56 下午 org.openqa.selenium.remote.RemoteWebDriver log
信息: Executing: clickElement [c974c33a-810d-fd43-85ab-6799d36210b2, clickElement {id={e0d5272b-9e88-854d-b211-81a1cff5b583}}]
三月 23, 2014 4:20:56 下午 org.openqa.selenium.remote.RemoteWebDriver log
信息: Executed: [c974c33a-810d-fd43-85ab-6799d36210b2, clickElement {id={e0d5272b-9e88-854d-b211-81a1cff5b583}}]
三月 23, 2014 4:20:56 下午 org.openqa.selenium.remote.RemoteWebDriver log
信息: Executing: findElement [c974c33a-810d-fd43-85ab-6799d36210b2, findElement {using=id, value=result}]
三月 23, 2014 4:20:56 下午 org.openqa.selenium.remote.RemoteWebDriver log
信息: Executed: [c974c33a-810d-fd43-85ab-6799d36210b2, findElement {using=id, value=result}]
三月 23, 2014 4:20:56 下午 org.openqa.selenium.remote.RemoteWebDriver log
信息: Executing: getElementText [c974c33a-810d-fd43-85ab-6799d36210b2, getElementText {id={d68c53b7-8c43-ba4d-870c-982f01806a04}}]
三月 23, 2014 4:20:56 下午 org.openqa.selenium.remote.RemoteWebDriver log
信息: Executed: [c974c33a-810d-fd43-85ab-6799d36210b2, getElementText {id={d68c53b7-8c43-ba4d-870c-982f01806a04}}]
三月 23, 2014 4:20:56 下午 org.openqa.selenium.testing.JUnit4TestBase$1 finished
信息: <<< Finished testShouldFireMouseOverEventWhenClicking(org.openqa.selenium.CorrectEventFiringTest)
三月 23, 2014 4:20:56 下午 org.openqa.selenium.testing.JUnit4TestBase$1 starting
信息: >>> Starting testClearingAnElementShouldCauseTheOnChangeHandlerToFire(org.openqa.selenium.CorrectEventFiringTest)
三月 23, 2014 4:20:56 下午 org.openqa.selenium.remote.RemoteWebDriver log
信息: Executing: get [c974c33a-810d-fd43-85ab-6799d36210b2, get {url=http://localhost:6461/common/javascriptPage.html}]
三月 23, 2014 4:20:56 下午 org.openqa.selenium.remote.RemoteWebDriver log
信息: Executed: [c974c33a-810d-fd43-85ab-6799d36210b2, get {url=http://localhost:6461/common/javascriptPage.html}]
三月 23, 2014 4:20:56 下午 org.openqa.selenium.remote.RemoteWebDriver log
信息: Executing: findElement [c974c33a-810d-fd43-85ab-6799d36210b2, findElement {using=id, value=clearMe}]
三月 23, 2014 4:20:56 下午 org.openqa.selenium.remote.RemoteWebDriver log
信息: Executed: [c974c33a-810d-fd43-85ab-6799d36210b2, findElement {using=id, value=clearMe}]
三月 23, 2014 4:20:56 下午 org.openqa.selenium.remote.RemoteWebDriver log
信息: Executing: clearElement [c974c33a-810d-fd43-85ab-6799d36210b2, clearElement {id={52ac4994-389d-0544-b71d-9f495fa25448}}]
三月 23, 2014 4:20:56 下午 org.openqa.selenium.remote.RemoteWebDriver log
信息: Executed: [c974c33a-810d-fd43-85ab-6799d36210b2, clearElement {id={52ac4994-389d-0544-b71d-9f495fa25448}}]
三月 23, 2014 4:20:56 下午 org.openqa.selenium.remote.RemoteWebDriver log
信息: Executing: findElement [c974c33a-810d-fd43-85ab-6799d36210b2, findElement {using=id, value=result}]
三月 23, 2014 4:20:56 下午 org.openqa.selenium.remote.RemoteWebDriver log
信息: Executed: [c974c33a-810d-fd43-85ab-6799d36210b2, findElement {using=id, value=result}]
三月 23, 2014 4:20:56 下午 org.openqa.selenium.remote.RemoteWebDriver log
信息: Executing: getElementText [c974c33a-810d-fd43-85ab-6799d36210b2, getElementText {id={959c2710-0d58-5844-8cbf-a2c21a835737}}]
三月 23, 2014 4:20:56 下午 org.openqa.selenium.remote.RemoteWebDriver log
信息: Executed: [c974c33a-810d-fd43-85ab-6799d36210b2, getElementText {id={959c2710-0d58-5844-8cbf-a2c21a835737}}]
三月 23, 2014 4:20:56 下午 org.openqa.selenium.testing.JUnit4TestBase$1 finished
信息: <<< Finished testClearingAnElementShouldCauseTheOnChangeHandlerToFire(org.openqa.selenium.CorrectEventFiringTest)
三月 23, 2014 4:20:56 下午 org.openqa.selenium.testing.JUnit4TestBase$1 starting
信息: >>> Starting testClickEventsShouldBubble(org.openqa.selenium.CorrectEventFiringTest)
三月 23, 2014 4:20:56 下午 org.openqa.selenium.remote.RemoteWebDriver log
信息: Executing: get [c974c33a-810d-fd43-85ab-6799d36210b2, get {url=http://localhost:6461/common/clicks.html}]
三月 23, 2014 4:20:56 下午 org.openqa.selenium.remote.RemoteWebDriver log
信息: Executed: [c974c33a-810d-fd43-85ab-6799d36210b2, get {url=http://localhost:6461/common/clicks.html}]
三月 23, 2014 4:20:56 下午 org.openqa.selenium.remote.RemoteWebDriver log
信息: Executing: findElement [c974c33a-810d-fd43-85ab-6799d36210b2, findElement {using=id, value=bubblesFrom}]
三月 23, 2014 4:20:56 下午 org.openqa.selenium.remote.RemoteWebDriver log
信息: Executed: [c974c33a-810d-fd43-85ab-6799d36210b2, findElement {using=id, value=bubblesFrom}]
三月 23, 2014 4:20:56 下午 org.openqa.selenium.remote.RemoteWebDriver log
信息: Executing: clickElement [c974c33a-810d-fd43-85ab-6799d36210b2, clickElement {id={b8adc494-d881-194b-b520-5fd21840b1ce}}]
三月 23, 2014 4:20:56 下午 org.openqa.selenium.remote.RemoteWebDriver log
信息: Executed: [c974c33a-810d-fd43-85ab-6799d36210b2, clickElement {id={b8adc494-d881-194b-b520-5fd21840b1ce}}]
三月 23, 2014 4:20:56 下午 org.openqa.selenium.remote.RemoteWebDriver log
信息: Executing: executeScript [c974c33a-810d-fd43-85ab-6799d36210b2, executeScript {script=return !!window.bubbledClick;, args=[]}]
三月 23, 2014 4:20:56 下午 org.openqa.selenium.remote.RemoteWebDriver log
信息: Executed: [c974c33a-810d-fd43-85ab-6799d36210b2, executeScript {script=return !!window.bubbledClick;, args=[]}]
三月 23, 2014 4:20:56 下午 org.openqa.selenium.testing.JUnit4TestBase$1 finished
信息: <<< Finished testClickEventsShouldBubble(org.openqa.selenium.CorrectEventFiringTest)
三月 23, 2014 4:20:56 下午 org.openqa.selenium.testing.JUnit4TestBase$1 starting
信息: >>> Starting testSubmittingFormFromFormElementShouldFireOnSubmitForThatForm(org.openqa.selenium.CorrectEventFiringTest)
三月 23, 2014 4:20:56 下午 org.openqa.selenium.remote.RemoteWebDriver log
信息: Executing: get [c974c33a-810d-fd43-85ab-6799d36210b2, get {url=http://localhost:6461/common/javascriptPage.html}]
三月 23, 2014 4:20:56 下午 org.openqa.selenium.remote.RemoteWebDriver log
信息: Executed: [c974c33a-810d-fd43-85ab-6799d36210b2, get {url=http://localhost:6461/common/javascriptPage.html}]
三月 23, 2014 4:20:56 下午 org.openqa.selenium.remote.RemoteWebDriver log
信息: Executing: findElement [c974c33a-810d-fd43-85ab-6799d36210b2, findElement {using=id, value=submitListeningForm}]
三月 23, 2014 4:20:56 下午 org.openqa.selenium.remote.RemoteWebDriver log
信息: Executed: [c974c33a-810d-fd43-85ab-6799d36210b2, findElement {using=id, value=submitListeningForm}]
三月 23, 2014 4:20:56 下午 org.openqa.selenium.remote.RemoteWebDriver log
信息: Executing: submitElement [c974c33a-810d-fd43-85ab-6799d36210b2, submitElement {id={db195c78-acae-e346-9ec7-9206884dde15}}]
三月 23, 2014 4:20:56 下午 org.openqa.selenium.remote.RemoteWebDriver log
信息: Executed: [c974c33a-810d-fd43-85ab-6799d36210b2, submitElement {id={db195c78-acae-e346-9ec7-9206884dde15}}]
三月 23, 2014 4:20:56 下午 org.openqa.selenium.remote.RemoteWebDriver log
信息: Executing: findElement [c974c33a-810d-fd43-85ab-6799d36210b2, findElement {using=id, value=result}]
三月 23, 2014 4:20:56 下午 org.openqa.selenium.remote.RemoteWebDriver log
信息: Executed: [c974c33a-810d-fd43-85ab-6799d36210b2, findElement {using=id, value=result}]
三月 23, 2014 4:20:56 下午 org.openqa.selenium.remote.RemoteWebDriver log
信息: Executing: getElementText [c974c33a-810d-fd43-85ab-6799d36210b2, getElementText {id={63795e9d-7300-6d48-842d-221b65a9cbcc}}]
三月 23, 2014 4:20:56 下午 org.openqa.selenium.remote.RemoteWebDriver log
信息: Executed: [c974c33a-810d-fd43-85ab-6799d36210b2, getElementText {id={63795e9d-7300-6d48-842d-221b65a9cbcc}}]
三月 23, 2014 4:20:56 下午 org.openqa.selenium.testing.JUnit4TestBase$1 finished
信息: <<< Finished testSubmittingFormFromFormElementShouldFireOnSubmitForThatForm(org.openqa.selenium.CorrectEventFiringTest)
三月 23, 2014 4:20:56 下午 org.openqa.selenium.testing.JUnit4TestBase$1 starting
信息: >>> Starting testShouldFireEventsInTheRightOrder(org.openqa.selenium.CorrectEventFiringTest)
三月 23, 2014 4:20:56 下午 org.openqa.selenium.remote.RemoteWebDriver log
信息: Executing: get [c974c33a-810d-fd43-85ab-6799d36210b2, get {url=http://localhost:6461/common/javascriptPage.html}]
三月 23, 2014 4:20:57 下午 org.openqa.selenium.remote.RemoteWebDriver log
信息: Executed: [c974c33a-810d-fd43-85ab-6799d36210b2, get {url=http://localhost:6461/common/javascriptPage.html}]
三月 23, 2014 4:20:57 下午 org.openqa.selenium.remote.RemoteWebDriver log
信息: Executing: findElement [c974c33a-810d-fd43-85ab-6799d36210b2, findElement {using=id, value=plainButton}]
三月 23, 2014 4:20:57 下午 org.openqa.selenium.remote.RemoteWebDriver log
信息: Executed: [c974c33a-810d-fd43-85ab-6799d36210b2, findElement {using=id, value=plainButton}]
三月 23, 2014 4:20:57 下午 org.openqa.selenium.remote.RemoteWebDriver log
信息: Executing: clickElement [c974c33a-810d-fd43-85ab-6799d36210b2, clickElement {id={2f518e7e-3201-bb4a-9454-8c2a405ff545}}]
三月 23, 2014 4:20:57 下午 org.openqa.selenium.remote.RemoteWebDriver log
信息: Executed: [c974c33a-810d-fd43-85ab-6799d36210b2, clickElement {id={2f518e7e-3201-bb4a-9454-8c2a405ff545}}]
三月 23, 2014 4:20:57 下午 org.openqa.selenium.remote.RemoteWebDriver log
信息: Executing: findElement [c974c33a-810d-fd43-85ab-6799d36210b2, findElement {using=id, value=result}]
三月 23, 2014 4:20:57 下午 org.openqa.selenium.remote.RemoteWebDriver log
信息: Executed: [c974c33a-810d-fd43-85ab-6799d36210b2, findElement {using=id, value=result}]
三月 23, 2014 4:20:57 下午 org.openqa.selenium.remote.RemoteWebDriver log
信息: Executing: getElementText [c974c33a-810d-fd43-85ab-6799d36210b2, getElementText {id={bc33d576-fb9c-494c-9fcf-23c3bd0e5495}}]
三月 23, 2014 4:20:57 下午 org.openqa.selenium.remote.RemoteWebDriver log
信息: Executed: [c974c33a-810d-fd43-85ab-6799d36210b2, getElementText {id={bc33d576-fb9c-494c-9fcf-23c3bd0e5495}}]
三月 23, 2014 4:20:57 下午 org.openqa.selenium.testing.JUnit4TestBase$1 finished
信息: <<< Finished testShouldFireEventsInTheRightOrder(org.openqa.selenium.CorrectEventFiringTest)
三月 23, 2014 4:20:57 下午 org.openqa.selenium.testing.JUnit4TestBase$1 starting
信息: >>> Starting testSendingKeysToAFocusedElementShouldNotBlurThatElement(org.openqa.selenium.CorrectEventFiringTest)
三月 23, 2014 4:20:57 下午 org.openqa.selenium.testing.JUnit4TestBase$1 finished
信息: <<< Finished testSendingKeysToAFocusedElementShouldNotBlurThatElement(org.openqa.selenium.CorrectEventFiringTest)
三月 23, 2014 4:20:57 下午 org.openqa.selenium.testing.JUnit4TestBase$1 starting
信息: >>> Starting testShouldReportTheXAndYCoordinatesWhenClicking(org.openqa.selenium.CorrectEventFiringTest)
三月 23, 2014 4:20:57 下午 org.openqa.selenium.remote.RemoteWebDriver log
信息: Executing: get [c974c33a-810d-fd43-85ab-6799d36210b2, get {url=http://localhost:6461/common/clickEventPage.html}]
三月 23, 2014 4:20:57 下午 org.openqa.selenium.remote.RemoteWebDriver log
信息: Executed: [c974c33a-810d-fd43-85ab-6799d36210b2, get {url=http://localhost:6461/common/clickEventPage.html}]
三月 23, 2014 4:20:57 下午 org.openqa.selenium.remote.RemoteWebDriver log
信息: Executing: findElement [c974c33a-810d-fd43-85ab-6799d36210b2, findElement {using=id, value=eventish}]
三月 23, 2014 4:20:57 下午 org.openqa.selenium.remote.RemoteWebDriver log
信息: Executed: [c974c33a-810d-fd43-85ab-6799d36210b2, findElement {using=id, value=eventish}]
三月 23, 2014 4:20:57 下午 org.openqa.selenium.remote.RemoteWebDriver log
信息: Executing: clickElement [c974c33a-810d-fd43-85ab-6799d36210b2, clickElement {id={ee0f3264-43f6-0440-879d-1fba46b7ae95}}]
三月 23, 2014 4:20:57 下午 org.openqa.selenium.remote.RemoteWebDriver log
信息: Executed: [c974c33a-810d-fd43-85ab-6799d36210b2, clickElement {id={ee0f3264-43f6-0440-879d-1fba46b7ae95}}]
三月 23, 2014 4:20:57 下午 org.openqa.selenium.remote.RemoteWebDriver log
信息: Executing: findElement [c974c33a-810d-fd43-85ab-6799d36210b2, findElement {using=id, value=clientX}]
三月 23, 2014 4:20:57 下午 org.openqa.selenium.remote.RemoteWebDriver log
信息: Executed: [c974c33a-810d-fd43-85ab-6799d36210b2, findElement {using=id, value=clientX}]
三月 23, 2014 4:20:57 下午 org.openqa.selenium.remote.RemoteWebDriver log
信息: Executing: isElementDisplayed [c974c33a-810d-fd43-85ab-6799d36210b2, isElementDisplayed {id={d7ddb641-b3f1-4a41-a217-59490ee1ec00}}]
三月 23, 2014 4:20:57 下午 org.openqa.selenium.remote.RemoteWebDriver log
信息: Executed: [c974c33a-810d-fd43-85ab-6799d36210b2, isElementDisplayed {id={d7ddb641-b3f1-4a41-a217-59490ee1ec00}}]
三月 23, 2014 4:20:57 下午 org.openqa.selenium.remote.RemoteWebDriver log
信息: Executing: getElementText [c974c33a-810d-fd43-85ab-6799d36210b2, getElementText {id={d7ddb641-b3f1-4a41-a217-59490ee1ec00}}]
三月 23, 2014 4:20:57 下午 org.openqa.selenium.remote.RemoteWebDriver log
信息: Executed: [c974c33a-810d-fd43-85ab-6799d36210b2, getElementText {id={d7ddb641-b3f1-4a41-a217-59490ee1ec00}}]
三月 23, 2014 4:20:57 下午 org.openqa.selenium.remote.RemoteWebDriver log
信息: Executing: findElement [c974c33a-810d-fd43-85ab-6799d36210b2, findElement {using=id, value=clientY}]
三月 23, 2014 4:20:57 下午 org.openqa.selenium.remote.RemoteWebDriver log
信息: Executed: [c974c33a-810d-fd43-85ab-6799d36210b2, findElement {using=id, value=clientY}]
三月 23, 2014 4:20:57 下午 org.openqa.selenium.remote.RemoteWebDriver log
信息: Executing: isElementDisplayed [c974c33a-810d-fd43-85ab-6799d36210b2, isElementDisplayed {id={edc91eb3-cb90-f446-b782-2e2fce2924f6}}]
三月 23, 2014 4:20:57 下午 org.openqa.selenium.remote.RemoteWebDriver log
信息: Executed: [c974c33a-810d-fd43-85ab-6799d36210b2, isElementDisplayed {id={edc91eb3-cb90-f446-b782-2e2fce2924f6}}]
三月 23, 2014 4:20:57 下午 org.openqa.selenium.remote.RemoteWebDriver log
信息: Executing: getElementText [c974c33a-810d-fd43-85ab-6799d36210b2, getElementText {id={edc91eb3-cb90-f446-b782-2e2fce2924f6}}]
三月 23, 2014 4:20:57 下午 org.openqa.selenium.remote.RemoteWebDriver log
信息: Executed: [c974c33a-810d-fd43-85ab-6799d36210b2, getElementText {id={edc91eb3-cb90-f446-b782-2e2fce2924f6}}]
三月 23, 2014 4:20:57 下午 org.openqa.selenium.testing.JUnit4TestBase$1 finished
信息: <<< Finished testShouldReportTheXAndYCoordinatesWhenClicking(org.openqa.selenium.CorrectEventFiringTest)
三月 23, 2014 4:20:57 下午 org.openqa.selenium.testing.JUnit4TestBase$1 starting
信息: >>> Starting testShouldEmitClickEventWhenClickingOnATextInputElement(org.openqa.selenium.CorrectEventFiringTest)
三月 23, 2014 4:20:57 下午 org.openqa.selenium.remote.RemoteWebDriver log
信息: Executing: get [c974c33a-810d-fd43-85ab-6799d36210b2, get {url=http://localhost:6461/common/javascriptPage.html}]
三月 23, 2014 4:20:57 下午 org.openqa.selenium.remote.RemoteWebDriver log
信息: Executed: [c974c33a-810d-fd43-85ab-6799d36210b2, get {url=http://localhost:6461/common/javascriptPage.html}]
三月 23, 2014 4:20:57 下午 org.openqa.selenium.remote.RemoteWebDriver log
信息: Executing: findElement [c974c33a-810d-fd43-85ab-6799d36210b2, findElement {using=id, value=clickField}]
三月 23, 2014 4:20:57 下午 org.openqa.selenium.remote.RemoteWebDriver log
信息: Executed: [c974c33a-810d-fd43-85ab-6799d36210b2, findElement {using=id, value=clickField}]
三月 23, 2014 4:20:57 下午 org.openqa.selenium.remote.RemoteWebDriver log
信息: Executing: clickElement [c974c33a-810d-fd43-85ab-6799d36210b2, clickElement {id={e62c5c09-8372-1949-9868-a409c8e58dc2}}]
三月 23, 2014 4:20:57 下午 org.openqa.selenium.remote.RemoteWebDriver log
信息: Executed: [c974c33a-810d-fd43-85ab-6799d36210b2, clickElement {id={e62c5c09-8372-1949-9868-a409c8e58dc2}}]
三月 23, 2014 4:20:57 下午 org.openqa.selenium.remote.RemoteWebDriver log
信息: Executing: getElementAttribute [c974c33a-810d-fd43-85ab-6799d36210b2, getElementAttribute {id={e62c5c09-8372-1949-9868-a409c8e58dc2}, name=value}]
三月 23, 2014 4:20:57 下午 org.openqa.selenium.remote.RemoteWebDriver log
信息: Executed: [c974c33a-810d-fd43-85ab-6799d36210b2, getElementAttribute {id={e62c5c09-8372-1949-9868-a409c8e58dc2}, name=value}]
三月 23, 2014 4:20:57 下午 org.openqa.selenium.remote.RemoteWebDriver log
信息: Executing: getElementAttribute [c974c33a-810d-fd43-85ab-6799d36210b2, getElementAttribute {id={e62c5c09-8372-1949-9868-a409c8e58dc2}, name=value}]
三月 23, 2014 4:20:57 下午 org.openqa.selenium.remote.RemoteWebDriver log
信息: Executed: [c974c33a-810d-fd43-85ab-6799d36210b2, getElementAttribute {id={e62c5c09-8372-1949-9868-a409c8e58dc2}, name=value}]
三月 23, 2014 4:20:57 下午 org.openqa.selenium.testing.JUnit4TestBase$1 finished
信息: <<< Finished testShouldEmitClickEventWhenClickingOnATextInputElement(org.openqa.selenium.CorrectEventFiringTest)
三月 23, 2014 4:20:57 下午 org.openqa.selenium.testing.JUnit4TestBase$1 starting
信息: >>> Starting testShouldFireTwoClickEventsWhenClickingOnALabel(org.openqa.selenium.CorrectEventFiringTest)
三月 23, 2014 4:20:57 下午 org.openqa.selenium.remote.RemoteWebDriver log
信息: Executing: get [c974c33a-810d-fd43-85ab-6799d36210b2, get {url=http://localhost:6461/common/javascriptPage.html}]
三月 23, 2014 4:20:57 下午 org.openqa.selenium.remote.RemoteWebDriver log
信息: Executed: [c974c33a-810d-fd43-85ab-6799d36210b2, get {url=http://localhost:6461/common/javascriptPage.html}]
三月 23, 2014 4:20:57 下午 org.openqa.selenium.remote.RemoteWebDriver log
信息: Executing: findElement [c974c33a-810d-fd43-85ab-6799d36210b2, findElement {using=id, value=labelForCheckbox}]
三月 23, 2014 4:20:57 下午 org.openqa.selenium.remote.RemoteWebDriver log
信息: Executed: [c974c33a-810d-fd43-85ab-6799d36210b2, findElement {using=id, value=labelForCheckbox}]
三月 23, 2014 4:20:57 下午 org.openqa.selenium.remote.RemoteWebDriver log
信息: Executing: clickElement [c974c33a-810d-fd43-85ab-6799d36210b2, clickElement {id={362b50fe-7d8f-524c-b669-76a7ba18bea8}}]
三月 23, 2014 4:20:57 下午 org.openqa.selenium.remote.RemoteWebDriver log
信息: Executed: [c974c33a-810d-fd43-85ab-6799d36210b2, clickElement {id={362b50fe-7d8f-524c-b669-76a7ba18bea8}}]
三月 23, 2014 4:20:57 下午 org.openqa.selenium.remote.RemoteWebDriver log
信息: Executing: findElement [c974c33a-810d-fd43-85ab-6799d36210b2, findElement {using=id, value=result}]
三月 23, 2014 4:20:57 下午 org.openqa.selenium.remote.RemoteWebDriver log
信息: Executed: [c974c33a-810d-fd43-85ab-6799d36210b2, findElement {using=id, value=result}]
三月 23, 2014 4:20:57 下午 org.openqa.selenium.remote.RemoteWebDriver log
信息: Executing: getElementText [c974c33a-810d-fd43-85ab-6799d36210b2, getElementText {id={976d6a54-ff6b-ab4c-8346-0d599a86efb3}}]
三月 23, 2014 4:20:57 下午 org.openqa.selenium.remote.RemoteWebDriver log
信息: Executed: [c974c33a-810d-fd43-85ab-6799d36210b2, getElementText {id={976d6a54-ff6b-ab4c-8346-0d599a86efb3}}]
三月 23, 2014 4:20:57 下午 org.openqa.selenium.testing.JUnit4TestBase$1 finished
信息: <<< Finished testShouldFireTwoClickEventsWhenClickingOnALabel(org.openqa.selenium.CorrectEventFiringTest)
三月 23, 2014 4:20:57 下午 org.openqa.selenium.testing.JUnit4TestBase$1 starting
信息: >>> Starting testShouldIssueClickEvents(org.openqa.selenium.CorrectEventFiringTest)
三月 23, 2014 4:20:57 下午 org.openqa.selenium.remote.RemoteWebDriver log
信息: Executing: get [c974c33a-810d-fd43-85ab-6799d36210b2, get {url=http://localhost:6461/common/javascriptPage.html}]
三月 23, 2014 4:20:57 下午 org.openqa.selenium.remote.RemoteWebDriver log
信息: Executed: [c974c33a-810d-fd43-85ab-6799d36210b2, get {url=http://localhost:6461/common/javascriptPage.html}]
三月 23, 2014 4:20:57 下午 org.openqa.selenium.remote.RemoteWebDriver log
信息: Executing: findElement [c974c33a-810d-fd43-85ab-6799d36210b2, findElement {using=id, value=mouseclick}]
三月 23, 2014 4:20:57 下午 org.openqa.selenium.remote.RemoteWebDriver log
信息: Executed: [c974c33a-810d-fd43-85ab-6799d36210b2, findElement {using=id, value=mouseclick}]
三月 23, 2014 4:20:57 下午 org.openqa.selenium.remote.RemoteWebDriver log
信息: Executing: clickElement [c974c33a-810d-fd43-85ab-6799d36210b2, clickElement {id={4d9551cb-c8b9-f540-8fc2-8a7c69cb4f56}}]
三月 23, 2014 4:20:57 下午 org.openqa.selenium.remote.RemoteWebDriver log
信息: Executed: [c974c33a-810d-fd43-85ab-6799d36210b2, clickElement {id={4d9551cb-c8b9-f540-8fc2-8a7c69cb4f56}}]
三月 23, 2014 4:20:57 下午 org.openqa.selenium.remote.RemoteWebDriver log
信息: Executing: findElement [c974c33a-810d-fd43-85ab-6799d36210b2, findElement {using=id, value=result}]
三月 23, 2014 4:20:57 下午 org.openqa.selenium.remote.RemoteWebDriver log
信息: Executed: [c974c33a-810d-fd43-85ab-6799d36210b2, findElement {using=id, value=result}]
三月 23, 2014 4:20:57 下午 org.openqa.selenium.remote.RemoteWebDriver log
信息: Executing: getElementText [c974c33a-810d-fd43-85ab-6799d36210b2, getElementText {id={a931246d-ffde-314d-adf0-def619f11f8f}}]
三月 23, 2014 4:20:57 下午 org.openqa.selenium.remote.RemoteWebDriver log
信息: Executed: [c974c33a-810d-fd43-85ab-6799d36210b2, getElementText {id={a931246d-ffde-314d-adf0-def619f11f8f}}]
三月 23, 2014 4:20:57 下午 org.openqa.selenium.remote.RemoteWebDriver log
信息: Executing: getElementText [c974c33a-810d-fd43-85ab-6799d36210b2, getElementText {id={a931246d-ffde-314d-adf0-def619f11f8f}}]
三月 23, 2014 4:20:57 下午 org.openqa.selenium.remote.RemoteWebDriver log
信息: Executed: [c974c33a-810d-fd43-85ab-6799d36210b2, getElementText {id={a931246d-ffde-314d-adf0-def619f11f8f}}]
三月 23, 2014 4:20:57 下午 org.openqa.selenium.testing.JUnit4TestBase$1 finished
信息: <<< Finished testShouldIssueClickEvents(org.openqa.selenium.CorrectEventFiringTest)
三月 23, 2014 4:20:57 下午 org.openqa.selenium.testing.JUnit4TestBase$1 starting
信息: >>> Starting testShouldFireMouseMoveEventWhenClicking(org.openqa.selenium.CorrectEventFiringTest)
三月 23, 2014 4:20:57 下午 org.openqa.selenium.remote.RemoteWebDriver log
信息: Executing: get [c974c33a-810d-fd43-85ab-6799d36210b2, get {url=http://localhost:6461/common/javascriptPage.html}]
三月 23, 2014 4:20:57 下午 org.openqa.selenium.remote.RemoteWebDriver log
信息: Executed: [c974c33a-810d-fd43-85ab-6799d36210b2, get {url=http://localhost:6461/common/javascriptPage.html}]
三月 23, 2014 4:20:57 下午 org.openqa.selenium.remote.RemoteWebDriver log
信息: Executing: findElement [c974c33a-810d-fd43-85ab-6799d36210b2, findElement {using=id, value=plainButton}]
三月 23, 2014 4:20:57 下午 org.openqa.selenium.remote.RemoteWebDriver log
信息: Executed: [c974c33a-810d-fd43-85ab-6799d36210b2, findElement {using=id, value=plainButton}]
三月 23, 2014 4:20:57 下午 org.openqa.selenium.remote.RemoteWebDriver log
信息: Executing: clickElement [c974c33a-810d-fd43-85ab-6799d36210b2, clickElement {id={27a6ab08-fa4c-b344-a737-2f7efcc45ce2}}]
三月 23, 2014 4:20:57 下午 org.openqa.selenium.remote.RemoteWebDriver log
信息: Executed: [c974c33a-810d-fd43-85ab-6799d36210b2, clickElement {id={27a6ab08-fa4c-b344-a737-2f7efcc45ce2}}]
三月 23, 2014 4:20:57 下午 org.openqa.selenium.remote.RemoteWebDriver log
信息: Executing: findElement [c974c33a-810d-fd43-85ab-6799d36210b2, findElement {using=id, value=result}]
三月 23, 2014 4:20:57 下午 org.openqa.selenium.remote.RemoteWebDriver log
信息: Executed: [c974c33a-810d-fd43-85ab-6799d36210b2, findElement {using=id, value=result}]
三月 23, 2014 4:20:57 下午 org.openqa.selenium.remote.RemoteWebDriver log
信息: Executing: getElementText [c974c33a-810d-fd43-85ab-6799d36210b2, getElementText {id={8b3f36c6-ed2f-e946-af31-88be1db3e0df}}]
三月 23, 2014 4:20:57 下午 org.openqa.selenium.remote.RemoteWebDriver log
信息: Executed: [c974c33a-810d-fd43-85ab-6799d36210b2, getElementText {id={8b3f36c6-ed2f-e946-af31-88be1db3e0df}}]
三月 23, 2014 4:20:57 下午 org.openqa.selenium.testing.JUnit4TestBase$1 finished
信息: <<< Finished testShouldFireMouseMoveEventWhenClicking(org.openqa.selenium.CorrectEventFiringTest)
三月 23, 2014 4:20:57 下午 org.openqa.selenium.testing.JUnit4TestBase$1 starting
信息: >>> Starting testSendingKeysToAnElementShouldCauseTheFocusEventToFire(org.openqa.selenium.CorrectEventFiringTest)
三月 23, 2014 4:20:57 下午 org.openqa.selenium.testing.JUnit4TestBase$1 finished
信息: <<< Finished testSendingKeysToAnElementShouldCauseTheFocusEventToFire(org.openqa.selenium.CorrectEventFiringTest)
三月 23, 2014 4:20:57 下午 org.openqa.selenium.testing.JUnit4TestBase$1 starting
信息: >>> Starting testShouldFireMouseUpEventWhenClicking(org.openqa.selenium.CorrectEventFiringTest)
三月 23, 2014 4:20:57 下午 org.openqa.selenium.remote.RemoteWebDriver log
信息: Executing: get [c974c33a-810d-fd43-85ab-6799d36210b2, get {url=http://localhost:6461/common/javascriptPage.html}]
三月 23, 2014 4:20:57 下午 org.openqa.selenium.remote.RemoteWebDriver log
信息: Executed: [c974c33a-810d-fd43-85ab-6799d36210b2, get {url=http://localhost:6461/common/javascriptPage.html}]
三月 23, 2014 4:20:57 下午 org.openqa.selenium.remote.RemoteWebDriver log
信息: Executing: findElement [c974c33a-810d-fd43-85ab-6799d36210b2, findElement {using=id, value=plainButton}]
三月 23, 2014 4:20:57 下午 org.openqa.selenium.remote.RemoteWebDriver log
信息: Executed: [c974c33a-810d-fd43-85ab-6799d36210b2, findElement {using=id, value=plainButton}]
三月 23, 2014 4:20:57 下午 org.openqa.selenium.remote.RemoteWebDriver log
信息: Executing: clickElement [c974c33a-810d-fd43-85ab-6799d36210b2, clickElement {id={f4bbea5a-1222-6748-ac83-66a629e0b9a4}}]
三月 23, 2014 4:20:57 下午 org.openqa.selenium.remote.RemoteWebDriver log
信息: Executed: [c974c33a-810d-fd43-85ab-6799d36210b2, clickElement {id={f4bbea5a-1222-6748-ac83-66a629e0b9a4}}]
三月 23, 2014 4:20:57 下午 org.openqa.selenium.remote.RemoteWebDriver log
信息: Executing: findElement [c974c33a-810d-fd43-85ab-6799d36210b2, findElement {using=id, value=result}]
三月 23, 2014 4:20:57 下午 org.openqa.selenium.remote.RemoteWebDriver log
信息: Executed: [c974c33a-810d-fd43-85ab-6799d36210b2, findElement {using=id, value=result}]
三月 23, 2014 4:20:57 下午 org.openqa.selenium.remote.RemoteWebDriver log
信息: Executing: getElementText [c974c33a-810d-fd43-85ab-6799d36210b2, getElementText {id={bfb80790-f0ef-6448-aaf7-6c3ffc72dbdf}}]
三月 23, 2014 4:20:57 下午 org.openqa.selenium.remote.RemoteWebDriver log
信息: Executed: [c974c33a-810d-fd43-85ab-6799d36210b2, getElementText {id={bfb80790-f0ef-6448-aaf7-6c3ffc72dbdf}}]
三月 23, 2014 4:20:57 下午 org.openqa.selenium.testing.JUnit4TestBase$1 finished
信息: <<< Finished testShouldFireMouseUpEventWhenClicking(org.openqa.selenium.CorrectEventFiringTest)
三月 23, 2014 4:20:57 下午 org.openqa.selenium.testing.JUnit4TestBase$1 starting
信息: >>> Starting testShouldFireMouseDownEventWhenClicking(org.openqa.selenium.CorrectEventFiringTest)
三月 23, 2014 4:20:57 下午 org.openqa.selenium.remote.RemoteWebDriver log
信息: Executing: get [c974c33a-810d-fd43-85ab-6799d36210b2, get {url=http://localhost:6461/common/javascriptPage.html}]
三月 23, 2014 4:20:58 下午 org.openqa.selenium.remote.RemoteWebDriver log
信息: Executed: [c974c33a-810d-fd43-85ab-6799d36210b2, get {url=http://localhost:6461/common/javascriptPage.html}]
三月 23, 2014 4:20:58 下午 org.openqa.selenium.remote.RemoteWebDriver log
信息: Executing: findElement [c974c33a-810d-fd43-85ab-6799d36210b2, findElement {using=id, value=plainButton}]
三月 23, 2014 4:20:58 下午 org.openqa.selenium.remote.RemoteWebDriver log
信息: Executed: [c974c33a-810d-fd43-85ab-6799d36210b2, findElement {using=id, value=plainButton}]
三月 23, 2014 4:20:58 下午 org.openqa.selenium.remote.RemoteWebDriver log
信息: Executing: clickElement [c974c33a-810d-fd43-85ab-6799d36210b2, clickElement {id={4da35386-9ad0-624f-be69-06fd74a16560}}]
三月 23, 2014 4:20:58 下午 org.openqa.selenium.remote.RemoteWebDriver log
信息: Executed: [c974c33a-810d-fd43-85ab-6799d36210b2, clickElement {id={4da35386-9ad0-624f-be69-06fd74a16560}}]
三月 23, 2014 4:20:58 下午 org.openqa.selenium.remote.RemoteWebDriver log
信息: Executing: findElement [c974c33a-810d-fd43-85ab-6799d36210b2, findElement {using=id, value=result}]
三月 23, 2014 4:20:58 下午 org.openqa.selenium.remote.RemoteWebDriver log
信息: Executed: [c974c33a-810d-fd43-85ab-6799d36210b2, findElement {using=id, value=result}]
三月 23, 2014 4:20:58 下午 org.openqa.selenium.remote.RemoteWebDriver log
信息: Executing: getElementText [c974c33a-810d-fd43-85ab-6799d36210b2, getElementText {id={55fc0561-8b65-7046-a93c-3eb242ad4728}}]
三月 23, 2014 4:20:58 下午 org.openqa.selenium.remote.RemoteWebDriver log
信息: Executed: [c974c33a-810d-fd43-85ab-6799d36210b2, getElementText {id={55fc0561-8b65-7046-a93c-3eb242ad4728}}]
三月 23, 2014 4:20:58 下午 org.openqa.selenium.testing.JUnit4TestBase$1 finished
信息: <<< Finished testShouldFireMouseDownEventWhenClicking(org.openqa.selenium.CorrectEventFiringTest)
三月 23, 2014 4:20:58 下午 org.openqa.selenium.testing.JUnit4TestBase$1 starting
信息: >>> Starting testShouldReturnAnAbsoluteUrlWhenGettingHrefAttributeOfAValidAnchorTag(org.openqa.selenium.ElementAttributeTest)
三月 23, 2014 4:20:58 下午 org.openqa.selenium.remote.RemoteWebDriver log
信息: Executing: get [c974c33a-810d-fd43-85ab-6799d36210b2, get {url=http://localhost:6461/common/simpleTest.html}]
三月 23, 2014 4:20:58 下午 org.openqa.selenium.remote.RemoteWebDriver log
信息: Executed: [c974c33a-810d-fd43-85ab-6799d36210b2, get {url=http://localhost:6461/common/simpleTest.html}]
三月 23, 2014 4:20:58 下午 org.openqa.selenium.remote.RemoteWebDriver log
信息: Executing: findElement [c974c33a-810d-fd43-85ab-6799d36210b2, findElement {using=id, value=validAnchorTag}]
三月 23, 2014 4:20:58 下午 org.openqa.selenium.remote.RemoteWebDriver log
信息: Executed: [c974c33a-810d-fd43-85ab-6799d36210b2, findElement {using=id, value=validAnchorTag}]
三月 23, 2014 4:20:58 下午 org.openqa.selenium.remote.RemoteWebDriver log
信息: Executing: getElementAttribute [c974c33a-810d-fd43-85ab-6799d36210b2, getElementAttribute {id={6c652033-5f48-cd48-9bd8-66bc55252640}, name=href}]
三月 23, 2014 4:20:58 下午 org.openqa.selenium.remote.RemoteWebDriver log
信息: Executed: [c974c33a-810d-fd43-85ab-6799d36210b2, getElementAttribute {id={6c652033-5f48-cd48-9bd8-66bc55252640}, name=href}]
三月 23, 2014 4:20:58 下午 org.openqa.selenium.testing.JUnit4TestBase$1 finished
信息: <<< Finished testShouldReturnAnAbsoluteUrlWhenGettingHrefAttributeOfAValidAnchorTag(org.openqa.selenium.ElementAttributeTest)
三月 23, 2014 4:20:58 下午 org.openqa.selenium.testing.JUnit4TestBase$1 starting
信息: >>> Starting testShouldReturnTrueForPresentBooleanAttributes(org.openqa.selenium.ElementAttributeTest)
三月 23, 2014 4:20:58 下午 org.openqa.selenium.remote.RemoteWebDriver log
信息: Executing: get [c974c33a-810d-fd43-85ab-6799d36210b2, get {url=http://localhost:6461/common/booleanAttributes.html}]
三月 23, 2014 4:20:58 下午 org.openqa.selenium.remote.RemoteWebDriver log
信息: Executed: [c974c33a-810d-fd43-85ab-6799d36210b2, get {url=http://localhost:6461/common/booleanAttributes.html}]
三月 23, 2014 4:20:58 下午 org.openqa.selenium.remote.RemoteWebDriver log
信息: Executing: findElement [c974c33a-810d-fd43-85ab-6799d36210b2, findElement {using=id, value=emailRequired}]
三月 23, 2014 4:20:58 下午 org.openqa.selenium.remote.RemoteWebDriver log
信息: Executed: [c974c33a-810d-fd43-85ab-6799d36210b2, findElement {using=id, value=emailRequired}]
三月 23, 2014 4:20:58 下午 org.openqa.selenium.remote.RemoteWebDriver log
信息: Executing: getElementAttribute [c974c33a-810d-fd43-85ab-6799d36210b2, getElementAttribute {id={2e8b78cb-49c5-7446-9600-b47ebf9824a9}, name=required}]
三月 23, 2014 4:20:58 下午 org.openqa.selenium.remote.RemoteWebDriver log
信息: Executed: [c974c33a-810d-fd43-85ab-6799d36210b2, getElementAttribute {id={2e8b78cb-49c5-7446-9600-b47ebf9824a9}, name=required}]
三月 23, 2014 4:20:58 下午 org.openqa.selenium.remote.RemoteWebDriver log
信息: Executing: findElement [c974c33a-810d-fd43-85ab-6799d36210b2, findElement {using=id, value=emptyTextAreaRequired}]
三月 23, 2014 4:20:58 下午 org.openqa.selenium.remote.RemoteWebDriver log
信息: Executed: [c974c33a-810d-fd43-85ab-6799d36210b2, findElement {using=id, value=emptyTextAreaRequired}]
三月 23, 2014 4:20:58 下午 org.openqa.selenium.remote.RemoteWebDriver log
信息: Executing: getElementAttribute [c974c33a-810d-fd43-85ab-6799d36210b2, getElementAttribute {id={c5aab10a-cfb2-b74f-82bf-67795b24335e}, name=required}]
三月 23, 2014 4:20:58 下午 org.openqa.selenium.remote.RemoteWebDriver log
信息: Executed: [c974c33a-810d-fd43-85ab-6799d36210b2, getElementAttribute {id={c5aab10a-cfb2-b74f-82bf-67795b24335e}, name=required}]
三月 23, 2014 4:20:58 下午 org.openqa.selenium.remote.RemoteWebDriver log
信息: Executing: findElement [c974c33a-810d-fd43-85ab-6799d36210b2, findElement {using=id, value=inputRequired}]
三月 23, 2014 4:20:58 下午 org.openqa.selenium.remote.RemoteWebDriver log
信息: Executed: [c974c33a-810d-fd43-85ab-6799d36210b2, findElement {using=id, value=inputRequired}]
三月 23, 2014 4:20:58 下午 org.openqa.selenium.remote.RemoteWebDriver log
信息: Executing: getElementAttribute [c974c33a-810d-fd43-85ab-6799d36210b2, getElementAttribute {id={fc5a1056-b56d-084f-9cce-bb5e92b98f8d}, name=required}]
三月 23, 2014 4:20:58 下午 org.openqa.selenium.remote.RemoteWebDriver log
信息: Executed: [c974c33a-810d-fd43-85ab-6799d36210b2, getElementAttribute {id={fc5a1056-b56d-084f-9cce-bb5e92b98f8d}, name=required}]
三月 23, 2014 4:20:58 下午 org.openqa.selenium.remote.RemoteWebDriver log
信息: Executing: findElement [c974c33a-810d-fd43-85ab-6799d36210b2, findElement {using=id, value=textAreaRequired}]
三月 23, 2014 4:20:58 下午 org.openqa.selenium.remote.RemoteWebDriver log
信息: Executed: [c974c33a-810d-fd43-85ab-6799d36210b2, findElement {using=id, value=textAreaRequired}]
三月 23, 2014 4:20:58 下午 org.openqa.selenium.remote.RemoteWebDriver log
信息: Executing: getElementAttribute [c974c33a-810d-fd43-85ab-6799d36210b2, getElementAttribute {id={9f73acdf-285b-b945-ad84-c1fc558b4eaa}, name=required}]
三月 23, 2014 4:20:58 下午 org.openqa.selenium.remote.RemoteWebDriver log
信息: Executed: [c974c33a-810d-fd43-85ab-6799d36210b2, getElementAttribute {id={9f73acdf-285b-b945-ad84-c1fc558b4eaa}, name=required}]
三月 23, 2014 4:20:58 下午 org.openqa.selenium.remote.RemoteWebDriver log
信息: Executing: findElement [c974c33a-810d-fd43-85ab-6799d36210b2, findElement {using=id, value=unwrappable}]
三月 23, 2014 4:20:58 下午 org.openqa.selenium.remote.RemoteWebDriver log
信息: Executed: [c974c33a-810d-fd43-85ab-6799d36210b2, findElement {using=id, value=unwrappable}]
三月 23, 2014 4:20:58 下午 org.openqa.selenium.remote.RemoteWebDriver log
信息: Executing: getElementAttribute [c974c33a-810d-fd43-85ab-6799d36210b2, getElementAttribute {id={f60511aa-2b1c-9743-977f-c7e101ab5bef}, name=nowrap}]
三月 23, 2014 4:20:58 下午 org.openqa.selenium.remote.RemoteWebDriver log
信息: Executed: [c974c33a-810d-fd43-85ab-6799d36210b2, getElementAttribute {id={f60511aa-2b1c-9743-977f-c7e101ab5bef}, name=nowrap}]
三月 23, 2014 4:20:58 下午 org.openqa.selenium.testing.JUnit4TestBase$1 finished
信息: <<< Finished testShouldReturnTrueForPresentBooleanAttributes(org.openqa.selenium.ElementAttributeTest)
三月 23, 2014 4:20:58 下午 org.openqa.selenium.testing.JUnit4TestBase$1 starting
信息: >>> Starting testCanRetrieveTheCurrentValueOfATextFormField_emailInput(org.openqa.selenium.ElementAttributeTest)
三月 23, 2014 4:20:58 下午 org.openqa.selenium.remote.RemoteWebDriver log
信息: Executing: get [c974c33a-810d-fd43-85ab-6799d36210b2, get {url=http://localhost:6461/common/formPage.html}]
三月 23, 2014 4:20:58 下午 org.openqa.selenium.remote.RemoteWebDriver log
信息: Executed: [c974c33a-810d-fd43-85ab-6799d36210b2, get {url=http://localhost:6461/common/formPage.html}]
三月 23, 2014 4:20:58 下午 org.openqa.selenium.remote.RemoteWebDriver log
信息: Executing: findElement [c974c33a-810d-fd43-85ab-6799d36210b2, findElement {using=id, value=email}]
三月 23, 2014 4:20:58 下午 org.openqa.selenium.remote.RemoteWebDriver log
信息: Executed: [c974c33a-810d-fd43-85ab-6799d36210b2, findElement {using=id, value=email}]
三月 23, 2014 4:20:58 下午 org.openqa.selenium.remote.RemoteWebDriver log
信息: Executing: getElementAttribute [c974c33a-810d-fd43-85ab-6799d36210b2, getElementAttribute {id={93d220db-4837-ae44-a893-bfb15f4855e2}, name=value}]
三月 23, 2014 4:20:58 下午 org.openqa.selenium.remote.RemoteWebDriver log
信息: Executed: [c974c33a-810d-fd43-85ab-6799d36210b2, getElementAttribute {id={93d220db-4837-ae44-a893-bfb15f4855e2}, name=value}]
三月 23, 2014 4:20:58 下午 org.openqa.selenium.remote.RemoteWebDriver log
信息: Executing: sendKeysToElement [c974c33a-810d-fd43-85ab-6799d36210b2, sendKeysToElement {id={93d220db-4837-ae44-a893-bfb15f4855e2}, value=[Ljava.lang.CharSequence;@5d5ab993}]
三月 23, 2014 4:20:58 下午 org.openqa.selenium.remote.RemoteWebDriver log
信息: Executed: [c974c33a-810d-fd43-85ab-6799d36210b2, sendKeysToElement {id={93d220db-4837-ae44-a893-bfb15f4855e2}, value=[Ljava.lang.CharSequence;@5d5ab993}]
三月 23, 2014 4:20:58 下午 org.openqa.selenium.remote.RemoteWebDriver log
信息: Executing: getElementAttribute [c974c33a-810d-fd43-85ab-6799d36210b2, getElementAttribute {id={93d220db-4837-ae44-a893-bfb15f4855e2}, name=value}]
三月 23, 2014 4:20:58 下午 org.openqa.selenium.remote.RemoteWebDriver log
信息: Executed: [c974c33a-810d-fd43-85ab-6799d36210b2, getElementAttribute {id={93d220db-4837-ae44-a893-bfb15f4855e2}, name=value}]
三月 23, 2014 4:20:58 下午 org.openqa.selenium.testing.JUnit4TestBase$1 finished
信息: <<< Finished testCanRetrieveTheCurrentValueOfATextFormField_emailInput(org.openqa.selenium.ElementAttributeTest)
三月 23, 2014 4:20:58 下午 org.openqa.selenium.testing.JUnit4TestBase$1 starting
信息: >>> Starting testShouldReturnValueOfOnClickAttribute(org.openqa.selenium.ElementAttributeTest)
三月 23, 2014 4:20:58 下午 org.openqa.selenium.remote.RemoteWebDriver log
信息: Executing: get [c974c33a-810d-fd43-85ab-6799d36210b2, get {url=http://localhost:6461/common/javascriptPage.html}]
三月 23, 2014 4:20:58 下午 org.openqa.selenium.remote.RemoteWebDriver log
信息: Executed: [c974c33a-810d-fd43-85ab-6799d36210b2, get {url=http://localhost:6461/common/javascriptPage.html}]
三月 23, 2014 4:20:58 下午 org.openqa.selenium.remote.RemoteWebDriver log
信息: Executing: findElement [c974c33a-810d-fd43-85ab-6799d36210b2, findElement {using=id, value=mouseclick}]
三月 23, 2014 4:20:58 下午 org.openqa.selenium.remote.RemoteWebDriver log
信息: Executed: [c974c33a-810d-fd43-85ab-6799d36210b2, findElement {using=id, value=mouseclick}]
三月 23, 2014 4:20:58 下午 org.openqa.selenium.remote.RemoteWebDriver log
信息: Executing: getElementAttribute [c974c33a-810d-fd43-85ab-6799d36210b2, getElementAttribute {id={090f42da-3fe2-1f40-8c17-563c22e70c39}, name=onclick}]
三月 23, 2014 4:20:58 下午 org.openqa.selenium.remote.RemoteWebDriver log
信息: Executed: [c974c33a-810d-fd43-85ab-6799d36210b2, getElementAttribute {id={090f42da-3fe2-1f40-8c17-563c22e70c39}, name=onclick}]
三月 23, 2014 4:20:58 下午 org.openqa.selenium.remote.RemoteWebDriver log
信息: Executing: findElement [c974c33a-810d-fd43-85ab-6799d36210b2, findElement {using=id, value=mousedown}]
三月 23, 2014 4:20:58 下午 org.openqa.selenium.remote.RemoteWebDriver log
信息: Executed: [c974c33a-810d-fd43-85ab-6799d36210b2, findElement {using=id, value=mousedown}]
三月 23, 2014 4:20:58 下午 org.openqa.selenium.remote.RemoteWebDriver log
信息: Executing: getElementAttribute [c974c33a-810d-fd43-85ab-6799d36210b2, getElementAttribute {id={2a71d239-af66-5940-8cfb-2c90b87a9395}, name=onclick}]
三月 23, 2014 4:20:58 下午 org.openqa.selenium.remote.RemoteWebDriver log
信息: Executed: [c974c33a-810d-fd43-85ab-6799d36210b2, getElementAttribute {id={2a71d239-af66-5940-8cfb-2c90b87a9395}, name=onclick}]
三月 23, 2014 4:20:58 下午 org.openqa.selenium.testing.JUnit4TestBase$1 finished
信息: <<< Finished testShouldReturnValueOfOnClickAttribute(org.openqa.selenium.ElementAttributeTest)
三月 23, 2014 4:20:58 下午 org.openqa.selenium.testing.JUnit4TestBase$1 starting
信息: >>> Starting testCanRetrieveTheCurrentValueOfATextFormField_textInput(org.openqa.selenium.ElementAttributeTest)
三月 23, 2014 4:20:58 下午 org.openqa.selenium.remote.RemoteWebDriver log
信息: Executing: get [c974c33a-810d-fd43-85ab-6799d36210b2, get {url=http://localhost:6461/common/formPage.html}]
三月 23, 2014 4:20:58 下午 org.openqa.selenium.remote.RemoteWebDriver log
信息: Executed: [c974c33a-810d-fd43-85ab-6799d36210b2, get {url=http://localhost:6461/common/formPage.html}]
三月 23, 2014 4:20:58 下午 org.openqa.selenium.remote.RemoteWebDriver log
信息: Executing: findElement [c974c33a-810d-fd43-85ab-6799d36210b2, findElement {using=id, value=working}]
三月 23, 2014 4:20:58 下午 org.openqa.selenium.remote.RemoteWebDriver log
信息: Executed: [c974c33a-810d-fd43-85ab-6799d36210b2, findElement {using=id, value=working}]
三月 23, 2014 4:20:58 下午 org.openqa.selenium.remote.RemoteWebDriver log
信息: Executing: getElementAttribute [c974c33a-810d-fd43-85ab-6799d36210b2, getElementAttribute {id={5993123c-70ea-244a-a199-b47290aa493e}, name=value}]
三月 23, 2014 4:20:58 下午 org.openqa.selenium.remote.RemoteWebDriver log
信息: Executed: [c974c33a-810d-fd43-85ab-6799d36210b2, getElementAttribute {id={5993123c-70ea-244a-a199-b47290aa493e}, name=value}]
三月 23, 2014 4:20:58 下午 org.openqa.selenium.remote.RemoteWebDriver log
信息: Executing: sendKeysToElement [c974c33a-810d-fd43-85ab-6799d36210b2, sendKeysToElement {id={5993123c-70ea-244a-a199-b47290aa493e}, value=[Ljava.lang.CharSequence;@578c5c4}]
三月 23, 2014 4:20:58 下午 org.openqa.selenium.remote.RemoteWebDriver log
信息: Executed: [c974c33a-810d-fd43-85ab-6799d36210b2, sendKeysToElement {id={5993123c-70ea-244a-a199-b47290aa493e}, value=[Ljava.lang.CharSequence;@578c5c4}]
三月 23, 2014 4:20:58 下午 org.openqa.selenium.remote.RemoteWebDriver log
信息: Executing: getElementAttribute [c974c33a-810d-fd43-85ab-6799d36210b2, getElementAttribute {id={5993123c-70ea-244a-a199-b47290aa493e}, name=value}]
三月 23, 2014 4:20:58 下午 org.openqa.selenium.remote.RemoteWebDriver log
信息: Executed: [c974c33a-810d-fd43-85ab-6799d36210b2, getElementAttribute {id={5993123c-70ea-244a-a199-b47290aa493e}, name=value}]
三月 23, 2014 4:20:58 下午 org.openqa.selenium.testing.JUnit4TestBase$1 finished
信息: <<< Finished testCanRetrieveTheCurrentValueOfATextFormField_textInput(org.openqa.selenium.ElementAttributeTest)
三月 23, 2014 4:20:58 下午 org.openqa.selenium.testing.JUnit4TestBase$1 starting
信息: >>> Starting testGetAttributeDoesNotReturnAnObjectForSvgProperties(org.openqa.selenium.ElementAttributeTest)
三月 23, 2014 4:20:58 下午 org.openqa.selenium.remote.RemoteWebDriver log
信息: Executing: get [c974c33a-810d-fd43-85ab-6799d36210b2, get {url=http://localhost:6461/common/svgPiechart.xhtml}]
三月 23, 2014 4:20:58 下午 org.openqa.selenium.remote.RemoteWebDriver log
信息: Executed: [c974c33a-810d-fd43-85ab-6799d36210b2, get {url=http://localhost:6461/common/svgPiechart.xhtml}]
三月 23, 2014 4:20:58 下午 org.openqa.selenium.remote.RemoteWebDriver log
信息: Executing: findElement [c974c33a-810d-fd43-85ab-6799d36210b2, findElement {using=id, value=rotate}]
三月 23, 2014 4:20:58 下午 org.openqa.selenium.remote.RemoteWebDriver log
信息: Executed: [c974c33a-810d-fd43-85ab-6799d36210b2, findElement {using=id, value=rotate}]
三月 23, 2014 4:20:58 下午 org.openqa.selenium.remote.RemoteWebDriver log
信息: Executing: getElementAttribute [c974c33a-810d-fd43-85ab-6799d36210b2, getElementAttribute {id={4f020496-8839-c646-a04e-53d7089a335f}, name=transform}]
三月 23, 2014 4:20:58 下午 org.openqa.selenium.remote.RemoteWebDriver log
信息: Executed: [c974c33a-810d-fd43-85ab-6799d36210b2, getElementAttribute {id={4f020496-8839-c646-a04e-53d7089a335f}, name=transform}]
三月 23, 2014 4:20:58 下午 org.openqa.selenium.testing.JUnit4TestBase$1 finished
信息: <<< Finished testGetAttributeDoesNotReturnAnObjectForSvgProperties(org.openqa.selenium.ElementAttributeTest)
三月 23, 2014 4:20:58 下午 org.openqa.selenium.testing.JUnit4TestBase$1 starting
信息: >>> Starting testShouldReturnNullForNonPresentBooleanAttributes(org.openqa.selenium.ElementAttributeTest)
三月 23, 2014 4:20:58 下午 org.openqa.selenium.remote.RemoteWebDriver log
信息: Executing: get [c974c33a-810d-fd43-85ab-6799d36210b2, get {url=http://localhost:6461/common/booleanAttributes.html}]
三月 23, 2014 4:20:58 下午 org.openqa.selenium.remote.RemoteWebDriver log
信息: Executed: [c974c33a-810d-fd43-85ab-6799d36210b2, get {url=http://localhost:6461/common/booleanAttributes.html}]
三月 23, 2014 4:20:58 下午 org.openqa.selenium.remote.RemoteWebDriver log
信息: Executing: findElement [c974c33a-810d-fd43-85ab-6799d36210b2, findElement {using=id, value=working}]
三月 23, 2014 4:20:58 下午 org.openqa.selenium.remote.RemoteWebDriver log
信息: Executed: [c974c33a-810d-fd43-85ab-6799d36210b2, findElement {using=id, value=working}]
三月 23, 2014 4:20:58 下午 org.openqa.selenium.remote.RemoteWebDriver log
信息: Executing: getElementAttribute [c974c33a-810d-fd43-85ab-6799d36210b2, getElementAttribute {id={f89ef103-8ee8-fb4e-aa5d-60f296066d4e}, name=required}]
三月 23, 2014 4:20:58 下午 org.openqa.selenium.remote.RemoteWebDriver log
信息: Executed: [c974c33a-810d-fd43-85ab-6799d36210b2, getElementAttribute {id={f89ef103-8ee8-fb4e-aa5d-60f296066d4e}, name=required}]
三月 23, 2014 4:20:58 下午 org.openqa.selenium.remote.RemoteWebDriver log
信息: Executing: findElement [c974c33a-810d-fd43-85ab-6799d36210b2, findElement {using=id, value=wallace}]
三月 23, 2014 4:20:58 下午 org.openqa.selenium.remote.RemoteWebDriver log
信息: Executed: [c974c33a-810d-fd43-85ab-6799d36210b2, findElement {using=id, value=wallace}]
三月 23, 2014 4:20:58 下午 org.openqa.selenium.remote.RemoteWebDriver log
信息: Executing: getElementAttribute [c974c33a-810d-fd43-85ab-6799d36210b2, getElementAttribute {id={9749fdf5-72e8-c043-a975-03c2cda7db44}, name=nowrap}]
三月 23, 2014 4:20:58 下午 org.openqa.selenium.remote.RemoteWebDriver log
信息: Executed: [c974c33a-810d-fd43-85ab-6799d36210b2, getElementAttribute {id={9749fdf5-72e8-c043-a975-03c2cda7db44}, name=nowrap}]
三月 23, 2014 4:20:58 下午 org.openqa.selenium.testing.JUnit4TestBase$1 finished
信息: <<< Finished testShouldReturnNullForNonPresentBooleanAttributes(org.openqa.selenium.ElementAttributeTest)
三月 23, 2014 4:20:58 下午 org.openqa.selenium.testing.JUnit4TestBase$1 starting
信息: >>> Starting testShouldCorrectlyReportValueOfColspan(org.openqa.selenium.ElementAttributeTest)
三月 23, 2014 4:20:58 下午 org.openqa.selenium.remote.RemoteWebDriver log
信息: Executing: get [c974c33a-810d-fd43-85ab-6799d36210b2, get {url=http://localhost:6461/common/tables.html}]
三月 23, 2014 4:20:58 下午 org.openqa.selenium.remote.RemoteWebDriver log
信息: Executed: [c974c33a-810d-fd43-85ab-6799d36210b2, get {url=http://localhost:6461/common/tables.html}]
三月 23, 2014 4:20:59 下午 org.openqa.selenium.remote.RemoteWebDriver log
信息: Executing: findElement [c974c33a-810d-fd43-85ab-6799d36210b2, findElement {using=id, value=th1}]
三月 23, 2014 4:20:59 下午 org.openqa.selenium.remote.RemoteWebDriver log
信息: Executed: [c974c33a-810d-fd43-85ab-6799d36210b2, findElement {using=id, value=th1}]
三月 23, 2014 4:20:59 下午 org.openqa.selenium.remote.RemoteWebDriver log
信息: Executing: findElement [c974c33a-810d-fd43-85ab-6799d36210b2, findElement {using=id, value=td2}]
三月 23, 2014 4:20:59 下午 org.openqa.selenium.remote.RemoteWebDriver log
信息: Executed: [c974c33a-810d-fd43-85ab-6799d36210b2, findElement {using=id, value=td2}]
三月 23, 2014 4:20:59 下午 org.openqa.selenium.remote.RemoteWebDriver log
信息: Executing: getElementAttribute [c974c33a-810d-fd43-85ab-6799d36210b2, getElementAttribute {id={4caca578-fdb4-2c48-9d63-eef2de518c70}, name=id}]
三月 23, 2014 4:20:59 下午 org.openqa.selenium.remote.RemoteWebDriver log
信息: Executed: [c974c33a-810d-fd43-85ab-6799d36210b2, getElementAttribute {id={4caca578-fdb4-2c48-9d63-eef2de518c70}, name=id}]
三月 23, 2014 4:20:59 下午 org.openqa.selenium.remote.RemoteWebDriver log
信息: Executing: getElementAttribute [c974c33a-810d-fd43-85ab-6799d36210b2, getElementAttribute {id={4caca578-fdb4-2c48-9d63-eef2de518c70}, name=colspan}]
三月 23, 2014 4:20:59 下午 org.openqa.selenium.remote.RemoteWebDriver log
信息: Executed: [c974c33a-810d-fd43-85ab-6799d36210b2, getElementAttribute {id={4caca578-fdb4-2c48-9d63-eef2de518c70}, name=colspan}]
三月 23, 2014 4:20:59 下午 org.openqa.selenium.remote.RemoteWebDriver log
信息: Executing: getElementAttribute [c974c33a-810d-fd43-85ab-6799d36210b2, getElementAttribute {id={51e8920e-2799-774d-adef-433ba6fc4a75}, name=id}]
三月 23, 2014 4:21:00 下午 org.openqa.selenium.remote.RemoteWebDriver log
信息: Executed: [c974c33a-810d-fd43-85ab-6799d36210b2, getElementAttribute {id={51e8920e-2799-774d-adef-433ba6fc4a75}, name=id}]
三月 23, 2014 4:21:00 下午 org.openqa.selenium.remote.RemoteWebDriver log
信息: Executing: getElementAttribute [c974c33a-810d-fd43-85ab-6799d36210b2, getElementAttribute {id={51e8920e-2799-774d-adef-433ba6fc4a75}, name=colspan}]
三月 23, 2014 4:21:00 下午 org.openqa.selenium.remote.RemoteWebDriver log
信息: Executed: [c974c33a-810d-fd43-85ab-6799d36210b2, getElementAttribute {id={51e8920e-2799-774d-adef-433ba6fc4a75}, name=colspan}]
三月 23, 2014 4:21:00 下午 org.openqa.selenium.testing.JUnit4TestBase$1 finished
信息: <<< Finished testShouldCorrectlyReportValueOfColspan(org.openqa.selenium.ElementAttributeTest)
三月 23, 2014 4:21:00 下午 org.openqa.selenium.testing.JUnit4TestBase$1 starting
信息: >>> Starting testShouldReturnTheContentsOfATextAreaAsItsValue(org.openqa.selenium.ElementAttributeTest)
三月 23, 2014 4:21:00 下午 org.openqa.selenium.remote.RemoteWebDriver log
信息: Executing: get [c974c33a-810d-fd43-85ab-6799d36210b2, get {url=http://localhost:6461/common/formPage.html}]
三月 23, 2014 4:21:00 下午 org.openqa.selenium.remote.RemoteWebDriver log
信息: Executed: [c974c33a-810d-fd43-85ab-6799d36210b2, get {url=http://localhost:6461/common/formPage.html}]
三月 23, 2014 4:21:00 下午 org.openqa.selenium.remote.RemoteWebDriver log
信息: Executing: findElement [c974c33a-810d-fd43-85ab-6799d36210b2, findElement {using=id, value=withText}]
三月 23, 2014 4:21:00 下午 org.openqa.selenium.remote.RemoteWebDriver log
信息: Executed: [c974c33a-810d-fd43-85ab-6799d36210b2, findElement {using=id, value=withText}]
三月 23, 2014 4:21:00 下午 org.openqa.selenium.remote.RemoteWebDriver log
信息: Executing: getElementAttribute [c974c33a-810d-fd43-85ab-6799d36210b2, getElementAttribute {id={d46762ca-6f46-d343-a082-19dd60703e54}, name=value}]
三月 23, 2014 4:21:00 下午 org.openqa.selenium.remote.RemoteWebDriver log
信息: Executed: [c974c33a-810d-fd43-85ab-6799d36210b2, getElementAttribute {id={d46762ca-6f46-d343-a082-19dd60703e54}, name=value}]
三月 23, 2014 4:21:00 下午 org.openqa.selenium.testing.JUnit4TestBase$1 finished
信息: <<< Finished testShouldReturnTheContentsOfATextAreaAsItsValue(org.openqa.selenium.ElementAttributeTest)
三月 23, 2014 4:21:00 下午 org.openqa.selenium.testing.JUnit4TestBase$1 starting
信息: >>> Starting testGetAttributeOfUserDefinedProperty(org.openqa.selenium.ElementAttributeTest)
三月 23, 2014 4:21:00 下午 org.openqa.selenium.remote.RemoteWebDriver log
信息: Executing: get [c974c33a-810d-fd43-85ab-6799d36210b2, get {url=http://localhost:6461/common/userDefinedProperty.html}]
三月 23, 2014 4:21:00 下午 org.openqa.selenium.remote.RemoteWebDriver log
信息: Executed: [c974c33a-810d-fd43-85ab-6799d36210b2, get {url=http://localhost:6461/common/userDefinedProperty.html}]
三月 23, 2014 4:21:00 下午 org.openqa.selenium.remote.RemoteWebDriver log
信息: Executing: findElement [c974c33a-810d-fd43-85ab-6799d36210b2, findElement {using=id, value=d}]
三月 23, 2014 4:21:00 下午 org.openqa.selenium.remote.RemoteWebDriver log
信息: Executed: [c974c33a-810d-fd43-85ab-6799d36210b2, findElement {using=id, value=d}]
三月 23, 2014 4:21:00 下午 org.openqa.selenium.remote.RemoteWebDriver log
信息: Executing: getElementAttribute [c974c33a-810d-fd43-85ab-6799d36210b2, getElementAttribute {id={e599f0d4-52bc-1544-8aea-a91ebfd543e1}, name=dynamicProperty}]
三月 23, 2014 4:21:00 下午 org.openqa.selenium.remote.RemoteWebDriver log
信息: Executed: [c974c33a-810d-fd43-85ab-6799d36210b2, getElementAttribute {id={e599f0d4-52bc-1544-8aea-a91ebfd543e1}, name=dynamicProperty}]
三月 23, 2014 4:21:00 下午 org.openqa.selenium.testing.JUnit4TestBase$1 finished
信息: <<< Finished testGetAttributeOfUserDefinedProperty(org.openqa.selenium.ElementAttributeTest)
三月 23, 2014 4:21:00 下午 org.openqa.selenium.testing.JUnit4TestBase$1 starting
信息: >>> Starting testMultipleAttributeShouldBeTrueWhenSelectHasMultipleWithValueAsBlank(org.openqa.selenium.ElementAttributeTest)
三月 23, 2014 4:21:00 下午 org.openqa.selenium.remote.RemoteWebDriver log
信息: Executing: get [c974c33a-810d-fd43-85ab-6799d36210b2, get {url=http://localhost:6461/common/selectPage.html}]
三月 23, 2014 4:21:00 下午 org.openqa.selenium.remote.RemoteWebDriver log
信息: Executed: [c974c33a-810d-fd43-85ab-6799d36210b2, get {url=http://localhost:6461/common/selectPage.html}]
三月 23, 2014 4:21:00 下午 org.openqa.selenium.remote.RemoteWebDriver log
信息: Executing: findElement [c974c33a-810d-fd43-85ab-6799d36210b2, findElement {using=id, value=selectWithEmptyStringMultiple}]
三月 23, 2014 4:21:00 下午 org.openqa.selenium.remote.RemoteWebDriver log
信息: Executed: [c974c33a-810d-fd43-85ab-6799d36210b2, findElement {using=id, value=selectWithEmptyStringMultiple}]
三月 23, 2014 4:21:00 下午 org.openqa.selenium.remote.RemoteWebDriver log
信息: Executing: getElementAttribute [c974c33a-810d-fd43-85ab-6799d36210b2, getElementAttribute {id={15e88d1f-2ef7-bb4b-a6b7-8e9e9f39d64e}, name=multiple}]
三月 23, 2014 4:21:00 下午 org.openqa.selenium.remote.RemoteWebDriver log
信息: Executed: [c974c33a-810d-fd43-85ab-6799d36210b2, getElementAttribute {id={15e88d1f-2ef7-bb4b-a6b7-8e9e9f39d64e}, name=multiple}]
三月 23, 2014 4:21:00 下午 org.openqa.selenium.testing.JUnit4TestBase$1 finished
信息: <<< Finished testMultipleAttributeShouldBeTrueWhenSelectHasMultipleWithValueAsBlank(org.openqa.selenium.ElementAttributeTest)
三月 23, 2014 4:21:00 下午 org.openqa.selenium.testing.JUnit4TestBase$1 starting
信息: >>> Starting testCanReturnATextApproximationOfTheStyleAttribute(org.openqa.selenium.ElementAttributeTest)
三月 23, 2014 4:21:00 下午 org.openqa.selenium.remote.RemoteWebDriver log
信息: Executing: get [c974c33a-810d-fd43-85ab-6799d36210b2, get {url=http://localhost:6461/common/javascriptPage.html}]
三月 23, 2014 4:21:00 下午 org.openqa.selenium.remote.RemoteWebDriver log
信息: Executed: [c974c33a-810d-fd43-85ab-6799d36210b2, get {url=http://localhost:6461/common/javascriptPage.html}]
三月 23, 2014 4:21:00 下午 org.openqa.selenium.remote.RemoteWebDriver log
信息: Executing: findElement [c974c33a-810d-fd43-85ab-6799d36210b2, findElement {using=id, value=red-item}]
三月 23, 2014 4:21:00 下午 org.openqa.selenium.remote.RemoteWebDriver log
信息: Executed: [c974c33a-810d-fd43-85ab-6799d36210b2, findElement {using=id, value=red-item}]
三月 23, 2014 4:21:00 下午 org.openqa.selenium.remote.RemoteWebDriver log
信息: Executing: getElementAttribute [c974c33a-810d-fd43-85ab-6799d36210b2, getElementAttribute {id={9bc25941-338b-9f41-9722-36cd0524ff16}, name=style}]
三月 23, 2014 4:21:00 下午 org.openqa.selenium.remote.RemoteWebDriver log
信息: Executed: [c974c33a-810d-fd43-85ab-6799d36210b2, getElementAttribute {id={9bc25941-338b-9f41-9722-36cd0524ff16}, name=style}]
三月 23, 2014 4:21:00 下午 org.openqa.selenium.testing.JUnit4TestBase$1 finished
信息: <<< Finished testCanReturnATextApproximationOfTheStyleAttribute(org.openqa.selenium.ElementAttributeTest)
三月 23, 2014 4:21:00 下午 org.openqa.selenium.testing.JUnit4TestBase$1 starting
信息: >>> Starting testShouldIndicateWhenATextAreaIsDisabled(org.openqa.selenium.ElementAttributeTest)
三月 23, 2014 4:21:00 下午 org.openqa.selenium.remote.RemoteWebDriver log
信息: Executing: get [c974c33a-810d-fd43-85ab-6799d36210b2, get {url=http://localhost:6461/common/formPage.html}]
三月 23, 2014 4:21:00 下午 org.openqa.selenium.remote.RemoteWebDriver log
信息: Executed: [c974c33a-810d-fd43-85ab-6799d36210b2, get {url=http://localhost:6461/common/formPage.html}]
三月 23, 2014 4:21:00 下午 org.openqa.selenium.remote.RemoteWebDriver log
信息: Executing: findElement [c974c33a-810d-fd43-85ab-6799d36210b2, findElement {using=xpath, value=//textarea[@id='notWorkingArea']}]
三月 23, 2014 4:21:00 下午 org.openqa.selenium.remote.RemoteWebDriver log
信息: Executed: [c974c33a-810d-fd43-85ab-6799d36210b2, findElement {using=xpath, value=//textarea[@id='notWorkingArea']}]
三月 23, 2014 4:21:00 下午 org.openqa.selenium.remote.RemoteWebDriver log
信息: Executing: isElementEnabled [c974c33a-810d-fd43-85ab-6799d36210b2, isElementEnabled {id={19695af0-d2e2-604c-9784-69266b460f24}}]
三月 23, 2014 4:21:00 下午 org.openqa.selenium.remote.RemoteWebDriver log
信息: Executed: [c974c33a-810d-fd43-85ab-6799d36210b2, isElementEnabled {id={19695af0-d2e2-604c-9784-69266b460f24}}]
三月 23, 2014 4:21:00 下午 org.openqa.selenium.testing.JUnit4TestBase$1 finished
信息: <<< Finished testShouldIndicateWhenATextAreaIsDisabled(org.openqa.selenium.ElementAttributeTest)
三月 23, 2014 4:21:00 下午 org.openqa.selenium.testing.JUnit4TestBase$1 starting
信息: >>> Starting testShouldReturnTheValueOfCheckedForACheckboxOnlyIfItIsChecked(org.openqa.selenium.ElementAttributeTest)
三月 23, 2014 4:21:00 下午 org.openqa.selenium.remote.RemoteWebDriver log
信息: Executing: get [c974c33a-810d-fd43-85ab-6799d36210b2, get {url=http://localhost:6461/common/formPage.html}]
三月 23, 2014 4:21:00 下午 org.openqa.selenium.remote.RemoteWebDriver log
信息: Executed: [c974c33a-810d-fd43-85ab-6799d36210b2, get {url=http://localhost:6461/common/formPage.html}]
三月 23, 2014 4:21:00 下午 org.openqa.selenium.remote.RemoteWebDriver log
信息: Executing: findElement [c974c33a-810d-fd43-85ab-6799d36210b2, findElement {using=xpath, value=//input[@id='checky']}]
三月 23, 2014 4:21:00 下午 org.openqa.selenium.remote.RemoteWebDriver log
信息: Executed: [c974c33a-810d-fd43-85ab-6799d36210b2, findElement {using=xpath, value=//input[@id='checky']}]
三月 23, 2014 4:21:00 下午 org.openqa.selenium.remote.RemoteWebDriver log
信息: Executing: getElementAttribute [c974c33a-810d-fd43-85ab-6799d36210b2, getElementAttribute {id={145176f8-e81e-2941-bbfa-be1e5bf38b23}, name=checked}]
三月 23, 2014 4:21:00 下午 org.openqa.selenium.remote.RemoteWebDriver log
信息: Executed: [c974c33a-810d-fd43-85ab-6799d36210b2, getElementAttribute {id={145176f8-e81e-2941-bbfa-be1e5bf38b23}, name=checked}]
三月 23, 2014 4:21:00 下午 org.openqa.selenium.remote.RemoteWebDriver log
信息: Executing: clickElement [c974c33a-810d-fd43-85ab-6799d36210b2, clickElement {id={145176f8-e81e-2941-bbfa-be1e5bf38b23}}]
三月 23, 2014 4:21:00 下午 org.openqa.selenium.remote.RemoteWebDriver log
信息: Executed: [c974c33a-810d-fd43-85ab-6799d36210b2, clickElement {id={145176f8-e81e-2941-bbfa-be1e5bf38b23}}]
三月 23, 2014 4:21:00 下午 org.openqa.selenium.remote.RemoteWebDriver log
信息: Executing: getElementAttribute [c974c33a-810d-fd43-85ab-6799d36210b2, getElementAttribute {id={145176f8-e81e-2941-bbfa-be1e5bf38b23}, name=checked}]
三月 23, 2014 4:21:00 下午 org.openqa.selenium.remote.RemoteWebDriver log
信息: Executed: [c974c33a-810d-fd43-85ab-6799d36210b2, getElementAttribute {id={145176f8-e81e-2941-bbfa-be1e5bf38b23}, name=checked}]
三月 23, 2014 4:21:00 下午 org.openqa.selenium.testing.JUnit4TestBase$1 finished
信息: <<< Finished testShouldReturnTheValueOfCheckedForACheckboxOnlyIfItIsChecked(org.openqa.selenium.ElementAttributeTest)
三月 23, 2014 4:21:00 下午 org.openqa.selenium.testing.JUnit4TestBase$1 starting
信息: >>> Starting testShouldIndicateWhenASelectIsDisabled(org.openqa.selenium.ElementAttributeTest)
三月 23, 2014 4:21:00 下午 org.openqa.selenium.remote.RemoteWebDriver log
信息: Executing: get [c974c33a-810d-fd43-85ab-6799d36210b2, get {url=http://localhost:6461/common/formPage.html}]
三月 23, 2014 4:21:00 下午 org.openqa.selenium.remote.RemoteWebDriver log
信息: Executed: [c974c33a-810d-fd43-85ab-6799d36210b2, get {url=http://localhost:6461/common/formPage.html}]
三月 23, 2014 4:21:00 下午 org.openqa.selenium.remote.RemoteWebDriver log
信息: Executing: findElement [c974c33a-810d-fd43-85ab-6799d36210b2, findElement {using=name, value=selectomatic}]
三月 23, 2014 4:21:00 下午 org.openqa.selenium.remote.RemoteWebDriver log
信息: Executed: [c974c33a-810d-fd43-85ab-6799d36210b2, findElement {using=name, value=selectomatic}]
三月 23, 2014 4:21:00 下午 org.openqa.selenium.remote.RemoteWebDriver log
信息: Executing: findElement [c974c33a-810d-fd43-85ab-6799d36210b2, findElement {using=name, value=no-select}]
三月 23, 2014 4:21:00 下午 org.openqa.selenium.remote.RemoteWebDriver log
信息: Executed: [c974c33a-810d-fd43-85ab-6799d36210b2, findElement {using=name, value=no-select}]
三月 23, 2014 4:21:00 下午 org.openqa.selenium.remote.RemoteWebDriver log
信息: Executing: isElementEnabled [c974c33a-810d-fd43-85ab-6799d36210b2, isElementEnabled {id={421ce33f-7cb8-2f41-9b37-3f58cc2ff674}}]
三月 23, 2014 4:21:00 下午 org.openqa.selenium.remote.RemoteWebDriver log
信息: Executed: [c974c33a-810d-fd43-85ab-6799d36210b2, isElementEnabled {id={421ce33f-7cb8-2f41-9b37-3f58cc2ff674}}]
三月 23, 2014 4:21:00 下午 org.openqa.selenium.remote.RemoteWebDriver log
信息: Executing: isElementEnabled [c974c33a-810d-fd43-85ab-6799d36210b2, isElementEnabled {id={b7a4cc51-921b-6843-a4f3-053e8a777e8f}}]
三月 23, 2014 4:21:00 下午 org.openqa.selenium.remote.RemoteWebDriver log
信息: Executed: [c974c33a-810d-fd43-85ab-6799d36210b2, isElementEnabled {id={b7a4cc51-921b-6843-a4f3-053e8a777e8f}}]
三月 23, 2014 4:21:00 下午 org.openqa.selenium.testing.JUnit4TestBase$1 finished
信息: <<< Finished testShouldIndicateWhenASelectIsDisabled(org.openqa.selenium.ElementAttributeTest)
三月 23, 2014 4:21:00 下午 org.openqa.selenium.testing.JUnit4TestBase$1 starting
信息: >>> Starting testShouldTreatReadonlyAsAValue(org.openqa.selenium.ElementAttributeTest)
三月 23, 2014 4:21:00 下午 org.openqa.selenium.remote.RemoteWebDriver log
信息: Executing: get [c974c33a-810d-fd43-85ab-6799d36210b2, get {url=http://localhost:6461/common/formPage.html}]
三月 23, 2014 4:21:00 下午 org.openqa.selenium.remote.RemoteWebDriver log
信息: Executed: [c974c33a-810d-fd43-85ab-6799d36210b2, get {url=http://localhost:6461/common/formPage.html}]
三月 23, 2014 4:21:00 下午 org.openqa.selenium.remote.RemoteWebDriver log
信息: Executing: findElement [c974c33a-810d-fd43-85ab-6799d36210b2, findElement {using=name, value=readonly}]
三月 23, 2014 4:21:00 下午 org.openqa.selenium.remote.RemoteWebDriver log
信息: Executed: [c974c33a-810d-fd43-85ab-6799d36210b2, findElement {using=name, value=readonly}]
三月 23, 2014 4:21:00 下午 org.openqa.selenium.remote.RemoteWebDriver log
信息: Executing: getElementAttribute [c974c33a-810d-fd43-85ab-6799d36210b2, getElementAttribute {id={bdf73131-fc76-ab49-acff-cc5f97081aa7}, name=readonly}]
三月 23, 2014 4:21:00 下午 org.openqa.selenium.remote.RemoteWebDriver log
信息: Executed: [c974c33a-810d-fd43-85ab-6799d36210b2, getElementAttribute {id={bdf73131-fc76-ab49-acff-cc5f97081aa7}, name=readonly}]
三月 23, 2014 4:21:00 下午 org.openqa.selenium.remote.RemoteWebDriver log
信息: Executing: findElement [c974c33a-810d-fd43-85ab-6799d36210b2, findElement {using=name, value=x}]
三月 23, 2014 4:21:01 下午 org.openqa.selenium.remote.RemoteWebDriver log
信息: Executed: [c974c33a-810d-fd43-85ab-6799d36210b2, findElement {using=name, value=x}]
三月 23, 2014 4:21:01 下午 org.openqa.selenium.remote.RemoteWebDriver log
信息: Executing: getElementAttribute [c974c33a-810d-fd43-85ab-6799d36210b2, getElementAttribute {id={d6126093-da4a-654b-b372-5b614a9f632c}, name=readonly}]
三月 23, 2014 4:21:01 下午 org.openqa.selenium.remote.RemoteWebDriver log
信息: Executed: [c974c33a-810d-fd43-85ab-6799d36210b2, getElementAttribute {id={d6126093-da4a-654b-b372-5b614a9f632c}, name=readonly}]
三月 23, 2014 4:21:01 下午 org.openqa.selenium.testing.JUnit4TestBase$1 finished
信息: <<< Finished testShouldTreatReadonlyAsAValue(org.openqa.selenium.ElementAttributeTest)
三月 23, 2014 4:21:01 下午 org.openqa.selenium.testing.JUnit4TestBase$1 starting
信息: >>> Starting testShouldReturnAnAbsoluteUrlWhenGettingSrcAttributeOfAValidImgTag(org.openqa.selenium.ElementAttributeTest)
三月 23, 2014 4:21:01 下午 org.openqa.selenium.remote.RemoteWebDriver log
信息: Executing: get [c974c33a-810d-fd43-85ab-6799d36210b2, get {url=http://localhost:6461/common/simpleTest.html}]
三月 23, 2014 4:21:01 下午 org.openqa.selenium.remote.RemoteWebDriver log
信息: Executed: [c974c33a-810d-fd43-85ab-6799d36210b2, get {url=http://localhost:6461/common/simpleTest.html}]
三月 23, 2014 4:21:01 下午 org.openqa.selenium.remote.RemoteWebDriver log
信息: Executing: findElement [c974c33a-810d-fd43-85ab-6799d36210b2, findElement {using=id, value=validImgTag}]
三月 23, 2014 4:21:01 下午 org.openqa.selenium.remote.RemoteWebDriver log
信息: Executed: [c974c33a-810d-fd43-85ab-6799d36210b2, findElement {using=id, value=validImgTag}]
三月 23, 2014 4:21:01 下午 org.openqa.selenium.remote.RemoteWebDriver log
信息: Executing: getElementAttribute [c974c33a-810d-fd43-85ab-6799d36210b2, getElementAttribute {id={60bf3977-251d-1a43-8dc3-c03e2dd823ea}, name=src}]
三月 23, 2014 4:21:01 下午 org.openqa.selenium.remote.RemoteWebDriver log
信息: Executed: [c974c33a-810d-fd43-85ab-6799d36210b2, getElementAttribute {id={60bf3977-251d-1a43-8dc3-c03e2dd823ea}, name=src}]
三月 23, 2014 4:21:01 下午 org.openqa.selenium.testing.JUnit4TestBase$1 finished
信息: <<< Finished testShouldReturnAnAbsoluteUrlWhenGettingSrcAttributeOfAValidImgTag(org.openqa.selenium.ElementAttributeTest)
三月 23, 2014 4:21:01 下午 org.openqa.selenium.testing.JUnit4TestBase$1 starting
信息: >>> Starting testShouldOnlyReturnTheValueOfSelectedForRadioButtonsIfItIsSet(org.openqa.selenium.ElementAttributeTest)
三月 23, 2014 4:21:01 下午 org.openqa.selenium.remote.RemoteWebDriver log
信息: Executing: get [c974c33a-810d-fd43-85ab-6799d36210b2, get {url=http://localhost:6461/common/formPage.html}]
三月 23, 2014 4:21:01 下午 org.openqa.selenium.remote.RemoteWebDriver log
信息: Executed: [c974c33a-810d-fd43-85ab-6799d36210b2, get {url=http://localhost:6461/common/formPage.html}]
三月 23, 2014 4:21:01 下午 org.openqa.selenium.remote.RemoteWebDriver log
信息: Executing: findElement [c974c33a-810d-fd43-85ab-6799d36210b2, findElement {using=id, value=cheese}]
三月 23, 2014 4:21:01 下午 org.openqa.selenium.remote.RemoteWebDriver log
信息: Executed: [c974c33a-810d-fd43-85ab-6799d36210b2, findElement {using=id, value=cheese}]
三月 23, 2014 4:21:01 下午 org.openqa.selenium.remote.RemoteWebDriver log
信息: Executing: findElement [c974c33a-810d-fd43-85ab-6799d36210b2, findElement {using=id, value=peas}]
三月 23, 2014 4:21:01 下午 org.openqa.selenium.remote.RemoteWebDriver log
信息: Executed: [c974c33a-810d-fd43-85ab-6799d36210b2, findElement {using=id, value=peas}]
三月 23, 2014 4:21:01 下午 org.openqa.selenium.remote.RemoteWebDriver log
信息: Executing: findElement [c974c33a-810d-fd43-85ab-6799d36210b2, findElement {using=id, value=cheese_and_peas}]
三月 23, 2014 4:21:01 下午 org.openqa.selenium.remote.RemoteWebDriver log
信息: Executed: [c974c33a-810d-fd43-85ab-6799d36210b2, findElement {using=id, value=cheese_and_peas}]
三月 23, 2014 4:21:01 下午 org.openqa.selenium.remote.RemoteWebDriver log
信息: Executing: getElementAttribute [c974c33a-810d-fd43-85ab-6799d36210b2, getElementAttribute {id={cab4790c-ddc7-1f41-82ce-8f69356f93ef}, name=selected}]
三月 23, 2014 4:21:01 下午 org.openqa.selenium.remote.RemoteWebDriver log
信息: Executed: [c974c33a-810d-fd43-85ab-6799d36210b2, getElementAttribute {id={cab4790c-ddc7-1f41-82ce-8f69356f93ef}, name=selected}]
三月 23, 2014 4:21:01 下午 org.openqa.selenium.remote.RemoteWebDriver log
信息: Executing: getElementAttribute [c974c33a-810d-fd43-85ab-6799d36210b2, getElementAttribute {id={adc53e44-4bbb-1045-aa69-c11f50c78ac2}, name=selected}]
三月 23, 2014 4:21:01 下午 org.openqa.selenium.remote.RemoteWebDriver log
信息: Executed: [c974c33a-810d-fd43-85ab-6799d36210b2, getElementAttribute {id={adc53e44-4bbb-1045-aa69-c11f50c78ac2}, name=selected}]
三月 23, 2014 4:21:01 下午 org.openqa.selenium.remote.RemoteWebDriver log
信息: Executing: getElementAttribute [c974c33a-810d-fd43-85ab-6799d36210b2, getElementAttribute {id={806209d8-c869-7747-962b-38b7de116e27}, name=selected}]
三月 23, 2014 4:21:01 下午 org.openqa.selenium.remote.RemoteWebDriver log
信息: Executed: [c974c33a-810d-fd43-85ab-6799d36210b2, getElementAttribute {id={806209d8-c869-7747-962b-38b7de116e27}, name=selected}]
三月 23, 2014 4:21:01 下午 org.openqa.selenium.remote.RemoteWebDriver log
信息: Executing: clickElement [c974c33a-810d-fd43-85ab-6799d36210b2, clickElement {id={adc53e44-4bbb-1045-aa69-c11f50c78ac2}}]
三月 23, 2014 4:21:01 下午 org.openqa.selenium.remote.RemoteWebDriver log
信息: Executed: [c974c33a-810d-fd43-85ab-6799d36210b2, clickElement {id={adc53e44-4bbb-1045-aa69-c11f50c78ac2}}]
三月 23, 2014 4:21:01 下午 org.openqa.selenium.remote.RemoteWebDriver log
信息: Executing: getElementAttribute [c974c33a-810d-fd43-85ab-6799d36210b2, getElementAttribute {id={cab4790c-ddc7-1f41-82ce-8f69356f93ef}, name=selected}]
三月 23, 2014 4:21:01 下午 org.openqa.selenium.remote.RemoteWebDriver log
信息: Executed: [c974c33a-810d-fd43-85ab-6799d36210b2, getElementAttribute {id={cab4790c-ddc7-1f41-82ce-8f69356f93ef}, name=selected}]
三月 23, 2014 4:21:01 下午 org.openqa.selenium.remote.RemoteWebDriver log
信息: Executing: getElementAttribute [c974c33a-810d-fd43-85ab-6799d36210b2, getElementAttribute {id={adc53e44-4bbb-1045-aa69-c11f50c78ac2}, name=selected}]
三月 23, 2014 4:21:01 下午 org.openqa.selenium.remote.RemoteWebDriver log
信息: Executed: [c974c33a-810d-fd43-85ab-6799d36210b2, getElementAttribute {id={adc53e44-4bbb-1045-aa69-c11f50c78ac2}, name=selected}]
三月 23, 2014 4:21:01 下午 org.openqa.selenium.remote.RemoteWebDriver log
信息: Executing: getElementAttribute [c974c33a-810d-fd43-85ab-6799d36210b2, getElementAttribute {id={806209d8-c869-7747-962b-38b7de116e27}, name=selected}]
三月 23, 2014 4:21:01 下午 org.openqa.selenium.remote.RemoteWebDriver log
信息: Executed: [c974c33a-810d-fd43-85ab-6799d36210b2, getElementAttribute {id={806209d8-c869-7747-962b-38b7de116e27}, name=selected}]
三月 23, 2014 4:21:01 下午 org.openqa.selenium.testing.JUnit4TestBase$1 finished
信息: <<< Finished testShouldOnlyReturnTheValueOfSelectedForRadioButtonsIfItIsSet(org.openqa.selenium.ElementAttributeTest)
三月 23, 2014 4:21:01 下午 org.openqa.selenium.testing.JUnit4TestBase$1 starting
信息: >>> Starting testShouldReturnTheValueOfTheDisabledAttributeAsNullIfNotSet(org.openqa.selenium.ElementAttributeTest)
三月 23, 2014 4:21:01 下午 org.openqa.selenium.remote.RemoteWebDriver log
信息: Executing: get [c974c33a-810d-fd43-85ab-6799d36210b2, get {url=http://localhost:6461/common/formPage.html}]
三月 23, 2014 4:21:01 下午 org.openqa.selenium.remote.RemoteWebDriver log
信息: Executed: [c974c33a-810d-fd43-85ab-6799d36210b2, get {url=http://localhost:6461/common/formPage.html}]
三月 23, 2014 4:21:01 下午 org.openqa.selenium.remote.RemoteWebDriver log
信息: Executing: findElement [c974c33a-810d-fd43-85ab-6799d36210b2, findElement {using=xpath, value=//input[@id='working']}]
三月 23, 2014 4:21:01 下午 org.openqa.selenium.remote.RemoteWebDriver log
信息: Executed: [c974c33a-810d-fd43-85ab-6799d36210b2, findElement {using=xpath, value=//input[@id='working']}]
三月 23, 2014 4:21:01 下午 org.openqa.selenium.remote.RemoteWebDriver log
信息: Executing: getElementAttribute [c974c33a-810d-fd43-85ab-6799d36210b2, getElementAttribute {id={cd9a04c7-8df3-134b-a072-97c2baa08ff0}, name=disabled}]
三月 23, 2014 4:21:01 下午 org.openqa.selenium.remote.RemoteWebDriver log
信息: Executed: [c974c33a-810d-fd43-85ab-6799d36210b2, getElementAttribute {id={cd9a04c7-8df3-134b-a072-97c2baa08ff0}, name=disabled}]
三月 23, 2014 4:21:01 下午 org.openqa.selenium.remote.RemoteWebDriver log
信息: Executing: isElementEnabled [c974c33a-810d-fd43-85ab-6799d36210b2, isElementEnabled {id={cd9a04c7-8df3-134b-a072-97c2baa08ff0}}]
三月 23, 2014 4:21:01 下午 org.openqa.selenium.remote.RemoteWebDriver log
信息: Executed: [c974c33a-810d-fd43-85ab-6799d36210b2, isElementEnabled {id={cd9a04c7-8df3-134b-a072-97c2baa08ff0}}]
三月 23, 2014 4:21:01 下午 org.openqa.selenium.remote.RemoteWebDriver log
信息: Executing: findElement [c974c33a-810d-fd43-85ab-6799d36210b2, findElement {using=id, value=peas}]
三月 23, 2014 4:21:01 下午 org.openqa.selenium.remote.RemoteWebDriver log
信息: Executed: [c974c33a-810d-fd43-85ab-6799d36210b2, findElement {using=id, value=peas}]
三月 23, 2014 4:21:01 下午 org.openqa.selenium.remote.RemoteWebDriver log
信息: Executing: getElementAttribute [c974c33a-810d-fd43-85ab-6799d36210b2, getElementAttribute {id={9d50c756-b640-7948-a4bf-cffca08bc153}, name=disabled}]
三月 23, 2014 4:21:01 下午 org.openqa.selenium.remote.RemoteWebDriver log
信息: Executed: [c974c33a-810d-fd43-85ab-6799d36210b2, getElementAttribute {id={9d50c756-b640-7948-a4bf-cffca08bc153}, name=disabled}]
三月 23, 2014 4:21:01 下午 org.openqa.selenium.remote.RemoteWebDriver log
信息: Executing: isElementEnabled [c974c33a-810d-fd43-85ab-6799d36210b2, isElementEnabled {id={9d50c756-b640-7948-a4bf-cffca08bc153}}]
三月 23, 2014 4:21:01 下午 org.openqa.selenium.remote.RemoteWebDriver log
信息: Executed: [c974c33a-810d-fd43-85ab-6799d36210b2, isElementEnabled {id={9d50c756-b640-7948-a4bf-cffca08bc153}}]
三月 23, 2014 4:21:01 下午 org.openqa.selenium.testing.JUnit4TestBase$1 finished
信息: <<< Finished testShouldReturnTheValueOfTheDisabledAttributeAsNullIfNotSet(org.openqa.selenium.ElementAttributeTest)
三月 23, 2014 4:21:01 下午 org.openqa.selenium.testing.JUnit4TestBase$1 starting
信息: >>> Starting testShouldReturnValueOfClassAttributeOfAnElement(org.openqa.selenium.ElementAttributeTest)
三月 23, 2014 4:21:01 下午 org.openqa.selenium.remote.RemoteWebDriver log
信息: Executing: get [c974c33a-810d-fd43-85ab-6799d36210b2, get {url=http://localhost:6461/common/xhtmlTest.html}]
三月 23, 2014 4:21:01 下午 org.openqa.selenium.remote.RemoteWebDriver log
信息: Executed: [c974c33a-810d-fd43-85ab-6799d36210b2, get {url=http://localhost:6461/common/xhtmlTest.html}]
三月 23, 2014 4:21:01 下午 org.openqa.selenium.remote.RemoteWebDriver log
信息: Executing: findElement [c974c33a-810d-fd43-85ab-6799d36210b2, findElement {using=xpath, value=//h1}]
三月 23, 2014 4:21:01 下午 org.openqa.selenium.remote.RemoteWebDriver log
信息: Executed: [c974c33a-810d-fd43-85ab-6799d36210b2, findElement {using=xpath, value=//h1}]
三月 23, 2014 4:21:01 下午 org.openqa.selenium.remote.RemoteWebDriver log
信息: Executing: getElementAttribute [c974c33a-810d-fd43-85ab-6799d36210b2, getElementAttribute {id={dbbcef42-3082-fa4b-8fa6-ca277055e8d1}, name=class}]
三月 23, 2014 4:21:01 下午 org.openqa.selenium.remote.RemoteWebDriver log
信息: Executed: [c974c33a-810d-fd43-85ab-6799d36210b2, getElementAttribute {id={dbbcef42-3082-fa4b-8fa6-ca277055e8d1}, name=class}]
三月 23, 2014 4:21:01 下午 org.openqa.selenium.testing.JUnit4TestBase$1 finished
信息: <<< Finished testShouldReturnValueOfClassAttributeOfAnElement(org.openqa.selenium.ElementAttributeTest)
三月 23, 2014 4:21:01 下午 org.openqa.selenium.testing.JUnit4TestBase$1 starting
信息: >>> Starting testShouldGetNumericAtribute(org.openqa.selenium.ElementAttributeTest)
三月 23, 2014 4:21:01 下午 org.openqa.selenium.remote.RemoteWebDriver log
信息: Executing: get [c974c33a-810d-fd43-85ab-6799d36210b2, get {url=http://localhost:6461/common/formPage.html}]
三月 23, 2014 4:21:01 下午 org.openqa.selenium.remote.RemoteWebDriver log
信息: Executed: [c974c33a-810d-fd43-85ab-6799d36210b2, get {url=http://localhost:6461/common/formPage.html}]
三月 23, 2014 4:21:01 下午 org.openqa.selenium.remote.RemoteWebDriver log
信息: Executing: findElement [c974c33a-810d-fd43-85ab-6799d36210b2, findElement {using=id, value=withText}]
三月 23, 2014 4:21:01 下午 org.openqa.selenium.remote.RemoteWebDriver log
信息: Executed: [c974c33a-810d-fd43-85ab-6799d36210b2, findElement {using=id, value=withText}]
三月 23, 2014 4:21:01 下午 org.openqa.selenium.remote.RemoteWebDriver log
信息: Executing: getElementAttribute [c974c33a-810d-fd43-85ab-6799d36210b2, getElementAttribute {id={5249318b-2eb0-3745-a4ea-2c3d2ca7506e}, name=rows}]
三月 23, 2014 4:21:01 下午 org.openqa.selenium.remote.RemoteWebDriver log
信息: Executed: [c974c33a-810d-fd43-85ab-6799d36210b2, getElementAttribute {id={5249318b-2eb0-3745-a4ea-2c3d2ca7506e}, name=rows}]
三月 23, 2014 4:21:01 下午 org.openqa.selenium.testing.JUnit4TestBase$1 finished
信息: <<< Finished testShouldGetNumericAtribute(org.openqa.selenium.ElementAttributeTest)
三月 23, 2014 4:21:01 下午 org.openqa.selenium.testing.JUnit4TestBase$1 starting
信息: >>> Starting testShouldReturnTheValueOfTheIndexAttrbuteEvenIfItIsMissing(org.openqa.selenium.ElementAttributeTest)
三月 23, 2014 4:21:01 下午 org.openqa.selenium.remote.RemoteWebDriver log
信息: Executing: get [c974c33a-810d-fd43-85ab-6799d36210b2, get {url=http://localhost:6461/common/formPage.html}]
三月 23, 2014 4:21:01 下午 org.openqa.selenium.remote.RemoteWebDriver log
信息: Executed: [c974c33a-810d-fd43-85ab-6799d36210b2, get {url=http://localhost:6461/common/formPage.html}]
三月 23, 2014 4:21:01 下午 org.openqa.selenium.remote.RemoteWebDriver log
信息: Executing: findElement [c974c33a-810d-fd43-85ab-6799d36210b2, findElement {using=id, value=multi}]
三月 23, 2014 4:21:01 下午 org.openqa.selenium.remote.RemoteWebDriver log
信息: Executed: [c974c33a-810d-fd43-85ab-6799d36210b2, findElement {using=id, value=multi}]
三月 23, 2014 4:21:01 下午 org.openqa.selenium.remote.RemoteWebDriver log
信息: Executing: findChildElements [c974c33a-810d-fd43-85ab-6799d36210b2, findChildElements {id={97c6f5bb-8486-484c-a785-f702c347b278}, using=tag name, value=option}]
三月 23, 2014 4:21:01 下午 org.openqa.selenium.remote.RemoteWebDriver log
信息: Executed: [c974c33a-810d-fd43-85ab-6799d36210b2, findChildElements {id={97c6f5bb-8486-484c-a785-f702c347b278}, using=tag name, value=option}]
三月 23, 2014 4:21:01 下午 org.openqa.selenium.remote.RemoteWebDriver log
信息: Executing: getElementAttribute [c974c33a-810d-fd43-85ab-6799d36210b2, getElementAttribute {id={7a62c52c-b29d-764a-a0f6-979ef075db5e}, name=index}]
三月 23, 2014 4:21:01 下午 org.openqa.selenium.remote.RemoteWebDriver log
信息: Executed: [c974c33a-810d-fd43-85ab-6799d36210b2, getElementAttribute {id={7a62c52c-b29d-764a-a0f6-979ef075db5e}, name=index}]
三月 23, 2014 4:21:01 下午 org.openqa.selenium.testing.JUnit4TestBase$1 finished
信息: <<< Finished testShouldReturnTheValueOfTheIndexAttrbuteEvenIfItIsMissing(org.openqa.selenium.ElementAttributeTest)
三月 23, 2014 4:21:01 下午 org.openqa.selenium.testing.JUnit4TestBase$1 starting
信息: >>> Starting testShouldIndicateTheElementsThatAreDisabledAreNotEnabled(org.openqa.selenium.ElementAttributeTest)
三月 23, 2014 4:21:01 下午 org.openqa.selenium.remote.RemoteWebDriver log
信息: Executing: get [c974c33a-810d-fd43-85ab-6799d36210b2, get {url=http://localhost:6461/common/formPage.html}]
三月 23, 2014 4:21:01 下午 org.openqa.selenium.remote.RemoteWebDriver log
信息: Executed: [c974c33a-810d-fd43-85ab-6799d36210b2, get {url=http://localhost:6461/common/formPage.html}]
三月 23, 2014 4:21:01 下午 org.openqa.selenium.remote.RemoteWebDriver log
信息: Executing: findElement [c974c33a-810d-fd43-85ab-6799d36210b2, findElement {using=xpath, value=//input[@id='notWorking']}]
三月 23, 2014 4:21:01 下午 org.openqa.selenium.remote.RemoteWebDriver log
信息: Executed: [c974c33a-810d-fd43-85ab-6799d36210b2, findElement {using=xpath, value=//input[@id='notWorking']}]
三月 23, 2014 4:21:01 下午 org.openqa.selenium.remote.RemoteWebDriver log
信息: Executing: isElementEnabled [c974c33a-810d-fd43-85ab-6799d36210b2, isElementEnabled {id={7e16cdce-f4c3-4543-99a2-55b68509980f}}]
三月 23, 2014 4:21:01 下午 org.openqa.selenium.remote.RemoteWebDriver log
信息: Executed: [c974c33a-810d-fd43-85ab-6799d36210b2, isElementEnabled {id={7e16cdce-f4c3-4543-99a2-55b68509980f}}]
三月 23, 2014 4:21:01 下午 org.openqa.selenium.remote.RemoteWebDriver log
信息: Executing: findElement [c974c33a-810d-fd43-85ab-6799d36210b2, findElement {using=xpath, value=//input[@id='working']}]
三月 23, 2014 4:21:01 下午 org.openqa.selenium.remote.RemoteWebDriver log
信息: Executed: [c974c33a-810d-fd43-85ab-6799d36210b2, findElement {using=xpath, value=//input[@id='working']}]
三月 23, 2014 4:21:01 下午 org.openqa.selenium.remote.RemoteWebDriver log
信息: Executing: isElementEnabled [c974c33a-810d-fd43-85ab-6799d36210b2, isElementEnabled {id={02a2698f-ac18-5c44-b8c7-9661aa9b8237}}]
三月 23, 2014 4:21:01 下午 org.openqa.selenium.remote.RemoteWebDriver log
信息: Executed: [c974c33a-810d-fd43-85ab-6799d36210b2, isElementEnabled {id={02a2698f-ac18-5c44-b8c7-9661aa9b8237}}]
三月 23, 2014 4:21:01 下午 org.openqa.selenium.testing.JUnit4TestBase$1 finished
信息: <<< Finished testShouldIndicateTheElementsThatAreDisabledAreNotEnabled(org.openqa.selenium.ElementAttributeTest)
三月 23, 2014 4:21:01 下午 org.openqa.selenium.testing.JUnit4TestBase$1 starting
信息: >>> Starting testShouldReturnEmptyAttributeValuesWhenPresentAndTheValueIsActuallyEmpty(org.openqa.selenium.ElementAttributeTest)
三月 23, 2014 4:21:01 下午 org.openqa.selenium.remote.RemoteWebDriver log
信息: Executing: get [c974c33a-810d-fd43-85ab-6799d36210b2, get {url=http://localhost:6461/common/simpleTest.html}]
三月 23, 2014 4:21:01 下午 org.openqa.selenium.remote.RemoteWebDriver log
信息: Executed: [c974c33a-810d-fd43-85ab-6799d36210b2, get {url=http://localhost:6461/common/simpleTest.html}]
三月 23, 2014 4:21:01 下午 org.openqa.selenium.remote.RemoteWebDriver log
信息: Executing: findElement [c974c33a-810d-fd43-85ab-6799d36210b2, findElement {using=xpath, value=//body}]
三月 23, 2014 4:21:01 下午 org.openqa.selenium.remote.RemoteWebDriver log
信息: Executed: [c974c33a-810d-fd43-85ab-6799d36210b2, findElement {using=xpath, value=//body}]
三月 23, 2014 4:21:01 下午 org.openqa.selenium.remote.RemoteWebDriver log
信息: Executing: getElementAttribute [c974c33a-810d-fd43-85ab-6799d36210b2, getElementAttribute {id={83b1df38-5c2d-574d-9496-25b7cd36f38f}, name=style}]
三月 23, 2014 4:21:01 下午 org.openqa.selenium.remote.RemoteWebDriver log
信息: Executed: [c974c33a-810d-fd43-85ab-6799d36210b2, getElementAttribute {id={83b1df38-5c2d-574d-9496-25b7cd36f38f}, name=style}]
三月 23, 2014 4:21:01 下午 org.openqa.selenium.testing.JUnit4TestBase$1 finished
信息: <<< Finished testShouldReturnEmptyAttributeValuesWhenPresentAndTheValueIsActuallyEmpty(org.openqa.selenium.ElementAttributeTest)
三月 23, 2014 4:21:01 下午 org.openqa.selenium.testing.JUnit4TestBase$1 starting
信息: >>> Starting testMultipleAttributeShouldBeTrueWhenSet(org.openqa.selenium.ElementAttributeTest)
三月 23, 2014 4:21:01 下午 org.openqa.selenium.remote.RemoteWebDriver log
信息: Executing: get [c974c33a-810d-fd43-85ab-6799d36210b2, get {url=http://localhost:6461/common/selectPage.html}]
三月 23, 2014 4:21:01 下午 org.openqa.selenium.remote.RemoteWebDriver log
信息: Executed: [c974c33a-810d-fd43-85ab-6799d36210b2, get {url=http://localhost:6461/common/selectPage.html}]
三月 23, 2014 4:21:01 下午 org.openqa.selenium.remote.RemoteWebDriver log
信息: Executing: findElement [c974c33a-810d-fd43-85ab-6799d36210b2, findElement {using=id, value=selectWithMultipleEqualsMultiple}]
三月 23, 2014 4:21:01 下午 org.openqa.selenium.remote.RemoteWebDriver log
信息: Executed: [c974c33a-810d-fd43-85ab-6799d36210b2, findElement {using=id, value=selectWithMultipleEqualsMultiple}]
三月 23, 2014 4:21:01 下午 org.openqa.selenium.remote.RemoteWebDriver log
信息: Executing: getElementAttribute [c974c33a-810d-fd43-85ab-6799d36210b2, getElementAttribute {id={5c3bc680-4db7-5c4b-9897-3d6001a6c693}, name=multiple}]
三月 23, 2014 4:21:01 下午 org.openqa.selenium.remote.RemoteWebDriver log
信息: Executed: [c974c33a-810d-fd43-85ab-6799d36210b2, getElementAttribute {id={5c3bc680-4db7-5c4b-9897-3d6001a6c693}, name=multiple}]
三月 23, 2014 4:21:01 下午 org.openqa.selenium.testing.JUnit4TestBase$1 finished
信息: <<< Finished testMultipleAttributeShouldBeTrueWhenSet(org.openqa.selenium.ElementAttributeTest)
三月 23, 2014 4:21:01 下午 org.openqa.selenium.testing.JUnit4TestBase$1 starting
信息: >>> Starting testCanRetrieveTheCurrentValueOfATextFormField_textArea(org.openqa.selenium.ElementAttributeTest)
三月 23, 2014 4:21:01 下午 org.openqa.selenium.remote.RemoteWebDriver log
信息: Executing: get [c974c33a-810d-fd43-85ab-6799d36210b2, get {url=http://localhost:6461/common/formPage.html}]
三月 23, 2014 4:21:02 下午 org.openqa.selenium.remote.RemoteWebDriver log
信息: Executed: [c974c33a-810d-fd43-85ab-6799d36210b2, get {url=http://localhost:6461/common/formPage.html}]
三月 23, 2014 4:21:02 下午 org.openqa.selenium.remote.RemoteWebDriver log
信息: Executing: findElement [c974c33a-810d-fd43-85ab-6799d36210b2, findElement {using=id, value=emptyTextArea}]
三月 23, 2014 4:21:02 下午 org.openqa.selenium.remote.RemoteWebDriver log
信息: Executed: [c974c33a-810d-fd43-85ab-6799d36210b2, findElement {using=id, value=emptyTextArea}]
三月 23, 2014 4:21:02 下午 org.openqa.selenium.remote.RemoteWebDriver log
信息: Executing: getElementAttribute [c974c33a-810d-fd43-85ab-6799d36210b2, getElementAttribute {id={d17b5fe9-d604-cf4d-a017-437b588d8dec}, name=value}]
三月 23, 2014 4:21:02 下午 org.openqa.selenium.remote.RemoteWebDriver log
信息: Executed: [c974c33a-810d-fd43-85ab-6799d36210b2, getElementAttribute {id={d17b5fe9-d604-cf4d-a017-437b588d8dec}, name=value}]
三月 23, 2014 4:21:02 下午 org.openqa.selenium.remote.RemoteWebDriver log
信息: Executing: sendKeysToElement [c974c33a-810d-fd43-85ab-6799d36210b2, sendKeysToElement {id={d17b5fe9-d604-cf4d-a017-437b588d8dec}, value=[Ljava.lang.CharSequence;@5d31fee}]
三月 23, 2014 4:21:02 下午 org.openqa.selenium.remote.RemoteWebDriver log
信息: Executed: [c974c33a-810d-fd43-85ab-6799d36210b2, sendKeysToElement {id={d17b5fe9-d604-cf4d-a017-437b588d8dec}, value=[Ljava.lang.CharSequence;@5d31fee}]
三月 23, 2014 4:21:02 下午 org.openqa.selenium.remote.RemoteWebDriver log
信息: Executing: getElementAttribute [c974c33a-810d-fd43-85ab-6799d36210b2, getElementAttribute {id={d17b5fe9-d604-cf4d-a017-437b588d8dec}, name=value}]
三月 23, 2014 4:21:02 下午 org.openqa.selenium.remote.RemoteWebDriver log
信息: Executed: [c974c33a-810d-fd43-85ab-6799d36210b2, getElementAttribute {id={d17b5fe9-d604-cf4d-a017-437b588d8dec}, name=value}]
三月 23, 2014 4:21:02 下午 org.openqa.selenium.testing.JUnit4TestBase$1 finished
信息: <<< Finished testCanRetrieveTheCurrentValueOfATextFormField_textArea(org.openqa.selenium.ElementAttributeTest)
三月 23, 2014 4:21:02 下午 org.openqa.selenium.testing.JUnit4TestBase$1 starting
信息: >>> Starting testShouldReturnTheValueOfSelectedForOptionsOnlyIfTheyAreSelected(org.openqa.selenium.ElementAttributeTest)
三月 23, 2014 4:21:02 下午 org.openqa.selenium.remote.RemoteWebDriver log
信息: Executing: get [c974c33a-810d-fd43-85ab-6799d36210b2, get {url=http://localhost:6461/common/formPage.html}]
三月 23, 2014 4:21:02 下午 org.openqa.selenium.remote.RemoteWebDriver log
信息: Executed: [c974c33a-810d-fd43-85ab-6799d36210b2, get {url=http://localhost:6461/common/formPage.html}]
三月 23, 2014 4:21:02 下午 org.openqa.selenium.remote.RemoteWebDriver log
信息: Executing: findElement [c974c33a-810d-fd43-85ab-6799d36210b2, findElement {using=xpath, value=//select[@name='selectomatic']}]
三月 23, 2014 4:21:02 下午 org.openqa.selenium.remote.RemoteWebDriver log
信息: Executed: [c974c33a-810d-fd43-85ab-6799d36210b2, findElement {using=xpath, value=//select[@name='selectomatic']}]
三月 23, 2014 4:21:02 下午 org.openqa.selenium.remote.RemoteWebDriver log
信息: Executing: findChildElements [c974c33a-810d-fd43-85ab-6799d36210b2, findChildElements {id={5cac8ce8-58e3-4e43-a0d8-9744710080ff}, using=tag name, value=option}]
三月 23, 2014 4:21:02 下午 org.openqa.selenium.remote.RemoteWebDriver log
信息: Executed: [c974c33a-810d-fd43-85ab-6799d36210b2, findChildElements {id={5cac8ce8-58e3-4e43-a0d8-9744710080ff}, using=tag name, value=option}]
三月 23, 2014 4:21:02 下午 org.openqa.selenium.remote.RemoteWebDriver log
信息: Executing: isElementSelected [c974c33a-810d-fd43-85ab-6799d36210b2, isElementSelected {id={4144344e-ce23-bc42-a945-183a33422cf2}}]
三月 23, 2014 4:21:02 下午 org.openqa.selenium.remote.RemoteWebDriver log
信息: Executed: [c974c33a-810d-fd43-85ab-6799d36210b2, isElementSelected {id={4144344e-ce23-bc42-a945-183a33422cf2}}]
三月 23, 2014 4:21:02 下午 org.openqa.selenium.remote.RemoteWebDriver log
信息: Executing: isElementSelected [c974c33a-810d-fd43-85ab-6799d36210b2, isElementSelected {id={80a68c7e-bafb-8f47-a433-1668782db710}}]
三月 23, 2014 4:21:02 下午 org.openqa.selenium.remote.RemoteWebDriver log
信息: Executed: [c974c33a-810d-fd43-85ab-6799d36210b2, isElementSelected {id={80a68c7e-bafb-8f47-a433-1668782db710}}]
三月 23, 2014 4:21:02 下午 org.openqa.selenium.remote.RemoteWebDriver log
信息: Executing: getElementAttribute [c974c33a-810d-fd43-85ab-6799d36210b2, getElementAttribute {id={4144344e-ce23-bc42-a945-183a33422cf2}, name=selected}]
三月 23, 2014 4:21:02 下午 org.openqa.selenium.remote.RemoteWebDriver log
信息: Executed: [c974c33a-810d-fd43-85ab-6799d36210b2, getElementAttribute {id={4144344e-ce23-bc42-a945-183a33422cf2}, name=selected}]
三月 23, 2014 4:21:02 下午 org.openqa.selenium.remote.RemoteWebDriver log
信息: Executing: getElementAttribute [c974c33a-810d-fd43-85ab-6799d36210b2, getElementAttribute {id={80a68c7e-bafb-8f47-a433-1668782db710}, name=selected}]
三月 23, 2014 4:21:02 下午 org.openqa.selenium.remote.RemoteWebDriver log
信息: Executed: [c974c33a-810d-fd43-85ab-6799d36210b2, getElementAttribute {id={80a68c7e-bafb-8f47-a433-1668782db710}, name=selected}]
三月 23, 2014 4:21:02 下午 org.openqa.selenium.testing.JUnit4TestBase$1 finished
信息: <<< Finished testShouldReturnTheValueOfSelectedForOptionsOnlyIfTheyAreSelected(org.openqa.selenium.ElementAttributeTest)
三月 23, 2014 4:21:02 下午 org.openqa.selenium.testing.JUnit4TestBase$1 starting
信息: >>> Starting testMultipleAttributeShouldBeNullWhenNotSet(org.openqa.selenium.ElementAttributeTest)
三月 23, 2014 4:21:02 下午 org.openqa.selenium.remote.RemoteWebDriver log
信息: Executing: get [c974c33a-810d-fd43-85ab-6799d36210b2, get {url=http://localhost:6461/common/selectPage.html}]
三月 23, 2014 4:21:02 下午 org.openqa.selenium.remote.RemoteWebDriver log
信息: Executed: [c974c33a-810d-fd43-85ab-6799d36210b2, get {url=http://localhost:6461/common/selectPage.html}]
三月 23, 2014 4:21:02 下午 org.openqa.selenium.remote.RemoteWebDriver log
信息: Executing: findElement [c974c33a-810d-fd43-85ab-6799d36210b2, findElement {using=id, value=selectWithoutMultiple}]
三月 23, 2014 4:21:02 下午 org.openqa.selenium.remote.RemoteWebDriver log
信息: Executed: [c974c33a-810d-fd43-85ab-6799d36210b2, findElement {using=id, value=selectWithoutMultiple}]
三月 23, 2014 4:21:02 下午 org.openqa.selenium.remote.RemoteWebDriver log
信息: Executing: getElementAttribute [c974c33a-810d-fd43-85ab-6799d36210b2, getElementAttribute {id={1c39ef75-df20-c04a-9620-2ef55d683aa0}, name=multiple}]
三月 23, 2014 4:21:02 下午 org.openqa.selenium.remote.RemoteWebDriver log
信息: Executed: [c974c33a-810d-fd43-85ab-6799d36210b2, getElementAttribute {id={1c39ef75-df20-c04a-9620-2ef55d683aa0}, name=multiple}]
三月 23, 2014 4:21:02 下午 org.openqa.selenium.testing.JUnit4TestBase$1 finished
信息: <<< Finished testMultipleAttributeShouldBeNullWhenNotSet(org.openqa.selenium.ElementAttributeTest)
三月 23, 2014 4:21:02 下午 org.openqa.selenium.testing.JUnit4TestBase$1 starting
信息: >>> Starting testMultipleAttributeShouldBeTrueWhenSelectHasMultipleWithValueAsSomethingElse(org.openqa.selenium.ElementAttributeTest)
三月 23, 2014 4:21:02 下午 org.openqa.selenium.remote.RemoteWebDriver log
信息: Executing: get [c974c33a-810d-fd43-85ab-6799d36210b2, get {url=http://localhost:6461/common/selectPage.html}]
三月 23, 2014 4:21:02 下午 org.openqa.selenium.remote.RemoteWebDriver log
信息: Executed: [c974c33a-810d-fd43-85ab-6799d36210b2, get {url=http://localhost:6461/common/selectPage.html}]
三月 23, 2014 4:21:02 下午 org.openqa.selenium.remote.RemoteWebDriver log
信息: Executing: findElement [c974c33a-810d-fd43-85ab-6799d36210b2, findElement {using=id, value=selectWithRandomMultipleValue}]
三月 23, 2014 4:21:02 下午 org.openqa.selenium.remote.RemoteWebDriver log
信息: Executed: [c974c33a-810d-fd43-85ab-6799d36210b2, findElement {using=id, value=selectWithRandomMultipleValue}]
三月 23, 2014 4:21:02 下午 org.openqa.selenium.remote.RemoteWebDriver log
信息: Executing: getElementAttribute [c974c33a-810d-fd43-85ab-6799d36210b2, getElementAttribute {id={3165f0b3-b6eb-a148-9136-881a0e4426b3}, name=multiple}]
三月 23, 2014 4:21:02 下午 org.openqa.selenium.remote.RemoteWebDriver log
信息: Executed: [c974c33a-810d-fd43-85ab-6799d36210b2, getElementAttribute {id={3165f0b3-b6eb-a148-9136-881a0e4426b3}, name=multiple}]
三月 23, 2014 4:21:02 下午 org.openqa.selenium.testing.JUnit4TestBase$1 finished
信息: <<< Finished testMultipleAttributeShouldBeTrueWhenSelectHasMultipleWithValueAsSomethingElse(org.openqa.selenium.ElementAttributeTest)
三月 23, 2014 4:21:02 下午 org.openqa.selenium.testing.JUnit4TestBase$1 starting
信息: >>> Starting testMultipleAttributeShouldBeTrueWhenSelectHasMultipleWithoutAValue(org.openqa.selenium.ElementAttributeTest)
三月 23, 2014 4:21:02 下午 org.openqa.selenium.remote.RemoteWebDriver log
信息: Executing: get [c974c33a-810d-fd43-85ab-6799d36210b2, get {url=http://localhost:6461/common/selectPage.html}]
三月 23, 2014 4:21:02 下午 org.openqa.selenium.remote.RemoteWebDriver log
信息: Executed: [c974c33a-810d-fd43-85ab-6799d36210b2, get {url=http://localhost:6461/common/selectPage.html}]
三月 23, 2014 4:21:02 下午 org.openqa.selenium.remote.RemoteWebDriver log
信息: Executing: findElement [c974c33a-810d-fd43-85ab-6799d36210b2, findElement {using=id, value=selectWithMultipleWithoutValue}]
三月 23, 2014 4:21:02 下午 org.openqa.selenium.remote.RemoteWebDriver log
信息: Executed: [c974c33a-810d-fd43-85ab-6799d36210b2, findElement {using=id, value=selectWithMultipleWithoutValue}]
三月 23, 2014 4:21:02 下午 org.openqa.selenium.remote.RemoteWebDriver log
信息: Executing: getElementAttribute [c974c33a-810d-fd43-85ab-6799d36210b2, getElementAttribute {id={2da87dd2-7d3b-ed43-add9-0bf54a779bb0}, name=multiple}]
三月 23, 2014 4:21:02 下午 org.openqa.selenium.remote.RemoteWebDriver log
信息: Executed: [c974c33a-810d-fd43-85ab-6799d36210b2, getElementAttribute {id={2da87dd2-7d3b-ed43-add9-0bf54a779bb0}, name=multiple}]
三月 23, 2014 4:21:02 下午 org.openqa.selenium.testing.JUnit4TestBase$1 finished
信息: <<< Finished testMultipleAttributeShouldBeTrueWhenSelectHasMultipleWithoutAValue(org.openqa.selenium.ElementAttributeTest)
三月 23, 2014 4:21:02 下午 org.openqa.selenium.testing.JUnit4TestBase$1 starting
信息: >>> Starting testElementsShouldBeDisabledIfTheyAreDisabledUsingRandomDisabledStrings(org.openqa.selenium.ElementAttributeTest)
三月 23, 2014 4:21:02 下午 org.openqa.selenium.remote.RemoteWebDriver log
信息: Executing: get [c974c33a-810d-fd43-85ab-6799d36210b2, get {url=http://localhost:6461/common/formPage.html}]
三月 23, 2014 4:21:02 下午 org.openqa.selenium.remote.RemoteWebDriver log
信息: Executed: [c974c33a-810d-fd43-85ab-6799d36210b2, get {url=http://localhost:6461/common/formPage.html}]
三月 23, 2014 4:21:02 下午 org.openqa.selenium.remote.RemoteWebDriver log
信息: Executing: findElement [c974c33a-810d-fd43-85ab-6799d36210b2, findElement {using=id, value=disabledTextElement1}]
三月 23, 2014 4:21:02 下午 org.openqa.selenium.remote.RemoteWebDriver log
信息: Executed: [c974c33a-810d-fd43-85ab-6799d36210b2, findElement {using=id, value=disabledTextElement1}]
三月 23, 2014 4:21:02 下午 org.openqa.selenium.remote.RemoteWebDriver log
信息: Executing: isElementEnabled [c974c33a-810d-fd43-85ab-6799d36210b2, isElementEnabled {id={ce30f8c1-cb34-414a-bc21-e96229664ba1}}]
三月 23, 2014 4:21:02 下午 org.openqa.selenium.remote.RemoteWebDriver log
信息: Executed: [c974c33a-810d-fd43-85ab-6799d36210b2, isElementEnabled {id={ce30f8c1-cb34-414a-bc21-e96229664ba1}}]
三月 23, 2014 4:21:02 下午 org.openqa.selenium.remote.RemoteWebDriver log
信息: Executing: findElement [c974c33a-810d-fd43-85ab-6799d36210b2, findElement {using=id, value=disabledTextElement2}]
三月 23, 2014 4:21:02 下午 org.openqa.selenium.remote.RemoteWebDriver log
信息: Executed: [c974c33a-810d-fd43-85ab-6799d36210b2, findElement {using=id, value=disabledTextElement2}]
三月 23, 2014 4:21:02 下午 org.openqa.selenium.remote.RemoteWebDriver log
信息: Executing: isElementEnabled [c974c33a-810d-fd43-85ab-6799d36210b2, isElementEnabled {id={400d8f94-6d1e-ac45-9020-4050481e99b1}}]
三月 23, 2014 4:21:02 下午 org.openqa.selenium.remote.RemoteWebDriver log
信息: Executed: [c974c33a-810d-fd43-85ab-6799d36210b2, isElementEnabled {id={400d8f94-6d1e-ac45-9020-4050481e99b1}}]
三月 23, 2014 4:21:02 下午 org.openqa.selenium.remote.RemoteWebDriver log
信息: Executing: findElement [c974c33a-810d-fd43-85ab-6799d36210b2, findElement {using=id, value=disabledSubmitElement}]
三月 23, 2014 4:21:02 下午 org.openqa.selenium.remote.RemoteWebDriver log
信息: Executed: [c974c33a-810d-fd43-85ab-6799d36210b2, findElement {using=id, value=disabledSubmitElement}]
三月 23, 2014 4:21:02 下午 org.openqa.selenium.remote.RemoteWebDriver log
信息: Executing: isElementEnabled [c974c33a-810d-fd43-85ab-6799d36210b2, isElementEnabled {id={b887c3cc-7ff2-104b-9d22-9f7dcec835da}}]
三月 23, 2014 4:21:02 下午 org.openqa.selenium.remote.RemoteWebDriver log
信息: Executed: [c974c33a-810d-fd43-85ab-6799d36210b2, isElementEnabled {id={b887c3cc-7ff2-104b-9d22-9f7dcec835da}}]
三月 23, 2014 4:21:02 下午 org.openqa.selenium.testing.JUnit4TestBase$1 finished
信息: <<< Finished testElementsShouldBeDisabledIfTheyAreDisabledUsingRandomDisabledStrings(org.openqa.selenium.ElementAttributeTest)
三月 23, 2014 4:21:02 下午 org.openqa.selenium.testing.JUnit4TestBase$1 starting
信息: >>> Starting testShouldReturnNullWhenGettingSrcAttributeOfInvalidImgTag(org.openqa.selenium.ElementAttributeTest)
三月 23, 2014 4:21:02 下午 org.openqa.selenium.remote.RemoteWebDriver log
信息: Executing: get [c974c33a-810d-fd43-85ab-6799d36210b2, get {url=http://localhost:6461/common/simpleTest.html}]
三月 23, 2014 4:21:02 下午 org.openqa.selenium.remote.RemoteWebDriver log
信息: Executed: [c974c33a-810d-fd43-85ab-6799d36210b2, get {url=http://localhost:6461/common/simpleTest.html}]
三月 23, 2014 4:21:02 下午 org.openqa.selenium.remote.RemoteWebDriver log
信息: Executing: findElement [c974c33a-810d-fd43-85ab-6799d36210b2, findElement {using=id, value=invalidImgTag}]
三月 23, 2014 4:21:02 下午 org.openqa.selenium.remote.RemoteWebDriver log
信息: Executed: [c974c33a-810d-fd43-85ab-6799d36210b2, findElement {using=id, value=invalidImgTag}]
三月 23, 2014 4:21:02 下午 org.openqa.selenium.remote.RemoteWebDriver log
信息: Executing: getElementAttribute [c974c33a-810d-fd43-85ab-6799d36210b2, getElementAttribute {id={723625c1-fdc7-4547-9808-7a0b78d1a94f}, name=src}]
三月 23, 2014 4:21:02 下午 org.openqa.selenium.remote.RemoteWebDriver log
信息: Executed: [c974c33a-810d-fd43-85ab-6799d36210b2, getElementAttribute {id={723625c1-fdc7-4547-9808-7a0b78d1a94f}, name=src}]
三月 23, 2014 4:21:02 下午 org.openqa.selenium.testing.JUnit4TestBase$1 finished
信息: <<< Finished testShouldReturnNullWhenGettingSrcAttributeOfInvalidImgTag(org.openqa.selenium.ElementAttributeTest)
三月 23, 2014 4:21:02 下午 org.openqa.selenium.testing.JUnit4TestBase$1 starting
信息: >>> Starting testShouldThrowExceptionIfSendingKeysToElementDisabledUsingRandomDisabledStrings(org.openqa.selenium.ElementAttributeTest)
三月 23, 2014 4:21:02 下午 org.openqa.selenium.remote.RemoteWebDriver log
信息: Executing: get [c974c33a-810d-fd43-85ab-6799d36210b2, get {url=http://localhost:6461/common/formPage.html}]
三月 23, 2014 4:21:02 下午 org.openqa.selenium.remote.RemoteWebDriver log
信息: Executed: [c974c33a-810d-fd43-85ab-6799d36210b2, get {url=http://localhost:6461/common/formPage.html}]
三月 23, 2014 4:21:02 下午 org.openqa.selenium.remote.RemoteWebDriver log
信息: Executing: findElement [c974c33a-810d-fd43-85ab-6799d36210b2, findElement {using=id, value=disabledTextElement1}]
三月 23, 2014 4:21:02 下午 org.openqa.selenium.remote.RemoteWebDriver log
信息: Executed: [c974c33a-810d-fd43-85ab-6799d36210b2, findElement {using=id, value=disabledTextElement1}]
三月 23, 2014 4:21:02 下午 org.openqa.selenium.remote.RemoteWebDriver log
信息: Executing: sendKeysToElement [c974c33a-810d-fd43-85ab-6799d36210b2, sendKeysToElement {id={47a7bda7-a2a2-a14c-9bb2-6a49fa53b259}, value=[Ljava.lang.CharSequence;@4a58fee6}]
三月 23, 2014 4:21:02 下午 org.openqa.selenium.remote.RemoteWebDriver log
信息: Executed: [c974c33a-810d-fd43-85ab-6799d36210b2, sendKeysToElement {id={47a7bda7-a2a2-a14c-9bb2-6a49fa53b259}, value=[Ljava.lang.CharSequence;@4a58fee6}]
三月 23, 2014 4:21:02 下午 org.openqa.selenium.remote.RemoteWebDriver log
信息: Executing: getElementText [c974c33a-810d-fd43-85ab-6799d36210b2, getElementText {id={47a7bda7-a2a2-a14c-9bb2-6a49fa53b259}}]
三月 23, 2014 4:21:02 下午 org.openqa.selenium.remote.RemoteWebDriver log
信息: Executed: [c974c33a-810d-fd43-85ab-6799d36210b2, getElementText {id={47a7bda7-a2a2-a14c-9bb2-6a49fa53b259}}]
三月 23, 2014 4:21:02 下午 org.openqa.selenium.remote.RemoteWebDriver log
信息: Executing: findElement [c974c33a-810d-fd43-85ab-6799d36210b2, findElement {using=id, value=disabledTextElement2}]
三月 23, 2014 4:21:02 下午 org.openqa.selenium.remote.RemoteWebDriver log
信息: Executed: [c974c33a-810d-fd43-85ab-6799d36210b2, findElement {using=id, value=disabledTextElement2}]
三月 23, 2014 4:21:02 下午 org.openqa.selenium.remote.RemoteWebDriver log
信息: Executing: sendKeysToElement [c974c33a-810d-fd43-85ab-6799d36210b2, sendKeysToElement {id={9c134395-8110-5947-99d7-6c172b2a334b}, value=[Ljava.lang.CharSequence;@55441625}]
三月 23, 2014 4:21:02 下午 org.openqa.selenium.remote.RemoteWebDriver log
信息: Executed: [c974c33a-810d-fd43-85ab-6799d36210b2, sendKeysToElement {id={9c134395-8110-5947-99d7-6c172b2a334b}, value=[Ljava.lang.CharSequence;@55441625}]
三月 23, 2014 4:21:02 下午 org.openqa.selenium.remote.RemoteWebDriver log
信息: Executing: getElementText [c974c33a-810d-fd43-85ab-6799d36210b2, getElementText {id={9c134395-8110-5947-99d7-6c172b2a334b}}]
三月 23, 2014 4:21:02 下午 org.openqa.selenium.remote.RemoteWebDriver log
信息: Executed: [c974c33a-810d-fd43-85ab-6799d36210b2, getElementText {id={9c134395-8110-5947-99d7-6c172b2a334b}}]
三月 23, 2014 4:21:02 下午 org.openqa.selenium.testing.JUnit4TestBase$1 finished
信息: <<< Finished testShouldThrowExceptionIfSendingKeysToElementDisabledUsingRandomDisabledStrings(org.openqa.selenium.ElementAttributeTest)
三月 23, 2014 4:21:02 下午 org.openqa.selenium.testing.JUnit4TestBase$1 starting
信息: >>> Starting testShouldReturnNullWhenGettingTheValueOfAnAttributeThatIsNotListed(org.openqa.selenium.ElementAttributeTest)
三月 23, 2014 4:21:02 下午 org.openqa.selenium.remote.RemoteWebDriver log
信息: Executing: get [c974c33a-810d-fd43-85ab-6799d36210b2, get {url=http://localhost:6461/common/simpleTest.html}]
三月 23, 2014 4:21:02 下午 org.openqa.selenium.remote.RemoteWebDriver log
信息: Executed: [c974c33a-810d-fd43-85ab-6799d36210b2, get {url=http://localhost:6461/common/simpleTest.html}]
三月 23, 2014 4:21:02 下午 org.openqa.selenium.remote.RemoteWebDriver log
信息: Executing: findElement [c974c33a-810d-fd43-85ab-6799d36210b2, findElement {using=xpath, value=/html}]
三月 23, 2014 4:21:02 下午 org.openqa.selenium.remote.RemoteWebDriver log
信息: Executed: [c974c33a-810d-fd43-85ab-6799d36210b2, findElement {using=xpath, value=/html}]
三月 23, 2014 4:21:02 下午 org.openqa.selenium.remote.RemoteWebDriver log
信息: Executing: getElementAttribute [c974c33a-810d-fd43-85ab-6799d36210b2, getElementAttribute {id={97c7d55c-d9e8-9340-bf71-6365b28da9ed}, name=cheese}]
三月 23, 2014 4:21:02 下午 org.openqa.selenium.remote.RemoteWebDriver log
信息: Executed: [c974c33a-810d-fd43-85ab-6799d36210b2, getElementAttribute {id={97c7d55c-d9e8-9340-bf71-6365b28da9ed}, name=cheese}]
三月 23, 2014 4:21:02 下午 org.openqa.selenium.testing.JUnit4TestBase$1 finished
信息: <<< Finished testShouldReturnNullWhenGettingTheValueOfAnAttributeThatIsNotListed(org.openqa.selenium.ElementAttributeTest)
三月 23, 2014 4:21:02 下午 org.openqa.selenium.testing.JUnit4TestBase$1 starting
信息: >>> Starting testSameElementLookedUpDifferentWaysUsingFindElementShouldHaveSameHashCode(org.openqa.selenium.ElementEqualityTest)
三月 23, 2014 4:21:02 下午 org.openqa.selenium.remote.RemoteWebDriver log
信息: Executing: get [c974c33a-810d-fd43-85ab-6799d36210b2, get {url=http://localhost:6461/common/simpleTest.html}]
三月 23, 2014 4:21:02 下午 org.openqa.selenium.remote.RemoteWebDriver log
信息: Executed: [c974c33a-810d-fd43-85ab-6799d36210b2, get {url=http://localhost:6461/common/simpleTest.html}]
三月 23, 2014 4:21:02 下午 org.openqa.selenium.remote.RemoteWebDriver log
信息: Executing: findElement [c974c33a-810d-fd43-85ab-6799d36210b2, findElement {using=tag name, value=body}]
三月 23, 2014 4:21:02 下午 org.openqa.selenium.remote.RemoteWebDriver log
信息: Executed: [c974c33a-810d-fd43-85ab-6799d36210b2, findElement {using=tag name, value=body}]
三月 23, 2014 4:21:02 下午 org.openqa.selenium.remote.RemoteWebDriver log
信息: Executing: findElement [c974c33a-810d-fd43-85ab-6799d36210b2, findElement {using=xpath, value=//body}]
三月 23, 2014 4:21:02 下午 org.openqa.selenium.remote.RemoteWebDriver log
信息: Executed: [c974c33a-810d-fd43-85ab-6799d36210b2, findElement {using=xpath, value=//body}]
三月 23, 2014 4:21:02 下午 org.openqa.selenium.testing.JUnit4TestBase$1 finished
信息: <<< Finished testSameElementLookedUpDifferentWaysUsingFindElementShouldHaveSameHashCode(org.openqa.selenium.ElementEqualityTest)
三月 23, 2014 4:21:02 下午 org.openqa.selenium.testing.JUnit4TestBase$1 starting
信息: >>> Starting testSameElementLookedUpDifferentWaysShouldBeEqual(org.openqa.selenium.ElementEqualityTest)
三月 23, 2014 4:21:02 下午 org.openqa.selenium.remote.RemoteWebDriver log
信息: Executing: get [c974c33a-810d-fd43-85ab-6799d36210b2, get {url=http://localhost:6461/common/simpleTest.html}]
三月 23, 2014 4:21:02 下午 org.openqa.selenium.remote.RemoteWebDriver log
信息: Executed: [c974c33a-810d-fd43-85ab-6799d36210b2, get {url=http://localhost:6461/common/simpleTest.html}]
三月 23, 2014 4:21:02 下午 org.openqa.selenium.remote.RemoteWebDriver log
信息: Executing: findElement [c974c33a-810d-fd43-85ab-6799d36210b2, findElement {using=tag name, value=body}]
三月 23, 2014 4:21:02 下午 org.openqa.selenium.remote.RemoteWebDriver log
信息: Executed: [c974c33a-810d-fd43-85ab-6799d36210b2, findElement {using=tag name, value=body}]
三月 23, 2014 4:21:02 下午 org.openqa.selenium.remote.RemoteWebDriver log
信息: Executing: findElements [c974c33a-810d-fd43-85ab-6799d36210b2, findElements {using=xpath, value=//body}]
三月 23, 2014 4:21:02 下午 org.openqa.selenium.remote.RemoteWebDriver log
信息: Executed: [c974c33a-810d-fd43-85ab-6799d36210b2, findElements {using=xpath, value=//body}]
三月 23, 2014 4:21:02 下午 org.openqa.selenium.testing.JUnit4TestBase$1 finished
信息: <<< Finished testSameElementLookedUpDifferentWaysShouldBeEqual(org.openqa.selenium.ElementEqualityTest)
三月 23, 2014 4:21:02 下午 org.openqa.selenium.testing.JUnit4TestBase$1 starting
信息: >>> Starting testSameElementLookedUpDifferentWaysUsingFindElementsShouldHaveSameHashCode(org.openqa.selenium.ElementEqualityTest)
三月 23, 2014 4:21:02 下午 org.openqa.selenium.remote.RemoteWebDriver log
信息: Executing: get [c974c33a-810d-fd43-85ab-6799d36210b2, get {url=http://localhost:6461/common/simpleTest.html}]
三月 23, 2014 4:21:03 下午 org.openqa.selenium.remote.RemoteWebDriver log
信息: Executed: [c974c33a-810d-fd43-85ab-6799d36210b2, get {url=http://localhost:6461/common/simpleTest.html}]
三月 23, 2014 4:21:03 下午 org.openqa.selenium.remote.RemoteWebDriver log
信息: Executing: findElements [c974c33a-810d-fd43-85ab-6799d36210b2, findElements {using=tag name, value=body}]
三月 23, 2014 4:21:03 下午 org.openqa.selenium.remote.RemoteWebDriver log
信息: Executed: [c974c33a-810d-fd43-85ab-6799d36210b2, findElements {using=tag name, value=body}]
三月 23, 2014 4:21:03 下午 org.openqa.selenium.remote.RemoteWebDriver log
信息: Executing: findElements [c974c33a-810d-fd43-85ab-6799d36210b2, findElements {using=xpath, value=//body}]
三月 23, 2014 4:21:03 下午 org.openqa.selenium.remote.RemoteWebDriver log
信息: Executed: [c974c33a-810d-fd43-85ab-6799d36210b2, findElements {using=xpath, value=//body}]
三月 23, 2014 4:21:03 下午 org.openqa.selenium.testing.JUnit4TestBase$1 finished
信息: <<< Finished testSameElementLookedUpDifferentWaysUsingFindElementsShouldHaveSameHashCode(org.openqa.selenium.ElementEqualityTest)
三月 23, 2014 4:21:03 下午 org.openqa.selenium.testing.JUnit4TestBase$1 starting
信息: >>> Starting testAnElementFoundInADifferentFrameViaJsShouldHaveSameId(org.openqa.selenium.ElementEqualityTest)
三月 23, 2014 4:21:03 下午 org.openqa.selenium.remote.RemoteWebDriver log
信息: Executing: get [c974c33a-810d-fd43-85ab-6799d36210b2, get {url=http://localhost:6461/common/missedJsReference.html}]
三月 23, 2014 4:21:03 下午 org.openqa.selenium.remote.RemoteWebDriver log
信息: Executed: [c974c33a-810d-fd43-85ab-6799d36210b2, get {url=http://localhost:6461/common/missedJsReference.html}]
三月 23, 2014 4:21:03 下午 org.openqa.selenium.remote.RemoteWebDriver log
信息: Executing: switchToFrame [c974c33a-810d-fd43-85ab-6799d36210b2, switchToFrame {id=inner}]
三月 23, 2014 4:21:03 下午 org.openqa.selenium.remote.RemoteWebDriver log
信息: Executed: [c974c33a-810d-fd43-85ab-6799d36210b2, switchToFrame {id=inner}]
三月 23, 2014 4:21:03 下午 org.openqa.selenium.remote.RemoteWebDriver log
信息: Executing: findElement [c974c33a-810d-fd43-85ab-6799d36210b2, findElement {using=id, value=oneline}]
三月 23, 2014 4:21:03 下午 org.openqa.selenium.remote.RemoteWebDriver log
信息: Executed: [c974c33a-810d-fd43-85ab-6799d36210b2, findElement {using=id, value=oneline}]
三月 23, 2014 4:21:03 下午 org.openqa.selenium.remote.RemoteWebDriver log
信息: Executing: switchToFrame [c974c33a-810d-fd43-85ab-6799d36210b2, switchToFrame {id=null}]
三月 23, 2014 4:21:03 下午 org.openqa.selenium.remote.RemoteWebDriver log
信息: Executed: [c974c33a-810d-fd43-85ab-6799d36210b2, switchToFrame {id=null}]
三月 23, 2014 4:21:03 下午 org.openqa.selenium.remote.RemoteWebDriver log
信息: Executing: executeScript [c974c33a-810d-fd43-85ab-6799d36210b2, executeScript {script=return frames[0].document.getElementById('oneline');, args=[]}]
三月 23, 2014 4:21:03 下午 org.openqa.selenium.remote.RemoteWebDriver log
信息: Executed: [c974c33a-810d-fd43-85ab-6799d36210b2, executeScript {script=return frames[0].document.getElementById('oneline');, args=[]}]
三月 23, 2014 4:21:03 下午 org.openqa.selenium.remote.RemoteWebDriver log
信息: Executing: switchToFrame [c974c33a-810d-fd43-85ab-6799d36210b2, switchToFrame {id=inner}]
三月 23, 2014 4:21:03 下午 org.openqa.selenium.remote.RemoteWebDriver log
信息: Executed: [c974c33a-810d-fd43-85ab-6799d36210b2, switchToFrame {id=inner}]
三月 23, 2014 4:21:03 下午 org.openqa.selenium.remote.RemoteWebDriver log
信息: Executing: findElement [c974c33a-810d-fd43-85ab-6799d36210b2, findElement {using=id, value=oneline}]
三月 23, 2014 4:21:03 下午 org.openqa.selenium.remote.RemoteWebDriver log
信息: Executed: [c974c33a-810d-fd43-85ab-6799d36210b2, findElement {using=id, value=oneline}]
三月 23, 2014 4:21:03 下午 org.openqa.selenium.testing.JUnit4TestBase$1 finished
信息: <<< Finished testAnElementFoundInADifferentFrameViaJsShouldHaveSameId(org.openqa.selenium.ElementEqualityTest)
三月 23, 2014 4:21:03 下午 org.openqa.selenium.testing.JUnit4TestBase$1 starting
信息: >>> Starting testDifferentElementsShouldNotBeEqual(org.openqa.selenium.ElementEqualityTest)
三月 23, 2014 4:21:03 下午 org.openqa.selenium.remote.RemoteWebDriver log
信息: Executing: get [c974c33a-810d-fd43-85ab-6799d36210b2, get {url=http://localhost:6461/common/simpleTest.html}]
三月 23, 2014 4:21:03 下午 org.openqa.selenium.remote.RemoteWebDriver log
信息: Executed: [c974c33a-810d-fd43-85ab-6799d36210b2, get {url=http://localhost:6461/common/simpleTest.html}]
三月 23, 2014 4:21:03 下午 org.openqa.selenium.remote.RemoteWebDriver log
信息: Executing: findElements [c974c33a-810d-fd43-85ab-6799d36210b2, findElements {using=tag name, value=p}]
三月 23, 2014 4:21:03 下午 org.openqa.selenium.remote.RemoteWebDriver log
信息: Executed: [c974c33a-810d-fd43-85ab-6799d36210b2, findElements {using=tag name, value=p}]
三月 23, 2014 4:21:03 下午 org.openqa.selenium.remote.RemoteWebDriver log
信息: Executing: elementEquals [c974c33a-810d-fd43-85ab-6799d36210b2, elementEquals {id={9c4b2db8-ff68-414d-a9bd-9729362e3866}, other={e2fd3c5b-2608-7547-9267-0193c0960367}}]
三月 23, 2014 4:21:03 下午 org.openqa.selenium.remote.RemoteWebDriver log
信息: Executed: [c974c33a-810d-fd43-85ab-6799d36210b2, elementEquals {id={9c4b2db8-ff68-414d-a9bd-9729362e3866}, other={e2fd3c5b-2608-7547-9267-0193c0960367}}]
三月 23, 2014 4:21:03 下午 org.openqa.selenium.testing.JUnit4TestBase$1 finished
信息: <<< Finished testDifferentElementsShouldNotBeEqual(org.openqa.selenium.ElementEqualityTest)
三月 23, 2014 4:21:03 下午 org.openqa.selenium.testing.JUnit4TestBase$1 starting
信息: >>> Starting testShouldFindElementByLinkTextContainingEqualsSign(org.openqa.selenium.ElementFindingTest)
三月 23, 2014 4:21:03 下午 org.openqa.selenium.remote.RemoteWebDriver log
信息: Executing: get [c974c33a-810d-fd43-85ab-6799d36210b2, get {url=http://localhost:6461/common/xhtmlTest.html}]
三月 23, 2014 4:21:03 下午 org.openqa.selenium.remote.RemoteWebDriver log
信息: Executed: [c974c33a-810d-fd43-85ab-6799d36210b2, get {url=http://localhost:6461/common/xhtmlTest.html}]
三月 23, 2014 4:21:03 下午 org.openqa.selenium.remote.RemoteWebDriver log
信息: Executing: findElement [c974c33a-810d-fd43-85ab-6799d36210b2, findElement {using=link text, value=Link=equalssign}]
三月 23, 2014 4:21:03 下午 org.openqa.selenium.remote.RemoteWebDriver log
信息: Executed: [c974c33a-810d-fd43-85ab-6799d36210b2, findElement {using=link text, value=Link=equalssign}]
三月 23, 2014 4:21:03 下午 org.openqa.selenium.remote.RemoteWebDriver log
信息: Executing: getElementAttribute [c974c33a-810d-fd43-85ab-6799d36210b2, getElementAttribute {id={83953fd0-f277-3446-b8db-af713e10ba20}, name=id}]
三月 23, 2014 4:21:03 下午 org.openqa.selenium.remote.RemoteWebDriver log
信息: Executed: [c974c33a-810d-fd43-85ab-6799d36210b2, getElementAttribute {id={83953fd0-f277-3446-b8db-af713e10ba20}, name=id}]
三月 23, 2014 4:21:03 下午 org.openqa.selenium.testing.JUnit4TestBase$1 finished
信息: <<< Finished testShouldFindElementByLinkTextContainingEqualsSign(org.openqa.selenium.ElementFindingTest)
三月 23, 2014 4:21:03 下午 org.openqa.selenium.testing.JUnit4TestBase$1 starting
信息: >>> Starting testFindingMultipleElementsByInvalidClassNameShouldThrow(org.openqa.selenium.ElementFindingTest)
三月 23, 2014 4:21:03 下午 org.openqa.selenium.remote.RemoteWebDriver log
信息: Executing: get [c974c33a-810d-fd43-85ab-6799d36210b2, get {url=http://localhost:6461/common/xhtmlTest.html}]
三月 23, 2014 4:21:03 下午 org.openqa.selenium.remote.RemoteWebDriver log
信息: Executed: [c974c33a-810d-fd43-85ab-6799d36210b2, get {url=http://localhost:6461/common/xhtmlTest.html}]
三月 23, 2014 4:21:03 下午 org.openqa.selenium.remote.RemoteWebDriver log
信息: Executing: findElements [c974c33a-810d-fd43-85ab-6799d36210b2, findElements {using=class name, value=!@#$%^&*}]
三月 23, 2014 4:21:03 下午 org.openqa.selenium.remote.RemoteWebDriver log
信息: Executed: [c974c33a-810d-fd43-85ab-6799d36210b2, findElements {using=class name, value=!@#$%^&*}]
三月 23, 2014 4:21:03 下午 org.openqa.selenium.testing.JUnit4TestBase$1 finished
信息: <<< Finished testFindingMultipleElementsByInvalidClassNameShouldThrow(org.openqa.selenium.ElementFindingTest)
三月 23, 2014 4:21:03 下午 org.openqa.selenium.testing.JUnit4TestBase$1 starting
信息: >>> Starting testShouldNotBeAbleToLocateByLinkTextMultipleElementsThatDoNotExist(org.openqa.selenium.ElementFindingTest)
三月 23, 2014 4:21:03 下午 org.openqa.selenium.remote.RemoteWebDriver log
信息: Executing: get [c974c33a-810d-fd43-85ab-6799d36210b2, get {url=http://localhost:6461/common/xhtmlTest.html}]
三月 23, 2014 4:21:03 下午 org.openqa.selenium.remote.RemoteWebDriver log
信息: Executed: [c974c33a-810d-fd43-85ab-6799d36210b2, get {url=http://localhost:6461/common/xhtmlTest.html}]
三月 23, 2014 4:21:03 下午 org.openqa.selenium.remote.RemoteWebDriver log
信息: Executing: findElements [c974c33a-810d-fd43-85ab-6799d36210b2, findElements {using=link text, value=Not here either}]
三月 23, 2014 4:21:03 下午 org.openqa.selenium.remote.RemoteWebDriver log
信息: Executed: [c974c33a-810d-fd43-85ab-6799d36210b2, findElements {using=link text, value=Not here either}]
三月 23, 2014 4:21:03 下午 org.openqa.selenium.testing.JUnit4TestBase$1 finished
信息: <<< Finished testShouldNotBeAbleToLocateByLinkTextMultipleElementsThatDoNotExist(org.openqa.selenium.ElementFindingTest)
三月 23, 2014 4:21:03 下午 org.openqa.selenium.testing.JUnit4TestBase$1 starting
信息: >>> Starting testShouldBeAbleToFindASingleElementByClass(org.openqa.selenium.ElementFindingTest)
三月 23, 2014 4:21:03 下午 org.openqa.selenium.remote.RemoteWebDriver log
信息: Executing: get [c974c33a-810d-fd43-85ab-6799d36210b2, get {url=http://localhost:6461/common/xhtmlTest.html}]
三月 23, 2014 4:21:03 下午 org.openqa.selenium.remote.RemoteWebDriver log
信息: Executed: [c974c33a-810d-fd43-85ab-6799d36210b2, get {url=http://localhost:6461/common/xhtmlTest.html}]
三月 23, 2014 4:21:03 下午 org.openqa.selenium.remote.RemoteWebDriver log
信息: Executing: findElement [c974c33a-810d-fd43-85ab-6799d36210b2, findElement {using=class name, value=extraDiv}]
三月 23, 2014 4:21:03 下午 org.openqa.selenium.remote.RemoteWebDriver log
信息: Executed: [c974c33a-810d-fd43-85ab-6799d36210b2, findElement {using=class name, value=extraDiv}]
三月 23, 2014 4:21:03 下午 org.openqa.selenium.remote.RemoteWebDriver log
信息: Executing: getElementText [c974c33a-810d-fd43-85ab-6799d36210b2, getElementText {id={019fd7bd-918c-ce45-a55b-a9de26618f97}}]
三月 23, 2014 4:21:03 下午 org.openqa.selenium.remote.RemoteWebDriver log
信息: Executed: [c974c33a-810d-fd43-85ab-6799d36210b2, getElementText {id={019fd7bd-918c-ce45-a55b-a9de26618f97}}]
三月 23, 2014 4:21:03 下午 org.openqa.selenium.testing.JUnit4TestBase$1 finished
信息: <<< Finished testShouldBeAbleToFindASingleElementByClass(org.openqa.selenium.ElementFindingTest)
三月 23, 2014 4:21:03 下午 org.openqa.selenium.testing.JUnit4TestBase$1 starting
信息: >>> Starting testShouldBeAbleToFindMultipleElementsByName(org.openqa.selenium.ElementFindingTest)
三月 23, 2014 4:21:03 下午 org.openqa.selenium.remote.RemoteWebDriver log
信息: Executing: get [c974c33a-810d-fd43-85ab-6799d36210b2, get {url=http://localhost:6461/common/nestedElements.html}]
三月 23, 2014 4:21:03 下午 org.openqa.selenium.remote.RemoteWebDriver log
信息: Executed: [c974c33a-810d-fd43-85ab-6799d36210b2, get {url=http://localhost:6461/common/nestedElements.html}]
三月 23, 2014 4:21:03 下午 org.openqa.selenium.remote.RemoteWebDriver log
信息: Executing: findElements [c974c33a-810d-fd43-85ab-6799d36210b2, findElements {using=name, value=checky}]
三月 23, 2014 4:21:03 下午 org.openqa.selenium.remote.RemoteWebDriver log
信息: Executed: [c974c33a-810d-fd43-85ab-6799d36210b2, findElements {using=name, value=checky}]
三月 23, 2014 4:21:03 下午 org.openqa.selenium.testing.JUnit4TestBase$1 finished
信息: <<< Finished testShouldBeAbleToFindMultipleElementsByName(org.openqa.selenium.ElementFindingTest)
三月 23, 2014 4:21:03 下午 org.openqa.selenium.testing.JUnit4TestBase$1 starting
信息: >>> Starting testShouldBeAbleToFindASingleElementByXPath(org.openqa.selenium.ElementFindingTest)
三月 23, 2014 4:21:03 下午 org.openqa.selenium.remote.RemoteWebDriver log
信息: Executing: get [c974c33a-810d-fd43-85ab-6799d36210b2, get {url=http://localhost:6461/common/xhtmlTest.html}]
三月 23, 2014 4:21:03 下午 org.openqa.selenium.remote.RemoteWebDriver log
信息: Executed: [c974c33a-810d-fd43-85ab-6799d36210b2, get {url=http://localhost:6461/common/xhtmlTest.html}]
三月 23, 2014 4:21:03 下午 org.openqa.selenium.remote.RemoteWebDriver log
信息: Executing: findElement [c974c33a-810d-fd43-85ab-6799d36210b2, findElement {using=xpath, value=//h1}]
三月 23, 2014 4:21:03 下午 org.openqa.selenium.remote.RemoteWebDriver log
信息: Executed: [c974c33a-810d-fd43-85ab-6799d36210b2, findElement {using=xpath, value=//h1}]
三月 23, 2014 4:21:03 下午 org.openqa.selenium.remote.RemoteWebDriver log
信息: Executing: getElementText [c974c33a-810d-fd43-85ab-6799d36210b2, getElementText {id={d941358b-d41f-c144-9bd6-ad1aa07accea}}]
三月 23, 2014 4:21:03 下午 org.openqa.selenium.remote.RemoteWebDriver log
信息: Executed: [c974c33a-810d-fd43-85ab-6799d36210b2, getElementText {id={d941358b-d41f-c144-9bd6-ad1aa07accea}}]
三月 23, 2014 4:21:03 下午 org.openqa.selenium.testing.JUnit4TestBase$1 finished
信息: <<< Finished testShouldBeAbleToFindASingleElementByXPath(org.openqa.selenium.ElementFindingTest)
三月 23, 2014 4:21:03 下午 org.openqa.selenium.testing.JUnit4TestBase$1 starting
信息: >>> Starting testFindingASingleElementByEmptyTagNameShouldThrow(org.openqa.selenium.ElementFindingTest)
三月 23, 2014 4:21:03 下午 org.openqa.selenium.remote.RemoteWebDriver log
信息: Executing: get [c974c33a-810d-fd43-85ab-6799d36210b2, get {url=http://localhost:6461/common/formPage.html}]
三月 23, 2014 4:21:03 下午 org.openqa.selenium.remote.RemoteWebDriver log
信息: Executed: [c974c33a-810d-fd43-85ab-6799d36210b2, get {url=http://localhost:6461/common/formPage.html}]
三月 23, 2014 4:21:03 下午 org.openqa.selenium.remote.RemoteWebDriver log
信息: Executing: findElement [c974c33a-810d-fd43-85ab-6799d36210b2, findElement {using=tag name, value=}]
三月 23, 2014 4:21:03 下午 org.openqa.selenium.remote.RemoteWebDriver log
信息: Executed: [c974c33a-810d-fd43-85ab-6799d36210b2, findElement {using=tag name, value=}]
三月 23, 2014 4:21:03 下午 org.openqa.selenium.testing.JUnit4TestBase$1 finished
信息: <<< Finished testFindingASingleElementByEmptyTagNameShouldThrow(org.openqa.selenium.ElementFindingTest)
三月 23, 2014 4:21:03 下午 org.openqa.selenium.testing.JUnit4TestBase$1 starting
信息: >>> Starting testShouldBeAbleToFindAnElementThatDoesNotSupportTheNameProperty(org.openqa.selenium.ElementFindingTest)
三月 23, 2014 4:21:03 下午 org.openqa.selenium.remote.RemoteWebDriver log
信息: Executing: get [c974c33a-810d-fd43-85ab-6799d36210b2, get {url=http://localhost:6461/common/nestedElements.html}]
三月 23, 2014 4:21:03 下午 org.openqa.selenium.remote.RemoteWebDriver log
信息: Executed: [c974c33a-810d-fd43-85ab-6799d36210b2, get {url=http://localhost:6461/common/nestedElements.html}]
三月 23, 2014 4:21:03 下午 org.openqa.selenium.remote.RemoteWebDriver log
信息: Executing: findElement [c974c33a-810d-fd43-85ab-6799d36210b2, findElement {using=name, value=div1}]
三月 23, 2014 4:21:03 下午 org.openqa.selenium.remote.RemoteWebDriver log
信息: Executed: [c974c33a-810d-fd43-85ab-6799d36210b2, findElement {using=name, value=div1}]
三月 23, 2014 4:21:03 下午 org.openqa.selenium.remote.RemoteWebDriver log
信息: Executing: getElementAttribute [c974c33a-810d-fd43-85ab-6799d36210b2, getElementAttribute {id={5fa75b60-31d3-4f4c-9ee1-77234f5037f7}, name=name}]
三月 23, 2014 4:21:03 下午 org.openqa.selenium.remote.RemoteWebDriver log
信息: Executed: [c974c33a-810d-fd43-85ab-6799d36210b2, getElementAttribute {id={5fa75b60-31d3-4f4c-9ee1-77234f5037f7}, name=name}]
三月 23, 2014 4:21:03 下午 org.openqa.selenium.testing.JUnit4TestBase$1 finished
信息: <<< Finished testShouldBeAbleToFindAnElementThatDoesNotSupportTheNameProperty(org.openqa.selenium.ElementFindingTest)
三月 23, 2014 4:21:03 下午 org.openqa.selenium.testing.JUnit4TestBase$1 starting
信息: >>> Starting testFindingASingleElementByEmptyClassNameShouldThrow(org.openqa.selenium.ElementFindingTest)
三月 23, 2014 4:21:03 下午 org.openqa.selenium.remote.RemoteWebDriver log
信息: Executing: get [c974c33a-810d-fd43-85ab-6799d36210b2, get {url=http://localhost:6461/common/xhtmlTest.html}]
三月 23, 2014 4:21:03 下午 org.openqa.selenium.remote.RemoteWebDriver log
信息: Executed: [c974c33a-810d-fd43-85ab-6799d36210b2, get {url=http://localhost:6461/common/xhtmlTest.html}]
三月 23, 2014 4:21:03 下午 org.openqa.selenium.remote.RemoteWebDriver log
信息: Executing: findElement [c974c33a-810d-fd43-85ab-6799d36210b2, findElement {using=class name, value=}]
三月 23, 2014 4:21:03 下午 org.openqa.selenium.remote.RemoteWebDriver log
信息: Executed: [c974c33a-810d-fd43-85ab-6799d36210b2, findElement {using=class name, value=}]
三月 23, 2014 4:21:03 下午 org.openqa.selenium.testing.JUnit4TestBase$1 finished
信息: <<< Finished testFindingASingleElementByEmptyClassNameShouldThrow(org.openqa.selenium.ElementFindingTest)
三月 23, 2014 4:21:03 下午 org.openqa.selenium.testing.JUnit4TestBase$1 starting
信息: >>> Starting testShouldBeAbleToFindASingleElementByCompoundCssSelector(org.openqa.selenium.ElementFindingTest)
三月 23, 2014 4:21:03 下午 org.openqa.selenium.remote.RemoteWebDriver log
信息: Executing: get [c974c33a-810d-fd43-85ab-6799d36210b2, get {url=http://localhost:6461/common/xhtmlTest.html}]
三月 23, 2014 4:21:03 下午 org.openqa.selenium.remote.RemoteWebDriver log
信息: Executed: [c974c33a-810d-fd43-85ab-6799d36210b2, get {url=http://localhost:6461/common/xhtmlTest.html}]
三月 23, 2014 4:21:03 下午 org.openqa.selenium.remote.RemoteWebDriver log
信息: Executing: findElement [c974c33a-810d-fd43-85ab-6799d36210b2, findElement {using=css selector, value=div.extraDiv, div.content}]
三月 23, 2014 4:21:04 下午 org.openqa.selenium.remote.RemoteWebDriver log
信息: Executed: [c974c33a-810d-fd43-85ab-6799d36210b2, findElement {using=css selector, value=div.extraDiv, div.content}]
三月 23, 2014 4:21:04 下午 org.openqa.selenium.remote.RemoteWebDriver log
信息: Executing: getElementTagName [c974c33a-810d-fd43-85ab-6799d36210b2, getElementTagName {id={3557ec6f-1aa9-ff45-8caf-4457b32642cb}}]
三月 23, 2014 4:21:04 下午 org.openqa.selenium.remote.RemoteWebDriver log
信息: Executed: [c974c33a-810d-fd43-85ab-6799d36210b2, getElementTagName {id={3557ec6f-1aa9-ff45-8caf-4457b32642cb}}]
三月 23, 2014 4:21:04 下午 org.openqa.selenium.remote.RemoteWebDriver log
信息: Executing: getElementAttribute [c974c33a-810d-fd43-85ab-6799d36210b2, getElementAttribute {id={3557ec6f-1aa9-ff45-8caf-4457b32642cb}, name=class}]
三月 23, 2014 4:21:04 下午 org.openqa.selenium.remote.RemoteWebDriver log
信息: Executed: [c974c33a-810d-fd43-85ab-6799d36210b2, getElementAttribute {id={3557ec6f-1aa9-ff45-8caf-4457b32642cb}, name=class}]
三月 23, 2014 4:21:04 下午 org.openqa.selenium.testing.JUnit4TestBase$1 finished
信息: <<< Finished testShouldBeAbleToFindASingleElementByCompoundCssSelector(org.openqa.selenium.ElementFindingTest)
三月 23, 2014 4:21:04 下午 org.openqa.selenium.testing.JUnit4TestBase$1 starting
信息: >>> Starting testShouldNotBeAbleToFindAnElementOnABlankPage(org.openqa.selenium.ElementFindingTest)
三月 23, 2014 4:21:04 下午 org.openqa.selenium.remote.RemoteWebDriver log
信息: Executing: get [c974c33a-810d-fd43-85ab-6799d36210b2, get {url=about:blank}]
三月 23, 2014 4:21:04 下午 org.openqa.selenium.remote.RemoteWebDriver log
信息: Executed: [c974c33a-810d-fd43-85ab-6799d36210b2, get {url=about:blank}]
三月 23, 2014 4:21:04 下午 org.openqa.selenium.remote.RemoteWebDriver log
信息: Executing: findElement [c974c33a-810d-fd43-85ab-6799d36210b2, findElement {using=tag name, value=a}]
三月 23, 2014 4:21:04 下午 org.openqa.selenium.remote.RemoteWebDriver log
信息: Executed: [c974c33a-810d-fd43-85ab-6799d36210b2, findElement {using=tag name, value=a}]
三月 23, 2014 4:21:04 下午 org.openqa.selenium.testing.JUnit4TestBase$1 finished
信息: <<< Finished testShouldNotBeAbleToFindAnElementOnABlankPage(org.openqa.selenium.ElementFindingTest)
三月 23, 2014 4:21:04 下午 org.openqa.selenium.testing.JUnit4TestBase$1 starting
信息: >>> Starting testShouldBeAbleToFindASingleElementByPartialLinkText(org.openqa.selenium.ElementFindingTest)
三月 23, 2014 4:21:04 下午 org.openqa.selenium.remote.RemoteWebDriver log
信息: Executing: get [c974c33a-810d-fd43-85ab-6799d36210b2, get {url=http://localhost:6461/common/xhtmlTest.html}]
三月 23, 2014 4:21:04 下午 org.openqa.selenium.remote.RemoteWebDriver log
信息: Executed: [c974c33a-810d-fd43-85ab-6799d36210b2, get {url=http://localhost:6461/common/xhtmlTest.html}]
三月 23, 2014 4:21:04 下午 org.openqa.selenium.remote.RemoteWebDriver log
信息: Executing: findElement [c974c33a-810d-fd43-85ab-6799d36210b2, findElement {using=partial link text, value=anon}]
三月 23, 2014 4:21:04 下午 org.openqa.selenium.remote.RemoteWebDriver log
信息: Executed: [c974c33a-810d-fd43-85ab-6799d36210b2, findElement {using=partial link text, value=anon}]
三月 23, 2014 4:21:04 下午 org.openqa.selenium.remote.RemoteWebDriver log
信息: Executing: getElementText [c974c33a-810d-fd43-85ab-6799d36210b2, getElementText {id={a72d1685-8a17-9942-a640-a4a1131bb341}}]
三月 23, 2014 4:21:04 下午 org.openqa.selenium.remote.RemoteWebDriver log
信息: Executed: [c974c33a-810d-fd43-85ab-6799d36210b2, getElementText {id={a72d1685-8a17-9942-a640-a4a1131bb341}}]
三月 23, 2014 4:21:04 下午 org.openqa.selenium.testing.JUnit4TestBase$1 finished
信息: <<< Finished testShouldBeAbleToFindASingleElementByPartialLinkText(org.openqa.selenium.ElementFindingTest)
三月 23, 2014 4:21:04 下午 org.openqa.selenium.testing.JUnit4TestBase$1 starting
信息: >>> Starting testFindingMultipleElementsByTagNameWithSpaceShouldThrow(org.openqa.selenium.ElementFindingTest)
三月 23, 2014 4:21:04 下午 org.openqa.selenium.remote.RemoteWebDriver log
信息: Executing: get [c974c33a-810d-fd43-85ab-6799d36210b2, get {url=http://localhost:6461/common/formPage.html}]
三月 23, 2014 4:21:04 下午 org.openqa.selenium.remote.RemoteWebDriver log
信息: Executed: [c974c33a-810d-fd43-85ab-6799d36210b2, get {url=http://localhost:6461/common/formPage.html}]
三月 23, 2014 4:21:04 下午 org.openqa.selenium.remote.RemoteWebDriver log
信息: Executing: findElements [c974c33a-810d-fd43-85ab-6799d36210b2, findElements {using=tag name, value=nonexistent button}]
三月 23, 2014 4:21:04 下午 org.openqa.selenium.remote.RemoteWebDriver log
信息: Executed: [c974c33a-810d-fd43-85ab-6799d36210b2, findElements {using=tag name, value=nonexistent button}]
三月 23, 2014 4:21:04 下午 org.openqa.selenium.testing.JUnit4TestBase$1 finished
信息: <<< Finished testFindingMultipleElementsByTagNameWithSpaceShouldThrow(org.openqa.selenium.ElementFindingTest)
三月 23, 2014 4:21:04 下午 org.openqa.selenium.testing.JUnit4TestBase$1 starting
信息: >>> Starting testShouldFindMultipleElementsByPartialLinkTextContainingEqualsSign(org.openqa.selenium.ElementFindingTest)
三月 23, 2014 4:21:04 下午 org.openqa.selenium.remote.RemoteWebDriver log
信息: Executing: get [c974c33a-810d-fd43-85ab-6799d36210b2, get {url=http://localhost:6461/common/xhtmlTest.html}]
三月 23, 2014 4:21:04 下午 org.openqa.selenium.remote.RemoteWebDriver log
信息: Executed: [c974c33a-810d-fd43-85ab-6799d36210b2, get {url=http://localhost:6461/common/xhtmlTest.html}]
三月 23, 2014 4:21:04 下午 org.openqa.selenium.remote.RemoteWebDriver log
信息: Executing: findElements [c974c33a-810d-fd43-85ab-6799d36210b2, findElements {using=partial link text, value=Link=}]
三月 23, 2014 4:21:04 下午 org.openqa.selenium.remote.RemoteWebDriver log
信息: Executed: [c974c33a-810d-fd43-85ab-6799d36210b2, findElements {using=partial link text, value=Link=}]
三月 23, 2014 4:21:04 下午 org.openqa.selenium.remote.RemoteWebDriver log
信息: Executing: getElementAttribute [c974c33a-810d-fd43-85ab-6799d36210b2, getElementAttribute {id={e68ab6f7-e93c-bc43-b028-2ad8c148496b}, name=id}]
三月 23, 2014 4:21:04 下午 org.openqa.selenium.remote.RemoteWebDriver log
信息: Executed: [c974c33a-810d-fd43-85ab-6799d36210b2, getElementAttribute {id={e68ab6f7-e93c-bc43-b028-2ad8c148496b}, name=id}]
三月 23, 2014 4:21:04 下午 org.openqa.selenium.testing.JUnit4TestBase$1 finished
信息: <<< Finished testShouldFindMultipleElementsByPartialLinkTextContainingEqualsSign(org.openqa.selenium.ElementFindingTest)
三月 23, 2014 4:21:04 下午 org.openqa.selenium.testing.JUnit4TestBase$1 starting
信息: >>> Starting testAnElementFoundInADifferentFrameViaJsCanBeUsed(org.openqa.selenium.ElementFindingTest)
三月 23, 2014 4:21:04 下午 org.openqa.selenium.remote.RemoteWebDriver log
信息: Executing: get [c974c33a-810d-fd43-85ab-6799d36210b2, get {url=http://localhost:6461/common/missedJsReference.html}]
三月 23, 2014 4:21:04 下午 org.openqa.selenium.remote.RemoteWebDriver log
信息: Executed: [c974c33a-810d-fd43-85ab-6799d36210b2, get {url=http://localhost:6461/common/missedJsReference.html}]
三月 23, 2014 4:21:04 下午 org.openqa.selenium.remote.RemoteWebDriver log
信息: Executing: switchToFrame [c974c33a-810d-fd43-85ab-6799d36210b2, switchToFrame {id=inner}]
三月 23, 2014 4:21:04 下午 org.openqa.selenium.remote.RemoteWebDriver log
信息: Executed: [c974c33a-810d-fd43-85ab-6799d36210b2, switchToFrame {id=inner}]
三月 23, 2014 4:21:04 下午 org.openqa.selenium.remote.RemoteWebDriver log
信息: Executing: findElement [c974c33a-810d-fd43-85ab-6799d36210b2, findElement {using=id, value=oneline}]
三月 23, 2014 4:21:04 下午 org.openqa.selenium.remote.RemoteWebDriver log
信息: Executed: [c974c33a-810d-fd43-85ab-6799d36210b2, findElement {using=id, value=oneline}]
三月 23, 2014 4:21:04 下午 org.openqa.selenium.remote.RemoteWebDriver log
信息: Executing: switchToFrame [c974c33a-810d-fd43-85ab-6799d36210b2, switchToFrame {id=null}]
三月 23, 2014 4:21:04 下午 org.openqa.selenium.remote.RemoteWebDriver log
信息: Executed: [c974c33a-810d-fd43-85ab-6799d36210b2, switchToFrame {id=null}]
三月 23, 2014 4:21:04 下午 org.openqa.selenium.remote.RemoteWebDriver log
信息: Executing: executeScript [c974c33a-810d-fd43-85ab-6799d36210b2, executeScript {script=return frames[0].document.getElementById('oneline');, args=[]}]
三月 23, 2014 4:21:04 下午 org.openqa.selenium.remote.RemoteWebDriver log
信息: Executed: [c974c33a-810d-fd43-85ab-6799d36210b2, executeScript {script=return frames[0].document.getElementById('oneline');, args=[]}]
三月 23, 2014 4:21:04 下午 org.openqa.selenium.remote.RemoteWebDriver log
信息: Executing: switchToFrame [c974c33a-810d-fd43-85ab-6799d36210b2, switchToFrame {id=inner}]
三月 23, 2014 4:21:04 下午 org.openqa.selenium.remote.RemoteWebDriver log
信息: Executed: [c974c33a-810d-fd43-85ab-6799d36210b2, switchToFrame {id=inner}]
三月 23, 2014 4:21:04 下午 org.openqa.selenium.remote.RemoteWebDriver log
信息: Executing: findElement [c974c33a-810d-fd43-85ab-6799d36210b2, findElement {using=id, value=oneline}]
三月 23, 2014 4:21:04 下午 org.openqa.selenium.remote.RemoteWebDriver log
信息: Executed: [c974c33a-810d-fd43-85ab-6799d36210b2, findElement {using=id, value=oneline}]
三月 23, 2014 4:21:04 下午 org.openqa.selenium.remote.RemoteWebDriver log
信息: Executing: switchToFrame [c974c33a-810d-fd43-85ab-6799d36210b2, switchToFrame {id=null}]
三月 23, 2014 4:21:04 下午 org.openqa.selenium.remote.RemoteWebDriver log
信息: Executed: [c974c33a-810d-fd43-85ab-6799d36210b2, switchToFrame {id=null}]
三月 23, 2014 4:21:04 下午 org.openqa.selenium.testing.JUnit4TestBase$1 finished
信息: <<< Finished testAnElementFoundInADifferentFrameViaJsCanBeUsed(org.openqa.selenium.ElementFindingTest)
三月 23, 2014 4:21:04 下午 org.openqa.selenium.testing.JUnit4TestBase$1 starting
信息: >>> Starting testFindingMultipleElementsByEmptyIdShouldThrow(org.openqa.selenium.ElementFindingTest)
三月 23, 2014 4:21:04 下午 org.openqa.selenium.remote.RemoteWebDriver log
信息: Executing: get [c974c33a-810d-fd43-85ab-6799d36210b2, get {url=http://localhost:6461/common/formPage.html}]
三月 23, 2014 4:21:04 下午 org.openqa.selenium.remote.RemoteWebDriver log
信息: Executed: [c974c33a-810d-fd43-85ab-6799d36210b2, get {url=http://localhost:6461/common/formPage.html}]
三月 23, 2014 4:21:04 下午 org.openqa.selenium.remote.RemoteWebDriver log
信息: Executing: findElements [c974c33a-810d-fd43-85ab-6799d36210b2, findElements {using=id, value=}]
三月 23, 2014 4:21:04 下午 org.openqa.selenium.remote.RemoteWebDriver log
信息: Executed: [c974c33a-810d-fd43-85ab-6799d36210b2, findElements {using=id, value=}]
三月 23, 2014 4:21:04 下午 org.openqa.selenium.testing.JUnit4TestBase$1 finished
信息: <<< Finished testFindingMultipleElementsByEmptyIdShouldThrow(org.openqa.selenium.ElementFindingTest)
三月 23, 2014 4:21:04 下午 org.openqa.selenium.testing.JUnit4TestBase$1 starting
信息: >>> Starting testFindingMultipleElementsByCompoundClassNameShouldThrow(org.openqa.selenium.ElementFindingTest)
三月 23, 2014 4:21:04 下午 org.openqa.selenium.remote.RemoteWebDriver log
信息: Executing: get [c974c33a-810d-fd43-85ab-6799d36210b2, get {url=http://localhost:6461/common/xhtmlTest.html}]
三月 23, 2014 4:21:04 下午 org.openqa.selenium.remote.RemoteWebDriver log
信息: Executed: [c974c33a-810d-fd43-85ab-6799d36210b2, get {url=http://localhost:6461/common/xhtmlTest.html}]
三月 23, 2014 4:21:04 下午 org.openqa.selenium.remote.RemoteWebDriver log
信息: Executing: findElements [c974c33a-810d-fd43-85ab-6799d36210b2, findElements {using=class name, value=a b}]
三月 23, 2014 4:21:04 下午 org.openqa.selenium.remote.RemoteWebDriver log
信息: Executed: [c974c33a-810d-fd43-85ab-6799d36210b2, findElements {using=class name, value=a b}]
三月 23, 2014 4:21:04 下午 org.openqa.selenium.testing.JUnit4TestBase$1 finished
信息: <<< Finished testFindingMultipleElementsByCompoundClassNameShouldThrow(org.openqa.selenium.ElementFindingTest)
三月 23, 2014 4:21:04 下午 org.openqa.selenium.testing.JUnit4TestBase$1 starting
信息: >>> Starting testShouldThrowInvalidSelectorExceptionWhenXPathReturnsWrongTypeInDriverFindElement(org.openqa.selenium.ElementFindingTest)
三月 23, 2014 4:21:04 下午 org.openqa.selenium.remote.RemoteWebDriver log
信息: Executing: get [c974c33a-810d-fd43-85ab-6799d36210b2, get {url=http://localhost:6461/common/formPage.html}]
三月 23, 2014 4:21:04 下午 org.openqa.selenium.remote.RemoteWebDriver log
信息: Executed: [c974c33a-810d-fd43-85ab-6799d36210b2, get {url=http://localhost:6461/common/formPage.html}]
三月 23, 2014 4:21:04 下午 org.openqa.selenium.remote.RemoteWebDriver log
信息: Executing: findElement [c974c33a-810d-fd43-85ab-6799d36210b2, findElement {using=xpath, value=count(//input)}]
三月 23, 2014 4:21:04 下午 org.openqa.selenium.remote.RemoteWebDriver log
信息: Executed: [c974c33a-810d-fd43-85ab-6799d36210b2, findElement {using=xpath, value=count(//input)}]
三月 23, 2014 4:21:04 下午 org.openqa.selenium.testing.JUnit4TestBase$1 finished
信息: <<< Finished testShouldThrowInvalidSelectorExceptionWhenXPathReturnsWrongTypeInDriverFindElement(org.openqa.selenium.ElementFindingTest)
三月 23, 2014 4:21:04 下午 org.openqa.selenium.testing.JUnit4TestBase$1 starting
信息: >>> Starting testFindingASingleElementByNameWithSpaceShouldThrow(org.openqa.selenium.ElementFindingTest)
三月 23, 2014 4:21:04 下午 org.openqa.selenium.remote.RemoteWebDriver log
信息: Executing: get [c974c33a-810d-fd43-85ab-6799d36210b2, get {url=http://localhost:6461/common/formPage.html}]
三月 23, 2014 4:21:04 下午 org.openqa.selenium.remote.RemoteWebDriver log
信息: Executed: [c974c33a-810d-fd43-85ab-6799d36210b2, get {url=http://localhost:6461/common/formPage.html}]
三月 23, 2014 4:21:04 下午 org.openqa.selenium.remote.RemoteWebDriver log
信息: Executing: findElement [c974c33a-810d-fd43-85ab-6799d36210b2, findElement {using=name, value=nonexistent button}]
三月 23, 2014 4:21:04 下午 org.openqa.selenium.remote.RemoteWebDriver log
信息: Executed: [c974c33a-810d-fd43-85ab-6799d36210b2, findElement {using=name, value=nonexistent button}]
三月 23, 2014 4:21:04 下午 org.openqa.selenium.testing.JUnit4TestBase$1 finished
信息: <<< Finished testFindingASingleElementByNameWithSpaceShouldThrow(org.openqa.selenium.ElementFindingTest)
三月 23, 2014 4:21:04 下午 org.openqa.selenium.testing.JUnit4TestBase$1 starting
信息: >>> Starting testDriverCanGetLinkByLinkTestIgnoringTrailingWhitespace(org.openqa.selenium.ElementFindingTest)
三月 23, 2014 4:21:04 下午 org.openqa.selenium.remote.RemoteWebDriver log
信息: Executing: get [c974c33a-810d-fd43-85ab-6799d36210b2, get {url=http://localhost:6461/common/simpleTest.html}]
三月 23, 2014 4:21:04 下午 org.openqa.selenium.remote.RemoteWebDriver log
信息: Executed: [c974c33a-810d-fd43-85ab-6799d36210b2, get {url=http://localhost:6461/common/simpleTest.html}]
三月 23, 2014 4:21:04 下午 org.openqa.selenium.remote.RemoteWebDriver log
信息: Executing: findElement [c974c33a-810d-fd43-85ab-6799d36210b2, findElement {using=link text, value=link with trailing space}]
三月 23, 2014 4:21:04 下午 org.openqa.selenium.remote.RemoteWebDriver log
信息: Executed: [c974c33a-810d-fd43-85ab-6799d36210b2, findElement {using=link text, value=link with trailing space}]
三月 23, 2014 4:21:04 下午 org.openqa.selenium.remote.RemoteWebDriver log
信息: Executing: getElementAttribute [c974c33a-810d-fd43-85ab-6799d36210b2, getElementAttribute {id={4a35bb15-f4ed-3649-ada6-ae9fefcf3276}, name=id}]
三月 23, 2014 4:21:04 下午 org.openqa.selenium.remote.RemoteWebDriver log
信息: Executed: [c974c33a-810d-fd43-85ab-6799d36210b2, getElementAttribute {id={4a35bb15-f4ed-3649-ada6-ae9fefcf3276}, name=id}]
三月 23, 2014 4:21:04 下午 org.openqa.selenium.remote.RemoteWebDriver log
信息: Executing: getElementText [c974c33a-810d-fd43-85ab-6799d36210b2, getElementText {id={4a35bb15-f4ed-3649-ada6-ae9fefcf3276}}]
三月 23, 2014 4:21:04 下午 org.openqa.selenium.remote.RemoteWebDriver log
信息: Executed: [c974c33a-810d-fd43-85ab-6799d36210b2, getElementText {id={4a35bb15-f4ed-3649-ada6-ae9fefcf3276}}]
三月 23, 2014 4:21:04 下午 org.openqa.selenium.testing.JUnit4TestBase$1 finished
信息: <<< Finished testDriverCanGetLinkByLinkTestIgnoringTrailingWhitespace(org.openqa.selenium.ElementFindingTest)
三月 23, 2014 4:21:04 下午 org.openqa.selenium.testing.JUnit4TestBase$1 starting
信息: >>> Starting findsByLinkTextOnXhtmlPage(org.openqa.selenium.ElementFindingTest)
三月 23, 2014 4:21:04 下午 org.openqa.selenium.remote.RemoteWebDriver log
信息: Executing: executeScript [c974c33a-810d-fd43-85ab-6799d36210b2, executeScript {script=return navigator.userAgent;, args=[]}]
三月 23, 2014 4:21:04 下午 org.openqa.selenium.remote.RemoteWebDriver log
信息: Executed: [c974c33a-810d-fd43-85ab-6799d36210b2, executeScript {script=return navigator.userAgent;, args=[]}]
三月 23, 2014 4:21:04 下午 org.openqa.selenium.remote.RemoteWebDriver log
信息: Executing: get [c974c33a-810d-fd43-85ab-6799d36210b2, get {url=http://localhost:6461/common/actualXhtmlPage.xhtml}]
三月 23, 2014 4:21:04 下午 org.openqa.selenium.remote.RemoteWebDriver log
信息: Executed: [c974c33a-810d-fd43-85ab-6799d36210b2, get {url=http://localhost:6461/common/actualXhtmlPage.xhtml}]
三月 23, 2014 4:21:04 下午 org.openqa.selenium.remote.RemoteWebDriver log
信息: Executing: findElement [c974c33a-810d-fd43-85ab-6799d36210b2, findElement {using=link text, value=Foo}]
三月 23, 2014 4:21:04 下午 org.openqa.selenium.remote.RemoteWebDriver log
信息: Executed: [c974c33a-810d-fd43-85ab-6799d36210b2, findElement {using=link text, value=Foo}]
三月 23, 2014 4:21:04 下午 org.openqa.selenium.remote.RemoteWebDriver log
信息: Executing: getElementText [c974c33a-810d-fd43-85ab-6799d36210b2, getElementText {id={772d2a0e-a929-c942-9d64-bf47bcefcc80}}]
三月 23, 2014 4:21:04 下午 org.openqa.selenium.remote.RemoteWebDriver log
信息: Executed: [c974c33a-810d-fd43-85ab-6799d36210b2, getElementText {id={772d2a0e-a929-c942-9d64-bf47bcefcc80}}]
三月 23, 2014 4:21:04 下午 org.openqa.selenium.testing.JUnit4TestBase$1 finished
信息: <<< Finished findsByLinkTextOnXhtmlPage(org.openqa.selenium.ElementFindingTest)
三月 23, 2014 4:21:04 下午 org.openqa.selenium.testing.JUnit4TestBase$1 starting
信息: >>> Starting testFindingMultipleElementsByIdWithSpaceShouldThrow(org.openqa.selenium.ElementFindingTest)
三月 23, 2014 4:21:04 下午 org.openqa.selenium.remote.RemoteWebDriver log
信息: Executing: get [c974c33a-810d-fd43-85ab-6799d36210b2, get {url=http://localhost:6461/common/formPage.html}]
三月 23, 2014 4:21:04 下午 org.openqa.selenium.remote.RemoteWebDriver log
信息: Executed: [c974c33a-810d-fd43-85ab-6799d36210b2, get {url=http://localhost:6461/common/formPage.html}]
三月 23, 2014 4:21:04 下午 org.openqa.selenium.remote.RemoteWebDriver log
信息: Executing: findElements [c974c33a-810d-fd43-85ab-6799d36210b2, findElements {using=id, value=nonexistent button}]
三月 23, 2014 4:21:05 下午 org.openqa.selenium.remote.RemoteWebDriver log
信息: Executed: [c974c33a-810d-fd43-85ab-6799d36210b2, findElements {using=id, value=nonexistent button}]
三月 23, 2014 4:21:05 下午 org.openqa.selenium.testing.JUnit4TestBase$1 finished
信息: <<< Finished testFindingMultipleElementsByIdWithSpaceShouldThrow(org.openqa.selenium.ElementFindingTest)
三月 23, 2014 4:21:05 下午 org.openqa.selenium.testing.JUnit4TestBase$1 starting
信息: >>> Starting testShouldNotBeAbleToLocateByIdMultipleElementsThatDoNotExist(org.openqa.selenium.ElementFindingTest)
三月 23, 2014 4:21:05 下午 org.openqa.selenium.remote.RemoteWebDriver log
信息: Executing: get [c974c33a-810d-fd43-85ab-6799d36210b2, get {url=http://localhost:6461/common/formPage.html}]
三月 23, 2014 4:21:05 下午 org.openqa.selenium.remote.RemoteWebDriver log
信息: Executed: [c974c33a-810d-fd43-85ab-6799d36210b2, get {url=http://localhost:6461/common/formPage.html}]
三月 23, 2014 4:21:05 下午 org.openqa.selenium.remote.RemoteWebDriver log
信息: Executing: findElements [c974c33a-810d-fd43-85ab-6799d36210b2, findElements {using=id, value=nonExistentButton}]
三月 23, 2014 4:21:05 下午 org.openqa.selenium.remote.RemoteWebDriver log
信息: Executed: [c974c33a-810d-fd43-85ab-6799d36210b2, findElements {using=id, value=nonExistentButton}]
三月 23, 2014 4:21:05 下午 org.openqa.selenium.testing.JUnit4TestBase$1 finished
信息: <<< Finished testShouldNotBeAbleToLocateByIdMultipleElementsThatDoNotExist(org.openqa.selenium.ElementFindingTest)
三月 23, 2014 4:21:05 下午 org.openqa.selenium.testing.JUnit4TestBase$1 starting
信息: >>> Starting testShouldBeAbleToFindAHiddenElementsByName(org.openqa.selenium.ElementFindingTest)
三月 23, 2014 4:21:05 下午 org.openqa.selenium.remote.RemoteWebDriver log
信息: Executing: get [c974c33a-810d-fd43-85ab-6799d36210b2, get {url=http://localhost:6461/common/formPage.html}]
三月 23, 2014 4:21:05 下午 org.openqa.selenium.remote.RemoteWebDriver log
信息: Executed: [c974c33a-810d-fd43-85ab-6799d36210b2, get {url=http://localhost:6461/common/formPage.html}]
三月 23, 2014 4:21:05 下午 org.openqa.selenium.remote.RemoteWebDriver log
信息: Executing: findElement [c974c33a-810d-fd43-85ab-6799d36210b2, findElement {using=name, value=hidden}]
三月 23, 2014 4:21:05 下午 org.openqa.selenium.remote.RemoteWebDriver log
信息: Executed: [c974c33a-810d-fd43-85ab-6799d36210b2, findElement {using=name, value=hidden}]
三月 23, 2014 4:21:05 下午 org.openqa.selenium.remote.RemoteWebDriver log
信息: Executing: getElementAttribute [c974c33a-810d-fd43-85ab-6799d36210b2, getElementAttribute {id={33599b46-5d65-184c-9e36-020dac7d46b2}, name=name}]
三月 23, 2014 4:21:05 下午 org.openqa.selenium.remote.RemoteWebDriver log
信息: Executed: [c974c33a-810d-fd43-85ab-6799d36210b2, getElementAttribute {id={33599b46-5d65-184c-9e36-020dac7d46b2}, name=name}]
三月 23, 2014 4:21:05 下午 org.openqa.selenium.testing.JUnit4TestBase$1 finished
信息: <<< Finished testShouldBeAbleToFindAHiddenElementsByName(org.openqa.selenium.ElementFindingTest)
三月 23, 2014 4:21:05 下午 org.openqa.selenium.testing.JUnit4TestBase$1 starting
信息: >>> Starting testShouldNotBeAbleToLocateByTagNameASingleElementThatDoesNotExist(org.openqa.selenium.ElementFindingTest)
三月 23, 2014 4:21:05 下午 org.openqa.selenium.remote.RemoteWebDriver log
信息: Executing: get [c974c33a-810d-fd43-85ab-6799d36210b2, get {url=http://localhost:6461/common/formPage.html}]
三月 23, 2014 4:21:05 下午 org.openqa.selenium.remote.RemoteWebDriver log
信息: Executed: [c974c33a-810d-fd43-85ab-6799d36210b2, get {url=http://localhost:6461/common/formPage.html}]
三月 23, 2014 4:21:05 下午 org.openqa.selenium.remote.RemoteWebDriver log
信息: Executing: findElement [c974c33a-810d-fd43-85ab-6799d36210b2, findElement {using=tag name, value=nonExistentButton}]
三月 23, 2014 4:21:05 下午 org.openqa.selenium.remote.RemoteWebDriver log
信息: Executed: [c974c33a-810d-fd43-85ab-6799d36210b2, findElement {using=tag name, value=nonExistentButton}]
三月 23, 2014 4:21:05 下午 org.openqa.selenium.testing.JUnit4TestBase$1 finished
信息: <<< Finished testShouldNotBeAbleToLocateByTagNameASingleElementThatDoesNotExist(org.openqa.selenium.ElementFindingTest)
三月 23, 2014 4:21:05 下午 org.openqa.selenium.testing.JUnit4TestBase$1 starting
信息: >>> Starting testShouldFindElementByClassWhenItIsTheFirstNameAmongMany(org.openqa.selenium.ElementFindingTest)
三月 23, 2014 4:21:05 下午 org.openqa.selenium.remote.RemoteWebDriver log
信息: Executing: get [c974c33a-810d-fd43-85ab-6799d36210b2, get {url=http://localhost:6461/common/xhtmlTest.html}]
三月 23, 2014 4:21:05 下午 org.openqa.selenium.remote.RemoteWebDriver log
信息: Executed: [c974c33a-810d-fd43-85ab-6799d36210b2, get {url=http://localhost:6461/common/xhtmlTest.html}]
三月 23, 2014 4:21:05 下午 org.openqa.selenium.remote.RemoteWebDriver log
信息: Executing: findElement [c974c33a-810d-fd43-85ab-6799d36210b2, findElement {using=class name, value=nameA}]
三月 23, 2014 4:21:05 下午 org.openqa.selenium.remote.RemoteWebDriver log
信息: Executed: [c974c33a-810d-fd43-85ab-6799d36210b2, findElement {using=class name, value=nameA}]
三月 23, 2014 4:21:05 下午 org.openqa.selenium.remote.RemoteWebDriver log
信息: Executing: getElementText [c974c33a-810d-fd43-85ab-6799d36210b2, getElementText {id={54b243e8-d0b6-604b-88ef-93c38b49d91f}}]
三月 23, 2014 4:21:05 下午 org.openqa.selenium.remote.RemoteWebDriver log
信息: Executed: [c974c33a-810d-fd43-85ab-6799d36210b2, getElementText {id={54b243e8-d0b6-604b-88ef-93c38b49d91f}}]
三月 23, 2014 4:21:05 下午 org.openqa.selenium.testing.JUnit4TestBase$1 finished
信息: <<< Finished testShouldFindElementByClassWhenItIsTheFirstNameAmongMany(org.openqa.selenium.ElementFindingTest)
三月 23, 2014 4:21:05 下午 org.openqa.selenium.testing.JUnit4TestBase$1 starting
信息: >>> Starting testShouldBeAbleToFindMultipleElementsById(org.openqa.selenium.ElementFindingTest)
三月 23, 2014 4:21:05 下午 org.openqa.selenium.remote.RemoteWebDriver log
信息: Executing: get [c974c33a-810d-fd43-85ab-6799d36210b2, get {url=http://localhost:6461/common/nestedElements.html}]
三月 23, 2014 4:21:05 下午 org.openqa.selenium.remote.RemoteWebDriver log
信息: Executed: [c974c33a-810d-fd43-85ab-6799d36210b2, get {url=http://localhost:6461/common/nestedElements.html}]
三月 23, 2014 4:21:05 下午 org.openqa.selenium.remote.RemoteWebDriver log
信息: Executing: findElements [c974c33a-810d-fd43-85ab-6799d36210b2, findElements {using=id, value=2}]
三月 23, 2014 4:21:05 下午 org.openqa.selenium.remote.RemoteWebDriver log
信息: Executed: [c974c33a-810d-fd43-85ab-6799d36210b2, findElements {using=id, value=2}]
三月 23, 2014 4:21:05 下午 org.openqa.selenium.testing.JUnit4TestBase$1 finished
信息: <<< Finished testShouldBeAbleToFindMultipleElementsById(org.openqa.selenium.ElementFindingTest)
三月 23, 2014 4:21:05 下午 org.openqa.selenium.testing.JUnit4TestBase$1 starting
信息: >>> Starting testShouldThrowInvalidSelectorExceptionWhenXPathReturnsWrongTypeInDriverFindElements(org.openqa.selenium.ElementFindingTest)
三月 23, 2014 4:21:05 下午 org.openqa.selenium.remote.RemoteWebDriver log
信息: Executing: executeScript [c974c33a-810d-fd43-85ab-6799d36210b2, executeScript {script=return navigator.userAgent;, args=[]}]
三月 23, 2014 4:21:05 下午 org.openqa.selenium.remote.RemoteWebDriver log
信息: Executed: [c974c33a-810d-fd43-85ab-6799d36210b2, executeScript {script=return navigator.userAgent;, args=[]}]
三月 23, 2014 4:21:05 下午 org.openqa.selenium.remote.RemoteWebDriver log
信息: Executing: get [c974c33a-810d-fd43-85ab-6799d36210b2, get {url=http://localhost:6461/common/formPage.html}]
三月 23, 2014 4:21:05 下午 org.openqa.selenium.remote.RemoteWebDriver log
信息: Executed: [c974c33a-810d-fd43-85ab-6799d36210b2, get {url=http://localhost:6461/common/formPage.html}]
三月 23, 2014 4:21:05 下午 org.openqa.selenium.remote.RemoteWebDriver log
信息: Executing: findElements [c974c33a-810d-fd43-85ab-6799d36210b2, findElements {using=xpath, value=count(//input)}]
三月 23, 2014 4:21:05 下午 org.openqa.selenium.remote.RemoteWebDriver log
信息: Executed: [c974c33a-810d-fd43-85ab-6799d36210b2, findElements {using=xpath, value=count(//input)}]
三月 23, 2014 4:21:05 下午 org.openqa.selenium.testing.JUnit4TestBase$1 finished
信息: <<< Finished testShouldThrowInvalidSelectorExceptionWhenXPathReturnsWrongTypeInDriverFindElements(org.openqa.selenium.ElementFindingTest)
三月 23, 2014 4:21:05 下午 org.openqa.selenium.testing.JUnit4TestBase$1 starting
信息: >>> Starting testShouldThrowAnExceptionWhenThereIsNoLinkToClick(org.openqa.selenium.ElementFindingTest)
三月 23, 2014 4:21:05 下午 org.openqa.selenium.remote.RemoteWebDriver log
信息: Executing: get [c974c33a-810d-fd43-85ab-6799d36210b2, get {url=http://localhost:6461/common/xhtmlTest.html}]
三月 23, 2014 4:21:05 下午 org.openqa.selenium.remote.RemoteWebDriver log
信息: Executed: [c974c33a-810d-fd43-85ab-6799d36210b2, get {url=http://localhost:6461/common/xhtmlTest.html}]
三月 23, 2014 4:21:05 下午 org.openqa.selenium.remote.RemoteWebDriver log
信息: Executing: findElement [c974c33a-810d-fd43-85ab-6799d36210b2, findElement {using=xpath, value=//a[@id='Not here']}]
三月 23, 2014 4:21:05 下午 org.openqa.selenium.remote.RemoteWebDriver log
信息: Executed: [c974c33a-810d-fd43-85ab-6799d36210b2, findElement {using=xpath, value=//a[@id='Not here']}]
三月 23, 2014 4:21:05 下午 org.openqa.selenium.testing.JUnit4TestBase$1 finished
信息: <<< Finished testShouldThrowAnExceptionWhenThereIsNoLinkToClick(org.openqa.selenium.ElementFindingTest)
三月 23, 2014 4:21:05 下午 org.openqa.selenium.testing.JUnit4TestBase$1 starting
信息: >>> Starting testFindingASingleElementByCompoundClassNameShouldThrow(org.openqa.selenium.ElementFindingTest)
三月 23, 2014 4:21:05 下午 org.openqa.selenium.remote.RemoteWebDriver log
信息: Executing: get [c974c33a-810d-fd43-85ab-6799d36210b2, get {url=http://localhost:6461/common/xhtmlTest.html}]
三月 23, 2014 4:21:05 下午 org.openqa.selenium.remote.RemoteWebDriver log
信息: Executed: [c974c33a-810d-fd43-85ab-6799d36210b2, get {url=http://localhost:6461/common/xhtmlTest.html}]
三月 23, 2014 4:21:05 下午 org.openqa.selenium.remote.RemoteWebDriver log
信息: Executing: findElement [c974c33a-810d-fd43-85ab-6799d36210b2, findElement {using=class name, value=a b}]
三月 23, 2014 4:21:05 下午 org.openqa.selenium.remote.RemoteWebDriver log
信息: Executed: [c974c33a-810d-fd43-85ab-6799d36210b2, findElement {using=class name, value=a b}]
三月 23, 2014 4:21:05 下午 org.openqa.selenium.testing.JUnit4TestBase$1 finished
信息: <<< Finished testFindingASingleElementByCompoundClassNameShouldThrow(org.openqa.selenium.ElementFindingTest)
三月 23, 2014 4:21:05 下午 org.openqa.selenium.testing.JUnit4TestBase$1 starting
信息: >>> Starting testWhenFindingByNameShouldNotReturnById(org.openqa.selenium.ElementFindingTest)
三月 23, 2014 4:21:05 下午 org.openqa.selenium.remote.RemoteWebDriver log
信息: Executing: get [c974c33a-810d-fd43-85ab-6799d36210b2, get {url=http://localhost:6461/common/formPage.html}]
三月 23, 2014 4:21:05 下午 org.openqa.selenium.remote.RemoteWebDriver log
信息: Executed: [c974c33a-810d-fd43-85ab-6799d36210b2, get {url=http://localhost:6461/common/formPage.html}]
三月 23, 2014 4:21:05 下午 org.openqa.selenium.remote.RemoteWebDriver log
信息: Executing: findElement [c974c33a-810d-fd43-85ab-6799d36210b2, findElement {using=name, value=id-name1}]
三月 23, 2014 4:21:05 下午 org.openqa.selenium.remote.RemoteWebDriver log
信息: Executed: [c974c33a-810d-fd43-85ab-6799d36210b2, findElement {using=name, value=id-name1}]
三月 23, 2014 4:21:05 下午 org.openqa.selenium.remote.RemoteWebDriver log
信息: Executing: getElementAttribute [c974c33a-810d-fd43-85ab-6799d36210b2, getElementAttribute {id={cfe3b9c6-2663-c14d-be66-cb79b7bff1ef}, name=value}]
三月 23, 2014 4:21:05 下午 org.openqa.selenium.remote.RemoteWebDriver log
信息: Executed: [c974c33a-810d-fd43-85ab-6799d36210b2, getElementAttribute {id={cfe3b9c6-2663-c14d-be66-cb79b7bff1ef}, name=value}]
三月 23, 2014 4:21:05 下午 org.openqa.selenium.remote.RemoteWebDriver log
信息: Executing: findElement [c974c33a-810d-fd43-85ab-6799d36210b2, findElement {using=id, value=id-name1}]
三月 23, 2014 4:21:05 下午 org.openqa.selenium.remote.RemoteWebDriver log
信息: Executed: [c974c33a-810d-fd43-85ab-6799d36210b2, findElement {using=id, value=id-name1}]
三月 23, 2014 4:21:05 下午 org.openqa.selenium.remote.RemoteWebDriver log
信息: Executing: getElementAttribute [c974c33a-810d-fd43-85ab-6799d36210b2, getElementAttribute {id={aa9bfeae-3a6d-6a45-aebc-5926373de0b3}, name=value}]
三月 23, 2014 4:21:05 下午 org.openqa.selenium.remote.RemoteWebDriver log
信息: Executed: [c974c33a-810d-fd43-85ab-6799d36210b2, getElementAttribute {id={aa9bfeae-3a6d-6a45-aebc-5926373de0b3}, name=value}]
三月 23, 2014 4:21:05 下午 org.openqa.selenium.remote.RemoteWebDriver log
信息: Executing: findElement [c974c33a-810d-fd43-85ab-6799d36210b2, findElement {using=name, value=id-name2}]
三月 23, 2014 4:21:05 下午 org.openqa.selenium.remote.RemoteWebDriver log
信息: Executed: [c974c33a-810d-fd43-85ab-6799d36210b2, findElement {using=name, value=id-name2}]
三月 23, 2014 4:21:05 下午 org.openqa.selenium.remote.RemoteWebDriver log
信息: Executing: getElementAttribute [c974c33a-810d-fd43-85ab-6799d36210b2, getElementAttribute {id={e85f3bd9-fa2e-4e40-99a5-6e62d46ad130}, name=value}]
三月 23, 2014 4:21:05 下午 org.openqa.selenium.remote.RemoteWebDriver log
信息: Executed: [c974c33a-810d-fd43-85ab-6799d36210b2, getElementAttribute {id={e85f3bd9-fa2e-4e40-99a5-6e62d46ad130}, name=value}]
三月 23, 2014 4:21:05 下午 org.openqa.selenium.remote.RemoteWebDriver log
信息: Executing: findElement [c974c33a-810d-fd43-85ab-6799d36210b2, findElement {using=id, value=id-name2}]
三月 23, 2014 4:21:05 下午 org.openqa.selenium.remote.RemoteWebDriver log
信息: Executed: [c974c33a-810d-fd43-85ab-6799d36210b2, findElement {using=id, value=id-name2}]
三月 23, 2014 4:21:05 下午 org.openqa.selenium.remote.RemoteWebDriver log
信息: Executing: getElementAttribute [c974c33a-810d-fd43-85ab-6799d36210b2, getElementAttribute {id={67a18a77-1452-304a-b635-eb1034a530e6}, name=value}]
三月 23, 2014 4:21:05 下午 org.openqa.selenium.remote.RemoteWebDriver log
信息: Executed: [c974c33a-810d-fd43-85ab-6799d36210b2, getElementAttribute {id={67a18a77-1452-304a-b635-eb1034a530e6}, name=value}]
三月 23, 2014 4:21:05 下午 org.openqa.selenium.testing.JUnit4TestBase$1 finished
信息: <<< Finished testWhenFindingByNameShouldNotReturnById(org.openqa.selenium.ElementFindingTest)
三月 23, 2014 4:21:05 下午 org.openqa.selenium.testing.JUnit4TestBase$1 starting
信息: >>> Starting testFindingALinkByXpathUsingContainsKeywordShouldWork(org.openqa.selenium.ElementFindingTest)
三月 23, 2014 4:21:05 下午 org.openqa.selenium.remote.RemoteWebDriver log
信息: Executing: get [c974c33a-810d-fd43-85ab-6799d36210b2, get {url=http://localhost:6461/common/nestedElements.html}]
三月 23, 2014 4:21:05 下午 org.openqa.selenium.remote.RemoteWebDriver log
信息: Executed: [c974c33a-810d-fd43-85ab-6799d36210b2, get {url=http://localhost:6461/common/nestedElements.html}]
三月 23, 2014 4:21:05 下午 org.openqa.selenium.remote.RemoteWebDriver log
信息: Executing: findElement [c974c33a-810d-fd43-85ab-6799d36210b2, findElement {using=xpath, value=//a[contains(.,'hello world')]}]
三月 23, 2014 4:21:05 下午 org.openqa.selenium.remote.RemoteWebDriver log
信息: Executed: [c974c33a-810d-fd43-85ab-6799d36210b2, findElement {using=xpath, value=//a[contains(.,'hello world')]}]
三月 23, 2014 4:21:05 下午 org.openqa.selenium.remote.RemoteWebDriver log
信息: Executing: getElementText [c974c33a-810d-fd43-85ab-6799d36210b2, getElementText {id={380211d1-06bc-714a-ad81-5bf1cb5f86a0}}]
三月 23, 2014 4:21:05 下午 org.openqa.selenium.remote.RemoteWebDriver log
信息: Executed: [c974c33a-810d-fd43-85ab-6799d36210b2, getElementText {id={380211d1-06bc-714a-ad81-5bf1cb5f86a0}}]
三月 23, 2014 4:21:05 下午 org.openqa.selenium.testing.JUnit4TestBase$1 finished
信息: <<< Finished testFindingALinkByXpathUsingContainsKeywordShouldWork(org.openqa.selenium.ElementFindingTest)
三月 23, 2014 4:21:05 下午 org.openqa.selenium.testing.JUnit4TestBase$1 starting
信息: >>> Starting testFindingASingleElementByInvalidClassNameShouldThrow(org.openqa.selenium.ElementFindingTest)
三月 23, 2014 4:21:05 下午 org.openqa.selenium.remote.RemoteWebDriver log
信息: Executing: get [c974c33a-810d-fd43-85ab-6799d36210b2, get {url=http://localhost:6461/common/xhtmlTest.html}]
三月 23, 2014 4:21:05 下午 org.openqa.selenium.remote.RemoteWebDriver log
信息: Executed: [c974c33a-810d-fd43-85ab-6799d36210b2, get {url=http://localhost:6461/common/xhtmlTest.html}]
三月 23, 2014 4:21:05 下午 org.openqa.selenium.remote.RemoteWebDriver log
信息: Executing: findElement [c974c33a-810d-fd43-85ab-6799d36210b2, findElement {using=class name, value=!@#$%^&*}]
三月 23, 2014 4:21:05 下午 org.openqa.selenium.remote.RemoteWebDriver log
信息: Executed: [c974c33a-810d-fd43-85ab-6799d36210b2, findElement {using=class name, value=!@#$%^&*}]
三月 23, 2014 4:21:05 下午 org.openqa.selenium.testing.JUnit4TestBase$1 finished
信息: <<< Finished testFindingASingleElementByInvalidClassNameShouldThrow(org.openqa.selenium.ElementFindingTest)
三月 23, 2014 4:21:05 下午 org.openqa.selenium.testing.JUnit4TestBase$1 starting
信息: >>> Starting testShouldFindElementByClassWhenItsNameIsSurroundedByWhitespace(org.openqa.selenium.ElementFindingTest)
三月 23, 2014 4:21:05 下午 org.openqa.selenium.remote.RemoteWebDriver log
信息: Executing: get [c974c33a-810d-fd43-85ab-6799d36210b2, get {url=http://localhost:6461/common/xhtmlTest.html}]
三月 23, 2014 4:21:05 下午 org.openqa.selenium.remote.RemoteWebDriver log
信息: Executed: [c974c33a-810d-fd43-85ab-6799d36210b2, get {url=http://localhost:6461/common/xhtmlTest.html}]
三月 23, 2014 4:21:05 下午 org.openqa.selenium.remote.RemoteWebDriver log
信息: Executing: findElement [c974c33a-810d-fd43-85ab-6799d36210b2, findElement {using=class name, value=spaceAround}]
三月 23, 2014 4:21:06 下午 org.openqa.selenium.remote.RemoteWebDriver log
信息: Executed: [c974c33a-810d-fd43-85ab-6799d36210b2, findElement {using=class name, value=spaceAround}]
三月 23, 2014 4:21:06 下午 org.openqa.selenium.remote.RemoteWebDriver log
信息: Executing: getElementText [c974c33a-810d-fd43-85ab-6799d36210b2, getElementText {id={4a56937f-b843-dc4d-859f-25560b2772a6}}]
三月 23, 2014 4:21:06 下午 org.openqa.selenium.remote.RemoteWebDriver log
信息: Executed: [c974c33a-810d-fd43-85ab-6799d36210b2, getElementText {id={4a56937f-b843-dc4d-859f-25560b2772a6}}]
三月 23, 2014 4:21:06 下午 org.openqa.selenium.testing.JUnit4TestBase$1 finished
信息: <<< Finished testShouldFindElementByClassWhenItsNameIsSurroundedByWhitespace(org.openqa.selenium.ElementFindingTest)
三月 23, 2014 4:21:06 下午 org.openqa.selenium.testing.JUnit4TestBase$1 starting
信息: >>> Starting testShouldBeAbleToFindMultipleElementsByClassName(org.openqa.selenium.ElementFindingTest)
三月 23, 2014 4:21:06 下午 org.openqa.selenium.remote.RemoteWebDriver log
信息: Executing: get [c974c33a-810d-fd43-85ab-6799d36210b2, get {url=http://localhost:6461/common/xhtmlTest.html}]
三月 23, 2014 4:21:06 下午 org.openqa.selenium.remote.RemoteWebDriver log
信息: Executed: [c974c33a-810d-fd43-85ab-6799d36210b2, get {url=http://localhost:6461/common/xhtmlTest.html}]
三月 23, 2014 4:21:06 下午 org.openqa.selenium.remote.RemoteWebDriver log
信息: Executing: findElements [c974c33a-810d-fd43-85ab-6799d36210b2, findElements {using=class name, value=nameC}]
三月 23, 2014 4:21:06 下午 org.openqa.selenium.remote.RemoteWebDriver log
信息: Executed: [c974c33a-810d-fd43-85ab-6799d36210b2, findElements {using=class name, value=nameC}]
三月 23, 2014 4:21:06 下午 org.openqa.selenium.testing.JUnit4TestBase$1 finished
信息: <<< Finished testShouldBeAbleToFindMultipleElementsByClassName(org.openqa.selenium.ElementFindingTest)
三月 23, 2014 4:21:06 下午 org.openqa.selenium.testing.JUnit4TestBase$1 starting
信息: >>> Starting testShouldThrowInvalidSelectorExceptionWhenXPathReturnsWrongTypeInElementFindElement(org.openqa.selenium.ElementFindingTest)
三月 23, 2014 4:21:06 下午 org.openqa.selenium.remote.RemoteWebDriver log
信息: Executing: get [c974c33a-810d-fd43-85ab-6799d36210b2, get {url=http://localhost:6461/common/formPage.html}]
三月 23, 2014 4:21:06 下午 org.openqa.selenium.remote.RemoteWebDriver log
信息: Executed: [c974c33a-810d-fd43-85ab-6799d36210b2, get {url=http://localhost:6461/common/formPage.html}]
三月 23, 2014 4:21:06 下午 org.openqa.selenium.remote.RemoteWebDriver log
信息: Executing: findElement [c974c33a-810d-fd43-85ab-6799d36210b2, findElement {using=tag name, value=body}]
三月 23, 2014 4:21:06 下午 org.openqa.selenium.remote.RemoteWebDriver log
信息: Executed: [c974c33a-810d-fd43-85ab-6799d36210b2, findElement {using=tag name, value=body}]
三月 23, 2014 4:21:06 下午 org.openqa.selenium.remote.RemoteWebDriver log
信息: Executing: findChildElement [c974c33a-810d-fd43-85ab-6799d36210b2, findChildElement {id={09b8671f-1b07-b94f-bf5d-f65fbd6276b1}, using=xpath, value=count(//input)}]
三月 23, 2014 4:21:06 下午 org.openqa.selenium.remote.RemoteWebDriver log
信息: Executed: [c974c33a-810d-fd43-85ab-6799d36210b2, findChildElement {id={09b8671f-1b07-b94f-bf5d-f65fbd6276b1}, using=xpath, value=count(//input)}]
三月 23, 2014 4:21:06 下午 org.openqa.selenium.testing.JUnit4TestBase$1 finished
信息: <<< Finished testShouldThrowInvalidSelectorExceptionWhenXPathReturnsWrongTypeInElementFindElement(org.openqa.selenium.ElementFindingTest)
三月 23, 2014 4:21:06 下午 org.openqa.selenium.testing.JUnit4TestBase$1 starting
信息: >>> Starting testShouldThrowInvalidSelectorExceptionWhenXPathIsSyntacticallyInvalidInDriverFindElement(org.openqa.selenium.ElementFindingTest)
三月 23, 2014 4:21:06 下午 org.openqa.selenium.remote.RemoteWebDriver log
信息: Executing: get [c974c33a-810d-fd43-85ab-6799d36210b2, get {url=http://localhost:6461/common/formPage.html}]
三月 23, 2014 4:21:06 下午 org.openqa.selenium.remote.RemoteWebDriver log
信息: Executed: [c974c33a-810d-fd43-85ab-6799d36210b2, get {url=http://localhost:6461/common/formPage.html}]
三月 23, 2014 4:21:06 下午 org.openqa.selenium.remote.RemoteWebDriver log
信息: Executing: findElement [c974c33a-810d-fd43-85ab-6799d36210b2, findElement {using=xpath, value=this][isnot][valid}]
三月 23, 2014 4:21:06 下午 org.openqa.selenium.remote.RemoteWebDriver log
信息: Executed: [c974c33a-810d-fd43-85ab-6799d36210b2, findElement {using=xpath, value=this][isnot][valid}]
三月 23, 2014 4:21:06 下午 org.openqa.selenium.testing.JUnit4TestBase$1 finished
信息: <<< Finished testShouldThrowInvalidSelectorExceptionWhenXPathIsSyntacticallyInvalidInDriverFindElement(org.openqa.selenium.ElementFindingTest)
三月 23, 2014 4:21:06 下午 org.openqa.selenium.testing.JUnit4TestBase$1 starting
信息: >>> Starting testShouldFindElementByClassWhenItIsTheLastNameAmongMany(org.openqa.selenium.ElementFindingTest)
三月 23, 2014 4:21:06 下午 org.openqa.selenium.remote.RemoteWebDriver log
信息: Executing: get [c974c33a-810d-fd43-85ab-6799d36210b2, get {url=http://localhost:6461/common/xhtmlTest.html}]
三月 23, 2014 4:21:06 下午 org.openqa.selenium.remote.RemoteWebDriver log
信息: Executed: [c974c33a-810d-fd43-85ab-6799d36210b2, get {url=http://localhost:6461/common/xhtmlTest.html}]
三月 23, 2014 4:21:06 下午 org.openqa.selenium.remote.RemoteWebDriver log
信息: Executing: findElement [c974c33a-810d-fd43-85ab-6799d36210b2, findElement {using=class name, value=nameC}]
三月 23, 2014 4:21:06 下午 org.openqa.selenium.remote.RemoteWebDriver log
信息: Executed: [c974c33a-810d-fd43-85ab-6799d36210b2, findElement {using=class name, value=nameC}]
三月 23, 2014 4:21:06 下午 org.openqa.selenium.remote.RemoteWebDriver log
信息: Executing: getElementText [c974c33a-810d-fd43-85ab-6799d36210b2, getElementText {id={5d4cfb24-8ab5-2e4c-b4ad-14a83e3fe2fe}}]
三月 23, 2014 4:21:06 下午 org.openqa.selenium.remote.RemoteWebDriver log
信息: Executed: [c974c33a-810d-fd43-85ab-6799d36210b2, getElementText {id={5d4cfb24-8ab5-2e4c-b4ad-14a83e3fe2fe}}]
三月 23, 2014 4:21:06 下午 org.openqa.selenium.testing.JUnit4TestBase$1 finished
信息: <<< Finished testShouldFindElementByClassWhenItIsTheLastNameAmongMany(org.openqa.selenium.ElementFindingTest)
三月 23, 2014 4:21:06 下午 org.openqa.selenium.testing.JUnit4TestBase$1 starting
信息: >>> Starting testShouldNotFindElementByCssSelectorWhenThereIsNoSuchElement(org.openqa.selenium.ElementFindingTest)
三月 23, 2014 4:21:06 下午 org.openqa.selenium.remote.RemoteWebDriver log
信息: Executing: get [c974c33a-810d-fd43-85ab-6799d36210b2, get {url=http://localhost:6461/common/xhtmlTest.html}]
三月 23, 2014 4:21:06 下午 org.openqa.selenium.remote.RemoteWebDriver log
信息: Executed: [c974c33a-810d-fd43-85ab-6799d36210b2, get {url=http://localhost:6461/common/xhtmlTest.html}]
三月 23, 2014 4:21:06 下午 org.openqa.selenium.remote.RemoteWebDriver log
信息: Executing: findElement [c974c33a-810d-fd43-85ab-6799d36210b2, findElement {using=css selector, value=.there-is-no-such-class}]
三月 23, 2014 4:21:06 下午 org.openqa.selenium.remote.RemoteWebDriver log
信息: Executed: [c974c33a-810d-fd43-85ab-6799d36210b2, findElement {using=css selector, value=.there-is-no-such-class}]
三月 23, 2014 4:21:06 下午 org.openqa.selenium.testing.JUnit4TestBase$1 finished
信息: <<< Finished testShouldNotFindElementByCssSelectorWhenThereIsNoSuchElement(org.openqa.selenium.ElementFindingTest)
三月 23, 2014 4:21:06 下午 org.openqa.selenium.testing.JUnit4TestBase$1 starting
信息: >>> Starting testShouldBeAbleToFindASingleElementByName(org.openqa.selenium.ElementFindingTest)
三月 23, 2014 4:21:06 下午 org.openqa.selenium.remote.RemoteWebDriver log
信息: Executing: get [c974c33a-810d-fd43-85ab-6799d36210b2, get {url=http://localhost:6461/common/formPage.html}]
三月 23, 2014 4:21:06 下午 org.openqa.selenium.remote.RemoteWebDriver log
信息: Executed: [c974c33a-810d-fd43-85ab-6799d36210b2, get {url=http://localhost:6461/common/formPage.html}]
三月 23, 2014 4:21:06 下午 org.openqa.selenium.remote.RemoteWebDriver log
信息: Executing: findElement [c974c33a-810d-fd43-85ab-6799d36210b2, findElement {using=name, value=checky}]
三月 23, 2014 4:21:06 下午 org.openqa.selenium.remote.RemoteWebDriver log
信息: Executed: [c974c33a-810d-fd43-85ab-6799d36210b2, findElement {using=name, value=checky}]
三月 23, 2014 4:21:06 下午 org.openqa.selenium.remote.RemoteWebDriver log
信息: Executing: getElementAttribute [c974c33a-810d-fd43-85ab-6799d36210b2, getElementAttribute {id={d5a97fde-4ccb-904a-84a0-4bee17b8ffb3}, name=value}]
三月 23, 2014 4:21:06 下午 org.openqa.selenium.remote.RemoteWebDriver log
信息: Executed: [c974c33a-810d-fd43-85ab-6799d36210b2, getElementAttribute {id={d5a97fde-4ccb-904a-84a0-4bee17b8ffb3}, name=value}]
三月 23, 2014 4:21:06 下午 org.openqa.selenium.testing.JUnit4TestBase$1 finished
信息: <<< Finished testShouldBeAbleToFindASingleElementByName(org.openqa.selenium.ElementFindingTest)
三月 23, 2014 4:21:06 下午 org.openqa.selenium.testing.JUnit4TestBase$1 starting
信息: >>> Starting testShouldBeAbleToFindMultipleElementsByCssSelector(org.openqa.selenium.ElementFindingTest)
三月 23, 2014 4:21:06 下午 org.openqa.selenium.remote.RemoteWebDriver log
信息: Executing: get [c974c33a-810d-fd43-85ab-6799d36210b2, get {url=http://localhost:6461/common/xhtmlTest.html}]
三月 23, 2014 4:21:06 下午 org.openqa.selenium.remote.RemoteWebDriver log
信息: Executed: [c974c33a-810d-fd43-85ab-6799d36210b2, get {url=http://localhost:6461/common/xhtmlTest.html}]
三月 23, 2014 4:21:06 下午 org.openqa.selenium.remote.RemoteWebDriver log
信息: Executing: findElements [c974c33a-810d-fd43-85ab-6799d36210b2, findElements {using=css selector, value=p}]
三月 23, 2014 4:21:06 下午 org.openqa.selenium.remote.RemoteWebDriver log
信息: Executed: [c974c33a-810d-fd43-85ab-6799d36210b2, findElements {using=css selector, value=p}]
三月 23, 2014 4:21:06 下午 org.openqa.selenium.testing.JUnit4TestBase$1 finished
信息: <<< Finished testShouldBeAbleToFindMultipleElementsByCssSelector(org.openqa.selenium.ElementFindingTest)
三月 23, 2014 4:21:06 下午 org.openqa.selenium.testing.JUnit4TestBase$1 starting
信息: >>> Starting testShouldNotBeAbleToLocateByNameASingleElementThatDoesNotExist(org.openqa.selenium.ElementFindingTest)
三月 23, 2014 4:21:06 下午 org.openqa.selenium.remote.RemoteWebDriver log
信息: Executing: get [c974c33a-810d-fd43-85ab-6799d36210b2, get {url=http://localhost:6461/common/formPage.html}]
三月 23, 2014 4:21:06 下午 org.openqa.selenium.remote.RemoteWebDriver log
信息: Executed: [c974c33a-810d-fd43-85ab-6799d36210b2, get {url=http://localhost:6461/common/formPage.html}]
三月 23, 2014 4:21:06 下午 org.openqa.selenium.remote.RemoteWebDriver log
信息: Executing: findElement [c974c33a-810d-fd43-85ab-6799d36210b2, findElement {using=name, value=nonExistentButton}]
三月 23, 2014 4:21:06 下午 org.openqa.selenium.remote.RemoteWebDriver log
信息: Executed: [c974c33a-810d-fd43-85ab-6799d36210b2, findElement {using=name, value=nonExistentButton}]
三月 23, 2014 4:21:06 下午 org.openqa.selenium.testing.JUnit4TestBase$1 finished
信息: <<< Finished testShouldNotBeAbleToLocateByNameASingleElementThatDoesNotExist(org.openqa.selenium.ElementFindingTest)
三月 23, 2014 4:21:06 下午 org.openqa.selenium.remote.RemoteWebDriver log
信息: Executing: quit [c974c33a-810d-fd43-85ab-6799d36210b2, quit {}]
三月 23, 2014 4:21:06 下午 org.openqa.selenium.remote.RemoteWebDriver log
信息: Executed: [c974c33a-810d-fd43-85ab-6799d36210b2, quit {}]
三月 23, 2014 4:21:08 下午 org.openqa.selenium.testing.JUnit4TestBase$1 starting
信息: >>> Starting testShouldNotBeAbleToLocateASingleElementOnABlankPage(org.openqa.selenium.ElementFindingTest)
三月 23, 2014 4:21:08 下午 org.openqa.selenium.remote.RemoteWebDriver log
信息: Executing: findElement [d43789d4-b98b-a149-b803-d3e259123046, findElement {using=id, value=nonExistantButton}]
三月 23, 2014 4:21:08 下午 org.openqa.selenium.remote.RemoteWebDriver log
信息: Executed: [d43789d4-b98b-a149-b803-d3e259123046, findElement {using=id, value=nonExistantButton}]
三月 23, 2014 4:21:08 下午 org.openqa.selenium.testing.JUnit4TestBase$1 finished
信息: <<< Finished testShouldNotBeAbleToLocateASingleElementOnABlankPage(org.openqa.selenium.ElementFindingTest)
三月 23, 2014 4:21:08 下午 org.openqa.selenium.testing.JUnit4TestBase$1 starting
信息: >>> Starting testShouldBeAbleToFindAnElementByBooleanAttributeUsingShortCssSelector(org.openqa.selenium.ElementFindingTest)
三月 23, 2014 4:21:08 下午 org.openqa.selenium.remote.RemoteWebDriver log
信息: Executing: get [d43789d4-b98b-a149-b803-d3e259123046, get {url=http://localhost:6461/common/locators_tests/boolean_attribute_selected.html}]
三月 23, 2014 4:21:08 下午 org.openqa.selenium.remote.RemoteWebDriver log
信息: Executed: [d43789d4-b98b-a149-b803-d3e259123046, get {url=http://localhost:6461/common/locators_tests/boolean_attribute_selected.html}]
三月 23, 2014 4:21:08 下午 org.openqa.selenium.remote.RemoteWebDriver log
信息: Executing: findElement [d43789d4-b98b-a149-b803-d3e259123046, findElement {using=css selector, value=option[selected]}]
三月 23, 2014 4:21:08 下午 org.openqa.selenium.remote.RemoteWebDriver log
信息: Executed: [d43789d4-b98b-a149-b803-d3e259123046, findElement {using=css selector, value=option[selected]}]
三月 23, 2014 4:21:08 下午 org.openqa.selenium.remote.RemoteWebDriver log
信息: Executing: getElementAttribute [d43789d4-b98b-a149-b803-d3e259123046, getElementAttribute {id={16df6bbe-3d33-1645-b26d-aeb3a32c52b7}, name=value}]
三月 23, 2014 4:21:08 下午 org.openqa.selenium.remote.RemoteWebDriver log
信息: Executed: [d43789d4-b98b-a149-b803-d3e259123046, getElementAttribute {id={16df6bbe-3d33-1645-b26d-aeb3a32c52b7}, name=value}]
三月 23, 2014 4:21:08 下午 org.openqa.selenium.testing.JUnit4TestBase$1 finished
信息: <<< Finished testShouldBeAbleToFindAnElementByBooleanAttributeUsingShortCssSelector(org.openqa.selenium.ElementFindingTest)
三月 23, 2014 4:21:08 下午 org.openqa.selenium.testing.JUnit4TestBase$1 starting
信息: >>> Starting testShouldFindMultipleElementsByLinkTextContainingEqualsSign(org.openqa.selenium.ElementFindingTest)
三月 23, 2014 4:21:08 下午 org.openqa.selenium.remote.RemoteWebDriver log
信息: Executing: get [d43789d4-b98b-a149-b803-d3e259123046, get {url=http://localhost:6461/common/xhtmlTest.html}]
三月 23, 2014 4:21:08 下午 org.openqa.selenium.remote.RemoteWebDriver log
信息: Executed: [d43789d4-b98b-a149-b803-d3e259123046, get {url=http://localhost:6461/common/xhtmlTest.html}]
三月 23, 2014 4:21:08 下午 org.openqa.selenium.remote.RemoteWebDriver log
信息: Executing: findElements [d43789d4-b98b-a149-b803-d3e259123046, findElements {using=link text, value=Link=equalssign}]
三月 23, 2014 4:21:08 下午 org.openqa.selenium.remote.RemoteWebDriver log
信息: Executed: [d43789d4-b98b-a149-b803-d3e259123046, findElements {using=link text, value=Link=equalssign}]
三月 23, 2014 4:21:08 下午 org.openqa.selenium.remote.RemoteWebDriver log
信息: Executing: getElementAttribute [d43789d4-b98b-a149-b803-d3e259123046, getElementAttribute {id={154c4558-b991-f042-ab90-4a0dafc9a7cb}, name=id}]
三月 23, 2014 4:21:08 下午 org.openqa.selenium.remote.RemoteWebDriver log
信息: Executed: [d43789d4-b98b-a149-b803-d3e259123046, getElementAttribute {id={154c4558-b991-f042-ab90-4a0dafc9a7cb}, name=id}]
三月 23, 2014 4:21:08 下午 org.openqa.selenium.testing.JUnit4TestBase$1 finished
信息: <<< Finished testShouldFindMultipleElementsByLinkTextContainingEqualsSign(org.openqa.selenium.ElementFindingTest)
三月 23, 2014 4:21:08 下午 org.openqa.selenium.testing.JUnit4TestBase$1 starting
信息: >>> Starting testFindingASingleElementByTagNameWithSpaceShouldThrow(org.openqa.selenium.ElementFindingTest)
三月 23, 2014 4:21:08 下午 org.openqa.selenium.remote.RemoteWebDriver log
信息: Executing: get [d43789d4-b98b-a149-b803-d3e259123046, get {url=http://localhost:6461/common/formPage.html}]
三月 23, 2014 4:21:08 下午 org.openqa.selenium.remote.RemoteWebDriver log
信息: Executed: [d43789d4-b98b-a149-b803-d3e259123046, get {url=http://localhost:6461/common/formPage.html}]
三月 23, 2014 4:21:08 下午 org.openqa.selenium.remote.RemoteWebDriver log
信息: Executing: findElement [d43789d4-b98b-a149-b803-d3e259123046, findElement {using=tag name, value=nonexistent button}]
三月 23, 2014 4:21:08 下午 org.openqa.selenium.remote.RemoteWebDriver log
信息: Executed: [d43789d4-b98b-a149-b803-d3e259123046, findElement {using=tag name, value=nonexistent button}]
三月 23, 2014 4:21:08 下午 org.openqa.selenium.testing.JUnit4TestBase$1 finished
信息: <<< Finished testFindingASingleElementByTagNameWithSpaceShouldThrow(org.openqa.selenium.ElementFindingTest)
三月 23, 2014 4:21:08 下午 org.openqa.selenium.testing.JUnit4TestBase$1 starting
信息: >>> Starting testShouldBeAbleToFindASingleElementById(org.openqa.selenium.ElementFindingTest)
三月 23, 2014 4:21:08 下午 org.openqa.selenium.remote.RemoteWebDriver log
信息: Executing: get [d43789d4-b98b-a149-b803-d3e259123046, get {url=http://localhost:6461/common/xhtmlTest.html}]
三月 23, 2014 4:21:08 下午 org.openqa.selenium.remote.RemoteWebDriver log
信息: Executed: [d43789d4-b98b-a149-b803-d3e259123046, get {url=http://localhost:6461/common/xhtmlTest.html}]
三月 23, 2014 4:21:08 下午 org.openqa.selenium.remote.RemoteWebDriver log
信息: Executing: findElement [d43789d4-b98b-a149-b803-d3e259123046, findElement {using=id, value=linkId}]
三月 23, 2014 4:21:09 下午 org.openqa.selenium.remote.RemoteWebDriver log
信息: Executed: [d43789d4-b98b-a149-b803-d3e259123046, findElement {using=id, value=linkId}]
三月 23, 2014 4:21:09 下午 org.openqa.selenium.remote.RemoteWebDriver log
信息: Executing: getElementAttribute [d43789d4-b98b-a149-b803-d3e259123046, getElementAttribute {id={fa8602b3-31c8-0948-84f1-e111dfca2674}, name=id}]
三月 23, 2014 4:21:09 下午 org.openqa.selenium.remote.RemoteWebDriver log
信息: Executed: [d43789d4-b98b-a149-b803-d3e259123046, getElementAttribute {id={fa8602b3-31c8-0948-84f1-e111dfca2674}, name=id}]
三月 23, 2014 4:21:09 下午 org.openqa.selenium.testing.JUnit4TestBase$1 finished
信息: <<< Finished testShouldBeAbleToFindASingleElementById(org.openqa.selenium.ElementFindingTest)
三月 23, 2014 4:21:09 下午 org.openqa.selenium.testing.JUnit4TestBase$1 starting
信息: >>> Starting testShouldNotBeAbleToLocateByLinkTextASingleElementThatDoesNotExist(org.openqa.selenium.ElementFindingTest)
三月 23, 2014 4:21:09 下午 org.openqa.selenium.remote.RemoteWebDriver log
信息: Executing: get [d43789d4-b98b-a149-b803-d3e259123046, get {url=http://localhost:6461/common/xhtmlTest.html}]
三月 23, 2014 4:21:09 下午 org.openqa.selenium.remote.RemoteWebDriver log
信息: Executed: [d43789d4-b98b-a149-b803-d3e259123046, get {url=http://localhost:6461/common/xhtmlTest.html}]
三月 23, 2014 4:21:09 下午 org.openqa.selenium.remote.RemoteWebDriver log
信息: Executing: findElement [d43789d4-b98b-a149-b803-d3e259123046, findElement {using=link text, value=Not here either}]
三月 23, 2014 4:21:09 下午 org.openqa.selenium.remote.RemoteWebDriver log
信息: Executed: [d43789d4-b98b-a149-b803-d3e259123046, findElement {using=link text, value=Not here either}]
三月 23, 2014 4:21:09 下午 org.openqa.selenium.testing.JUnit4TestBase$1 finished
信息: <<< Finished testShouldNotBeAbleToLocateByLinkTextASingleElementThatDoesNotExist(org.openqa.selenium.ElementFindingTest)
三月 23, 2014 4:21:09 下午 org.openqa.selenium.testing.JUnit4TestBase$1 starting
信息: >>> Starting testShouldNotFindElementByClassWhenTheNameQueriedIsShorterThanCandidateName(org.openqa.selenium.ElementFindingTest)
三月 23, 2014 4:21:09 下午 org.openqa.selenium.remote.RemoteWebDriver log
信息: Executing: get [d43789d4-b98b-a149-b803-d3e259123046, get {url=http://localhost:6461/common/xhtmlTest.html}]
三月 23, 2014 4:21:09 下午 org.openqa.selenium.remote.RemoteWebDriver log
信息: Executed: [d43789d4-b98b-a149-b803-d3e259123046, get {url=http://localhost:6461/common/xhtmlTest.html}]
三月 23, 2014 4:21:09 下午 org.openqa.selenium.remote.RemoteWebDriver log
信息: Executing: findElement [d43789d4-b98b-a149-b803-d3e259123046, findElement {using=class name, value=nameB}]
三月 23, 2014 4:21:09 下午 org.openqa.selenium.remote.RemoteWebDriver log
信息: Executed: [d43789d4-b98b-a149-b803-d3e259123046, findElement {using=class name, value=nameB}]
三月 23, 2014 4:21:09 下午 org.openqa.selenium.testing.JUnit4TestBase$1 finished
信息: <<< Finished testShouldNotFindElementByClassWhenTheNameQueriedIsShorterThanCandidateName(org.openqa.selenium.ElementFindingTest)
三月 23, 2014 4:21:09 下午 org.openqa.selenium.testing.JUnit4TestBase$1 starting
信息: >>> Starting testShouldFindElementByClassWhenItIsInTheMiddleAmongMany(org.openqa.selenium.ElementFindingTest)
三月 23, 2014 4:21:09 下午 org.openqa.selenium.remote.RemoteWebDriver log
信息: Executing: get [d43789d4-b98b-a149-b803-d3e259123046, get {url=http://localhost:6461/common/xhtmlTest.html}]
三月 23, 2014 4:21:09 下午 org.openqa.selenium.remote.RemoteWebDriver log
信息: Executed: [d43789d4-b98b-a149-b803-d3e259123046, get {url=http://localhost:6461/common/xhtmlTest.html}]
三月 23, 2014 4:21:09 下午 org.openqa.selenium.remote.RemoteWebDriver log
信息: Executing: findElement [d43789d4-b98b-a149-b803-d3e259123046, findElement {using=class name, value=nameBnoise}]
三月 23, 2014 4:21:09 下午 org.openqa.selenium.remote.RemoteWebDriver log
信息: Executed: [d43789d4-b98b-a149-b803-d3e259123046, findElement {using=class name, value=nameBnoise}]
三月 23, 2014 4:21:09 下午 org.openqa.selenium.remote.RemoteWebDriver log
信息: Executing: getElementText [d43789d4-b98b-a149-b803-d3e259123046, getElementText {id={4e931279-29ba-254a-9ded-e768eadf9e63}}]
三月 23, 2014 4:21:09 下午 org.openqa.selenium.remote.RemoteWebDriver log
信息: Executed: [d43789d4-b98b-a149-b803-d3e259123046, getElementText {id={4e931279-29ba-254a-9ded-e768eadf9e63}}]
三月 23, 2014 4:21:09 下午 org.openqa.selenium.testing.JUnit4TestBase$1 finished
信息: <<< Finished testShouldFindElementByClassWhenItIsInTheMiddleAmongMany(org.openqa.selenium.ElementFindingTest)
三月 23, 2014 4:21:09 下午 org.openqa.selenium.testing.JUnit4TestBase$1 starting
信息: >>> Starting testFindingMultipleElementsByNameWithSpaceShouldThrow(org.openqa.selenium.ElementFindingTest)
三月 23, 2014 4:21:09 下午 org.openqa.selenium.remote.RemoteWebDriver log
信息: Executing: get [d43789d4-b98b-a149-b803-d3e259123046, get {url=http://localhost:6461/common/formPage.html}]
三月 23, 2014 4:21:09 下午 org.openqa.selenium.remote.RemoteWebDriver log
信息: Executed: [d43789d4-b98b-a149-b803-d3e259123046, get {url=http://localhost:6461/common/formPage.html}]
三月 23, 2014 4:21:09 下午 org.openqa.selenium.remote.RemoteWebDriver log
信息: Executing: findElements [d43789d4-b98b-a149-b803-d3e259123046, findElements {using=name, value=nonexistent button}]
三月 23, 2014 4:21:09 下午 org.openqa.selenium.remote.RemoteWebDriver log
信息: Executed: [d43789d4-b98b-a149-b803-d3e259123046, findElements {using=name, value=nonexistent button}]
三月 23, 2014 4:21:09 下午 org.openqa.selenium.testing.JUnit4TestBase$1 finished
信息: <<< Finished testFindingMultipleElementsByNameWithSpaceShouldThrow(org.openqa.selenium.ElementFindingTest)
三月 23, 2014 4:21:09 下午 org.openqa.selenium.testing.JUnit4TestBase$1 starting
信息: >>> Starting testShouldBeAbleToFindManyElementsRepeatedlyByXPath(org.openqa.selenium.ElementFindingTest)
三月 23, 2014 4:21:09 下午 org.openqa.selenium.remote.RemoteWebDriver log
信息: Executing: get [d43789d4-b98b-a149-b803-d3e259123046, get {url=http://localhost:6461/common/xhtmlTest.html}]
三月 23, 2014 4:21:09 下午 org.openqa.selenium.remote.RemoteWebDriver log
信息: Executed: [d43789d4-b98b-a149-b803-d3e259123046, get {url=http://localhost:6461/common/xhtmlTest.html}]
三月 23, 2014 4:21:09 下午 org.openqa.selenium.remote.RemoteWebDriver log
信息: Executing: findElements [d43789d4-b98b-a149-b803-d3e259123046, findElements {using=xpath, value=//node()[contains(@id,'id')]}]
三月 23, 2014 4:21:09 下午 org.openqa.selenium.remote.RemoteWebDriver log
信息: Executed: [d43789d4-b98b-a149-b803-d3e259123046, findElements {using=xpath, value=//node()[contains(@id,'id')]}]
三月 23, 2014 4:21:09 下午 org.openqa.selenium.remote.RemoteWebDriver log
信息: Executing: findElements [d43789d4-b98b-a149-b803-d3e259123046, findElements {using=xpath, value=//node()[contains(@id,'nope')]}]
三月 23, 2014 4:21:09 下午 org.openqa.selenium.remote.RemoteWebDriver log
信息: Executed: [d43789d4-b98b-a149-b803-d3e259123046, findElements {using=xpath, value=//node()[contains(@id,'nope')]}]
三月 23, 2014 4:21:09 下午 org.openqa.selenium.testing.JUnit4TestBase$1 finished
信息: <<< Finished testShouldBeAbleToFindManyElementsRepeatedlyByXPath(org.openqa.selenium.ElementFindingTest)
三月 23, 2014 4:21:09 下午 org.openqa.selenium.testing.JUnit4TestBase$1 starting
信息: >>> Starting testFindingMultipleElementsByEmptyTagNameShouldThrow(org.openqa.selenium.ElementFindingTest)
三月 23, 2014 4:21:09 下午 org.openqa.selenium.remote.RemoteWebDriver log
信息: Executing: get [d43789d4-b98b-a149-b803-d3e259123046, get {url=http://localhost:6461/common/formPage.html}]
三月 23, 2014 4:21:09 下午 org.openqa.selenium.remote.RemoteWebDriver log
信息: Executed: [d43789d4-b98b-a149-b803-d3e259123046, get {url=http://localhost:6461/common/formPage.html}]
三月 23, 2014 4:21:09 下午 org.openqa.selenium.remote.RemoteWebDriver log
信息: Executing: findElements [d43789d4-b98b-a149-b803-d3e259123046, findElements {using=tag name, value=}]
三月 23, 2014 4:21:09 下午 org.openqa.selenium.remote.RemoteWebDriver log
信息: Executed: [d43789d4-b98b-a149-b803-d3e259123046, findElements {using=tag name, value=}]
三月 23, 2014 4:21:09 下午 org.openqa.selenium.testing.JUnit4TestBase$1 finished
信息: <<< Finished testFindingMultipleElementsByEmptyTagNameShouldThrow(org.openqa.selenium.ElementFindingTest)
三月 23, 2014 4:21:09 下午 org.openqa.selenium.testing.JUnit4TestBase$1 starting
信息: >>> Starting testFindingMultipleElementsByEmptyCssSelectorShouldThrow(org.openqa.selenium.ElementFindingTest)
三月 23, 2014 4:21:09 下午 org.openqa.selenium.remote.RemoteWebDriver log
信息: Executing: get [d43789d4-b98b-a149-b803-d3e259123046, get {url=http://localhost:6461/common/xhtmlTest.html}]
三月 23, 2014 4:21:09 下午 org.openqa.selenium.remote.RemoteWebDriver log
信息: Executed: [d43789d4-b98b-a149-b803-d3e259123046, get {url=http://localhost:6461/common/xhtmlTest.html}]
三月 23, 2014 4:21:09 下午 org.openqa.selenium.remote.RemoteWebDriver log
信息: Executing: findElements [d43789d4-b98b-a149-b803-d3e259123046, findElements {using=css selector, value=}]
三月 23, 2014 4:21:09 下午 org.openqa.selenium.remote.RemoteWebDriver log
信息: Executed: [d43789d4-b98b-a149-b803-d3e259123046, findElements {using=css selector, value=}]
三月 23, 2014 4:21:09 下午 org.openqa.selenium.testing.JUnit4TestBase$1 finished
信息: <<< Finished testFindingMultipleElementsByEmptyCssSelectorShouldThrow(org.openqa.selenium.ElementFindingTest)
三月 23, 2014 4:21:09 下午 org.openqa.selenium.testing.JUnit4TestBase$1 starting
信息: >>> Starting testFindingMultipleElementsByInvalidCssSelectorShouldThrow(org.openqa.selenium.ElementFindingTest)
三月 23, 2014 4:21:09 下午 org.openqa.selenium.remote.RemoteWebDriver log
信息: Executing: get [d43789d4-b98b-a149-b803-d3e259123046, get {url=http://localhost:6461/common/xhtmlTest.html}]
三月 23, 2014 4:21:09 下午 org.openqa.selenium.remote.RemoteWebDriver log
信息: Executed: [d43789d4-b98b-a149-b803-d3e259123046, get {url=http://localhost:6461/common/xhtmlTest.html}]
三月 23, 2014 4:21:09 下午 org.openqa.selenium.remote.RemoteWebDriver log
信息: Executing: findElements [d43789d4-b98b-a149-b803-d3e259123046, findElements {using=css selector, value=//a/b/c[@id='1']}]
三月 23, 2014 4:21:09 下午 org.openqa.selenium.remote.RemoteWebDriver log
信息: Executed: [d43789d4-b98b-a149-b803-d3e259123046, findElements {using=css selector, value=//a/b/c[@id='1']}]
三月 23, 2014 4:21:09 下午 org.openqa.selenium.testing.JUnit4TestBase$1 finished
信息: <<< Finished testFindingMultipleElementsByInvalidCssSelectorShouldThrow(org.openqa.selenium.ElementFindingTest)
三月 23, 2014 4:21:09 下午 org.openqa.selenium.testing.JUnit4TestBase$1 starting
信息: >>> Starting testShouldBeAbleToFindAnElementByXPathWithMultipleAttributes(org.openqa.selenium.ElementFindingTest)
三月 23, 2014 4:21:09 下午 org.openqa.selenium.remote.RemoteWebDriver log
信息: Executing: get [d43789d4-b98b-a149-b803-d3e259123046, get {url=http://localhost:6461/common/formPage.html}]
三月 23, 2014 4:21:09 下午 org.openqa.selenium.remote.RemoteWebDriver log
信息: Executed: [d43789d4-b98b-a149-b803-d3e259123046, get {url=http://localhost:6461/common/formPage.html}]
三月 23, 2014 4:21:09 下午 org.openqa.selenium.remote.RemoteWebDriver log
信息: Executing: findElement [d43789d4-b98b-a149-b803-d3e259123046, findElement {using=xpath, value=//form[@name='optional']/input[@type='submit' and @value='Click!']}]
三月 23, 2014 4:21:09 下午 org.openqa.selenium.remote.RemoteWebDriver log
信息: Executed: [d43789d4-b98b-a149-b803-d3e259123046, findElement {using=xpath, value=//form[@name='optional']/input[@type='submit' and @value='Click!']}]
三月 23, 2014 4:21:09 下午 org.openqa.selenium.remote.RemoteWebDriver log
信息: Executing: getElementTagName [d43789d4-b98b-a149-b803-d3e259123046, getElementTagName {id={dc60df59-b275-c34a-a2a8-feb00b2311e6}}]
三月 23, 2014 4:21:09 下午 org.openqa.selenium.remote.RemoteWebDriver log
信息: Executed: [d43789d4-b98b-a149-b803-d3e259123046, getElementTagName {id={dc60df59-b275-c34a-a2a8-feb00b2311e6}}]
三月 23, 2014 4:21:09 下午 org.openqa.selenium.remote.RemoteWebDriver log
信息: Executing: getElementAttribute [d43789d4-b98b-a149-b803-d3e259123046, getElementAttribute {id={dc60df59-b275-c34a-a2a8-feb00b2311e6}, name=value}]
三月 23, 2014 4:21:09 下午 org.openqa.selenium.remote.RemoteWebDriver log
信息: Executed: [d43789d4-b98b-a149-b803-d3e259123046, getElementAttribute {id={dc60df59-b275-c34a-a2a8-feb00b2311e6}, name=value}]
三月 23, 2014 4:21:09 下午 org.openqa.selenium.testing.JUnit4TestBase$1 finished
信息: <<< Finished testShouldBeAbleToFindAnElementByXPathWithMultipleAttributes(org.openqa.selenium.ElementFindingTest)
三月 23, 2014 4:21:09 下午 org.openqa.selenium.testing.JUnit4TestBase$1 starting
信息: >>> Starting testShouldThrowInvalidSelectorExceptionWhenXPathReturnsWrongTypeInElementFindElements(org.openqa.selenium.ElementFindingTest)
三月 23, 2014 4:21:09 下午 org.openqa.selenium.remote.RemoteWebDriver log
信息: Executing: executeScript [d43789d4-b98b-a149-b803-d3e259123046, executeScript {script=return navigator.userAgent;, args=[]}]
三月 23, 2014 4:21:09 下午 org.openqa.selenium.remote.RemoteWebDriver log
信息: Executed: [d43789d4-b98b-a149-b803-d3e259123046, executeScript {script=return navigator.userAgent;, args=[]}]
三月 23, 2014 4:21:09 下午 org.openqa.selenium.remote.RemoteWebDriver log
信息: Executing: get [d43789d4-b98b-a149-b803-d3e259123046, get {url=http://localhost:6461/common/formPage.html}]
三月 23, 2014 4:21:09 下午 org.openqa.selenium.remote.RemoteWebDriver log
信息: Executed: [d43789d4-b98b-a149-b803-d3e259123046, get {url=http://localhost:6461/common/formPage.html}]
三月 23, 2014 4:21:09 下午 org.openqa.selenium.remote.RemoteWebDriver log
信息: Executing: findElement [d43789d4-b98b-a149-b803-d3e259123046, findElement {using=tag name, value=body}]
三月 23, 2014 4:21:09 下午 org.openqa.selenium.remote.RemoteWebDriver log
信息: Executed: [d43789d4-b98b-a149-b803-d3e259123046, findElement {using=tag name, value=body}]
三月 23, 2014 4:21:09 下午 org.openqa.selenium.remote.RemoteWebDriver log
信息: Executing: findChildElements [d43789d4-b98b-a149-b803-d3e259123046, findChildElements {id={95a93202-e4af-e047-9ba9-fcdf8a879f16}, using=xpath, value=count(//input)}]
三月 23, 2014 4:21:09 下午 org.openqa.selenium.remote.RemoteWebDriver log
信息: Executed: [d43789d4-b98b-a149-b803-d3e259123046, findChildElements {id={95a93202-e4af-e047-9ba9-fcdf8a879f16}, using=xpath, value=count(//input)}]
三月 23, 2014 4:21:09 下午 org.openqa.selenium.testing.JUnit4TestBase$1 finished
信息: <<< Finished testShouldThrowInvalidSelectorExceptionWhenXPathReturnsWrongTypeInElementFindElements(org.openqa.selenium.ElementFindingTest)
三月 23, 2014 4:21:09 下午 org.openqa.selenium.testing.JUnit4TestBase$1 starting
信息: >>> Starting testDriverShouldBeAbleToFindElementsAfterLoadingMoreThanOnePageAtATime(org.openqa.selenium.ElementFindingTest)
三月 23, 2014 4:21:09 下午 org.openqa.selenium.remote.RemoteWebDriver log
信息: Executing: get [d43789d4-b98b-a149-b803-d3e259123046, get {url=http://localhost:6461/common/formPage.html}]
三月 23, 2014 4:21:09 下午 org.openqa.selenium.remote.RemoteWebDriver log
信息: Executed: [d43789d4-b98b-a149-b803-d3e259123046, get {url=http://localhost:6461/common/formPage.html}]
三月 23, 2014 4:21:09 下午 org.openqa.selenium.remote.RemoteWebDriver log
信息: Executing: get [d43789d4-b98b-a149-b803-d3e259123046, get {url=http://localhost:6461/common/xhtmlTest.html}]
三月 23, 2014 4:21:09 下午 org.openqa.selenium.remote.RemoteWebDriver log
信息: Executed: [d43789d4-b98b-a149-b803-d3e259123046, get {url=http://localhost:6461/common/xhtmlTest.html}]
三月 23, 2014 4:21:09 下午 org.openqa.selenium.remote.RemoteWebDriver log
信息: Executing: findElement [d43789d4-b98b-a149-b803-d3e259123046, findElement {using=link text, value=click me}]
三月 23, 2014 4:21:09 下午 org.openqa.selenium.remote.RemoteWebDriver log
信息: Executed: [d43789d4-b98b-a149-b803-d3e259123046, findElement {using=link text, value=click me}]
三月 23, 2014 4:21:09 下午 org.openqa.selenium.remote.RemoteWebDriver log
信息: Executing: getElementText [d43789d4-b98b-a149-b803-d3e259123046, getElementText {id={8a5f8130-e23e-1140-888c-1905ecb36bed}}]
三月 23, 2014 4:21:09 下午 org.openqa.selenium.remote.RemoteWebDriver log
信息: Executed: [d43789d4-b98b-a149-b803-d3e259123046, getElementText {id={8a5f8130-e23e-1140-888c-1905ecb36bed}}]
三月 23, 2014 4:21:09 下午 org.openqa.selenium.testing.JUnit4TestBase$1 finished
信息: <<< Finished testDriverShouldBeAbleToFindElementsAfterLoadingMoreThanOnePageAtATime(org.openqa.selenium.ElementFindingTest)
三月 23, 2014 4:21:09 下午 org.openqa.selenium.testing.JUnit4TestBase$1 starting
信息: >>> Starting testShouldNotBeAbleToLocateByIdASingleElementThatDoesNotExist(org.openqa.selenium.ElementFindingTest)
三月 23, 2014 4:21:09 下午 org.openqa.selenium.remote.RemoteWebDriver log
信息: Executing: get [d43789d4-b98b-a149-b803-d3e259123046, get {url=http://localhost:6461/common/formPage.html}]
三月 23, 2014 4:21:09 下午 org.openqa.selenium.remote.RemoteWebDriver log
信息: Executed: [d43789d4-b98b-a149-b803-d3e259123046, get {url=http://localhost:6461/common/formPage.html}]
三月 23, 2014 4:21:09 下午 org.openqa.selenium.remote.RemoteWebDriver log
信息: Executing: findElement [d43789d4-b98b-a149-b803-d3e259123046, findElement {using=id, value=nonExistentButton}]
三月 23, 2014 4:21:09 下午 org.openqa.selenium.remote.RemoteWebDriver log
信息: Executed: [d43789d4-b98b-a149-b803-d3e259123046, findElement {using=id, value=nonExistentButton}]
三月 23, 2014 4:21:09 下午 org.openqa.selenium.testing.JUnit4TestBase$1 finished
信息: <<< Finished testShouldNotBeAbleToLocateByIdASingleElementThatDoesNotExist(org.openqa.selenium.ElementFindingTest)
三月 23, 2014 4:21:09 下午 org.openqa.selenium.testing.JUnit4TestBase$1 starting
信息: >>> Starting testShouldBeAbleToFindASingleElementByTagName(org.openqa.selenium.ElementFindingTest)
三月 23, 2014 4:21:09 下午 org.openqa.selenium.remote.RemoteWebDriver log
信息: Executing: get [d43789d4-b98b-a149-b803-d3e259123046, get {url=http://localhost:6461/common/formPage.html}]
三月 23, 2014 4:21:09 下午 org.openqa.selenium.remote.RemoteWebDriver log
信息: Executed: [d43789d4-b98b-a149-b803-d3e259123046, get {url=http://localhost:6461/common/formPage.html}]
三月 23, 2014 4:21:09 下午 org.openqa.selenium.remote.RemoteWebDriver log
信息: Executing: findElement [d43789d4-b98b-a149-b803-d3e259123046, findElement {using=tag name, value=input}]
三月 23, 2014 4:21:09 下午 org.openqa.selenium.remote.RemoteWebDriver log
信息: Executed: [d43789d4-b98b-a149-b803-d3e259123046, findElement {using=tag name, value=input}]
三月 23, 2014 4:21:09 下午 org.openqa.selenium.remote.RemoteWebDriver log
信息: Executing: getElementTagName [d43789d4-b98b-a149-b803-d3e259123046, getElementTagName {id={7f09e14d-b123-e849-adaa-393273174022}}]
三月 23, 2014 4:21:09 下午 org.openqa.selenium.remote.RemoteWebDriver log
信息: Executed: [d43789d4-b98b-a149-b803-d3e259123046, getElementTagName {id={7f09e14d-b123-e849-adaa-393273174022}}]
三月 23, 2014 4:21:09 下午 org.openqa.selenium.testing.JUnit4TestBase$1 finished
信息: <<< Finished testShouldBeAbleToFindASingleElementByTagName(org.openqa.selenium.ElementFindingTest)
三月 23, 2014 4:21:09 下午 org.openqa.selenium.testing.JUnit4TestBase$1 starting
信息: >>> Starting testShouldFindElementByPartialLinkTextContainingEqualsSign(org.openqa.selenium.ElementFindingTest)
三月 23, 2014 4:21:09 下午 org.openqa.selenium.remote.RemoteWebDriver log
信息: Executing: get [d43789d4-b98b-a149-b803-d3e259123046, get {url=http://localhost:6461/common/xhtmlTest.html}]
三月 23, 2014 4:21:10 下午 org.openqa.selenium.remote.RemoteWebDriver log
信息: Executed: [d43789d4-b98b-a149-b803-d3e259123046, get {url=http://localhost:6461/common/xhtmlTest.html}]
三月 23, 2014 4:21:10 下午 org.openqa.selenium.remote.RemoteWebDriver log
信息: Executing: findElement [d43789d4-b98b-a149-b803-d3e259123046, findElement {using=partial link text, value=Link=}]
三月 23, 2014 4:21:10 下午 org.openqa.selenium.remote.RemoteWebDriver log
信息: Executed: [d43789d4-b98b-a149-b803-d3e259123046, findElement {using=partial link text, value=Link=}]
三月 23, 2014 4:21:10 下午 org.openqa.selenium.remote.RemoteWebDriver log
信息: Executing: getElementAttribute [d43789d4-b98b-a149-b803-d3e259123046, getElementAttribute {id={2eac3530-9dab-b94c-bac1-d5a41d08ecff}, name=id}]
三月 23, 2014 4:21:10 下午 org.openqa.selenium.remote.RemoteWebDriver log
信息: Executed: [d43789d4-b98b-a149-b803-d3e259123046, getElementAttribute {id={2eac3530-9dab-b94c-bac1-d5a41d08ecff}, name=id}]
三月 23, 2014 4:21:10 下午 org.openqa.selenium.testing.JUnit4TestBase$1 finished
信息: <<< Finished testShouldFindElementByPartialLinkTextContainingEqualsSign(org.openqa.selenium.ElementFindingTest)
三月 23, 2014 4:21:10 下午 org.openqa.selenium.testing.JUnit4TestBase$1 starting
信息: >>> Starting testShouldBeAbleToFindMultipleLinksByText(org.openqa.selenium.ElementFindingTest)
三月 23, 2014 4:21:10 下午 org.openqa.selenium.remote.RemoteWebDriver log
信息: Executing: get [d43789d4-b98b-a149-b803-d3e259123046, get {url=http://localhost:6461/common/xhtmlTest.html}]
三月 23, 2014 4:21:10 下午 org.openqa.selenium.remote.RemoteWebDriver log
信息: Executed: [d43789d4-b98b-a149-b803-d3e259123046, get {url=http://localhost:6461/common/xhtmlTest.html}]
三月 23, 2014 4:21:10 下午 org.openqa.selenium.remote.RemoteWebDriver log
信息: Executing: findElements [d43789d4-b98b-a149-b803-d3e259123046, findElements {using=link text, value=click me}]
三月 23, 2014 4:21:10 下午 org.openqa.selenium.remote.RemoteWebDriver log
信息: Executed: [d43789d4-b98b-a149-b803-d3e259123046, findElements {using=link text, value=click me}]
三月 23, 2014 4:21:10 下午 org.openqa.selenium.testing.JUnit4TestBase$1 finished
信息: <<< Finished testShouldBeAbleToFindMultipleLinksByText(org.openqa.selenium.ElementFindingTest)
三月 23, 2014 4:21:10 下午 org.openqa.selenium.testing.JUnit4TestBase$1 starting
信息: >>> Starting testShouldThrowInvalidSelectorExceptionWhenXPathIsSyntacticallyInvalidInDriverFindElements(org.openqa.selenium.ElementFindingTest)
三月 23, 2014 4:21:10 下午 org.openqa.selenium.remote.RemoteWebDriver log
信息: Executing: executeScript [d43789d4-b98b-a149-b803-d3e259123046, executeScript {script=return navigator.userAgent;, args=[]}]
三月 23, 2014 4:21:10 下午 org.openqa.selenium.remote.RemoteWebDriver log
信息: Executed: [d43789d4-b98b-a149-b803-d3e259123046, executeScript {script=return navigator.userAgent;, args=[]}]
三月 23, 2014 4:21:10 下午 org.openqa.selenium.remote.RemoteWebDriver log
信息: Executing: get [d43789d4-b98b-a149-b803-d3e259123046, get {url=http://localhost:6461/common/formPage.html}]
三月 23, 2014 4:21:10 下午 org.openqa.selenium.remote.RemoteWebDriver log
信息: Executed: [d43789d4-b98b-a149-b803-d3e259123046, get {url=http://localhost:6461/common/formPage.html}]
三月 23, 2014 4:21:10 下午 org.openqa.selenium.remote.RemoteWebDriver log
信息: Executing: findElements [d43789d4-b98b-a149-b803-d3e259123046, findElements {using=xpath, value=this][isnot][valid}]
三月 23, 2014 4:21:10 下午 org.openqa.selenium.remote.RemoteWebDriver log
信息: Executed: [d43789d4-b98b-a149-b803-d3e259123046, findElements {using=xpath, value=this][isnot][valid}]
三月 23, 2014 4:21:10 下午 org.openqa.selenium.testing.JUnit4TestBase$1 finished
信息: <<< Finished testShouldThrowInvalidSelectorExceptionWhenXPathIsSyntacticallyInvalidInDriverFindElements(org.openqa.selenium.ElementFindingTest)
三月 23, 2014 4:21:10 下午 org.openqa.selenium.testing.JUnit4TestBase$1 starting
信息: >>> Starting testShouldBeAbleToFindAnElementByBooleanAttributeUsingShortCssSelectorOnHtml4Page(org.openqa.selenium.ElementFindingTest)
三月 23, 2014 4:21:10 下午 org.openqa.selenium.remote.RemoteWebDriver log
信息: Executing: get [d43789d4-b98b-a149-b803-d3e259123046, get {url=http://localhost:6461/common/locators_tests/boolean_attribute_selected_html4.html}]
三月 23, 2014 4:21:10 下午 org.openqa.selenium.remote.RemoteWebDriver log
信息: Executed: [d43789d4-b98b-a149-b803-d3e259123046, get {url=http://localhost:6461/common/locators_tests/boolean_attribute_selected_html4.html}]
三月 23, 2014 4:21:10 下午 org.openqa.selenium.remote.RemoteWebDriver log
信息: Executing: findElement [d43789d4-b98b-a149-b803-d3e259123046, findElement {using=css selector, value=option[selected]}]
三月 23, 2014 4:21:10 下午 org.openqa.selenium.remote.RemoteWebDriver log
信息: Executed: [d43789d4-b98b-a149-b803-d3e259123046, findElement {using=css selector, value=option[selected]}]
三月 23, 2014 4:21:10 下午 org.openqa.selenium.remote.RemoteWebDriver log
信息: Executing: getElementAttribute [d43789d4-b98b-a149-b803-d3e259123046, getElementAttribute {id={dad67f9e-ff8c-b64e-b596-4833641d0ed3}, name=value}]
三月 23, 2014 4:21:10 下午 org.openqa.selenium.remote.RemoteWebDriver log
信息: Executed: [d43789d4-b98b-a149-b803-d3e259123046, getElementAttribute {id={dad67f9e-ff8c-b64e-b596-4833641d0ed3}, name=value}]
三月 23, 2014 4:21:10 下午 org.openqa.selenium.testing.JUnit4TestBase$1 finished
信息: <<< Finished testShouldBeAbleToFindAnElementByBooleanAttributeUsingShortCssSelectorOnHtml4Page(org.openqa.selenium.ElementFindingTest)
三月 23, 2014 4:21:10 下午 org.openqa.selenium.testing.JUnit4TestBase$1 starting
信息: >>> Starting testShouldBeAbleToFindASingleElementByCssSelector(org.openqa.selenium.ElementFindingTest)
三月 23, 2014 4:21:10 下午 org.openqa.selenium.remote.RemoteWebDriver log
信息: Executing: get [d43789d4-b98b-a149-b803-d3e259123046, get {url=http://localhost:6461/common/xhtmlTest.html}]
三月 23, 2014 4:21:10 下午 org.openqa.selenium.remote.RemoteWebDriver log
信息: Executed: [d43789d4-b98b-a149-b803-d3e259123046, get {url=http://localhost:6461/common/xhtmlTest.html}]
三月 23, 2014 4:21:10 下午 org.openqa.selenium.remote.RemoteWebDriver log
信息: Executing: findElement [d43789d4-b98b-a149-b803-d3e259123046, findElement {using=css selector, value=div.content}]
三月 23, 2014 4:21:10 下午 org.openqa.selenium.remote.RemoteWebDriver log
信息: Executed: [d43789d4-b98b-a149-b803-d3e259123046, findElement {using=css selector, value=div.content}]
三月 23, 2014 4:21:10 下午 org.openqa.selenium.remote.RemoteWebDriver log
信息: Executing: getElementTagName [d43789d4-b98b-a149-b803-d3e259123046, getElementTagName {id={e7b1286e-292c-9447-a5e6-59258bf3807f}}]
三月 23, 2014 4:21:10 下午 org.openqa.selenium.remote.RemoteWebDriver log
信息: Executed: [d43789d4-b98b-a149-b803-d3e259123046, getElementTagName {id={e7b1286e-292c-9447-a5e6-59258bf3807f}}]
三月 23, 2014 4:21:10 下午 org.openqa.selenium.remote.RemoteWebDriver log
信息: Executing: getElementAttribute [d43789d4-b98b-a149-b803-d3e259123046, getElementAttribute {id={e7b1286e-292c-9447-a5e6-59258bf3807f}, name=class}]
三月 23, 2014 4:21:10 下午 org.openqa.selenium.remote.RemoteWebDriver log
信息: Executed: [d43789d4-b98b-a149-b803-d3e259123046, getElementAttribute {id={e7b1286e-292c-9447-a5e6-59258bf3807f}, name=class}]
三月 23, 2014 4:21:10 下午 org.openqa.selenium.testing.JUnit4TestBase$1 finished
信息: <<< Finished testShouldBeAbleToFindASingleElementByCssSelector(org.openqa.selenium.ElementFindingTest)
三月 23, 2014 4:21:10 下午 org.openqa.selenium.testing.JUnit4TestBase$1 starting
信息: >>> Starting testShouldFindElementsByClassWhenItsNameIsSurroundedByWhitespace(org.openqa.selenium.ElementFindingTest)
三月 23, 2014 4:21:10 下午 org.openqa.selenium.remote.RemoteWebDriver log
信息: Executing: get [d43789d4-b98b-a149-b803-d3e259123046, get {url=http://localhost:6461/common/xhtmlTest.html}]
三月 23, 2014 4:21:10 下午 org.openqa.selenium.remote.RemoteWebDriver log
信息: Executed: [d43789d4-b98b-a149-b803-d3e259123046, get {url=http://localhost:6461/common/xhtmlTest.html}]
三月 23, 2014 4:21:10 下午 org.openqa.selenium.remote.RemoteWebDriver log
信息: Executing: findElements [d43789d4-b98b-a149-b803-d3e259123046, findElements {using=class name, value=spaceAround}]
三月 23, 2014 4:21:10 下午 org.openqa.selenium.remote.RemoteWebDriver log
信息: Executed: [d43789d4-b98b-a149-b803-d3e259123046, findElements {using=class name, value=spaceAround}]
三月 23, 2014 4:21:10 下午 org.openqa.selenium.remote.RemoteWebDriver log
信息: Executing: getElementText [d43789d4-b98b-a149-b803-d3e259123046, getElementText {id={c13f8924-385c-6e42-83ef-aeb50d383bbc}}]
三月 23, 2014 4:21:10 下午 org.openqa.selenium.remote.RemoteWebDriver log
信息: Executed: [d43789d4-b98b-a149-b803-d3e259123046, getElementText {id={c13f8924-385c-6e42-83ef-aeb50d383bbc}}]
三月 23, 2014 4:21:10 下午 org.openqa.selenium.testing.JUnit4TestBase$1 finished
信息: <<< Finished testShouldFindElementsByClassWhenItsNameIsSurroundedByWhitespace(org.openqa.selenium.ElementFindingTest)
三月 23, 2014 4:21:10 下午 org.openqa.selenium.testing.JUnit4TestBase$1 starting
信息: >>> Starting testFindingASingleElementByEmptyNameShouldThrow(org.openqa.selenium.ElementFindingTest)
三月 23, 2014 4:21:10 下午 org.openqa.selenium.remote.RemoteWebDriver log
信息: Executing: get [d43789d4-b98b-a149-b803-d3e259123046, get {url=http://localhost:6461/common/formPage.html}]
三月 23, 2014 4:21:10 下午 org.openqa.selenium.remote.RemoteWebDriver log
信息: Executed: [d43789d4-b98b-a149-b803-d3e259123046, get {url=http://localhost:6461/common/formPage.html}]
三月 23, 2014 4:21:10 下午 org.openqa.selenium.remote.RemoteWebDriver log
信息: Executing: findElement [d43789d4-b98b-a149-b803-d3e259123046, findElement {using=name, value=}]
三月 23, 2014 4:21:10 下午 org.openqa.selenium.remote.RemoteWebDriver log
信息: Executed: [d43789d4-b98b-a149-b803-d3e259123046, findElement {using=name, value=}]
三月 23, 2014 4:21:10 下午 org.openqa.selenium.testing.JUnit4TestBase$1 finished
信息: <<< Finished testFindingASingleElementByEmptyNameShouldThrow(org.openqa.selenium.ElementFindingTest)
三月 23, 2014 4:21:10 下午 org.openqa.selenium.testing.JUnit4TestBase$1 starting
信息: >>> Starting testFindingASingleElementByInvalidCssSelectorShouldThrow(org.openqa.selenium.ElementFindingTest)
三月 23, 2014 4:21:10 下午 org.openqa.selenium.remote.RemoteWebDriver log
信息: Executing: get [d43789d4-b98b-a149-b803-d3e259123046, get {url=http://localhost:6461/common/xhtmlTest.html}]
三月 23, 2014 4:21:10 下午 org.openqa.selenium.remote.RemoteWebDriver log
信息: Executed: [d43789d4-b98b-a149-b803-d3e259123046, get {url=http://localhost:6461/common/xhtmlTest.html}]
三月 23, 2014 4:21:10 下午 org.openqa.selenium.remote.RemoteWebDriver log
信息: Executing: findElement [d43789d4-b98b-a149-b803-d3e259123046, findElement {using=css selector, value=//a/b/c[@id='1']}]
三月 23, 2014 4:21:10 下午 org.openqa.selenium.remote.RemoteWebDriver log
信息: Executed: [d43789d4-b98b-a149-b803-d3e259123046, findElement {using=css selector, value=//a/b/c[@id='1']}]
三月 23, 2014 4:21:10 下午 org.openqa.selenium.testing.JUnit4TestBase$1 finished
信息: <<< Finished testFindingASingleElementByInvalidCssSelectorShouldThrow(org.openqa.selenium.ElementFindingTest)
三月 23, 2014 4:21:10 下午 org.openqa.selenium.testing.JUnit4TestBase$1 starting
信息: >>> Starting testFindingASingleElementByIdWithSpaceShouldThrow(org.openqa.selenium.ElementFindingTest)
三月 23, 2014 4:21:10 下午 org.openqa.selenium.remote.RemoteWebDriver log
信息: Executing: get [d43789d4-b98b-a149-b803-d3e259123046, get {url=http://localhost:6461/common/formPage.html}]
三月 23, 2014 4:21:10 下午 org.openqa.selenium.remote.RemoteWebDriver log
信息: Executed: [d43789d4-b98b-a149-b803-d3e259123046, get {url=http://localhost:6461/common/formPage.html}]
三月 23, 2014 4:21:10 下午 org.openqa.selenium.remote.RemoteWebDriver log
信息: Executing: findElement [d43789d4-b98b-a149-b803-d3e259123046, findElement {using=id, value=nonexistent button}]
三月 23, 2014 4:21:10 下午 org.openqa.selenium.remote.RemoteWebDriver log
信息: Executed: [d43789d4-b98b-a149-b803-d3e259123046, findElement {using=id, value=nonexistent button}]
三月 23, 2014 4:21:10 下午 org.openqa.selenium.testing.JUnit4TestBase$1 finished
信息: <<< Finished testFindingASingleElementByIdWithSpaceShouldThrow(org.openqa.selenium.ElementFindingTest)
三月 23, 2014 4:21:10 下午 org.openqa.selenium.testing.JUnit4TestBase$1 starting
信息: >>> Starting testShouldNotBeAbleToLocateByTagNameMultipleElementsThatDoNotExist(org.openqa.selenium.ElementFindingTest)
三月 23, 2014 4:21:10 下午 org.openqa.selenium.remote.RemoteWebDriver log
信息: Executing: get [d43789d4-b98b-a149-b803-d3e259123046, get {url=http://localhost:6461/common/formPage.html}]
三月 23, 2014 4:21:10 下午 org.openqa.selenium.remote.RemoteWebDriver log
信息: Executed: [d43789d4-b98b-a149-b803-d3e259123046, get {url=http://localhost:6461/common/formPage.html}]
三月 23, 2014 4:21:10 下午 org.openqa.selenium.remote.RemoteWebDriver log
信息: Executing: findElements [d43789d4-b98b-a149-b803-d3e259123046, findElements {using=tag name, value=nonExistentButton}]
三月 23, 2014 4:21:10 下午 org.openqa.selenium.remote.RemoteWebDriver log
信息: Executed: [d43789d4-b98b-a149-b803-d3e259123046, findElements {using=tag name, value=nonExistentButton}]
三月 23, 2014 4:21:10 下午 org.openqa.selenium.testing.JUnit4TestBase$1 finished
信息: <<< Finished testShouldNotBeAbleToLocateByTagNameMultipleElementsThatDoNotExist(org.openqa.selenium.ElementFindingTest)
三月 23, 2014 4:21:10 下午 org.openqa.selenium.testing.JUnit4TestBase$1 starting
信息: >>> Starting testShouldBeAbleToFindAnElementByBooleanAttributeUsingCssSelector(org.openqa.selenium.ElementFindingTest)
三月 23, 2014 4:21:10 下午 org.openqa.selenium.remote.RemoteWebDriver log
信息: Executing: get [d43789d4-b98b-a149-b803-d3e259123046, get {url=http://localhost:6461/common/locators_tests/boolean_attribute_selected.html}]
三月 23, 2014 4:21:10 下午 org.openqa.selenium.remote.RemoteWebDriver log
信息: Executed: [d43789d4-b98b-a149-b803-d3e259123046, get {url=http://localhost:6461/common/locators_tests/boolean_attribute_selected.html}]
三月 23, 2014 4:21:10 下午 org.openqa.selenium.remote.RemoteWebDriver log
信息: Executing: findElement [d43789d4-b98b-a149-b803-d3e259123046, findElement {using=css selector, value=option[selected='selected']}]
三月 23, 2014 4:21:10 下午 org.openqa.selenium.remote.RemoteWebDriver log
信息: Executed: [d43789d4-b98b-a149-b803-d3e259123046, findElement {using=css selector, value=option[selected='selected']}]
三月 23, 2014 4:21:10 下午 org.openqa.selenium.remote.RemoteWebDriver log
信息: Executing: getElementAttribute [d43789d4-b98b-a149-b803-d3e259123046, getElementAttribute {id={9d24a449-649a-8341-b4e5-df022d1ccc71}, name=value}]
三月 23, 2014 4:21:10 下午 org.openqa.selenium.remote.RemoteWebDriver log
信息: Executed: [d43789d4-b98b-a149-b803-d3e259123046, getElementAttribute {id={9d24a449-649a-8341-b4e5-df022d1ccc71}, name=value}]
三月 23, 2014 4:21:10 下午 org.openqa.selenium.testing.JUnit4TestBase$1 finished
信息: <<< Finished testShouldBeAbleToFindAnElementByBooleanAttributeUsingCssSelector(org.openqa.selenium.ElementFindingTest)
三月 23, 2014 4:21:10 下午 org.openqa.selenium.testing.JUnit4TestBase$1 starting
信息: >>> Starting testLinkWithFormattingTags(org.openqa.selenium.ElementFindingTest)
三月 23, 2014 4:21:10 下午 org.openqa.selenium.remote.RemoteWebDriver log
信息: Executing: get [d43789d4-b98b-a149-b803-d3e259123046, get {url=http://localhost:6461/common/simpleTest.html}]
三月 23, 2014 4:21:10 下午 org.openqa.selenium.remote.RemoteWebDriver log
信息: Executed: [d43789d4-b98b-a149-b803-d3e259123046, get {url=http://localhost:6461/common/simpleTest.html}]
三月 23, 2014 4:21:10 下午 org.openqa.selenium.remote.RemoteWebDriver log
信息: Executing: findElement [d43789d4-b98b-a149-b803-d3e259123046, findElement {using=id, value=links}]
三月 23, 2014 4:21:10 下午 org.openqa.selenium.remote.RemoteWebDriver log
信息: Executed: [d43789d4-b98b-a149-b803-d3e259123046, findElement {using=id, value=links}]
三月 23, 2014 4:21:10 下午 org.openqa.selenium.remote.RemoteWebDriver log
信息: Executing: findChildElement [d43789d4-b98b-a149-b803-d3e259123046, findChildElement {id={f7bd9a2b-d8f9-634a-aebb-6a71afa6329d}, using=partial link text, value=link with formatting tags}]
三月 23, 2014 4:21:10 下午 org.openqa.selenium.remote.RemoteWebDriver log
信息: Executed: [d43789d4-b98b-a149-b803-d3e259123046, findChildElement {id={f7bd9a2b-d8f9-634a-aebb-6a71afa6329d}, using=partial link text, value=link with formatting tags}]
三月 23, 2014 4:21:10 下午 org.openqa.selenium.remote.RemoteWebDriver log
信息: Executing: getElementText [d43789d4-b98b-a149-b803-d3e259123046, getElementText {id={9daf8018-2314-8b49-8c65-a29ed0bf7335}}]
三月 23, 2014 4:21:10 下午 org.openqa.selenium.remote.RemoteWebDriver log
信息: Executed: [d43789d4-b98b-a149-b803-d3e259123046, getElementText {id={9daf8018-2314-8b49-8c65-a29ed0bf7335}}]
三月 23, 2014 4:21:10 下午 org.openqa.selenium.testing.JUnit4TestBase$1 finished
信息: <<< Finished testLinkWithFormattingTags(org.openqa.selenium.ElementFindingTest)
三月 23, 2014 4:21:10 下午 org.openqa.selenium.testing.JUnit4TestBase$1 starting
信息: >>> Starting testShouldBeAbleToFindALinkByText(org.openqa.selenium.ElementFindingTest)
三月 23, 2014 4:21:10 下午 org.openqa.selenium.remote.RemoteWebDriver log
信息: Executing: get [d43789d4-b98b-a149-b803-d3e259123046, get {url=http://localhost:6461/common/xhtmlTest.html}]
三月 23, 2014 4:21:10 下午 org.openqa.selenium.remote.RemoteWebDriver log
信息: Executed: [d43789d4-b98b-a149-b803-d3e259123046, get {url=http://localhost:6461/common/xhtmlTest.html}]
三月 23, 2014 4:21:10 下午 org.openqa.selenium.remote.RemoteWebDriver log
信息: Executing: findElement [d43789d4-b98b-a149-b803-d3e259123046, findElement {using=link text, value=click me}]
三月 23, 2014 4:21:10 下午 org.openqa.selenium.remote.RemoteWebDriver log
信息: Executed: [d43789d4-b98b-a149-b803-d3e259123046, findElement {using=link text, value=click me}]
三月 23, 2014 4:21:10 下午 org.openqa.selenium.remote.RemoteWebDriver log
信息: Executing: getElementText [d43789d4-b98b-a149-b803-d3e259123046, getElementText {id={dfefc8e7-c76d-c541-adf6-d651690739da}}]
三月 23, 2014 4:21:10 下午 org.openqa.selenium.remote.RemoteWebDriver log
信息: Executed: [d43789d4-b98b-a149-b803-d3e259123046, getElementText {id={dfefc8e7-c76d-c541-adf6-d651690739da}}]
三月 23, 2014 4:21:10 下午 org.openqa.selenium.testing.JUnit4TestBase$1 finished
信息: <<< Finished testShouldBeAbleToFindALinkByText(org.openqa.selenium.ElementFindingTest)
三月 23, 2014 4:21:10 下午 org.openqa.selenium.testing.JUnit4TestBase$1 starting
信息: >>> Starting testAnElementFoundInADifferentFrameIsStale(org.openqa.selenium.ElementFindingTest)
三月 23, 2014 4:21:10 下午 org.openqa.selenium.remote.RemoteWebDriver log
信息: Executing: get [d43789d4-b98b-a149-b803-d3e259123046, get {url=http://localhost:6461/common/missedJsReference.html}]
三月 23, 2014 4:21:10 下午 org.openqa.selenium.remote.RemoteWebDriver log
信息: Executed: [d43789d4-b98b-a149-b803-d3e259123046, get {url=http://localhost:6461/common/missedJsReference.html}]
三月 23, 2014 4:21:10 下午 org.openqa.selenium.remote.RemoteWebDriver log
信息: Executing: switchToFrame [d43789d4-b98b-a149-b803-d3e259123046, switchToFrame {id=inner}]
三月 23, 2014 4:21:11 下午 org.openqa.selenium.remote.RemoteWebDriver log
信息: Executed: [d43789d4-b98b-a149-b803-d3e259123046, switchToFrame {id=inner}]
三月 23, 2014 4:21:11 下午 org.openqa.selenium.remote.RemoteWebDriver log
信息: Executing: findElement [d43789d4-b98b-a149-b803-d3e259123046, findElement {using=id, value=oneline}]
三月 23, 2014 4:21:11 下午 org.openqa.selenium.remote.RemoteWebDriver log
信息: Executed: [d43789d4-b98b-a149-b803-d3e259123046, findElement {using=id, value=oneline}]
三月 23, 2014 4:21:11 下午 org.openqa.selenium.remote.RemoteWebDriver log
信息: Executing: switchToFrame [d43789d4-b98b-a149-b803-d3e259123046, switchToFrame {id=null}]
三月 23, 2014 4:21:11 下午 org.openqa.selenium.remote.RemoteWebDriver log
信息: Executed: [d43789d4-b98b-a149-b803-d3e259123046, switchToFrame {id=null}]
三月 23, 2014 4:21:11 下午 org.openqa.selenium.remote.RemoteWebDriver log
信息: Executing: getElementText [d43789d4-b98b-a149-b803-d3e259123046, getElementText {id={2f5eacf5-0310-2044-b69a-c6718d1f1adb}}]
三月 23, 2014 4:21:11 下午 org.openqa.selenium.remote.RemoteWebDriver log
信息: Executed: [d43789d4-b98b-a149-b803-d3e259123046, getElementText {id={2f5eacf5-0310-2044-b69a-c6718d1f1adb}}]
三月 23, 2014 4:21:11 下午 org.openqa.selenium.testing.JUnit4TestBase$1 finished
信息: <<< Finished testAnElementFoundInADifferentFrameIsStale(org.openqa.selenium.ElementFindingTest)
三月 23, 2014 4:21:11 下午 org.openqa.selenium.testing.JUnit4TestBase$1 starting
信息: >>> Starting testShouldThrowInvalidSelectorExceptionWhenXPathIsSyntacticallyInvalidInElementFindElement(org.openqa.selenium.ElementFindingTest)
三月 23, 2014 4:21:11 下午 org.openqa.selenium.remote.RemoteWebDriver log
信息: Executing: get [d43789d4-b98b-a149-b803-d3e259123046, get {url=http://localhost:6461/common/formPage.html}]
三月 23, 2014 4:21:11 下午 org.openqa.selenium.remote.RemoteWebDriver log
信息: Executed: [d43789d4-b98b-a149-b803-d3e259123046, get {url=http://localhost:6461/common/formPage.html}]
三月 23, 2014 4:21:11 下午 org.openqa.selenium.remote.RemoteWebDriver log
信息: Executing: findElement [d43789d4-b98b-a149-b803-d3e259123046, findElement {using=tag name, value=body}]
三月 23, 2014 4:21:11 下午 org.openqa.selenium.remote.RemoteWebDriver log
信息: Executed: [d43789d4-b98b-a149-b803-d3e259123046, findElement {using=tag name, value=body}]
三月 23, 2014 4:21:11 下午 org.openqa.selenium.remote.RemoteWebDriver log
信息: Executing: findChildElement [d43789d4-b98b-a149-b803-d3e259123046, findChildElement {id={cd1446a7-fc65-7d4e-96a6-fd6ecc9a766f}, using=xpath, value=this][isnot][valid}]
三月 23, 2014 4:21:11 下午 org.openqa.selenium.remote.RemoteWebDriver log
信息: Executed: [d43789d4-b98b-a149-b803-d3e259123046, findChildElement {id={cd1446a7-fc65-7d4e-96a6-fd6ecc9a766f}, using=xpath, value=this][isnot][valid}]
三月 23, 2014 4:21:11 下午 org.openqa.selenium.testing.JUnit4TestBase$1 finished
信息: <<< Finished testShouldThrowInvalidSelectorExceptionWhenXPathIsSyntacticallyInvalidInElementFindElement(org.openqa.selenium.ElementFindingTest)
三月 23, 2014 4:21:11 下午 org.openqa.selenium.testing.JUnit4TestBase$1 starting
信息: >>> Starting testFindingASingleElementByEmptyIdShouldThrow(org.openqa.selenium.ElementFindingTest)
三月 23, 2014 4:21:11 下午 org.openqa.selenium.remote.RemoteWebDriver log
信息: Executing: get [d43789d4-b98b-a149-b803-d3e259123046, get {url=http://localhost:6461/common/formPage.html}]
三月 23, 2014 4:21:11 下午 org.openqa.selenium.remote.RemoteWebDriver log
信息: Executed: [d43789d4-b98b-a149-b803-d3e259123046, get {url=http://localhost:6461/common/formPage.html}]
三月 23, 2014 4:21:11 下午 org.openqa.selenium.remote.RemoteWebDriver log
信息: Executing: findElement [d43789d4-b98b-a149-b803-d3e259123046, findElement {using=id, value=}]
三月 23, 2014 4:21:11 下午 org.openqa.selenium.remote.RemoteWebDriver log
信息: Executed: [d43789d4-b98b-a149-b803-d3e259123046, findElement {using=id, value=}]
三月 23, 2014 4:21:11 下午 org.openqa.selenium.testing.JUnit4TestBase$1 finished
信息: <<< Finished testFindingASingleElementByEmptyIdShouldThrow(org.openqa.selenium.ElementFindingTest)
三月 23, 2014 4:21:11 下午 org.openqa.selenium.testing.JUnit4TestBase$1 starting
信息: >>> Starting testFindingASingleElementByEmptyCssSelectorShouldThrow(org.openqa.selenium.ElementFindingTest)
三月 23, 2014 4:21:11 下午 org.openqa.selenium.remote.RemoteWebDriver log
信息: Executing: get [d43789d4-b98b-a149-b803-d3e259123046, get {url=http://localhost:6461/common/xhtmlTest.html}]
三月 23, 2014 4:21:11 下午 org.openqa.selenium.remote.RemoteWebDriver log
信息: Executed: [d43789d4-b98b-a149-b803-d3e259123046, get {url=http://localhost:6461/common/xhtmlTest.html}]
三月 23, 2014 4:21:11 下午 org.openqa.selenium.remote.RemoteWebDriver log
信息: Executing: findElement [d43789d4-b98b-a149-b803-d3e259123046, findElement {using=css selector, value=}]
三月 23, 2014 4:21:11 下午 org.openqa.selenium.remote.RemoteWebDriver log
信息: Executed: [d43789d4-b98b-a149-b803-d3e259123046, findElement {using=css selector, value=}]
三月 23, 2014 4:21:11 下午 org.openqa.selenium.testing.JUnit4TestBase$1 finished
信息: <<< Finished testFindingASingleElementByEmptyCssSelectorShouldThrow(org.openqa.selenium.ElementFindingTest)
三月 23, 2014 4:21:11 下午 org.openqa.selenium.testing.JUnit4TestBase$1 starting
信息: >>> Starting testShouldThrowInvalidSelectorExceptionWhenXPathIsSyntacticallyInvalidInElementFindElements(org.openqa.selenium.ElementFindingTest)
三月 23, 2014 4:21:11 下午 org.openqa.selenium.remote.RemoteWebDriver log
信息: Executing: executeScript [d43789d4-b98b-a149-b803-d3e259123046, executeScript {script=return navigator.userAgent;, args=[]}]
三月 23, 2014 4:21:11 下午 org.openqa.selenium.remote.RemoteWebDriver log
信息: Executed: [d43789d4-b98b-a149-b803-d3e259123046, executeScript {script=return navigator.userAgent;, args=[]}]
三月 23, 2014 4:21:11 下午 org.openqa.selenium.remote.RemoteWebDriver log
信息: Executing: get [d43789d4-b98b-a149-b803-d3e259123046, get {url=http://localhost:6461/common/formPage.html}]
三月 23, 2014 4:21:11 下午 org.openqa.selenium.remote.RemoteWebDriver log
信息: Executed: [d43789d4-b98b-a149-b803-d3e259123046, get {url=http://localhost:6461/common/formPage.html}]
三月 23, 2014 4:21:11 下午 org.openqa.selenium.remote.RemoteWebDriver log
信息: Executing: findElement [d43789d4-b98b-a149-b803-d3e259123046, findElement {using=tag name, value=body}]
三月 23, 2014 4:21:11 下午 org.openqa.selenium.remote.RemoteWebDriver log
信息: Executed: [d43789d4-b98b-a149-b803-d3e259123046, findElement {using=tag name, value=body}]
三月 23, 2014 4:21:11 下午 org.openqa.selenium.remote.RemoteWebDriver log
信息: Executing: findChildElements [d43789d4-b98b-a149-b803-d3e259123046, findChildElements {id={d9511b16-bed1-a24d-bdd2-1f18086b45d5}, using=xpath, value=this][isnot][valid}]
三月 23, 2014 4:21:11 下午 org.openqa.selenium.remote.RemoteWebDriver log
信息: Executed: [d43789d4-b98b-a149-b803-d3e259123046, findChildElements {id={d9511b16-bed1-a24d-bdd2-1f18086b45d5}, using=xpath, value=this][isnot][valid}]
三月 23, 2014 4:21:11 下午 org.openqa.selenium.testing.JUnit4TestBase$1 finished
信息: <<< Finished testShouldThrowInvalidSelectorExceptionWhenXPathIsSyntacticallyInvalidInElementFindElements(org.openqa.selenium.ElementFindingTest)
三月 23, 2014 4:21:11 下午 org.openqa.selenium.testing.JUnit4TestBase$1 starting
信息: >>> Starting testFindingALinkByXpathShouldLocateAnElementWithTheGivenText(org.openqa.selenium.ElementFindingTest)
三月 23, 2014 4:21:11 下午 org.openqa.selenium.remote.RemoteWebDriver log
信息: Executing: get [d43789d4-b98b-a149-b803-d3e259123046, get {url=http://localhost:6461/common/xhtmlTest.html}]
三月 23, 2014 4:21:11 下午 org.openqa.selenium.remote.RemoteWebDriver log
信息: Executed: [d43789d4-b98b-a149-b803-d3e259123046, get {url=http://localhost:6461/common/xhtmlTest.html}]
三月 23, 2014 4:21:11 下午 org.openqa.selenium.remote.RemoteWebDriver log
信息: Executing: findElement [d43789d4-b98b-a149-b803-d3e259123046, findElement {using=xpath, value=//a[text()='click me']}]
三月 23, 2014 4:21:11 下午 org.openqa.selenium.remote.RemoteWebDriver log
信息: Executed: [d43789d4-b98b-a149-b803-d3e259123046, findElement {using=xpath, value=//a[text()='click me']}]
三月 23, 2014 4:21:11 下午 org.openqa.selenium.remote.RemoteWebDriver log
信息: Executing: getElementText [d43789d4-b98b-a149-b803-d3e259123046, getElementText {id={478ad8fa-b07c-094d-b5ac-39a3cfea6c9a}}]
三月 23, 2014 4:21:11 下午 org.openqa.selenium.remote.RemoteWebDriver log
信息: Executed: [d43789d4-b98b-a149-b803-d3e259123046, getElementText {id={478ad8fa-b07c-094d-b5ac-39a3cfea6c9a}}]
三月 23, 2014 4:21:11 下午 org.openqa.selenium.testing.JUnit4TestBase$1 finished
信息: <<< Finished testFindingALinkByXpathShouldLocateAnElementWithTheGivenText(org.openqa.selenium.ElementFindingTest)
三月 23, 2014 4:21:11 下午 org.openqa.selenium.testing.JUnit4TestBase$1 starting
信息: >>> Starting testFindingMultipleElementsByEmptyClassNameShouldThrow(org.openqa.selenium.ElementFindingTest)
三月 23, 2014 4:21:11 下午 org.openqa.selenium.remote.RemoteWebDriver log
信息: Executing: get [d43789d4-b98b-a149-b803-d3e259123046, get {url=http://localhost:6461/common/xhtmlTest.html}]
三月 23, 2014 4:21:11 下午 org.openqa.selenium.remote.RemoteWebDriver log
信息: Executed: [d43789d4-b98b-a149-b803-d3e259123046, get {url=http://localhost:6461/common/xhtmlTest.html}]
三月 23, 2014 4:21:11 下午 org.openqa.selenium.remote.RemoteWebDriver log
信息: Executing: findElements [d43789d4-b98b-a149-b803-d3e259123046, findElements {using=class name, value=}]
三月 23, 2014 4:21:11 下午 org.openqa.selenium.remote.RemoteWebDriver log
信息: Executed: [d43789d4-b98b-a149-b803-d3e259123046, findElements {using=class name, value=}]
三月 23, 2014 4:21:11 下午 org.openqa.selenium.testing.JUnit4TestBase$1 finished
信息: <<< Finished testFindingMultipleElementsByEmptyClassNameShouldThrow(org.openqa.selenium.ElementFindingTest)
三月 23, 2014 4:21:11 下午 org.openqa.selenium.testing.JUnit4TestBase$1 starting
信息: >>> Starting testShouldBeAbleToFindMultipleElementsByXPath(org.openqa.selenium.ElementFindingTest)
三月 23, 2014 4:21:11 下午 org.openqa.selenium.remote.RemoteWebDriver log
信息: Executing: get [d43789d4-b98b-a149-b803-d3e259123046, get {url=http://localhost:6461/common/xhtmlTest.html}]
三月 23, 2014 4:21:11 下午 org.openqa.selenium.remote.RemoteWebDriver log
信息: Executed: [d43789d4-b98b-a149-b803-d3e259123046, get {url=http://localhost:6461/common/xhtmlTest.html}]
三月 23, 2014 4:21:11 下午 org.openqa.selenium.remote.RemoteWebDriver log
信息: Executing: findElements [d43789d4-b98b-a149-b803-d3e259123046, findElements {using=xpath, value=//div}]
三月 23, 2014 4:21:11 下午 org.openqa.selenium.remote.RemoteWebDriver log
信息: Executed: [d43789d4-b98b-a149-b803-d3e259123046, findElements {using=xpath, value=//div}]
三月 23, 2014 4:21:11 下午 org.openqa.selenium.testing.JUnit4TestBase$1 finished
信息: <<< Finished testShouldBeAbleToFindMultipleElementsByXPath(org.openqa.selenium.ElementFindingTest)
三月 23, 2014 4:21:11 下午 org.openqa.selenium.testing.JUnit4TestBase$1 starting
信息: >>> Starting testFindingMultipleElementsByEmptyNameShouldThrow(org.openqa.selenium.ElementFindingTest)
三月 23, 2014 4:21:11 下午 org.openqa.selenium.remote.RemoteWebDriver log
信息: Executing: get [d43789d4-b98b-a149-b803-d3e259123046, get {url=http://localhost:6461/common/formPage.html}]
三月 23, 2014 4:21:11 下午 org.openqa.selenium.remote.RemoteWebDriver log
信息: Executed: [d43789d4-b98b-a149-b803-d3e259123046, get {url=http://localhost:6461/common/formPage.html}]
三月 23, 2014 4:21:11 下午 org.openqa.selenium.remote.RemoteWebDriver log
信息: Executing: findElements [d43789d4-b98b-a149-b803-d3e259123046, findElements {using=name, value=}]
三月 23, 2014 4:21:11 下午 org.openqa.selenium.remote.RemoteWebDriver log
信息: Executed: [d43789d4-b98b-a149-b803-d3e259123046, findElements {using=name, value=}]
三月 23, 2014 4:21:11 下午 org.openqa.selenium.testing.JUnit4TestBase$1 finished
信息: <<< Finished testFindingMultipleElementsByEmptyNameShouldThrow(org.openqa.selenium.ElementFindingTest)
三月 23, 2014 4:21:11 下午 org.openqa.selenium.testing.JUnit4TestBase$1 starting
信息: >>> Starting testShouldBeAbleToIdentifyElementsByClass(org.openqa.selenium.ElementFindingTest)
三月 23, 2014 4:21:11 下午 org.openqa.selenium.remote.RemoteWebDriver log
信息: Executing: get [d43789d4-b98b-a149-b803-d3e259123046, get {url=http://localhost:6461/common/xhtmlTest.html}]
三月 23, 2014 4:21:11 下午 org.openqa.selenium.remote.RemoteWebDriver log
信息: Executed: [d43789d4-b98b-a149-b803-d3e259123046, get {url=http://localhost:6461/common/xhtmlTest.html}]
三月 23, 2014 4:21:11 下午 org.openqa.selenium.remote.RemoteWebDriver log
信息: Executing: findElement [d43789d4-b98b-a149-b803-d3e259123046, findElement {using=xpath, value=//h1[@class='header']}]
三月 23, 2014 4:21:11 下午 org.openqa.selenium.remote.RemoteWebDriver log
信息: Executed: [d43789d4-b98b-a149-b803-d3e259123046, findElement {using=xpath, value=//h1[@class='header']}]
三月 23, 2014 4:21:11 下午 org.openqa.selenium.remote.RemoteWebDriver log
信息: Executing: getElementText [d43789d4-b98b-a149-b803-d3e259123046, getElementText {id={90c3ca17-bc86-5142-94f6-e4f8b14e271f}}]
三月 23, 2014 4:21:11 下午 org.openqa.selenium.remote.RemoteWebDriver log
信息: Executed: [d43789d4-b98b-a149-b803-d3e259123046, getElementText {id={90c3ca17-bc86-5142-94f6-e4f8b14e271f}}]
三月 23, 2014 4:21:11 下午 org.openqa.selenium.testing.JUnit4TestBase$1 finished
信息: <<< Finished testShouldBeAbleToIdentifyElementsByClass(org.openqa.selenium.ElementFindingTest)
三月 23, 2014 4:21:11 下午 org.openqa.selenium.testing.JUnit4TestBase$1 starting
信息: >>> Starting testShouldBeAbleToFindMultipleElementsByCompoundCssSelector(org.openqa.selenium.ElementFindingTest)
三月 23, 2014 4:21:11 下午 org.openqa.selenium.remote.RemoteWebDriver log
信息: Executing: get [d43789d4-b98b-a149-b803-d3e259123046, get {url=http://localhost:6461/common/xhtmlTest.html}]
三月 23, 2014 4:21:11 下午 org.openqa.selenium.remote.RemoteWebDriver log
信息: Executed: [d43789d4-b98b-a149-b803-d3e259123046, get {url=http://localhost:6461/common/xhtmlTest.html}]
三月 23, 2014 4:21:11 下午 org.openqa.selenium.remote.RemoteWebDriver log
信息: Executing: findElements [d43789d4-b98b-a149-b803-d3e259123046, findElements {using=css selector, value=div.extraDiv, div.content}]
三月 23, 2014 4:21:11 下午 org.openqa.selenium.remote.RemoteWebDriver log
信息: Executed: [d43789d4-b98b-a149-b803-d3e259123046, findElements {using=css selector, value=div.extraDiv, div.content}]
三月 23, 2014 4:21:11 下午 org.openqa.selenium.remote.RemoteWebDriver log
信息: Executing: getElementAttribute [d43789d4-b98b-a149-b803-d3e259123046, getElementAttribute {id={85645136-bc26-d34e-8297-6177e447ae78}, name=class}]
三月 23, 2014 4:21:11 下午 org.openqa.selenium.remote.RemoteWebDriver log
信息: Executed: [d43789d4-b98b-a149-b803-d3e259123046, getElementAttribute {id={85645136-bc26-d34e-8297-6177e447ae78}, name=class}]
三月 23, 2014 4:21:11 下午 org.openqa.selenium.remote.RemoteWebDriver log
信息: Executing: getElementAttribute [d43789d4-b98b-a149-b803-d3e259123046, getElementAttribute {id={3248fb53-eb0b-414d-801f-df1cb71d28b7}, name=class}]
三月 23, 2014 4:21:11 下午 org.openqa.selenium.remote.RemoteWebDriver log
信息: Executed: [d43789d4-b98b-a149-b803-d3e259123046, getElementAttribute {id={3248fb53-eb0b-414d-801f-df1cb71d28b7}, name=class}]
三月 23, 2014 4:21:11 下午 org.openqa.selenium.testing.JUnit4TestBase$1 finished
信息: <<< Finished testShouldBeAbleToFindMultipleElementsByCompoundCssSelector(org.openqa.selenium.ElementFindingTest)
三月 23, 2014 4:21:11 下午 org.openqa.selenium.testing.JUnit4TestBase$1 starting
信息: >>> Starting testShouldBeAbleToFindMultipleElementsByTagName(org.openqa.selenium.ElementFindingTest)
三月 23, 2014 4:21:11 下午 org.openqa.selenium.remote.RemoteWebDriver log
信息: Executing: get [d43789d4-b98b-a149-b803-d3e259123046, get {url=http://localhost:6461/common/formPage.html}]
三月 23, 2014 4:21:11 下午 org.openqa.selenium.remote.RemoteWebDriver log
信息: Executed: [d43789d4-b98b-a149-b803-d3e259123046, get {url=http://localhost:6461/common/formPage.html}]
三月 23, 2014 4:21:11 下午 org.openqa.selenium.remote.RemoteWebDriver log
信息: Executing: findElements [d43789d4-b98b-a149-b803-d3e259123046, findElements {using=tag name, value=input}]
三月 23, 2014 4:21:11 下午 org.openqa.selenium.remote.RemoteWebDriver log
信息: Executed: [d43789d4-b98b-a149-b803-d3e259123046, findElements {using=tag name, value=input}]
三月 23, 2014 4:21:11 下午 org.openqa.selenium.testing.JUnit4TestBase$1 finished
信息: <<< Finished testShouldBeAbleToFindMultipleElementsByTagName(org.openqa.selenium.ElementFindingTest)
三月 23, 2014 4:21:11 下午 org.openqa.selenium.testing.JUnit4TestBase$1 starting
信息: >>> Starting testShouldNotBeAbleToLocateByNameMultipleElementsThatDoNotExist(org.openqa.selenium.ElementFindingTest)
三月 23, 2014 4:21:11 下午 org.openqa.selenium.remote.RemoteWebDriver log
信息: Executing: get [d43789d4-b98b-a149-b803-d3e259123046, get {url=http://localhost:6461/common/formPage.html}]
三月 23, 2014 4:21:11 下午 org.openqa.selenium.remote.RemoteWebDriver log
信息: Executed: [d43789d4-b98b-a149-b803-d3e259123046, get {url=http://localhost:6461/common/formPage.html}]
三月 23, 2014 4:21:11 下午 org.openqa.selenium.remote.RemoteWebDriver log
信息: Executing: findElements [d43789d4-b98b-a149-b803-d3e259123046, findElements {using=name, value=nonExistentButton}]
三月 23, 2014 4:21:11 下午 org.openqa.selenium.remote.RemoteWebDriver log
信息: Executed: [d43789d4-b98b-a149-b803-d3e259123046, findElements {using=name, value=nonExistentButton}]
三月 23, 2014 4:21:11 下午 org.openqa.selenium.testing.JUnit4TestBase$1 finished
信息: <<< Finished testShouldNotBeAbleToLocateByNameMultipleElementsThatDoNotExist(org.openqa.selenium.ElementFindingTest)
三月 23, 2014 4:21:11 下午 org.openqa.selenium.testing.JUnit4TestBase$1 starting
信息: >>> Starting testShouldBeAbleToFindMultipleElementsByPartialLinkText(org.openqa.selenium.ElementFindingTest)
三月 23, 2014 4:21:11 下午 org.openqa.selenium.remote.RemoteWebDriver log
信息: Executing: get [d43789d4-b98b-a149-b803-d3e259123046, get {url=http://localhost:6461/common/xhtmlTest.html}]
三月 23, 2014 4:21:11 下午 org.openqa.selenium.remote.RemoteWebDriver log
信息: Executed: [d43789d4-b98b-a149-b803-d3e259123046, get {url=http://localhost:6461/common/xhtmlTest.html}]
三月 23, 2014 4:21:11 下午 org.openqa.selenium.remote.RemoteWebDriver log
信息: Executing: findElements [d43789d4-b98b-a149-b803-d3e259123046, findElements {using=partial link text, value=ick me}]
三月 23, 2014 4:21:11 下午 org.openqa.selenium.remote.RemoteWebDriver log
信息: Executed: [d43789d4-b98b-a149-b803-d3e259123046, findElements {using=partial link text, value=ick me}]
三月 23, 2014 4:21:11 下午 org.openqa.selenium.testing.JUnit4TestBase$1 finished
信息: <<< Finished testShouldBeAbleToFindMultipleElementsByPartialLinkText(org.openqa.selenium.ElementFindingTest)
三月 23, 2014 4:21:11 下午 org.openqa.selenium.testing.JUnit4TestBase$1 starting
信息: >>> Starting testShouldBeAbleToToggleSelectableCheckboxByClickingOnIt(org.openqa.selenium.ElementSelectingTest)
三月 23, 2014 4:21:11 下午 org.openqa.selenium.remote.RemoteWebDriver log
信息: Executing: get [d43789d4-b98b-a149-b803-d3e259123046, get {url=http://localhost:6461/common/formPage.html}]
三月 23, 2014 4:21:12 下午 org.openqa.selenium.remote.RemoteWebDriver log
信息: Executed: [d43789d4-b98b-a149-b803-d3e259123046, get {url=http://localhost:6461/common/formPage.html}]
三月 23, 2014 4:21:12 下午 org.openqa.selenium.remote.RemoteWebDriver log
信息: Executing: findElement [d43789d4-b98b-a149-b803-d3e259123046, findElement {using=id, value=checky}]
三月 23, 2014 4:21:12 下午 org.openqa.selenium.remote.RemoteWebDriver log
信息: Executed: [d43789d4-b98b-a149-b803-d3e259123046, findElement {using=id, value=checky}]
三月 23, 2014 4:21:12 下午 org.openqa.selenium.remote.RemoteWebDriver log
信息: Executing: isElementSelected [d43789d4-b98b-a149-b803-d3e259123046, isElementSelected {id={9374e526-db22-6548-8991-81b99490b875}}]
三月 23, 2014 4:21:12 下午 org.openqa.selenium.remote.RemoteWebDriver log
信息: Executed: [d43789d4-b98b-a149-b803-d3e259123046, isElementSelected {id={9374e526-db22-6548-8991-81b99490b875}}]
三月 23, 2014 4:21:12 下午 org.openqa.selenium.remote.RemoteWebDriver log
信息: Executing: getElementAttribute [d43789d4-b98b-a149-b803-d3e259123046, getElementAttribute {id={9374e526-db22-6548-8991-81b99490b875}, name=id}]
三月 23, 2014 4:21:12 下午 org.openqa.selenium.remote.RemoteWebDriver log
信息: Executed: [d43789d4-b98b-a149-b803-d3e259123046, getElementAttribute {id={9374e526-db22-6548-8991-81b99490b875}, name=id}]
三月 23, 2014 4:21:12 下午 org.openqa.selenium.remote.RemoteWebDriver log
信息: Executing: isElementSelected [d43789d4-b98b-a149-b803-d3e259123046, isElementSelected {id={9374e526-db22-6548-8991-81b99490b875}}]
三月 23, 2014 4:21:12 下午 org.openqa.selenium.remote.RemoteWebDriver log
信息: Executed: [d43789d4-b98b-a149-b803-d3e259123046, isElementSelected {id={9374e526-db22-6548-8991-81b99490b875}}]
三月 23, 2014 4:21:12 下午 org.openqa.selenium.remote.RemoteWebDriver log
信息: Executing: clickElement [d43789d4-b98b-a149-b803-d3e259123046, clickElement {id={9374e526-db22-6548-8991-81b99490b875}}]
三月 23, 2014 4:21:12 下午 org.openqa.selenium.remote.RemoteWebDriver log
信息: Executed: [d43789d4-b98b-a149-b803-d3e259123046, clickElement {id={9374e526-db22-6548-8991-81b99490b875}}]
三月 23, 2014 4:21:12 下午 org.openqa.selenium.remote.RemoteWebDriver log
信息: Executing: isElementSelected [d43789d4-b98b-a149-b803-d3e259123046, isElementSelected {id={9374e526-db22-6548-8991-81b99490b875}}]
三月 23, 2014 4:21:12 下午 org.openqa.selenium.remote.RemoteWebDriver log
信息: Executed: [d43789d4-b98b-a149-b803-d3e259123046, isElementSelected {id={9374e526-db22-6548-8991-81b99490b875}}]
三月 23, 2014 4:21:12 下午 org.openqa.selenium.remote.RemoteWebDriver log
信息: Executing: getElementAttribute [d43789d4-b98b-a149-b803-d3e259123046, getElementAttribute {id={9374e526-db22-6548-8991-81b99490b875}, name=id}]
三月 23, 2014 4:21:12 下午 org.openqa.selenium.remote.RemoteWebDriver log
信息: Executed: [d43789d4-b98b-a149-b803-d3e259123046, getElementAttribute {id={9374e526-db22-6548-8991-81b99490b875}, name=id}]
三月 23, 2014 4:21:12 下午 org.openqa.selenium.remote.RemoteWebDriver log
信息: Executing: isElementSelected [d43789d4-b98b-a149-b803-d3e259123046, isElementSelected {id={9374e526-db22-6548-8991-81b99490b875}}]
三月 23, 2014 4:21:12 下午 org.openqa.selenium.remote.RemoteWebDriver log
信息: Executed: [d43789d4-b98b-a149-b803-d3e259123046, isElementSelected {id={9374e526-db22-6548-8991-81b99490b875}}]
三月 23, 2014 4:21:12 下午 org.openqa.selenium.remote.RemoteWebDriver log
信息: Executing: clickElement [d43789d4-b98b-a149-b803-d3e259123046, clickElement {id={9374e526-db22-6548-8991-81b99490b875}}]
三月 23, 2014 4:21:12 下午 org.openqa.selenium.remote.RemoteWebDriver log
信息: Executed: [d43789d4-b98b-a149-b803-d3e259123046, clickElement {id={9374e526-db22-6548-8991-81b99490b875}}]
三月 23, 2014 4:21:12 下午 org.openqa.selenium.remote.RemoteWebDriver log
信息: Executing: isElementSelected [d43789d4-b98b-a149-b803-d3e259123046, isElementSelected {id={9374e526-db22-6548-8991-81b99490b875}}]
三月 23, 2014 4:21:12 下午 org.openqa.selenium.remote.RemoteWebDriver log
信息: Executed: [d43789d4-b98b-a149-b803-d3e259123046, isElementSelected {id={9374e526-db22-6548-8991-81b99490b875}}]
三月 23, 2014 4:21:12 下午 org.openqa.selenium.remote.RemoteWebDriver log
信息: Executing: getElementAttribute [d43789d4-b98b-a149-b803-d3e259123046, getElementAttribute {id={9374e526-db22-6548-8991-81b99490b875}, name=id}]
三月 23, 2014 4:21:12 下午 org.openqa.selenium.remote.RemoteWebDriver log
信息: Executed: [d43789d4-b98b-a149-b803-d3e259123046, getElementAttribute {id={9374e526-db22-6548-8991-81b99490b875}, name=id}]
三月 23, 2014 4:21:12 下午 org.openqa.selenium.remote.RemoteWebDriver log
信息: Executing: isElementSelected [d43789d4-b98b-a149-b803-d3e259123046, isElementSelected {id={9374e526-db22-6548-8991-81b99490b875}}]
三月 23, 2014 4:21:12 下午 org.openqa.selenium.remote.RemoteWebDriver log
信息: Executed: [d43789d4-b98b-a149-b803-d3e259123046, isElementSelected {id={9374e526-db22-6548-8991-81b99490b875}}]
三月 23, 2014 4:21:12 下午 org.openqa.selenium.testing.JUnit4TestBase$1 finished
信息: <<< Finished testShouldBeAbleToToggleSelectableCheckboxByClickingOnIt(org.openqa.selenium.ElementSelectingTest)
三月 23, 2014 4:21:12 下午 org.openqa.selenium.testing.JUnit4TestBase$1 starting
信息: >>> Starting testShouldNotBeAbleToSelectADisabledRadioButtonDisabledWithRandomString(org.openqa.selenium.ElementSelectingTest)
三月 23, 2014 4:21:12 下午 org.openqa.selenium.remote.RemoteWebDriver log
信息: Executing: get [d43789d4-b98b-a149-b803-d3e259123046, get {url=http://localhost:6461/common/formPage.html}]
三月 23, 2014 4:21:12 下午 org.openqa.selenium.remote.RemoteWebDriver log
信息: Executed: [d43789d4-b98b-a149-b803-d3e259123046, get {url=http://localhost:6461/common/formPage.html}]
三月 23, 2014 4:21:12 下午 org.openqa.selenium.remote.RemoteWebDriver log
信息: Executing: findElement [d43789d4-b98b-a149-b803-d3e259123046, findElement {using=id, value=randomly_disabled_nothing}]
三月 23, 2014 4:21:12 下午 org.openqa.selenium.remote.RemoteWebDriver log
信息: Executed: [d43789d4-b98b-a149-b803-d3e259123046, findElement {using=id, value=randomly_disabled_nothing}]
三月 23, 2014 4:21:12 下午 org.openqa.selenium.remote.RemoteWebDriver log
信息: Executing: isElementSelected [d43789d4-b98b-a149-b803-d3e259123046, isElementSelected {id={ac043b6a-a598-fa41-916a-672bdacdaf84}}]
三月 23, 2014 4:21:12 下午 org.openqa.selenium.remote.RemoteWebDriver log
信息: Executed: [d43789d4-b98b-a149-b803-d3e259123046, isElementSelected {id={ac043b6a-a598-fa41-916a-672bdacdaf84}}]
三月 23, 2014 4:21:12 下午 org.openqa.selenium.remote.RemoteWebDriver log
信息: Executing: clickElement [d43789d4-b98b-a149-b803-d3e259123046, clickElement {id={ac043b6a-a598-fa41-916a-672bdacdaf84}}]
三月 23, 2014 4:21:12 下午 org.openqa.selenium.remote.RemoteWebDriver log
信息: Executed: [d43789d4-b98b-a149-b803-d3e259123046, clickElement {id={ac043b6a-a598-fa41-916a-672bdacdaf84}}]
三月 23, 2014 4:21:12 下午 org.openqa.selenium.remote.RemoteWebDriver log
信息: Executing: isElementSelected [d43789d4-b98b-a149-b803-d3e259123046, isElementSelected {id={ac043b6a-a598-fa41-916a-672bdacdaf84}}]
三月 23, 2014 4:21:12 下午 org.openqa.selenium.remote.RemoteWebDriver log
信息: Executed: [d43789d4-b98b-a149-b803-d3e259123046, isElementSelected {id={ac043b6a-a598-fa41-916a-672bdacdaf84}}]
三月 23, 2014 4:21:12 下午 org.openqa.selenium.testing.JUnit4TestBase$1 finished
信息: <<< Finished testShouldNotBeAbleToSelectADisabledRadioButtonDisabledWithRandomString(org.openqa.selenium.ElementSelectingTest)
三月 23, 2014 4:21:12 下午 org.openqa.selenium.testing.JUnit4TestBase$1 starting
信息: >>> Starting testClickingDisabledSelectedRadioButtonShouldBeNoop(org.openqa.selenium.ElementSelectingTest)
三月 23, 2014 4:21:12 下午 org.openqa.selenium.remote.RemoteWebDriver log
信息: Executing: get [d43789d4-b98b-a149-b803-d3e259123046, get {url=http://localhost:6461/common/formPage.html}]
三月 23, 2014 4:21:12 下午 org.openqa.selenium.remote.RemoteWebDriver log
信息: Executed: [d43789d4-b98b-a149-b803-d3e259123046, get {url=http://localhost:6461/common/formPage.html}]
三月 23, 2014 4:21:12 下午 org.openqa.selenium.remote.RemoteWebDriver log
信息: Executing: findElement [d43789d4-b98b-a149-b803-d3e259123046, findElement {using=id, value=lone_disabled_selected_radio}]
三月 23, 2014 4:21:12 下午 org.openqa.selenium.remote.RemoteWebDriver log
信息: Executed: [d43789d4-b98b-a149-b803-d3e259123046, findElement {using=id, value=lone_disabled_selected_radio}]
三月 23, 2014 4:21:12 下午 org.openqa.selenium.remote.RemoteWebDriver log
信息: Executing: isElementSelected [d43789d4-b98b-a149-b803-d3e259123046, isElementSelected {id={efc299b4-444b-b148-93a4-e2fe6a51848b}}]
三月 23, 2014 4:21:12 下午 org.openqa.selenium.remote.RemoteWebDriver log
信息: Executed: [d43789d4-b98b-a149-b803-d3e259123046, isElementSelected {id={efc299b4-444b-b148-93a4-e2fe6a51848b}}]
三月 23, 2014 4:21:12 下午 org.openqa.selenium.remote.RemoteWebDriver log
信息: Executing: clickElement [d43789d4-b98b-a149-b803-d3e259123046, clickElement {id={efc299b4-444b-b148-93a4-e2fe6a51848b}}]
三月 23, 2014 4:21:12 下午 org.openqa.selenium.remote.RemoteWebDriver log
信息: Executed: [d43789d4-b98b-a149-b803-d3e259123046, clickElement {id={efc299b4-444b-b148-93a4-e2fe6a51848b}}]
三月 23, 2014 4:21:12 下午 org.openqa.selenium.remote.RemoteWebDriver log
信息: Executing: isElementSelected [d43789d4-b98b-a149-b803-d3e259123046, isElementSelected {id={efc299b4-444b-b148-93a4-e2fe6a51848b}}]
三月 23, 2014 4:21:12 下午 org.openqa.selenium.remote.RemoteWebDriver log
信息: Executed: [d43789d4-b98b-a149-b803-d3e259123046, isElementSelected {id={efc299b4-444b-b148-93a4-e2fe6a51848b}}]
三月 23, 2014 4:21:12 下午 org.openqa.selenium.remote.RemoteWebDriver log
信息: Executing: getElementAttribute [d43789d4-b98b-a149-b803-d3e259123046, getElementAttribute {id={efc299b4-444b-b148-93a4-e2fe6a51848b}, name=id}]
三月 23, 2014 4:21:12 下午 org.openqa.selenium.remote.RemoteWebDriver log
信息: Executed: [d43789d4-b98b-a149-b803-d3e259123046, getElementAttribute {id={efc299b4-444b-b148-93a4-e2fe6a51848b}, name=id}]
三月 23, 2014 4:21:12 下午 org.openqa.selenium.remote.RemoteWebDriver log
信息: Executing: isElementSelected [d43789d4-b98b-a149-b803-d3e259123046, isElementSelected {id={efc299b4-444b-b148-93a4-e2fe6a51848b}}]
三月 23, 2014 4:21:12 下午 org.openqa.selenium.remote.RemoteWebDriver log
信息: Executed: [d43789d4-b98b-a149-b803-d3e259123046, isElementSelected {id={efc299b4-444b-b148-93a4-e2fe6a51848b}}]
三月 23, 2014 4:21:12 下午 org.openqa.selenium.testing.JUnit4TestBase$1 finished
信息: <<< Finished testClickingDisabledSelectedRadioButtonShouldBeNoop(org.openqa.selenium.ElementSelectingTest)
三月 23, 2014 4:21:12 下午 org.openqa.selenium.testing.JUnit4TestBase$1 starting
信息: >>> Starting testClickingOnASelectedRadioButtonShouldLeaveItSelected(org.openqa.selenium.ElementSelectingTest)
三月 23, 2014 4:21:12 下午 org.openqa.selenium.remote.RemoteWebDriver log
信息: Executing: get [d43789d4-b98b-a149-b803-d3e259123046, get {url=http://localhost:6461/common/formPage.html}]
三月 23, 2014 4:21:12 下午 org.openqa.selenium.remote.RemoteWebDriver log
信息: Executed: [d43789d4-b98b-a149-b803-d3e259123046, get {url=http://localhost:6461/common/formPage.html}]
三月 23, 2014 4:21:12 下午 org.openqa.selenium.remote.RemoteWebDriver log
信息: Executing: findElement [d43789d4-b98b-a149-b803-d3e259123046, findElement {using=id, value=cheese_and_peas}]
三月 23, 2014 4:21:12 下午 org.openqa.selenium.remote.RemoteWebDriver log
信息: Executed: [d43789d4-b98b-a149-b803-d3e259123046, findElement {using=id, value=cheese_and_peas}]
三月 23, 2014 4:21:12 下午 org.openqa.selenium.remote.RemoteWebDriver log
信息: Executing: isElementSelected [d43789d4-b98b-a149-b803-d3e259123046, isElementSelected {id={a1776dc2-2f27-4148-8b6f-f55a23411364}}]
三月 23, 2014 4:21:12 下午 org.openqa.selenium.remote.RemoteWebDriver log
信息: Executed: [d43789d4-b98b-a149-b803-d3e259123046, isElementSelected {id={a1776dc2-2f27-4148-8b6f-f55a23411364}}]
三月 23, 2014 4:21:12 下午 org.openqa.selenium.remote.RemoteWebDriver log
信息: Executing: clickElement [d43789d4-b98b-a149-b803-d3e259123046, clickElement {id={a1776dc2-2f27-4148-8b6f-f55a23411364}}]
三月 23, 2014 4:21:12 下午 org.openqa.selenium.remote.RemoteWebDriver log
信息: Executed: [d43789d4-b98b-a149-b803-d3e259123046, clickElement {id={a1776dc2-2f27-4148-8b6f-f55a23411364}}]
三月 23, 2014 4:21:12 下午 org.openqa.selenium.remote.RemoteWebDriver log
信息: Executing: isElementSelected [d43789d4-b98b-a149-b803-d3e259123046, isElementSelected {id={a1776dc2-2f27-4148-8b6f-f55a23411364}}]
三月 23, 2014 4:21:12 下午 org.openqa.selenium.remote.RemoteWebDriver log
信息: Executed: [d43789d4-b98b-a149-b803-d3e259123046, isElementSelected {id={a1776dc2-2f27-4148-8b6f-f55a23411364}}]
三月 23, 2014 4:21:12 下午 org.openqa.selenium.testing.JUnit4TestBase$1 finished
信息: <<< Finished testClickingOnASelectedRadioButtonShouldLeaveItSelected(org.openqa.selenium.ElementSelectingTest)
三月 23, 2014 4:21:12 下午 org.openqa.selenium.testing.JUnit4TestBase$1 starting
信息: >>> Starting testClickingDisabledUnselectedRadioButtonShouldBeNoop(org.openqa.selenium.ElementSelectingTest)
三月 23, 2014 4:21:12 下午 org.openqa.selenium.remote.RemoteWebDriver log
信息: Executing: get [d43789d4-b98b-a149-b803-d3e259123046, get {url=http://localhost:6461/common/formPage.html}]
三月 23, 2014 4:21:12 下午 org.openqa.selenium.remote.RemoteWebDriver log
信息: Executed: [d43789d4-b98b-a149-b803-d3e259123046, get {url=http://localhost:6461/common/formPage.html}]
三月 23, 2014 4:21:12 下午 org.openqa.selenium.remote.RemoteWebDriver log
信息: Executing: findElement [d43789d4-b98b-a149-b803-d3e259123046, findElement {using=id, value=nothing}]
三月 23, 2014 4:21:12 下午 org.openqa.selenium.remote.RemoteWebDriver log
信息: Executed: [d43789d4-b98b-a149-b803-d3e259123046, findElement {using=id, value=nothing}]
三月 23, 2014 4:21:12 下午 org.openqa.selenium.remote.RemoteWebDriver log
信息: Executing: isElementSelected [d43789d4-b98b-a149-b803-d3e259123046, isElementSelected {id={14240c84-1461-ab40-a392-fae52412d3aa}}]
三月 23, 2014 4:21:12 下午 org.openqa.selenium.remote.RemoteWebDriver log
信息: Executed: [d43789d4-b98b-a149-b803-d3e259123046, isElementSelected {id={14240c84-1461-ab40-a392-fae52412d3aa}}]
三月 23, 2014 4:21:12 下午 org.openqa.selenium.remote.RemoteWebDriver log
信息: Executing: clickElement [d43789d4-b98b-a149-b803-d3e259123046, clickElement {id={14240c84-1461-ab40-a392-fae52412d3aa}}]
三月 23, 2014 4:21:12 下午 org.openqa.selenium.remote.RemoteWebDriver log
信息: Executed: [d43789d4-b98b-a149-b803-d3e259123046, clickElement {id={14240c84-1461-ab40-a392-fae52412d3aa}}]
三月 23, 2014 4:21:12 下午 org.openqa.selenium.remote.RemoteWebDriver log
信息: Executing: isElementSelected [d43789d4-b98b-a149-b803-d3e259123046, isElementSelected {id={14240c84-1461-ab40-a392-fae52412d3aa}}]
三月 23, 2014 4:21:12 下午 org.openqa.selenium.remote.RemoteWebDriver log
信息: Executed: [d43789d4-b98b-a149-b803-d3e259123046, isElementSelected {id={14240c84-1461-ab40-a392-fae52412d3aa}}]
三月 23, 2014 4:21:12 下午 org.openqa.selenium.remote.RemoteWebDriver log
信息: Executing: getElementAttribute [d43789d4-b98b-a149-b803-d3e259123046, getElementAttribute {id={14240c84-1461-ab40-a392-fae52412d3aa}, name=id}]
三月 23, 2014 4:21:12 下午 org.openqa.selenium.remote.RemoteWebDriver log
信息: Executed: [d43789d4-b98b-a149-b803-d3e259123046, getElementAttribute {id={14240c84-1461-ab40-a392-fae52412d3aa}, name=id}]
三月 23, 2014 4:21:12 下午 org.openqa.selenium.remote.RemoteWebDriver log
信息: Executing: isElementSelected [d43789d4-b98b-a149-b803-d3e259123046, isElementSelected {id={14240c84-1461-ab40-a392-fae52412d3aa}}]
三月 23, 2014 4:21:12 下午 org.openqa.selenium.remote.RemoteWebDriver log
信息: Executed: [d43789d4-b98b-a149-b803-d3e259123046, isElementSelected {id={14240c84-1461-ab40-a392-fae52412d3aa}}]
三月 23, 2014 4:21:12 下午 org.openqa.selenium.testing.JUnit4TestBase$1 finished
信息: <<< Finished testClickingDisabledUnselectedRadioButtonShouldBeNoop(org.openqa.selenium.ElementSelectingTest)
三月 23, 2014 4:21:12 下午 org.openqa.selenium.testing.JUnit4TestBase$1 starting
信息: >>> Starting testClickingDisabledSelectedCheckboxShouldBeNoop(org.openqa.selenium.ElementSelectingTest)
三月 23, 2014 4:21:12 下午 org.openqa.selenium.remote.RemoteWebDriver log
信息: Executing: get [d43789d4-b98b-a149-b803-d3e259123046, get {url=http://localhost:6461/common/formPage.html}]
三月 23, 2014 4:21:12 下午 org.openqa.selenium.remote.RemoteWebDriver log
信息: Executed: [d43789d4-b98b-a149-b803-d3e259123046, get {url=http://localhost:6461/common/formPage.html}]
三月 23, 2014 4:21:12 下午 org.openqa.selenium.remote.RemoteWebDriver log
信息: Executing: findElement [d43789d4-b98b-a149-b803-d3e259123046, findElement {using=id, value=randomly_disabled_checky}]
三月 23, 2014 4:21:12 下午 org.openqa.selenium.remote.RemoteWebDriver log
信息: Executed: [d43789d4-b98b-a149-b803-d3e259123046, findElement {using=id, value=randomly_disabled_checky}]
三月 23, 2014 4:21:12 下午 org.openqa.selenium.remote.RemoteWebDriver log
信息: Executing: isElementSelected [d43789d4-b98b-a149-b803-d3e259123046, isElementSelected {id={dcbc76cb-ac5c-0642-8bc4-e6ebd691b714}}]
三月 23, 2014 4:21:12 下午 org.openqa.selenium.remote.RemoteWebDriver log
信息: Executed: [d43789d4-b98b-a149-b803-d3e259123046, isElementSelected {id={dcbc76cb-ac5c-0642-8bc4-e6ebd691b714}}]
三月 23, 2014 4:21:12 下午 org.openqa.selenium.remote.RemoteWebDriver log
信息: Executing: clickElement [d43789d4-b98b-a149-b803-d3e259123046, clickElement {id={dcbc76cb-ac5c-0642-8bc4-e6ebd691b714}}]
三月 23, 2014 4:21:13 下午 org.openqa.selenium.remote.RemoteWebDriver log
信息: Executed: [d43789d4-b98b-a149-b803-d3e259123046, clickElement {id={dcbc76cb-ac5c-0642-8bc4-e6ebd691b714}}]
三月 23, 2014 4:21:13 下午 org.openqa.selenium.remote.RemoteWebDriver log
信息: Executing: isElementSelected [d43789d4-b98b-a149-b803-d3e259123046, isElementSelected {id={dcbc76cb-ac5c-0642-8bc4-e6ebd691b714}}]
三月 23, 2014 4:21:13 下午 org.openqa.selenium.remote.RemoteWebDriver log
信息: Executed: [d43789d4-b98b-a149-b803-d3e259123046, isElementSelected {id={dcbc76cb-ac5c-0642-8bc4-e6ebd691b714}}]
三月 23, 2014 4:21:13 下午 org.openqa.selenium.remote.RemoteWebDriver log
信息: Executing: getElementAttribute [d43789d4-b98b-a149-b803-d3e259123046, getElementAttribute {id={dcbc76cb-ac5c-0642-8bc4-e6ebd691b714}, name=id}]
三月 23, 2014 4:21:13 下午 org.openqa.selenium.remote.RemoteWebDriver log
信息: Executed: [d43789d4-b98b-a149-b803-d3e259123046, getElementAttribute {id={dcbc76cb-ac5c-0642-8bc4-e6ebd691b714}, name=id}]
三月 23, 2014 4:21:13 下午 org.openqa.selenium.remote.RemoteWebDriver log
信息: Executing: isElementSelected [d43789d4-b98b-a149-b803-d3e259123046, isElementSelected {id={dcbc76cb-ac5c-0642-8bc4-e6ebd691b714}}]
三月 23, 2014 4:21:13 下午 org.openqa.selenium.remote.RemoteWebDriver log
信息: Executed: [d43789d4-b98b-a149-b803-d3e259123046, isElementSelected {id={dcbc76cb-ac5c-0642-8bc4-e6ebd691b714}}]
三月 23, 2014 4:21:13 下午 org.openqa.selenium.testing.JUnit4TestBase$1 finished
信息: <<< Finished testClickingDisabledSelectedCheckboxShouldBeNoop(org.openqa.selenium.ElementSelectingTest)
三月 23, 2014 4:21:13 下午 org.openqa.selenium.testing.JUnit4TestBase$1 starting
信息: >>> Starting testShouldNotBeAbleToSelectADisabledCheckbox(org.openqa.selenium.ElementSelectingTest)
三月 23, 2014 4:21:13 下午 org.openqa.selenium.remote.RemoteWebDriver log
信息: Executing: get [d43789d4-b98b-a149-b803-d3e259123046, get {url=http://localhost:6461/common/formPage.html}]
三月 23, 2014 4:21:13 下午 org.openqa.selenium.remote.RemoteWebDriver log
信息: Executed: [d43789d4-b98b-a149-b803-d3e259123046, get {url=http://localhost:6461/common/formPage.html}]
三月 23, 2014 4:21:13 下午 org.openqa.selenium.remote.RemoteWebDriver log
信息: Executing: findElement [d43789d4-b98b-a149-b803-d3e259123046, findElement {using=id, value=disabledchecky}]
三月 23, 2014 4:21:13 下午 org.openqa.selenium.remote.RemoteWebDriver log
信息: Executed: [d43789d4-b98b-a149-b803-d3e259123046, findElement {using=id, value=disabledchecky}]
三月 23, 2014 4:21:13 下午 org.openqa.selenium.remote.RemoteWebDriver log
信息: Executing: isElementSelected [d43789d4-b98b-a149-b803-d3e259123046, isElementSelected {id={6a3cefd3-2aac-a34f-8c78-17319f6f72bc}}]
三月 23, 2014 4:21:13 下午 org.openqa.selenium.remote.RemoteWebDriver log
信息: Executed: [d43789d4-b98b-a149-b803-d3e259123046, isElementSelected {id={6a3cefd3-2aac-a34f-8c78-17319f6f72bc}}]
三月 23, 2014 4:21:13 下午 org.openqa.selenium.remote.RemoteWebDriver log
信息: Executing: clickElement [d43789d4-b98b-a149-b803-d3e259123046, clickElement {id={6a3cefd3-2aac-a34f-8c78-17319f6f72bc}}]
三月 23, 2014 4:21:13 下午 org.openqa.selenium.remote.RemoteWebDriver log
信息: Executed: [d43789d4-b98b-a149-b803-d3e259123046, clickElement {id={6a3cefd3-2aac-a34f-8c78-17319f6f72bc}}]
三月 23, 2014 4:21:13 下午 org.openqa.selenium.remote.RemoteWebDriver log
信息: Executing: isElementSelected [d43789d4-b98b-a149-b803-d3e259123046, isElementSelected {id={6a3cefd3-2aac-a34f-8c78-17319f6f72bc}}]
三月 23, 2014 4:21:13 下午 org.openqa.selenium.remote.RemoteWebDriver log
信息: Executed: [d43789d4-b98b-a149-b803-d3e259123046, isElementSelected {id={6a3cefd3-2aac-a34f-8c78-17319f6f72bc}}]
三月 23, 2014 4:21:13 下午 org.openqa.selenium.testing.JUnit4TestBase$1 finished
信息: <<< Finished testShouldNotBeAbleToSelectADisabledCheckbox(org.openqa.selenium.ElementSelectingTest)
三月 23, 2014 4:21:13 下午 org.openqa.selenium.testing.JUnit4TestBase$1 starting
信息: >>> Starting testSelectingRadioButtonShouldUnselectItsSibling(org.openqa.selenium.ElementSelectingTest)
三月 23, 2014 4:21:13 下午 org.openqa.selenium.remote.RemoteWebDriver log
信息: Executing: get [d43789d4-b98b-a149-b803-d3e259123046, get {url=http://localhost:6461/common/formPage.html}]
三月 23, 2014 4:21:13 下午 org.openqa.selenium.remote.RemoteWebDriver log
信息: Executed: [d43789d4-b98b-a149-b803-d3e259123046, get {url=http://localhost:6461/common/formPage.html}]
三月 23, 2014 4:21:13 下午 org.openqa.selenium.remote.RemoteWebDriver log
信息: Executing: findElement [d43789d4-b98b-a149-b803-d3e259123046, findElement {using=id, value=cheese_and_peas}]
三月 23, 2014 4:21:13 下午 org.openqa.selenium.remote.RemoteWebDriver log
信息: Executed: [d43789d4-b98b-a149-b803-d3e259123046, findElement {using=id, value=cheese_and_peas}]
三月 23, 2014 4:21:13 下午 org.openqa.selenium.remote.RemoteWebDriver log
信息: Executing: isElementSelected [d43789d4-b98b-a149-b803-d3e259123046, isElementSelected {id={f28c080e-40fe-3445-b5fb-451ffe09fea8}}]
三月 23, 2014 4:21:13 下午 org.openqa.selenium.remote.RemoteWebDriver log
信息: Executed: [d43789d4-b98b-a149-b803-d3e259123046, isElementSelected {id={f28c080e-40fe-3445-b5fb-451ffe09fea8}}]
三月 23, 2014 4:21:13 下午 org.openqa.selenium.remote.RemoteWebDriver log
信息: Executing: getElementAttribute [d43789d4-b98b-a149-b803-d3e259123046, getElementAttribute {id={f28c080e-40fe-3445-b5fb-451ffe09fea8}, name=id}]
三月 23, 2014 4:21:13 下午 org.openqa.selenium.remote.RemoteWebDriver log
信息: Executed: [d43789d4-b98b-a149-b803-d3e259123046, getElementAttribute {id={f28c080e-40fe-3445-b5fb-451ffe09fea8}, name=id}]
三月 23, 2014 4:21:13 下午 org.openqa.selenium.remote.RemoteWebDriver log
信息: Executing: isElementSelected [d43789d4-b98b-a149-b803-d3e259123046, isElementSelected {id={f28c080e-40fe-3445-b5fb-451ffe09fea8}}]
三月 23, 2014 4:21:13 下午 org.openqa.selenium.remote.RemoteWebDriver log
信息: Executed: [d43789d4-b98b-a149-b803-d3e259123046, isElementSelected {id={f28c080e-40fe-3445-b5fb-451ffe09fea8}}]
三月 23, 2014 4:21:13 下午 org.openqa.selenium.remote.RemoteWebDriver log
信息: Executing: findElement [d43789d4-b98b-a149-b803-d3e259123046, findElement {using=id, value=peas}]
三月 23, 2014 4:21:13 下午 org.openqa.selenium.remote.RemoteWebDriver log
信息: Executed: [d43789d4-b98b-a149-b803-d3e259123046, findElement {using=id, value=peas}]
三月 23, 2014 4:21:13 下午 org.openqa.selenium.remote.RemoteWebDriver log
信息: Executing: isElementSelected [d43789d4-b98b-a149-b803-d3e259123046, isElementSelected {id={0ab5dc2e-e7d8-ef47-b70c-5c62390cfbb0}}]
三月 23, 2014 4:21:13 下午 org.openqa.selenium.remote.RemoteWebDriver log
信息: Executed: [d43789d4-b98b-a149-b803-d3e259123046, isElementSelected {id={0ab5dc2e-e7d8-ef47-b70c-5c62390cfbb0}}]
三月 23, 2014 4:21:13 下午 org.openqa.selenium.remote.RemoteWebDriver log
信息: Executing: getElementAttribute [d43789d4-b98b-a149-b803-d3e259123046, getElementAttribute {id={0ab5dc2e-e7d8-ef47-b70c-5c62390cfbb0}, name=id}]
三月 23, 2014 4:21:13 下午 org.openqa.selenium.remote.RemoteWebDriver log
信息: Executed: [d43789d4-b98b-a149-b803-d3e259123046, getElementAttribute {id={0ab5dc2e-e7d8-ef47-b70c-5c62390cfbb0}, name=id}]
三月 23, 2014 4:21:13 下午 org.openqa.selenium.remote.RemoteWebDriver log
信息: Executing: isElementSelected [d43789d4-b98b-a149-b803-d3e259123046, isElementSelected {id={0ab5dc2e-e7d8-ef47-b70c-5c62390cfbb0}}]
三月 23, 2014 4:21:13 下午 org.openqa.selenium.remote.RemoteWebDriver log
信息: Executed: [d43789d4-b98b-a149-b803-d3e259123046, isElementSelected {id={0ab5dc2e-e7d8-ef47-b70c-5c62390cfbb0}}]
三月 23, 2014 4:21:13 下午 org.openqa.selenium.remote.RemoteWebDriver log
信息: Executing: clickElement [d43789d4-b98b-a149-b803-d3e259123046, clickElement {id={0ab5dc2e-e7d8-ef47-b70c-5c62390cfbb0}}]
三月 23, 2014 4:21:13 下午 org.openqa.selenium.remote.RemoteWebDriver log
信息: Executed: [d43789d4-b98b-a149-b803-d3e259123046, clickElement {id={0ab5dc2e-e7d8-ef47-b70c-5c62390cfbb0}}]
三月 23, 2014 4:21:13 下午 org.openqa.selenium.remote.RemoteWebDriver log
信息: Executing: isElementSelected [d43789d4-b98b-a149-b803-d3e259123046, isElementSelected {id={f28c080e-40fe-3445-b5fb-451ffe09fea8}}]
三月 23, 2014 4:21:13 下午 org.openqa.selenium.remote.RemoteWebDriver log
信息: Executed: [d43789d4-b98b-a149-b803-d3e259123046, isElementSelected {id={f28c080e-40fe-3445-b5fb-451ffe09fea8}}]
三月 23, 2014 4:21:13 下午 org.openqa.selenium.remote.RemoteWebDriver log
信息: Executing: getElementAttribute [d43789d4-b98b-a149-b803-d3e259123046, getElementAttribute {id={f28c080e-40fe-3445-b5fb-451ffe09fea8}, name=id}]
三月 23, 2014 4:21:13 下午 org.openqa.selenium.remote.RemoteWebDriver log
信息: Executed: [d43789d4-b98b-a149-b803-d3e259123046, getElementAttribute {id={f28c080e-40fe-3445-b5fb-451ffe09fea8}, name=id}]
三月 23, 2014 4:21:13 下午 org.openqa.selenium.remote.RemoteWebDriver log
信息: Executing: isElementSelected [d43789d4-b98b-a149-b803-d3e259123046, isElementSelected {id={f28c080e-40fe-3445-b5fb-451ffe09fea8}}]
三月 23, 2014 4:21:13 下午 org.openqa.selenium.remote.RemoteWebDriver log
信息: Executed: [d43789d4-b98b-a149-b803-d3e259123046, isElementSelected {id={f28c080e-40fe-3445-b5fb-451ffe09fea8}}]
三月 23, 2014 4:21:13 下午 org.openqa.selenium.remote.RemoteWebDriver log
信息: Executing: isElementSelected [d43789d4-b98b-a149-b803-d3e259123046, isElementSelected {id={0ab5dc2e-e7d8-ef47-b70c-5c62390cfbb0}}]
三月 23, 2014 4:21:13 下午 org.openqa.selenium.remote.RemoteWebDriver log
信息: Executed: [d43789d4-b98b-a149-b803-d3e259123046, isElementSelected {id={0ab5dc2e-e7d8-ef47-b70c-5c62390cfbb0}}]
三月 23, 2014 4:21:13 下午 org.openqa.selenium.remote.RemoteWebDriver log
信息: Executing: getElementAttribute [d43789d4-b98b-a149-b803-d3e259123046, getElementAttribute {id={0ab5dc2e-e7d8-ef47-b70c-5c62390cfbb0}, name=id}]
三月 23, 2014 4:21:13 下午 org.openqa.selenium.remote.RemoteWebDriver log
信息: Executed: [d43789d4-b98b-a149-b803-d3e259123046, getElementAttribute {id={0ab5dc2e-e7d8-ef47-b70c-5c62390cfbb0}, name=id}]
三月 23, 2014 4:21:13 下午 org.openqa.selenium.remote.RemoteWebDriver log
信息: Executing: isElementSelected [d43789d4-b98b-a149-b803-d3e259123046, isElementSelected {id={0ab5dc2e-e7d8-ef47-b70c-5c62390cfbb0}}]
三月 23, 2014 4:21:13 下午 org.openqa.selenium.remote.RemoteWebDriver log
信息: Executed: [d43789d4-b98b-a149-b803-d3e259123046, isElementSelected {id={0ab5dc2e-e7d8-ef47-b70c-5c62390cfbb0}}]
三月 23, 2014 4:21:13 下午 org.openqa.selenium.testing.JUnit4TestBase$1 finished
信息: <<< Finished testSelectingRadioButtonShouldUnselectItsSibling(org.openqa.selenium.ElementSelectingTest)
三月 23, 2014 4:21:13 下午 org.openqa.selenium.testing.JUnit4TestBase$1 starting
信息: >>> Starting testShouldBeAbleToToggleAnEnabledSelectedCheckbox(org.openqa.selenium.ElementSelectingTest)
三月 23, 2014 4:21:13 下午 org.openqa.selenium.remote.RemoteWebDriver log
信息: Executing: get [d43789d4-b98b-a149-b803-d3e259123046, get {url=http://localhost:6461/common/formPage.html}]
三月 23, 2014 4:21:13 下午 org.openqa.selenium.remote.RemoteWebDriver log
信息: Executed: [d43789d4-b98b-a149-b803-d3e259123046, get {url=http://localhost:6461/common/formPage.html}]
三月 23, 2014 4:21:13 下午 org.openqa.selenium.remote.RemoteWebDriver log
信息: Executing: findElement [d43789d4-b98b-a149-b803-d3e259123046, findElement {using=id, value=checkedchecky}]
三月 23, 2014 4:21:13 下午 org.openqa.selenium.remote.RemoteWebDriver log
信息: Executed: [d43789d4-b98b-a149-b803-d3e259123046, findElement {using=id, value=checkedchecky}]
三月 23, 2014 4:21:13 下午 org.openqa.selenium.remote.RemoteWebDriver log
信息: Executing: isElementSelected [d43789d4-b98b-a149-b803-d3e259123046, isElementSelected {id={828d1745-b5be-954b-84e8-358ebc8a6f78}}]
三月 23, 2014 4:21:13 下午 org.openqa.selenium.remote.RemoteWebDriver log
信息: Executed: [d43789d4-b98b-a149-b803-d3e259123046, isElementSelected {id={828d1745-b5be-954b-84e8-358ebc8a6f78}}]
三月 23, 2014 4:21:13 下午 org.openqa.selenium.remote.RemoteWebDriver log
信息: Executing: isElementSelected [d43789d4-b98b-a149-b803-d3e259123046, isElementSelected {id={828d1745-b5be-954b-84e8-358ebc8a6f78}}]
三月 23, 2014 4:21:13 下午 org.openqa.selenium.remote.RemoteWebDriver log
信息: Executed: [d43789d4-b98b-a149-b803-d3e259123046, isElementSelected {id={828d1745-b5be-954b-84e8-358ebc8a6f78}}]
三月 23, 2014 4:21:13 下午 org.openqa.selenium.remote.RemoteWebDriver log
信息: Executing: getElementAttribute [d43789d4-b98b-a149-b803-d3e259123046, getElementAttribute {id={828d1745-b5be-954b-84e8-358ebc8a6f78}, name=id}]
三月 23, 2014 4:21:13 下午 org.openqa.selenium.remote.RemoteWebDriver log
信息: Executed: [d43789d4-b98b-a149-b803-d3e259123046, getElementAttribute {id={828d1745-b5be-954b-84e8-358ebc8a6f78}, name=id}]
三月 23, 2014 4:21:13 下午 org.openqa.selenium.remote.RemoteWebDriver log
信息: Executing: isElementSelected [d43789d4-b98b-a149-b803-d3e259123046, isElementSelected {id={828d1745-b5be-954b-84e8-358ebc8a6f78}}]
三月 23, 2014 4:21:13 下午 org.openqa.selenium.remote.RemoteWebDriver log
信息: Executed: [d43789d4-b98b-a149-b803-d3e259123046, isElementSelected {id={828d1745-b5be-954b-84e8-358ebc8a6f78}}]
三月 23, 2014 4:21:13 下午 org.openqa.selenium.remote.RemoteWebDriver log
信息: Executing: clickElement [d43789d4-b98b-a149-b803-d3e259123046, clickElement {id={828d1745-b5be-954b-84e8-358ebc8a6f78}}]
三月 23, 2014 4:21:13 下午 org.openqa.selenium.remote.RemoteWebDriver log
信息: Executed: [d43789d4-b98b-a149-b803-d3e259123046, clickElement {id={828d1745-b5be-954b-84e8-358ebc8a6f78}}]
三月 23, 2014 4:21:13 下午 org.openqa.selenium.remote.RemoteWebDriver log
信息: Executing: isElementSelected [d43789d4-b98b-a149-b803-d3e259123046, isElementSelected {id={828d1745-b5be-954b-84e8-358ebc8a6f78}}]
三月 23, 2014 4:21:13 下午 org.openqa.selenium.remote.RemoteWebDriver log
信息: Executed: [d43789d4-b98b-a149-b803-d3e259123046, isElementSelected {id={828d1745-b5be-954b-84e8-358ebc8a6f78}}]
三月 23, 2014 4:21:13 下午 org.openqa.selenium.remote.RemoteWebDriver log
信息: Executing: getElementAttribute [d43789d4-b98b-a149-b803-d3e259123046, getElementAttribute {id={828d1745-b5be-954b-84e8-358ebc8a6f78}, name=id}]
三月 23, 2014 4:21:13 下午 org.openqa.selenium.remote.RemoteWebDriver log
信息: Executed: [d43789d4-b98b-a149-b803-d3e259123046, getElementAttribute {id={828d1745-b5be-954b-84e8-358ebc8a6f78}, name=id}]
三月 23, 2014 4:21:13 下午 org.openqa.selenium.remote.RemoteWebDriver log
信息: Executing: isElementSelected [d43789d4-b98b-a149-b803-d3e259123046, isElementSelected {id={828d1745-b5be-954b-84e8-358ebc8a6f78}}]
三月 23, 2014 4:21:13 下午 org.openqa.selenium.remote.RemoteWebDriver log
信息: Executed: [d43789d4-b98b-a149-b803-d3e259123046, isElementSelected {id={828d1745-b5be-954b-84e8-358ebc8a6f78}}]
三月 23, 2014 4:21:13 下午 org.openqa.selenium.remote.RemoteWebDriver log
信息: Executing: getElementAttribute [d43789d4-b98b-a149-b803-d3e259123046, getElementAttribute {id={828d1745-b5be-954b-84e8-358ebc8a6f78}, name=id}]
三月 23, 2014 4:21:13 下午 org.openqa.selenium.remote.RemoteWebDriver log
信息: Executed: [d43789d4-b98b-a149-b803-d3e259123046, getElementAttribute {id={828d1745-b5be-954b-84e8-358ebc8a6f78}, name=id}]
三月 23, 2014 4:21:13 下午 org.openqa.selenium.remote.RemoteWebDriver log
信息: Executing: isElementSelected [d43789d4-b98b-a149-b803-d3e259123046, isElementSelected {id={828d1745-b5be-954b-84e8-358ebc8a6f78}}]
三月 23, 2014 4:21:13 下午 org.openqa.selenium.remote.RemoteWebDriver log
信息: Executed: [d43789d4-b98b-a149-b803-d3e259123046, isElementSelected {id={828d1745-b5be-954b-84e8-358ebc8a6f78}}]
三月 23, 2014 4:21:13 下午 org.openqa.selenium.remote.RemoteWebDriver log
信息: Executing: clickElement [d43789d4-b98b-a149-b803-d3e259123046, clickElement {id={828d1745-b5be-954b-84e8-358ebc8a6f78}}]
三月 23, 2014 4:21:13 下午 org.openqa.selenium.remote.RemoteWebDriver log
信息: Executed: [d43789d4-b98b-a149-b803-d3e259123046, clickElement {id={828d1745-b5be-954b-84e8-358ebc8a6f78}}]
三月 23, 2014 4:21:13 下午 org.openqa.selenium.remote.RemoteWebDriver log
信息: Executing: isElementSelected [d43789d4-b98b-a149-b803-d3e259123046, isElementSelected {id={828d1745-b5be-954b-84e8-358ebc8a6f78}}]
三月 23, 2014 4:21:13 下午 org.openqa.selenium.remote.RemoteWebDriver log
信息: Executed: [d43789d4-b98b-a149-b803-d3e259123046, isElementSelected {id={828d1745-b5be-954b-84e8-358ebc8a6f78}}]
三月 23, 2014 4:21:13 下午 org.openqa.selenium.remote.RemoteWebDriver log
信息: Executing: getElementAttribute [d43789d4-b98b-a149-b803-d3e259123046, getElementAttribute {id={828d1745-b5be-954b-84e8-358ebc8a6f78}, name=id}]
三月 23, 2014 4:21:13 下午 org.openqa.selenium.remote.RemoteWebDriver log
信息: Executed: [d43789d4-b98b-a149-b803-d3e259123046, getElementAttribute {id={828d1745-b5be-954b-84e8-358ebc8a6f78}, name=id}]
三月 23, 2014 4:21:13 下午 org.openqa.selenium.remote.RemoteWebDriver log
信息: Executing: isElementSelected [d43789d4-b98b-a149-b803-d3e259123046, isElementSelected {id={828d1745-b5be-954b-84e8-358ebc8a6f78}}]
三月 23, 2014 4:21:13 下午 org.openqa.selenium.remote.RemoteWebDriver log
信息: Executed: [d43789d4-b98b-a149-b803-d3e259123046, isElementSelected {id={828d1745-b5be-954b-84e8-358ebc8a6f78}}]
三月 23, 2014 4:21:13 下午 org.openqa.selenium.remote.RemoteWebDriver log
信息: Executing: getElementAttribute [d43789d4-b98b-a149-b803-d3e259123046, getElementAttribute {id={828d1745-b5be-954b-84e8-358ebc8a6f78}, name=id}]
三月 23, 2014 4:21:13 下午 org.openqa.selenium.remote.RemoteWebDriver log
信息: Executed: [d43789d4-b98b-a149-b803-d3e259123046, getElementAttribute {id={828d1745-b5be-954b-84e8-358ebc8a6f78}, name=id}]
三月 23, 2014 4:21:13 下午 org.openqa.selenium.remote.RemoteWebDriver log
信息: Executing: isElementSelected [d43789d4-b98b-a149-b803-d3e259123046, isElementSelected {id={828d1745-b5be-954b-84e8-358ebc8a6f78}}]
三月 23, 2014 4:21:13 下午 org.openqa.selenium.remote.RemoteWebDriver log
信息: Executed: [d43789d4-b98b-a149-b803-d3e259123046, isElementSelected {id={828d1745-b5be-954b-84e8-358ebc8a6f78}}]
三月 23, 2014 4:21:13 下午 org.openqa.selenium.testing.JUnit4TestBase$1 finished
信息: <<< Finished testShouldBeAbleToToggleAnEnabledSelectedCheckbox(org.openqa.selenium.ElementSelectingTest)
三月 23, 2014 4:21:13 下午 org.openqa.selenium.testing.JUnit4TestBase$1 starting
信息: >>> Starting testShouldBeAbleToToggleAnEnabledUnselectedCheckbox(org.openqa.selenium.ElementSelectingTest)
三月 23, 2014 4:21:13 下午 org.openqa.selenium.remote.RemoteWebDriver log
信息: Executing: get [d43789d4-b98b-a149-b803-d3e259123046, get {url=http://localhost:6461/common/formPage.html}]
三月 23, 2014 4:21:13 下午 org.openqa.selenium.remote.RemoteWebDriver log
信息: Executed: [d43789d4-b98b-a149-b803-d3e259123046, get {url=http://localhost:6461/common/formPage.html}]
三月 23, 2014 4:21:13 下午 org.openqa.selenium.remote.RemoteWebDriver log
信息: Executing: findElement [d43789d4-b98b-a149-b803-d3e259123046, findElement {using=id, value=checky}]
三月 23, 2014 4:21:13 下午 org.openqa.selenium.remote.RemoteWebDriver log
信息: Executed: [d43789d4-b98b-a149-b803-d3e259123046, findElement {using=id, value=checky}]
三月 23, 2014 4:21:13 下午 org.openqa.selenium.remote.RemoteWebDriver log
信息: Executing: isElementSelected [d43789d4-b98b-a149-b803-d3e259123046, isElementSelected {id={e3d77654-dd14-6c4a-83cd-dc98bec4a96c}}]
三月 23, 2014 4:21:13 下午 org.openqa.selenium.remote.RemoteWebDriver log
信息: Executed: [d43789d4-b98b-a149-b803-d3e259123046, isElementSelected {id={e3d77654-dd14-6c4a-83cd-dc98bec4a96c}}]
三月 23, 2014 4:21:13 下午 org.openqa.selenium.remote.RemoteWebDriver log
信息: Executing: isElementSelected [d43789d4-b98b-a149-b803-d3e259123046, isElementSelected {id={e3d77654-dd14-6c4a-83cd-dc98bec4a96c}}]
三月 23, 2014 4:21:13 下午 org.openqa.selenium.remote.RemoteWebDriver log
信息: Executed: [d43789d4-b98b-a149-b803-d3e259123046, isElementSelected {id={e3d77654-dd14-6c4a-83cd-dc98bec4a96c}}]
三月 23, 2014 4:21:13 下午 org.openqa.selenium.remote.RemoteWebDriver log
信息: Executing: getElementAttribute [d43789d4-b98b-a149-b803-d3e259123046, getElementAttribute {id={e3d77654-dd14-6c4a-83cd-dc98bec4a96c}, name=id}]
三月 23, 2014 4:21:13 下午 org.openqa.selenium.remote.RemoteWebDriver log
信息: Executed: [d43789d4-b98b-a149-b803-d3e259123046, getElementAttribute {id={e3d77654-dd14-6c4a-83cd-dc98bec4a96c}, name=id}]
三月 23, 2014 4:21:13 下午 org.openqa.selenium.remote.RemoteWebDriver log
信息: Executing: isElementSelected [d43789d4-b98b-a149-b803-d3e259123046, isElementSelected {id={e3d77654-dd14-6c4a-83cd-dc98bec4a96c}}]
三月 23, 2014 4:21:13 下午 org.openqa.selenium.remote.RemoteWebDriver log
信息: Executed: [d43789d4-b98b-a149-b803-d3e259123046, isElementSelected {id={e3d77654-dd14-6c4a-83cd-dc98bec4a96c}}]
三月 23, 2014 4:21:13 下午 org.openqa.selenium.remote.RemoteWebDriver log
信息: Executing: clickElement [d43789d4-b98b-a149-b803-d3e259123046, clickElement {id={e3d77654-dd14-6c4a-83cd-dc98bec4a96c}}]
三月 23, 2014 4:21:13 下午 org.openqa.selenium.remote.RemoteWebDriver log
信息: Executed: [d43789d4-b98b-a149-b803-d3e259123046, clickElement {id={e3d77654-dd14-6c4a-83cd-dc98bec4a96c}}]
三月 23, 2014 4:21:13 下午 org.openqa.selenium.remote.RemoteWebDriver log
信息: Executing: isElementSelected [d43789d4-b98b-a149-b803-d3e259123046, isElementSelected {id={e3d77654-dd14-6c4a-83cd-dc98bec4a96c}}]
三月 23, 2014 4:21:13 下午 org.openqa.selenium.remote.RemoteWebDriver log
信息: Executed: [d43789d4-b98b-a149-b803-d3e259123046, isElementSelected {id={e3d77654-dd14-6c4a-83cd-dc98bec4a96c}}]
三月 23, 2014 4:21:13 下午 org.openqa.selenium.remote.RemoteWebDriver log
信息: Executing: getElementAttribute [d43789d4-b98b-a149-b803-d3e259123046, getElementAttribute {id={e3d77654-dd14-6c4a-83cd-dc98bec4a96c}, name=id}]
三月 23, 2014 4:21:13 下午 org.openqa.selenium.remote.RemoteWebDriver log
信息: Executed: [d43789d4-b98b-a149-b803-d3e259123046, getElementAttribute {id={e3d77654-dd14-6c4a-83cd-dc98bec4a96c}, name=id}]
三月 23, 2014 4:21:13 下午 org.openqa.selenium.remote.RemoteWebDriver log
信息: Executing: isElementSelected [d43789d4-b98b-a149-b803-d3e259123046, isElementSelected {id={e3d77654-dd14-6c4a-83cd-dc98bec4a96c}}]
三月 23, 2014 4:21:13 下午 org.openqa.selenium.remote.RemoteWebDriver log
信息: Executed: [d43789d4-b98b-a149-b803-d3e259123046, isElementSelected {id={e3d77654-dd14-6c4a-83cd-dc98bec4a96c}}]
三月 23, 2014 4:21:13 下午 org.openqa.selenium.remote.RemoteWebDriver log
信息: Executing: getElementAttribute [d43789d4-b98b-a149-b803-d3e259123046, getElementAttribute {id={e3d77654-dd14-6c4a-83cd-dc98bec4a96c}, name=id}]
三月 23, 2014 4:21:13 下午 org.openqa.selenium.remote.RemoteWebDriver log
信息: Executed: [d43789d4-b98b-a149-b803-d3e259123046, getElementAttribute {id={e3d77654-dd14-6c4a-83cd-dc98bec4a96c}, name=id}]
三月 23, 2014 4:21:13 下午 org.openqa.selenium.remote.RemoteWebDriver log
信息: Executing: isElementSelected [d43789d4-b98b-a149-b803-d3e259123046, isElementSelected {id={e3d77654-dd14-6c4a-83cd-dc98bec4a96c}}]
三月 23, 2014 4:21:13 下午 org.openqa.selenium.remote.RemoteWebDriver log
信息: Executed: [d43789d4-b98b-a149-b803-d3e259123046, isElementSelected {id={e3d77654-dd14-6c4a-83cd-dc98bec4a96c}}]
三月 23, 2014 4:21:13 下午 org.openqa.selenium.remote.RemoteWebDriver log
信息: Executing: clickElement [d43789d4-b98b-a149-b803-d3e259123046, clickElement {id={e3d77654-dd14-6c4a-83cd-dc98bec4a96c}}]
三月 23, 2014 4:21:13 下午 org.openqa.selenium.remote.RemoteWebDriver log
信息: Executed: [d43789d4-b98b-a149-b803-d3e259123046, clickElement {id={e3d77654-dd14-6c4a-83cd-dc98bec4a96c}}]
三月 23, 2014 4:21:13 下午 org.openqa.selenium.remote.RemoteWebDriver log
信息: Executing: isElementSelected [d43789d4-b98b-a149-b803-d3e259123046, isElementSelected {id={e3d77654-dd14-6c4a-83cd-dc98bec4a96c}}]
三月 23, 2014 4:21:13 下午 org.openqa.selenium.remote.RemoteWebDriver log
信息: Executed: [d43789d4-b98b-a149-b803-d3e259123046, isElementSelected {id={e3d77654-dd14-6c4a-83cd-dc98bec4a96c}}]
三月 23, 2014 4:21:13 下午 org.openqa.selenium.remote.RemoteWebDriver log
信息: Executing: getElementAttribute [d43789d4-b98b-a149-b803-d3e259123046, getElementAttribute {id={e3d77654-dd14-6c4a-83cd-dc98bec4a96c}, name=id}]
三月 23, 2014 4:21:13 下午 org.openqa.selenium.remote.RemoteWebDriver log
信息: Executed: [d43789d4-b98b-a149-b803-d3e259123046, getElementAttribute {id={e3d77654-dd14-6c4a-83cd-dc98bec4a96c}, name=id}]
三月 23, 2014 4:21:13 下午 org.openqa.selenium.remote.RemoteWebDriver log
信息: Executing: isElementSelected [d43789d4-b98b-a149-b803-d3e259123046, isElementSelected {id={e3d77654-dd14-6c4a-83cd-dc98bec4a96c}}]
三月 23, 2014 4:21:13 下午 org.openqa.selenium.remote.RemoteWebDriver log
信息: Executed: [d43789d4-b98b-a149-b803-d3e259123046, isElementSelected {id={e3d77654-dd14-6c4a-83cd-dc98bec4a96c}}]
三月 23, 2014 4:21:13 下午 org.openqa.selenium.remote.RemoteWebDriver log
信息: Executing: getElementAttribute [d43789d4-b98b-a149-b803-d3e259123046, getElementAttribute {id={e3d77654-dd14-6c4a-83cd-dc98bec4a96c}, name=id}]
三月 23, 2014 4:21:13 下午 org.openqa.selenium.remote.RemoteWebDriver log
信息: Executed: [d43789d4-b98b-a149-b803-d3e259123046, getElementAttribute {id={e3d77654-dd14-6c4a-83cd-dc98bec4a96c}, name=id}]
三月 23, 2014 4:21:13 下午 org.openqa.selenium.remote.RemoteWebDriver log
信息: Executing: isElementSelected [d43789d4-b98b-a149-b803-d3e259123046, isElementSelected {id={e3d77654-dd14-6c4a-83cd-dc98bec4a96c}}]
三月 23, 2014 4:21:13 下午 org.openqa.selenium.remote.RemoteWebDriver log
信息: Executed: [d43789d4-b98b-a149-b803-d3e259123046, isElementSelected {id={e3d77654-dd14-6c4a-83cd-dc98bec4a96c}}]
三月 23, 2014 4:21:13 下午 org.openqa.selenium.testing.JUnit4TestBase$1 finished
信息: <<< Finished testShouldBeAbleToToggleAnEnabledUnselectedCheckbox(org.openqa.selenium.ElementSelectingTest)
三月 23, 2014 4:21:13 下午 org.openqa.selenium.testing.JUnit4TestBase$1 starting
信息: >>> Starting testShouldBeAbleToSelectSelectableRadioButtonByClickingOnIt(org.openqa.selenium.ElementSelectingTest)
三月 23, 2014 4:21:13 下午 org.openqa.selenium.remote.RemoteWebDriver log
信息: Executing: get [d43789d4-b98b-a149-b803-d3e259123046, get {url=http://localhost:6461/common/formPage.html}]
三月 23, 2014 4:21:14 下午 org.openqa.selenium.remote.RemoteWebDriver log
信息: Executed: [d43789d4-b98b-a149-b803-d3e259123046, get {url=http://localhost:6461/common/formPage.html}]
三月 23, 2014 4:21:14 下午 org.openqa.selenium.remote.RemoteWebDriver log
信息: Executing: findElement [d43789d4-b98b-a149-b803-d3e259123046, findElement {using=id, value=peas}]
三月 23, 2014 4:21:14 下午 org.openqa.selenium.remote.RemoteWebDriver log
信息: Executed: [d43789d4-b98b-a149-b803-d3e259123046, findElement {using=id, value=peas}]
三月 23, 2014 4:21:14 下午 org.openqa.selenium.remote.RemoteWebDriver log
信息: Executing: isElementSelected [d43789d4-b98b-a149-b803-d3e259123046, isElementSelected {id={053e8208-e03f-3a42-b9b8-3f1e7cb7aa7f}}]
三月 23, 2014 4:21:14 下午 org.openqa.selenium.remote.RemoteWebDriver log
信息: Executed: [d43789d4-b98b-a149-b803-d3e259123046, isElementSelected {id={053e8208-e03f-3a42-b9b8-3f1e7cb7aa7f}}]
三月 23, 2014 4:21:14 下午 org.openqa.selenium.remote.RemoteWebDriver log
信息: Executing: getElementAttribute [d43789d4-b98b-a149-b803-d3e259123046, getElementAttribute {id={053e8208-e03f-3a42-b9b8-3f1e7cb7aa7f}, name=id}]
三月 23, 2014 4:21:14 下午 org.openqa.selenium.remote.RemoteWebDriver log
信息: Executed: [d43789d4-b98b-a149-b803-d3e259123046, getElementAttribute {id={053e8208-e03f-3a42-b9b8-3f1e7cb7aa7f}, name=id}]
三月 23, 2014 4:21:14 下午 org.openqa.selenium.remote.RemoteWebDriver log
信息: Executing: isElementSelected [d43789d4-b98b-a149-b803-d3e259123046, isElementSelected {id={053e8208-e03f-3a42-b9b8-3f1e7cb7aa7f}}]
三月 23, 2014 4:21:14 下午 org.openqa.selenium.remote.RemoteWebDriver log
信息: Executed: [d43789d4-b98b-a149-b803-d3e259123046, isElementSelected {id={053e8208-e03f-3a42-b9b8-3f1e7cb7aa7f}}]
三月 23, 2014 4:21:14 下午 org.openqa.selenium.remote.RemoteWebDriver log
信息: Executing: clickElement [d43789d4-b98b-a149-b803-d3e259123046, clickElement {id={053e8208-e03f-3a42-b9b8-3f1e7cb7aa7f}}]
三月 23, 2014 4:21:14 下午 org.openqa.selenium.remote.RemoteWebDriver log
信息: Executed: [d43789d4-b98b-a149-b803-d3e259123046, clickElement {id={053e8208-e03f-3a42-b9b8-3f1e7cb7aa7f}}]
三月 23, 2014 4:21:14 下午 org.openqa.selenium.remote.RemoteWebDriver log
信息: Executing: isElementSelected [d43789d4-b98b-a149-b803-d3e259123046, isElementSelected {id={053e8208-e03f-3a42-b9b8-3f1e7cb7aa7f}}]
三月 23, 2014 4:21:14 下午 org.openqa.selenium.remote.RemoteWebDriver log
信息: Executed: [d43789d4-b98b-a149-b803-d3e259123046, isElementSelected {id={053e8208-e03f-3a42-b9b8-3f1e7cb7aa7f}}]
三月 23, 2014 4:21:14 下午 org.openqa.selenium.remote.RemoteWebDriver log
信息: Executing: getElementAttribute [d43789d4-b98b-a149-b803-d3e259123046, getElementAttribute {id={053e8208-e03f-3a42-b9b8-3f1e7cb7aa7f}, name=id}]
三月 23, 2014 4:21:14 下午 org.openqa.selenium.remote.RemoteWebDriver log
信息: Executed: [d43789d4-b98b-a149-b803-d3e259123046, getElementAttribute {id={053e8208-e03f-3a42-b9b8-3f1e7cb7aa7f}, name=id}]
三月 23, 2014 4:21:14 下午 org.openqa.selenium.remote.RemoteWebDriver log
信息: Executing: isElementSelected [d43789d4-b98b-a149-b803-d3e259123046, isElementSelected {id={053e8208-e03f-3a42-b9b8-3f1e7cb7aa7f}}]
三月 23, 2014 4:21:14 下午 org.openqa.selenium.remote.RemoteWebDriver log
信息: Executed: [d43789d4-b98b-a149-b803-d3e259123046, isElementSelected {id={053e8208-e03f-3a42-b9b8-3f1e7cb7aa7f}}]
三月 23, 2014 4:21:14 下午 org.openqa.selenium.remote.RemoteWebDriver log
信息: Executing: clickElement [d43789d4-b98b-a149-b803-d3e259123046, clickElement {id={053e8208-e03f-3a42-b9b8-3f1e7cb7aa7f}}]
三月 23, 2014 4:21:14 下午 org.openqa.selenium.remote.RemoteWebDriver log
信息: Executed: [d43789d4-b98b-a149-b803-d3e259123046, clickElement {id={053e8208-e03f-3a42-b9b8-3f1e7cb7aa7f}}]
三月 23, 2014 4:21:14 下午 org.openqa.selenium.remote.RemoteWebDriver log
信息: Executing: isElementSelected [d43789d4-b98b-a149-b803-d3e259123046, isElementSelected {id={053e8208-e03f-3a42-b9b8-3f1e7cb7aa7f}}]
三月 23, 2014 4:21:14 下午 org.openqa.selenium.remote.RemoteWebDriver log
信息: Executed: [d43789d4-b98b-a149-b803-d3e259123046, isElementSelected {id={053e8208-e03f-3a42-b9b8-3f1e7cb7aa7f}}]
三月 23, 2014 4:21:14 下午 org.openqa.selenium.remote.RemoteWebDriver log
信息: Executing: getElementAttribute [d43789d4-b98b-a149-b803-d3e259123046, getElementAttribute {id={053e8208-e03f-3a42-b9b8-3f1e7cb7aa7f}, name=id}]
三月 23, 2014 4:21:14 下午 org.openqa.selenium.remote.RemoteWebDriver log
信息: Executed: [d43789d4-b98b-a149-b803-d3e259123046, getElementAttribute {id={053e8208-e03f-3a42-b9b8-3f1e7cb7aa7f}, name=id}]
三月 23, 2014 4:21:14 下午 org.openqa.selenium.remote.RemoteWebDriver log
信息: Executing: isElementSelected [d43789d4-b98b-a149-b803-d3e259123046, isElementSelected {id={053e8208-e03f-3a42-b9b8-3f1e7cb7aa7f}}]
三月 23, 2014 4:21:14 下午 org.openqa.selenium.remote.RemoteWebDriver log
信息: Executed: [d43789d4-b98b-a149-b803-d3e259123046, isElementSelected {id={053e8208-e03f-3a42-b9b8-3f1e7cb7aa7f}}]
三月 23, 2014 4:21:14 下午 org.openqa.selenium.testing.JUnit4TestBase$1 finished
信息: <<< Finished testShouldBeAbleToSelectSelectableRadioButtonByClickingOnIt(org.openqa.selenium.ElementSelectingTest)
三月 23, 2014 4:21:14 下午 org.openqa.selenium.testing.JUnit4TestBase$1 starting
信息: >>> Starting testShouldBeAbleToSelectAnEnabledUnselectedRadioButton(org.openqa.selenium.ElementSelectingTest)
三月 23, 2014 4:21:14 下午 org.openqa.selenium.remote.RemoteWebDriver log
信息: Executing: get [d43789d4-b98b-a149-b803-d3e259123046, get {url=http://localhost:6461/common/formPage.html}]
三月 23, 2014 4:21:14 下午 org.openqa.selenium.remote.RemoteWebDriver log
信息: Executed: [d43789d4-b98b-a149-b803-d3e259123046, get {url=http://localhost:6461/common/formPage.html}]
三月 23, 2014 4:21:14 下午 org.openqa.selenium.remote.RemoteWebDriver log
信息: Executing: findElement [d43789d4-b98b-a149-b803-d3e259123046, findElement {using=id, value=peas}]
三月 23, 2014 4:21:14 下午 org.openqa.selenium.remote.RemoteWebDriver log
信息: Executed: [d43789d4-b98b-a149-b803-d3e259123046, findElement {using=id, value=peas}]
三月 23, 2014 4:21:14 下午 org.openqa.selenium.remote.RemoteWebDriver log
信息: Executing: isElementSelected [d43789d4-b98b-a149-b803-d3e259123046, isElementSelected {id={2bcd0dbf-91e9-9e4b-8c92-a6cdf93dc93e}}]
三月 23, 2014 4:21:14 下午 org.openqa.selenium.remote.RemoteWebDriver log
信息: Executed: [d43789d4-b98b-a149-b803-d3e259123046, isElementSelected {id={2bcd0dbf-91e9-9e4b-8c92-a6cdf93dc93e}}]
三月 23, 2014 4:21:14 下午 org.openqa.selenium.remote.RemoteWebDriver log
信息: Executing: getElementAttribute [d43789d4-b98b-a149-b803-d3e259123046, getElementAttribute {id={2bcd0dbf-91e9-9e4b-8c92-a6cdf93dc93e}, name=id}]
三月 23, 2014 4:21:14 下午 org.openqa.selenium.remote.RemoteWebDriver log
信息: Executed: [d43789d4-b98b-a149-b803-d3e259123046, getElementAttribute {id={2bcd0dbf-91e9-9e4b-8c92-a6cdf93dc93e}, name=id}]
三月 23, 2014 4:21:14 下午 org.openqa.selenium.remote.RemoteWebDriver log
信息: Executing: isElementSelected [d43789d4-b98b-a149-b803-d3e259123046, isElementSelected {id={2bcd0dbf-91e9-9e4b-8c92-a6cdf93dc93e}}]
三月 23, 2014 4:21:14 下午 org.openqa.selenium.remote.RemoteWebDriver log
信息: Executed: [d43789d4-b98b-a149-b803-d3e259123046, isElementSelected {id={2bcd0dbf-91e9-9e4b-8c92-a6cdf93dc93e}}]
三月 23, 2014 4:21:14 下午 org.openqa.selenium.remote.RemoteWebDriver log
信息: Executing: clickElement [d43789d4-b98b-a149-b803-d3e259123046, clickElement {id={2bcd0dbf-91e9-9e4b-8c92-a6cdf93dc93e}}]
三月 23, 2014 4:21:14 下午 org.openqa.selenium.remote.RemoteWebDriver log
信息: Executed: [d43789d4-b98b-a149-b803-d3e259123046, clickElement {id={2bcd0dbf-91e9-9e4b-8c92-a6cdf93dc93e}}]
三月 23, 2014 4:21:14 下午 org.openqa.selenium.remote.RemoteWebDriver log
信息: Executing: isElementSelected [d43789d4-b98b-a149-b803-d3e259123046, isElementSelected {id={2bcd0dbf-91e9-9e4b-8c92-a6cdf93dc93e}}]
三月 23, 2014 4:21:14 下午 org.openqa.selenium.remote.RemoteWebDriver log
信息: Executed: [d43789d4-b98b-a149-b803-d3e259123046, isElementSelected {id={2bcd0dbf-91e9-9e4b-8c92-a6cdf93dc93e}}]
三月 23, 2014 4:21:14 下午 org.openqa.selenium.remote.RemoteWebDriver log
信息: Executing: getElementAttribute [d43789d4-b98b-a149-b803-d3e259123046, getElementAttribute {id={2bcd0dbf-91e9-9e4b-8c92-a6cdf93dc93e}, name=id}]
三月 23, 2014 4:21:14 下午 org.openqa.selenium.remote.RemoteWebDriver log
信息: Executed: [d43789d4-b98b-a149-b803-d3e259123046, getElementAttribute {id={2bcd0dbf-91e9-9e4b-8c92-a6cdf93dc93e}, name=id}]
三月 23, 2014 4:21:14 下午 org.openqa.selenium.remote.RemoteWebDriver log
信息: Executing: isElementSelected [d43789d4-b98b-a149-b803-d3e259123046, isElementSelected {id={2bcd0dbf-91e9-9e4b-8c92-a6cdf93dc93e}}]
三月 23, 2014 4:21:14 下午 org.openqa.selenium.remote.RemoteWebDriver log
信息: Executed: [d43789d4-b98b-a149-b803-d3e259123046, isElementSelected {id={2bcd0dbf-91e9-9e4b-8c92-a6cdf93dc93e}}]
三月 23, 2014 4:21:14 下午 org.openqa.selenium.testing.JUnit4TestBase$1 finished
信息: <<< Finished testShouldBeAbleToSelectAnEnabledUnselectedRadioButton(org.openqa.selenium.ElementSelectingTest)
三月 23, 2014 4:21:14 下午 org.openqa.selenium.testing.JUnit4TestBase$1 starting
信息: >>> Starting testShouldBeAbleToToggleEnabledMultiSelectOption(org.openqa.selenium.ElementSelectingTest)
三月 23, 2014 4:21:14 下午 org.openqa.selenium.remote.RemoteWebDriver log
信息: Executing: get [d43789d4-b98b-a149-b803-d3e259123046, get {url=http://localhost:6461/common/formPage.html}]
三月 23, 2014 4:21:14 下午 org.openqa.selenium.remote.RemoteWebDriver log
信息: Executed: [d43789d4-b98b-a149-b803-d3e259123046, get {url=http://localhost:6461/common/formPage.html}]
三月 23, 2014 4:21:14 下午 org.openqa.selenium.remote.RemoteWebDriver log
信息: Executing: findElement [d43789d4-b98b-a149-b803-d3e259123046, findElement {using=name, value=multi}]
三月 23, 2014 4:21:14 下午 org.openqa.selenium.remote.RemoteWebDriver log
信息: Executed: [d43789d4-b98b-a149-b803-d3e259123046, findElement {using=name, value=multi}]
三月 23, 2014 4:21:14 下午 org.openqa.selenium.remote.RemoteWebDriver log
信息: Executing: findChildElements [d43789d4-b98b-a149-b803-d3e259123046, findChildElements {id={c3f623f2-53af-724a-ad48-ccf224a7bf66}, using=tag name, value=option}]
三月 23, 2014 4:21:14 下午 org.openqa.selenium.remote.RemoteWebDriver log
信息: Executed: [d43789d4-b98b-a149-b803-d3e259123046, findChildElements {id={c3f623f2-53af-724a-ad48-ccf224a7bf66}, using=tag name, value=option}]
三月 23, 2014 4:21:14 下午 org.openqa.selenium.remote.RemoteWebDriver log
信息: Executing: isElementSelected [d43789d4-b98b-a149-b803-d3e259123046, isElementSelected {id={ee09542d-6a9b-8640-a265-972b3646faf1}}]
三月 23, 2014 4:21:14 下午 org.openqa.selenium.remote.RemoteWebDriver log
信息: Executed: [d43789d4-b98b-a149-b803-d3e259123046, isElementSelected {id={ee09542d-6a9b-8640-a265-972b3646faf1}}]
三月 23, 2014 4:21:14 下午 org.openqa.selenium.remote.RemoteWebDriver log
信息: Executing: isElementSelected [d43789d4-b98b-a149-b803-d3e259123046, isElementSelected {id={ee09542d-6a9b-8640-a265-972b3646faf1}}]
三月 23, 2014 4:21:14 下午 org.openqa.selenium.remote.RemoteWebDriver log
信息: Executed: [d43789d4-b98b-a149-b803-d3e259123046, isElementSelected {id={ee09542d-6a9b-8640-a265-972b3646faf1}}]
三月 23, 2014 4:21:14 下午 org.openqa.selenium.remote.RemoteWebDriver log
信息: Executing: getElementAttribute [d43789d4-b98b-a149-b803-d3e259123046, getElementAttribute {id={ee09542d-6a9b-8640-a265-972b3646faf1}, name=id}]
三月 23, 2014 4:21:14 下午 org.openqa.selenium.remote.RemoteWebDriver log
信息: Executed: [d43789d4-b98b-a149-b803-d3e259123046, getElementAttribute {id={ee09542d-6a9b-8640-a265-972b3646faf1}, name=id}]
三月 23, 2014 4:21:14 下午 org.openqa.selenium.remote.RemoteWebDriver log
信息: Executing: isElementSelected [d43789d4-b98b-a149-b803-d3e259123046, isElementSelected {id={ee09542d-6a9b-8640-a265-972b3646faf1}}]
三月 23, 2014 4:21:14 下午 org.openqa.selenium.remote.RemoteWebDriver log
信息: Executed: [d43789d4-b98b-a149-b803-d3e259123046, isElementSelected {id={ee09542d-6a9b-8640-a265-972b3646faf1}}]
三月 23, 2014 4:21:14 下午 org.openqa.selenium.remote.RemoteWebDriver log
信息: Executing: clickElement [d43789d4-b98b-a149-b803-d3e259123046, clickElement {id={ee09542d-6a9b-8640-a265-972b3646faf1}}]
三月 23, 2014 4:21:14 下午 org.openqa.selenium.remote.RemoteWebDriver log
信息: Executed: [d43789d4-b98b-a149-b803-d3e259123046, clickElement {id={ee09542d-6a9b-8640-a265-972b3646faf1}}]
三月 23, 2014 4:21:14 下午 org.openqa.selenium.remote.RemoteWebDriver log
信息: Executing: isElementSelected [d43789d4-b98b-a149-b803-d3e259123046, isElementSelected {id={ee09542d-6a9b-8640-a265-972b3646faf1}}]
三月 23, 2014 4:21:14 下午 org.openqa.selenium.remote.RemoteWebDriver log
信息: Executed: [d43789d4-b98b-a149-b803-d3e259123046, isElementSelected {id={ee09542d-6a9b-8640-a265-972b3646faf1}}]
三月 23, 2014 4:21:14 下午 org.openqa.selenium.remote.RemoteWebDriver log
信息: Executing: getElementAttribute [d43789d4-b98b-a149-b803-d3e259123046, getElementAttribute {id={ee09542d-6a9b-8640-a265-972b3646faf1}, name=id}]
三月 23, 2014 4:21:14 下午 org.openqa.selenium.remote.RemoteWebDriver log
信息: Executed: [d43789d4-b98b-a149-b803-d3e259123046, getElementAttribute {id={ee09542d-6a9b-8640-a265-972b3646faf1}, name=id}]
三月 23, 2014 4:21:14 下午 org.openqa.selenium.remote.RemoteWebDriver log
信息: Executing: isElementSelected [d43789d4-b98b-a149-b803-d3e259123046, isElementSelected {id={ee09542d-6a9b-8640-a265-972b3646faf1}}]
三月 23, 2014 4:21:14 下午 org.openqa.selenium.remote.RemoteWebDriver log
信息: Executed: [d43789d4-b98b-a149-b803-d3e259123046, isElementSelected {id={ee09542d-6a9b-8640-a265-972b3646faf1}}]
三月 23, 2014 4:21:14 下午 org.openqa.selenium.remote.RemoteWebDriver log
信息: Executing: getElementAttribute [d43789d4-b98b-a149-b803-d3e259123046, getElementAttribute {id={ee09542d-6a9b-8640-a265-972b3646faf1}, name=id}]
三月 23, 2014 4:21:14 下午 org.openqa.selenium.remote.RemoteWebDriver log
信息: Executed: [d43789d4-b98b-a149-b803-d3e259123046, getElementAttribute {id={ee09542d-6a9b-8640-a265-972b3646faf1}, name=id}]
三月 23, 2014 4:21:14 下午 org.openqa.selenium.remote.RemoteWebDriver log
信息: Executing: isElementSelected [d43789d4-b98b-a149-b803-d3e259123046, isElementSelected {id={ee09542d-6a9b-8640-a265-972b3646faf1}}]
三月 23, 2014 4:21:14 下午 org.openqa.selenium.remote.RemoteWebDriver log
信息: Executed: [d43789d4-b98b-a149-b803-d3e259123046, isElementSelected {id={ee09542d-6a9b-8640-a265-972b3646faf1}}]
三月 23, 2014 4:21:14 下午 org.openqa.selenium.remote.RemoteWebDriver log
信息: Executing: clickElement [d43789d4-b98b-a149-b803-d3e259123046, clickElement {id={ee09542d-6a9b-8640-a265-972b3646faf1}}]
三月 23, 2014 4:21:14 下午 org.openqa.selenium.remote.RemoteWebDriver log
信息: Executed: [d43789d4-b98b-a149-b803-d3e259123046, clickElement {id={ee09542d-6a9b-8640-a265-972b3646faf1}}]
三月 23, 2014 4:21:14 下午 org.openqa.selenium.remote.RemoteWebDriver log
信息: Executing: isElementSelected [d43789d4-b98b-a149-b803-d3e259123046, isElementSelected {id={ee09542d-6a9b-8640-a265-972b3646faf1}}]
三月 23, 2014 4:21:14 下午 org.openqa.selenium.remote.RemoteWebDriver log
信息: Executed: [d43789d4-b98b-a149-b803-d3e259123046, isElementSelected {id={ee09542d-6a9b-8640-a265-972b3646faf1}}]
三月 23, 2014 4:21:14 下午 org.openqa.selenium.remote.RemoteWebDriver log
信息: Executing: getElementAttribute [d43789d4-b98b-a149-b803-d3e259123046, getElementAttribute {id={ee09542d-6a9b-8640-a265-972b3646faf1}, name=id}]
三月 23, 2014 4:21:14 下午 org.openqa.selenium.remote.RemoteWebDriver log
信息: Executed: [d43789d4-b98b-a149-b803-d3e259123046, getElementAttribute {id={ee09542d-6a9b-8640-a265-972b3646faf1}, name=id}]
三月 23, 2014 4:21:14 下午 org.openqa.selenium.remote.RemoteWebDriver log
信息: Executing: isElementSelected [d43789d4-b98b-a149-b803-d3e259123046, isElementSelected {id={ee09542d-6a9b-8640-a265-972b3646faf1}}]
三月 23, 2014 4:21:14 下午 org.openqa.selenium.remote.RemoteWebDriver log
信息: Executed: [d43789d4-b98b-a149-b803-d3e259123046, isElementSelected {id={ee09542d-6a9b-8640-a265-972b3646faf1}}]
三月 23, 2014 4:21:14 下午 org.openqa.selenium.remote.RemoteWebDriver log
信息: Executing: getElementAttribute [d43789d4-b98b-a149-b803-d3e259123046, getElementAttribute {id={ee09542d-6a9b-8640-a265-972b3646faf1}, name=id}]
三月 23, 2014 4:21:14 下午 org.openqa.selenium.remote.RemoteWebDriver log
信息: Executed: [d43789d4-b98b-a149-b803-d3e259123046, getElementAttribute {id={ee09542d-6a9b-8640-a265-972b3646faf1}, name=id}]
三月 23, 2014 4:21:14 下午 org.openqa.selenium.remote.RemoteWebDriver log
信息: Executing: isElementSelected [d43789d4-b98b-a149-b803-d3e259123046, isElementSelected {id={ee09542d-6a9b-8640-a265-972b3646faf1}}]
三月 23, 2014 4:21:14 下午 org.openqa.selenium.remote.RemoteWebDriver log
信息: Executed: [d43789d4-b98b-a149-b803-d3e259123046, isElementSelected {id={ee09542d-6a9b-8640-a265-972b3646faf1}}]
三月 23, 2014 4:21:14 下午 org.openqa.selenium.testing.JUnit4TestBase$1 finished
信息: <<< Finished testShouldBeAbleToToggleEnabledMultiSelectOption(org.openqa.selenium.ElementSelectingTest)
三月 23, 2014 4:21:14 下午 org.openqa.selenium.testing.JUnit4TestBase$1 starting
信息: >>> Starting testClickingDisabledUnselectedCheckboxShouldBeNoop(org.openqa.selenium.ElementSelectingTest)
三月 23, 2014 4:21:14 下午 org.openqa.selenium.remote.RemoteWebDriver log
信息: Executing: get [d43789d4-b98b-a149-b803-d3e259123046, get {url=http://localhost:6461/common/formPage.html}]
三月 23, 2014 4:21:14 下午 org.openqa.selenium.remote.RemoteWebDriver log
信息: Executed: [d43789d4-b98b-a149-b803-d3e259123046, get {url=http://localhost:6461/common/formPage.html}]
三月 23, 2014 4:21:14 下午 org.openqa.selenium.remote.RemoteWebDriver log
信息: Executing: findElement [d43789d4-b98b-a149-b803-d3e259123046, findElement {using=id, value=disabledchecky}]
三月 23, 2014 4:21:14 下午 org.openqa.selenium.remote.RemoteWebDriver log
信息: Executed: [d43789d4-b98b-a149-b803-d3e259123046, findElement {using=id, value=disabledchecky}]
三月 23, 2014 4:21:14 下午 org.openqa.selenium.remote.RemoteWebDriver log
信息: Executing: isElementSelected [d43789d4-b98b-a149-b803-d3e259123046, isElementSelected {id={d4bc753d-3783-6b4c-b826-27ff5c378c20}}]
三月 23, 2014 4:21:14 下午 org.openqa.selenium.remote.RemoteWebDriver log
信息: Executed: [d43789d4-b98b-a149-b803-d3e259123046, isElementSelected {id={d4bc753d-3783-6b4c-b826-27ff5c378c20}}]
三月 23, 2014 4:21:14 下午 org.openqa.selenium.remote.RemoteWebDriver log
信息: Executing: clickElement [d43789d4-b98b-a149-b803-d3e259123046, clickElement {id={d4bc753d-3783-6b4c-b826-27ff5c378c20}}]
三月 23, 2014 4:21:14 下午 org.openqa.selenium.remote.RemoteWebDriver log
信息: Executed: [d43789d4-b98b-a149-b803-d3e259123046, clickElement {id={d4bc753d-3783-6b4c-b826-27ff5c378c20}}]
三月 23, 2014 4:21:14 下午 org.openqa.selenium.remote.RemoteWebDriver log
信息: Executing: isElementSelected [d43789d4-b98b-a149-b803-d3e259123046, isElementSelected {id={d4bc753d-3783-6b4c-b826-27ff5c378c20}}]
三月 23, 2014 4:21:14 下午 org.openqa.selenium.remote.RemoteWebDriver log
信息: Executed: [d43789d4-b98b-a149-b803-d3e259123046, isElementSelected {id={d4bc753d-3783-6b4c-b826-27ff5c378c20}}]
三月 23, 2014 4:21:14 下午 org.openqa.selenium.remote.RemoteWebDriver log
信息: Executing: getElementAttribute [d43789d4-b98b-a149-b803-d3e259123046, getElementAttribute {id={d4bc753d-3783-6b4c-b826-27ff5c378c20}, name=id}]
三月 23, 2014 4:21:14 下午 org.openqa.selenium.remote.RemoteWebDriver log
信息: Executed: [d43789d4-b98b-a149-b803-d3e259123046, getElementAttribute {id={d4bc753d-3783-6b4c-b826-27ff5c378c20}, name=id}]
三月 23, 2014 4:21:14 下午 org.openqa.selenium.remote.RemoteWebDriver log
信息: Executing: isElementSelected [d43789d4-b98b-a149-b803-d3e259123046, isElementSelected {id={d4bc753d-3783-6b4c-b826-27ff5c378c20}}]
三月 23, 2014 4:21:14 下午 org.openqa.selenium.remote.RemoteWebDriver log
信息: Executed: [d43789d4-b98b-a149-b803-d3e259123046, isElementSelected {id={d4bc753d-3783-6b4c-b826-27ff5c378c20}}]
三月 23, 2014 4:21:14 下午 org.openqa.selenium.testing.JUnit4TestBase$1 finished
信息: <<< Finished testClickingDisabledUnselectedCheckboxShouldBeNoop(org.openqa.selenium.ElementSelectingTest)
三月 23, 2014 4:21:14 下午 org.openqa.selenium.testing.JUnit4TestBase$1 starting
信息: >>> Starting testShouldBeAbleToSelectAnEnabledUnselectedCheckbox(org.openqa.selenium.ElementSelectingTest)
三月 23, 2014 4:21:14 下午 org.openqa.selenium.remote.RemoteWebDriver log
信息: Executing: get [d43789d4-b98b-a149-b803-d3e259123046, get {url=http://localhost:6461/common/formPage.html}]
三月 23, 2014 4:21:14 下午 org.openqa.selenium.remote.RemoteWebDriver log
信息: Executed: [d43789d4-b98b-a149-b803-d3e259123046, get {url=http://localhost:6461/common/formPage.html}]
三月 23, 2014 4:21:14 下午 org.openqa.selenium.remote.RemoteWebDriver log
信息: Executing: findElement [d43789d4-b98b-a149-b803-d3e259123046, findElement {using=id, value=checky}]
三月 23, 2014 4:21:14 下午 org.openqa.selenium.remote.RemoteWebDriver log
信息: Executed: [d43789d4-b98b-a149-b803-d3e259123046, findElement {using=id, value=checky}]
三月 23, 2014 4:21:14 下午 org.openqa.selenium.remote.RemoteWebDriver log
信息: Executing: isElementSelected [d43789d4-b98b-a149-b803-d3e259123046, isElementSelected {id={ebdd234c-4447-c046-9008-038f956a2a36}}]
三月 23, 2014 4:21:14 下午 org.openqa.selenium.remote.RemoteWebDriver log
信息: Executed: [d43789d4-b98b-a149-b803-d3e259123046, isElementSelected {id={ebdd234c-4447-c046-9008-038f956a2a36}}]
三月 23, 2014 4:21:14 下午 org.openqa.selenium.remote.RemoteWebDriver log
信息: Executing: getElementAttribute [d43789d4-b98b-a149-b803-d3e259123046, getElementAttribute {id={ebdd234c-4447-c046-9008-038f956a2a36}, name=id}]
三月 23, 2014 4:21:14 下午 org.openqa.selenium.remote.RemoteWebDriver log
信息: Executed: [d43789d4-b98b-a149-b803-d3e259123046, getElementAttribute {id={ebdd234c-4447-c046-9008-038f956a2a36}, name=id}]
三月 23, 2014 4:21:14 下午 org.openqa.selenium.remote.RemoteWebDriver log
信息: Executing: isElementSelected [d43789d4-b98b-a149-b803-d3e259123046, isElementSelected {id={ebdd234c-4447-c046-9008-038f956a2a36}}]
三月 23, 2014 4:21:14 下午 org.openqa.selenium.remote.RemoteWebDriver log
信息: Executed: [d43789d4-b98b-a149-b803-d3e259123046, isElementSelected {id={ebdd234c-4447-c046-9008-038f956a2a36}}]
三月 23, 2014 4:21:14 下午 org.openqa.selenium.remote.RemoteWebDriver log
信息: Executing: clickElement [d43789d4-b98b-a149-b803-d3e259123046, clickElement {id={ebdd234c-4447-c046-9008-038f956a2a36}}]
三月 23, 2014 4:21:15 下午 org.openqa.selenium.remote.RemoteWebDriver log
信息: Executed: [d43789d4-b98b-a149-b803-d3e259123046, clickElement {id={ebdd234c-4447-c046-9008-038f956a2a36}}]
三月 23, 2014 4:21:15 下午 org.openqa.selenium.remote.RemoteWebDriver log
信息: Executing: isElementSelected [d43789d4-b98b-a149-b803-d3e259123046, isElementSelected {id={ebdd234c-4447-c046-9008-038f956a2a36}}]
三月 23, 2014 4:21:15 下午 org.openqa.selenium.remote.RemoteWebDriver log
信息: Executed: [d43789d4-b98b-a149-b803-d3e259123046, isElementSelected {id={ebdd234c-4447-c046-9008-038f956a2a36}}]
三月 23, 2014 4:21:15 下午 org.openqa.selenium.remote.RemoteWebDriver log
信息: Executing: getElementAttribute [d43789d4-b98b-a149-b803-d3e259123046, getElementAttribute {id={ebdd234c-4447-c046-9008-038f956a2a36}, name=id}]
三月 23, 2014 4:21:15 下午 org.openqa.selenium.remote.RemoteWebDriver log
信息: Executed: [d43789d4-b98b-a149-b803-d3e259123046, getElementAttribute {id={ebdd234c-4447-c046-9008-038f956a2a36}, name=id}]
三月 23, 2014 4:21:15 下午 org.openqa.selenium.remote.RemoteWebDriver log
信息: Executing: isElementSelected [d43789d4-b98b-a149-b803-d3e259123046, isElementSelected {id={ebdd234c-4447-c046-9008-038f956a2a36}}]
三月 23, 2014 4:21:15 下午 org.openqa.selenium.remote.RemoteWebDriver log
信息: Executed: [d43789d4-b98b-a149-b803-d3e259123046, isElementSelected {id={ebdd234c-4447-c046-9008-038f956a2a36}}]
三月 23, 2014 4:21:15 下午 org.openqa.selenium.testing.JUnit4TestBase$1 finished
信息: <<< Finished testShouldBeAbleToSelectAnEnabledUnselectedCheckbox(org.openqa.selenium.ElementSelectingTest)
三月 23, 2014 4:21:15 下午 org.openqa.selenium.testing.JUnit4TestBase$1 starting
信息: >>> Starting testShouldNotBeAbleToSelectADisabledRadioButton(org.openqa.selenium.ElementSelectingTest)
三月 23, 2014 4:21:15 下午 org.openqa.selenium.remote.RemoteWebDriver log
信息: Executing: get [d43789d4-b98b-a149-b803-d3e259123046, get {url=http://localhost:6461/common/formPage.html}]
三月 23, 2014 4:21:15 下午 org.openqa.selenium.remote.RemoteWebDriver log
信息: Executed: [d43789d4-b98b-a149-b803-d3e259123046, get {url=http://localhost:6461/common/formPage.html}]
三月 23, 2014 4:21:15 下午 org.openqa.selenium.remote.RemoteWebDriver log
信息: Executing: findElement [d43789d4-b98b-a149-b803-d3e259123046, findElement {using=id, value=nothing}]
三月 23, 2014 4:21:15 下午 org.openqa.selenium.remote.RemoteWebDriver log
信息: Executed: [d43789d4-b98b-a149-b803-d3e259123046, findElement {using=id, value=nothing}]
三月 23, 2014 4:21:15 下午 org.openqa.selenium.remote.RemoteWebDriver log
信息: Executing: isElementSelected [d43789d4-b98b-a149-b803-d3e259123046, isElementSelected {id={f33c1755-0aeb-aa49-a2fd-e03a0e909385}}]
三月 23, 2014 4:21:15 下午 org.openqa.selenium.remote.RemoteWebDriver log
信息: Executed: [d43789d4-b98b-a149-b803-d3e259123046, isElementSelected {id={f33c1755-0aeb-aa49-a2fd-e03a0e909385}}]
三月 23, 2014 4:21:15 下午 org.openqa.selenium.remote.RemoteWebDriver log
信息: Executing: clickElement [d43789d4-b98b-a149-b803-d3e259123046, clickElement {id={f33c1755-0aeb-aa49-a2fd-e03a0e909385}}]
三月 23, 2014 4:21:15 下午 org.openqa.selenium.remote.RemoteWebDriver log
信息: Executed: [d43789d4-b98b-a149-b803-d3e259123046, clickElement {id={f33c1755-0aeb-aa49-a2fd-e03a0e909385}}]
三月 23, 2014 4:21:15 下午 org.openqa.selenium.remote.RemoteWebDriver log
信息: Executing: isElementSelected [d43789d4-b98b-a149-b803-d3e259123046, isElementSelected {id={f33c1755-0aeb-aa49-a2fd-e03a0e909385}}]
三月 23, 2014 4:21:15 下午 org.openqa.selenium.remote.RemoteWebDriver log
信息: Executed: [d43789d4-b98b-a149-b803-d3e259123046, isElementSelected {id={f33c1755-0aeb-aa49-a2fd-e03a0e909385}}]
三月 23, 2014 4:21:15 下午 org.openqa.selenium.testing.JUnit4TestBase$1 finished
信息: <<< Finished testShouldNotBeAbleToSelectADisabledRadioButton(org.openqa.selenium.ElementSelectingTest)
三月 23, 2014 4:21:15 下午 org.openqa.selenium.testing.JUnit4TestBase$1 starting
信息: >>> Starting testShouldNotBeAbleToSelectADisabledCheckboxDisabledWithRandomString(org.openqa.selenium.ElementSelectingTest)
三月 23, 2014 4:21:15 下午 org.openqa.selenium.remote.RemoteWebDriver log
信息: Executing: get [d43789d4-b98b-a149-b803-d3e259123046, get {url=http://localhost:6461/common/formPage.html}]
三月 23, 2014 4:21:15 下午 org.openqa.selenium.remote.RemoteWebDriver log
信息: Executed: [d43789d4-b98b-a149-b803-d3e259123046, get {url=http://localhost:6461/common/formPage.html}]
三月 23, 2014 4:21:15 下午 org.openqa.selenium.remote.RemoteWebDriver log
信息: Executing: findElement [d43789d4-b98b-a149-b803-d3e259123046, findElement {using=id, value=randomly_disabled_checky}]
三月 23, 2014 4:21:15 下午 org.openqa.selenium.remote.RemoteWebDriver log
信息: Executed: [d43789d4-b98b-a149-b803-d3e259123046, findElement {using=id, value=randomly_disabled_checky}]
三月 23, 2014 4:21:15 下午 org.openqa.selenium.remote.RemoteWebDriver log
信息: Executing: isElementSelected [d43789d4-b98b-a149-b803-d3e259123046, isElementSelected {id={c4d40364-c80c-8b4b-b3f9-087669437c4b}}]
三月 23, 2014 4:21:15 下午 org.openqa.selenium.remote.RemoteWebDriver log
信息: Executed: [d43789d4-b98b-a149-b803-d3e259123046, isElementSelected {id={c4d40364-c80c-8b4b-b3f9-087669437c4b}}]
三月 23, 2014 4:21:15 下午 org.openqa.selenium.remote.RemoteWebDriver log
信息: Executing: clickElement [d43789d4-b98b-a149-b803-d3e259123046, clickElement {id={c4d40364-c80c-8b4b-b3f9-087669437c4b}}]
三月 23, 2014 4:21:15 下午 org.openqa.selenium.remote.RemoteWebDriver log
信息: Executed: [d43789d4-b98b-a149-b803-d3e259123046, clickElement {id={c4d40364-c80c-8b4b-b3f9-087669437c4b}}]
三月 23, 2014 4:21:15 下午 org.openqa.selenium.remote.RemoteWebDriver log
信息: Executing: isElementSelected [d43789d4-b98b-a149-b803-d3e259123046, isElementSelected {id={c4d40364-c80c-8b4b-b3f9-087669437c4b}}]
三月 23, 2014 4:21:15 下午 org.openqa.selenium.remote.RemoteWebDriver log
信息: Executed: [d43789d4-b98b-a149-b803-d3e259123046, isElementSelected {id={c4d40364-c80c-8b4b-b3f9-087669437c4b}}]
三月 23, 2014 4:21:15 下午 org.openqa.selenium.testing.JUnit4TestBase$1 finished
信息: <<< Finished testShouldNotBeAbleToSelectADisabledCheckboxDisabledWithRandomString(org.openqa.selenium.ElementSelectingTest)
三月 23, 2014 4:21:15 下午 org.openqa.selenium.testing.JUnit4TestBase$1 starting
信息: >>> Starting testShouldNotGenerateErrorsWhenOpeningANewPage(org.openqa.selenium.ErrorsTest)
三月 23, 2014 4:21:15 下午 org.openqa.selenium.remote.RemoteWebDriver log
信息: Executing: get [d43789d4-b98b-a149-b803-d3e259123046, get {url=http://localhost:6461/common/errors.html}]
三月 23, 2014 4:21:15 下午 org.openqa.selenium.remote.RemoteWebDriver log
信息: Executed: [d43789d4-b98b-a149-b803-d3e259123046, get {url=http://localhost:6461/common/errors.html}]
三月 23, 2014 4:21:15 下午 org.openqa.selenium.remote.RemoteWebDriver log
信息: Executing: executeScript [d43789d4-b98b-a149-b803-d3e259123046, executeScript {script=return window.ERRORS.join('\n');, args=[]}]
三月 23, 2014 4:21:15 下午 org.openqa.selenium.remote.RemoteWebDriver log
信息: Executed: [d43789d4-b98b-a149-b803-d3e259123046, executeScript {script=return window.ERRORS.join('\n');, args=[]}]
三月 23, 2014 4:21:15 下午 org.openqa.selenium.testing.JUnit4TestBase$1 finished
信息: <<< Finished testShouldNotGenerateErrorsWhenOpeningANewPage(org.openqa.selenium.ErrorsTest)
三月 23, 2014 4:21:15 下午 org.openqa.selenium.testing.JUnit4TestBase$1 starting
信息: >>> Starting shouldNotTimeoutIfScriptCallsbackInsideAZeroTimeout(org.openqa.selenium.ExecutingAsyncJavascriptTest)
三月 23, 2014 4:21:15 下午 org.openqa.selenium.remote.RemoteWebDriver log
信息: Executing: setTimeout [d43789d4-b98b-a149-b803-d3e259123046, setTimeout {type=script, ms=0}]
三月 23, 2014 4:21:15 下午 org.openqa.selenium.remote.RemoteWebDriver log
信息: Executed: [d43789d4-b98b-a149-b803-d3e259123046, setTimeout {type=script, ms=0}]
三月 23, 2014 4:21:15 下午 org.openqa.selenium.remote.RemoteWebDriver log
信息: Executing: get [d43789d4-b98b-a149-b803-d3e259123046, get {url=http://localhost:6461/common/ajaxy_page.html}]
三月 23, 2014 4:21:15 下午 org.openqa.selenium.remote.RemoteWebDriver log
信息: Executed: [d43789d4-b98b-a149-b803-d3e259123046, get {url=http://localhost:6461/common/ajaxy_page.html}]
三月 23, 2014 4:21:15 下午 org.openqa.selenium.remote.RemoteWebDriver log
信息: Executing: executeAsyncScript [d43789d4-b98b-a149-b803-d3e259123046, executeAsyncScript {script=var callback = arguments[arguments.length - 1];window.setTimeout(function() { callback(123); }, 0), args=[]}]
三月 23, 2014 4:21:15 下午 org.openqa.selenium.remote.RemoteWebDriver log
信息: Executed: [d43789d4-b98b-a149-b803-d3e259123046, executeAsyncScript {script=var callback = arguments[arguments.length - 1];window.setTimeout(function() { callback(123); }, 0), args=[]}]
三月 23, 2014 4:21:15 下午 org.openqa.selenium.testing.JUnit4TestBase$1 finished
信息: <<< Finished shouldNotTimeoutIfScriptCallsbackInsideAZeroTimeout(org.openqa.selenium.ExecutingAsyncJavascriptTest)
三月 23, 2014 4:21:15 下午 org.openqa.selenium.testing.JUnit4TestBase$1 starting
信息: >>> Starting shouldBeAbleToReturnJavascriptPrimitivesFromAsyncScripts_NullAndUndefined(org.openqa.selenium.ExecutingAsyncJavascriptTest)
三月 23, 2014 4:21:15 下午 org.openqa.selenium.remote.RemoteWebDriver log
信息: Executing: setTimeout [d43789d4-b98b-a149-b803-d3e259123046, setTimeout {type=script, ms=0}]
三月 23, 2014 4:21:15 下午 org.openqa.selenium.remote.RemoteWebDriver log
信息: Executed: [d43789d4-b98b-a149-b803-d3e259123046, setTimeout {type=script, ms=0}]
三月 23, 2014 4:21:15 下午 org.openqa.selenium.remote.RemoteWebDriver log
信息: Executing: get [d43789d4-b98b-a149-b803-d3e259123046, get {url=http://localhost:6461/common/ajaxy_page.html}]
三月 23, 2014 4:21:15 下午 org.openqa.selenium.remote.RemoteWebDriver log
信息: Executed: [d43789d4-b98b-a149-b803-d3e259123046, get {url=http://localhost:6461/common/ajaxy_page.html}]
三月 23, 2014 4:21:15 下午 org.openqa.selenium.remote.RemoteWebDriver log
信息: Executing: executeAsyncScript [d43789d4-b98b-a149-b803-d3e259123046, executeAsyncScript {script=arguments[arguments.length - 1](null), args=[]}]
三月 23, 2014 4:21:15 下午 org.openqa.selenium.remote.RemoteWebDriver log
信息: Executed: [d43789d4-b98b-a149-b803-d3e259123046, executeAsyncScript {script=arguments[arguments.length - 1](null), args=[]}]
三月 23, 2014 4:21:15 下午 org.openqa.selenium.remote.RemoteWebDriver log
信息: Executing: executeAsyncScript [d43789d4-b98b-a149-b803-d3e259123046, executeAsyncScript {script=arguments[arguments.length - 1](), args=[]}]
三月 23, 2014 4:21:15 下午 org.openqa.selenium.remote.RemoteWebDriver log
信息: Executed: [d43789d4-b98b-a149-b803-d3e259123046, executeAsyncScript {script=arguments[arguments.length - 1](), args=[]}]
三月 23, 2014 4:21:15 下午 org.openqa.selenium.testing.JUnit4TestBase$1 finished
信息: <<< Finished shouldBeAbleToReturnJavascriptPrimitivesFromAsyncScripts_NullAndUndefined(org.openqa.selenium.ExecutingAsyncJavascriptTest)
三月 23, 2014 4:21:15 下午 org.openqa.selenium.testing.JUnit4TestBase$1 starting
信息: >>> Starting shouldBeAbleToMakeXMLHttpRequestsAndWaitForTheResponse(org.openqa.selenium.ExecutingAsyncJavascriptTest)
三月 23, 2014 4:21:15 下午 org.openqa.selenium.remote.RemoteWebDriver log
信息: Executing: setTimeout [d43789d4-b98b-a149-b803-d3e259123046, setTimeout {type=script, ms=0}]
三月 23, 2014 4:21:15 下午 org.openqa.selenium.remote.RemoteWebDriver log
信息: Executed: [d43789d4-b98b-a149-b803-d3e259123046, setTimeout {type=script, ms=0}]
三月 23, 2014 4:21:15 下午 org.openqa.selenium.remote.RemoteWebDriver log
信息: Executing: get [d43789d4-b98b-a149-b803-d3e259123046, get {url=http://localhost:6461/common/ajaxy_page.html}]
三月 23, 2014 4:21:15 下午 org.openqa.selenium.remote.RemoteWebDriver log
信息: Executed: [d43789d4-b98b-a149-b803-d3e259123046, get {url=http://localhost:6461/common/ajaxy_page.html}]
三月 23, 2014 4:21:15 下午 org.openqa.selenium.remote.RemoteWebDriver log
信息: Executing: setTimeout [d43789d4-b98b-a149-b803-d3e259123046, setTimeout {type=script, ms=3000}]
三月 23, 2014 4:21:15 下午 org.openqa.selenium.remote.RemoteWebDriver log
信息: Executed: [d43789d4-b98b-a149-b803-d3e259123046, setTimeout {type=script, ms=3000}]
三月 23, 2014 4:21:15 下午 org.openqa.selenium.remote.RemoteWebDriver log
信息: Executing: executeAsyncScript [d43789d4-b98b-a149-b803-d3e259123046, executeAsyncScript {script=var url = arguments[0];var callback = arguments[arguments.length - 1];var XMLHttpFactories = [  function () {return new XMLHttpRequest()},  function () {return new ActiveXObject('Msxml2.XMLHTTP')},  function () {return new ActiveXObject('Msxml3.XMLHTTP')},  function () {return new ActiveXObject('Microsoft.XMLHTTP')}];var xhr = false;while (!xhr && XMLHttpFactories.length) {  try {    xhr = XMLHttpFactories.shift().call();  } catch (e) {}}if (!xhr) throw Error('unable to create XHR object');xhr.open('GET', url, true);xhr.onreadystatechange = function() {  if (xhr.readyState == 4) callback(xhr.responseText);};xhr.send('');, args=[http://localhost:6461/common/sleep?time=2]}]
三月 23, 2014 4:21:17 下午 org.openqa.selenium.remote.RemoteWebDriver log
信息: Executed: [d43789d4-b98b-a149-b803-d3e259123046, executeAsyncScript {script=var url = arguments[0];var callback = arguments[arguments.length - 1];var XMLHttpFactories = [  function () {return new XMLHttpRequest()},  function () {return new ActiveXObject('Msxml2.XMLHTTP')},  function () {return new ActiveXObject('Msxml3.XMLHTTP')},  function () {return new ActiveXObject('Microsoft.XMLHTTP')}];var xhr = false;while (!xhr && XMLHttpFactories.length) {  try {    xhr = XMLHttpFactories.shift().call();  } catch (e) {}}if (!xhr) throw Error('unable to create XHR object');xhr.open('GET', url, true);xhr.onreadystatechange = function() {  if (xhr.readyState == 4) callback(xhr.responseText);};xhr.send('');, args=[http://localhost:6461/common/sleep?time=2]}]
三月 23, 2014 4:21:17 下午 org.openqa.selenium.testing.JUnit4TestBase$1 finished
信息: <<< Finished shouldBeAbleToMakeXMLHttpRequestsAndWaitForTheResponse(org.openqa.selenium.ExecutingAsyncJavascriptTest)
三月 23, 2014 4:21:17 下午 org.openqa.selenium.testing.JUnit4TestBase$1 starting
信息: >>> Starting shouldBeAbleToExecuteAsynchronousScripts(org.openqa.selenium.ExecutingAsyncJavascriptTest)
三月 23, 2014 4:21:17 下午 org.openqa.selenium.remote.RemoteWebDriver log
信息: Executing: setTimeout [d43789d4-b98b-a149-b803-d3e259123046, setTimeout {type=script, ms=0}]
三月 23, 2014 4:21:17 下午 org.openqa.selenium.remote.RemoteWebDriver log
信息: Executed: [d43789d4-b98b-a149-b803-d3e259123046, setTimeout {type=script, ms=0}]
三月 23, 2014 4:21:17 下午 org.openqa.selenium.remote.RemoteWebDriver log
信息: Executing: get [d43789d4-b98b-a149-b803-d3e259123046, get {url=http://localhost:6461/common/ajaxy_page.html}]
三月 23, 2014 4:21:17 下午 org.openqa.selenium.remote.RemoteWebDriver log
信息: Executed: [d43789d4-b98b-a149-b803-d3e259123046, get {url=http://localhost:6461/common/ajaxy_page.html}]
三月 23, 2014 4:21:17 下午 org.openqa.selenium.remote.RemoteWebDriver log
信息: Executing: findElement [d43789d4-b98b-a149-b803-d3e259123046, findElement {using=name, value=typer}]
三月 23, 2014 4:21:17 下午 org.openqa.selenium.remote.RemoteWebDriver log
信息: Executed: [d43789d4-b98b-a149-b803-d3e259123046, findElement {using=name, value=typer}]
三月 23, 2014 4:21:17 下午 org.openqa.selenium.remote.RemoteWebDriver log
信息: Executing: sendKeysToElement [d43789d4-b98b-a149-b803-d3e259123046, sendKeysToElement {id={71d04266-bd35-a246-8e53-144879385e7d}, value=[Ljava.lang.CharSequence;@76c9c28b}]
三月 23, 2014 4:21:17 下午 org.openqa.selenium.remote.RemoteWebDriver log
信息: Executed: [d43789d4-b98b-a149-b803-d3e259123046, sendKeysToElement {id={71d04266-bd35-a246-8e53-144879385e7d}, value=[Ljava.lang.CharSequence;@76c9c28b}]
三月 23, 2014 4:21:17 下午 org.openqa.selenium.remote.RemoteWebDriver log
信息: Executing: getElementAttribute [d43789d4-b98b-a149-b803-d3e259123046, getElementAttribute {id={71d04266-bd35-a246-8e53-144879385e7d}, name=value}]
三月 23, 2014 4:21:17 下午 org.openqa.selenium.remote.RemoteWebDriver log
信息: Executed: [d43789d4-b98b-a149-b803-d3e259123046, getElementAttribute {id={71d04266-bd35-a246-8e53-144879385e7d}, name=value}]
三月 23, 2014 4:21:17 下午 org.openqa.selenium.remote.RemoteWebDriver log
信息: Executing: findElement [d43789d4-b98b-a149-b803-d3e259123046, findElement {using=id, value=red}]
三月 23, 2014 4:21:17 下午 org.openqa.selenium.remote.RemoteWebDriver log
信息: Executed: [d43789d4-b98b-a149-b803-d3e259123046, findElement {using=id, value=red}]
三月 23, 2014 4:21:17 下午 org.openqa.selenium.remote.RemoteWebDriver log
信息: Executing: clickElement [d43789d4-b98b-a149-b803-d3e259123046, clickElement {id={f2d616b3-d9c5-7042-b20d-382374bfbcf7}}]
三月 23, 2014 4:21:17 下午 org.openqa.selenium.remote.RemoteWebDriver log
信息: Executed: [d43789d4-b98b-a149-b803-d3e259123046, clickElement {id={f2d616b3-d9c5-7042-b20d-382374bfbcf7}}]
三月 23, 2014 4:21:17 下午 org.openqa.selenium.remote.RemoteWebDriver log
信息: Executing: findElement [d43789d4-b98b-a149-b803-d3e259123046, findElement {using=name, value=submit}]
三月 23, 2014 4:21:17 下午 org.openqa.selenium.remote.RemoteWebDriver log
信息: Executed: [d43789d4-b98b-a149-b803-d3e259123046, findElement {using=name, value=submit}]
三月 23, 2014 4:21:17 下午 org.openqa.selenium.remote.RemoteWebDriver log
信息: Executing: clickElement [d43789d4-b98b-a149-b803-d3e259123046, clickElement {id={ea496238-335e-0e4d-b76f-f34648e8ebf5}}]
三月 23, 2014 4:21:17 下午 org.openqa.selenium.remote.RemoteWebDriver log
信息: Executed: [d43789d4-b98b-a149-b803-d3e259123046, clickElement {id={ea496238-335e-0e4d-b76f-f34648e8ebf5}}]
三月 23, 2014 4:21:17 下午 org.openqa.selenium.remote.RemoteWebDriver log
信息: Executing: executeScript [d43789d4-b98b-a149-b803-d3e259123046, executeScript {script=return document.getElementsByTagName('div').length;, args=[]}]
三月 23, 2014 4:21:17 下午 org.openqa.selenium.remote.RemoteWebDriver log
信息: Executed: [d43789d4-b98b-a149-b803-d3e259123046, executeScript {script=return document.getElementsByTagName('div').length;, args=[]}]
三月 23, 2014 4:21:17 下午 org.openqa.selenium.remote.RemoteWebDriver log
信息: Executing: setTimeout [d43789d4-b98b-a149-b803-d3e259123046, setTimeout {type=script, ms=15000}]
三月 23, 2014 4:21:17 下午 org.openqa.selenium.remote.RemoteWebDriver log
信息: Executed: [d43789d4-b98b-a149-b803-d3e259123046, setTimeout {type=script, ms=15000}]
三月 23, 2014 4:21:17 下午 org.openqa.selenium.remote.RemoteWebDriver log
信息: Executing: executeAsyncScript [d43789d4-b98b-a149-b803-d3e259123046, executeAsyncScript {script=var callback = arguments[arguments.length - 1];window.registerListener(arguments[arguments.length - 1]);, args=[]}]
三月 23, 2014 4:21:23 下午 org.openqa.selenium.remote.RemoteWebDriver log
信息: Executed: [d43789d4-b98b-a149-b803-d3e259123046, executeAsyncScript {script=var callback = arguments[arguments.length - 1];window.registerListener(arguments[arguments.length - 1]);, args=[]}]
三月 23, 2014 4:21:23 下午 org.openqa.selenium.remote.RemoteWebDriver log
信息: Executing: getElementAttribute [d43789d4-b98b-a149-b803-d3e259123046, getElementAttribute {id={71d04266-bd35-a246-8e53-144879385e7d}, name=value}]
三月 23, 2014 4:21:23 下午 org.openqa.selenium.remote.RemoteWebDriver log
信息: Executed: [d43789d4-b98b-a149-b803-d3e259123046, getElementAttribute {id={71d04266-bd35-a246-8e53-144879385e7d}, name=value}]
三月 23, 2014 4:21:23 下午 org.openqa.selenium.remote.RemoteWebDriver log
信息: Executing: executeScript [d43789d4-b98b-a149-b803-d3e259123046, executeScript {script=return document.getElementsByTagName('div').length;, args=[]}]
三月 23, 2014 4:21:23 下午 org.openqa.selenium.remote.RemoteWebDriver log
信息: Executed: [d43789d4-b98b-a149-b803-d3e259123046, executeScript {script=return document.getElementsByTagName('div').length;, args=[]}]
三月 23, 2014 4:21:23 下午 org.openqa.selenium.testing.JUnit4TestBase$1 finished
信息: <<< Finished shouldBeAbleToExecuteAsynchronousScripts(org.openqa.selenium.ExecutingAsyncJavascriptTest)
三月 23, 2014 4:21:23 下午 org.openqa.selenium.testing.JUnit4TestBase$1 starting
信息: >>> Starting shouldBeAbleToReturnArraysOfWebElementsFromAsyncScripts(org.openqa.selenium.ExecutingAsyncJavascriptTest)
三月 23, 2014 4:21:23 下午 org.openqa.selenium.remote.RemoteWebDriver log
信息: Executing: setTimeout [d43789d4-b98b-a149-b803-d3e259123046, setTimeout {type=script, ms=0}]
三月 23, 2014 4:21:23 下午 org.openqa.selenium.remote.RemoteWebDriver log
信息: Executed: [d43789d4-b98b-a149-b803-d3e259123046, setTimeout {type=script, ms=0}]
三月 23, 2014 4:21:23 下午 org.openqa.selenium.remote.RemoteWebDriver log
信息: Executing: get [d43789d4-b98b-a149-b803-d3e259123046, get {url=http://localhost:6461/common/ajaxy_page.html}]
三月 23, 2014 4:21:23 下午 org.openqa.selenium.remote.RemoteWebDriver log
信息: Executed: [d43789d4-b98b-a149-b803-d3e259123046, get {url=http://localhost:6461/common/ajaxy_page.html}]
三月 23, 2014 4:21:23 下午 org.openqa.selenium.remote.RemoteWebDriver log
信息: Executing: executeAsyncScript [d43789d4-b98b-a149-b803-d3e259123046, executeAsyncScript {script=arguments[arguments.length - 1]([document.body, document.body]);, args=[]}]
三月 23, 2014 4:21:23 下午 org.openqa.selenium.remote.RemoteWebDriver log
信息: Executed: [d43789d4-b98b-a149-b803-d3e259123046, executeAsyncScript {script=arguments[arguments.length - 1]([document.body, document.body]);, args=[]}]
三月 23, 2014 4:21:23 下午 org.openqa.selenium.remote.RemoteWebDriver log
信息: Executing: getElementTagName [d43789d4-b98b-a149-b803-d3e259123046, getElementTagName {id={6ae187a1-cd06-2149-86b8-86526421b7ed}}]
三月 23, 2014 4:21:23 下午 org.openqa.selenium.remote.RemoteWebDriver log
信息: Executed: [d43789d4-b98b-a149-b803-d3e259123046, getElementTagName {id={6ae187a1-cd06-2149-86b8-86526421b7ed}}]
三月 23, 2014 4:21:23 下午 org.openqa.selenium.testing.JUnit4TestBase$1 finished
信息: <<< Finished shouldBeAbleToReturnArraysOfWebElementsFromAsyncScripts(org.openqa.selenium.ExecutingAsyncJavascriptTest)
三月 23, 2014 4:21:23 下午 org.openqa.selenium.testing.JUnit4TestBase$1 starting
信息: >>> Starting shouldBeAbleToReturnWebElementsFromAsyncScripts(org.openqa.selenium.ExecutingAsyncJavascriptTest)
三月 23, 2014 4:21:23 下午 org.openqa.selenium.remote.RemoteWebDriver log
信息: Executing: setTimeout [d43789d4-b98b-a149-b803-d3e259123046, setTimeout {type=script, ms=0}]
三月 23, 2014 4:21:23 下午 org.openqa.selenium.remote.RemoteWebDriver log
信息: Executed: [d43789d4-b98b-a149-b803-d3e259123046, setTimeout {type=script, ms=0}]
三月 23, 2014 4:21:23 下午 org.openqa.selenium.remote.RemoteWebDriver log
信息: Executing: get [d43789d4-b98b-a149-b803-d3e259123046, get {url=http://localhost:6461/common/ajaxy_page.html}]
三月 23, 2014 4:21:23 下午 org.openqa.selenium.remote.RemoteWebDriver log
信息: Executed: [d43789d4-b98b-a149-b803-d3e259123046, get {url=http://localhost:6461/common/ajaxy_page.html}]
三月 23, 2014 4:21:23 下午 org.openqa.selenium.remote.RemoteWebDriver log
信息: Executing: executeAsyncScript [d43789d4-b98b-a149-b803-d3e259123046, executeAsyncScript {script=arguments[arguments.length - 1](document.body);, args=[]}]
三月 23, 2014 4:21:23 下午 org.openqa.selenium.remote.RemoteWebDriver log
信息: Executed: [d43789d4-b98b-a149-b803-d3e259123046, executeAsyncScript {script=arguments[arguments.length - 1](document.body);, args=[]}]
三月 23, 2014 4:21:23 下午 org.openqa.selenium.remote.RemoteWebDriver log
信息: Executing: getElementTagName [d43789d4-b98b-a149-b803-d3e259123046, getElementTagName {id={4dfbdc57-50a7-074c-8bf5-553c4cf1c683}}]
三月 23, 2014 4:21:23 下午 org.openqa.selenium.remote.RemoteWebDriver log
信息: Executed: [d43789d4-b98b-a149-b803-d3e259123046, getElementTagName {id={4dfbdc57-50a7-074c-8bf5-553c4cf1c683}}]
三月 23, 2014 4:21:23 下午 org.openqa.selenium.testing.JUnit4TestBase$1 finished
信息: <<< Finished shouldBeAbleToReturnWebElementsFromAsyncScripts(org.openqa.selenium.ExecutingAsyncJavascriptTest)
三月 23, 2014 4:21:23 下午 org.openqa.selenium.testing.JUnit4TestBase$1 starting
信息: >>> Starting shouldCatchErrorsWhenExecutingInitialScript(org.openqa.selenium.ExecutingAsyncJavascriptTest)
三月 23, 2014 4:21:23 下午 org.openqa.selenium.remote.RemoteWebDriver log
信息: Executing: setTimeout [d43789d4-b98b-a149-b803-d3e259123046, setTimeout {type=script, ms=0}]
三月 23, 2014 4:21:23 下午 org.openqa.selenium.remote.RemoteWebDriver log
信息: Executed: [d43789d4-b98b-a149-b803-d3e259123046, setTimeout {type=script, ms=0}]
三月 23, 2014 4:21:23 下午 org.openqa.selenium.remote.RemoteWebDriver log
信息: Executing: get [d43789d4-b98b-a149-b803-d3e259123046, get {url=http://localhost:6461/common/ajaxy_page.html}]
三月 23, 2014 4:21:23 下午 org.openqa.selenium.remote.RemoteWebDriver log
信息: Executed: [d43789d4-b98b-a149-b803-d3e259123046, get {url=http://localhost:6461/common/ajaxy_page.html}]
三月 23, 2014 4:21:23 下午 org.openqa.selenium.remote.RemoteWebDriver log
信息: Executing: executeAsyncScript [d43789d4-b98b-a149-b803-d3e259123046, executeAsyncScript {script=throw Error('you should catch this!');, args=[]}]
三月 23, 2014 4:21:23 下午 org.openqa.selenium.remote.RemoteWebDriver log
信息: Executed: [d43789d4-b98b-a149-b803-d3e259123046, executeAsyncScript {script=throw Error('you should catch this!');, args=[]}]
三月 23, 2014 4:21:23 下午 org.openqa.selenium.testing.JUnit4TestBase$1 finished
信息: <<< Finished shouldCatchErrorsWhenExecutingInitialScript(org.openqa.selenium.ExecutingAsyncJavascriptTest)
三月 23, 2014 4:21:23 下午 org.openqa.selenium.testing.JUnit4TestBase$1 starting
信息: >>> Starting shouldBeAbleToReturnAnArrayLiteralFromAnAsyncScript(org.openqa.selenium.ExecutingAsyncJavascriptTest)
三月 23, 2014 4:21:23 下午 org.openqa.selenium.remote.RemoteWebDriver log
信息: Executing: setTimeout [d43789d4-b98b-a149-b803-d3e259123046, setTimeout {type=script, ms=0}]
三月 23, 2014 4:21:23 下午 org.openqa.selenium.remote.RemoteWebDriver log
信息: Executed: [d43789d4-b98b-a149-b803-d3e259123046, setTimeout {type=script, ms=0}]
三月 23, 2014 4:21:23 下午 org.openqa.selenium.remote.RemoteWebDriver log
信息: Executing: get [d43789d4-b98b-a149-b803-d3e259123046, get {url=http://localhost:6461/common/ajaxy_page.html}]
三月 23, 2014 4:21:23 下午 org.openqa.selenium.remote.RemoteWebDriver log
信息: Executed: [d43789d4-b98b-a149-b803-d3e259123046, get {url=http://localhost:6461/common/ajaxy_page.html}]
三月 23, 2014 4:21:23 下午 org.openqa.selenium.remote.RemoteWebDriver log
信息: Executing: executeAsyncScript [d43789d4-b98b-a149-b803-d3e259123046, executeAsyncScript {script=arguments[arguments.length - 1]([]);, args=[]}]
三月 23, 2014 4:21:23 下午 org.openqa.selenium.remote.RemoteWebDriver log
信息: Executed: [d43789d4-b98b-a149-b803-d3e259123046, executeAsyncScript {script=arguments[arguments.length - 1]([]);, args=[]}]
三月 23, 2014 4:21:23 下午 org.openqa.selenium.testing.JUnit4TestBase$1 finished
信息: <<< Finished shouldBeAbleToReturnAnArrayLiteralFromAnAsyncScript(org.openqa.selenium.ExecutingAsyncJavascriptTest)
三月 23, 2014 4:21:23 下午 org.openqa.selenium.testing.JUnit4TestBase$1 starting
信息: >>> Starting shouldCatchErrorsWithMessageAndStacktraceWhenExecutingInitialScript(org.openqa.selenium.ExecutingAsyncJavascriptTest)
三月 23, 2014 4:21:23 下午 org.openqa.selenium.remote.RemoteWebDriver log
信息: Executing: setTimeout [d43789d4-b98b-a149-b803-d3e259123046, setTimeout {type=script, ms=0}]
三月 23, 2014 4:21:23 下午 org.openqa.selenium.remote.RemoteWebDriver log
信息: Executed: [d43789d4-b98b-a149-b803-d3e259123046, setTimeout {type=script, ms=0}]
三月 23, 2014 4:21:23 下午 org.openqa.selenium.remote.RemoteWebDriver log
信息: Executing: get [d43789d4-b98b-a149-b803-d3e259123046, get {url=http://localhost:6461/common/ajaxy_page.html}]
三月 23, 2014 4:21:23 下午 org.openqa.selenium.remote.RemoteWebDriver log
信息: Executed: [d43789d4-b98b-a149-b803-d3e259123046, get {url=http://localhost:6461/common/ajaxy_page.html}]
三月 23, 2014 4:21:23 下午 org.openqa.selenium.remote.RemoteWebDriver log
信息: Executing: executeAsyncScript [d43789d4-b98b-a149-b803-d3e259123046, executeAsyncScript {script=function functionB() { throw Error('errormessage'); };function functionA() { functionB(); };functionA();, args=[]}]
三月 23, 2014 4:21:23 下午 org.openqa.selenium.remote.RemoteWebDriver log
信息: Executed: [d43789d4-b98b-a149-b803-d3e259123046, executeAsyncScript {script=function functionB() { throw Error('errormessage'); };function functionA() { functionB(); };functionA();, args=[]}]
三月 23, 2014 4:21:23 下午 org.openqa.selenium.testing.JUnit4TestBase$1 finished
信息: <<< Finished shouldCatchErrorsWithMessageAndStacktraceWhenExecutingInitialScript(org.openqa.selenium.ExecutingAsyncJavascriptTest)
三月 23, 2014 4:21:23 下午 org.openqa.selenium.testing.JUnit4TestBase$1 starting
信息: >>> Starting shouldBeAbleToReturnArraysOfPrimitivesFromAsyncScripts(org.openqa.selenium.ExecutingAsyncJavascriptTest)
三月 23, 2014 4:21:23 下午 org.openqa.selenium.remote.RemoteWebDriver log
信息: Executing: setTimeout [d43789d4-b98b-a149-b803-d3e259123046, setTimeout {type=script, ms=0}]
三月 23, 2014 4:21:23 下午 org.openqa.selenium.remote.RemoteWebDriver log
信息: Executed: [d43789d4-b98b-a149-b803-d3e259123046, setTimeout {type=script, ms=0}]
三月 23, 2014 4:21:23 下午 org.openqa.selenium.remote.RemoteWebDriver log
信息: Executing: get [d43789d4-b98b-a149-b803-d3e259123046, get {url=http://localhost:6461/common/ajaxy_page.html}]
三月 23, 2014 4:21:23 下午 org.openqa.selenium.remote.RemoteWebDriver log
信息: Executed: [d43789d4-b98b-a149-b803-d3e259123046, get {url=http://localhost:6461/common/ajaxy_page.html}]
三月 23, 2014 4:21:23 下午 org.openqa.selenium.remote.RemoteWebDriver log
信息: Executing: executeAsyncScript [d43789d4-b98b-a149-b803-d3e259123046, executeAsyncScript {script=arguments[arguments.length - 1]([null, 123, 'abc', true, false]);, args=[]}]
三月 23, 2014 4:21:23 下午 org.openqa.selenium.remote.RemoteWebDriver log
信息: Executed: [d43789d4-b98b-a149-b803-d3e259123046, executeAsyncScript {script=arguments[arguments.length - 1]([null, 123, 'abc', true, false]);, args=[]}]
三月 23, 2014 4:21:23 下午 org.openqa.selenium.testing.JUnit4TestBase$1 finished
信息: <<< Finished shouldBeAbleToReturnArraysOfPrimitivesFromAsyncScripts(org.openqa.selenium.ExecutingAsyncJavascriptTest)
三月 23, 2014 4:21:23 下午 org.openqa.selenium.testing.JUnit4TestBase$1 starting
信息: >>> Starting throwsIfScriptTriggersAlertWhichTimesOut(org.openqa.selenium.ExecutingAsyncJavascriptTest)
三月 23, 2014 4:21:23 下午 org.openqa.selenium.remote.RemoteWebDriver log
信息: Executing: setTimeout [d43789d4-b98b-a149-b803-d3e259123046, setTimeout {type=script, ms=0}]
三月 23, 2014 4:21:23 下午 org.openqa.selenium.remote.RemoteWebDriver log
信息: Executed: [d43789d4-b98b-a149-b803-d3e259123046, setTimeout {type=script, ms=0}]
三月 23, 2014 4:21:23 下午 org.openqa.selenium.remote.RemoteWebDriver log
信息: Executing: get [d43789d4-b98b-a149-b803-d3e259123046, get {url=http://localhost:6461/common/simpleTest.html}]
三月 23, 2014 4:21:23 下午 org.openqa.selenium.remote.RemoteWebDriver log
信息: Executed: [d43789d4-b98b-a149-b803-d3e259123046, get {url=http://localhost:6461/common/simpleTest.html}]
三月 23, 2014 4:21:23 下午 org.openqa.selenium.remote.RemoteWebDriver log
信息: Executing: setTimeout [d43789d4-b98b-a149-b803-d3e259123046, setTimeout {type=script, ms=5000}]
三月 23, 2014 4:21:23 下午 org.openqa.selenium.remote.RemoteWebDriver log
信息: Executed: [d43789d4-b98b-a149-b803-d3e259123046, setTimeout {type=script, ms=5000}]
三月 23, 2014 4:21:23 下午 org.openqa.selenium.remote.RemoteWebDriver log
信息: Executing: executeAsyncScript [d43789d4-b98b-a149-b803-d3e259123046, executeAsyncScript {script=setTimeout(function() { window.alert('Look! An alert!'); }, 50);, args=[]}]
三月 23, 2014 4:21:24 下午 org.openqa.selenium.remote.RemoteWebDriver log
信息: Executed: [d43789d4-b98b-a149-b803-d3e259123046, executeAsyncScript {script=setTimeout(function() { window.alert('Look! An alert!'); }, 50);, args=[]}]
三月 23, 2014 4:21:24 下午 org.openqa.selenium.remote.RemoteWebDriver log
信息: Executing: getTitle [d43789d4-b98b-a149-b803-d3e259123046, getTitle {}]
三月 23, 2014 4:21:24 下午 org.openqa.selenium.remote.RemoteWebDriver log
信息: Executed: [d43789d4-b98b-a149-b803-d3e259123046, getTitle {}]
三月 23, 2014 4:21:24 下午 org.openqa.selenium.testing.JUnit4TestBase$1 finished
信息: <<< Finished throwsIfScriptTriggersAlertWhichTimesOut(org.openqa.selenium.ExecutingAsyncJavascriptTest)
三月 23, 2014 4:21:24 下午 org.openqa.selenium.testing.JUnit4TestBase$1 starting
信息: >>> Starting shouldBeAbleToPassMultipleArgumentsToAsyncScripts(org.openqa.selenium.ExecutingAsyncJavascriptTest)
三月 23, 2014 4:21:24 下午 org.openqa.selenium.remote.RemoteWebDriver log
信息: Executing: setTimeout [d43789d4-b98b-a149-b803-d3e259123046, setTimeout {type=script, ms=0}]
三月 23, 2014 4:21:24 下午 org.openqa.selenium.remote.RemoteWebDriver log
信息: Executed: [d43789d4-b98b-a149-b803-d3e259123046, setTimeout {type=script, ms=0}]
三月 23, 2014 4:21:24 下午 org.openqa.selenium.remote.RemoteWebDriver log
信息: Executing: get [d43789d4-b98b-a149-b803-d3e259123046, get {url=http://localhost:6461/common/ajaxy_page.html}]
三月 23, 2014 4:21:24 下午 org.openqa.selenium.remote.RemoteWebDriver log
信息: Executed: [d43789d4-b98b-a149-b803-d3e259123046, get {url=http://localhost:6461/common/ajaxy_page.html}]
三月 23, 2014 4:21:24 下午 org.openqa.selenium.remote.RemoteWebDriver log
信息: Executing: executeAsyncScript [d43789d4-b98b-a149-b803-d3e259123046, executeAsyncScript {script=arguments[arguments.length - 1](arguments[0] + arguments[1]);, args=[1, 2]}]
三月 23, 2014 4:21:24 下午 org.openqa.selenium.remote.RemoteWebDriver log
信息: Executed: [d43789d4-b98b-a149-b803-d3e259123046, executeAsyncScript {script=arguments[arguments.length - 1](arguments[0] + arguments[1]);, args=[1, 2]}]
三月 23, 2014 4:21:24 下午 org.openqa.selenium.testing.JUnit4TestBase$1 finished
信息: <<< Finished shouldBeAbleToPassMultipleArgumentsToAsyncScripts(org.openqa.selenium.ExecutingAsyncJavascriptTest)
三月 23, 2014 4:21:24 下午 org.openqa.selenium.testing.JUnit4TestBase$1 starting
信息: >>> Starting shouldDetectPageLoadsWhileWaitingOnAnAsyncScriptAndReturnAnError(org.openqa.selenium.ExecutingAsyncJavascriptTest)
三月 23, 2014 4:21:24 下午 org.openqa.selenium.remote.RemoteWebDriver log
信息: Executing: setTimeout [d43789d4-b98b-a149-b803-d3e259123046, setTimeout {type=script, ms=0}]
三月 23, 2014 4:21:24 下午 org.openqa.selenium.remote.RemoteWebDriver log
信息: Executed: [d43789d4-b98b-a149-b803-d3e259123046, setTimeout {type=script, ms=0}]
三月 23, 2014 4:21:24 下午 org.openqa.selenium.remote.RemoteWebDriver log
信息: Executing: get [d43789d4-b98b-a149-b803-d3e259123046, get {url=http://localhost:6461/common/ajaxy_page.html}]
三月 23, 2014 4:21:24 下午 org.openqa.selenium.remote.RemoteWebDriver log
信息: Executed: [d43789d4-b98b-a149-b803-d3e259123046, get {url=http://localhost:6461/common/ajaxy_page.html}]
三月 23, 2014 4:21:24 下午 org.openqa.selenium.remote.RemoteWebDriver log
信息: Executing: setTimeout [d43789d4-b98b-a149-b803-d3e259123046, setTimeout {type=script, ms=100}]
三月 23, 2014 4:21:24 下午 org.openqa.selenium.remote.RemoteWebDriver log
信息: Executed: [d43789d4-b98b-a149-b803-d3e259123046, setTimeout {type=script, ms=100}]
三月 23, 2014 4:21:24 下午 org.openqa.selenium.remote.RemoteWebDriver log
信息: Executing: executeAsyncScript [d43789d4-b98b-a149-b803-d3e259123046, executeAsyncScript {script=window.location = 'http://localhost:6461/common/dynamic.html';, args=[]}]
三月 23, 2014 4:21:24 下午 org.openqa.selenium.remote.RemoteWebDriver log
信息: Executed: [d43789d4-b98b-a149-b803-d3e259123046, executeAsyncScript {script=window.location = 'http://localhost:6461/common/dynamic.html';, args=[]}]
三月 23, 2014 4:21:24 下午 org.openqa.selenium.testing.JUnit4TestBase$1 finished
信息: <<< Finished shouldDetectPageLoadsWhileWaitingOnAnAsyncScriptAndReturnAnError(org.openqa.selenium.ExecutingAsyncJavascriptTest)
三月 23, 2014 4:21:24 下午 org.openqa.selenium.testing.JUnit4TestBase$1 starting
信息: >>> Starting includesAlertTextInUnhandledAlertException(org.openqa.selenium.ExecutingAsyncJavascriptTest)
三月 23, 2014 4:21:24 下午 org.openqa.selenium.remote.RemoteWebDriver log
信息: Executing: setTimeout [d43789d4-b98b-a149-b803-d3e259123046, setTimeout {type=script, ms=0}]
三月 23, 2014 4:21:24 下午 org.openqa.selenium.remote.RemoteWebDriver log
信息: Executed: [d43789d4-b98b-a149-b803-d3e259123046, setTimeout {type=script, ms=0}]
三月 23, 2014 4:21:24 下午 org.openqa.selenium.remote.RemoteWebDriver log
信息: Executing: setTimeout [d43789d4-b98b-a149-b803-d3e259123046, setTimeout {type=script, ms=5000}]
三月 23, 2014 4:21:24 下午 org.openqa.selenium.remote.RemoteWebDriver log
信息: Executed: [d43789d4-b98b-a149-b803-d3e259123046, setTimeout {type=script, ms=5000}]
三月 23, 2014 4:21:24 下午 org.openqa.selenium.remote.RemoteWebDriver log
信息: Executing: executeAsyncScript [d43789d4-b98b-a149-b803-d3e259123046, executeAsyncScript {script=setTimeout(arguments[0], 200) ; setTimeout(function() { window.alert('Look! An alert!'); }, 50);, args=[]}]
三月 23, 2014 4:21:25 下午 org.openqa.selenium.remote.RemoteWebDriver log
信息: Executed: [d43789d4-b98b-a149-b803-d3e259123046, executeAsyncScript {script=setTimeout(arguments[0], 200) ; setTimeout(function() { window.alert('Look! An alert!'); }, 50);, args=[]}]
三月 23, 2014 4:21:25 下午 org.openqa.selenium.testing.JUnit4TestBase$1 finished
信息: <<< Finished includesAlertTextInUnhandledAlertException(org.openqa.selenium.ExecutingAsyncJavascriptTest)
三月 23, 2014 4:21:25 下午 org.openqa.selenium.testing.JUnit4TestBase$1 starting
信息: >>> Starting shouldTimeoutIfScriptDoesNotInvokeCallbackWithAZeroTimeout(org.openqa.selenium.ExecutingAsyncJavascriptTest)
三月 23, 2014 4:21:25 下午 org.openqa.selenium.remote.RemoteWebDriver log
信息: Executing: setTimeout [d43789d4-b98b-a149-b803-d3e259123046, setTimeout {type=script, ms=0}]
三月 23, 2014 4:21:25 下午 org.openqa.selenium.remote.RemoteWebDriver log
信息: Executed: [d43789d4-b98b-a149-b803-d3e259123046, setTimeout {type=script, ms=0}]
三月 23, 2014 4:21:25 下午 org.openqa.selenium.remote.RemoteWebDriver log
信息: Executing: get [d43789d4-b98b-a149-b803-d3e259123046, get {url=http://localhost:6461/common/ajaxy_page.html}]
三月 23, 2014 4:21:25 下午 org.openqa.selenium.remote.RemoteWebDriver log
信息: Executed: [d43789d4-b98b-a149-b803-d3e259123046, get {url=http://localhost:6461/common/ajaxy_page.html}]
三月 23, 2014 4:21:25 下午 org.openqa.selenium.remote.RemoteWebDriver log
信息: Executing: executeAsyncScript [d43789d4-b98b-a149-b803-d3e259123046, executeAsyncScript {script=window.setTimeout(function() {}, 0);, args=[]}]
三月 23, 2014 4:21:25 下午 org.openqa.selenium.remote.RemoteWebDriver log
信息: Executed: [d43789d4-b98b-a149-b803-d3e259123046, executeAsyncScript {script=window.setTimeout(function() {}, 0);, args=[]}]
三月 23, 2014 4:21:25 下午 org.openqa.selenium.testing.JUnit4TestBase$1 finished
信息: <<< Finished shouldTimeoutIfScriptDoesNotInvokeCallbackWithAZeroTimeout(org.openqa.selenium.ExecutingAsyncJavascriptTest)
三月 23, 2014 4:21:25 下午 org.openqa.selenium.testing.JUnit4TestBase$1 starting
信息: >>> Starting shouldBeAbleToReturnJavascriptPrimitivesFromAsyncScripts_NeitherNullNorUndefined(org.openqa.selenium.ExecutingAsyncJavascriptTest)
三月 23, 2014 4:21:25 下午 org.openqa.selenium.remote.RemoteWebDriver log
信息: Executing: setTimeout [d43789d4-b98b-a149-b803-d3e259123046, setTimeout {type=script, ms=0}]
三月 23, 2014 4:21:25 下午 org.openqa.selenium.remote.RemoteWebDriver log
信息: Executed: [d43789d4-b98b-a149-b803-d3e259123046, setTimeout {type=script, ms=0}]
三月 23, 2014 4:21:25 下午 org.openqa.selenium.remote.RemoteWebDriver log
信息: Executing: get [d43789d4-b98b-a149-b803-d3e259123046, get {url=http://localhost:6461/common/ajaxy_page.html}]
三月 23, 2014 4:21:25 下午 org.openqa.selenium.remote.RemoteWebDriver log
信息: Executed: [d43789d4-b98b-a149-b803-d3e259123046, get {url=http://localhost:6461/common/ajaxy_page.html}]
三月 23, 2014 4:21:25 下午 org.openqa.selenium.remote.RemoteWebDriver log
信息: Executing: executeAsyncScript [d43789d4-b98b-a149-b803-d3e259123046, executeAsyncScript {script=arguments[arguments.length - 1](123);, args=[]}]
三月 23, 2014 4:21:25 下午 org.openqa.selenium.remote.RemoteWebDriver log
信息: Executed: [d43789d4-b98b-a149-b803-d3e259123046, executeAsyncScript {script=arguments[arguments.length - 1](123);, args=[]}]
三月 23, 2014 4:21:25 下午 org.openqa.selenium.remote.RemoteWebDriver log
信息: Executing: executeAsyncScript [d43789d4-b98b-a149-b803-d3e259123046, executeAsyncScript {script=arguments[arguments.length - 1]('abc');, args=[]}]
三月 23, 2014 4:21:25 下午 org.openqa.selenium.remote.RemoteWebDriver log
信息: Executed: [d43789d4-b98b-a149-b803-d3e259123046, executeAsyncScript {script=arguments[arguments.length - 1]('abc');, args=[]}]
三月 23, 2014 4:21:25 下午 org.openqa.selenium.remote.RemoteWebDriver log
信息: Executing: executeAsyncScript [d43789d4-b98b-a149-b803-d3e259123046, executeAsyncScript {script=arguments[arguments.length - 1](false);, args=[]}]
三月 23, 2014 4:21:25 下午 org.openqa.selenium.remote.RemoteWebDriver log
信息: Executed: [d43789d4-b98b-a149-b803-d3e259123046, executeAsyncScript {script=arguments[arguments.length - 1](false);, args=[]}]
三月 23, 2014 4:21:25 下午 org.openqa.selenium.remote.RemoteWebDriver log
信息: Executing: executeAsyncScript [d43789d4-b98b-a149-b803-d3e259123046, executeAsyncScript {script=arguments[arguments.length - 1](true);, args=[]}]
三月 23, 2014 4:21:25 下午 org.openqa.selenium.remote.RemoteWebDriver log
信息: Executed: [d43789d4-b98b-a149-b803-d3e259123046, executeAsyncScript {script=arguments[arguments.length - 1](true);, args=[]}]
三月 23, 2014 4:21:25 下午 org.openqa.selenium.testing.JUnit4TestBase$1 finished
信息: <<< Finished shouldBeAbleToReturnJavascriptPrimitivesFromAsyncScripts_NeitherNullNorUndefined(org.openqa.selenium.ExecutingAsyncJavascriptTest)
三月 23, 2014 4:21:25 下午 org.openqa.selenium.testing.JUnit4TestBase$1 starting
信息: >>> Starting shouldTimeoutIfScriptDoesNotInvokeCallbackWithLongTimeout(org.openqa.selenium.ExecutingAsyncJavascriptTest)
三月 23, 2014 4:21:25 下午 org.openqa.selenium.remote.RemoteWebDriver log
信息: Executing: setTimeout [d43789d4-b98b-a149-b803-d3e259123046, setTimeout {type=script, ms=0}]
三月 23, 2014 4:21:25 下午 org.openqa.selenium.remote.RemoteWebDriver log
信息: Executed: [d43789d4-b98b-a149-b803-d3e259123046, setTimeout {type=script, ms=0}]
三月 23, 2014 4:21:25 下午 org.openqa.selenium.remote.RemoteWebDriver log
信息: Executing: setTimeout [d43789d4-b98b-a149-b803-d3e259123046, setTimeout {type=script, ms=500}]
三月 23, 2014 4:21:25 下午 org.openqa.selenium.remote.RemoteWebDriver log
信息: Executed: [d43789d4-b98b-a149-b803-d3e259123046, setTimeout {type=script, ms=500}]
三月 23, 2014 4:21:25 下午 org.openqa.selenium.remote.RemoteWebDriver log
信息: Executing: get [d43789d4-b98b-a149-b803-d3e259123046, get {url=http://localhost:6461/common/ajaxy_page.html}]
三月 23, 2014 4:21:25 下午 org.openqa.selenium.remote.RemoteWebDriver log
信息: Executed: [d43789d4-b98b-a149-b803-d3e259123046, get {url=http://localhost:6461/common/ajaxy_page.html}]
三月 23, 2014 4:21:25 下午 org.openqa.selenium.remote.RemoteWebDriver log
信息: Executing: executeAsyncScript [d43789d4-b98b-a149-b803-d3e259123046, executeAsyncScript {script=var callback = arguments[arguments.length - 1];window.setTimeout(callback, 1500);, args=[]}]
三月 23, 2014 4:21:26 下午 org.openqa.selenium.remote.RemoteWebDriver log
信息: Executed: [d43789d4-b98b-a149-b803-d3e259123046, executeAsyncScript {script=var callback = arguments[arguments.length - 1];window.setTimeout(callback, 1500);, args=[]}]
三月 23, 2014 4:21:26 下午 org.openqa.selenium.testing.JUnit4TestBase$1 finished
信息: <<< Finished shouldTimeoutIfScriptDoesNotInvokeCallbackWithLongTimeout(org.openqa.selenium.ExecutingAsyncJavascriptTest)
三月 23, 2014 4:21:26 下午 org.openqa.selenium.testing.JUnit4TestBase$1 starting
信息: >>> Starting shouldNotTimeoutIfCallbackInvokedImmediately(org.openqa.selenium.ExecutingAsyncJavascriptTest)
三月 23, 2014 4:21:26 下午 org.openqa.selenium.remote.RemoteWebDriver log
信息: Executing: setTimeout [d43789d4-b98b-a149-b803-d3e259123046, setTimeout {type=script, ms=0}]
三月 23, 2014 4:21:26 下午 org.openqa.selenium.remote.RemoteWebDriver log
信息: Executed: [d43789d4-b98b-a149-b803-d3e259123046, setTimeout {type=script, ms=0}]
三月 23, 2014 4:21:26 下午 org.openqa.selenium.remote.RemoteWebDriver log
信息: Executing: get [d43789d4-b98b-a149-b803-d3e259123046, get {url=http://localhost:6461/common/ajaxy_page.html}]
三月 23, 2014 4:21:26 下午 org.openqa.selenium.remote.RemoteWebDriver log
信息: Executed: [d43789d4-b98b-a149-b803-d3e259123046, get {url=http://localhost:6461/common/ajaxy_page.html}]
三月 23, 2014 4:21:26 下午 org.openqa.selenium.remote.RemoteWebDriver log
信息: Executing: executeAsyncScript [d43789d4-b98b-a149-b803-d3e259123046, executeAsyncScript {script=arguments[arguments.length - 1](123);, args=[]}]
三月 23, 2014 4:21:26 下午 org.openqa.selenium.remote.RemoteWebDriver log
信息: Executed: [d43789d4-b98b-a149-b803-d3e259123046, executeAsyncScript {script=arguments[arguments.length - 1](123);, args=[]}]
三月 23, 2014 4:21:26 下午 org.openqa.selenium.testing.JUnit4TestBase$1 finished
信息: <<< Finished shouldNotTimeoutIfCallbackInvokedImmediately(org.openqa.selenium.ExecutingAsyncJavascriptTest)
三月 23, 2014 4:21:26 下午 org.openqa.selenium.testing.JUnit4TestBase$1 starting
信息: >>> Starting shouldTimeoutIfScriptDoesNotInvokeCallback(org.openqa.selenium.ExecutingAsyncJavascriptTest)
三月 23, 2014 4:21:26 下午 org.openqa.selenium.remote.RemoteWebDriver log
信息: Executing: setTimeout [d43789d4-b98b-a149-b803-d3e259123046, setTimeout {type=script, ms=0}]
三月 23, 2014 4:21:26 下午 org.openqa.selenium.remote.RemoteWebDriver log
信息: Executed: [d43789d4-b98b-a149-b803-d3e259123046, setTimeout {type=script, ms=0}]
三月 23, 2014 4:21:26 下午 org.openqa.selenium.remote.RemoteWebDriver log
信息: Executing: get [d43789d4-b98b-a149-b803-d3e259123046, get {url=http://localhost:6461/common/ajaxy_page.html}]
三月 23, 2014 4:21:26 下午 org.openqa.selenium.remote.RemoteWebDriver log
信息: Executed: [d43789d4-b98b-a149-b803-d3e259123046, get {url=http://localhost:6461/common/ajaxy_page.html}]
三月 23, 2014 4:21:26 下午 org.openqa.selenium.remote.RemoteWebDriver log
信息: Executing: executeAsyncScript [d43789d4-b98b-a149-b803-d3e259123046, executeAsyncScript {script=return 1 + 2;, args=[]}]
三月 23, 2014 4:21:26 下午 org.openqa.selenium.remote.RemoteWebDriver log
信息: Executed: [d43789d4-b98b-a149-b803-d3e259123046, executeAsyncScript {script=return 1 + 2;, args=[]}]
三月 23, 2014 4:21:26 下午 org.openqa.selenium.testing.JUnit4TestBase$1 finished
信息: <<< Finished shouldTimeoutIfScriptDoesNotInvokeCallback(org.openqa.selenium.ExecutingAsyncJavascriptTest)
三月 23, 2014 4:21:26 下午 org.openqa.selenium.testing.JUnit4TestBase$1 starting
信息: >>> Starting shouldBeAbleToReturnAnArrayObjectFromAnAsyncScript(org.openqa.selenium.ExecutingAsyncJavascriptTest)
三月 23, 2014 4:21:26 下午 org.openqa.selenium.remote.RemoteWebDriver log
信息: Executing: setTimeout [d43789d4-b98b-a149-b803-d3e259123046, setTimeout {type=script, ms=0}]
三月 23, 2014 4:21:26 下午 org.openqa.selenium.remote.RemoteWebDriver log
信息: Executed: [d43789d4-b98b-a149-b803-d3e259123046, setTimeout {type=script, ms=0}]
三月 23, 2014 4:21:26 下午 org.openqa.selenium.remote.RemoteWebDriver log
信息: Executing: get [d43789d4-b98b-a149-b803-d3e259123046, get {url=http://localhost:6461/common/ajaxy_page.html}]
三月 23, 2014 4:21:26 下午 org.openqa.selenium.remote.RemoteWebDriver log
信息: Executed: [d43789d4-b98b-a149-b803-d3e259123046, get {url=http://localhost:6461/common/ajaxy_page.html}]
三月 23, 2014 4:21:26 下午 org.openqa.selenium.remote.RemoteWebDriver log
信息: Executing: executeAsyncScript [d43789d4-b98b-a149-b803-d3e259123046, executeAsyncScript {script=arguments[arguments.length - 1](new Array());, args=[]}]
三月 23, 2014 4:21:26 下午 org.openqa.selenium.remote.RemoteWebDriver log
信息: Executed: [d43789d4-b98b-a149-b803-d3e259123046, executeAsyncScript {script=arguments[arguments.length - 1](new Array());, args=[]}]
三月 23, 2014 4:21:26 下午 org.openqa.selenium.testing.JUnit4TestBase$1 finished
信息: <<< Finished shouldBeAbleToReturnAnArrayObjectFromAnAsyncScript(org.openqa.selenium.ExecutingAsyncJavascriptTest)
三月 23, 2014 4:21:26 下午 org.openqa.selenium.testing.JUnit4TestBase$1 starting
信息: >>> Starting throwsIfAlertHappensDuringScript(org.openqa.selenium.ExecutingAsyncJavascriptTest)
三月 23, 2014 4:21:26 下午 org.openqa.selenium.remote.RemoteWebDriver log
信息: Executing: setTimeout [d43789d4-b98b-a149-b803-d3e259123046, setTimeout {type=script, ms=0}]
三月 23, 2014 4:21:26 下午 org.openqa.selenium.remote.RemoteWebDriver log
信息: Executed: [d43789d4-b98b-a149-b803-d3e259123046, setTimeout {type=script, ms=0}]
三月 23, 2014 4:21:26 下午 org.openqa.selenium.remote.RemoteWebDriver log
信息: Executing: get [d43789d4-b98b-a149-b803-d3e259123046, get {url=http://localhost:6461/common/slowLoadingAlert.html}]
三月 23, 2014 4:21:26 下午 org.openqa.selenium.remote.RemoteWebDriver log
信息: Executed: [d43789d4-b98b-a149-b803-d3e259123046, get {url=http://localhost:6461/common/slowLoadingAlert.html}]
三月 23, 2014 4:21:26 下午 org.openqa.selenium.remote.RemoteWebDriver log
信息: Executing: setTimeout [d43789d4-b98b-a149-b803-d3e259123046, setTimeout {type=script, ms=5000}]
三月 23, 2014 4:21:26 下午 org.openqa.selenium.remote.RemoteWebDriver log
信息: Executed: [d43789d4-b98b-a149-b803-d3e259123046, setTimeout {type=script, ms=5000}]
三月 23, 2014 4:21:26 下午 org.openqa.selenium.remote.RemoteWebDriver log
信息: Executing: executeAsyncScript [d43789d4-b98b-a149-b803-d3e259123046, executeAsyncScript {script=setTimeout(arguments[0], 1000);, args=[]}]
三月 23, 2014 4:21:26 下午 org.openqa.selenium.remote.RemoteWebDriver log
信息: Executed: [d43789d4-b98b-a149-b803-d3e259123046, executeAsyncScript {script=setTimeout(arguments[0], 1000);, args=[]}]
三月 23, 2014 4:21:26 下午 org.openqa.selenium.remote.RemoteWebDriver log
信息: Executing: getTitle [d43789d4-b98b-a149-b803-d3e259123046, getTitle {}]
三月 23, 2014 4:21:26 下午 org.openqa.selenium.remote.RemoteWebDriver log
信息: Executed: [d43789d4-b98b-a149-b803-d3e259123046, getTitle {}]
三月 23, 2014 4:21:26 下午 org.openqa.selenium.testing.JUnit4TestBase$1 finished
信息: <<< Finished throwsIfAlertHappensDuringScript(org.openqa.selenium.ExecutingAsyncJavascriptTest)
三月 23, 2014 4:21:26 下午 org.openqa.selenium.testing.JUnit4TestBase$1 starting
信息: >>> Starting shouldNotTimeoutWithMultipleCallsTheFirstOneBeingSynchronous(org.openqa.selenium.ExecutingAsyncJavascriptTest)
三月 23, 2014 4:21:26 下午 org.openqa.selenium.remote.RemoteWebDriver log
信息: Executing: setTimeout [d43789d4-b98b-a149-b803-d3e259123046, setTimeout {type=script, ms=0}]
三月 23, 2014 4:21:26 下午 org.openqa.selenium.remote.RemoteWebDriver log
信息: Executed: [d43789d4-b98b-a149-b803-d3e259123046, setTimeout {type=script, ms=0}]
三月 23, 2014 4:21:26 下午 org.openqa.selenium.remote.RemoteWebDriver log
信息: Executing: get [d43789d4-b98b-a149-b803-d3e259123046, get {url=http://localhost:6461/common/ajaxy_page.html}]
三月 23, 2014 4:21:27 下午 org.openqa.selenium.remote.RemoteWebDriver log
信息: Executed: [d43789d4-b98b-a149-b803-d3e259123046, get {url=http://localhost:6461/common/ajaxy_page.html}]
三月 23, 2014 4:21:27 下午 org.openqa.selenium.remote.RemoteWebDriver log
信息: Executing: setTimeout [d43789d4-b98b-a149-b803-d3e259123046, setTimeout {type=script, ms=10}]
三月 23, 2014 4:21:27 下午 org.openqa.selenium.remote.RemoteWebDriver log
信息: Executed: [d43789d4-b98b-a149-b803-d3e259123046, setTimeout {type=script, ms=10}]
三月 23, 2014 4:21:27 下午 org.openqa.selenium.remote.RemoteWebDriver log
信息: Executing: executeAsyncScript [d43789d4-b98b-a149-b803-d3e259123046, executeAsyncScript {script=arguments[arguments.length - 1](true);, args=[]}]
三月 23, 2014 4:21:27 下午 org.openqa.selenium.remote.RemoteWebDriver log
信息: Executed: [d43789d4-b98b-a149-b803-d3e259123046, executeAsyncScript {script=arguments[arguments.length - 1](true);, args=[]}]
三月 23, 2014 4:21:27 下午 org.openqa.selenium.remote.RemoteWebDriver log
信息: Executing: executeAsyncScript [d43789d4-b98b-a149-b803-d3e259123046, executeAsyncScript {script=var cb = arguments[arguments.length - 1]; window.setTimeout(function(){cb(true);}, 9);, args=[]}]
三月 23, 2014 4:21:27 下午 org.openqa.selenium.remote.RemoteWebDriver log
信息: Executed: [d43789d4-b98b-a149-b803-d3e259123046, executeAsyncScript {script=var cb = arguments[arguments.length - 1]; window.setTimeout(function(){cb(true);}, 9);, args=[]}]
三月 23, 2014 4:21:27 下午 org.openqa.selenium.testing.JUnit4TestBase$1 finished
信息: <<< Finished shouldNotTimeoutWithMultipleCallsTheFirstOneBeingSynchronous(org.openqa.selenium.ExecutingAsyncJavascriptTest)
三月 23, 2014 4:21:27 下午 org.openqa.selenium.testing.JUnit4TestBase$1 starting
信息: >>> Starting throwsIfAlertHappensDuringScriptWhichTimesOut(org.openqa.selenium.ExecutingAsyncJavascriptTest)
三月 23, 2014 4:21:27 下午 org.openqa.selenium.remote.RemoteWebDriver log
信息: Executing: setTimeout [d43789d4-b98b-a149-b803-d3e259123046, setTimeout {type=script, ms=0}]
三月 23, 2014 4:21:27 下午 org.openqa.selenium.remote.RemoteWebDriver log
信息: Executed: [d43789d4-b98b-a149-b803-d3e259123046, setTimeout {type=script, ms=0}]
三月 23, 2014 4:21:27 下午 org.openqa.selenium.remote.RemoteWebDriver log
信息: Executing: get [d43789d4-b98b-a149-b803-d3e259123046, get {url=http://localhost:6461/common/slowLoadingAlert.html}]
三月 23, 2014 4:21:27 下午 org.openqa.selenium.remote.RemoteWebDriver log
信息: Executed: [d43789d4-b98b-a149-b803-d3e259123046, get {url=http://localhost:6461/common/slowLoadingAlert.html}]
三月 23, 2014 4:21:27 下午 org.openqa.selenium.remote.RemoteWebDriver log
信息: Executing: setTimeout [d43789d4-b98b-a149-b803-d3e259123046, setTimeout {type=script, ms=5000}]
三月 23, 2014 4:21:27 下午 org.openqa.selenium.remote.RemoteWebDriver log
信息: Executed: [d43789d4-b98b-a149-b803-d3e259123046, setTimeout {type=script, ms=5000}]
三月 23, 2014 4:21:27 下午 org.openqa.selenium.remote.RemoteWebDriver log
信息: Executing: executeAsyncScript [d43789d4-b98b-a149-b803-d3e259123046, executeAsyncScript {script=, args=[]}]
三月 23, 2014 4:21:27 下午 org.openqa.selenium.remote.RemoteWebDriver log
信息: Executed: [d43789d4-b98b-a149-b803-d3e259123046, executeAsyncScript {script=, args=[]}]
三月 23, 2014 4:21:27 下午 org.openqa.selenium.remote.RemoteWebDriver log
信息: Executing: getTitle [d43789d4-b98b-a149-b803-d3e259123046, getTitle {}]
三月 23, 2014 4:21:27 下午 org.openqa.selenium.remote.RemoteWebDriver log
信息: Executed: [d43789d4-b98b-a149-b803-d3e259123046, getTitle {}]
三月 23, 2014 4:21:27 下午 org.openqa.selenium.testing.JUnit4TestBase$1 finished
信息: <<< Finished throwsIfAlertHappensDuringScriptWhichTimesOut(org.openqa.selenium.ExecutingAsyncJavascriptTest)
三月 23, 2014 4:21:27 下午 org.openqa.selenium.testing.JUnit4TestBase$1 starting
信息: >>> Starting throwsIfScriptTriggersAlert(org.openqa.selenium.ExecutingAsyncJavascriptTest)
三月 23, 2014 4:21:27 下午 org.openqa.selenium.remote.RemoteWebDriver log
信息: Executing: setTimeout [d43789d4-b98b-a149-b803-d3e259123046, setTimeout {type=script, ms=0}]
三月 23, 2014 4:21:27 下午 org.openqa.selenium.remote.RemoteWebDriver log
信息: Executed: [d43789d4-b98b-a149-b803-d3e259123046, setTimeout {type=script, ms=0}]
三月 23, 2014 4:21:27 下午 org.openqa.selenium.remote.RemoteWebDriver log
信息: Executing: get [d43789d4-b98b-a149-b803-d3e259123046, get {url=http://localhost:6461/common/simpleTest.html}]
三月 23, 2014 4:21:27 下午 org.openqa.selenium.remote.RemoteWebDriver log
信息: Executed: [d43789d4-b98b-a149-b803-d3e259123046, get {url=http://localhost:6461/common/simpleTest.html}]
三月 23, 2014 4:21:27 下午 org.openqa.selenium.remote.RemoteWebDriver log
信息: Executing: setTimeout [d43789d4-b98b-a149-b803-d3e259123046, setTimeout {type=script, ms=5000}]
三月 23, 2014 4:21:27 下午 org.openqa.selenium.remote.RemoteWebDriver log
信息: Executed: [d43789d4-b98b-a149-b803-d3e259123046, setTimeout {type=script, ms=5000}]
三月 23, 2014 4:21:27 下午 org.openqa.selenium.remote.RemoteWebDriver log
信息: Executing: executeAsyncScript [d43789d4-b98b-a149-b803-d3e259123046, executeAsyncScript {script=setTimeout(arguments[0], 200) ; setTimeout(function() { window.alert('Look! An alert!'); }, 50);, args=[]}]
三月 23, 2014 4:21:28 下午 org.openqa.selenium.remote.RemoteWebDriver log
信息: Executed: [d43789d4-b98b-a149-b803-d3e259123046, executeAsyncScript {script=setTimeout(arguments[0], 200) ; setTimeout(function() { window.alert('Look! An alert!'); }, 50);, args=[]}]
三月 23, 2014 4:21:28 下午 org.openqa.selenium.remote.RemoteWebDriver log
信息: Executing: getTitle [d43789d4-b98b-a149-b803-d3e259123046, getTitle {}]
三月 23, 2014 4:21:28 下午 org.openqa.selenium.remote.RemoteWebDriver log
信息: Executed: [d43789d4-b98b-a149-b803-d3e259123046, getTitle {}]
三月 23, 2014 4:21:28 下午 org.openqa.selenium.testing.JUnit4TestBase$1 finished
信息: <<< Finished throwsIfScriptTriggersAlert(org.openqa.selenium.ExecutingAsyncJavascriptTest)
三月 23, 2014 4:21:28 下午 org.openqa.selenium.testing.JUnit4TestBase$1 starting
信息: >>> Starting testShouldBeAbleToCallFunctionsDefinedOnThePage(org.openqa.selenium.ExecutingJavascriptTest)
三月 23, 2014 4:21:28 下午 org.openqa.selenium.remote.RemoteWebDriver log
信息: Executing: get [d43789d4-b98b-a149-b803-d3e259123046, get {url=http://localhost:6461/common/javascriptPage.html}]
三月 23, 2014 4:21:28 下午 org.openqa.selenium.remote.RemoteWebDriver log
信息: Executed: [d43789d4-b98b-a149-b803-d3e259123046, get {url=http://localhost:6461/common/javascriptPage.html}]
三月 23, 2014 4:21:28 下午 org.openqa.selenium.remote.RemoteWebDriver log
信息: Executing: executeScript [d43789d4-b98b-a149-b803-d3e259123046, executeScript {script=displayMessage('I like cheese');, args=[]}]
三月 23, 2014 4:21:28 下午 org.openqa.selenium.remote.RemoteWebDriver log
信息: Executed: [d43789d4-b98b-a149-b803-d3e259123046, executeScript {script=displayMessage('I like cheese');, args=[]}]
三月 23, 2014 4:21:28 下午 org.openqa.selenium.remote.RemoteWebDriver log
信息: Executing: findElement [d43789d4-b98b-a149-b803-d3e259123046, findElement {using=id, value=result}]
三月 23, 2014 4:21:28 下午 org.openqa.selenium.remote.RemoteWebDriver log
信息: Executed: [d43789d4-b98b-a149-b803-d3e259123046, findElement {using=id, value=result}]
三月 23, 2014 4:21:28 下午 org.openqa.selenium.remote.RemoteWebDriver log
信息: Executing: getElementText [d43789d4-b98b-a149-b803-d3e259123046, getElementText {id={4f2398fc-769b-044b-b34f-47bfa088d9ea}}]
三月 23, 2014 4:21:28 下午 org.openqa.selenium.remote.RemoteWebDriver log
信息: Executed: [d43789d4-b98b-a149-b803-d3e259123046, getElementText {id={4f2398fc-769b-044b-b34f-47bfa088d9ea}}]
三月 23, 2014 4:21:28 下午 org.openqa.selenium.testing.JUnit4TestBase$1 finished
信息: <<< Finished testShouldBeAbleToCallFunctionsDefinedOnThePage(org.openqa.selenium.ExecutingJavascriptTest)
三月 23, 2014 4:21:28 下午 org.openqa.selenium.testing.JUnit4TestBase$1 starting
信息: >>> Starting testShouldBeAbleToPassInMoreThanOneArgument(org.openqa.selenium.ExecutingJavascriptTest)
三月 23, 2014 4:21:28 下午 org.openqa.selenium.remote.RemoteWebDriver log
信息: Executing: get [d43789d4-b98b-a149-b803-d3e259123046, get {url=http://localhost:6461/common/javascriptPage.html}]
三月 23, 2014 4:21:28 下午 org.openqa.selenium.remote.RemoteWebDriver log
信息: Executed: [d43789d4-b98b-a149-b803-d3e259123046, get {url=http://localhost:6461/common/javascriptPage.html}]
三月 23, 2014 4:21:28 下午 org.openqa.selenium.remote.RemoteWebDriver log
信息: Executing: executeScript [d43789d4-b98b-a149-b803-d3e259123046, executeScript {script=return arguments[0] + arguments[1];, args=[one, two]}]
三月 23, 2014 4:21:28 下午 org.openqa.selenium.remote.RemoteWebDriver log
信息: Executed: [d43789d4-b98b-a149-b803-d3e259123046, executeScript {script=return arguments[0] + arguments[1];, args=[one, two]}]
三月 23, 2014 4:21:28 下午 org.openqa.selenium.testing.JUnit4TestBase$1 finished
信息: <<< Finished testShouldBeAbleToPassInMoreThanOneArgument(org.openqa.selenium.ExecutingJavascriptTest)
三月 23, 2014 4:21:28 下午 org.openqa.selenium.testing.JUnit4TestBase$1 starting
信息: >>> Starting testShouldBeAbleToCreateAPersistentValue(org.openqa.selenium.ExecutingJavascriptTest)
三月 23, 2014 4:21:28 下午 org.openqa.selenium.remote.RemoteWebDriver log
信息: Executing: get [d43789d4-b98b-a149-b803-d3e259123046, get {url=http://localhost:6461/common/formPage.html}]
三月 23, 2014 4:21:28 下午 org.openqa.selenium.remote.RemoteWebDriver log
信息: Executed: [d43789d4-b98b-a149-b803-d3e259123046, get {url=http://localhost:6461/common/formPage.html}]
三月 23, 2014 4:21:28 下午 org.openqa.selenium.remote.RemoteWebDriver log
信息: Executing: executeScript [d43789d4-b98b-a149-b803-d3e259123046, executeScript {script=document.alerts = [], args=[]}]
三月 23, 2014 4:21:28 下午 org.openqa.selenium.remote.RemoteWebDriver log
信息: Executed: [d43789d4-b98b-a149-b803-d3e259123046, executeScript {script=document.alerts = [], args=[]}]
三月 23, 2014 4:21:28 下午 org.openqa.selenium.remote.RemoteWebDriver log
信息: Executing: executeScript [d43789d4-b98b-a149-b803-d3e259123046, executeScript {script=document.alerts.push('hello world');, args=[]}]
三月 23, 2014 4:21:28 下午 org.openqa.selenium.remote.RemoteWebDriver log
信息: Executed: [d43789d4-b98b-a149-b803-d3e259123046, executeScript {script=document.alerts.push('hello world');, args=[]}]
三月 23, 2014 4:21:28 下午 org.openqa.selenium.remote.RemoteWebDriver log
信息: Executing: executeScript [d43789d4-b98b-a149-b803-d3e259123046, executeScript {script=return document.alerts.shift(), args=[]}]
三月 23, 2014 4:21:28 下午 org.openqa.selenium.remote.RemoteWebDriver log
信息: Executed: [d43789d4-b98b-a149-b803-d3e259123046, executeScript {script=return document.alerts.shift(), args=[]}]
三月 23, 2014 4:21:28 下午 org.openqa.selenium.testing.JUnit4TestBase$1 finished
信息: <<< Finished testShouldBeAbleToCreateAPersistentValue(org.openqa.selenium.ExecutingJavascriptTest)
三月 23, 2014 4:21:28 下午 org.openqa.selenium.testing.JUnit4TestBase$1 starting
信息: >>> Starting testShouldThrowAnExceptionWhenTheJavascriptIsBad(org.openqa.selenium.ExecutingJavascriptTest)
三月 23, 2014 4:21:28 下午 org.openqa.selenium.remote.RemoteWebDriver log
信息: Executing: get [d43789d4-b98b-a149-b803-d3e259123046, get {url=http://localhost:6461/common/xhtmlTest.html}]
三月 23, 2014 4:21:28 下午 org.openqa.selenium.remote.RemoteWebDriver log
信息: Executed: [d43789d4-b98b-a149-b803-d3e259123046, get {url=http://localhost:6461/common/xhtmlTest.html}]
三月 23, 2014 4:21:28 下午 org.openqa.selenium.remote.RemoteWebDriver log
信息: Executing: executeScript [d43789d4-b98b-a149-b803-d3e259123046, executeScript {script=return squiggle();, args=[]}]
三月 23, 2014 4:21:28 下午 org.openqa.selenium.remote.RemoteWebDriver log
信息: Executed: [d43789d4-b98b-a149-b803-d3e259123046, executeScript {script=return squiggle();, args=[]}]
三月 23, 2014 4:21:28 下午 org.openqa.selenium.testing.JUnit4TestBase$1 finished
信息: <<< Finished testShouldThrowAnExceptionWhenTheJavascriptIsBad(org.openqa.selenium.ExecutingJavascriptTest)
三月 23, 2014 4:21:28 下午 org.openqa.selenium.testing.JUnit4TestBase$1 starting
信息: >>> Starting testShouldBeAbleToExecuteSimpleJavascriptAndReturnALong(org.openqa.selenium.ExecutingJavascriptTest)
三月 23, 2014 4:21:28 下午 org.openqa.selenium.remote.RemoteWebDriver log
信息: Executing: get [d43789d4-b98b-a149-b803-d3e259123046, get {url=http://localhost:6461/common/nestedElements.html}]
三月 23, 2014 4:21:28 下午 org.openqa.selenium.remote.RemoteWebDriver log
信息: Executed: [d43789d4-b98b-a149-b803-d3e259123046, get {url=http://localhost:6461/common/nestedElements.html}]
三月 23, 2014 4:21:28 下午 org.openqa.selenium.remote.RemoteWebDriver log
信息: Executing: executeScript [d43789d4-b98b-a149-b803-d3e259123046, executeScript {script=return document.getElementsByName('checky').length;, args=[]}]
三月 23, 2014 4:21:28 下午 org.openqa.selenium.remote.RemoteWebDriver log
信息: Executed: [d43789d4-b98b-a149-b803-d3e259123046, executeScript {script=return document.getElementsByName('checky').length;, args=[]}]
三月 23, 2014 4:21:28 下午 org.openqa.selenium.testing.JUnit4TestBase$1 finished
信息: <<< Finished testShouldBeAbleToExecuteSimpleJavascriptAndReturnALong(org.openqa.selenium.ExecutingJavascriptTest)
三月 23, 2014 4:21:28 下午 org.openqa.selenium.testing.JUnit4TestBase$1 starting
信息: >>> Starting testShouldBeAbleToPassANumberAnAsArgument(org.openqa.selenium.ExecutingJavascriptTest)
三月 23, 2014 4:21:28 下午 org.openqa.selenium.remote.RemoteWebDriver log
信息: Executing: get [d43789d4-b98b-a149-b803-d3e259123046, get {url=http://localhost:6461/common/javascriptPage.html}]
三月 23, 2014 4:21:29 下午 org.openqa.selenium.remote.RemoteWebDriver log
信息: Executed: [d43789d4-b98b-a149-b803-d3e259123046, get {url=http://localhost:6461/common/javascriptPage.html}]
三月 23, 2014 4:21:29 下午 org.openqa.selenium.remote.RemoteWebDriver log
信息: Executing: executeScript [d43789d4-b98b-a149-b803-d3e259123046, executeScript {script=return arguments[0] == 1 ? true : false;, args=[1]}]
三月 23, 2014 4:21:29 下午 org.openqa.selenium.remote.RemoteWebDriver log
信息: Executed: [d43789d4-b98b-a149-b803-d3e259123046, executeScript {script=return arguments[0] == 1 ? true : false;, args=[1]}]
三月 23, 2014 4:21:29 下午 org.openqa.selenium.testing.JUnit4TestBase$1 finished
信息: <<< Finished testShouldBeAbleToPassANumberAnAsArgument(org.openqa.selenium.ExecutingJavascriptTest)
三月 23, 2014 4:21:29 下午 org.openqa.selenium.testing.JUnit4TestBase$1 starting
信息: >>> Starting testShouldBeAbleToExecuteSimpleJavascriptAndReturnAStringsArray(org.openqa.selenium.ExecutingJavascriptTest)
三月 23, 2014 4:21:29 下午 org.openqa.selenium.remote.RemoteWebDriver log
信息: Executing: get [d43789d4-b98b-a149-b803-d3e259123046, get {url=http://localhost:6461/common/javascriptPage.html}]
三月 23, 2014 4:21:29 下午 org.openqa.selenium.remote.RemoteWebDriver log
信息: Executed: [d43789d4-b98b-a149-b803-d3e259123046, get {url=http://localhost:6461/common/javascriptPage.html}]
三月 23, 2014 4:21:29 下午 org.openqa.selenium.remote.RemoteWebDriver log
信息: Executing: executeScript [d43789d4-b98b-a149-b803-d3e259123046, executeScript {script=return ['zero', 'one', 'two'];, args=[]}]
三月 23, 2014 4:21:29 下午 org.openqa.selenium.remote.RemoteWebDriver log
信息: Executed: [d43789d4-b98b-a149-b803-d3e259123046, executeScript {script=return ['zero', 'one', 'two'];, args=[]}]
三月 23, 2014 4:21:29 下午 org.openqa.selenium.testing.JUnit4TestBase$1 finished
信息: <<< Finished testShouldBeAbleToExecuteSimpleJavascriptAndReturnAStringsArray(org.openqa.selenium.ExecutingJavascriptTest)
三月 23, 2014 4:21:29 下午 org.openqa.selenium.testing.JUnit4TestBase$1 starting
信息: >>> Starting testShouldBeAbleToPassAStringAnAsArgument(org.openqa.selenium.ExecutingJavascriptTest)
三月 23, 2014 4:21:29 下午 org.openqa.selenium.remote.RemoteWebDriver log
信息: Executing: get [d43789d4-b98b-a149-b803-d3e259123046, get {url=http://localhost:6461/common/javascriptPage.html}]
三月 23, 2014 4:21:29 下午 org.openqa.selenium.remote.RemoteWebDriver log
信息: Executed: [d43789d4-b98b-a149-b803-d3e259123046, get {url=http://localhost:6461/common/javascriptPage.html}]
三月 23, 2014 4:21:29 下午 org.openqa.selenium.remote.RemoteWebDriver log
信息: Executing: executeScript [d43789d4-b98b-a149-b803-d3e259123046, executeScript {script=return arguments[0] == 'fish' ? 'fish' : 'not fish';, args=[fish]}]
三月 23, 2014 4:21:29 下午 org.openqa.selenium.remote.RemoteWebDriver log
信息: Executed: [d43789d4-b98b-a149-b803-d3e259123046, executeScript {script=return arguments[0] == 'fish' ? 'fish' : 'not fish';, args=[fish]}]
三月 23, 2014 4:21:29 下午 org.openqa.selenium.testing.JUnit4TestBase$1 finished
信息: <<< Finished testShouldBeAbleToPassAStringAnAsArgument(org.openqa.selenium.ExecutingJavascriptTest)
三月 23, 2014 4:21:29 下午 org.openqa.selenium.testing.JUnit4TestBase$1 starting
信息: >>> Starting testPassingArrayAsOnlyArgumentFlattensArray(org.openqa.selenium.ExecutingJavascriptTest)
三月 23, 2014 4:21:29 下午 org.openqa.selenium.remote.RemoteWebDriver log
信息: Executing: get [d43789d4-b98b-a149-b803-d3e259123046, get {url=http://localhost:6461/common/javascriptPage.html}]
三月 23, 2014 4:21:29 下午 org.openqa.selenium.remote.RemoteWebDriver log
信息: Executed: [d43789d4-b98b-a149-b803-d3e259123046, get {url=http://localhost:6461/common/javascriptPage.html}]
三月 23, 2014 4:21:29 下午 org.openqa.selenium.remote.RemoteWebDriver log
信息: Executing: executeScript [d43789d4-b98b-a149-b803-d3e259123046, executeScript {script=return arguments[0], args=[zero, 1, true, 3.14159, false]}]
三月 23, 2014 4:21:29 下午 org.openqa.selenium.remote.RemoteWebDriver log
信息: Executed: [d43789d4-b98b-a149-b803-d3e259123046, executeScript {script=return arguments[0], args=[zero, 1, true, 3.14159, false]}]
三月 23, 2014 4:21:29 下午 org.openqa.selenium.testing.JUnit4TestBase$1 finished
信息: <<< Finished testPassingArrayAsOnlyArgumentFlattensArray(org.openqa.selenium.ExecutingJavascriptTest)
三月 23, 2014 4:21:29 下午 org.openqa.selenium.testing.JUnit4TestBase$1 starting
信息: >>> Starting testShouldBeAbleToReturnADateObject(org.openqa.selenium.ExecutingJavascriptTest)
三月 23, 2014 4:21:29 下午 org.openqa.selenium.remote.RemoteWebDriver log
信息: Executing: get [d43789d4-b98b-a149-b803-d3e259123046, get {url=http://localhost:6461/common/simpleTest.html}]
三月 23, 2014 4:21:29 下午 org.openqa.selenium.remote.RemoteWebDriver log
信息: Executed: [d43789d4-b98b-a149-b803-d3e259123046, get {url=http://localhost:6461/common/simpleTest.html}]
三月 23, 2014 4:21:29 下午 org.openqa.selenium.remote.RemoteWebDriver log
信息: Executing: executeScript [d43789d4-b98b-a149-b803-d3e259123046, executeScript {script=return new Date();, args=[]}]
三月 23, 2014 4:21:29 下午 org.openqa.selenium.remote.RemoteWebDriver log
信息: Executed: [d43789d4-b98b-a149-b803-d3e259123046, executeScript {script=return new Date();, args=[]}]
三月 23, 2014 4:21:29 下午 org.openqa.selenium.testing.JUnit4TestBase$1 finished
信息: <<< Finished testShouldBeAbleToReturnADateObject(org.openqa.selenium.ExecutingJavascriptTest)
三月 23, 2014 4:21:29 下午 org.openqa.selenium.testing.JUnit4TestBase$1 starting
信息: >>> Starting testShouldBeAbleToPassACollectionAsArgument(org.openqa.selenium.ExecutingJavascriptTest)
三月 23, 2014 4:21:29 下午 org.openqa.selenium.remote.RemoteWebDriver log
信息: Executing: get [d43789d4-b98b-a149-b803-d3e259123046, get {url=http://localhost:6461/common/javascriptPage.html}]
三月 23, 2014 4:21:29 下午 org.openqa.selenium.remote.RemoteWebDriver log
信息: Executed: [d43789d4-b98b-a149-b803-d3e259123046, get {url=http://localhost:6461/common/javascriptPage.html}]
三月 23, 2014 4:21:29 下午 org.openqa.selenium.remote.RemoteWebDriver log
信息: Executing: executeScript [d43789d4-b98b-a149-b803-d3e259123046, executeScript {script=return arguments[0].length, args=[[Cheddar, Brie, 7]]}]
三月 23, 2014 4:21:29 下午 org.openqa.selenium.remote.RemoteWebDriver log
信息: Executed: [d43789d4-b98b-a149-b803-d3e259123046, executeScript {script=return arguments[0].length, args=[[Cheddar, Brie, 7]]}]
三月 23, 2014 4:21:29 下午 org.openqa.selenium.remote.RemoteWebDriver log
信息: Executing: executeScript [d43789d4-b98b-a149-b803-d3e259123046, executeScript {script=return arguments[0].length, args=[[Stilton, true, Gouda]]}]
三月 23, 2014 4:21:29 下午 org.openqa.selenium.remote.RemoteWebDriver log
信息: Executed: [d43789d4-b98b-a149-b803-d3e259123046, executeScript {script=return arguments[0].length, args=[[Stilton, true, Gouda]]}]
三月 23, 2014 4:21:29 下午 org.openqa.selenium.testing.JUnit4TestBase$1 finished
信息: <<< Finished testShouldBeAbleToPassACollectionAsArgument(org.openqa.selenium.ExecutingJavascriptTest)
三月 23, 2014 4:21:29 下午 org.openqa.selenium.testing.JUnit4TestBase$1 starting
信息: >>> Starting testShouldBeAbleToPassAnArrayAsAdditionalArgument(org.openqa.selenium.ExecutingJavascriptTest)
三月 23, 2014 4:21:29 下午 org.openqa.selenium.remote.RemoteWebDriver log
信息: Executing: get [d43789d4-b98b-a149-b803-d3e259123046, get {url=http://localhost:6461/common/javascriptPage.html}]
三月 23, 2014 4:21:29 下午 org.openqa.selenium.remote.RemoteWebDriver log
信息: Executed: [d43789d4-b98b-a149-b803-d3e259123046, get {url=http://localhost:6461/common/javascriptPage.html}]
三月 23, 2014 4:21:29 下午 org.openqa.selenium.remote.RemoteWebDriver log
信息: Executing: executeScript [d43789d4-b98b-a149-b803-d3e259123046, executeScript {script=return arguments[1].length, args=[string, [zero, 1, true, 3.14159, false]]}]
三月 23, 2014 4:21:29 下午 org.openqa.selenium.remote.RemoteWebDriver log
信息: Executed: [d43789d4-b98b-a149-b803-d3e259123046, executeScript {script=return arguments[1].length, args=[string, [zero, 1, true, 3.14159, false]]}]
三月 23, 2014 4:21:29 下午 org.openqa.selenium.testing.JUnit4TestBase$1 finished
信息: <<< Finished testShouldBeAbleToPassAnArrayAsAdditionalArgument(org.openqa.selenium.ExecutingJavascriptTest)
三月 23, 2014 4:21:29 下午 org.openqa.selenium.testing.JUnit4TestBase$1 starting
信息: >>> Starting testShouldBeAbleToExecuteSimpleJavascriptAndReturnAWebElement(org.openqa.selenium.ExecutingJavascriptTest)
三月 23, 2014 4:21:29 下午 org.openqa.selenium.remote.RemoteWebDriver log
信息: Executing: get [d43789d4-b98b-a149-b803-d3e259123046, get {url=http://localhost:6461/common/xhtmlTest.html}]
三月 23, 2014 4:21:29 下午 org.openqa.selenium.remote.RemoteWebDriver log
信息: Executed: [d43789d4-b98b-a149-b803-d3e259123046, get {url=http://localhost:6461/common/xhtmlTest.html}]
三月 23, 2014 4:21:29 下午 org.openqa.selenium.remote.RemoteWebDriver log
信息: Executing: executeScript [d43789d4-b98b-a149-b803-d3e259123046, executeScript {script=return document.getElementById('id1');, args=[]}]
三月 23, 2014 4:21:29 下午 org.openqa.selenium.remote.RemoteWebDriver log
信息: Executed: [d43789d4-b98b-a149-b803-d3e259123046, executeScript {script=return document.getElementById('id1');, args=[]}]
三月 23, 2014 4:21:29 下午 org.openqa.selenium.remote.RemoteWebDriver log
信息: Executing: getElementTagName [d43789d4-b98b-a149-b803-d3e259123046, getElementTagName {id={e9d45d83-4d0a-fb4b-978d-44af225bbfec}}]
三月 23, 2014 4:21:29 下午 org.openqa.selenium.remote.RemoteWebDriver log
信息: Executed: [d43789d4-b98b-a149-b803-d3e259123046, getElementTagName {id={e9d45d83-4d0a-fb4b-978d-44af225bbfec}}]
三月 23, 2014 4:21:29 下午 org.openqa.selenium.testing.JUnit4TestBase$1 finished
信息: <<< Finished testShouldBeAbleToExecuteSimpleJavascriptAndReturnAWebElement(org.openqa.selenium.ExecutingJavascriptTest)
三月 23, 2014 4:21:29 下午 org.openqa.selenium.testing.JUnit4TestBase$1 starting
信息: >>> Starting testCanPassAMapAsAParameter(org.openqa.selenium.ExecutingJavascriptTest)
三月 23, 2014 4:21:29 下午 org.openqa.selenium.remote.RemoteWebDriver log
信息: Executing: get [d43789d4-b98b-a149-b803-d3e259123046, get {url=http://localhost:6461/common/simpleTest.html}]
三月 23, 2014 4:21:29 下午 org.openqa.selenium.remote.RemoteWebDriver log
信息: Executed: [d43789d4-b98b-a149-b803-d3e259123046, get {url=http://localhost:6461/common/simpleTest.html}]
三月 23, 2014 4:21:29 下午 org.openqa.selenium.remote.RemoteWebDriver log
信息: Executing: executeScript [d43789d4-b98b-a149-b803-d3e259123046, executeScript {script=return arguments[0]['foo'][1], args=[{bar=test, foo=[1, 2]}]}]
三月 23, 2014 4:21:29 下午 org.openqa.selenium.remote.RemoteWebDriver log
信息: Executed: [d43789d4-b98b-a149-b803-d3e259123046, executeScript {script=return arguments[0]['foo'][1], args=[{bar=test, foo=[1, 2]}]}]
三月 23, 2014 4:21:29 下午 org.openqa.selenium.testing.JUnit4TestBase$1 finished
信息: <<< Finished testCanPassAMapAsAParameter(org.openqa.selenium.ExecutingJavascriptTest)
三月 23, 2014 4:21:29 下午 org.openqa.selenium.testing.JUnit4TestBase$1 starting
信息: >>> Starting testShouldBeAbleToExecuteJavascriptAndReturnABasicObjectLiteral(org.openqa.selenium.ExecutingJavascriptTest)
三月 23, 2014 4:21:29 下午 org.openqa.selenium.remote.RemoteWebDriver log
信息: Executing: get [d43789d4-b98b-a149-b803-d3e259123046, get {url=http://localhost:6461/common/javascriptPage.html}]
三月 23, 2014 4:21:29 下午 org.openqa.selenium.remote.RemoteWebDriver log
信息: Executed: [d43789d4-b98b-a149-b803-d3e259123046, get {url=http://localhost:6461/common/javascriptPage.html}]
三月 23, 2014 4:21:29 下午 org.openqa.selenium.remote.RemoteWebDriver log
信息: Executing: executeScript [d43789d4-b98b-a149-b803-d3e259123046, executeScript {script=return {abc: '123', tired: false};, args=[]}]
三月 23, 2014 4:21:29 下午 org.openqa.selenium.remote.RemoteWebDriver log
信息: Executed: [d43789d4-b98b-a149-b803-d3e259123046, executeScript {script=return {abc: '123', tired: false};, args=[]}]
三月 23, 2014 4:21:29 下午 org.openqa.selenium.testing.JUnit4TestBase$1 finished
信息: <<< Finished testShouldBeAbleToExecuteJavascriptAndReturnABasicObjectLiteral(org.openqa.selenium.ExecutingJavascriptTest)
三月 23, 2014 4:21:29 下午 org.openqa.selenium.testing.JUnit4TestBase$1 starting
信息: >>> Starting testShouldBeAbleToExecuteSimpleJavascriptAndReturnAString(org.openqa.selenium.ExecutingJavascriptTest)
三月 23, 2014 4:21:29 下午 org.openqa.selenium.remote.RemoteWebDriver log
信息: Executing: get [d43789d4-b98b-a149-b803-d3e259123046, get {url=http://localhost:6461/common/xhtmlTest.html}]
三月 23, 2014 4:21:29 下午 org.openqa.selenium.remote.RemoteWebDriver log
信息: Executed: [d43789d4-b98b-a149-b803-d3e259123046, get {url=http://localhost:6461/common/xhtmlTest.html}]
三月 23, 2014 4:21:29 下午 org.openqa.selenium.remote.RemoteWebDriver log
信息: Executing: executeScript [d43789d4-b98b-a149-b803-d3e259123046, executeScript {script=return document.title;, args=[]}]
三月 23, 2014 4:21:29 下午 org.openqa.selenium.remote.RemoteWebDriver log
信息: Executed: [d43789d4-b98b-a149-b803-d3e259123046, executeScript {script=return document.title;, args=[]}]
三月 23, 2014 4:21:29 下午 org.openqa.selenium.testing.JUnit4TestBase$1 finished
信息: <<< Finished testShouldBeAbleToExecuteSimpleJavascriptAndReturnAString(org.openqa.selenium.ExecutingJavascriptTest)
三月 23, 2014 4:21:29 下午 org.openqa.selenium.testing.JUnit4TestBase$1 starting
信息: >>> Starting testJavascriptStringHandlingShouldWorkAsExpected(org.openqa.selenium.ExecutingJavascriptTest)
三月 23, 2014 4:21:29 下午 org.openqa.selenium.remote.RemoteWebDriver log
信息: Executing: get [d43789d4-b98b-a149-b803-d3e259123046, get {url=http://localhost:6461/common/javascriptPage.html}]
三月 23, 2014 4:21:29 下午 org.openqa.selenium.remote.RemoteWebDriver log
信息: Executed: [d43789d4-b98b-a149-b803-d3e259123046, get {url=http://localhost:6461/common/javascriptPage.html}]
三月 23, 2014 4:21:29 下午 org.openqa.selenium.remote.RemoteWebDriver log
信息: Executing: executeScript [d43789d4-b98b-a149-b803-d3e259123046, executeScript {script=return '';, args=[]}]
三月 23, 2014 4:21:29 下午 org.openqa.selenium.remote.RemoteWebDriver log
信息: Executed: [d43789d4-b98b-a149-b803-d3e259123046, executeScript {script=return '';, args=[]}]
三月 23, 2014 4:21:29 下午 org.openqa.selenium.remote.RemoteWebDriver log
信息: Executing: executeScript [d43789d4-b98b-a149-b803-d3e259123046, executeScript {script=return undefined;, args=[]}]
三月 23, 2014 4:21:29 下午 org.openqa.selenium.remote.RemoteWebDriver log
信息: Executed: [d43789d4-b98b-a149-b803-d3e259123046, executeScript {script=return undefined;, args=[]}]
三月 23, 2014 4:21:29 下午 org.openqa.selenium.remote.RemoteWebDriver log
信息: Executing: executeScript [d43789d4-b98b-a149-b803-d3e259123046, executeScript {script=return ' ', args=[]}]
三月 23, 2014 4:21:29 下午 org.openqa.selenium.remote.RemoteWebDriver log
信息: Executed: [d43789d4-b98b-a149-b803-d3e259123046, executeScript {script=return ' ', args=[]}]
三月 23, 2014 4:21:29 下午 org.openqa.selenium.testing.JUnit4TestBase$1 finished
信息: <<< Finished testJavascriptStringHandlingShouldWorkAsExpected(org.openqa.selenium.ExecutingJavascriptTest)
三月 23, 2014 4:21:29 下午 org.openqa.selenium.testing.JUnit4TestBase$1 starting
信息: >>> Starting testShouldBeAbleToExecuteABigChunkOfJavascriptCode(org.openqa.selenium.ExecutingJavascriptTest)
三月 23, 2014 4:21:29 下午 org.openqa.selenium.remote.RemoteWebDriver log
信息: Executing: get [d43789d4-b98b-a149-b803-d3e259123046, get {url=http://localhost:6461/common/javascriptPage.html}]
三月 23, 2014 4:21:29 下午 org.openqa.selenium.remote.RemoteWebDriver log
信息: Executed: [d43789d4-b98b-a149-b803-d3e259123046, get {url=http://localhost:6461/common/javascriptPage.html}]
三月 23, 2014 4:21:29 下午 org.openqa.selenium.remote.RemoteWebDriver log
信息: Executing: executeScript [d43789d4-b98b-a149-b803-d3e259123046, executeScript {script=/*!
 * jQuery JavaScript Library v1.3.2
 * http://jquery.com/
 *
 * Copyright (c) 2009 John Resig
 * Dual licensed under the MIT and GPL licenses.
 * http://docs.jquery.com/License
 *
 * Date: 2009-02-19 17:34:21 -0500 (Thu, 19 Feb 2009)
 * Revision: 6246
 */
(function(){

var 
	// Will speed up references to window, and allows munging its name.
	window = this,
	// Will speed up references to undefined, and allows munging its name.
	undefined,
	// Map over jQuery in case of overwrite
	_jQuery = window.jQuery,
	// Map over the $ in case of overwrite
	_$ = window.$,

	jQuery = window.jQuery = window.$ = function( selector, context ) {
		// The jQuery object is actually just the init constructor 'enhanced'
		return new jQuery.fn.init( selector, context );
	},

	// A simple way to check for HTML strings or ID strings
	// (both of which we optimize for)
	quickExpr = /^[^<]*(<(.|\s)+>)[^>]*$|^#([\w-]+)$/,
	// Is it a simple selector
	isSimple = /^.[^:#\[\.,]*$/;

jQuery.fn = jQuery.prototype = {
	init: function( selector, context ) {
		// Make sure that a selection was provided
		selector = selector || document;

		// Handle $(DOMElement)
		if ( selector.nodeType ) {
			this[0] = selector;
			this.length = 1;
			this.context = selector;
			return this;
		}
		// Handle HTML strings
		if ( typeof selector === "string" ) {
			// Are we dealing with HTML string or an ID?
			var match = quickExpr.exec( selector );

			// Verify a match, and that no context was specified for #id
			if ( match && (match[1] || !context) ) {

				// HANDLE: $(html) -> $(array)
				if ( match[1] )
					selector = jQuery.clean( [ match[1] ], context );

				// HANDLE: $("#id")
				else {
					var elem = document.getElementById( match[3] );

					// Handle the case where IE and Opera return items
					// by name instead of ID
					if ( elem && elem.id != match[3] )
						return jQuery().find( selector );

					// Otherwise, we inject the element directly into the jQuery object
					var ret = jQuery( elem || [] );
					ret.context = document;
					ret.selector = selector;
					return ret;
				}

			// HANDLE: $(expr, [context])
			// (which is just equivalent to: $(content).find(expr)
			} else
				return jQuery( context ).find( selector );

		// HANDLE: $(function)
		// Shortcut for document ready
		} else if ( jQuery.isFunction( selector ) )
			return jQuery( document ).ready( selector );

		// Make sure that old selector state is passed along
		if ( selector.selector && selector.context ) {
			this.selector = selector.selector;
			this.context = selector.context;
		}

		return this.setArray(jQuery.isArray( selector ) ?
			selector :
			jQuery.makeArray(selector));
	},

	// Start with an empty selector
	selector: "",

	// The current version of jQuery being used
	jquery: "1.3.2",

	// The number of elements contained in the matched element set
	size: function() {
		return this.length;
	},

	// Get the Nth element in the matched element set OR
	// Get the whole matched element set as a clean array
	get: function( num ) {
		return num === undefined ?

			// Return a 'clean' array
			Array.prototype.slice.call( this ) :

			// Return just the object
			this[ num ];
	},

	// Take an array of elements and push it onto the stack
	// (returning the new matched element set)
	pushStack: function( elems, name, selector ) {
		// Build a new jQuery matched element set
		var ret = jQuery( elems );

		// Add the old object onto the stack (as a reference)
		ret.prevObject = this;

		ret.context = this.context;

		if ( name === "find" )
			ret.selector = this.selector + (this.selector ? " " : "") + selector;
		else if ( name )
			ret.selector = this.selector + "." + name + "(" + selector + ")";

		// Return the newly-formed element set
		return ret;
	},

	// Force the current matched set of elements to become
	// the specified array of elements (destroying the stack in the process)
	// You should use pushStack() in order to do this, but maintain the stack
	setArray: function( elems ) {
		// Resetting the length to 0, then using the native Array push
		// is a super-fast way to populate an object with array-like properties
		this.length = 0;
		Array.prototype.push.apply( this, elems );

		return this;
	},

	// Execute a callback for every element in the matched set.
	// (You can seed the arguments with an array of args, but this is
	// only used internally.)
	each: function( callback, args ) {
		return jQuery.each( this, callback, args );
	},

	// Determine the position of an element within
	// the matched set of elements
	index: function( elem ) {
		// Locate the position of the desired element
		return jQuery.inArray(
			// If it receives a jQuery object, the first element is used
			elem && elem.jquery ? elem[0] : elem
		, this );
	},

	attr: function( name, value, type ) {
		var options = name;

		// Look for the case where we're accessing a style value
		if ( typeof name === "string" )
			if ( value === undefined )
				return this[0] && jQuery[ type || "attr" ]( this[0], name );

			else {
				options = {};
				options[ name ] = value;
			}

		// Check to see if we're setting style values
		return this.each(function(i){
			// Set all the styles
			for ( name in options )
				jQuery.attr(
					type ?
						this.style :
						this,
					name, jQuery.prop( this, options[ name ], type, i, name )
				);
		});
	},

	css: function( key, value ) {
		// ignore negative width and height values
		if ( (key == 'width' || key == 'height') && parseFloat(value) < 0 )
			value = undefined;
		return this.attr( key, value, "curCSS" );
	},

	text: function( text ) {
		if ( typeof text !== "object" && text != null )
			return this.empty().append( (this[0] && this[0].ownerDocument || document).createTextNode( text ) );

		var ret = "";

		jQuery.each( text || this, function(){
			jQuery.each( this.childNodes, function(){
				if ( this.nodeType != 8 )
					ret += this.nodeType != 1 ?
						this.nodeValue :
						jQuery.fn.text( [ this ] );
			});
		});

		return ret;
	},

	wrapAll: function( html ) {
		if ( this[0] ) {
			// The elements to wrap the target around
			var wrap = jQuery( html, this[0].ownerDocument ).clone();

			if ( this[0].parentNode )
				wrap.insertBefore( this[0] );

			wrap.map(function(){
				var elem = this;

				while ( elem.firstChild )
					elem = elem.firstChild;

				return elem;
			}).append(this);
		}

		return this;
	},

	wrapInner: function( html ) {
		return this.each(function(){
			jQuery( this ).contents().wrapAll( html );
		});
	},

	wrap: function( html ) {
		return this.each(function(){
			jQuery( this ).wrapAll( html );
		});
	},

	append: function() {
		return this.domManip(arguments, true, function(elem){
			if (this.nodeType == 1)
				this.appendChild( elem );
		});
	},

	prepend: function() {
		return this.domManip(arguments, true, function(elem){
			if (this.nodeType == 1)
				this.insertBefore( elem, this.firstChild );
		});
	},

	before: function() {
		return this.domManip(arguments, false, function(elem){
			this.parentNode.insertBefore( elem, this );
		});
	},

	after: function() {
		return this.domManip(arguments, false, function(elem){
			this.parentNode.insertBefore( elem, this.nextSibling );
		});
	},

	end: function() {
		return this.prevObject || jQuery( [] );
	},

	// For internal use only.
	// Behaves like an Array's method, not like a jQuery method.
	push: [].push,
	sort: [].sort,
	splice: [].splice,

	find: function( selector ) {
		if ( this.length === 1 ) {
			var ret = this.pushStack( [], "find", selector );
			ret.length = 0;
			jQuery.find( selector, this[0], ret );
			return ret;
		} else {
			return this.pushStack( jQuery.unique(jQuery.map(this, function(elem){
				return jQuery.find( selector, elem );
			})), "find", selector );
		}
	},

	clone: function( events ) {
		// Do the clone
		var ret = this.map(function(){
			if ( !jQuery.support.noCloneEvent && !jQuery.isXMLDoc(this) ) {
				// IE copies events bound via attachEvent when
				// using cloneNode. Calling detachEvent on the
				// clone will also remove the events from the orignal
				// In order to get around this, we use innerHTML.
				// Unfortunately, this means some modifications to
				// attributes in IE that are actually only stored
				// as properties will not be copied (such as the
				// the name attribute on an input).
				var html = this.outerHTML;
				if ( !html ) {
					var div = this.ownerDocument.createElement("div");
					div.appendChild( this.cloneNode(true) );
					html = div.innerHTML;
				}

				return jQuery.clean([html.replace(/ jQuery\d+="(?:\d+|null)"/g, "").replace(/^\s*/, "")])[0];
			} else
				return this.cloneNode(true);
		});

		// Copy the events from the original to the clone
		if ( events === true ) {
			var orig = this.find("*").andSelf(), i = 0;

			ret.find("*").andSelf().each(function(){
				if ( this.nodeName !== orig[i].nodeName )
					return;

				var events = jQuery.data( orig[i], "events" );

				for ( var type in events ) {
					for ( var handler in events[ type ] ) {
						jQuery.event.add( this, type, events[ type ][ handler ], events[ type ][ handler ].data );
					}
				}

				i++;
			});
		}

		// Return the cloned set
		return ret;
	},

	filter: function( selector ) {
		return this.pushStack(
			jQuery.isFunction( selector ) &&
			jQuery.grep(this, function(elem, i){
				return selector.call( elem, i );
			}) ||

			jQuery.multiFilter( selector, jQuery.grep(this, function(elem){
				return elem.nodeType === 1;
			}) ), "filter", selector );
	},

	closest: function( selector ) {
		var pos = jQuery.expr.match.POS.test( selector ) ? jQuery(selector) : null,
			closer = 0;

		return this.map(function(){
			var cur = this;
			while ( cur && cur.ownerDocument ) {
				if ( pos ? pos.index(cur) > -1 : jQuery(cur).is(selector) ) {
					jQuery.data(cur, "closest", closer);
					return cur;
				}
				cur = cur.parentNode;
				closer++;
			}
		});
	},

	not: function( selector ) {
		if ( typeof selector === "string" )
			// test special case where just one selector is passed in
			if ( isSimple.test( selector ) )
				return this.pushStack( jQuery.multiFilter( selector, this, true ), "not", selector );
			else
				selector = jQuery.multiFilter( selector, this );

		var isArrayLike = selector.length && selector[selector.length - 1] !== undefined && !selector.nodeType;
		return this.filter(function() {
			return isArrayLike ? jQuery.inArray( this, selector ) < 0 : this != selector;
		});
	},

	add: function( selector ) {
		return this.pushStack( jQuery.unique( jQuery.merge(
			this.get(),
			typeof selector === "string" ?
				jQuery( selector ) :
				jQuery.makeArray( selector )
		)));
	},

	is: function( selector ) {
		return !!selector && jQuery.multiFilter( selector, this ).length > 0;
	},

	hasClass: function( selector ) {
		return !!selector && this.is( "." + selector );
	},

	val: function( value ) {
		if ( value === undefined ) {			
			var elem = this[0];

			if ( elem ) {
				if( jQuery.nodeName( elem, 'option' ) )
					return (elem.attributes.value || {}).specified ? elem.value : elem.text;
				
				// We need to handle select boxes special
				if ( jQuery.nodeName( elem, "select" ) ) {
					var index = elem.selectedIndex,
						values = [],
						options = elem.options,
						one = elem.type == "select-one";

					// Nothing was selected
					if ( index < 0 )
						return null;

					// Loop through all the selected options
					for ( var i = one ? index : 0, max = one ? index + 1 : options.length; i < max; i++ ) {
						var option = options[ i ];

						if ( option.selected ) {
							// Get the specifc value for the option
							value = jQuery(option).val();

							// We don't need an array for one selects
							if ( one )
								return value;

							// Multi-Selects return an array
							values.push( value );
						}
					}

					return values;				
				}

				// Everything else, we just grab the value
				return (elem.value || "").replace(/\r/g, "");

			}

			return undefined;
		}

		if ( typeof value === "number" )
			value += '';

		return this.each(function(){
			if ( this.nodeType != 1 )
				return;

			if ( jQuery.isArray(value) && /radio|checkbox/.test( this.type ) )
				this.checked = (jQuery.inArray(this.value, value) >= 0 ||
					jQuery.inArray(this.name, value) >= 0);

			else if ( jQuery.nodeName( this, "select" ) ) {
				var values = jQuery.makeArray(value);

				jQuery( "option", this ).each(function(){
					this.selected = (jQuery.inArray( this.value, values ) >= 0 ||
						jQuery.inArray( this.text, values ) >= 0);
				});

				if ( !values.length )
					this.selectedIndex = -1;

			} else
				this.value = value;
		});
	},

	html: function( value ) {
		return value === undefined ?
			(this[0] ?
				this[0].innerHTML.replace(/ jQuery\d+="(?:\d+|null)"/g, "") :
				null) :
			this.empty().append( value );
	},

	replaceWith: function( value ) {
		return this.after( value ).remove();
	},

	eq: function( i ) {
		return this.slice( i, +i + 1 );
	},

	slice: function() {
		return this.pushStack( Array.prototype.slice.apply( this, arguments ),
			"slice", Array.prototype.slice.call(arguments).join(",") );
	},

	map: function( callback ) {
		return this.pushStack( jQuery.map(this, function(elem, i){
			return callback.call( elem, i, elem );
		}));
	},

	andSelf: function() {
		return this.add( this.prevObject );
	},

	domManip: function( args, table, callback ) {
		if ( this[0] ) {
			var fragment = (this[0].ownerDocument || this[0]).createDocumentFragment(),
				scripts = jQuery.clean( args, (this[0].ownerDocument || this[0]), fragment ),
				first = fragment.firstChild;

			if ( first )
				for ( var i = 0, l = this.length; i < l; i++ )
					callback.call( root(this[i], first), this.length > 1 || i > 0 ?
							fragment.cloneNode(true) : fragment );
		
			if ( scripts )
				jQuery.each( scripts, evalScript );
		}

		return this;
		
		function root( elem, cur ) {
			return table && jQuery.nodeName(elem, "table") && jQuery.nodeName(cur, "tr") ?
				(elem.getElementsByTagName("tbody")[0] ||
				elem.appendChild(elem.ownerDocument.createElement("tbody"))) :
				elem;
		}
	}
};

// Give the init function the jQuery prototype for later instantiation
jQuery.fn.init.prototype = jQuery.fn;

function evalScript( i, elem ) {
	if ( elem.src )
		jQuery.ajax({
			url: elem.src,
			async: false,
			dataType: "script"
		});

	else
		jQuery.globalEval( elem.text || elem.textContent || elem.innerHTML || "" );

	if ( elem.parentNode )
		elem.parentNode.removeChild( elem );
}

function now(){
	return +new Date;
}

jQuery.extend = jQuery.fn.extend = function() {
	// copy reference to target object
	var target = arguments[0] || {}, i = 1, length = arguments.length, deep = false, options;

	// Handle a deep copy situation
	if ( typeof target === "boolean" ) {
		deep = target;
		target = arguments[1] || {};
		// skip the boolean and the target
		i = 2;
	}

	// Handle case when target is a string or something (possible in deep copy)
	if ( typeof target !== "object" && !jQuery.isFunction(target) )
		target = {};

	// extend jQuery itself if only one argument is passed
	if ( length == i ) {
		target = this;
		--i;
	}

	for ( ; i < length; i++ )
		// Only deal with non-null/undefined values
		if ( (options = arguments[ i ]) != null )
			// Extend the base object
			for ( var name in options ) {
				var src = target[ name ], copy = options[ name ];

				// Prevent never-ending loop
				if ( target === copy )
					continue;

				// Recurse if we're merging object values
				if ( deep && copy && typeof copy === "object" && !copy.nodeType )
					target[ name ] = jQuery.extend( deep, 
						// Never move original objects, clone them
						src || ( copy.length != null ? [ ] : { } )
					, copy );

				// Don't bring in undefined values
				else if ( copy !== undefined )
					target[ name ] = copy;

			}

	// Return the modified object
	return target;
};

// exclude the following css properties to add px
var	exclude = /z-?index|font-?weight|opacity|zoom|line-?height/i,
	// cache defaultView
	defaultView = document.defaultView || {},
	toString = Object.prototype.toString;

jQuery.extend({
	noConflict: function( deep ) {
		window.$ = _$;

		if ( deep )
			window.jQuery = _jQuery;

		return jQuery;
	},

	// See test/unit/core.js for details concerning isFunction.
	// Since version 1.3, DOM methods and functions like alert
	// aren't supported. They return false on IE (#2968).
	isFunction: function( obj ) {
		return toString.call(obj) === "[object Function]";
	},

	isArray: function( obj ) {
		return toString.call(obj) === "[object Array]";
	},

	// check if an element is in a (or is an) XML document
	isXMLDoc: function( elem ) {
		return elem.nodeType === 9 && elem.documentElement.nodeName !== "HTML" ||
			!!elem.ownerDocument && jQuery.isXMLDoc( elem.ownerDocument );
	},

	// Evalulates a script in a global context
	globalEval: function( data ) {
		if ( data && /\S/.test(data) ) {
			// Inspired by code by Andrea Giammarchi
			// http://webreflection.blogspot.com/2007/08/global-scope-evaluation-and-dom.html
			var head = document.getElementsByTagName("head")[0] || document.documentElement,
				script = document.createElement("script");

			script.type = "text/javascript";
			if ( jQuery.support.scriptEval )
				script.appendChild( document.createTextNode( data ) );
			else
				script.text = data;

			// Use insertBefore instead of appendChild  to circumvent an IE6 bug.
			// This arises when a base node is used (#2709).
			head.insertBefore( script, head.firstChild );
			head.removeChild( script );
		}
	},

	nodeName: function( elem, name ) {
		return elem.nodeName && elem.nodeName.toUpperCase() == name.toUpperCase();
	},

	// args is for internal usage only
	each: function( object, callback, args ) {
		var name, i = 0, length = object.length;

		if ( args ) {
			if ( length === undefined ) {
				for ( name in object )
					if ( callback.apply( object[ name ], args ) === false )
						break;
			} else
				for ( ; i < length; )
					if ( callback.apply( object[ i++ ], args ) === false )
						break;

		// A special, fast, case for the most common use of each
		} else {
			if ( length === undefined ) {
				for ( name in object )
					if ( callback.call( object[ name ], name, object[ name ] ) === false )
						break;
			} else
				for ( var value = object[0];
					i < length && callback.call( value, i, value ) !== false; value = object[++i] ){}
		}

		return object;
	},

	prop: function( elem, value, type, i, name ) {
		// Handle executable functions
		if ( jQuery.isFunction( value ) )
			value = value.call( elem, i );

		// Handle passing in a number to a CSS property
		return typeof value === "number" && type == "curCSS" && !exclude.test( name ) ?
			value + "px" :
			value;
	},

	className: {
		// internal only, use addClass("class")
		add: function( elem, classNames ) {
			jQuery.each((classNames || "").split(/\s+/), function(i, className){
				if ( elem.nodeType == 1 && !jQuery.className.has( elem.className, className ) )
					elem.className += (elem.className ? " " : "") + className;
			});
		},

		// internal only, use removeClass("class")
		remove: function( elem, classNames ) {
			if (elem.nodeType == 1)
				elem.className = classNames !== undefined ?
					jQuery.grep(elem.className.split(/\s+/), function(className){
						return !jQuery.className.has( classNames, className );
					}).join(" ") :
					"";
		},

		// internal only, use hasClass("class")
		has: function( elem, className ) {
			return elem && jQuery.inArray( className, (elem.className || elem).toString().split(/\s+/) ) > -1;
		}
	},

	// A method for quickly swapping in/out CSS properties to get correct calculations
	swap: function( elem, options, callback ) {
		var old = {};
		// Remember the old values, and insert the new ones
		for ( var name in options ) {
			old[ name ] = elem.style[ name ];
			elem.style[ name ] = options[ name ];
		}

		callback.call( elem );

		// Revert the old values
		for ( var name in options )
			elem.style[ name ] = old[ name ];
	},

	css: function( elem, name, force, extra ) {
		if ( name == "width" || name == "height" ) {
			var val, props = { position: "absolute", visibility: "hidden", display:"block" }, which = name == "width" ? [ "Left", "Right" ] : [ "Top", "Bottom" ];

			function getWH() {
				val = name == "width" ? elem.offsetWidth : elem.offsetHeight;

				if ( extra === "border" )
					return;

				jQuery.each( which, function() {
					if ( !extra )
						val -= parseFloat(jQuery.curCSS( elem, "padding" + this, true)) || 0;
					if ( extra === "margin" )
						val += parseFloat(jQuery.curCSS( elem, "margin" + this, true)) || 0;
					else
						val -= parseFloat(jQuery.curCSS( elem, "border" + this + "Width", true)) || 0;
				});
			}

			if ( elem.offsetWidth !== 0 )
				getWH();
			else
				jQuery.swap( elem, props, getWH );

			return Math.max(0, Math.round(val));
		}

		return jQuery.curCSS( elem, name, force );
	},

	curCSS: function( elem, name, force ) {
		var ret, style = elem.style;

		// We need to handle opacity special in IE
		if ( name == "opacity" && !jQuery.support.opacity ) {
			ret = jQuery.attr( style, "opacity" );

			return ret == "" ?
				"1" :
				ret;
		}

		// Make sure we're using the right name for getting the float value
		if ( name.match( /float/i ) )
			name = styleFloat;

		if ( !force && style && style[ name ] )
			ret = style[ name ];

		else if ( defaultView.getComputedStyle ) {

			// Only "float" is needed here
			if ( name.match( /float/i ) )
				name = "float";

			name = name.replace( /([A-Z])/g, "-$1" ).toLowerCase();

			var computedStyle = defaultView.getComputedStyle( elem, null );

			if ( computedStyle )
				ret = computedStyle.getPropertyValue( name );

			// We should always get a number back from opacity
			if ( name == "opacity" && ret == "" )
				ret = "1";

		} else if ( elem.currentStyle ) {
			var camelCase = name.replace(/\-(\w)/g, function(all, letter){
				return letter.toUpperCase();
			});

			ret = elem.currentStyle[ name ] || elem.currentStyle[ camelCase ];

			// From the awesome hack by Dean Edwards
			// http://erik.eae.net/archives/2007/07/27/18.54.15/#comment-102291

			// If we're not dealing with a regular pixel number
			// but a number that has a weird ending, we need to convert it to pixels
			if ( !/^\d+(px)?$/i.test( ret ) && /^\d/.test( ret ) ) {
				// Remember the original values
				var left = style.left, rsLeft = elem.runtimeStyle.left;

				// Put in the new values to get a computed value out
				elem.runtimeStyle.left = elem.currentStyle.left;
				style.left = ret || 0;
				ret = style.pixelLeft + "px";

				// Revert the changed values
				style.left = left;
				elem.runtimeStyle.left = rsLeft;
			}
		}

		return ret;
	},

	clean: function( elems, context, fragment ) {
		context = context || document;

		// !context.createElement fails in IE with an error but returns typeof 'object'
		if ( typeof context.createElement === "undefined" )
			context = context.ownerDocument || context[0] && context[0].ownerDocument || document;

		// If a single string is passed in and it's a single tag
		// just do a createElement and skip the rest
		if ( !fragment && elems.length === 1 && typeof elems[0] === "string" ) {
			var match = /^<(\w+)\s*\/?>$/.exec(elems[0]);
			if ( match )
				return [ context.createElement( match[1] ) ];
		}

		var ret = [], scripts = [], div = context.createElement("div");

		jQuery.each(elems, function(i, elem){
			if ( typeof elem === "number" )
				elem += '';

			if ( !elem )
				return;

			// Convert html string into DOM nodes
			if ( typeof elem === "string" ) {
				// Fix "XHTML"-style tags in all browsers
				elem = elem.replace(/(<(\w+)[^>]*?)\/>/g, function(all, front, tag){
					return tag.match(/^(abbr|br|col|img|input|link|meta|param|hr|area|embed)$/i) ?
						all :
						front + "></" + tag + ">";
				});

				// Trim whitespace, otherwise indexOf won't work as expected
				var tags = elem.replace(/^\s+/, "").substring(0, 10).toLowerCase();

				var wrap =
					// option or optgroup
					!tags.indexOf("<opt") &&
					[ 1, "<select multiple='multiple'>", "</select>" ] ||

					!tags.indexOf("<leg") &&
					[ 1, "<fieldset>", "</fieldset>" ] ||

					tags.match(/^<(thead|tbody|tfoot|colg|cap)/) &&
					[ 1, "<table>", "</table>" ] ||

					!tags.indexOf("<tr") &&
					[ 2, "<table><tbody>", "</tbody></table>" ] ||

				 	// <thead> matched above
					(!tags.indexOf("<td") || !tags.indexOf("<th")) &&
					[ 3, "<table><tbody><tr>", "</tr></tbody></table>" ] ||

					!tags.indexOf("<col") &&
					[ 2, "<table><tbody></tbody><colgroup>", "</colgroup></table>" ] ||

					// IE can't serialize <link> and <script> tags normally
					!jQuery.support.htmlSerialize &&
					[ 1, "div<div>", "</div>" ] ||

					[ 0, "", "" ];

				// Go to html and back, then peel off extra wrappers
				div.innerHTML = wrap[1] + elem + wrap[2];

				// Move to the right depth
				while ( wrap[0]-- )
					div = div.lastChild;

				// Remove IE's autoinserted <tbody> from table fragments
				if ( !jQuery.support.tbody ) {

					// String was a <table>, *may* have spurious <tbody>
					var hasBody = /<tbody/i.test(elem),
						tbody = !tags.indexOf("<table") && !hasBody ?
							div.firstChild && div.firstChild.childNodes :

						// String was a bare <thead> or <tfoot>
						wrap[1] == "<table>" && !hasBody ?
							div.childNodes :
							[];

					for ( var j = tbody.length - 1; j >= 0 ; --j )
						if ( jQuery.nodeName( tbody[ j ], "tbody" ) && !tbody[ j ].childNodes.length )
							tbody[ j ].parentNode.removeChild( tbody[ j ] );

					}

				// IE completely kills leading whitespace when innerHTML is used
				if ( !jQuery.support.leadingWhitespace && /^\s/.test( elem ) )
					div.insertBefore( context.createTextNode( elem.match(/^\s*/)[0] ), div.firstChild );
				
				elem = jQuery.makeArray( div.childNodes );
			}

			if ( elem.nodeType )
				ret.push( elem );
			else
				ret = jQuery.merge( ret, elem );

		});

		if ( fragment ) {
			for ( var i = 0; ret[i]; i++ ) {
				if ( jQuery.nodeName( ret[i], "script" ) && (!ret[i].type || ret[i].type.toLowerCase() === "text/javascript") ) {
					scripts.push( ret[i].parentNode ? ret[i].parentNode.removeChild( ret[i] ) : ret[i] );
				} else {
					if ( ret[i].nodeType === 1 )
						ret.splice.apply( ret, [i + 1, 0].concat(jQuery.makeArray(ret[i].getElementsByTagName("script"))) );
					fragment.appendChild( ret[i] );
				}
			}
			
			return scripts;
		}

		return ret;
	},

	attr: function( elem, name, value ) {
		// don't set attributes on text and comment nodes
		if (!elem || elem.nodeType == 3 || elem.nodeType == 8)
			return undefined;

		var notxml = !jQuery.isXMLDoc( elem ),
			// Whether we are setting (or getting)
			set = value !== undefined;

		// Try to normalize/fix the name
		name = notxml && jQuery.props[ name ] || name;

		// Only do all the following if this is a node (faster for style)
		// IE elem.getAttribute passes even for style
		if ( elem.tagName ) {

			// These attributes require special treatment
			var special = /href|src|style/.test( name );

			// Safari mis-reports the default selected property of a hidden option
			// Accessing the parent's selectedIndex property fixes it
			if ( name == "selected" && elem.parentNode )
				elem.parentNode.selectedIndex;

			// If applicable, access the attribute via the DOM 0 way
			if ( name in elem && notxml && !special ) {
				if ( set ){
					// We can't allow the type property to be changed (since it causes problems in IE)
					if ( name == "type" && jQuery.nodeName( elem, "input" ) && elem.parentNode )
						throw "type property can't be changed";

					elem[ name ] = value;
				}

				// browsers index elements by id/name on forms, give priority to attributes.
				if( jQuery.nodeName( elem, "form" ) && elem.getAttributeNode(name) )
					return elem.getAttributeNode( name ).nodeValue;

				// elem.tabIndex doesn't always return the correct value when it hasn't been explicitly set
				// http://fluidproject.org/blog/2008/01/09/getting-setting-and-removing-tabindex-values-with-javascript/
				if ( name == "tabIndex" ) {
					var attributeNode = elem.getAttributeNode( "tabIndex" );
					return attributeNode && attributeNode.specified
						? attributeNode.value
						: elem.nodeName.match(/(button|input|object|select|textarea)/i)
							? 0
							: elem.nodeName.match(/^(a|area)$/i) && elem.href
								? 0
								: undefined;
				}

				return elem[ name ];
			}

			if ( !jQuery.support.style && notxml &&  name == "style" )
				return jQuery.attr( elem.style, "cssText", value );

			if ( set )
				// convert the value to a string (all browsers do this but IE) see #1070
				elem.setAttribute( name, "" + value );

			var attr = !jQuery.support.hrefNormalized && notxml && special
					// Some attributes require a special call on IE
					? elem.getAttribute( name, 2 )
					: elem.getAttribute( name );

			// Non-existent attributes return null, we normalize to undefined
			return attr === null ? undefined : attr;
		}

		// elem is actually elem.style ... set the style

		// IE uses filters for opacity
		if ( !jQuery.support.opacity && name == "opacity" ) {
			if ( set ) {
				// IE has trouble with opacity if it does not have layout
				// Force it by setting the zoom level
				elem.zoom = 1;

				// Set the alpha filter to set the opacity
				elem.filter = (elem.filter || "").replace( /alpha\([^)]*\)/, "" ) +
					(parseInt( value ) + '' == "NaN" ? "" : "alpha(opacity=" + value * 100 + ")");
			}

			return elem.filter && elem.filter.indexOf("opacity=") >= 0 ?
				(parseFloat( elem.filter.match(/opacity=([^)]*)/)[1] ) / 100) + '':
				"";
		}

		name = name.replace(/-([a-z])/ig, function(all, letter){
			return letter.toUpperCase();
		});

		if ( set )
			elem[ name ] = value;

		return elem[ name ];
	},

	trim: function( text ) {
		return (text || "").replace( /^\s+|\s+$/g, "" );
	},

	makeArray: function( array ) {
		var ret = [];

		if( array != null ){
			var i = array.length;
			// The window, strings (and functions) also have 'length'
			if( i == null || typeof array === "string" || jQuery.isFunction(array) || array.setInterval )
				ret[0] = array;
			else
				while( i )
					ret[--i] = array[i];
		}

		return ret;
	},

	inArray: function( elem, array ) {
		for ( var i = 0, length = array.length; i < length; i++ )
		// Use === because on IE, window == document
			if ( array[ i ] === elem )
				return i;

		return -1;
	},

	merge: function( first, second ) {
		// We have to loop this way because IE & Opera overwrite the length
		// expando of getElementsByTagName
		var i = 0, elem, pos = first.length;
		// Also, we need to make sure that the correct elements are being returned
		// (IE returns comment nodes in a '*' query)
		if ( !jQuery.support.getAll ) {
			while ( (elem = second[ i++ ]) != null )
				if ( elem.nodeType != 8 )
					first[ pos++ ] = elem;

		} else
			while ( (elem = second[ i++ ]) != null )
				first[ pos++ ] = elem;

		return first;
	},

	unique: function( array ) {
		var ret = [], done = {};

		try {

			for ( var i = 0, length = array.length; i < length; i++ ) {
				var id = jQuery.data( array[ i ] );

				if ( !done[ id ] ) {
					done[ id ] = true;
					ret.push( array[ i ] );
				}
			}

		} catch( e ) {
			ret = array;
		}

		return ret;
	},

	grep: function( elems, callback, inv ) {
		var ret = [];

		// Go through the array, only saving the items
		// that pass the validator function
		for ( var i = 0, length = elems.length; i < length; i++ )
			if ( !inv != !callback( elems[ i ], i ) )
				ret.push( elems[ i ] );

		return ret;
	},

	map: function( elems, callback ) {
		var ret = [];

		// Go through the array, translating each of the items to their
		// new value (or values).
		for ( var i = 0, length = elems.length; i < length; i++ ) {
			var value = callback( elems[ i ], i );

			if ( value != null )
				ret[ ret.length ] = value;
		}

		return ret.concat.apply( [], ret );
	}
});

// Use of jQuery.browser is deprecated.
// It's included for backwards compatibility and plugins,
// although they should work to migrate away.

var userAgent = navigator.userAgent.toLowerCase();

// Figure out what browser is being used
jQuery.browser = {
	version: (userAgent.match( /.+(?:rv|it|ra|ie)[\/: ]([\d.]+)/ ) || [0,'0'])[1],
	safari: /webkit/.test( userAgent ),
	opera: /opera/.test( userAgent ),
	msie: /msie/.test( userAgent ) && !/opera/.test( userAgent ),
	mozilla: /mozilla/.test( userAgent ) && !/(compatible|webkit)/.test( userAgent )
};

jQuery.each({
	parent: function(elem){return elem.parentNode;},
	parents: function(elem){return jQuery.dir(elem,"parentNode");},
	next: function(elem){return jQuery.nth(elem,2,"nextSibling");},
	prev: function(elem){return jQuery.nth(elem,2,"previousSibling");},
	nextAll: function(elem){return jQuery.dir(elem,"nextSibling");},
	prevAll: function(elem){return jQuery.dir(elem,"previousSibling");},
	siblings: function(elem){return jQuery.sibling(elem.parentNode.firstChild,elem);},
	children: function(elem){return jQuery.sibling(elem.firstChild);},
	contents: function(elem){return jQuery.nodeName(elem,"iframe")?elem.contentDocument||elem.contentWindow.document:jQuery.makeArray(elem.childNodes);}
}, function(name, fn){
	jQuery.fn[ name ] = function( selector ) {
		var ret = jQuery.map( this, fn );

		if ( selector && typeof selector == "string" )
			ret = jQuery.multiFilter( selector, ret );

		return this.pushStack( jQuery.unique( ret ), name, selector );
	};
});

jQuery.each({
	appendTo: "append",
	prependTo: "prepend",
	insertBefore: "before",
	insertAfter: "after",
	replaceAll: "replaceWith"
}, function(name, original){
	jQuery.fn[ name ] = function( selector ) {
		var ret = [], insert = jQuery( selector );

		for ( var i = 0, l = insert.length; i < l; i++ ) {
			var elems = (i > 0 ? this.clone(true) : this).get();
			jQuery.fn[ original ].apply( jQuery(insert[i]), elems );
			ret = ret.concat( elems );
		}

		return this.pushStack( ret, name, selector );
	};
});

jQuery.each({
	removeAttr: function( name ) {
		jQuery.attr( this, name, "" );
		if (this.nodeType == 1)
			this.removeAttribute( name );
	},

	addClass: function( classNames ) {
		jQuery.className.add( this, classNames );
	},

	removeClass: function( classNames ) {
		jQuery.className.remove( this, classNames );
	},

	toggleClass: function( classNames, state ) {
		if( typeof state !== "boolean" )
			state = !jQuery.className.has( this, classNames );
		jQuery.className[ state ? "add" : "remove" ]( this, classNames );
	},

	remove: function( selector ) {
		if ( !selector || jQuery.filter( selector, [ this ] ).length ) {
			// Prevent memory leaks
			jQuery( "*", this ).add([this]).each(function(){
				jQuery.event.remove(this);
				jQuery.removeData(this);
			});
			if (this.parentNode)
				this.parentNode.removeChild( this );
		}
	},

	empty: function() {
		// Remove element nodes and prevent memory leaks
		jQuery(this).children().remove();

		// Remove any remaining nodes
		while ( this.firstChild )
			this.removeChild( this.firstChild );
	}
}, function(name, fn){
	jQuery.fn[ name ] = function(){
		return this.each( fn, arguments );
	};
});

// Helper function used by the dimensions and offset modules
function num(elem, prop) {
	return elem[0] && parseInt( jQuery.curCSS(elem[0], prop, true), 10 ) || 0;
}
var expando = "jQuery" + now(), uuid = 0, windowData = {};

jQuery.extend({
	cache: {},

	data: function( elem, name, data ) {
		elem = elem == window ?
			windowData :
			elem;

		var id = elem[ expando ];

		// Compute a unique ID for the element
		if ( !id )
			id = elem[ expando ] = ++uuid;

		// Only generate the data cache if we're
		// trying to access or manipulate it
		if ( name && !jQuery.cache[ id ] )
			jQuery.cache[ id ] = {};

		// Prevent overriding the named cache with undefined values
		if ( data !== undefined )
			jQuery.cache[ id ][ name ] = data;

		// Return the named cache data, or the ID for the element
		return name ?
			jQuery.cache[ id ][ name ] :
			id;
	},

	removeData: function( elem, name ) {
		elem = elem == window ?
			windowData :
			elem;

		var id = elem[ expando ];

		// If we want to remove a specific section of the element's data
		if ( name ) {
			if ( jQuery.cache[ id ] ) {
				// Remove the section of cache data
				delete jQuery.cache[ id ][ name ];

				// If we've removed all the data, remove the element's cache
				name = "";

				for ( name in jQuery.cache[ id ] )
					break;

				if ( !name )
					jQuery.removeData( elem );
			}

		// Otherwise, we want to remove all of the element's data
		} else {
			// Clean up the element expando
			try {
				delete elem[ expando ];
			} catch(e){
				// IE has trouble directly removing the expando
				// but it's ok with using removeAttribute
				if ( elem.removeAttribute )
					elem.removeAttribute( expando );
			}

			// Completely remove the data cache
			delete jQuery.cache[ id ];
		}
	},
	queue: function( elem, type, data ) {
		if ( elem ){
	
			type = (type || "fx") + "queue";
	
			var q = jQuery.data( elem, type );
	
			if ( !q || jQuery.isArray(data) )
				q = jQuery.data( elem, type, jQuery.makeArray(data) );
			else if( data )
				q.push( data );
	
		}
		return q;
	},

	dequeue: function( elem, type ){
		var queue = jQuery.queue( elem, type ),
			fn = queue.shift();
		
		if( !type || type === "fx" )
			fn = queue[0];
			
		if( fn !== undefined )
			fn.call(elem);
	}
});

jQuery.fn.extend({
	data: function( key, value ){
		var parts = key.split(".");
		parts[1] = parts[1] ? "." + parts[1] : "";

		if ( value === undefined ) {
			var data = this.triggerHandler("getData" + parts[1] + "!", [parts[0]]);

			if ( data === undefined && this.length )
				data = jQuery.data( this[0], key );

			return data === undefined && parts[1] ?
				this.data( parts[0] ) :
				data;
		} else
			return this.trigger("setData" + parts[1] + "!", [parts[0], value]).each(function(){
				jQuery.data( this, key, value );
			});
	},

	removeData: function( key ){
		return this.each(function(){
			jQuery.removeData( this, key );
		});
	},
	queue: function(type, data){
		if ( typeof type !== "string" ) {
			data = type;
			type = "fx";
		}

		if ( data === undefined )
			return jQuery.queue( this[0], type );

		return this.each(function(){
			var queue = jQuery.queue( this, type, data );
			
			 if( type == "fx" && queue.length == 1 )
				queue[0].call(this);
		});
	},
	dequeue: function(type){
		return this.each(function(){
			jQuery.dequeue( this, type );
		});
	}
});/*!
 * Sizzle CSS Selector Engine - v0.9.3
 *  Copyright 2009, The Dojo Foundation
 *  Released under the MIT, BSD, and GPL Licenses.
 *  More information: http://sizzlejs.com/
 */
(function(){

var chunker = /((?:\((?:\([^()]+\)|[^()]+)+\)|\[(?:\[[^[\]]*\]|['"][^'"]*['"]|[^[\]'"]+)+\]|\\.|[^ >+~,(\[\\]+)+|[>+~])(\s*,\s*)?/g,
	done = 0,
	toString = Object.prototype.toString;

var Sizzle = function(selector, context, results, seed) {
	results = results || [];
	context = context || document;

	if ( context.nodeType !== 1 && context.nodeType !== 9 )
		return [];
	
	if ( !selector || typeof selector !== "string" ) {
		return results;
	}

	var parts = [], m, set, checkSet, check, mode, extra, prune = true;
	
	// Reset the position of the chunker regexp (start from head)
	chunker.lastIndex = 0;
	
	while ( (m = chunker.exec(selector)) !== null ) {
		parts.push( m[1] );
		
		if ( m[2] ) {
			extra = RegExp.rightContext;
			break;
		}
	}

	if ( parts.length > 1 && origPOS.exec( selector ) ) {
		if ( parts.length === 2 && Expr.relative[ parts[0] ] ) {
			set = posProcess( parts[0] + parts[1], context );
		} else {
			set = Expr.relative[ parts[0] ] ?
				[ context ] :
				Sizzle( parts.shift(), context );

			while ( parts.length ) {
				selector = parts.shift();

				if ( Expr.relative[ selector ] )
					selector += parts.shift();

				set = posProcess( selector, set );
			}
		}
	} else {
		var ret = seed ?
			{ expr: parts.pop(), set: makeArray(seed) } :
			Sizzle.find( parts.pop(), parts.length === 1 && context.parentNode ? context.parentNode : context, isXML(context) );
		set = Sizzle.filter( ret.expr, ret.set );

		if ( parts.length > 0 ) {
			checkSet = makeArray(set);
		} else {
			prune = false;
		}

		while ( parts.length ) {
			var cur = parts.pop(), pop = cur;

			if ( !Expr.relative[ cur ] ) {
				cur = "";
			} else {
				pop = parts.pop();
			}

			if ( pop == null ) {
				pop = context;
			}

			Expr.relative[ cur ]( checkSet, pop, isXML(context) );
		}
	}

	if ( !checkSet ) {
		checkSet = set;
	}

	if ( !checkSet ) {
		throw "Syntax error, unrecognized expression: " + (cur || selector);
	}

	if ( toString.call(checkSet) === "[object Array]" ) {
		if ( !prune ) {
			results.push.apply( results, checkSet );
		} else if ( context.nodeType === 1 ) {
			for ( var i = 0; checkSet[i] != null; i++ ) {
				if ( checkSet[i] && (checkSet[i] === true || checkSet[i].nodeType === 1 && contains(context, checkSet[i])) ) {
					results.push( set[i] );
				}
			}
		} else {
			for ( var i = 0; checkSet[i] != null; i++ ) {
				if ( checkSet[i] && checkSet[i].nodeType === 1 ) {
					results.push( set[i] );
				}
			}
		}
	} else {
		makeArray( checkSet, results );
	}

	if ( extra ) {
		Sizzle( extra, context, results, seed );

		if ( sortOrder ) {
			hasDuplicate = false;
			results.sort(sortOrder);

			if ( hasDuplicate ) {
				for ( var i = 1; i < results.length; i++ ) {
					if ( results[i] === results[i-1] ) {
						results.splice(i--, 1);
					}
				}
			}
		}
	}

	return results;
};

Sizzle.matches = function(expr, set){
	return Sizzle(expr, null, null, set);
};

Sizzle.find = function(expr, context, isXML){
	var set, match;

	if ( !expr ) {
		return [];
	}

	for ( var i = 0, l = Expr.order.length; i < l; i++ ) {
		var type = Expr.order[i], match;
		
		if ( (match = Expr.match[ type ].exec( expr )) ) {
			var left = RegExp.leftContext;

			if ( left.substr( left.length - 1 ) !== "\\" ) {
				match[1] = (match[1] || "").replace(/\\/g, "");
				set = Expr.find[ type ]( match, context, isXML );
				if ( set != null ) {
					expr = expr.replace( Expr.match[ type ], "" );
					break;
				}
			}
		}
	}

	if ( !set ) {
		set = context.getElementsByTagName("*");
	}

	return {set: set, expr: expr};
};

Sizzle.filter = function(expr, set, inplace, not){
	var old = expr, result = [], curLoop = set, match, anyFound,
		isXMLFilter = set && set[0] && isXML(set[0]);

	while ( expr && set.length ) {
		for ( var type in Expr.filter ) {
			if ( (match = Expr.match[ type ].exec( expr )) != null ) {
				var filter = Expr.filter[ type ], found, item;
				anyFound = false;

				if ( curLoop == result ) {
					result = [];
				}

				if ( Expr.preFilter[ type ] ) {
					match = Expr.preFilter[ type ]( match, curLoop, inplace, result, not, isXMLFilter );

					if ( !match ) {
						anyFound = found = true;
					} else if ( match === true ) {
						continue;
					}
				}

				if ( match ) {
					for ( var i = 0; (item = curLoop[i]) != null; i++ ) {
						if ( item ) {
							found = filter( item, match, i, curLoop );
							var pass = not ^ !!found;

							if ( inplace && found != null ) {
								if ( pass ) {
									anyFound = true;
								} else {
									curLoop[i] = false;
								}
							} else if ( pass ) {
								result.push( item );
								anyFound = true;
							}
						}
					}
				}

				if ( found !== undefined ) {
					if ( !inplace ) {
						curLoop = result;
					}

					expr = expr.replace( Expr.match[ type ], "" );

					if ( !anyFound ) {
						return [];
					}

					break;
				}
			}
		}

		// Improper expression
		if ( expr == old ) {
			if ( anyFound == null ) {
				throw "Syntax error, unrecognized expression: " + expr;
			} else {
				break;
			}
		}

		old = expr;
	}

	return curLoop;
};

var Expr = Sizzle.selectors = {
	order: [ "ID", "NAME", "TAG" ],
	match: {
		ID: /#((?:[\w\u00c0-\uFFFF_-]|\\.)+)/,
		CLASS: /\.((?:[\w\u00c0-\uFFFF_-]|\\.)+)/,
		NAME: /\[name=['"]*((?:[\w\u00c0-\uFFFF_-]|\\.)+)['"]*\]/,
		ATTR: /\[\s*((?:[\w\u00c0-\uFFFF_-]|\\.)+)\s*(?:(\S?=)\s*(['"]*)(.*?)\3|)\s*\]/,
		TAG: /^((?:[\w\u00c0-\uFFFF\*_-]|\\.)+)/,
		CHILD: /:(only|nth|last|first)-child(?:\((even|odd|[\dn+-]*)\))?/,
		POS: /:(nth|eq|gt|lt|first|last|even|odd)(?:\((\d*)\))?(?=[^-]|$)/,
		PSEUDO: /:((?:[\w\u00c0-\uFFFF_-]|\\.)+)(?:\((['"]*)((?:\([^\)]+\)|[^\2\(\)]*)+)\2\))?/
	},
	attrMap: {
		"class": "className",
		"for": "htmlFor"
	},
	attrHandle: {
		href: function(elem){
			return elem.getAttribute("href");
		}
	},
	relative: {
		"+": function(checkSet, part, isXML){
			var isPartStr = typeof part === "string",
				isTag = isPartStr && !/\W/.test(part),
				isPartStrNotTag = isPartStr && !isTag;

			if ( isTag && !isXML ) {
				part = part.toUpperCase();
			}

			for ( var i = 0, l = checkSet.length, elem; i < l; i++ ) {
				if ( (elem = checkSet[i]) ) {
					while ( (elem = elem.previousSibling) && elem.nodeType !== 1 ) {}

					checkSet[i] = isPartStrNotTag || elem && elem.nodeName === part ?
						elem || false :
						elem === part;
				}
			}

			if ( isPartStrNotTag ) {
				Sizzle.filter( part, checkSet, true );
			}
		},
		">": function(checkSet, part, isXML){
			var isPartStr = typeof part === "string";

			if ( isPartStr && !/\W/.test(part) ) {
				part = isXML ? part : part.toUpperCase();

				for ( var i = 0, l = checkSet.length; i < l; i++ ) {
					var elem = checkSet[i];
					if ( elem ) {
						var parent = elem.parentNode;
						checkSet[i] = parent.nodeName === part ? parent : false;
					}
				}
			} else {
				for ( var i = 0, l = checkSet.length; i < l; i++ ) {
					var elem = checkSet[i];
					if ( elem ) {
						checkSet[i] = isPartStr ?
							elem.parentNode :
							elem.parentNode === part;
					}
				}

				if ( isPartStr ) {
					Sizzle.filter( part, checkSet, true );
				}
			}
		},
		"": function(checkSet, part, isXML){
			var doneName = done++, checkFn = dirCheck;

			if ( !part.match(/\W/) ) {
				var nodeCheck = part = isXML ? part : part.toUpperCase();
				checkFn = dirNodeCheck;
			}

			checkFn("parentNode", part, doneName, checkSet, nodeCheck, isXML);
		},
		"~": function(checkSet, part, isXML){
			var doneName = done++, checkFn = dirCheck;

			if ( typeof part === "string" && !part.match(/\W/) ) {
				var nodeCheck = part = isXML ? part : part.toUpperCase();
				checkFn = dirNodeCheck;
			}

			checkFn("previousSibling", part, doneName, checkSet, nodeCheck, isXML);
		}
	},
	find: {
		ID: function(match, context, isXML){
			if ( typeof context.getElementById !== "undefined" && !isXML ) {
				var m = context.getElementById(match[1]);
				return m ? [m] : [];
			}
		},
		NAME: function(match, context, isXML){
			if ( typeof context.getElementsByName !== "undefined" ) {
				var ret = [], results = context.getElementsByName(match[1]);

				for ( var i = 0, l = results.length; i < l; i++ ) {
					if ( results[i].getAttribute("name") === match[1] ) {
						ret.push( results[i] );
					}
				}

				return ret.length === 0 ? null : ret;
			}
		},
		TAG: function(match, context){
			return context.getElementsByTagName(match[1]);
		}
	},
	preFilter: {
		CLASS: function(match, curLoop, inplace, result, not, isXML){
			match = " " + match[1].replace(/\\/g, "") + " ";

			if ( isXML ) {
				return match;
			}

			for ( var i = 0, elem; (elem = curLoop[i]) != null; i++ ) {
				if ( elem ) {
					if ( not ^ (elem.className && (" " + elem.className + " ").indexOf(match) >= 0) ) {
						if ( !inplace )
							result.push( elem );
					} else if ( inplace ) {
						curLoop[i] = false;
					}
				}
			}

			return false;
		},
		ID: function(match){
			return match[1].replace(/\\/g, "");
		},
		TAG: function(match, curLoop){
			for ( var i = 0; curLoop[i] === false; i++ ){}
			return curLoop[i] && isXML(curLoop[i]) ? match[1] : match[1].toUpperCase();
		},
		CHILD: function(match){
			if ( match[1] == "nth" ) {
				// parse equations like 'even', 'odd', '5', '2n', '3n+2', '4n-1', '-n+6'
				var test = /(-?)(\d*)n((?:\+|-)?\d*)/.exec(
					match[2] == "even" && "2n" || match[2] == "odd" && "2n+1" ||
					!/\D/.test( match[2] ) && "0n+" + match[2] || match[2]);

				// calculate the numbers (first)n+(last) including if they are negative
				match[2] = (test[1] + (test[2] || 1)) - 0;
				match[3] = test[3] - 0;
			}

			// TODO: Move to normal caching system
			match[0] = done++;

			return match;
		},
		ATTR: function(match, curLoop, inplace, result, not, isXML){
			var name = match[1].replace(/\\/g, "");
			
			if ( !isXML && Expr.attrMap[name] ) {
				match[1] = Expr.attrMap[name];
			}

			if ( match[2] === "~=" ) {
				match[4] = " " + match[4] + " ";
			}

			return match;
		},
		PSEUDO: function(match, curLoop, inplace, result, not){
			if ( match[1] === "not" ) {
				// If we're dealing with a complex expression, or a simple one
				if ( match[3].match(chunker).length > 1 || /^\w/.test(match[3]) ) {
					match[3] = Sizzle(match[3], null, null, curLoop);
				} else {
					var ret = Sizzle.filter(match[3], curLoop, inplace, true ^ not);
					if ( !inplace ) {
						result.push.apply( result, ret );
					}
					return false;
				}
			} else if ( Expr.match.POS.test( match[0] ) || Expr.match.CHILD.test( match[0] ) ) {
				return true;
			}
			
			return match;
		},
		POS: function(match){
			match.unshift( true );
			return match;
		}
	},
	filters: {
		enabled: function(elem){
			return elem.disabled === false && elem.type !== "hidden";
		},
		disabled: function(elem){
			return elem.disabled === true;
		},
		checked: function(elem){
			return elem.checked === true;
		},
		selected: function(elem){
			// Accessing this property makes selected-by-default
			// options in Safari work properly
			elem.parentNode.selectedIndex;
			return elem.selected === true;
		},
		parent: function(elem){
			return !!elem.firstChild;
		},
		empty: function(elem){
			return !elem.firstChild;
		},
		has: function(elem, i, match){
			return !!Sizzle( match[3], elem ).length;
		},
		header: function(elem){
			return /h\d/i.test( elem.nodeName );
		},
		text: function(elem){
			return "text" === elem.type;
		},
		radio: function(elem){
			return "radio" === elem.type;
		},
		checkbox: function(elem){
			return "checkbox" === elem.type;
		},
		file: function(elem){
			return "file" === elem.type;
		},
		password: function(elem){
			return "password" === elem.type;
		},
		submit: function(elem){
			return "submit" === elem.type;
		},
		image: function(elem){
			return "image" === elem.type;
		},
		reset: function(elem){
			return "reset" === elem.type;
		},
		button: function(elem){
			return "button" === elem.type || elem.nodeName.toUpperCase() === "BUTTON";
		},
		input: function(elem){
			return /input|select|textarea|button/i.test(elem.nodeName);
		}
	},
	setFilters: {
		first: function(elem, i){
			return i === 0;
		},
		last: function(elem, i, match, array){
			return i === array.length - 1;
		},
		even: function(elem, i){
			return i % 2 === 0;
		},
		odd: function(elem, i){
			return i % 2 === 1;
		},
		lt: function(elem, i, match){
			return i < match[3] - 0;
		},
		gt: function(elem, i, match){
			return i > match[3] - 0;
		},
		nth: function(elem, i, match){
			return match[3] - 0 == i;
		},
		eq: function(elem, i, match){
			return match[3] - 0 == i;
		}
	},
	filter: {
		PSEUDO: function(elem, match, i, array){
			var name = match[1], filter = Expr.filters[ name ];

			if ( filter ) {
				return filter( elem, i, match, array );
			} else if ( name === "contains" ) {
				return (elem.textContent || elem.innerText || "").indexOf(match[3]) >= 0;
			} else if ( name === "not" ) {
				var not = match[3];

				for ( var i = 0, l = not.length; i < l; i++ ) {
					if ( not[i] === elem ) {
						return false;
					}
				}

				return true;
			}
		},
		CHILD: function(elem, match){
			var type = match[1], node = elem;
			switch (type) {
				case 'only':
				case 'first':
					while (node = node.previousSibling)  {
						if ( node.nodeType === 1 ) return false;
					}
					if ( type == 'first') return true;
					node = elem;
				case 'last':
					while (node = node.nextSibling)  {
						if ( node.nodeType === 1 ) return false;
					}
					return true;
				case 'nth':
					var first = match[2], last = match[3];

					if ( first == 1 && last == 0 ) {
						return true;
					}
					
					var doneName = match[0],
						parent = elem.parentNode;
	
					if ( parent && (parent.sizcache !== doneName || !elem.nodeIndex) ) {
						var count = 0;
						for ( node = parent.firstChild; node; node = node.nextSibling ) {
							if ( node.nodeType === 1 ) {
								node.nodeIndex = ++count;
							}
						} 
						parent.sizcache = doneName;
					}
					
					var diff = elem.nodeIndex - last;
					if ( first == 0 ) {
						return diff == 0;
					} else {
						return ( diff % first == 0 && diff / first >= 0 );
					}
			}
		},
		ID: function(elem, match){
			return elem.nodeType === 1 && elem.getAttribute("id") === match;
		},
		TAG: function(elem, match){
			return (match === "*" && elem.nodeType === 1) || elem.nodeName === match;
		},
		CLASS: function(elem, match){
			return (" " + (elem.className || elem.getAttribute("class")) + " ")
				.indexOf( match ) > -1;
		},
		ATTR: function(elem, match){
			var name = match[1],
				result = Expr.attrHandle[ name ] ?
					Expr.attrHandle[ name ]( elem ) :
					elem[ name ] != null ?
						elem[ name ] :
						elem.getAttribute( name ),
				value = result + "",
				type = match[2],
				check = match[4];

			return result == null ?
				type === "!=" :
				type === "=" ?
				value === check :
				type === "*=" ?
				value.indexOf(check) >= 0 :
				type === "~=" ?
				(" " + value + " ").indexOf(check) >= 0 :
				!check ?
				value && result !== false :
				type === "!=" ?
				value != check :
				type === "^=" ?
				value.indexOf(check) === 0 :
				type === "$=" ?
				value.substr(value.length - check.length) === check :
				type === "|=" ?
				value === check || value.substr(0, check.length + 1) === check + "-" :
				false;
		},
		POS: function(elem, match, i, array){
			var name = match[2], filter = Expr.setFilters[ name ];

			if ( filter ) {
				return filter( elem, i, match, array );
			}
		}
	}
};

var origPOS = Expr.match.POS;

for ( var type in Expr.match ) {
	Expr.match[ type ] = RegExp( Expr.match[ type ].source + /(?![^\[]*\])(?![^\(]*\))/.source );
}

var makeArray = function(array, results) {
	array = Array.prototype.slice.call( array );

	if ( results ) {
		results.push.apply( results, array );
		return results;
	}
	
	return array;
};

// Perform a simple check to determine if the browser is capable of
// converting a NodeList to an array using builtin methods.
try {
	Array.prototype.slice.call( document.documentElement.childNodes );

// Provide a fallback method if it does not work
} catch(e){
	makeArray = function(array, results) {
		var ret = results || [];

		if ( toString.call(array) === "[object Array]" ) {
			Array.prototype.push.apply( ret, array );
		} else {
			if ( typeof array.length === "number" ) {
				for ( var i = 0, l = array.length; i < l; i++ ) {
					ret.push( array[i] );
				}
			} else {
				for ( var i = 0; array[i]; i++ ) {
					ret.push( array[i] );
				}
			}
		}

		return ret;
	};
}

var sortOrder;

if ( document.documentElement.compareDocumentPosition ) {
	sortOrder = function( a, b ) {
		var ret = a.compareDocumentPosition(b) & 4 ? -1 : a === b ? 0 : 1;
		if ( ret === 0 ) {
			hasDuplicate = true;
		}
		return ret;
	};
} else if ( "sourceIndex" in document.documentElement ) {
	sortOrder = function( a, b ) {
		var ret = a.sourceIndex - b.sourceIndex;
		if ( ret === 0 ) {
			hasDuplicate = true;
		}
		return ret;
	};
} else if ( document.createRange ) {
	sortOrder = function( a, b ) {
		var aRange = a.ownerDocument.createRange(), bRange = b.ownerDocument.createRange();
		aRange.selectNode(a);
		aRange.collapse(true);
		bRange.selectNode(b);
		bRange.collapse(true);
		var ret = aRange.compareBoundaryPoints(Range.START_TO_END, bRange);
		if ( ret === 0 ) {
			hasDuplicate = true;
		}
		return ret;
	};
}

// Check to see if the browser returns elements by name when
// querying by getElementById (and provide a workaround)
(function(){
	// We're going to inject a fake input element with a specified name
	var form = document.createElement("form"),
		id = "script" + (new Date).getTime();
	form.innerHTML = "<input name='" + id + "'/>";

	// Inject it into the root element, check its status, and remove it quickly
	var root = document.documentElement;
	root.insertBefore( form, root.firstChild );

	// The workaround has to do additional checks after a getElementById
	// Which slows things down for other browsers (hence the branching)
	if ( !!document.getElementById( id ) ) {
		Expr.find.ID = function(match, context, isXML){
			if ( typeof context.getElementById !== "undefined" && !isXML ) {
				var m = context.getElementById(match[1]);
				return m ? m.id === match[1] || typeof m.getAttributeNode !== "undefined" && m.getAttributeNode("id").nodeValue === match[1] ? [m] : undefined : [];
			}
		};

		Expr.filter.ID = function(elem, match){
			var node = typeof elem.getAttributeNode !== "undefined" && elem.getAttributeNode("id");
			return elem.nodeType === 1 && node && node.nodeValue === match;
		};
	}

	root.removeChild( form );
})();

(function(){
	// Check to see if the browser returns only elements
	// when doing getElementsByTagName("*")

	// Create a fake element
	var div = document.createElement("div");
	div.appendChild( document.createComment("") );

	// Make sure no comments are found
	if ( div.getElementsByTagName("*").length > 0 ) {
		Expr.find.TAG = function(match, context){
			var results = context.getElementsByTagName(match[1]);

			// Filter out possible comments
			if ( match[1] === "*" ) {
				var tmp = [];

				for ( var i = 0; results[i]; i++ ) {
					if ( results[i].nodeType === 1 ) {
						tmp.push( results[i] );
					}
				}

				results = tmp;
			}

			return results;
		};
	}

	// Check to see if an attribute returns normalized href attributes
	div.innerHTML = "<a href='#'></a>";
	if ( div.firstChild && typeof div.firstChild.getAttribute !== "undefined" &&
			div.firstChild.getAttribute("href") !== "#" ) {
		Expr.attrHandle.href = function(elem){
			return elem.getAttribute("href", 2);
		};
	}
})();

if ( document.querySelectorAll ) (function(){
	var oldSizzle = Sizzle, div = document.createElement("div");
	div.innerHTML = "<p class='TEST'></p>";

	// Safari can't handle uppercase or unicode characters when
	// in quirks mode.
	if ( div.querySelectorAll && div.querySelectorAll(".TEST").length === 0 ) {
		return;
	}
	
	Sizzle = function(query, context, extra, seed){
		context = context || document;

		// Only use querySelectorAll on non-XML documents
		// (ID selectors don't work in non-HTML documents)
		if ( !seed && context.nodeType === 9 && !isXML(context) ) {
			try {
				return makeArray( context.querySelectorAll(query), extra );
			} catch(e){}
		}
		
		return oldSizzle(query, context, extra, seed);
	};

	Sizzle.find = oldSizzle.find;
	Sizzle.filter = oldSizzle.filter;
	Sizzle.selectors = oldSizzle.selectors;
	Sizzle.matches = oldSizzle.matches;
})();

if ( document.getElementsByClassName && document.documentElement.getElementsByClassName ) (function(){
	var div = document.createElement("div");
	div.innerHTML = "<div class='test e'></div><div class='test'></div>";

	// Opera can't find a second classname (in 9.6)
	if ( div.getElementsByClassName("e").length === 0 )
		return;

	// Safari caches class attributes, doesn't catch changes (in 3.2)
	div.lastChild.className = "e";

	if ( div.getElementsByClassName("e").length === 1 )
		return;

	Expr.order.splice(1, 0, "CLASS");
	Expr.find.CLASS = function(match, context, isXML) {
		if ( typeof context.getElementsByClassName !== "undefined" && !isXML ) {
			return context.getElementsByClassName(match[1]);
		}
	};
})();

function dirNodeCheck( dir, cur, doneName, checkSet, nodeCheck, isXML ) {
	var sibDir = dir == "previousSibling" && !isXML;
	for ( var i = 0, l = checkSet.length; i < l; i++ ) {
		var elem = checkSet[i];
		if ( elem ) {
			if ( sibDir && elem.nodeType === 1 ){
				elem.sizcache = doneName;
				elem.sizset = i;
			}
			elem = elem[dir];
			var match = false;

			while ( elem ) {
				if ( elem.sizcache === doneName ) {
					match = checkSet[elem.sizset];
					break;
				}

				if ( elem.nodeType === 1 && !isXML ){
					elem.sizcache = doneName;
					elem.sizset = i;
				}

				if ( elem.nodeName === cur ) {
					match = elem;
					break;
				}

				elem = elem[dir];
			}

			checkSet[i] = match;
		}
	}
}

function dirCheck( dir, cur, doneName, checkSet, nodeCheck, isXML ) {
	var sibDir = dir == "previousSibling" && !isXML;
	for ( var i = 0, l = checkSet.length; i < l; i++ ) {
		var elem = checkSet[i];
		if ( elem ) {
			if ( sibDir && elem.nodeType === 1 ) {
				elem.sizcache = doneName;
				elem.sizset = i;
			}
			elem = elem[dir];
			var match = false;

			while ( elem ) {
				if ( elem.sizcache === doneName ) {
					match = checkSet[elem.sizset];
					break;
				}

				if ( elem.nodeType === 1 ) {
					if ( !isXML ) {
						elem.sizcache = doneName;
						elem.sizset = i;
					}
					if ( typeof cur !== "string" ) {
						if ( elem === cur ) {
							match = true;
							break;
						}

					} else if ( Sizzle.filter( cur, [elem] ).length > 0 ) {
						match = elem;
						break;
					}
				}

				elem = elem[dir];
			}

			checkSet[i] = match;
		}
	}
}

var contains = document.compareDocumentPosition ?  function(a, b){
	return a.compareDocumentPosition(b) & 16;
} : function(a, b){
	return a !== b && (a.contains ? a.contains(b) : true);
};

var isXML = function(elem){
	return elem.nodeType === 9 && elem.documentElement.nodeName !== "HTML" ||
		!!elem.ownerDocument && isXML( elem.ownerDocument );
};

var posProcess = function(selector, context){
	var tmpSet = [], later = "", match,
		root = context.nodeType ? [context] : context;

	// Position selectors must be done after the filter
	// And so must :not(positional) so we move all PSEUDOs to the end
	while ( (match = Expr.match.PSEUDO.exec( selector )) ) {
		later += match[0];
		selector = selector.replace( Expr.match.PSEUDO, "" );
	}

	selector = Expr.relative[selector] ? selector + "*" : selector;

	for ( var i = 0, l = root.length; i < l; i++ ) {
		Sizzle( selector, root[i], tmpSet );
	}

	return Sizzle.filter( later, tmpSet );
};

// EXPOSE
jQuery.find = Sizzle;
jQuery.filter = Sizzle.filter;
jQuery.expr = Sizzle.selectors;
jQuery.expr[":"] = jQuery.expr.filters;

Sizzle.selectors.filters.hidden = function(elem){
	return elem.offsetWidth === 0 || elem.offsetHeight === 0;
};

Sizzle.selectors.filters.visible = function(elem){
	return elem.offsetWidth > 0 || elem.offsetHeight > 0;
};

Sizzle.selectors.filters.animated = function(elem){
	return jQuery.grep(jQuery.timers, function(fn){
		return elem === fn.elem;
	}).length;
};

jQuery.multiFilter = function( expr, elems, not ) {
	if ( not ) {
		expr = ":not(" + expr + ")";
	}

	return Sizzle.matches(expr, elems);
};

jQuery.dir = function( elem, dir ){
	var matched = [], cur = elem[dir];
	while ( cur && cur != document ) {
		if ( cur.nodeType == 1 )
			matched.push( cur );
		cur = cur[dir];
	}
	return matched;
};

jQuery.nth = function(cur, result, dir, elem){
	result = result || 1;
	var num = 0;

	for ( ; cur; cur = cur[dir] )
		if ( cur.nodeType == 1 && ++num == result )
			break;

	return cur;
};

jQuery.sibling = function(n, elem){
	var r = [];

	for ( ; n; n = n.nextSibling ) {
		if ( n.nodeType == 1 && n != elem )
			r.push( n );
	}

	return r;
};

return;

window.Sizzle = Sizzle;

})();
/*
 * A number of helper functions used for managing events.
 * Many of the ideas behind this code originated from
 * Dean Edwards' addEvent library.
 */
jQuery.event = {

	// Bind an event to an element
	// Original by Dean Edwards
	add: function(elem, types, handler, data) {
		if ( elem.nodeType == 3 || elem.nodeType == 8 )
			return;

		// For whatever reason, IE has trouble passing the window object
		// around, causing it to be cloned in the process
		if ( elem.setInterval && elem != window )
			elem = window;

		// Make sure that the function being executed has a unique ID
		if ( !handler.guid )
			handler.guid = this.guid++;

		// if data is passed, bind to handler
		if ( data !== undefined ) {
			// Create temporary function pointer to original handler
			var fn = handler;

			// Create unique handler function, wrapped around original handler
			handler = this.proxy( fn );

			// Store data in unique handler
			handler.data = data;
		}

		// Init the element's event structure
		var events = jQuery.data(elem, "events") || jQuery.data(elem, "events", {}),
			handle = jQuery.data(elem, "handle") || jQuery.data(elem, "handle", function(){
				// Handle the second event of a trigger and when
				// an event is called after a page has unloaded
				return typeof jQuery !== "undefined" && !jQuery.event.triggered ?
					jQuery.event.handle.apply(arguments.callee.elem, arguments) :
					undefined;
			});
		// Add elem as a property of the handle function
		// This is to prevent a memory leak with non-native
		// event in IE.
		handle.elem = elem;

		// Handle multiple events separated by a space
		// jQuery(...).bind("mouseover mouseout", fn);
		jQuery.each(types.split(/\s+/), function(index, type) {
			// Namespaced event handlers
			var namespaces = type.split(".");
			type = namespaces.shift();
			handler.type = namespaces.slice().sort().join(".");

			// Get the current list of functions bound to this event
			var handlers = events[type];
			
			if ( jQuery.event.specialAll[type] )
				jQuery.event.specialAll[type].setup.call(elem, data, namespaces);

			// Init the event handler queue
			if (!handlers) {
				handlers = events[type] = {};

				// Check for a special event handler
				// Only use addEventListener/attachEvent if the special
				// events handler returns false
				if ( !jQuery.event.special[type] || jQuery.event.special[type].setup.call(elem, data, namespaces) === false ) {
					// Bind the global event handler to the element
					if (elem.addEventListener)
						elem.addEventListener(type, handle, false);
					else if (elem.attachEvent)
						elem.attachEvent("on" + type, handle);
				}
			}

			// Add the function to the element's handler list
			handlers[handler.guid] = handler;

			// Keep track of which events have been used, for global triggering
			jQuery.event.global[type] = true;
		});

		// Nullify elem to prevent memory leaks in IE
		elem = null;
	},

	guid: 1,
	global: {},

	// Detach an event or set of events from an element
	remove: function(elem, types, handler) {
		// don't do events on text and comment nodes
		if ( elem.nodeType == 3 || elem.nodeType == 8 )
			return;

		var events = jQuery.data(elem, "events"), ret, index;

		if ( events ) {
			// Unbind all events for the element
			if ( types === undefined || (typeof types === "string" && types.charAt(0) == ".") )
				for ( var type in events )
					this.remove( elem, type + (types || "") );
			else {
				// types is actually an event object here
				if ( types.type ) {
					handler = types.handler;
					types = types.type;
				}

				// Handle multiple events seperated by a space
				// jQuery(...).unbind("mouseover mouseout", fn);
				jQuery.each(types.split(/\s+/), function(index, type){
					// Namespaced event handlers
					var namespaces = type.split(".");
					type = namespaces.shift();
					var namespace = RegExp("(^|\\.)" + namespaces.slice().sort().join(".*\\.") + "(\\.|$)");

					if ( events[type] ) {
						// remove the given handler for the given type
						if ( handler )
							delete events[type][handler.guid];

						// remove all handlers for the given type
						else
							for ( var handle in events[type] )
								// Handle the removal of namespaced events
								if ( namespace.test(events[type][handle].type) )
									delete events[type][handle];
									
						if ( jQuery.event.specialAll[type] )
							jQuery.event.specialAll[type].teardown.call(elem, namespaces);

						// remove generic event handler if no more handlers exist
						for ( ret in events[type] ) break;
						if ( !ret ) {
							if ( !jQuery.event.special[type] || jQuery.event.special[type].teardown.call(elem, namespaces) === false ) {
								if (elem.removeEventListener)
									elem.removeEventListener(type, jQuery.data(elem, "handle"), false);
								else if (elem.detachEvent)
									elem.detachEvent("on" + type, jQuery.data(elem, "handle"));
							}
							ret = null;
							delete events[type];
						}
					}
				});
			}

			// Remove the expando if it's no longer used
			for ( ret in events ) break;
			if ( !ret ) {
				var handle = jQuery.data( elem, "handle" );
				if ( handle ) handle.elem = null;
				jQuery.removeData( elem, "events" );
				jQuery.removeData( elem, "handle" );
			}
		}
	},

	// bubbling is internal
	trigger: function( event, data, elem, bubbling ) {
		// Event object or event type
		var type = event.type || event;

		if( !bubbling ){
			event = typeof event === "object" ?
				// jQuery.Event object
				event[expando] ? event :
				// Object literal
				jQuery.extend( jQuery.Event(type), event ) :
				// Just the event type (string)
				jQuery.Event(type);

			if ( type.indexOf("!") >= 0 ) {
				event.type = type = type.slice(0, -1);
				event.exclusive = true;
			}

			// Handle a global trigger
			if ( !elem ) {
				// Don't bubble custom events when global (to avoid too much overhead)
				event.stopPropagation();
				// Only trigger if we've ever bound an event for it
				if ( this.global[type] )
					jQuery.each( jQuery.cache, function(){
						if ( this.events && this.events[type] )
							jQuery.event.trigger( event, data, this.handle.elem );
					});
			}

			// Handle triggering a single element

			// don't do events on text and comment nodes
			if ( !elem || elem.nodeType == 3 || elem.nodeType == 8 )
				return undefined;
			
			// Clean up in case it is reused
			event.result = undefined;
			event.target = elem;
			
			// Clone the incoming data, if any
			data = jQuery.makeArray(data);
			data.unshift( event );
		}

		event.currentTarget = elem;

		// Trigger the event, it is assumed that "handle" is a function
		var handle = jQuery.data(elem, "handle");
		if ( handle )
			handle.apply( elem, data );

		// Handle triggering native .onfoo handlers (and on links since we don't call .click() for links)
		if ( (!elem[type] || (jQuery.nodeName(elem, 'a') && type == "click")) && elem["on"+type] && elem["on"+type].apply( elem, data ) === false )
			event.result = false;

		// Trigger the native events (except for clicks on links)
		if ( !bubbling && elem[type] && !event.isDefaultPrevented() && !(jQuery.nodeName(elem, 'a') && type == "click") ) {
			this.triggered = true;
			try {
				elem[ type ]();
			// prevent IE from throwing an error for some hidden elements
			} catch (e) {}
		}

		this.triggered = false;

		if ( !event.isPropagationStopped() ) {
			var parent = elem.parentNode || elem.ownerDocument;
			if ( parent )
				jQuery.event.trigger(event, data, parent, true);
		}
	},

	handle: function(event) {
		// returned undefined or false
		var all, handlers;

		event = arguments[0] = jQuery.event.fix( event || window.event );
		event.currentTarget = this;
		
		// Namespaced event handlers
		var namespaces = event.type.split(".");
		event.type = namespaces.shift();

		// Cache this now, all = true means, any handler
		all = !namespaces.length && !event.exclusive;
		
		var namespace = RegExp("(^|\\.)" + namespaces.slice().sort().join(".*\\.") + "(\\.|$)");

		handlers = ( jQuery.data(this, "events") || {} )[event.type];

		for ( var j in handlers ) {
			var handler = handlers[j];

			// Filter the functions by class
			if ( all || namespace.test(handler.type) ) {
				// Pass in a reference to the handler function itself
				// So that we can later remove it
				event.handler = handler;
				event.data = handler.data;

				var ret = handler.apply(this, arguments);

				if( ret !== undefined ){
					event.result = ret;
					if ( ret === false ) {
						event.preventDefault();
						event.stopPropagation();
					}
				}

				if( event.isImmediatePropagationStopped() )
					break;

			}
		}
	},

	props: "altKey attrChange attrName bubbles button cancelable charCode clientX clientY ctrlKey currentTarget data detail eventPhase fromElement handler keyCode metaKey newValue originalTarget pageX pageY prevValue relatedNode relatedTarget screenX screenY shiftKey srcElement target toElement view wheelDelta which".split(" "),

	fix: function(event) {
		if ( event[expando] )
			return event;

		// store a copy of the original event object
		// and "clone" to set read-only properties
		var originalEvent = event;
		event = jQuery.Event( originalEvent );

		for ( var i = this.props.length, prop; i; ){
			prop = this.props[ --i ];
			event[ prop ] = originalEvent[ prop ];
		}

		// Fix target property, if necessary
		if ( !event.target )
			event.target = event.srcElement || document; // Fixes #1925 where srcElement might not be defined either

		// check if target is a textnode (safari)
		if ( event.target.nodeType == 3 )
			event.target = event.target.parentNode;

		// Add relatedTarget, if necessary
		if ( !event.relatedTarget && event.fromElement )
			event.relatedTarget = event.fromElement == event.target ? event.toElement : event.fromElement;

		// Calculate pageX/Y if missing and clientX/Y available
		if ( event.pageX == null && event.clientX != null ) {
			var doc = document.documentElement, body = document.body;
			event.pageX = event.clientX + (doc && doc.scrollLeft || body && body.scrollLeft || 0) - (doc.clientLeft || 0);
			event.pageY = event.clientY + (doc && doc.scrollTop || body && body.scrollTop || 0) - (doc.clientTop || 0);
		}

		// Add which for key events
		if ( !event.which && ((event.charCode || event.charCode === 0) ? event.charCode : event.keyCode) )
			event.which = event.charCode || event.keyCode;

		// Add metaKey to non-Mac browsers (use ctrl for PC's and Meta for Macs)
		if ( !event.metaKey && event.ctrlKey )
			event.metaKey = event.ctrlKey;

		// Add which for click: 1 == left; 2 == middle; 3 == right
		// Note: button is not normalized, so don't use it
		if ( !event.which && event.button )
			event.which = (event.button & 1 ? 1 : ( event.button & 2 ? 3 : ( event.button & 4 ? 2 : 0 ) ));

		return event;
	},

	proxy: function( fn, proxy ){
		proxy = proxy || function(){ return fn.apply(this, arguments); };
		// Set the guid of unique handler to the same of original handler, so it can be removed
		proxy.guid = fn.guid = fn.guid || proxy.guid || this.guid++;
		// So proxy can be declared as an argument
		return proxy;
	},

	special: {
		ready: {
			// Make sure the ready event is setup
			setup: bindReady,
			teardown: function() {}
		}
	},
	
	specialAll: {
		live: {
			setup: function( selector, namespaces ){
				jQuery.event.add( this, namespaces[0], liveHandler );
			},
			teardown:  function( namespaces ){
				if ( namespaces.length ) {
					var remove = 0, name = RegExp("(^|\\.)" + namespaces[0] + "(\\.|$)");
					
					jQuery.each( (jQuery.data(this, "events").live || {}), function(){
						if ( name.test(this.type) )
							remove++;
					});
					
					if ( remove < 1 )
						jQuery.event.remove( this, namespaces[0], liveHandler );
				}
			}
		}
	}
};

jQuery.Event = function( src ){
	// Allow instantiation without the 'new' keyword
	if( !this.preventDefault )
		return new jQuery.Event(src);
	
	// Event object
	if( src && src.type ){
		this.originalEvent = src;
		this.type = src.type;
	// Event type
	}else
		this.type = src;

	// timeStamp is buggy for some events on Firefox(#3843)
	// So we won't rely on the native value
	this.timeStamp = now();
	
	// Mark it as fixed
	this[expando] = true;
};

function returnFalse(){
	return false;
}
function returnTrue(){
	return true;
}

// jQuery.Event is based on DOM3 Events as specified by the ECMAScript Language Binding
// http://www.w3.org/TR/2003/WD-DOM-Level-3-Events-20030331/ecma-script-binding.html
jQuery.Event.prototype = {
	preventDefault: function() {
		this.isDefaultPrevented = returnTrue;

		var e = this.originalEvent;
		if( !e )
			return;
		// if preventDefault exists run it on the original event
		if (e.preventDefault)
			e.preventDefault();
		// otherwise set the returnValue property of the original event to false (IE)
		e.returnValue = false;
	},
	stopPropagation: function() {
		this.isPropagationStopped = returnTrue;

		var e = this.originalEvent;
		if( !e )
			return;
		// if stopPropagation exists run it on the original event
		if (e.stopPropagation)
			e.stopPropagation();
		// otherwise set the cancelBubble property of the original event to true (IE)
		e.cancelBubble = true;
	},
	stopImmediatePropagation:function(){
		this.isImmediatePropagationStopped = returnTrue;
		this.stopPropagation();
	},
	isDefaultPrevented: returnFalse,
	isPropagationStopped: returnFalse,
	isImmediatePropagationStopped: returnFalse
};
// Checks if an event happened on an element within another element
// Used in jQuery.event.special.mouseenter and mouseleave handlers
var withinElement = function(event) {
	// Check if mouse(over|out) are still within the same parent element
	var parent = event.relatedTarget;
	// Traverse up the tree
	while ( parent && parent != this )
		try { parent = parent.parentNode; }
		catch(e) { parent = this; }
	
	if( parent != this ){
		// set the correct event type
		event.type = event.data;
		// handle event if we actually just moused on to a non sub-element
		jQuery.event.handle.apply( this, arguments );
	}
};
	
jQuery.each({ 
	mouseover: 'mouseenter', 
	mouseout: 'mouseleave'
}, function( orig, fix ){
	jQuery.event.special[ fix ] = {
		setup: function(){
			jQuery.event.add( this, orig, withinElement, fix );
		},
		teardown: function(){
			jQuery.event.remove( this, orig, withinElement );
		}
	};			   
});

jQuery.fn.extend({
	bind: function( type, data, fn ) {
		return type == "unload" ? this.one(type, data, fn) : this.each(function(){
			jQuery.event.add( this, type, fn || data, fn && data );
		});
	},

	one: function( type, data, fn ) {
		var one = jQuery.event.proxy( fn || data, function(event) {
			jQuery(this).unbind(event, one);
			return (fn || data).apply( this, arguments );
		});
		return this.each(function(){
			jQuery.event.add( this, type, one, fn && data);
		});
	},

	unbind: function( type, fn ) {
		return this.each(function(){
			jQuery.event.remove( this, type, fn );
		});
	},

	trigger: function( type, data ) {
		return this.each(function(){
			jQuery.event.trigger( type, data, this );
		});
	},

	triggerHandler: function( type, data ) {
		if( this[0] ){
			var event = jQuery.Event(type);
			event.preventDefault();
			event.stopPropagation();
			jQuery.event.trigger( event, data, this[0] );
			return event.result;
		}		
	},

	toggle: function( fn ) {
		// Save reference to arguments for access in closure
		var args = arguments, i = 1;

		// link all the functions, so any of them can unbind this click handler
		while( i < args.length )
			jQuery.event.proxy( fn, args[i++] );

		return this.click( jQuery.event.proxy( fn, function(event) {
			// Figure out which function to execute
			this.lastToggle = ( this.lastToggle || 0 ) % i;

			// Make sure that clicks stop
			event.preventDefault();

			// and execute the function
			return args[ this.lastToggle++ ].apply( this, arguments ) || false;
		}));
	},

	hover: function(fnOver, fnOut) {
		return this.mouseenter(fnOver).mouseleave(fnOut);
	},

	ready: function(fn) {
		// Attach the listeners
		bindReady();

		// If the DOM is already ready
		if ( jQuery.isReady )
			// Execute the function immediately
			fn.call( document, jQuery );

		// Otherwise, remember the function for later
		else
			// Add the function to the wait list
			jQuery.readyList.push( fn );

		return this;
	},
	
	live: function( type, fn ){
		var proxy = jQuery.event.proxy( fn );
		proxy.guid += this.selector + type;

		jQuery(document).bind( liveConvert(type, this.selector), this.selector, proxy );

		return this;
	},
	
	die: function( type, fn ){
		jQuery(document).unbind( liveConvert(type, this.selector), fn ? { guid: fn.guid + this.selector + type } : null );
		return this;
	}
});

function liveHandler( event ){
	var check = RegExp("(^|\\.)" + event.type + "(\\.|$)"),
		stop = true,
		elems = [];

	jQuery.each(jQuery.data(this, "events").live || [], function(i, fn){
		if ( check.test(fn.type) ) {
			var elem = jQuery(event.target).closest(fn.data)[0];
			if ( elem )
				elems.push({ elem: elem, fn: fn });
		}
	});

	elems.sort(function(a,b) {
		return jQuery.data(a.elem, "closest") - jQuery.data(b.elem, "closest");
	});
	
	jQuery.each(elems, function(){
		if ( this.fn.call(this.elem, event, this.fn.data) === false )
			return (stop = false);
	});

	return stop;
}

function liveConvert(type, selector){
	return ["live", type, selector.replace(/\./g, "`").replace(/ /g, "|")].join(".");
}

jQuery.extend({
	isReady: false,
	readyList: [],
	// Handle when the DOM is ready
	ready: function() {
		// Make sure that the DOM is not already loaded
		if ( !jQuery.isReady ) {
			// Remember that the DOM is ready
			jQuery.isReady = true;

			// If there are functions bound, to execute
			if ( jQuery.readyList ) {
				// Execute all of them
				jQuery.each( jQuery.readyList, function(){
					this.call( document, jQuery );
				});

				// Reset the list of functions
				jQuery.readyList = null;
			}

			// Trigger any bound ready events
			jQuery(document).triggerHandler("ready");
		}
	}
});

var readyBound = false;

function bindReady(){
	if ( readyBound ) return;
	readyBound = true;

	// Mozilla, Opera and webkit nightlies currently support this event
	if ( document.addEventListener ) {
		// Use the handy event callback
		document.addEventListener( "DOMContentLoaded", function(){
			document.removeEventListener( "DOMContentLoaded", arguments.callee, false );
			jQuery.ready();
		}, false );

	// If IE event model is used
	} else if ( document.attachEvent ) {
		// ensure firing before onload,
		// maybe late but safe also for iframes
		document.attachEvent("onreadystatechange", function(){
			if ( document.readyState === "complete" ) {
				document.detachEvent( "onreadystatechange", arguments.callee );
				jQuery.ready();
			}
		});

		// If IE and not an iframe
		// continually check to see if the document is ready
		if ( document.documentElement.doScroll && window == window.top ) (function(){
			if ( jQuery.isReady ) return;

			try {
				// If IE is used, use the trick by Diego Perini
				// http://javascript.nwbox.com/IEContentLoaded/
				document.documentElement.doScroll("left");
			} catch( error ) {
				setTimeout( arguments.callee, 0 );
				return;
			}

			// and execute any waiting functions
			jQuery.ready();
		})();
	}

	// A fallback to window.onload, that will always work
	jQuery.event.add( window, "load", jQuery.ready );
}

jQuery.each( ("blur,focus,load,resize,scroll,unload,click,dblclick," +
	"mousedown,mouseup,mousemove,mouseover,mouseout,mouseenter,mouseleave," +
	"change,select,submit,keydown,keypress,keyup,error").split(","), function(i, name){

	// Handle event binding
	jQuery.fn[name] = function(fn){
		return fn ? this.bind(name, fn) : this.trigger(name);
	};
});

// Prevent memory leaks in IE
// And prevent errors on refresh with events like mouseover in other browsers
// Window isn't included so as not to unbind existing unload events
jQuery( window ).bind( 'unload', function(){ 
	for ( var id in jQuery.cache )
		// Skip the window
		if ( id != 1 && jQuery.cache[ id ].handle )
			jQuery.event.remove( jQuery.cache[ id ].handle.elem );
}); 
(function(){

	jQuery.support = {};

	var root = document.documentElement,
		script = document.createElement("script"),
		div = document.createElement("div"),
		id = "script" + (new Date).getTime();

	div.style.display = "none";
	div.innerHTML = '   <link/><table></table><a href="/a" style="color:red;float:left;opacity:.5;">a</a><select><option>text</option></select><object><param/></object>';

	var all = div.getElementsByTagName("*"),
		a = div.getElementsByTagName("a")[0];

	// Can't get basic test support
	if ( !all || !all.length || !a ) {
		return;
	}

	jQuery.support = {
		// IE strips leading whitespace when .innerHTML is used
		leadingWhitespace: div.firstChild.nodeType == 3,
		
		// Make sure that tbody elements aren't automatically inserted
		// IE will insert them into empty tables
		tbody: !div.getElementsByTagName("tbody").length,
		
		// Make sure that you can get all elements in an <object> element
		// IE 7 always returns no results
		objectAll: !!div.getElementsByTagName("object")[0]
			.getElementsByTagName("*").length,
		
		// Make sure that link elements get serialized correctly by innerHTML
		// This requires a wrapper element in IE
		htmlSerialize: !!div.getElementsByTagName("link").length,
		
		// Get the style information from getAttribute
		// (IE uses .cssText insted)
		style: /red/.test( a.getAttribute("style") ),
		
		// Make sure that URLs aren't manipulated
		// (IE normalizes it by default)
		hrefNormalized: a.getAttribute("href") === "/a",
		
		// Make sure that element opacity exists
		// (IE uses filter instead)
		opacity: a.style.opacity === "0.5",
		
		// Verify style float existence
		// (IE uses styleFloat instead of cssFloat)
		cssFloat: !!a.style.cssFloat,

		// Will be defined later
		scriptEval: false,
		noCloneEvent: true,
		boxModel: null
	};
	
	script.type = "text/javascript";
	try {
		script.appendChild( document.createTextNode( "window." + id + "=1;" ) );
	} catch(e){}

	root.insertBefore( script, root.firstChild );
	
	// Make sure that the execution of code works by injecting a script
	// tag with appendChild/createTextNode
	// (IE doesn't support this, fails, and uses .text instead)
	if ( window[ id ] ) {
		jQuery.support.scriptEval = true;
		delete window[ id ];
	}

	root.removeChild( script );

	if ( div.attachEvent && div.fireEvent ) {
		div.attachEvent("onclick", function(){
			// Cloning a node shouldn't copy over any
			// bound event handlers (IE does this)
			jQuery.support.noCloneEvent = false;
			div.detachEvent("onclick", arguments.callee);
		});
		div.cloneNode(true).fireEvent("onclick");
	}

	// Figure out if the W3C box model works as expected
	// document.body must exist before we can do this
	jQuery(function(){
		var div = document.createElement("div");
		div.style.width = div.style.paddingLeft = "1px";

		document.body.appendChild( div );
		jQuery.boxModel = jQuery.support.boxModel = div.offsetWidth === 2;
		document.body.removeChild( div ).style.display = 'none';
	});
})();

var styleFloat = jQuery.support.cssFloat ? "cssFloat" : "styleFloat";

jQuery.props = {
	"for": "htmlFor",
	"class": "className",
	"float": styleFloat,
	cssFloat: styleFloat,
	styleFloat: styleFloat,
	readonly: "readOnly",
	maxlength: "maxLength",
	cellspacing: "cellSpacing",
	rowspan: "rowSpan",
	tabindex: "tabIndex"
};
jQuery.fn.extend({
	// Keep a copy of the old load
	_load: jQuery.fn.load,

	load: function( url, params, callback ) {
		if ( typeof url !== "string" )
			return this._load( url );

		var off = url.indexOf(" ");
		if ( off >= 0 ) {
			var selector = url.slice(off, url.length);
			url = url.slice(0, off);
		}

		// Default to a GET request
		var type = "GET";

		// If the second parameter was provided
		if ( params )
			// If it's a function
			if ( jQuery.isFunction( params ) ) {
				// We assume that it's the callback
				callback = params;
				params = null;

			// Otherwise, build a param string
			} else if( typeof params === "object" ) {
				params = jQuery.param( params );
				type = "POST";
			}

		var self = this;

		// Request the remote document
		jQuery.ajax({
			url: url,
			type: type,
			dataType: "html",
			data: params,
			complete: function(res, status){
				// If successful, inject the HTML into all the matched elements
				if ( status == "success" || status == "notmodified" )
					// See if a selector was specified
					self.html( selector ?
						// Create a dummy div to hold the results
						jQuery("<div/>")
							// inject the contents of the document in, removing the scripts
							// to avoid any 'Permission Denied' errors in IE
							.append(res.responseText.replace(/<script(.|\s)*?\/script>/g, ""))

							// Locate the specified elements
							.find(selector) :

						// If not, just inject the full result
						res.responseText );

				if( callback )
					self.each( callback, [res.responseText, status, res] );
			}
		});
		return this;
	},

	serialize: function() {
		return jQuery.param(this.serializeArray());
	},
	serializeArray: function() {
		return this.map(function(){
			return this.elements ? jQuery.makeArray(this.elements) : this;
		})
		.filter(function(){
			return this.name && !this.disabled &&
				(this.checked || /select|textarea/i.test(this.nodeName) ||
					/text|hidden|password|search/i.test(this.type));
		})
		.map(function(i, elem){
			var val = jQuery(this).val();
			return val == null ? null :
				jQuery.isArray(val) ?
					jQuery.map( val, function(val, i){
						return {name: elem.name, value: val};
					}) :
					{name: elem.name, value: val};
		}).get();
	}
});

// Attach a bunch of functions for handling common AJAX events
jQuery.each( "ajaxStart,ajaxStop,ajaxComplete,ajaxError,ajaxSuccess,ajaxSend".split(","), function(i,o){
	jQuery.fn[o] = function(f){
		return this.bind(o, f);
	};
});

var jsc = now();

jQuery.extend({
  
	get: function( url, data, callback, type ) {
		// shift arguments if data argument was ommited
		if ( jQuery.isFunction( data ) ) {
			callback = data;
			data = null;
		}

		return jQuery.ajax({
			type: "GET",
			url: url,
			data: data,
			success: callback,
			dataType: type
		});
	},

	getScript: function( url, callback ) {
		return jQuery.get(url, null, callback, "script");
	},

	getJSON: function( url, data, callback ) {
		return jQuery.get(url, data, callback, "json");
	},

	post: function( url, data, callback, type ) {
		if ( jQuery.isFunction( data ) ) {
			callback = data;
			data = {};
		}

		return jQuery.ajax({
			type: "POST",
			url: url,
			data: data,
			success: callback,
			dataType: type
		});
	},

	ajaxSetup: function( settings ) {
		jQuery.extend( jQuery.ajaxSettings, settings );
	},

	ajaxSettings: {
		url: location.href,
		global: true,
		type: "GET",
		contentType: "application/x-www-form-urlencoded",
		processData: true,
		async: true,
		/*
		timeout: 0,
		data: null,
		username: null,
		password: null,
		*/
		// Create the request object; Microsoft failed to properly
		// implement the XMLHttpRequest in IE7, so we use the ActiveXObject when it is available
		// This function can be overriden by calling jQuery.ajaxSetup
		xhr:function(){
			return window.ActiveXObject ? new ActiveXObject("Microsoft.XMLHTTP") : new XMLHttpRequest();
		},
		accepts: {
			xml: "application/xml, text/xml",
			html: "text/html",
			script: "text/javascript, application/javascript",
			json: "application/json, text/javascript",
			text: "text/plain",
			_default: "*/*"
		}
	},

	// Last-Modified header cache for next request
	lastModified: {},

	ajax: function( s ) {
		// Extend the settings, but re-extend 's' so that it can be
		// checked again later (in the test suite, specifically)
		s = jQuery.extend(true, s, jQuery.extend(true, {}, jQuery.ajaxSettings, s));

		var jsonp, jsre = /=\?(&|$)/g, status, data,
			type = s.type.toUpperCase();

		// convert data if not already a string
		if ( s.data && s.processData && typeof s.data !== "string" )
			s.data = jQuery.param(s.data);

		// Handle JSONP Parameter Callbacks
		if ( s.dataType == "jsonp" ) {
			if ( type == "GET" ) {
				if ( !s.url.match(jsre) )
					s.url += (s.url.match(/\?/) ? "&" : "?") + (s.jsonp || "callback") + "=?";
			} else if ( !s.data || !s.data.match(jsre) )
				s.data = (s.data ? s.data + "&" : "") + (s.jsonp || "callback") + "=?";
			s.dataType = "json";
		}

		// Build temporary JSONP function
		if ( s.dataType == "json" && (s.data && s.data.match(jsre) || s.url.match(jsre)) ) {
			jsonp = "jsonp" + jsc++;

			// Replace the =? sequence both in the query string and the data
			if ( s.data )
				s.data = (s.data + "").replace(jsre, "=" + jsonp + "$1");
			s.url = s.url.replace(jsre, "=" + jsonp + "$1");

			// We need to make sure
			// that a JSONP style response is executed properly
			s.dataType = "script";

			// Handle JSONP-style loading
			window[ jsonp ] = function(tmp){
				data = tmp;
				success();
				complete();
				// Garbage collect
				window[ jsonp ] = undefined;
				try{ delete window[ jsonp ]; } catch(e){}
				if ( head )
					head.removeChild( script );
			};
		}

		if ( s.dataType == "script" && s.cache == null )
			s.cache = false;

		if ( s.cache === false && type == "GET" ) {
			var ts = now();
			// try replacing _= if it is there
			var ret = s.url.replace(/(\?|&)_=.*?(&|$)/, "$1_=" + ts + "$2");
			// if nothing was replaced, add timestamp to the end
			s.url = ret + ((ret == s.url) ? (s.url.match(/\?/) ? "&" : "?") + "_=" + ts : "");
		}

		// If data is available, append data to url for get requests
		if ( s.data && type == "GET" ) {
			s.url += (s.url.match(/\?/) ? "&" : "?") + s.data;

			// IE likes to send both get and post data, prevent this
			s.data = null;
		}

		// Watch for a new set of requests
		if ( s.global && ! jQuery.active++ )
			jQuery.event.trigger( "ajaxStart" );

		// Matches an absolute URL, and saves the domain
		var parts = /^(\w+:)?\/\/([^\/?#]+)/.exec( s.url );

		// If we're requesting a remote document
		// and trying to load JSON or Script with a GET
		if ( s.dataType == "script" && type == "GET" && parts
			&& ( parts[1] && parts[1] != location.protocol || parts[2] != location.host )){

			var head = document.getElementsByTagName("head")[0];
			var script = document.createElement("script");
			script.src = s.url;
			if (s.scriptCharset)
				script.charset = s.scriptCharset;

			// Handle Script loading
			if ( !jsonp ) {
				var done = false;

				// Attach handlers for all browsers
				script.onload = script.onreadystatechange = function(){
					if ( !done && (!this.readyState ||
							this.readyState == "loaded" || this.readyState == "complete") ) {
						done = true;
						success();
						complete();

						// Handle memory leak in IE
						script.onload = script.onreadystatechange = null;
						head.removeChild( script );
					}
				};
			}

			head.appendChild(script);

			// We handle everything using the script element injection
			return undefined;
		}

		var requestDone = false;

		// Create the request object
		var xhr = s.xhr();

		// Open the socket
		// Passing null username, generates a login popup on Opera (#2865)
		if( s.username )
			xhr.open(type, s.url, s.async, s.username, s.password);
		else
			xhr.open(type, s.url, s.async);

		// Need an extra try/catch for cross domain requests in Firefox 3
		try {
			// Set the correct header, if data is being sent
			if ( s.data )
				xhr.setRequestHeader("Content-Type", s.contentType);

			// Set the If-Modified-Since header, if ifModified mode.
			if ( s.ifModified )
				xhr.setRequestHeader("If-Modified-Since",
					jQuery.lastModified[s.url] || "Thu, 01 Jan 1970 00:00:00 GMT" );

			// Set header so the called script knows that it's an XMLHttpRequest
			xhr.setRequestHeader("X-Requested-With", "XMLHttpRequest");

			// Set the Accepts header for the server, depending on the dataType
			xhr.setRequestHeader("Accept", s.dataType && s.accepts[ s.dataType ] ?
				s.accepts[ s.dataType ] + ", */*" :
				s.accepts._default );
		} catch(e){}

		// Allow custom headers/mimetypes and early abort
		if ( s.beforeSend && s.beforeSend(xhr, s) === false ) {
			// Handle the global AJAX counter
			if ( s.global && ! --jQuery.active )
				jQuery.event.trigger( "ajaxStop" );
			// close opended socket
			xhr.abort();
			return false;
		}

		if ( s.global )
			jQuery.event.trigger("ajaxSend", [xhr, s]);

		// Wait for a response to come back
		var onreadystatechange = function(isTimeout){
			// The request was aborted, clear the interval and decrement jQuery.active
			if (xhr.readyState == 0) {
				if (ival) {
					// clear poll interval
					clearInterval(ival);
					ival = null;
					// Handle the global AJAX counter
					if ( s.global && ! --jQuery.active )
						jQuery.event.trigger( "ajaxStop" );
				}
			// The transfer is complete and the data is available, or the request timed out
			} else if ( !requestDone && xhr && (xhr.readyState == 4 || isTimeout == "timeout") ) {
				requestDone = true;

				// clear poll interval
				if (ival) {
					clearInterval(ival);
					ival = null;
				}

				status = isTimeout == "timeout" ? "timeout" :
					!jQuery.httpSuccess( xhr ) ? "error" :
					s.ifModified && jQuery.httpNotModified( xhr, s.url ) ? "notmodified" :
					"success";

				if ( status == "success" ) {
					// Watch for, and catch, XML document parse errors
					try {
						// process the data (runs the xml through httpData regardless of callback)
						data = jQuery.httpData( xhr, s.dataType, s );
					} catch(e) {
						status = "parsererror";
					}
				}

				// Make sure that the request was successful or notmodified
				if ( status == "success" ) {
					// Cache Last-Modified header, if ifModified mode.
					var modRes;
					try {
						modRes = xhr.getResponseHeader("Last-Modified");
					} catch(e) {} // swallow exception thrown by FF if header is not available

					if ( s.ifModified && modRes )
						jQuery.lastModified[s.url] = modRes;

					// JSONP handles its own success callback
					if ( !jsonp )
						success();
				} else
					jQuery.handleError(s, xhr, status);

				// Fire the complete handlers
				complete();

				if ( isTimeout )
					xhr.abort();

				// Stop memory leaks
				if ( s.async )
					xhr = null;
			}
		};

		if ( s.async ) {
			// don't attach the handler to the request, just poll it instead
			var ival = setInterval(onreadystatechange, 13);

			// Timeout checker
			if ( s.timeout > 0 )
				setTimeout(function(){
					// Check to see if the request is still happening
					if ( xhr && !requestDone )
						onreadystatechange( "timeout" );
				}, s.timeout);
		}

		// Send the data
		try {
			xhr.send(s.data);
		} catch(e) {
			jQuery.handleError(s, xhr, null, e);
		}

		// firefox 1.5 doesn't fire statechange for sync requests
		if ( !s.async )
			onreadystatechange();

		function success(){
			// If a local callback was specified, fire it and pass it the data
			if ( s.success )
				s.success( data, status );

			// Fire the global callback
			if ( s.global )
				jQuery.event.trigger( "ajaxSuccess", [xhr, s] );
		}

		function complete(){
			// Process result
			if ( s.complete )
				s.complete(xhr, status);

			// The request was completed
			if ( s.global )
				jQuery.event.trigger( "ajaxComplete", [xhr, s] );

			// Handle the global AJAX counter
			if ( s.global && ! --jQuery.active )
				jQuery.event.trigger( "ajaxStop" );
		}

		// return XMLHttpRequest to allow aborting the request etc.
		return xhr;
	},

	handleError: function( s, xhr, status, e ) {
		// If a local callback was specified, fire it
		if ( s.error ) s.error( xhr, status, e );

		// Fire the global callback
		if ( s.global )
			jQuery.event.trigger( "ajaxError", [xhr, s, e] );
	},

	// Counter for holding the number of active queries
	active: 0,

	// Determines if an XMLHttpRequest was successful or not
	httpSuccess: function( xhr ) {
		try {
			// IE error sometimes returns 1223 when it should be 204 so treat it as success, see #1450
			return !xhr.status && location.protocol == "file:" ||
				( xhr.status >= 200 && xhr.status < 300 ) || xhr.status == 304 || xhr.status == 1223;
		} catch(e){}
		return false;
	},

	// Determines if an XMLHttpRequest returns NotModified
	httpNotModified: function( xhr, url ) {
		try {
			var xhrRes = xhr.getResponseHeader("Last-Modified");

			// Firefox always returns 200. check Last-Modified date
			return xhr.status == 304 || xhrRes == jQuery.lastModified[url];
		} catch(e){}
		return false;
	},

	httpData: function( xhr, type, s ) {
		var ct = xhr.getResponseHeader("content-type"),
			xml = type == "xml" || !type && ct && ct.indexOf("xml") >= 0,
			data = xml ? xhr.responseXML : xhr.responseText;

		if ( xml && data.documentElement.tagName == "parsererror" )
			throw "parsererror";
			
		// Allow a pre-filtering function to sanitize the response
		// s != null is checked to keep backwards compatibility
		if( s && s.dataFilter )
			data = s.dataFilter( data, type );

		// The filter can actually parse the response
		if( typeof data === "string" ){

			// If the type is "script", eval it in global context
			if ( type == "script" )
				jQuery.globalEval( data );

			// Get the JavaScript object, if JSON is used.
			if ( type == "json" )
				data = window["eval"]("(" + data + ")");
		}
		
		return data;
	},

	// Serialize an array of form elements or a set of
	// key/values into a query string
	param: function( a ) {
		var s = [ ];

		function add( key, value ){
			s[ s.length ] = encodeURIComponent(key) + '=' + encodeURIComponent(value);
		};

		// If an array was passed in, assume that it is an array
		// of form elements
		if ( jQuery.isArray(a) || a.jquery )
			// Serialize the form elements
			jQuery.each( a, function(){
				add( this.name, this.value );
			});

		// Otherwise, assume that it's an object of key/value pairs
		else
			// Serialize the key/values
			for ( var j in a )
				// If the value is an array then the key names need to be repeated
				if ( jQuery.isArray(a[j]) )
					jQuery.each( a[j], function(){
						add( j, this );
					});
				else
					add( j, jQuery.isFunction(a[j]) ? a[j]() : a[j] );

		// Return the resulting serialization
		return s.join("&").replace(/%20/g, "+");
	}

});
var elemdisplay = {},
	timerId,
	fxAttrs = [
		// height animations
		[ "height", "marginTop", "marginBottom", "paddingTop", "paddingBottom" ],
		// width animations
		[ "width", "marginLeft", "marginRight", "paddingLeft", "paddingRight" ],
		// opacity animations
		[ "opacity" ]
	];

function genFx( type, num ){
	var obj = {};
	jQuery.each( fxAttrs.concat.apply([], fxAttrs.slice(0,num)), function(){
		obj[ this ] = type;
	});
	return obj;
}

jQuery.fn.extend({
	show: function(speed,callback){
		if ( speed ) {
			return this.animate( genFx("show", 3), speed, callback);
		} else {
			for ( var i = 0, l = this.length; i < l; i++ ){
				var old = jQuery.data(this[i], "olddisplay");
				
				this[i].style.display = old || "";
				
				if ( jQuery.css(this[i], "display") === "none" ) {
					var tagName = this[i].tagName, display;
					
					if ( elemdisplay[ tagName ] ) {
						display = elemdisplay[ tagName ];
					} else {
						var elem = jQuery("<" + tagName + " />").appendTo("body");
						
						display = elem.css("display");
						if ( display === "none" )
							display = "block";
						
						elem.remove();
						
						elemdisplay[ tagName ] = display;
					}
					
					jQuery.data(this[i], "olddisplay", display);
				}
			}

			// Set the display of the elements in a second loop
			// to avoid the constant reflow
			for ( var i = 0, l = this.length; i < l; i++ ){
				this[i].style.display = jQuery.data(this[i], "olddisplay") || "";
			}
			
			return this;
		}
	},

	hide: function(speed,callback){
		if ( speed ) {
			return this.animate( genFx("hide", 3), speed, callback);
		} else {
			for ( var i = 0, l = this.length; i < l; i++ ){
				var old = jQuery.data(this[i], "olddisplay");
				if ( !old && old !== "none" )
					jQuery.data(this[i], "olddisplay", jQuery.css(this[i], "display"));
			}

			// Set the display of the elements in a second loop
			// to avoid the constant reflow
			for ( var i = 0, l = this.length; i < l; i++ ){
				this[i].style.display = "none";
			}

			return this;
		}
	},

	// Save the old toggle function
	_toggle: jQuery.fn.toggle,

	toggle: function( fn, fn2 ){
		var bool = typeof fn === "boolean";

		return jQuery.isFunction(fn) && jQuery.isFunction(fn2) ?
			this._toggle.apply( this, arguments ) :
			fn == null || bool ?
				this.each(function(){
					var state = bool ? fn : jQuery(this).is(":hidden");
					jQuery(this)[ state ? "show" : "hide" ]();
				}) :
				this.animate(genFx("toggle", 3), fn, fn2);
	},

	fadeTo: function(speed,to,callback){
		return this.animate({opacity: to}, speed, callback);
	},

	animate: function( prop, speed, easing, callback ) {
		var optall = jQuery.speed(speed, easing, callback);

		return this[ optall.queue === false ? "each" : "queue" ](function(){
		
			var opt = jQuery.extend({}, optall), p,
				hidden = this.nodeType == 1 && jQuery(this).is(":hidden"),
				self = this;
	
			for ( p in prop ) {
				if ( prop[p] == "hide" && hidden || prop[p] == "show" && !hidden )
					return opt.complete.call(this);

				if ( ( p == "height" || p == "width" ) && this.style ) {
					// Store display property
					opt.display = jQuery.css(this, "display");

					// Make sure that nothing sneaks out
					opt.overflow = this.style.overflow;
				}
			}

			if ( opt.overflow != null )
				this.style.overflow = "hidden";

			opt.curAnim = jQuery.extend({}, prop);

			jQuery.each( prop, function(name, val){
				var e = new jQuery.fx( self, opt, name );

				if ( /toggle|show|hide/.test(val) )
					e[ val == "toggle" ? hidden ? "show" : "hide" : val ]( prop );
				else {
					var parts = val.toString().match(/^([+-]=)?([\d+-.]+)(.*)$/),
						start = e.cur(true) || 0;

					if ( parts ) {
						var end = parseFloat(parts[2]),
							unit = parts[3] || "px";

						// We need to compute starting value
						if ( unit != "px" ) {
							self.style[ name ] = (end || 1) + unit;
							start = ((end || 1) / e.cur(true)) * start;
							self.style[ name ] = start + unit;
						}

						// If a +=/-= token was provided, we're doing a relative animation
						if ( parts[1] )
							end = ((parts[1] == "-=" ? -1 : 1) * end) + start;

						e.custom( start, end, unit );
					} else
						e.custom( start, val, "" );
				}
			});

			// For JS strict compliance
			return true;
		});
	},

	stop: function(clearQueue, gotoEnd){
		var timers = jQuery.timers;

		if (clearQueue)
			this.queue([]);

		this.each(function(){
			// go in reverse order so anything added to the queue during the loop is ignored
			for ( var i = timers.length - 1; i >= 0; i-- )
				if ( timers[i].elem == this ) {
					if (gotoEnd)
						// force the next step to be the last
						timers[i](true);
					timers.splice(i, 1);
				}
		});

		// start the next in the queue if the last step wasn't forced
		if (!gotoEnd)
			this.dequeue();

		return this;
	}

});

// Generate shortcuts for custom animations
jQuery.each({
	slideDown: genFx("show", 1),
	slideUp: genFx("hide", 1),
	slideToggle: genFx("toggle", 1),
	fadeIn: { opacity: "show" },
	fadeOut: { opacity: "hide" }
}, function( name, props ){
	jQuery.fn[ name ] = function( speed, callback ){
		return this.animate( props, speed, callback );
	};
});

jQuery.extend({

	speed: function(speed, easing, fn) {
		var opt = typeof speed === "object" ? speed : {
			complete: fn || !fn && easing ||
				jQuery.isFunction( speed ) && speed,
			duration: speed,
			easing: fn && easing || easing && !jQuery.isFunction(easing) && easing
		};

		opt.duration = jQuery.fx.off ? 0 : typeof opt.duration === "number" ? opt.duration :
			jQuery.fx.speeds[opt.duration] || jQuery.fx.speeds._default;

		// Queueing
		opt.old = opt.complete;
		opt.complete = function(){
			if ( opt.queue !== false )
				jQuery(this).dequeue();
			if ( jQuery.isFunction( opt.old ) )
				opt.old.call( this );
		};

		return opt;
	},

	easing: {
		linear: function( p, n, firstNum, diff ) {
			return firstNum + diff * p;
		},
		swing: function( p, n, firstNum, diff ) {
			return ((-Math.cos(p*Math.PI)/2) + 0.5) * diff + firstNum;
		}
	},

	timers: [],

	fx: function( elem, options, prop ){
		this.options = options;
		this.elem = elem;
		this.prop = prop;

		if ( !options.orig )
			options.orig = {};
	}

});

jQuery.fx.prototype = {

	// Simple function for setting a style value
	update: function(){
		if ( this.options.step )
			this.options.step.call( this.elem, this.now, this );

		(jQuery.fx.step[this.prop] || jQuery.fx.step._default)( this );

		// Set display property to block for height/width animations
		if ( ( this.prop == "height" || this.prop == "width" ) && this.elem.style )
			this.elem.style.display = "block";
	},

	// Get the current size
	cur: function(force){
		if ( this.elem[this.prop] != null && (!this.elem.style || this.elem.style[this.prop] == null) )
			return this.elem[ this.prop ];

		var r = parseFloat(jQuery.css(this.elem, this.prop, force));
		return r && r > -10000 ? r : parseFloat(jQuery.curCSS(this.elem, this.prop)) || 0;
	},

	// Start an animation from one number to another
	custom: function(from, to, unit){
		this.startTime = now();
		this.start = from;
		this.end = to;
		this.unit = unit || this.unit || "px";
		this.now = this.start;
		this.pos = this.state = 0;

		var self = this;
		function t(gotoEnd){
			return self.step(gotoEnd);
		}

		t.elem = this.elem;

		if ( t() && jQuery.timers.push(t) && !timerId ) {
			timerId = setInterval(function(){
				var timers = jQuery.timers;

				for ( var i = 0; i < timers.length; i++ )
					if ( !timers[i]() )
						timers.splice(i--, 1);

				if ( !timers.length ) {
					clearInterval( timerId );
					timerId = undefined;
				}
			}, 13);
		}
	},

	// Simple 'show' function
	show: function(){
		// Remember where we started, so that we can go back to it later
		this.options.orig[this.prop] = jQuery.attr( this.elem.style, this.prop );
		this.options.show = true;

		// Begin the animation
		// Make sure that we start at a small width/height to avoid any
		// flash of content
		this.custom(this.prop == "width" || this.prop == "height" ? 1 : 0, this.cur());

		// Start by showing the element
		jQuery(this.elem).show();
	},

	// Simple 'hide' function
	hide: function(){
		// Remember where we started, so that we can go back to it later
		this.options.orig[this.prop] = jQuery.attr( this.elem.style, this.prop );
		this.options.hide = true;

		// Begin the animation
		this.custom(this.cur(), 0);
	},

	// Each step of an animation
	step: function(gotoEnd){
		var t = now();

		if ( gotoEnd || t >= this.options.duration + this.startTime ) {
			this.now = this.end;
			this.pos = this.state = 1;
			this.update();

			this.options.curAnim[ this.prop ] = true;

			var done = true;
			for ( var i in this.options.curAnim )
				if ( this.options.curAnim[i] !== true )
					done = false;

			if ( done ) {
				if ( this.options.display != null ) {
					// Reset the overflow
					this.elem.style.overflow = this.options.overflow;

					// Reset the display
					this.elem.style.display = this.options.display;
					if ( jQuery.css(this.elem, "display") == "none" )
						this.elem.style.display = "block";
				}

				// Hide the element if the "hide" operation was done
				if ( this.options.hide )
					jQuery(this.elem).hide();

				// Reset the properties, if the item has been hidden or shown
				if ( this.options.hide || this.options.show )
					for ( var p in this.options.curAnim )
						jQuery.attr(this.elem.style, p, this.options.orig[p]);
					
				// Execute the complete function
				this.options.complete.call( this.elem );
			}

			return false;
		} else {
			var n = t - this.startTime;
			this.state = n / this.options.duration;

			// Perform the easing function, defaults to swing
			this.pos = jQuery.easing[this.options.easing || (jQuery.easing.swing ? "swing" : "linear")](this.state, n, 0, 1, this.options.duration);
			this.now = this.start + ((this.end - this.start) * this.pos);

			// Perform the next step of the animation
			this.update();
		}

		return true;
	}

};

jQuery.extend( jQuery.fx, {
	speeds:{
		slow: 600,
 		fast: 200,
 		// Default speed
 		_default: 400
	},
	step: {

		opacity: function(fx){
			jQuery.attr(fx.elem.style, "opacity", fx.now);
		},

		_default: function(fx){
			if ( fx.elem.style && fx.elem.style[ fx.prop ] != null )
				fx.elem.style[ fx.prop ] = fx.now + fx.unit;
			else
				fx.elem[ fx.prop ] = fx.now;
		}
	}
});
if ( document.documentElement["getBoundingClientRect"] )
	jQuery.fn.offset = function() {
		if ( !this[0] ) return { top: 0, left: 0 };
		if ( this[0] === this[0].ownerDocument.body ) return jQuery.offset.bodyOffset( this[0] );
		var box  = this[0].getBoundingClientRect(), doc = this[0].ownerDocument, body = doc.body, docElem = doc.documentElement,
			clientTop = docElem.clientTop || body.clientTop || 0, clientLeft = docElem.clientLeft || body.clientLeft || 0,
			top  = box.top  + (self.pageYOffset || jQuery.boxModel && docElem.scrollTop  || body.scrollTop ) - clientTop,
			left = box.left + (self.pageXOffset || jQuery.boxModel && docElem.scrollLeft || body.scrollLeft) - clientLeft;
		return { top: top, left: left };
	};
else 
	jQuery.fn.offset = function() {
		if ( !this[0] ) return { top: 0, left: 0 };
		if ( this[0] === this[0].ownerDocument.body ) return jQuery.offset.bodyOffset( this[0] );
		jQuery.offset.initialized || jQuery.offset.initialize();

		var elem = this[0], offsetParent = elem.offsetParent, prevOffsetParent = elem,
			doc = elem.ownerDocument, computedStyle, docElem = doc.documentElement,
			body = doc.body, defaultView = doc.defaultView,
			prevComputedStyle = defaultView.getComputedStyle(elem, null),
			top = elem.offsetTop, left = elem.offsetLeft;

		while ( (elem = elem.parentNode) && elem !== body && elem !== docElem ) {
			computedStyle = defaultView.getComputedStyle(elem, null);
			top -= elem.scrollTop, left -= elem.scrollLeft;
			if ( elem === offsetParent ) {
				top += elem.offsetTop, left += elem.offsetLeft;
				if ( jQuery.offset.doesNotAddBorder && !(jQuery.offset.doesAddBorderForTableAndCells && /^t(able|d|h)$/i.test(elem.tagName)) )
					top  += parseInt( computedStyle.borderTopWidth,  10) || 0,
					left += parseInt( computedStyle.borderLeftWidth, 10) || 0;
				prevOffsetParent = offsetParent, offsetParent = elem.offsetParent;
			}
			if ( jQuery.offset.subtractsBorderForOverflowNotVisible && computedStyle.overflow !== "visible" )
				top  += parseInt( computedStyle.borderTopWidth,  10) || 0,
				left += parseInt( computedStyle.borderLeftWidth, 10) || 0;
			prevComputedStyle = computedStyle;
		}

		if ( prevComputedStyle.position === "relative" || prevComputedStyle.position === "static" )
			top  += body.offsetTop,
			left += body.offsetLeft;

		if ( prevComputedStyle.position === "fixed" )
			top  += Math.max(docElem.scrollTop, body.scrollTop),
			left += Math.max(docElem.scrollLeft, body.scrollLeft);

		return { top: top, left: left };
	};

jQuery.offset = {
	initialize: function() {
		if ( this.initialized ) return;
		var body = document.body, container = document.createElement('div'), innerDiv, checkDiv, table, td, rules, prop, bodyMarginTop = body.style.marginTop,
			html = '<div style="position:absolute;top:0;left:0;margin:0;border:5px solid #000;padding:0;width:1px;height:1px;"><div></div></div><table style="position:absolute;top:0;left:0;margin:0;border:5px solid #000;padding:0;width:1px;height:1px;" cellpadding="0" cellspacing="0"><tr><td></td></tr></table>';

		rules = { position: 'absolute', top: 0, left: 0, margin: 0, border: 0, width: '1px', height: '1px', visibility: 'hidden' };
		for ( prop in rules ) container.style[prop] = rules[prop];

		container.innerHTML = html;
		body.insertBefore(container, body.firstChild);
		innerDiv = container.firstChild, checkDiv = innerDiv.firstChild, td = innerDiv.nextSibling.firstChild.firstChild;

		this.doesNotAddBorder = (checkDiv.offsetTop !== 5);
		this.doesAddBorderForTableAndCells = (td.offsetTop === 5);

		innerDiv.style.overflow = 'hidden', innerDiv.style.position = 'relative';
		this.subtractsBorderForOverflowNotVisible = (checkDiv.offsetTop === -5);

		body.style.marginTop = '1px';
		this.doesNotIncludeMarginInBodyOffset = (body.offsetTop === 0);
		body.style.marginTop = bodyMarginTop;

		body.removeChild(container);
		this.initialized = true;
	},

	bodyOffset: function(body) {
		jQuery.offset.initialized || jQuery.offset.initialize();
		var top = body.offsetTop, left = body.offsetLeft;
		if ( jQuery.offset.doesNotIncludeMarginInBodyOffset )
			top  += parseInt( jQuery.curCSS(body, 'marginTop',  true), 10 ) || 0,
			left += parseInt( jQuery.curCSS(body, 'marginLeft', true), 10 ) || 0;
		return { top: top, left: left };
	}
};


jQuery.fn.extend({
	position: function() {
		var left = 0, top = 0, results;

		if ( this[0] ) {
			// Get *real* offsetParent
			var offsetParent = this.offsetParent(),

			// Get correct offsets
			offset       = this.offset(),
			parentOffset = /^body|html$/i.test(offsetParent[0].tagName) ? { top: 0, left: 0 } : offsetParent.offset();

			// Subtract element margins
			// note: when an element has margin: auto the offsetLeft and marginLeft 
			// are the same in Safari causing offset.left to incorrectly be 0
			offset.top  -= num( this, 'marginTop'  );
			offset.left -= num( this, 'marginLeft' );

			// Add offsetParent borders
			parentOffset.top  += num( offsetParent, 'borderTopWidth'  );
			parentOffset.left += num( offsetParent, 'borderLeftWidth' );

			// Subtract the two offsets
			results = {
				top:  offset.top  - parentOffset.top,
				left: offset.left - parentOffset.left
			};
		}

		return results;
	},

	offsetParent: function() {
		var offsetParent = this[0].offsetParent || document.body;
		while ( offsetParent && (!/^body|html$/i.test(offsetParent.tagName) && jQuery.css(offsetParent, 'position') == 'static') )
			offsetParent = offsetParent.offsetParent;
		return jQuery(offsetParent);
	}
});


// Create scrollLeft and scrollTop methods
jQuery.each( ['Left', 'Top'], function(i, name) {
	var method = 'scroll' + name;
	
	jQuery.fn[ method ] = function(val) {
		if (!this[0]) return null;

		return val !== undefined ?

			// Set the scroll offset
			this.each(function() {
				this == window || this == document ?
					window.scrollTo(
						!i ? val : jQuery(window).scrollLeft(),
						 i ? val : jQuery(window).scrollTop()
					) :
					this[ method ] = val;
			}) :

			// Return the scroll offset
			this[0] == window || this[0] == document ?
				self[ i ? 'pageYOffset' : 'pageXOffset' ] ||
					jQuery.boxModel && document.documentElement[ method ] ||
					document.body[ method ] :
				this[0][ method ];
	};
});
// Create innerHeight, innerWidth, outerHeight and outerWidth methods
jQuery.each([ "Height", "Width" ], function(i, name){

	var tl = i ? "Left"  : "Top",  // top or left
		br = i ? "Right" : "Bottom", // bottom or right
		lower = name.toLowerCase();

	// innerHeight and innerWidth
	jQuery.fn["inner" + name] = function(){
		return this[0] ?
			jQuery.css( this[0], lower, false, "padding" ) :
			null;
	};

	// outerHeight and outerWidth
	jQuery.fn["outer" + name] = function(margin) {
		return this[0] ?
			jQuery.css( this[0], lower, false, margin ? "margin" : "border" ) :
			null;
	};
	
	var type = name.toLowerCase();

	jQuery.fn[ type ] = function( size ) {
		// Get window width or height
		return this[0] == window ?
			// Everyone else use document.documentElement or document.body depending on Quirks vs Standards mode
			document.compatMode == "CSS1Compat" && document.documentElement[ "client" + name ] ||
			document.body[ "client" + name ] :

			// Get document width or height
			this[0] == document ?
				// Either scroll[Width/Height] or offset[Width/Height], whichever is greater
				Math.max(
					document.documentElement["client" + name],
					document.body["scroll" + name], document.documentElement["scroll" + name],
					document.body["offset" + name], document.documentElement["offset" + name]
				) :

				// Get or set width or height on the element
				size === undefined ?
					// Get width or height on the element
					(this.length ? jQuery.css( this[0], type ) : null) :

					// Set the width or height on the element (default to pixels if value is unitless)
					this.css( type, typeof size === "string" ? size : size + "px" );
	};

});
})();
, args=[]}]
三月 23, 2014 4:21:30 下午 org.openqa.selenium.remote.RemoteWebDriver log
信息: Executed: [d43789d4-b98b-a149-b803-d3e259123046, executeScript {script=/*!
 * jQuery JavaScript Library v1.3.2
 * http://jquery.com/
 *
 * Copyright (c) 2009 John Resig
 * Dual licensed under the MIT and GPL licenses.
 * http://docs.jquery.com/License
 *
 * Date: 2009-02-19 17:34:21 -0500 (Thu, 19 Feb 2009)
 * Revision: 6246
 */
(function(){

var 
	// Will speed up references to window, and allows munging its name.
	window = this,
	// Will speed up references to undefined, and allows munging its name.
	undefined,
	// Map over jQuery in case of overwrite
	_jQuery = window.jQuery,
	// Map over the $ in case of overwrite
	_$ = window.$,

	jQuery = window.jQuery = window.$ = function( selector, context ) {
		// The jQuery object is actually just the init constructor 'enhanced'
		return new jQuery.fn.init( selector, context );
	},

	// A simple way to check for HTML strings or ID strings
	// (both of which we optimize for)
	quickExpr = /^[^<]*(<(.|\s)+>)[^>]*$|^#([\w-]+)$/,
	// Is it a simple selector
	isSimple = /^.[^:#\[\.,]*$/;

jQuery.fn = jQuery.prototype = {
	init: function( selector, context ) {
		// Make sure that a selection was provided
		selector = selector || document;

		// Handle $(DOMElement)
		if ( selector.nodeType ) {
			this[0] = selector;
			this.length = 1;
			this.context = selector;
			return this;
		}
		// Handle HTML strings
		if ( typeof selector === "string" ) {
			// Are we dealing with HTML string or an ID?
			var match = quickExpr.exec( selector );

			// Verify a match, and that no context was specified for #id
			if ( match && (match[1] || !context) ) {

				// HANDLE: $(html) -> $(array)
				if ( match[1] )
					selector = jQuery.clean( [ match[1] ], context );

				// HANDLE: $("#id")
				else {
					var elem = document.getElementById( match[3] );

					// Handle the case where IE and Opera return items
					// by name instead of ID
					if ( elem && elem.id != match[3] )
						return jQuery().find( selector );

					// Otherwise, we inject the element directly into the jQuery object
					var ret = jQuery( elem || [] );
					ret.context = document;
					ret.selector = selector;
					return ret;
				}

			// HANDLE: $(expr, [context])
			// (which is just equivalent to: $(content).find(expr)
			} else
				return jQuery( context ).find( selector );

		// HANDLE: $(function)
		// Shortcut for document ready
		} else if ( jQuery.isFunction( selector ) )
			return jQuery( document ).ready( selector );

		// Make sure that old selector state is passed along
		if ( selector.selector && selector.context ) {
			this.selector = selector.selector;
			this.context = selector.context;
		}

		return this.setArray(jQuery.isArray( selector ) ?
			selector :
			jQuery.makeArray(selector));
	},

	// Start with an empty selector
	selector: "",

	// The current version of jQuery being used
	jquery: "1.3.2",

	// The number of elements contained in the matched element set
	size: function() {
		return this.length;
	},

	// Get the Nth element in the matched element set OR
	// Get the whole matched element set as a clean array
	get: function( num ) {
		return num === undefined ?

			// Return a 'clean' array
			Array.prototype.slice.call( this ) :

			// Return just the object
			this[ num ];
	},

	// Take an array of elements and push it onto the stack
	// (returning the new matched element set)
	pushStack: function( elems, name, selector ) {
		// Build a new jQuery matched element set
		var ret = jQuery( elems );

		// Add the old object onto the stack (as a reference)
		ret.prevObject = this;

		ret.context = this.context;

		if ( name === "find" )
			ret.selector = this.selector + (this.selector ? " " : "") + selector;
		else if ( name )
			ret.selector = this.selector + "." + name + "(" + selector + ")";

		// Return the newly-formed element set
		return ret;
	},

	// Force the current matched set of elements to become
	// the specified array of elements (destroying the stack in the process)
	// You should use pushStack() in order to do this, but maintain the stack
	setArray: function( elems ) {
		// Resetting the length to 0, then using the native Array push
		// is a super-fast way to populate an object with array-like properties
		this.length = 0;
		Array.prototype.push.apply( this, elems );

		return this;
	},

	// Execute a callback for every element in the matched set.
	// (You can seed the arguments with an array of args, but this is
	// only used internally.)
	each: function( callback, args ) {
		return jQuery.each( this, callback, args );
	},

	// Determine the position of an element within
	// the matched set of elements
	index: function( elem ) {
		// Locate the position of the desired element
		return jQuery.inArray(
			// If it receives a jQuery object, the first element is used
			elem && elem.jquery ? elem[0] : elem
		, this );
	},

	attr: function( name, value, type ) {
		var options = name;

		// Look for the case where we're accessing a style value
		if ( typeof name === "string" )
			if ( value === undefined )
				return this[0] && jQuery[ type || "attr" ]( this[0], name );

			else {
				options = {};
				options[ name ] = value;
			}

		// Check to see if we're setting style values
		return this.each(function(i){
			// Set all the styles
			for ( name in options )
				jQuery.attr(
					type ?
						this.style :
						this,
					name, jQuery.prop( this, options[ name ], type, i, name )
				);
		});
	},

	css: function( key, value ) {
		// ignore negative width and height values
		if ( (key == 'width' || key == 'height') && parseFloat(value) < 0 )
			value = undefined;
		return this.attr( key, value, "curCSS" );
	},

	text: function( text ) {
		if ( typeof text !== "object" && text != null )
			return this.empty().append( (this[0] && this[0].ownerDocument || document).createTextNode( text ) );

		var ret = "";

		jQuery.each( text || this, function(){
			jQuery.each( this.childNodes, function(){
				if ( this.nodeType != 8 )
					ret += this.nodeType != 1 ?
						this.nodeValue :
						jQuery.fn.text( [ this ] );
			});
		});

		return ret;
	},

	wrapAll: function( html ) {
		if ( this[0] ) {
			// The elements to wrap the target around
			var wrap = jQuery( html, this[0].ownerDocument ).clone();

			if ( this[0].parentNode )
				wrap.insertBefore( this[0] );

			wrap.map(function(){
				var elem = this;

				while ( elem.firstChild )
					elem = elem.firstChild;

				return elem;
			}).append(this);
		}

		return this;
	},

	wrapInner: function( html ) {
		return this.each(function(){
			jQuery( this ).contents().wrapAll( html );
		});
	},

	wrap: function( html ) {
		return this.each(function(){
			jQuery( this ).wrapAll( html );
		});
	},

	append: function() {
		return this.domManip(arguments, true, function(elem){
			if (this.nodeType == 1)
				this.appendChild( elem );
		});
	},

	prepend: function() {
		return this.domManip(arguments, true, function(elem){
			if (this.nodeType == 1)
				this.insertBefore( elem, this.firstChild );
		});
	},

	before: function() {
		return this.domManip(arguments, false, function(elem){
			this.parentNode.insertBefore( elem, this );
		});
	},

	after: function() {
		return this.domManip(arguments, false, function(elem){
			this.parentNode.insertBefore( elem, this.nextSibling );
		});
	},

	end: function() {
		return this.prevObject || jQuery( [] );
	},

	// For internal use only.
	// Behaves like an Array's method, not like a jQuery method.
	push: [].push,
	sort: [].sort,
	splice: [].splice,

	find: function( selector ) {
		if ( this.length === 1 ) {
			var ret = this.pushStack( [], "find", selector );
			ret.length = 0;
			jQuery.find( selector, this[0], ret );
			return ret;
		} else {
			return this.pushStack( jQuery.unique(jQuery.map(this, function(elem){
				return jQuery.find( selector, elem );
			})), "find", selector );
		}
	},

	clone: function( events ) {
		// Do the clone
		var ret = this.map(function(){
			if ( !jQuery.support.noCloneEvent && !jQuery.isXMLDoc(this) ) {
				// IE copies events bound via attachEvent when
				// using cloneNode. Calling detachEvent on the
				// clone will also remove the events from the orignal
				// In order to get around this, we use innerHTML.
				// Unfortunately, this means some modifications to
				// attributes in IE that are actually only stored
				// as properties will not be copied (such as the
				// the name attribute on an input).
				var html = this.outerHTML;
				if ( !html ) {
					var div = this.ownerDocument.createElement("div");
					div.appendChild( this.cloneNode(true) );
					html = div.innerHTML;
				}

				return jQuery.clean([html.replace(/ jQuery\d+="(?:\d+|null)"/g, "").replace(/^\s*/, "")])[0];
			} else
				return this.cloneNode(true);
		});

		// Copy the events from the original to the clone
		if ( events === true ) {
			var orig = this.find("*").andSelf(), i = 0;

			ret.find("*").andSelf().each(function(){
				if ( this.nodeName !== orig[i].nodeName )
					return;

				var events = jQuery.data( orig[i], "events" );

				for ( var type in events ) {
					for ( var handler in events[ type ] ) {
						jQuery.event.add( this, type, events[ type ][ handler ], events[ type ][ handler ].data );
					}
				}

				i++;
			});
		}

		// Return the cloned set
		return ret;
	},

	filter: function( selector ) {
		return this.pushStack(
			jQuery.isFunction( selector ) &&
			jQuery.grep(this, function(elem, i){
				return selector.call( elem, i );
			}) ||

			jQuery.multiFilter( selector, jQuery.grep(this, function(elem){
				return elem.nodeType === 1;
			}) ), "filter", selector );
	},

	closest: function( selector ) {
		var pos = jQuery.expr.match.POS.test( selector ) ? jQuery(selector) : null,
			closer = 0;

		return this.map(function(){
			var cur = this;
			while ( cur && cur.ownerDocument ) {
				if ( pos ? pos.index(cur) > -1 : jQuery(cur).is(selector) ) {
					jQuery.data(cur, "closest", closer);
					return cur;
				}
				cur = cur.parentNode;
				closer++;
			}
		});
	},

	not: function( selector ) {
		if ( typeof selector === "string" )
			// test special case where just one selector is passed in
			if ( isSimple.test( selector ) )
				return this.pushStack( jQuery.multiFilter( selector, this, true ), "not", selector );
			else
				selector = jQuery.multiFilter( selector, this );

		var isArrayLike = selector.length && selector[selector.length - 1] !== undefined && !selector.nodeType;
		return this.filter(function() {
			return isArrayLike ? jQuery.inArray( this, selector ) < 0 : this != selector;
		});
	},

	add: function( selector ) {
		return this.pushStack( jQuery.unique( jQuery.merge(
			this.get(),
			typeof selector === "string" ?
				jQuery( selector ) :
				jQuery.makeArray( selector )
		)));
	},

	is: function( selector ) {
		return !!selector && jQuery.multiFilter( selector, this ).length > 0;
	},

	hasClass: function( selector ) {
		return !!selector && this.is( "." + selector );
	},

	val: function( value ) {
		if ( value === undefined ) {			
			var elem = this[0];

			if ( elem ) {
				if( jQuery.nodeName( elem, 'option' ) )
					return (elem.attributes.value || {}).specified ? elem.value : elem.text;
				
				// We need to handle select boxes special
				if ( jQuery.nodeName( elem, "select" ) ) {
					var index = elem.selectedIndex,
						values = [],
						options = elem.options,
						one = elem.type == "select-one";

					// Nothing was selected
					if ( index < 0 )
						return null;

					// Loop through all the selected options
					for ( var i = one ? index : 0, max = one ? index + 1 : options.length; i < max; i++ ) {
						var option = options[ i ];

						if ( option.selected ) {
							// Get the specifc value for the option
							value = jQuery(option).val();

							// We don't need an array for one selects
							if ( one )
								return value;

							// Multi-Selects return an array
							values.push( value );
						}
					}

					return values;				
				}

				// Everything else, we just grab the value
				return (elem.value || "").replace(/\r/g, "");

			}

			return undefined;
		}

		if ( typeof value === "number" )
			value += '';

		return this.each(function(){
			if ( this.nodeType != 1 )
				return;

			if ( jQuery.isArray(value) && /radio|checkbox/.test( this.type ) )
				this.checked = (jQuery.inArray(this.value, value) >= 0 ||
					jQuery.inArray(this.name, value) >= 0);

			else if ( jQuery.nodeName( this, "select" ) ) {
				var values = jQuery.makeArray(value);

				jQuery( "option", this ).each(function(){
					this.selected = (jQuery.inArray( this.value, values ) >= 0 ||
						jQuery.inArray( this.text, values ) >= 0);
				});

				if ( !values.length )
					this.selectedIndex = -1;

			} else
				this.value = value;
		});
	},

	html: function( value ) {
		return value === undefined ?
			(this[0] ?
				this[0].innerHTML.replace(/ jQuery\d+="(?:\d+|null)"/g, "") :
				null) :
			this.empty().append( value );
	},

	replaceWith: function( value ) {
		return this.after( value ).remove();
	},

	eq: function( i ) {
		return this.slice( i, +i + 1 );
	},

	slice: function() {
		return this.pushStack( Array.prototype.slice.apply( this, arguments ),
			"slice", Array.prototype.slice.call(arguments).join(",") );
	},

	map: function( callback ) {
		return this.pushStack( jQuery.map(this, function(elem, i){
			return callback.call( elem, i, elem );
		}));
	},

	andSelf: function() {
		return this.add( this.prevObject );
	},

	domManip: function( args, table, callback ) {
		if ( this[0] ) {
			var fragment = (this[0].ownerDocument || this[0]).createDocumentFragment(),
				scripts = jQuery.clean( args, (this[0].ownerDocument || this[0]), fragment ),
				first = fragment.firstChild;

			if ( first )
				for ( var i = 0, l = this.length; i < l; i++ )
					callback.call( root(this[i], first), this.length > 1 || i > 0 ?
							fragment.cloneNode(true) : fragment );
		
			if ( scripts )
				jQuery.each( scripts, evalScript );
		}

		return this;
		
		function root( elem, cur ) {
			return table && jQuery.nodeName(elem, "table") && jQuery.nodeName(cur, "tr") ?
				(elem.getElementsByTagName("tbody")[0] ||
				elem.appendChild(elem.ownerDocument.createElement("tbody"))) :
				elem;
		}
	}
};

// Give the init function the jQuery prototype for later instantiation
jQuery.fn.init.prototype = jQuery.fn;

function evalScript( i, elem ) {
	if ( elem.src )
		jQuery.ajax({
			url: elem.src,
			async: false,
			dataType: "script"
		});

	else
		jQuery.globalEval( elem.text || elem.textContent || elem.innerHTML || "" );

	if ( elem.parentNode )
		elem.parentNode.removeChild( elem );
}

function now(){
	return +new Date;
}

jQuery.extend = jQuery.fn.extend = function() {
	// copy reference to target object
	var target = arguments[0] || {}, i = 1, length = arguments.length, deep = false, options;

	// Handle a deep copy situation
	if ( typeof target === "boolean" ) {
		deep = target;
		target = arguments[1] || {};
		// skip the boolean and the target
		i = 2;
	}

	// Handle case when target is a string or something (possible in deep copy)
	if ( typeof target !== "object" && !jQuery.isFunction(target) )
		target = {};

	// extend jQuery itself if only one argument is passed
	if ( length == i ) {
		target = this;
		--i;
	}

	for ( ; i < length; i++ )
		// Only deal with non-null/undefined values
		if ( (options = arguments[ i ]) != null )
			// Extend the base object
			for ( var name in options ) {
				var src = target[ name ], copy = options[ name ];

				// Prevent never-ending loop
				if ( target === copy )
					continue;

				// Recurse if we're merging object values
				if ( deep && copy && typeof copy === "object" && !copy.nodeType )
					target[ name ] = jQuery.extend( deep, 
						// Never move original objects, clone them
						src || ( copy.length != null ? [ ] : { } )
					, copy );

				// Don't bring in undefined values
				else if ( copy !== undefined )
					target[ name ] = copy;

			}

	// Return the modified object
	return target;
};

// exclude the following css properties to add px
var	exclude = /z-?index|font-?weight|opacity|zoom|line-?height/i,
	// cache defaultView
	defaultView = document.defaultView || {},
	toString = Object.prototype.toString;

jQuery.extend({
	noConflict: function( deep ) {
		window.$ = _$;

		if ( deep )
			window.jQuery = _jQuery;

		return jQuery;
	},

	// See test/unit/core.js for details concerning isFunction.
	// Since version 1.3, DOM methods and functions like alert
	// aren't supported. They return false on IE (#2968).
	isFunction: function( obj ) {
		return toString.call(obj) === "[object Function]";
	},

	isArray: function( obj ) {
		return toString.call(obj) === "[object Array]";
	},

	// check if an element is in a (or is an) XML document
	isXMLDoc: function( elem ) {
		return elem.nodeType === 9 && elem.documentElement.nodeName !== "HTML" ||
			!!elem.ownerDocument && jQuery.isXMLDoc( elem.ownerDocument );
	},

	// Evalulates a script in a global context
	globalEval: function( data ) {
		if ( data && /\S/.test(data) ) {
			// Inspired by code by Andrea Giammarchi
			// http://webreflection.blogspot.com/2007/08/global-scope-evaluation-and-dom.html
			var head = document.getElementsByTagName("head")[0] || document.documentElement,
				script = document.createElement("script");

			script.type = "text/javascript";
			if ( jQuery.support.scriptEval )
				script.appendChild( document.createTextNode( data ) );
			else
				script.text = data;

			// Use insertBefore instead of appendChild  to circumvent an IE6 bug.
			// This arises when a base node is used (#2709).
			head.insertBefore( script, head.firstChild );
			head.removeChild( script );
		}
	},

	nodeName: function( elem, name ) {
		return elem.nodeName && elem.nodeName.toUpperCase() == name.toUpperCase();
	},

	// args is for internal usage only
	each: function( object, callback, args ) {
		var name, i = 0, length = object.length;

		if ( args ) {
			if ( length === undefined ) {
				for ( name in object )
					if ( callback.apply( object[ name ], args ) === false )
						break;
			} else
				for ( ; i < length; )
					if ( callback.apply( object[ i++ ], args ) === false )
						break;

		// A special, fast, case for the most common use of each
		} else {
			if ( length === undefined ) {
				for ( name in object )
					if ( callback.call( object[ name ], name, object[ name ] ) === false )
						break;
			} else
				for ( var value = object[0];
					i < length && callback.call( value, i, value ) !== false; value = object[++i] ){}
		}

		return object;
	},

	prop: function( elem, value, type, i, name ) {
		// Handle executable functions
		if ( jQuery.isFunction( value ) )
			value = value.call( elem, i );

		// Handle passing in a number to a CSS property
		return typeof value === "number" && type == "curCSS" && !exclude.test( name ) ?
			value + "px" :
			value;
	},

	className: {
		// internal only, use addClass("class")
		add: function( elem, classNames ) {
			jQuery.each((classNames || "").split(/\s+/), function(i, className){
				if ( elem.nodeType == 1 && !jQuery.className.has( elem.className, className ) )
					elem.className += (elem.className ? " " : "") + className;
			});
		},

		// internal only, use removeClass("class")
		remove: function( elem, classNames ) {
			if (elem.nodeType == 1)
				elem.className = classNames !== undefined ?
					jQuery.grep(elem.className.split(/\s+/), function(className){
						return !jQuery.className.has( classNames, className );
					}).join(" ") :
					"";
		},

		// internal only, use hasClass("class")
		has: function( elem, className ) {
			return elem && jQuery.inArray( className, (elem.className || elem).toString().split(/\s+/) ) > -1;
		}
	},

	// A method for quickly swapping in/out CSS properties to get correct calculations
	swap: function( elem, options, callback ) {
		var old = {};
		// Remember the old values, and insert the new ones
		for ( var name in options ) {
			old[ name ] = elem.style[ name ];
			elem.style[ name ] = options[ name ];
		}

		callback.call( elem );

		// Revert the old values
		for ( var name in options )
			elem.style[ name ] = old[ name ];
	},

	css: function( elem, name, force, extra ) {
		if ( name == "width" || name == "height" ) {
			var val, props = { position: "absolute", visibility: "hidden", display:"block" }, which = name == "width" ? [ "Left", "Right" ] : [ "Top", "Bottom" ];

			function getWH() {
				val = name == "width" ? elem.offsetWidth : elem.offsetHeight;

				if ( extra === "border" )
					return;

				jQuery.each( which, function() {
					if ( !extra )
						val -= parseFloat(jQuery.curCSS( elem, "padding" + this, true)) || 0;
					if ( extra === "margin" )
						val += parseFloat(jQuery.curCSS( elem, "margin" + this, true)) || 0;
					else
						val -= parseFloat(jQuery.curCSS( elem, "border" + this + "Width", true)) || 0;
				});
			}

			if ( elem.offsetWidth !== 0 )
				getWH();
			else
				jQuery.swap( elem, props, getWH );

			return Math.max(0, Math.round(val));
		}

		return jQuery.curCSS( elem, name, force );
	},

	curCSS: function( elem, name, force ) {
		var ret, style = elem.style;

		// We need to handle opacity special in IE
		if ( name == "opacity" && !jQuery.support.opacity ) {
			ret = jQuery.attr( style, "opacity" );

			return ret == "" ?
				"1" :
				ret;
		}

		// Make sure we're using the right name for getting the float value
		if ( name.match( /float/i ) )
			name = styleFloat;

		if ( !force && style && style[ name ] )
			ret = style[ name ];

		else if ( defaultView.getComputedStyle ) {

			// Only "float" is needed here
			if ( name.match( /float/i ) )
				name = "float";

			name = name.replace( /([A-Z])/g, "-$1" ).toLowerCase();

			var computedStyle = defaultView.getComputedStyle( elem, null );

			if ( computedStyle )
				ret = computedStyle.getPropertyValue( name );

			// We should always get a number back from opacity
			if ( name == "opacity" && ret == "" )
				ret = "1";

		} else if ( elem.currentStyle ) {
			var camelCase = name.replace(/\-(\w)/g, function(all, letter){
				return letter.toUpperCase();
			});

			ret = elem.currentStyle[ name ] || elem.currentStyle[ camelCase ];

			// From the awesome hack by Dean Edwards
			// http://erik.eae.net/archives/2007/07/27/18.54.15/#comment-102291

			// If we're not dealing with a regular pixel number
			// but a number that has a weird ending, we need to convert it to pixels
			if ( !/^\d+(px)?$/i.test( ret ) && /^\d/.test( ret ) ) {
				// Remember the original values
				var left = style.left, rsLeft = elem.runtimeStyle.left;

				// Put in the new values to get a computed value out
				elem.runtimeStyle.left = elem.currentStyle.left;
				style.left = ret || 0;
				ret = style.pixelLeft + "px";

				// Revert the changed values
				style.left = left;
				elem.runtimeStyle.left = rsLeft;
			}
		}

		return ret;
	},

	clean: function( elems, context, fragment ) {
		context = context || document;

		// !context.createElement fails in IE with an error but returns typeof 'object'
		if ( typeof context.createElement === "undefined" )
			context = context.ownerDocument || context[0] && context[0].ownerDocument || document;

		// If a single string is passed in and it's a single tag
		// just do a createElement and skip the rest
		if ( !fragment && elems.length === 1 && typeof elems[0] === "string" ) {
			var match = /^<(\w+)\s*\/?>$/.exec(elems[0]);
			if ( match )
				return [ context.createElement( match[1] ) ];
		}

		var ret = [], scripts = [], div = context.createElement("div");

		jQuery.each(elems, function(i, elem){
			if ( typeof elem === "number" )
				elem += '';

			if ( !elem )
				return;

			// Convert html string into DOM nodes
			if ( typeof elem === "string" ) {
				// Fix "XHTML"-style tags in all browsers
				elem = elem.replace(/(<(\w+)[^>]*?)\/>/g, function(all, front, tag){
					return tag.match(/^(abbr|br|col|img|input|link|meta|param|hr|area|embed)$/i) ?
						all :
						front + "></" + tag + ">";
				});

				// Trim whitespace, otherwise indexOf won't work as expected
				var tags = elem.replace(/^\s+/, "").substring(0, 10).toLowerCase();

				var wrap =
					// option or optgroup
					!tags.indexOf("<opt") &&
					[ 1, "<select multiple='multiple'>", "</select>" ] ||

					!tags.indexOf("<leg") &&
					[ 1, "<fieldset>", "</fieldset>" ] ||

					tags.match(/^<(thead|tbody|tfoot|colg|cap)/) &&
					[ 1, "<table>", "</table>" ] ||

					!tags.indexOf("<tr") &&
					[ 2, "<table><tbody>", "</tbody></table>" ] ||

				 	// <thead> matched above
					(!tags.indexOf("<td") || !tags.indexOf("<th")) &&
					[ 3, "<table><tbody><tr>", "</tr></tbody></table>" ] ||

					!tags.indexOf("<col") &&
					[ 2, "<table><tbody></tbody><colgroup>", "</colgroup></table>" ] ||

					// IE can't serialize <link> and <script> tags normally
					!jQuery.support.htmlSerialize &&
					[ 1, "div<div>", "</div>" ] ||

					[ 0, "", "" ];

				// Go to html and back, then peel off extra wrappers
				div.innerHTML = wrap[1] + elem + wrap[2];

				// Move to the right depth
				while ( wrap[0]-- )
					div = div.lastChild;

				// Remove IE's autoinserted <tbody> from table fragments
				if ( !jQuery.support.tbody ) {

					// String was a <table>, *may* have spurious <tbody>
					var hasBody = /<tbody/i.test(elem),
						tbody = !tags.indexOf("<table") && !hasBody ?
							div.firstChild && div.firstChild.childNodes :

						// String was a bare <thead> or <tfoot>
						wrap[1] == "<table>" && !hasBody ?
							div.childNodes :
							[];

					for ( var j = tbody.length - 1; j >= 0 ; --j )
						if ( jQuery.nodeName( tbody[ j ], "tbody" ) && !tbody[ j ].childNodes.length )
							tbody[ j ].parentNode.removeChild( tbody[ j ] );

					}

				// IE completely kills leading whitespace when innerHTML is used
				if ( !jQuery.support.leadingWhitespace && /^\s/.test( elem ) )
					div.insertBefore( context.createTextNode( elem.match(/^\s*/)[0] ), div.firstChild );
				
				elem = jQuery.makeArray( div.childNodes );
			}

			if ( elem.nodeType )
				ret.push( elem );
			else
				ret = jQuery.merge( ret, elem );

		});

		if ( fragment ) {
			for ( var i = 0; ret[i]; i++ ) {
				if ( jQuery.nodeName( ret[i], "script" ) && (!ret[i].type || ret[i].type.toLowerCase() === "text/javascript") ) {
					scripts.push( ret[i].parentNode ? ret[i].parentNode.removeChild( ret[i] ) : ret[i] );
				} else {
					if ( ret[i].nodeType === 1 )
						ret.splice.apply( ret, [i + 1, 0].concat(jQuery.makeArray(ret[i].getElementsByTagName("script"))) );
					fragment.appendChild( ret[i] );
				}
			}
			
			return scripts;
		}

		return ret;
	},

	attr: function( elem, name, value ) {
		// don't set attributes on text and comment nodes
		if (!elem || elem.nodeType == 3 || elem.nodeType == 8)
			return undefined;

		var notxml = !jQuery.isXMLDoc( elem ),
			// Whether we are setting (or getting)
			set = value !== undefined;

		// Try to normalize/fix the name
		name = notxml && jQuery.props[ name ] || name;

		// Only do all the following if this is a node (faster for style)
		// IE elem.getAttribute passes even for style
		if ( elem.tagName ) {

			// These attributes require special treatment
			var special = /href|src|style/.test( name );

			// Safari mis-reports the default selected property of a hidden option
			// Accessing the parent's selectedIndex property fixes it
			if ( name == "selected" && elem.parentNode )
				elem.parentNode.selectedIndex;

			// If applicable, access the attribute via the DOM 0 way
			if ( name in elem && notxml && !special ) {
				if ( set ){
					// We can't allow the type property to be changed (since it causes problems in IE)
					if ( name == "type" && jQuery.nodeName( elem, "input" ) && elem.parentNode )
						throw "type property can't be changed";

					elem[ name ] = value;
				}

				// browsers index elements by id/name on forms, give priority to attributes.
				if( jQuery.nodeName( elem, "form" ) && elem.getAttributeNode(name) )
					return elem.getAttributeNode( name ).nodeValue;

				// elem.tabIndex doesn't always return the correct value when it hasn't been explicitly set
				// http://fluidproject.org/blog/2008/01/09/getting-setting-and-removing-tabindex-values-with-javascript/
				if ( name == "tabIndex" ) {
					var attributeNode = elem.getAttributeNode( "tabIndex" );
					return attributeNode && attributeNode.specified
						? attributeNode.value
						: elem.nodeName.match(/(button|input|object|select|textarea)/i)
							? 0
							: elem.nodeName.match(/^(a|area)$/i) && elem.href
								? 0
								: undefined;
				}

				return elem[ name ];
			}

			if ( !jQuery.support.style && notxml &&  name == "style" )
				return jQuery.attr( elem.style, "cssText", value );

			if ( set )
				// convert the value to a string (all browsers do this but IE) see #1070
				elem.setAttribute( name, "" + value );

			var attr = !jQuery.support.hrefNormalized && notxml && special
					// Some attributes require a special call on IE
					? elem.getAttribute( name, 2 )
					: elem.getAttribute( name );

			// Non-existent attributes return null, we normalize to undefined
			return attr === null ? undefined : attr;
		}

		// elem is actually elem.style ... set the style

		// IE uses filters for opacity
		if ( !jQuery.support.opacity && name == "opacity" ) {
			if ( set ) {
				// IE has trouble with opacity if it does not have layout
				// Force it by setting the zoom level
				elem.zoom = 1;

				// Set the alpha filter to set the opacity
				elem.filter = (elem.filter || "").replace( /alpha\([^)]*\)/, "" ) +
					(parseInt( value ) + '' == "NaN" ? "" : "alpha(opacity=" + value * 100 + ")");
			}

			return elem.filter && elem.filter.indexOf("opacity=") >= 0 ?
				(parseFloat( elem.filter.match(/opacity=([^)]*)/)[1] ) / 100) + '':
				"";
		}

		name = name.replace(/-([a-z])/ig, function(all, letter){
			return letter.toUpperCase();
		});

		if ( set )
			elem[ name ] = value;

		return elem[ name ];
	},

	trim: function( text ) {
		return (text || "").replace( /^\s+|\s+$/g, "" );
	},

	makeArray: function( array ) {
		var ret = [];

		if( array != null ){
			var i = array.length;
			// The window, strings (and functions) also have 'length'
			if( i == null || typeof array === "string" || jQuery.isFunction(array) || array.setInterval )
				ret[0] = array;
			else
				while( i )
					ret[--i] = array[i];
		}

		return ret;
	},

	inArray: function( elem, array ) {
		for ( var i = 0, length = array.length; i < length; i++ )
		// Use === because on IE, window == document
			if ( array[ i ] === elem )
				return i;

		return -1;
	},

	merge: function( first, second ) {
		// We have to loop this way because IE & Opera overwrite the length
		// expando of getElementsByTagName
		var i = 0, elem, pos = first.length;
		// Also, we need to make sure that the correct elements are being returned
		// (IE returns comment nodes in a '*' query)
		if ( !jQuery.support.getAll ) {
			while ( (elem = second[ i++ ]) != null )
				if ( elem.nodeType != 8 )
					first[ pos++ ] = elem;

		} else
			while ( (elem = second[ i++ ]) != null )
				first[ pos++ ] = elem;

		return first;
	},

	unique: function( array ) {
		var ret = [], done = {};

		try {

			for ( var i = 0, length = array.length; i < length; i++ ) {
				var id = jQuery.data( array[ i ] );

				if ( !done[ id ] ) {
					done[ id ] = true;
					ret.push( array[ i ] );
				}
			}

		} catch( e ) {
			ret = array;
		}

		return ret;
	},

	grep: function( elems, callback, inv ) {
		var ret = [];

		// Go through the array, only saving the items
		// that pass the validator function
		for ( var i = 0, length = elems.length; i < length; i++ )
			if ( !inv != !callback( elems[ i ], i ) )
				ret.push( elems[ i ] );

		return ret;
	},

	map: function( elems, callback ) {
		var ret = [];

		// Go through the array, translating each of the items to their
		// new value (or values).
		for ( var i = 0, length = elems.length; i < length; i++ ) {
			var value = callback( elems[ i ], i );

			if ( value != null )
				ret[ ret.length ] = value;
		}

		return ret.concat.apply( [], ret );
	}
});

// Use of jQuery.browser is deprecated.
// It's included for backwards compatibility and plugins,
// although they should work to migrate away.

var userAgent = navigator.userAgent.toLowerCase();

// Figure out what browser is being used
jQuery.browser = {
	version: (userAgent.match( /.+(?:rv|it|ra|ie)[\/: ]([\d.]+)/ ) || [0,'0'])[1],
	safari: /webkit/.test( userAgent ),
	opera: /opera/.test( userAgent ),
	msie: /msie/.test( userAgent ) && !/opera/.test( userAgent ),
	mozilla: /mozilla/.test( userAgent ) && !/(compatible|webkit)/.test( userAgent )
};

jQuery.each({
	parent: function(elem){return elem.parentNode;},
	parents: function(elem){return jQuery.dir(elem,"parentNode");},
	next: function(elem){return jQuery.nth(elem,2,"nextSibling");},
	prev: function(elem){return jQuery.nth(elem,2,"previousSibling");},
	nextAll: function(elem){return jQuery.dir(elem,"nextSibling");},
	prevAll: function(elem){return jQuery.dir(elem,"previousSibling");},
	siblings: function(elem){return jQuery.sibling(elem.parentNode.firstChild,elem);},
	children: function(elem){return jQuery.sibling(elem.firstChild);},
	contents: function(elem){return jQuery.nodeName(elem,"iframe")?elem.contentDocument||elem.contentWindow.document:jQuery.makeArray(elem.childNodes);}
}, function(name, fn){
	jQuery.fn[ name ] = function( selector ) {
		var ret = jQuery.map( this, fn );

		if ( selector && typeof selector == "string" )
			ret = jQuery.multiFilter( selector, ret );

		return this.pushStack( jQuery.unique( ret ), name, selector );
	};
});

jQuery.each({
	appendTo: "append",
	prependTo: "prepend",
	insertBefore: "before",
	insertAfter: "after",
	replaceAll: "replaceWith"
}, function(name, original){
	jQuery.fn[ name ] = function( selector ) {
		var ret = [], insert = jQuery( selector );

		for ( var i = 0, l = insert.length; i < l; i++ ) {
			var elems = (i > 0 ? this.clone(true) : this).get();
			jQuery.fn[ original ].apply( jQuery(insert[i]), elems );
			ret = ret.concat( elems );
		}

		return this.pushStack( ret, name, selector );
	};
});

jQuery.each({
	removeAttr: function( name ) {
		jQuery.attr( this, name, "" );
		if (this.nodeType == 1)
			this.removeAttribute( name );
	},

	addClass: function( classNames ) {
		jQuery.className.add( this, classNames );
	},

	removeClass: function( classNames ) {
		jQuery.className.remove( this, classNames );
	},

	toggleClass: function( classNames, state ) {
		if( typeof state !== "boolean" )
			state = !jQuery.className.has( this, classNames );
		jQuery.className[ state ? "add" : "remove" ]( this, classNames );
	},

	remove: function( selector ) {
		if ( !selector || jQuery.filter( selector, [ this ] ).length ) {
			// Prevent memory leaks
			jQuery( "*", this ).add([this]).each(function(){
				jQuery.event.remove(this);
				jQuery.removeData(this);
			});
			if (this.parentNode)
				this.parentNode.removeChild( this );
		}
	},

	empty: function() {
		// Remove element nodes and prevent memory leaks
		jQuery(this).children().remove();

		// Remove any remaining nodes
		while ( this.firstChild )
			this.removeChild( this.firstChild );
	}
}, function(name, fn){
	jQuery.fn[ name ] = function(){
		return this.each( fn, arguments );
	};
});

// Helper function used by the dimensions and offset modules
function num(elem, prop) {
	return elem[0] && parseInt( jQuery.curCSS(elem[0], prop, true), 10 ) || 0;
}
var expando = "jQuery" + now(), uuid = 0, windowData = {};

jQuery.extend({
	cache: {},

	data: function( elem, name, data ) {
		elem = elem == window ?
			windowData :
			elem;

		var id = elem[ expando ];

		// Compute a unique ID for the element
		if ( !id )
			id = elem[ expando ] = ++uuid;

		// Only generate the data cache if we're
		// trying to access or manipulate it
		if ( name && !jQuery.cache[ id ] )
			jQuery.cache[ id ] = {};

		// Prevent overriding the named cache with undefined values
		if ( data !== undefined )
			jQuery.cache[ id ][ name ] = data;

		// Return the named cache data, or the ID for the element
		return name ?
			jQuery.cache[ id ][ name ] :
			id;
	},

	removeData: function( elem, name ) {
		elem = elem == window ?
			windowData :
			elem;

		var id = elem[ expando ];

		// If we want to remove a specific section of the element's data
		if ( name ) {
			if ( jQuery.cache[ id ] ) {
				// Remove the section of cache data
				delete jQuery.cache[ id ][ name ];

				// If we've removed all the data, remove the element's cache
				name = "";

				for ( name in jQuery.cache[ id ] )
					break;

				if ( !name )
					jQuery.removeData( elem );
			}

		// Otherwise, we want to remove all of the element's data
		} else {
			// Clean up the element expando
			try {
				delete elem[ expando ];
			} catch(e){
				// IE has trouble directly removing the expando
				// but it's ok with using removeAttribute
				if ( elem.removeAttribute )
					elem.removeAttribute( expando );
			}

			// Completely remove the data cache
			delete jQuery.cache[ id ];
		}
	},
	queue: function( elem, type, data ) {
		if ( elem ){
	
			type = (type || "fx") + "queue";
	
			var q = jQuery.data( elem, type );
	
			if ( !q || jQuery.isArray(data) )
				q = jQuery.data( elem, type, jQuery.makeArray(data) );
			else if( data )
				q.push( data );
	
		}
		return q;
	},

	dequeue: function( elem, type ){
		var queue = jQuery.queue( elem, type ),
			fn = queue.shift();
		
		if( !type || type === "fx" )
			fn = queue[0];
			
		if( fn !== undefined )
			fn.call(elem);
	}
});

jQuery.fn.extend({
	data: function( key, value ){
		var parts = key.split(".");
		parts[1] = parts[1] ? "." + parts[1] : "";

		if ( value === undefined ) {
			var data = this.triggerHandler("getData" + parts[1] + "!", [parts[0]]);

			if ( data === undefined && this.length )
				data = jQuery.data( this[0], key );

			return data === undefined && parts[1] ?
				this.data( parts[0] ) :
				data;
		} else
			return this.trigger("setData" + parts[1] + "!", [parts[0], value]).each(function(){
				jQuery.data( this, key, value );
			});
	},

	removeData: function( key ){
		return this.each(function(){
			jQuery.removeData( this, key );
		});
	},
	queue: function(type, data){
		if ( typeof type !== "string" ) {
			data = type;
			type = "fx";
		}

		if ( data === undefined )
			return jQuery.queue( this[0], type );

		return this.each(function(){
			var queue = jQuery.queue( this, type, data );
			
			 if( type == "fx" && queue.length == 1 )
				queue[0].call(this);
		});
	},
	dequeue: function(type){
		return this.each(function(){
			jQuery.dequeue( this, type );
		});
	}
});/*!
 * Sizzle CSS Selector Engine - v0.9.3
 *  Copyright 2009, The Dojo Foundation
 *  Released under the MIT, BSD, and GPL Licenses.
 *  More information: http://sizzlejs.com/
 */
(function(){

var chunker = /((?:\((?:\([^()]+\)|[^()]+)+\)|\[(?:\[[^[\]]*\]|['"][^'"]*['"]|[^[\]'"]+)+\]|\\.|[^ >+~,(\[\\]+)+|[>+~])(\s*,\s*)?/g,
	done = 0,
	toString = Object.prototype.toString;

var Sizzle = function(selector, context, results, seed) {
	results = results || [];
	context = context || document;

	if ( context.nodeType !== 1 && context.nodeType !== 9 )
		return [];
	
	if ( !selector || typeof selector !== "string" ) {
		return results;
	}

	var parts = [], m, set, checkSet, check, mode, extra, prune = true;
	
	// Reset the position of the chunker regexp (start from head)
	chunker.lastIndex = 0;
	
	while ( (m = chunker.exec(selector)) !== null ) {
		parts.push( m[1] );
		
		if ( m[2] ) {
			extra = RegExp.rightContext;
			break;
		}
	}

	if ( parts.length > 1 && origPOS.exec( selector ) ) {
		if ( parts.length === 2 && Expr.relative[ parts[0] ] ) {
			set = posProcess( parts[0] + parts[1], context );
		} else {
			set = Expr.relative[ parts[0] ] ?
				[ context ] :
				Sizzle( parts.shift(), context );

			while ( parts.length ) {
				selector = parts.shift();

				if ( Expr.relative[ selector ] )
					selector += parts.shift();

				set = posProcess( selector, set );
			}
		}
	} else {
		var ret = seed ?
			{ expr: parts.pop(), set: makeArray(seed) } :
			Sizzle.find( parts.pop(), parts.length === 1 && context.parentNode ? context.parentNode : context, isXML(context) );
		set = Sizzle.filter( ret.expr, ret.set );

		if ( parts.length > 0 ) {
			checkSet = makeArray(set);
		} else {
			prune = false;
		}

		while ( parts.length ) {
			var cur = parts.pop(), pop = cur;

			if ( !Expr.relative[ cur ] ) {
				cur = "";
			} else {
				pop = parts.pop();
			}

			if ( pop == null ) {
				pop = context;
			}

			Expr.relative[ cur ]( checkSet, pop, isXML(context) );
		}
	}

	if ( !checkSet ) {
		checkSet = set;
	}

	if ( !checkSet ) {
		throw "Syntax error, unrecognized expression: " + (cur || selector);
	}

	if ( toString.call(checkSet) === "[object Array]" ) {
		if ( !prune ) {
			results.push.apply( results, checkSet );
		} else if ( context.nodeType === 1 ) {
			for ( var i = 0; checkSet[i] != null; i++ ) {
				if ( checkSet[i] && (checkSet[i] === true || checkSet[i].nodeType === 1 && contains(context, checkSet[i])) ) {
					results.push( set[i] );
				}
			}
		} else {
			for ( var i = 0; checkSet[i] != null; i++ ) {
				if ( checkSet[i] && checkSet[i].nodeType === 1 ) {
					results.push( set[i] );
				}
			}
		}
	} else {
		makeArray( checkSet, results );
	}

	if ( extra ) {
		Sizzle( extra, context, results, seed );

		if ( sortOrder ) {
			hasDuplicate = false;
			results.sort(sortOrder);

			if ( hasDuplicate ) {
				for ( var i = 1; i < results.length; i++ ) {
					if ( results[i] === results[i-1] ) {
						results.splice(i--, 1);
					}
				}
			}
		}
	}

	return results;
};

Sizzle.matches = function(expr, set){
	return Sizzle(expr, null, null, set);
};

Sizzle.find = function(expr, context, isXML){
	var set, match;

	if ( !expr ) {
		return [];
	}

	for ( var i = 0, l = Expr.order.length; i < l; i++ ) {
		var type = Expr.order[i], match;
		
		if ( (match = Expr.match[ type ].exec( expr )) ) {
			var left = RegExp.leftContext;

			if ( left.substr( left.length - 1 ) !== "\\" ) {
				match[1] = (match[1] || "").replace(/\\/g, "");
				set = Expr.find[ type ]( match, context, isXML );
				if ( set != null ) {
					expr = expr.replace( Expr.match[ type ], "" );
					break;
				}
			}
		}
	}

	if ( !set ) {
		set = context.getElementsByTagName("*");
	}

	return {set: set, expr: expr};
};

Sizzle.filter = function(expr, set, inplace, not){
	var old = expr, result = [], curLoop = set, match, anyFound,
		isXMLFilter = set && set[0] && isXML(set[0]);

	while ( expr && set.length ) {
		for ( var type in Expr.filter ) {
			if ( (match = Expr.match[ type ].exec( expr )) != null ) {
				var filter = Expr.filter[ type ], found, item;
				anyFound = false;

				if ( curLoop == result ) {
					result = [];
				}

				if ( Expr.preFilter[ type ] ) {
					match = Expr.preFilter[ type ]( match, curLoop, inplace, result, not, isXMLFilter );

					if ( !match ) {
						anyFound = found = true;
					} else if ( match === true ) {
						continue;
					}
				}

				if ( match ) {
					for ( var i = 0; (item = curLoop[i]) != null; i++ ) {
						if ( item ) {
							found = filter( item, match, i, curLoop );
							var pass = not ^ !!found;

							if ( inplace && found != null ) {
								if ( pass ) {
									anyFound = true;
								} else {
									curLoop[i] = false;
								}
							} else if ( pass ) {
								result.push( item );
								anyFound = true;
							}
						}
					}
				}

				if ( found !== undefined ) {
					if ( !inplace ) {
						curLoop = result;
					}

					expr = expr.replace( Expr.match[ type ], "" );

					if ( !anyFound ) {
						return [];
					}

					break;
				}
			}
		}

		// Improper expression
		if ( expr == old ) {
			if ( anyFound == null ) {
				throw "Syntax error, unrecognized expression: " + expr;
			} else {
				break;
			}
		}

		old = expr;
	}

	return curLoop;
};

var Expr = Sizzle.selectors = {
	order: [ "ID", "NAME", "TAG" ],
	match: {
		ID: /#((?:[\w\u00c0-\uFFFF_-]|\\.)+)/,
		CLASS: /\.((?:[\w\u00c0-\uFFFF_-]|\\.)+)/,
		NAME: /\[name=['"]*((?:[\w\u00c0-\uFFFF_-]|\\.)+)['"]*\]/,
		ATTR: /\[\s*((?:[\w\u00c0-\uFFFF_-]|\\.)+)\s*(?:(\S?=)\s*(['"]*)(.*?)\3|)\s*\]/,
		TAG: /^((?:[\w\u00c0-\uFFFF\*_-]|\\.)+)/,
		CHILD: /:(only|nth|last|first)-child(?:\((even|odd|[\dn+-]*)\))?/,
		POS: /:(nth|eq|gt|lt|first|last|even|odd)(?:\((\d*)\))?(?=[^-]|$)/,
		PSEUDO: /:((?:[\w\u00c0-\uFFFF_-]|\\.)+)(?:\((['"]*)((?:\([^\)]+\)|[^\2\(\)]*)+)\2\))?/
	},
	attrMap: {
		"class": "className",
		"for": "htmlFor"
	},
	attrHandle: {
		href: function(elem){
			return elem.getAttribute("href");
		}
	},
	relative: {
		"+": function(checkSet, part, isXML){
			var isPartStr = typeof part === "string",
				isTag = isPartStr && !/\W/.test(part),
				isPartStrNotTag = isPartStr && !isTag;

			if ( isTag && !isXML ) {
				part = part.toUpperCase();
			}

			for ( var i = 0, l = checkSet.length, elem; i < l; i++ ) {
				if ( (elem = checkSet[i]) ) {
					while ( (elem = elem.previousSibling) && elem.nodeType !== 1 ) {}

					checkSet[i] = isPartStrNotTag || elem && elem.nodeName === part ?
						elem || false :
						elem === part;
				}
			}

			if ( isPartStrNotTag ) {
				Sizzle.filter( part, checkSet, true );
			}
		},
		">": function(checkSet, part, isXML){
			var isPartStr = typeof part === "string";

			if ( isPartStr && !/\W/.test(part) ) {
				part = isXML ? part : part.toUpperCase();

				for ( var i = 0, l = checkSet.length; i < l; i++ ) {
					var elem = checkSet[i];
					if ( elem ) {
						var parent = elem.parentNode;
						checkSet[i] = parent.nodeName === part ? parent : false;
					}
				}
			} else {
				for ( var i = 0, l = checkSet.length; i < l; i++ ) {
					var elem = checkSet[i];
					if ( elem ) {
						checkSet[i] = isPartStr ?
							elem.parentNode :
							elem.parentNode === part;
					}
				}

				if ( isPartStr ) {
					Sizzle.filter( part, checkSet, true );
				}
			}
		},
		"": function(checkSet, part, isXML){
			var doneName = done++, checkFn = dirCheck;

			if ( !part.match(/\W/) ) {
				var nodeCheck = part = isXML ? part : part.toUpperCase();
				checkFn = dirNodeCheck;
			}

			checkFn("parentNode", part, doneName, checkSet, nodeCheck, isXML);
		},
		"~": function(checkSet, part, isXML){
			var doneName = done++, checkFn = dirCheck;

			if ( typeof part === "string" && !part.match(/\W/) ) {
				var nodeCheck = part = isXML ? part : part.toUpperCase();
				checkFn = dirNodeCheck;
			}

			checkFn("previousSibling", part, doneName, checkSet, nodeCheck, isXML);
		}
	},
	find: {
		ID: function(match, context, isXML){
			if ( typeof context.getElementById !== "undefined" && !isXML ) {
				var m = context.getElementById(match[1]);
				return m ? [m] : [];
			}
		},
		NAME: function(match, context, isXML){
			if ( typeof context.getElementsByName !== "undefined" ) {
				var ret = [], results = context.getElementsByName(match[1]);

				for ( var i = 0, l = results.length; i < l; i++ ) {
					if ( results[i].getAttribute("name") === match[1] ) {
						ret.push( results[i] );
					}
				}

				return ret.length === 0 ? null : ret;
			}
		},
		TAG: function(match, context){
			return context.getElementsByTagName(match[1]);
		}
	},
	preFilter: {
		CLASS: function(match, curLoop, inplace, result, not, isXML){
			match = " " + match[1].replace(/\\/g, "") + " ";

			if ( isXML ) {
				return match;
			}

			for ( var i = 0, elem; (elem = curLoop[i]) != null; i++ ) {
				if ( elem ) {
					if ( not ^ (elem.className && (" " + elem.className + " ").indexOf(match) >= 0) ) {
						if ( !inplace )
							result.push( elem );
					} else if ( inplace ) {
						curLoop[i] = false;
					}
				}
			}

			return false;
		},
		ID: function(match){
			return match[1].replace(/\\/g, "");
		},
		TAG: function(match, curLoop){
			for ( var i = 0; curLoop[i] === false; i++ ){}
			return curLoop[i] && isXML(curLoop[i]) ? match[1] : match[1].toUpperCase();
		},
		CHILD: function(match){
			if ( match[1] == "nth" ) {
				// parse equations like 'even', 'odd', '5', '2n', '3n+2', '4n-1', '-n+6'
				var test = /(-?)(\d*)n((?:\+|-)?\d*)/.exec(
					match[2] == "even" && "2n" || match[2] == "odd" && "2n+1" ||
					!/\D/.test( match[2] ) && "0n+" + match[2] || match[2]);

				// calculate the numbers (first)n+(last) including if they are negative
				match[2] = (test[1] + (test[2] || 1)) - 0;
				match[3] = test[3] - 0;
			}

			// TODO: Move to normal caching system
			match[0] = done++;

			return match;
		},
		ATTR: function(match, curLoop, inplace, result, not, isXML){
			var name = match[1].replace(/\\/g, "");
			
			if ( !isXML && Expr.attrMap[name] ) {
				match[1] = Expr.attrMap[name];
			}

			if ( match[2] === "~=" ) {
				match[4] = " " + match[4] + " ";
			}

			return match;
		},
		PSEUDO: function(match, curLoop, inplace, result, not){
			if ( match[1] === "not" ) {
				// If we're dealing with a complex expression, or a simple one
				if ( match[3].match(chunker).length > 1 || /^\w/.test(match[3]) ) {
					match[3] = Sizzle(match[3], null, null, curLoop);
				} else {
					var ret = Sizzle.filter(match[3], curLoop, inplace, true ^ not);
					if ( !inplace ) {
						result.push.apply( result, ret );
					}
					return false;
				}
			} else if ( Expr.match.POS.test( match[0] ) || Expr.match.CHILD.test( match[0] ) ) {
				return true;
			}
			
			return match;
		},
		POS: function(match){
			match.unshift( true );
			return match;
		}
	},
	filters: {
		enabled: function(elem){
			return elem.disabled === false && elem.type !== "hidden";
		},
		disabled: function(elem){
			return elem.disabled === true;
		},
		checked: function(elem){
			return elem.checked === true;
		},
		selected: function(elem){
			// Accessing this property makes selected-by-default
			// options in Safari work properly
			elem.parentNode.selectedIndex;
			return elem.selected === true;
		},
		parent: function(elem){
			return !!elem.firstChild;
		},
		empty: function(elem){
			return !elem.firstChild;
		},
		has: function(elem, i, match){
			return !!Sizzle( match[3], elem ).length;
		},
		header: function(elem){
			return /h\d/i.test( elem.nodeName );
		},
		text: function(elem){
			return "text" === elem.type;
		},
		radio: function(elem){
			return "radio" === elem.type;
		},
		checkbox: function(elem){
			return "checkbox" === elem.type;
		},
		file: function(elem){
			return "file" === elem.type;
		},
		password: function(elem){
			return "password" === elem.type;
		},
		submit: function(elem){
			return "submit" === elem.type;
		},
		image: function(elem){
			return "image" === elem.type;
		},
		reset: function(elem){
			return "reset" === elem.type;
		},
		button: function(elem){
			return "button" === elem.type || elem.nodeName.toUpperCase() === "BUTTON";
		},
		input: function(elem){
			return /input|select|textarea|button/i.test(elem.nodeName);
		}
	},
	setFilters: {
		first: function(elem, i){
			return i === 0;
		},
		last: function(elem, i, match, array){
			return i === array.length - 1;
		},
		even: function(elem, i){
			return i % 2 === 0;
		},
		odd: function(elem, i){
			return i % 2 === 1;
		},
		lt: function(elem, i, match){
			return i < match[3] - 0;
		},
		gt: function(elem, i, match){
			return i > match[3] - 0;
		},
		nth: function(elem, i, match){
			return match[3] - 0 == i;
		},
		eq: function(elem, i, match){
			return match[3] - 0 == i;
		}
	},
	filter: {
		PSEUDO: function(elem, match, i, array){
			var name = match[1], filter = Expr.filters[ name ];

			if ( filter ) {
				return filter( elem, i, match, array );
			} else if ( name === "contains" ) {
				return (elem.textContent || elem.innerText || "").indexOf(match[3]) >= 0;
			} else if ( name === "not" ) {
				var not = match[3];

				for ( var i = 0, l = not.length; i < l; i++ ) {
					if ( not[i] === elem ) {
						return false;
					}
				}

				return true;
			}
		},
		CHILD: function(elem, match){
			var type = match[1], node = elem;
			switch (type) {
				case 'only':
				case 'first':
					while (node = node.previousSibling)  {
						if ( node.nodeType === 1 ) return false;
					}
					if ( type == 'first') return true;
					node = elem;
				case 'last':
					while (node = node.nextSibling)  {
						if ( node.nodeType === 1 ) return false;
					}
					return true;
				case 'nth':
					var first = match[2], last = match[3];

					if ( first == 1 && last == 0 ) {
						return true;
					}
					
					var doneName = match[0],
						parent = elem.parentNode;
	
					if ( parent && (parent.sizcache !== doneName || !elem.nodeIndex) ) {
						var count = 0;
						for ( node = parent.firstChild; node; node = node.nextSibling ) {
							if ( node.nodeType === 1 ) {
								node.nodeIndex = ++count;
							}
						} 
						parent.sizcache = doneName;
					}
					
					var diff = elem.nodeIndex - last;
					if ( first == 0 ) {
						return diff == 0;
					} else {
						return ( diff % first == 0 && diff / first >= 0 );
					}
			}
		},
		ID: function(elem, match){
			return elem.nodeType === 1 && elem.getAttribute("id") === match;
		},
		TAG: function(elem, match){
			return (match === "*" && elem.nodeType === 1) || elem.nodeName === match;
		},
		CLASS: function(elem, match){
			return (" " + (elem.className || elem.getAttribute("class")) + " ")
				.indexOf( match ) > -1;
		},
		ATTR: function(elem, match){
			var name = match[1],
				result = Expr.attrHandle[ name ] ?
					Expr.attrHandle[ name ]( elem ) :
					elem[ name ] != null ?
						elem[ name ] :
						elem.getAttribute( name ),
				value = result + "",
				type = match[2],
				check = match[4];

			return result == null ?
				type === "!=" :
				type === "=" ?
				value === check :
				type === "*=" ?
				value.indexOf(check) >= 0 :
				type === "~=" ?
				(" " + value + " ").indexOf(check) >= 0 :
				!check ?
				value && result !== false :
				type === "!=" ?
				value != check :
				type === "^=" ?
				value.indexOf(check) === 0 :
				type === "$=" ?
				value.substr(value.length - check.length) === check :
				type === "|=" ?
				value === check || value.substr(0, check.length + 1) === check + "-" :
				false;
		},
		POS: function(elem, match, i, array){
			var name = match[2], filter = Expr.setFilters[ name ];

			if ( filter ) {
				return filter( elem, i, match, array );
			}
		}
	}
};

var origPOS = Expr.match.POS;

for ( var type in Expr.match ) {
	Expr.match[ type ] = RegExp( Expr.match[ type ].source + /(?![^\[]*\])(?![^\(]*\))/.source );
}

var makeArray = function(array, results) {
	array = Array.prototype.slice.call( array );

	if ( results ) {
		results.push.apply( results, array );
		return results;
	}
	
	return array;
};

// Perform a simple check to determine if the browser is capable of
// converting a NodeList to an array using builtin methods.
try {
	Array.prototype.slice.call( document.documentElement.childNodes );

// Provide a fallback method if it does not work
} catch(e){
	makeArray = function(array, results) {
		var ret = results || [];

		if ( toString.call(array) === "[object Array]" ) {
			Array.prototype.push.apply( ret, array );
		} else {
			if ( typeof array.length === "number" ) {
				for ( var i = 0, l = array.length; i < l; i++ ) {
					ret.push( array[i] );
				}
			} else {
				for ( var i = 0; array[i]; i++ ) {
					ret.push( array[i] );
				}
			}
		}

		return ret;
	};
}

var sortOrder;

if ( document.documentElement.compareDocumentPosition ) {
	sortOrder = function( a, b ) {
		var ret = a.compareDocumentPosition(b) & 4 ? -1 : a === b ? 0 : 1;
		if ( ret === 0 ) {
			hasDuplicate = true;
		}
		return ret;
	};
} else if ( "sourceIndex" in document.documentElement ) {
	sortOrder = function( a, b ) {
		var ret = a.sourceIndex - b.sourceIndex;
		if ( ret === 0 ) {
			hasDuplicate = true;
		}
		return ret;
	};
} else if ( document.createRange ) {
	sortOrder = function( a, b ) {
		var aRange = a.ownerDocument.createRange(), bRange = b.ownerDocument.createRange();
		aRange.selectNode(a);
		aRange.collapse(true);
		bRange.selectNode(b);
		bRange.collapse(true);
		var ret = aRange.compareBoundaryPoints(Range.START_TO_END, bRange);
		if ( ret === 0 ) {
			hasDuplicate = true;
		}
		return ret;
	};
}

// Check to see if the browser returns elements by name when
// querying by getElementById (and provide a workaround)
(function(){
	// We're going to inject a fake input element with a specified name
	var form = document.createElement("form"),
		id = "script" + (new Date).getTime();
	form.innerHTML = "<input name='" + id + "'/>";

	// Inject it into the root element, check its status, and remove it quickly
	var root = document.documentElement;
	root.insertBefore( form, root.firstChild );

	// The workaround has to do additional checks after a getElementById
	// Which slows things down for other browsers (hence the branching)
	if ( !!document.getElementById( id ) ) {
		Expr.find.ID = function(match, context, isXML){
			if ( typeof context.getElementById !== "undefined" && !isXML ) {
				var m = context.getElementById(match[1]);
				return m ? m.id === match[1] || typeof m.getAttributeNode !== "undefined" && m.getAttributeNode("id").nodeValue === match[1] ? [m] : undefined : [];
			}
		};

		Expr.filter.ID = function(elem, match){
			var node = typeof elem.getAttributeNode !== "undefined" && elem.getAttributeNode("id");
			return elem.nodeType === 1 && node && node.nodeValue === match;
		};
	}

	root.removeChild( form );
})();

(function(){
	// Check to see if the browser returns only elements
	// when doing getElementsByTagName("*")

	// Create a fake element
	var div = document.createElement("div");
	div.appendChild( document.createComment("") );

	// Make sure no comments are found
	if ( div.getElementsByTagName("*").length > 0 ) {
		Expr.find.TAG = function(match, context){
			var results = context.getElementsByTagName(match[1]);

			// Filter out possible comments
			if ( match[1] === "*" ) {
				var tmp = [];

				for ( var i = 0; results[i]; i++ ) {
					if ( results[i].nodeType === 1 ) {
						tmp.push( results[i] );
					}
				}

				results = tmp;
			}

			return results;
		};
	}

	// Check to see if an attribute returns normalized href attributes
	div.innerHTML = "<a href='#'></a>";
	if ( div.firstChild && typeof div.firstChild.getAttribute !== "undefined" &&
			div.firstChild.getAttribute("href") !== "#" ) {
		Expr.attrHandle.href = function(elem){
			return elem.getAttribute("href", 2);
		};
	}
})();

if ( document.querySelectorAll ) (function(){
	var oldSizzle = Sizzle, div = document.createElement("div");
	div.innerHTML = "<p class='TEST'></p>";

	// Safari can't handle uppercase or unicode characters when
	// in quirks mode.
	if ( div.querySelectorAll && div.querySelectorAll(".TEST").length === 0 ) {
		return;
	}
	
	Sizzle = function(query, context, extra, seed){
		context = context || document;

		// Only use querySelectorAll on non-XML documents
		// (ID selectors don't work in non-HTML documents)
		if ( !seed && context.nodeType === 9 && !isXML(context) ) {
			try {
				return makeArray( context.querySelectorAll(query), extra );
			} catch(e){}
		}
		
		return oldSizzle(query, context, extra, seed);
	};

	Sizzle.find = oldSizzle.find;
	Sizzle.filter = oldSizzle.filter;
	Sizzle.selectors = oldSizzle.selectors;
	Sizzle.matches = oldSizzle.matches;
})();

if ( document.getElementsByClassName && document.documentElement.getElementsByClassName ) (function(){
	var div = document.createElement("div");
	div.innerHTML = "<div class='test e'></div><div class='test'></div>";

	// Opera can't find a second classname (in 9.6)
	if ( div.getElementsByClassName("e").length === 0 )
		return;

	// Safari caches class attributes, doesn't catch changes (in 3.2)
	div.lastChild.className = "e";

	if ( div.getElementsByClassName("e").length === 1 )
		return;

	Expr.order.splice(1, 0, "CLASS");
	Expr.find.CLASS = function(match, context, isXML) {
		if ( typeof context.getElementsByClassName !== "undefined" && !isXML ) {
			return context.getElementsByClassName(match[1]);
		}
	};
})();

function dirNodeCheck( dir, cur, doneName, checkSet, nodeCheck, isXML ) {
	var sibDir = dir == "previousSibling" && !isXML;
	for ( var i = 0, l = checkSet.length; i < l; i++ ) {
		var elem = checkSet[i];
		if ( elem ) {
			if ( sibDir && elem.nodeType === 1 ){
				elem.sizcache = doneName;
				elem.sizset = i;
			}
			elem = elem[dir];
			var match = false;

			while ( elem ) {
				if ( elem.sizcache === doneName ) {
					match = checkSet[elem.sizset];
					break;
				}

				if ( elem.nodeType === 1 && !isXML ){
					elem.sizcache = doneName;
					elem.sizset = i;
				}

				if ( elem.nodeName === cur ) {
					match = elem;
					break;
				}

				elem = elem[dir];
			}

			checkSet[i] = match;
		}
	}
}

function dirCheck( dir, cur, doneName, checkSet, nodeCheck, isXML ) {
	var sibDir = dir == "previousSibling" && !isXML;
	for ( var i = 0, l = checkSet.length; i < l; i++ ) {
		var elem = checkSet[i];
		if ( elem ) {
			if ( sibDir && elem.nodeType === 1 ) {
				elem.sizcache = doneName;
				elem.sizset = i;
			}
			elem = elem[dir];
			var match = false;

			while ( elem ) {
				if ( elem.sizcache === doneName ) {
					match = checkSet[elem.sizset];
					break;
				}

				if ( elem.nodeType === 1 ) {
					if ( !isXML ) {
						elem.sizcache = doneName;
						elem.sizset = i;
					}
					if ( typeof cur !== "string" ) {
						if ( elem === cur ) {
							match = true;
							break;
						}

					} else if ( Sizzle.filter( cur, [elem] ).length > 0 ) {
						match = elem;
						break;
					}
				}

				elem = elem[dir];
			}

			checkSet[i] = match;
		}
	}
}

var contains = document.compareDocumentPosition ?  function(a, b){
	return a.compareDocumentPosition(b) & 16;
} : function(a, b){
	return a !== b && (a.contains ? a.contains(b) : true);
};

var isXML = function(elem){
	return elem.nodeType === 9 && elem.documentElement.nodeName !== "HTML" ||
		!!elem.ownerDocument && isXML( elem.ownerDocument );
};

var posProcess = function(selector, context){
	var tmpSet = [], later = "", match,
		root = context.nodeType ? [context] : context;

	// Position selectors must be done after the filter
	// And so must :not(positional) so we move all PSEUDOs to the end
	while ( (match = Expr.match.PSEUDO.exec( selector )) ) {
		later += match[0];
		selector = selector.replace( Expr.match.PSEUDO, "" );
	}

	selector = Expr.relative[selector] ? selector + "*" : selector;

	for ( var i = 0, l = root.length; i < l; i++ ) {
		Sizzle( selector, root[i], tmpSet );
	}

	return Sizzle.filter( later, tmpSet );
};

// EXPOSE
jQuery.find = Sizzle;
jQuery.filter = Sizzle.filter;
jQuery.expr = Sizzle.selectors;
jQuery.expr[":"] = jQuery.expr.filters;

Sizzle.selectors.filters.hidden = function(elem){
	return elem.offsetWidth === 0 || elem.offsetHeight === 0;
};

Sizzle.selectors.filters.visible = function(elem){
	return elem.offsetWidth > 0 || elem.offsetHeight > 0;
};

Sizzle.selectors.filters.animated = function(elem){
	return jQuery.grep(jQuery.timers, function(fn){
		return elem === fn.elem;
	}).length;
};

jQuery.multiFilter = function( expr, elems, not ) {
	if ( not ) {
		expr = ":not(" + expr + ")";
	}

	return Sizzle.matches(expr, elems);
};

jQuery.dir = function( elem, dir ){
	var matched = [], cur = elem[dir];
	while ( cur && cur != document ) {
		if ( cur.nodeType == 1 )
			matched.push( cur );
		cur = cur[dir];
	}
	return matched;
};

jQuery.nth = function(cur, result, dir, elem){
	result = result || 1;
	var num = 0;

	for ( ; cur; cur = cur[dir] )
		if ( cur.nodeType == 1 && ++num == result )
			break;

	return cur;
};

jQuery.sibling = function(n, elem){
	var r = [];

	for ( ; n; n = n.nextSibling ) {
		if ( n.nodeType == 1 && n != elem )
			r.push( n );
	}

	return r;
};

return;

window.Sizzle = Sizzle;

})();
/*
 * A number of helper functions used for managing events.
 * Many of the ideas behind this code originated from
 * Dean Edwards' addEvent library.
 */
jQuery.event = {

	// Bind an event to an element
	// Original by Dean Edwards
	add: function(elem, types, handler, data) {
		if ( elem.nodeType == 3 || elem.nodeType == 8 )
			return;

		// For whatever reason, IE has trouble passing the window object
		// around, causing it to be cloned in the process
		if ( elem.setInterval && elem != window )
			elem = window;

		// Make sure that the function being executed has a unique ID
		if ( !handler.guid )
			handler.guid = this.guid++;

		// if data is passed, bind to handler
		if ( data !== undefined ) {
			// Create temporary function pointer to original handler
			var fn = handler;

			// Create unique handler function, wrapped around original handler
			handler = this.proxy( fn );

			// Store data in unique handler
			handler.data = data;
		}

		// Init the element's event structure
		var events = jQuery.data(elem, "events") || jQuery.data(elem, "events", {}),
			handle = jQuery.data(elem, "handle") || jQuery.data(elem, "handle", function(){
				// Handle the second event of a trigger and when
				// an event is called after a page has unloaded
				return typeof jQuery !== "undefined" && !jQuery.event.triggered ?
					jQuery.event.handle.apply(arguments.callee.elem, arguments) :
					undefined;
			});
		// Add elem as a property of the handle function
		// This is to prevent a memory leak with non-native
		// event in IE.
		handle.elem = elem;

		// Handle multiple events separated by a space
		// jQuery(...).bind("mouseover mouseout", fn);
		jQuery.each(types.split(/\s+/), function(index, type) {
			// Namespaced event handlers
			var namespaces = type.split(".");
			type = namespaces.shift();
			handler.type = namespaces.slice().sort().join(".");

			// Get the current list of functions bound to this event
			var handlers = events[type];
			
			if ( jQuery.event.specialAll[type] )
				jQuery.event.specialAll[type].setup.call(elem, data, namespaces);

			// Init the event handler queue
			if (!handlers) {
				handlers = events[type] = {};

				// Check for a special event handler
				// Only use addEventListener/attachEvent if the special
				// events handler returns false
				if ( !jQuery.event.special[type] || jQuery.event.special[type].setup.call(elem, data, namespaces) === false ) {
					// Bind the global event handler to the element
					if (elem.addEventListener)
						elem.addEventListener(type, handle, false);
					else if (elem.attachEvent)
						elem.attachEvent("on" + type, handle);
				}
			}

			// Add the function to the element's handler list
			handlers[handler.guid] = handler;

			// Keep track of which events have been used, for global triggering
			jQuery.event.global[type] = true;
		});

		// Nullify elem to prevent memory leaks in IE
		elem = null;
	},

	guid: 1,
	global: {},

	// Detach an event or set of events from an element
	remove: function(elem, types, handler) {
		// don't do events on text and comment nodes
		if ( elem.nodeType == 3 || elem.nodeType == 8 )
			return;

		var events = jQuery.data(elem, "events"), ret, index;

		if ( events ) {
			// Unbind all events for the element
			if ( types === undefined || (typeof types === "string" && types.charAt(0) == ".") )
				for ( var type in events )
					this.remove( elem, type + (types || "") );
			else {
				// types is actually an event object here
				if ( types.type ) {
					handler = types.handler;
					types = types.type;
				}

				// Handle multiple events seperated by a space
				// jQuery(...).unbind("mouseover mouseout", fn);
				jQuery.each(types.split(/\s+/), function(index, type){
					// Namespaced event handlers
					var namespaces = type.split(".");
					type = namespaces.shift();
					var namespace = RegExp("(^|\\.)" + namespaces.slice().sort().join(".*\\.") + "(\\.|$)");

					if ( events[type] ) {
						// remove the given handler for the given type
						if ( handler )
							delete events[type][handler.guid];

						// remove all handlers for the given type
						else
							for ( var handle in events[type] )
								// Handle the removal of namespaced events
								if ( namespace.test(events[type][handle].type) )
									delete events[type][handle];
									
						if ( jQuery.event.specialAll[type] )
							jQuery.event.specialAll[type].teardown.call(elem, namespaces);

						// remove generic event handler if no more handlers exist
						for ( ret in events[type] ) break;
						if ( !ret ) {
							if ( !jQuery.event.special[type] || jQuery.event.special[type].teardown.call(elem, namespaces) === false ) {
								if (elem.removeEventListener)
									elem.removeEventListener(type, jQuery.data(elem, "handle"), false);
								else if (elem.detachEvent)
									elem.detachEvent("on" + type, jQuery.data(elem, "handle"));
							}
							ret = null;
							delete events[type];
						}
					}
				});
			}

			// Remove the expando if it's no longer used
			for ( ret in events ) break;
			if ( !ret ) {
				var handle = jQuery.data( elem, "handle" );
				if ( handle ) handle.elem = null;
				jQuery.removeData( elem, "events" );
				jQuery.removeData( elem, "handle" );
			}
		}
	},

	// bubbling is internal
	trigger: function( event, data, elem, bubbling ) {
		// Event object or event type
		var type = event.type || event;

		if( !bubbling ){
			event = typeof event === "object" ?
				// jQuery.Event object
				event[expando] ? event :
				// Object literal
				jQuery.extend( jQuery.Event(type), event ) :
				// Just the event type (string)
				jQuery.Event(type);

			if ( type.indexOf("!") >= 0 ) {
				event.type = type = type.slice(0, -1);
				event.exclusive = true;
			}

			// Handle a global trigger
			if ( !elem ) {
				// Don't bubble custom events when global (to avoid too much overhead)
				event.stopPropagation();
				// Only trigger if we've ever bound an event for it
				if ( this.global[type] )
					jQuery.each( jQuery.cache, function(){
						if ( this.events && this.events[type] )
							jQuery.event.trigger( event, data, this.handle.elem );
					});
			}

			// Handle triggering a single element

			// don't do events on text and comment nodes
			if ( !elem || elem.nodeType == 3 || elem.nodeType == 8 )
				return undefined;
			
			// Clean up in case it is reused
			event.result = undefined;
			event.target = elem;
			
			// Clone the incoming data, if any
			data = jQuery.makeArray(data);
			data.unshift( event );
		}

		event.currentTarget = elem;

		// Trigger the event, it is assumed that "handle" is a function
		var handle = jQuery.data(elem, "handle");
		if ( handle )
			handle.apply( elem, data );

		// Handle triggering native .onfoo handlers (and on links since we don't call .click() for links)
		if ( (!elem[type] || (jQuery.nodeName(elem, 'a') && type == "click")) && elem["on"+type] && elem["on"+type].apply( elem, data ) === false )
			event.result = false;

		// Trigger the native events (except for clicks on links)
		if ( !bubbling && elem[type] && !event.isDefaultPrevented() && !(jQuery.nodeName(elem, 'a') && type == "click") ) {
			this.triggered = true;
			try {
				elem[ type ]();
			// prevent IE from throwing an error for some hidden elements
			} catch (e) {}
		}

		this.triggered = false;

		if ( !event.isPropagationStopped() ) {
			var parent = elem.parentNode || elem.ownerDocument;
			if ( parent )
				jQuery.event.trigger(event, data, parent, true);
		}
	},

	handle: function(event) {
		// returned undefined or false
		var all, handlers;

		event = arguments[0] = jQuery.event.fix( event || window.event );
		event.currentTarget = this;
		
		// Namespaced event handlers
		var namespaces = event.type.split(".");
		event.type = namespaces.shift();

		// Cache this now, all = true means, any handler
		all = !namespaces.length && !event.exclusive;
		
		var namespace = RegExp("(^|\\.)" + namespaces.slice().sort().join(".*\\.") + "(\\.|$)");

		handlers = ( jQuery.data(this, "events") || {} )[event.type];

		for ( var j in handlers ) {
			var handler = handlers[j];

			// Filter the functions by class
			if ( all || namespace.test(handler.type) ) {
				// Pass in a reference to the handler function itself
				// So that we can later remove it
				event.handler = handler;
				event.data = handler.data;

				var ret = handler.apply(this, arguments);

				if( ret !== undefined ){
					event.result = ret;
					if ( ret === false ) {
						event.preventDefault();
						event.stopPropagation();
					}
				}

				if( event.isImmediatePropagationStopped() )
					break;

			}
		}
	},

	props: "altKey attrChange attrName bubbles button cancelable charCode clientX clientY ctrlKey currentTarget data detail eventPhase fromElement handler keyCode metaKey newValue originalTarget pageX pageY prevValue relatedNode relatedTarget screenX screenY shiftKey srcElement target toElement view wheelDelta which".split(" "),

	fix: function(event) {
		if ( event[expando] )
			return event;

		// store a copy of the original event object
		// and "clone" to set read-only properties
		var originalEvent = event;
		event = jQuery.Event( originalEvent );

		for ( var i = this.props.length, prop; i; ){
			prop = this.props[ --i ];
			event[ prop ] = originalEvent[ prop ];
		}

		// Fix target property, if necessary
		if ( !event.target )
			event.target = event.srcElement || document; // Fixes #1925 where srcElement might not be defined either

		// check if target is a textnode (safari)
		if ( event.target.nodeType == 3 )
			event.target = event.target.parentNode;

		// Add relatedTarget, if necessary
		if ( !event.relatedTarget && event.fromElement )
			event.relatedTarget = event.fromElement == event.target ? event.toElement : event.fromElement;

		// Calculate pageX/Y if missing and clientX/Y available
		if ( event.pageX == null && event.clientX != null ) {
			var doc = document.documentElement, body = document.body;
			event.pageX = event.clientX + (doc && doc.scrollLeft || body && body.scrollLeft || 0) - (doc.clientLeft || 0);
			event.pageY = event.clientY + (doc && doc.scrollTop || body && body.scrollTop || 0) - (doc.clientTop || 0);
		}

		// Add which for key events
		if ( !event.which && ((event.charCode || event.charCode === 0) ? event.charCode : event.keyCode) )
			event.which = event.charCode || event.keyCode;

		// Add metaKey to non-Mac browsers (use ctrl for PC's and Meta for Macs)
		if ( !event.metaKey && event.ctrlKey )
			event.metaKey = event.ctrlKey;

		// Add which for click: 1 == left; 2 == middle; 3 == right
		// Note: button is not normalized, so don't use it
		if ( !event.which && event.button )
			event.which = (event.button & 1 ? 1 : ( event.button & 2 ? 3 : ( event.button & 4 ? 2 : 0 ) ));

		return event;
	},

	proxy: function( fn, proxy ){
		proxy = proxy || function(){ return fn.apply(this, arguments); };
		// Set the guid of unique handler to the same of original handler, so it can be removed
		proxy.guid = fn.guid = fn.guid || proxy.guid || this.guid++;
		// So proxy can be declared as an argument
		return proxy;
	},

	special: {
		ready: {
			// Make sure the ready event is setup
			setup: bindReady,
			teardown: function() {}
		}
	},
	
	specialAll: {
		live: {
			setup: function( selector, namespaces ){
				jQuery.event.add( this, namespaces[0], liveHandler );
			},
			teardown:  function( namespaces ){
				if ( namespaces.length ) {
					var remove = 0, name = RegExp("(^|\\.)" + namespaces[0] + "(\\.|$)");
					
					jQuery.each( (jQuery.data(this, "events").live || {}), function(){
						if ( name.test(this.type) )
							remove++;
					});
					
					if ( remove < 1 )
						jQuery.event.remove( this, namespaces[0], liveHandler );
				}
			}
		}
	}
};

jQuery.Event = function( src ){
	// Allow instantiation without the 'new' keyword
	if( !this.preventDefault )
		return new jQuery.Event(src);
	
	// Event object
	if( src && src.type ){
		this.originalEvent = src;
		this.type = src.type;
	// Event type
	}else
		this.type = src;

	// timeStamp is buggy for some events on Firefox(#3843)
	// So we won't rely on the native value
	this.timeStamp = now();
	
	// Mark it as fixed
	this[expando] = true;
};

function returnFalse(){
	return false;
}
function returnTrue(){
	return true;
}

// jQuery.Event is based on DOM3 Events as specified by the ECMAScript Language Binding
// http://www.w3.org/TR/2003/WD-DOM-Level-3-Events-20030331/ecma-script-binding.html
jQuery.Event.prototype = {
	preventDefault: function() {
		this.isDefaultPrevented = returnTrue;

		var e = this.originalEvent;
		if( !e )
			return;
		// if preventDefault exists run it on the original event
		if (e.preventDefault)
			e.preventDefault();
		// otherwise set the returnValue property of the original event to false (IE)
		e.returnValue = false;
	},
	stopPropagation: function() {
		this.isPropagationStopped = returnTrue;

		var e = this.originalEvent;
		if( !e )
			return;
		// if stopPropagation exists run it on the original event
		if (e.stopPropagation)
			e.stopPropagation();
		// otherwise set the cancelBubble property of the original event to true (IE)
		e.cancelBubble = true;
	},
	stopImmediatePropagation:function(){
		this.isImmediatePropagationStopped = returnTrue;
		this.stopPropagation();
	},
	isDefaultPrevented: returnFalse,
	isPropagationStopped: returnFalse,
	isImmediatePropagationStopped: returnFalse
};
// Checks if an event happened on an element within another element
// Used in jQuery.event.special.mouseenter and mouseleave handlers
var withinElement = function(event) {
	// Check if mouse(over|out) are still within the same parent element
	var parent = event.relatedTarget;
	// Traverse up the tree
	while ( parent && parent != this )
		try { parent = parent.parentNode; }
		catch(e) { parent = this; }
	
	if( parent != this ){
		// set the correct event type
		event.type = event.data;
		// handle event if we actually just moused on to a non sub-element
		jQuery.event.handle.apply( this, arguments );
	}
};
	
jQuery.each({ 
	mouseover: 'mouseenter', 
	mouseout: 'mouseleave'
}, function( orig, fix ){
	jQuery.event.special[ fix ] = {
		setup: function(){
			jQuery.event.add( this, orig, withinElement, fix );
		},
		teardown: function(){
			jQuery.event.remove( this, orig, withinElement );
		}
	};			   
});

jQuery.fn.extend({
	bind: function( type, data, fn ) {
		return type == "unload" ? this.one(type, data, fn) : this.each(function(){
			jQuery.event.add( this, type, fn || data, fn && data );
		});
	},

	one: function( type, data, fn ) {
		var one = jQuery.event.proxy( fn || data, function(event) {
			jQuery(this).unbind(event, one);
			return (fn || data).apply( this, arguments );
		});
		return this.each(function(){
			jQuery.event.add( this, type, one, fn && data);
		});
	},

	unbind: function( type, fn ) {
		return this.each(function(){
			jQuery.event.remove( this, type, fn );
		});
	},

	trigger: function( type, data ) {
		return this.each(function(){
			jQuery.event.trigger( type, data, this );
		});
	},

	triggerHandler: function( type, data ) {
		if( this[0] ){
			var event = jQuery.Event(type);
			event.preventDefault();
			event.stopPropagation();
			jQuery.event.trigger( event, data, this[0] );
			return event.result;
		}		
	},

	toggle: function( fn ) {
		// Save reference to arguments for access in closure
		var args = arguments, i = 1;

		// link all the functions, so any of them can unbind this click handler
		while( i < args.length )
			jQuery.event.proxy( fn, args[i++] );

		return this.click( jQuery.event.proxy( fn, function(event) {
			// Figure out which function to execute
			this.lastToggle = ( this.lastToggle || 0 ) % i;

			// Make sure that clicks stop
			event.preventDefault();

			// and execute the function
			return args[ this.lastToggle++ ].apply( this, arguments ) || false;
		}));
	},

	hover: function(fnOver, fnOut) {
		return this.mouseenter(fnOver).mouseleave(fnOut);
	},

	ready: function(fn) {
		// Attach the listeners
		bindReady();

		// If the DOM is already ready
		if ( jQuery.isReady )
			// Execute the function immediately
			fn.call( document, jQuery );

		// Otherwise, remember the function for later
		else
			// Add the function to the wait list
			jQuery.readyList.push( fn );

		return this;
	},
	
	live: function( type, fn ){
		var proxy = jQuery.event.proxy( fn );
		proxy.guid += this.selector + type;

		jQuery(document).bind( liveConvert(type, this.selector), this.selector, proxy );

		return this;
	},
	
	die: function( type, fn ){
		jQuery(document).unbind( liveConvert(type, this.selector), fn ? { guid: fn.guid + this.selector + type } : null );
		return this;
	}
});

function liveHandler( event ){
	var check = RegExp("(^|\\.)" + event.type + "(\\.|$)"),
		stop = true,
		elems = [];

	jQuery.each(jQuery.data(this, "events").live || [], function(i, fn){
		if ( check.test(fn.type) ) {
			var elem = jQuery(event.target).closest(fn.data)[0];
			if ( elem )
				elems.push({ elem: elem, fn: fn });
		}
	});

	elems.sort(function(a,b) {
		return jQuery.data(a.elem, "closest") - jQuery.data(b.elem, "closest");
	});
	
	jQuery.each(elems, function(){
		if ( this.fn.call(this.elem, event, this.fn.data) === false )
			return (stop = false);
	});

	return stop;
}

function liveConvert(type, selector){
	return ["live", type, selector.replace(/\./g, "`").replace(/ /g, "|")].join(".");
}

jQuery.extend({
	isReady: false,
	readyList: [],
	// Handle when the DOM is ready
	ready: function() {
		// Make sure that the DOM is not already loaded
		if ( !jQuery.isReady ) {
			// Remember that the DOM is ready
			jQuery.isReady = true;

			// If there are functions bound, to execute
			if ( jQuery.readyList ) {
				// Execute all of them
				jQuery.each( jQuery.readyList, function(){
					this.call( document, jQuery );
				});

				// Reset the list of functions
				jQuery.readyList = null;
			}

			// Trigger any bound ready events
			jQuery(document).triggerHandler("ready");
		}
	}
});

var readyBound = false;

function bindReady(){
	if ( readyBound ) return;
	readyBound = true;

	// Mozilla, Opera and webkit nightlies currently support this event
	if ( document.addEventListener ) {
		// Use the handy event callback
		document.addEventListener( "DOMContentLoaded", function(){
			document.removeEventListener( "DOMContentLoaded", arguments.callee, false );
			jQuery.ready();
		}, false );

	// If IE event model is used
	} else if ( document.attachEvent ) {
		// ensure firing before onload,
		// maybe late but safe also for iframes
		document.attachEvent("onreadystatechange", function(){
			if ( document.readyState === "complete" ) {
				document.detachEvent( "onreadystatechange", arguments.callee );
				jQuery.ready();
			}
		});

		// If IE and not an iframe
		// continually check to see if the document is ready
		if ( document.documentElement.doScroll && window == window.top ) (function(){
			if ( jQuery.isReady ) return;

			try {
				// If IE is used, use the trick by Diego Perini
				// http://javascript.nwbox.com/IEContentLoaded/
				document.documentElement.doScroll("left");
			} catch( error ) {
				setTimeout( arguments.callee, 0 );
				return;
			}

			// and execute any waiting functions
			jQuery.ready();
		})();
	}

	// A fallback to window.onload, that will always work
	jQuery.event.add( window, "load", jQuery.ready );
}

jQuery.each( ("blur,focus,load,resize,scroll,unload,click,dblclick," +
	"mousedown,mouseup,mousemove,mouseover,mouseout,mouseenter,mouseleave," +
	"change,select,submit,keydown,keypress,keyup,error").split(","), function(i, name){

	// Handle event binding
	jQuery.fn[name] = function(fn){
		return fn ? this.bind(name, fn) : this.trigger(name);
	};
});

// Prevent memory leaks in IE
// And prevent errors on refresh with events like mouseover in other browsers
// Window isn't included so as not to unbind existing unload events
jQuery( window ).bind( 'unload', function(){ 
	for ( var id in jQuery.cache )
		// Skip the window
		if ( id != 1 && jQuery.cache[ id ].handle )
			jQuery.event.remove( jQuery.cache[ id ].handle.elem );
}); 
(function(){

	jQuery.support = {};

	var root = document.documentElement,
		script = document.createElement("script"),
		div = document.createElement("div"),
		id = "script" + (new Date).getTime();

	div.style.display = "none";
	div.innerHTML = '   <link/><table></table><a href="/a" style="color:red;float:left;opacity:.5;">a</a><select><option>text</option></select><object><param/></object>';

	var all = div.getElementsByTagName("*"),
		a = div.getElementsByTagName("a")[0];

	// Can't get basic test support
	if ( !all || !all.length || !a ) {
		return;
	}

	jQuery.support = {
		// IE strips leading whitespace when .innerHTML is used
		leadingWhitespace: div.firstChild.nodeType == 3,
		
		// Make sure that tbody elements aren't automatically inserted
		// IE will insert them into empty tables
		tbody: !div.getElementsByTagName("tbody").length,
		
		// Make sure that you can get all elements in an <object> element
		// IE 7 always returns no results
		objectAll: !!div.getElementsByTagName("object")[0]
			.getElementsByTagName("*").length,
		
		// Make sure that link elements get serialized correctly by innerHTML
		// This requires a wrapper element in IE
		htmlSerialize: !!div.getElementsByTagName("link").length,
		
		// Get the style information from getAttribute
		// (IE uses .cssText insted)
		style: /red/.test( a.getAttribute("style") ),
		
		// Make sure that URLs aren't manipulated
		// (IE normalizes it by default)
		hrefNormalized: a.getAttribute("href") === "/a",
		
		// Make sure that element opacity exists
		// (IE uses filter instead)
		opacity: a.style.opacity === "0.5",
		
		// Verify style float existence
		// (IE uses styleFloat instead of cssFloat)
		cssFloat: !!a.style.cssFloat,

		// Will be defined later
		scriptEval: false,
		noCloneEvent: true,
		boxModel: null
	};
	
	script.type = "text/javascript";
	try {
		script.appendChild( document.createTextNode( "window." + id + "=1;" ) );
	} catch(e){}

	root.insertBefore( script, root.firstChild );
	
	// Make sure that the execution of code works by injecting a script
	// tag with appendChild/createTextNode
	// (IE doesn't support this, fails, and uses .text instead)
	if ( window[ id ] ) {
		jQuery.support.scriptEval = true;
		delete window[ id ];
	}

	root.removeChild( script );

	if ( div.attachEvent && div.fireEvent ) {
		div.attachEvent("onclick", function(){
			// Cloning a node shouldn't copy over any
			// bound event handlers (IE does this)
			jQuery.support.noCloneEvent = false;
			div.detachEvent("onclick", arguments.callee);
		});
		div.cloneNode(true).fireEvent("onclick");
	}

	// Figure out if the W3C box model works as expected
	// document.body must exist before we can do this
	jQuery(function(){
		var div = document.createElement("div");
		div.style.width = div.style.paddingLeft = "1px";

		document.body.appendChild( div );
		jQuery.boxModel = jQuery.support.boxModel = div.offsetWidth === 2;
		document.body.removeChild( div ).style.display = 'none';
	});
})();

var styleFloat = jQuery.support.cssFloat ? "cssFloat" : "styleFloat";

jQuery.props = {
	"for": "htmlFor",
	"class": "className",
	"float": styleFloat,
	cssFloat: styleFloat,
	styleFloat: styleFloat,
	readonly: "readOnly",
	maxlength: "maxLength",
	cellspacing: "cellSpacing",
	rowspan: "rowSpan",
	tabindex: "tabIndex"
};
jQuery.fn.extend({
	// Keep a copy of the old load
	_load: jQuery.fn.load,

	load: function( url, params, callback ) {
		if ( typeof url !== "string" )
			return this._load( url );

		var off = url.indexOf(" ");
		if ( off >= 0 ) {
			var selector = url.slice(off, url.length);
			url = url.slice(0, off);
		}

		// Default to a GET request
		var type = "GET";

		// If the second parameter was provided
		if ( params )
			// If it's a function
			if ( jQuery.isFunction( params ) ) {
				// We assume that it's the callback
				callback = params;
				params = null;

			// Otherwise, build a param string
			} else if( typeof params === "object" ) {
				params = jQuery.param( params );
				type = "POST";
			}

		var self = this;

		// Request the remote document
		jQuery.ajax({
			url: url,
			type: type,
			dataType: "html",
			data: params,
			complete: function(res, status){
				// If successful, inject the HTML into all the matched elements
				if ( status == "success" || status == "notmodified" )
					// See if a selector was specified
					self.html( selector ?
						// Create a dummy div to hold the results
						jQuery("<div/>")
							// inject the contents of the document in, removing the scripts
							// to avoid any 'Permission Denied' errors in IE
							.append(res.responseText.replace(/<script(.|\s)*?\/script>/g, ""))

							// Locate the specified elements
							.find(selector) :

						// If not, just inject the full result
						res.responseText );

				if( callback )
					self.each( callback, [res.responseText, status, res] );
			}
		});
		return this;
	},

	serialize: function() {
		return jQuery.param(this.serializeArray());
	},
	serializeArray: function() {
		return this.map(function(){
			return this.elements ? jQuery.makeArray(this.elements) : this;
		})
		.filter(function(){
			return this.name && !this.disabled &&
				(this.checked || /select|textarea/i.test(this.nodeName) ||
					/text|hidden|password|search/i.test(this.type));
		})
		.map(function(i, elem){
			var val = jQuery(this).val();
			return val == null ? null :
				jQuery.isArray(val) ?
					jQuery.map( val, function(val, i){
						return {name: elem.name, value: val};
					}) :
					{name: elem.name, value: val};
		}).get();
	}
});

// Attach a bunch of functions for handling common AJAX events
jQuery.each( "ajaxStart,ajaxStop,ajaxComplete,ajaxError,ajaxSuccess,ajaxSend".split(","), function(i,o){
	jQuery.fn[o] = function(f){
		return this.bind(o, f);
	};
});

var jsc = now();

jQuery.extend({
  
	get: function( url, data, callback, type ) {
		// shift arguments if data argument was ommited
		if ( jQuery.isFunction( data ) ) {
			callback = data;
			data = null;
		}

		return jQuery.ajax({
			type: "GET",
			url: url,
			data: data,
			success: callback,
			dataType: type
		});
	},

	getScript: function( url, callback ) {
		return jQuery.get(url, null, callback, "script");
	},

	getJSON: function( url, data, callback ) {
		return jQuery.get(url, data, callback, "json");
	},

	post: function( url, data, callback, type ) {
		if ( jQuery.isFunction( data ) ) {
			callback = data;
			data = {};
		}

		return jQuery.ajax({
			type: "POST",
			url: url,
			data: data,
			success: callback,
			dataType: type
		});
	},

	ajaxSetup: function( settings ) {
		jQuery.extend( jQuery.ajaxSettings, settings );
	},

	ajaxSettings: {
		url: location.href,
		global: true,
		type: "GET",
		contentType: "application/x-www-form-urlencoded",
		processData: true,
		async: true,
		/*
		timeout: 0,
		data: null,
		username: null,
		password: null,
		*/
		// Create the request object; Microsoft failed to properly
		// implement the XMLHttpRequest in IE7, so we use the ActiveXObject when it is available
		// This function can be overriden by calling jQuery.ajaxSetup
		xhr:function(){
			return window.ActiveXObject ? new ActiveXObject("Microsoft.XMLHTTP") : new XMLHttpRequest();
		},
		accepts: {
			xml: "application/xml, text/xml",
			html: "text/html",
			script: "text/javascript, application/javascript",
			json: "application/json, text/javascript",
			text: "text/plain",
			_default: "*/*"
		}
	},

	// Last-Modified header cache for next request
	lastModified: {},

	ajax: function( s ) {
		// Extend the settings, but re-extend 's' so that it can be
		// checked again later (in the test suite, specifically)
		s = jQuery.extend(true, s, jQuery.extend(true, {}, jQuery.ajaxSettings, s));

		var jsonp, jsre = /=\?(&|$)/g, status, data,
			type = s.type.toUpperCase();

		// convert data if not already a string
		if ( s.data && s.processData && typeof s.data !== "string" )
			s.data = jQuery.param(s.data);

		// Handle JSONP Parameter Callbacks
		if ( s.dataType == "jsonp" ) {
			if ( type == "GET" ) {
				if ( !s.url.match(jsre) )
					s.url += (s.url.match(/\?/) ? "&" : "?") + (s.jsonp || "callback") + "=?";
			} else if ( !s.data || !s.data.match(jsre) )
				s.data = (s.data ? s.data + "&" : "") + (s.jsonp || "callback") + "=?";
			s.dataType = "json";
		}

		// Build temporary JSONP function
		if ( s.dataType == "json" && (s.data && s.data.match(jsre) || s.url.match(jsre)) ) {
			jsonp = "jsonp" + jsc++;

			// Replace the =? sequence both in the query string and the data
			if ( s.data )
				s.data = (s.data + "").replace(jsre, "=" + jsonp + "$1");
			s.url = s.url.replace(jsre, "=" + jsonp + "$1");

			// We need to make sure
			// that a JSONP style response is executed properly
			s.dataType = "script";

			// Handle JSONP-style loading
			window[ jsonp ] = function(tmp){
				data = tmp;
				success();
				complete();
				// Garbage collect
				window[ jsonp ] = undefined;
				try{ delete window[ jsonp ]; } catch(e){}
				if ( head )
					head.removeChild( script );
			};
		}

		if ( s.dataType == "script" && s.cache == null )
			s.cache = false;

		if ( s.cache === false && type == "GET" ) {
			var ts = now();
			// try replacing _= if it is there
			var ret = s.url.replace(/(\?|&)_=.*?(&|$)/, "$1_=" + ts + "$2");
			// if nothing was replaced, add timestamp to the end
			s.url = ret + ((ret == s.url) ? (s.url.match(/\?/) ? "&" : "?") + "_=" + ts : "");
		}

		// If data is available, append data to url for get requests
		if ( s.data && type == "GET" ) {
			s.url += (s.url.match(/\?/) ? "&" : "?") + s.data;

			// IE likes to send both get and post data, prevent this
			s.data = null;
		}

		// Watch for a new set of requests
		if ( s.global && ! jQuery.active++ )
			jQuery.event.trigger( "ajaxStart" );

		// Matches an absolute URL, and saves the domain
		var parts = /^(\w+:)?\/\/([^\/?#]+)/.exec( s.url );

		// If we're requesting a remote document
		// and trying to load JSON or Script with a GET
		if ( s.dataType == "script" && type == "GET" && parts
			&& ( parts[1] && parts[1] != location.protocol || parts[2] != location.host )){

			var head = document.getElementsByTagName("head")[0];
			var script = document.createElement("script");
			script.src = s.url;
			if (s.scriptCharset)
				script.charset = s.scriptCharset;

			// Handle Script loading
			if ( !jsonp ) {
				var done = false;

				// Attach handlers for all browsers
				script.onload = script.onreadystatechange = function(){
					if ( !done && (!this.readyState ||
							this.readyState == "loaded" || this.readyState == "complete") ) {
						done = true;
						success();
						complete();

						// Handle memory leak in IE
						script.onload = script.onreadystatechange = null;
						head.removeChild( script );
					}
				};
			}

			head.appendChild(script);

			// We handle everything using the script element injection
			return undefined;
		}

		var requestDone = false;

		// Create the request object
		var xhr = s.xhr();

		// Open the socket
		// Passing null username, generates a login popup on Opera (#2865)
		if( s.username )
			xhr.open(type, s.url, s.async, s.username, s.password);
		else
			xhr.open(type, s.url, s.async);

		// Need an extra try/catch for cross domain requests in Firefox 3
		try {
			// Set the correct header, if data is being sent
			if ( s.data )
				xhr.setRequestHeader("Content-Type", s.contentType);

			// Set the If-Modified-Since header, if ifModified mode.
			if ( s.ifModified )
				xhr.setRequestHeader("If-Modified-Since",
					jQuery.lastModified[s.url] || "Thu, 01 Jan 1970 00:00:00 GMT" );

			// Set header so the called script knows that it's an XMLHttpRequest
			xhr.setRequestHeader("X-Requested-With", "XMLHttpRequest");

			// Set the Accepts header for the server, depending on the dataType
			xhr.setRequestHeader("Accept", s.dataType && s.accepts[ s.dataType ] ?
				s.accepts[ s.dataType ] + ", */*" :
				s.accepts._default );
		} catch(e){}

		// Allow custom headers/mimetypes and early abort
		if ( s.beforeSend && s.beforeSend(xhr, s) === false ) {
			// Handle the global AJAX counter
			if ( s.global && ! --jQuery.active )
				jQuery.event.trigger( "ajaxStop" );
			// close opended socket
			xhr.abort();
			return false;
		}

		if ( s.global )
			jQuery.event.trigger("ajaxSend", [xhr, s]);

		// Wait for a response to come back
		var onreadystatechange = function(isTimeout){
			// The request was aborted, clear the interval and decrement jQuery.active
			if (xhr.readyState == 0) {
				if (ival) {
					// clear poll interval
					clearInterval(ival);
					ival = null;
					// Handle the global AJAX counter
					if ( s.global && ! --jQuery.active )
						jQuery.event.trigger( "ajaxStop" );
				}
			// The transfer is complete and the data is available, or the request timed out
			} else if ( !requestDone && xhr && (xhr.readyState == 4 || isTimeout == "timeout") ) {
				requestDone = true;

				// clear poll interval
				if (ival) {
					clearInterval(ival);
					ival = null;
				}

				status = isTimeout == "timeout" ? "timeout" :
					!jQuery.httpSuccess( xhr ) ? "error" :
					s.ifModified && jQuery.httpNotModified( xhr, s.url ) ? "notmodified" :
					"success";

				if ( status == "success" ) {
					// Watch for, and catch, XML document parse errors
					try {
						// process the data (runs the xml through httpData regardless of callback)
						data = jQuery.httpData( xhr, s.dataType, s );
					} catch(e) {
						status = "parsererror";
					}
				}

				// Make sure that the request was successful or notmodified
				if ( status == "success" ) {
					// Cache Last-Modified header, if ifModified mode.
					var modRes;
					try {
						modRes = xhr.getResponseHeader("Last-Modified");
					} catch(e) {} // swallow exception thrown by FF if header is not available

					if ( s.ifModified && modRes )
						jQuery.lastModified[s.url] = modRes;

					// JSONP handles its own success callback
					if ( !jsonp )
						success();
				} else
					jQuery.handleError(s, xhr, status);

				// Fire the complete handlers
				complete();

				if ( isTimeout )
					xhr.abort();

				// Stop memory leaks
				if ( s.async )
					xhr = null;
			}
		};

		if ( s.async ) {
			// don't attach the handler to the request, just poll it instead
			var ival = setInterval(onreadystatechange, 13);

			// Timeout checker
			if ( s.timeout > 0 )
				setTimeout(function(){
					// Check to see if the request is still happening
					if ( xhr && !requestDone )
						onreadystatechange( "timeout" );
				}, s.timeout);
		}

		// Send the data
		try {
			xhr.send(s.data);
		} catch(e) {
			jQuery.handleError(s, xhr, null, e);
		}

		// firefox 1.5 doesn't fire statechange for sync requests
		if ( !s.async )
			onreadystatechange();

		function success(){
			// If a local callback was specified, fire it and pass it the data
			if ( s.success )
				s.success( data, status );

			// Fire the global callback
			if ( s.global )
				jQuery.event.trigger( "ajaxSuccess", [xhr, s] );
		}

		function complete(){
			// Process result
			if ( s.complete )
				s.complete(xhr, status);

			// The request was completed
			if ( s.global )
				jQuery.event.trigger( "ajaxComplete", [xhr, s] );

			// Handle the global AJAX counter
			if ( s.global && ! --jQuery.active )
				jQuery.event.trigger( "ajaxStop" );
		}

		// return XMLHttpRequest to allow aborting the request etc.
		return xhr;
	},

	handleError: function( s, xhr, status, e ) {
		// If a local callback was specified, fire it
		if ( s.error ) s.error( xhr, status, e );

		// Fire the global callback
		if ( s.global )
			jQuery.event.trigger( "ajaxError", [xhr, s, e] );
	},

	// Counter for holding the number of active queries
	active: 0,

	// Determines if an XMLHttpRequest was successful or not
	httpSuccess: function( xhr ) {
		try {
			// IE error sometimes returns 1223 when it should be 204 so treat it as success, see #1450
			return !xhr.status && location.protocol == "file:" ||
				( xhr.status >= 200 && xhr.status < 300 ) || xhr.status == 304 || xhr.status == 1223;
		} catch(e){}
		return false;
	},

	// Determines if an XMLHttpRequest returns NotModified
	httpNotModified: function( xhr, url ) {
		try {
			var xhrRes = xhr.getResponseHeader("Last-Modified");

			// Firefox always returns 200. check Last-Modified date
			return xhr.status == 304 || xhrRes == jQuery.lastModified[url];
		} catch(e){}
		return false;
	},

	httpData: function( xhr, type, s ) {
		var ct = xhr.getResponseHeader("content-type"),
			xml = type == "xml" || !type && ct && ct.indexOf("xml") >= 0,
			data = xml ? xhr.responseXML : xhr.responseText;

		if ( xml && data.documentElement.tagName == "parsererror" )
			throw "parsererror";
			
		// Allow a pre-filtering function to sanitize the response
		// s != null is checked to keep backwards compatibility
		if( s && s.dataFilter )
			data = s.dataFilter( data, type );

		// The filter can actually parse the response
		if( typeof data === "string" ){

			// If the type is "script", eval it in global context
			if ( type == "script" )
				jQuery.globalEval( data );

			// Get the JavaScript object, if JSON is used.
			if ( type == "json" )
				data = window["eval"]("(" + data + ")");
		}
		
		return data;
	},

	// Serialize an array of form elements or a set of
	// key/values into a query string
	param: function( a ) {
		var s = [ ];

		function add( key, value ){
			s[ s.length ] = encodeURIComponent(key) + '=' + encodeURIComponent(value);
		};

		// If an array was passed in, assume that it is an array
		// of form elements
		if ( jQuery.isArray(a) || a.jquery )
			// Serialize the form elements
			jQuery.each( a, function(){
				add( this.name, this.value );
			});

		// Otherwise, assume that it's an object of key/value pairs
		else
			// Serialize the key/values
			for ( var j in a )
				// If the value is an array then the key names need to be repeated
				if ( jQuery.isArray(a[j]) )
					jQuery.each( a[j], function(){
						add( j, this );
					});
				else
					add( j, jQuery.isFunction(a[j]) ? a[j]() : a[j] );

		// Return the resulting serialization
		return s.join("&").replace(/%20/g, "+");
	}

});
var elemdisplay = {},
	timerId,
	fxAttrs = [
		// height animations
		[ "height", "marginTop", "marginBottom", "paddingTop", "paddingBottom" ],
		// width animations
		[ "width", "marginLeft", "marginRight", "paddingLeft", "paddingRight" ],
		// opacity animations
		[ "opacity" ]
	];

function genFx( type, num ){
	var obj = {};
	jQuery.each( fxAttrs.concat.apply([], fxAttrs.slice(0,num)), function(){
		obj[ this ] = type;
	});
	return obj;
}

jQuery.fn.extend({
	show: function(speed,callback){
		if ( speed ) {
			return this.animate( genFx("show", 3), speed, callback);
		} else {
			for ( var i = 0, l = this.length; i < l; i++ ){
				var old = jQuery.data(this[i], "olddisplay");
				
				this[i].style.display = old || "";
				
				if ( jQuery.css(this[i], "display") === "none" ) {
					var tagName = this[i].tagName, display;
					
					if ( elemdisplay[ tagName ] ) {
						display = elemdisplay[ tagName ];
					} else {
						var elem = jQuery("<" + tagName + " />").appendTo("body");
						
						display = elem.css("display");
						if ( display === "none" )
							display = "block";
						
						elem.remove();
						
						elemdisplay[ tagName ] = display;
					}
					
					jQuery.data(this[i], "olddisplay", display);
				}
			}

			// Set the display of the elements in a second loop
			// to avoid the constant reflow
			for ( var i = 0, l = this.length; i < l; i++ ){
				this[i].style.display = jQuery.data(this[i], "olddisplay") || "";
			}
			
			return this;
		}
	},

	hide: function(speed,callback){
		if ( speed ) {
			return this.animate( genFx("hide", 3), speed, callback);
		} else {
			for ( var i = 0, l = this.length; i < l; i++ ){
				var old = jQuery.data(this[i], "olddisplay");
				if ( !old && old !== "none" )
					jQuery.data(this[i], "olddisplay", jQuery.css(this[i], "display"));
			}

			// Set the display of the elements in a second loop
			// to avoid the constant reflow
			for ( var i = 0, l = this.length; i < l; i++ ){
				this[i].style.display = "none";
			}

			return this;
		}
	},

	// Save the old toggle function
	_toggle: jQuery.fn.toggle,

	toggle: function( fn, fn2 ){
		var bool = typeof fn === "boolean";

		return jQuery.isFunction(fn) && jQuery.isFunction(fn2) ?
			this._toggle.apply( this, arguments ) :
			fn == null || bool ?
				this.each(function(){
					var state = bool ? fn : jQuery(this).is(":hidden");
					jQuery(this)[ state ? "show" : "hide" ]();
				}) :
				this.animate(genFx("toggle", 3), fn, fn2);
	},

	fadeTo: function(speed,to,callback){
		return this.animate({opacity: to}, speed, callback);
	},

	animate: function( prop, speed, easing, callback ) {
		var optall = jQuery.speed(speed, easing, callback);

		return this[ optall.queue === false ? "each" : "queue" ](function(){
		
			var opt = jQuery.extend({}, optall), p,
				hidden = this.nodeType == 1 && jQuery(this).is(":hidden"),
				self = this;
	
			for ( p in prop ) {
				if ( prop[p] == "hide" && hidden || prop[p] == "show" && !hidden )
					return opt.complete.call(this);

				if ( ( p == "height" || p == "width" ) && this.style ) {
					// Store display property
					opt.display = jQuery.css(this, "display");

					// Make sure that nothing sneaks out
					opt.overflow = this.style.overflow;
				}
			}

			if ( opt.overflow != null )
				this.style.overflow = "hidden";

			opt.curAnim = jQuery.extend({}, prop);

			jQuery.each( prop, function(name, val){
				var e = new jQuery.fx( self, opt, name );

				if ( /toggle|show|hide/.test(val) )
					e[ val == "toggle" ? hidden ? "show" : "hide" : val ]( prop );
				else {
					var parts = val.toString().match(/^([+-]=)?([\d+-.]+)(.*)$/),
						start = e.cur(true) || 0;

					if ( parts ) {
						var end = parseFloat(parts[2]),
							unit = parts[3] || "px";

						// We need to compute starting value
						if ( unit != "px" ) {
							self.style[ name ] = (end || 1) + unit;
							start = ((end || 1) / e.cur(true)) * start;
							self.style[ name ] = start + unit;
						}

						// If a +=/-= token was provided, we're doing a relative animation
						if ( parts[1] )
							end = ((parts[1] == "-=" ? -1 : 1) * end) + start;

						e.custom( start, end, unit );
					} else
						e.custom( start, val, "" );
				}
			});

			// For JS strict compliance
			return true;
		});
	},

	stop: function(clearQueue, gotoEnd){
		var timers = jQuery.timers;

		if (clearQueue)
			this.queue([]);

		this.each(function(){
			// go in reverse order so anything added to the queue during the loop is ignored
			for ( var i = timers.length - 1; i >= 0; i-- )
				if ( timers[i].elem == this ) {
					if (gotoEnd)
						// force the next step to be the last
						timers[i](true);
					timers.splice(i, 1);
				}
		});

		// start the next in the queue if the last step wasn't forced
		if (!gotoEnd)
			this.dequeue();

		return this;
	}

});

// Generate shortcuts for custom animations
jQuery.each({
	slideDown: genFx("show", 1),
	slideUp: genFx("hide", 1),
	slideToggle: genFx("toggle", 1),
	fadeIn: { opacity: "show" },
	fadeOut: { opacity: "hide" }
}, function( name, props ){
	jQuery.fn[ name ] = function( speed, callback ){
		return this.animate( props, speed, callback );
	};
});

jQuery.extend({

	speed: function(speed, easing, fn) {
		var opt = typeof speed === "object" ? speed : {
			complete: fn || !fn && easing ||
				jQuery.isFunction( speed ) && speed,
			duration: speed,
			easing: fn && easing || easing && !jQuery.isFunction(easing) && easing
		};

		opt.duration = jQuery.fx.off ? 0 : typeof opt.duration === "number" ? opt.duration :
			jQuery.fx.speeds[opt.duration] || jQuery.fx.speeds._default;

		// Queueing
		opt.old = opt.complete;
		opt.complete = function(){
			if ( opt.queue !== false )
				jQuery(this).dequeue();
			if ( jQuery.isFunction( opt.old ) )
				opt.old.call( this );
		};

		return opt;
	},

	easing: {
		linear: function( p, n, firstNum, diff ) {
			return firstNum + diff * p;
		},
		swing: function( p, n, firstNum, diff ) {
			return ((-Math.cos(p*Math.PI)/2) + 0.5) * diff + firstNum;
		}
	},

	timers: [],

	fx: function( elem, options, prop ){
		this.options = options;
		this.elem = elem;
		this.prop = prop;

		if ( !options.orig )
			options.orig = {};
	}

});

jQuery.fx.prototype = {

	// Simple function for setting a style value
	update: function(){
		if ( this.options.step )
			this.options.step.call( this.elem, this.now, this );

		(jQuery.fx.step[this.prop] || jQuery.fx.step._default)( this );

		// Set display property to block for height/width animations
		if ( ( this.prop == "height" || this.prop == "width" ) && this.elem.style )
			this.elem.style.display = "block";
	},

	// Get the current size
	cur: function(force){
		if ( this.elem[this.prop] != null && (!this.elem.style || this.elem.style[this.prop] == null) )
			return this.elem[ this.prop ];

		var r = parseFloat(jQuery.css(this.elem, this.prop, force));
		return r && r > -10000 ? r : parseFloat(jQuery.curCSS(this.elem, this.prop)) || 0;
	},

	// Start an animation from one number to another
	custom: function(from, to, unit){
		this.startTime = now();
		this.start = from;
		this.end = to;
		this.unit = unit || this.unit || "px";
		this.now = this.start;
		this.pos = this.state = 0;

		var self = this;
		function t(gotoEnd){
			return self.step(gotoEnd);
		}

		t.elem = this.elem;

		if ( t() && jQuery.timers.push(t) && !timerId ) {
			timerId = setInterval(function(){
				var timers = jQuery.timers;

				for ( var i = 0; i < timers.length; i++ )
					if ( !timers[i]() )
						timers.splice(i--, 1);

				if ( !timers.length ) {
					clearInterval( timerId );
					timerId = undefined;
				}
			}, 13);
		}
	},

	// Simple 'show' function
	show: function(){
		// Remember where we started, so that we can go back to it later
		this.options.orig[this.prop] = jQuery.attr( this.elem.style, this.prop );
		this.options.show = true;

		// Begin the animation
		// Make sure that we start at a small width/height to avoid any
		// flash of content
		this.custom(this.prop == "width" || this.prop == "height" ? 1 : 0, this.cur());

		// Start by showing the element
		jQuery(this.elem).show();
	},

	// Simple 'hide' function
	hide: function(){
		// Remember where we started, so that we can go back to it later
		this.options.orig[this.prop] = jQuery.attr( this.elem.style, this.prop );
		this.options.hide = true;

		// Begin the animation
		this.custom(this.cur(), 0);
	},

	// Each step of an animation
	step: function(gotoEnd){
		var t = now();

		if ( gotoEnd || t >= this.options.duration + this.startTime ) {
			this.now = this.end;
			this.pos = this.state = 1;
			this.update();

			this.options.curAnim[ this.prop ] = true;

			var done = true;
			for ( var i in this.options.curAnim )
				if ( this.options.curAnim[i] !== true )
					done = false;

			if ( done ) {
				if ( this.options.display != null ) {
					// Reset the overflow
					this.elem.style.overflow = this.options.overflow;

					// Reset the display
					this.elem.style.display = this.options.display;
					if ( jQuery.css(this.elem, "display") == "none" )
						this.elem.style.display = "block";
				}

				// Hide the element if the "hide" operation was done
				if ( this.options.hide )
					jQuery(this.elem).hide();

				// Reset the properties, if the item has been hidden or shown
				if ( this.options.hide || this.options.show )
					for ( var p in this.options.curAnim )
						jQuery.attr(this.elem.style, p, this.options.orig[p]);
					
				// Execute the complete function
				this.options.complete.call( this.elem );
			}

			return false;
		} else {
			var n = t - this.startTime;
			this.state = n / this.options.duration;

			// Perform the easing function, defaults to swing
			this.pos = jQuery.easing[this.options.easing || (jQuery.easing.swing ? "swing" : "linear")](this.state, n, 0, 1, this.options.duration);
			this.now = this.start + ((this.end - this.start) * this.pos);

			// Perform the next step of the animation
			this.update();
		}

		return true;
	}

};

jQuery.extend( jQuery.fx, {
	speeds:{
		slow: 600,
 		fast: 200,
 		// Default speed
 		_default: 400
	},
	step: {

		opacity: function(fx){
			jQuery.attr(fx.elem.style, "opacity", fx.now);
		},

		_default: function(fx){
			if ( fx.elem.style && fx.elem.style[ fx.prop ] != null )
				fx.elem.style[ fx.prop ] = fx.now + fx.unit;
			else
				fx.elem[ fx.prop ] = fx.now;
		}
	}
});
if ( document.documentElement["getBoundingClientRect"] )
	jQuery.fn.offset = function() {
		if ( !this[0] ) return { top: 0, left: 0 };
		if ( this[0] === this[0].ownerDocument.body ) return jQuery.offset.bodyOffset( this[0] );
		var box  = this[0].getBoundingClientRect(), doc = this[0].ownerDocument, body = doc.body, docElem = doc.documentElement,
			clientTop = docElem.clientTop || body.clientTop || 0, clientLeft = docElem.clientLeft || body.clientLeft || 0,
			top  = box.top  + (self.pageYOffset || jQuery.boxModel && docElem.scrollTop  || body.scrollTop ) - clientTop,
			left = box.left + (self.pageXOffset || jQuery.boxModel && docElem.scrollLeft || body.scrollLeft) - clientLeft;
		return { top: top, left: left };
	};
else 
	jQuery.fn.offset = function() {
		if ( !this[0] ) return { top: 0, left: 0 };
		if ( this[0] === this[0].ownerDocument.body ) return jQuery.offset.bodyOffset( this[0] );
		jQuery.offset.initialized || jQuery.offset.initialize();

		var elem = this[0], offsetParent = elem.offsetParent, prevOffsetParent = elem,
			doc = elem.ownerDocument, computedStyle, docElem = doc.documentElement,
			body = doc.body, defaultView = doc.defaultView,
			prevComputedStyle = defaultView.getComputedStyle(elem, null),
			top = elem.offsetTop, left = elem.offsetLeft;

		while ( (elem = elem.parentNode) && elem !== body && elem !== docElem ) {
			computedStyle = defaultView.getComputedStyle(elem, null);
			top -= elem.scrollTop, left -= elem.scrollLeft;
			if ( elem === offsetParent ) {
				top += elem.offsetTop, left += elem.offsetLeft;
				if ( jQuery.offset.doesNotAddBorder && !(jQuery.offset.doesAddBorderForTableAndCells && /^t(able|d|h)$/i.test(elem.tagName)) )
					top  += parseInt( computedStyle.borderTopWidth,  10) || 0,
					left += parseInt( computedStyle.borderLeftWidth, 10) || 0;
				prevOffsetParent = offsetParent, offsetParent = elem.offsetParent;
			}
			if ( jQuery.offset.subtractsBorderForOverflowNotVisible && computedStyle.overflow !== "visible" )
				top  += parseInt( computedStyle.borderTopWidth,  10) || 0,
				left += parseInt( computedStyle.borderLeftWidth, 10) || 0;
			prevComputedStyle = computedStyle;
		}

		if ( prevComputedStyle.position === "relative" || prevComputedStyle.position === "static" )
			top  += body.offsetTop,
			left += body.offsetLeft;

		if ( prevComputedStyle.position === "fixed" )
			top  += Math.max(docElem.scrollTop, body.scrollTop),
			left += Math.max(docElem.scrollLeft, body.scrollLeft);

		return { top: top, left: left };
	};

jQuery.offset = {
	initialize: function() {
		if ( this.initialized ) return;
		var body = document.body, container = document.createElement('div'), innerDiv, checkDiv, table, td, rules, prop, bodyMarginTop = body.style.marginTop,
			html = '<div style="position:absolute;top:0;left:0;margin:0;border:5px solid #000;padding:0;width:1px;height:1px;"><div></div></div><table style="position:absolute;top:0;left:0;margin:0;border:5px solid #000;padding:0;width:1px;height:1px;" cellpadding="0" cellspacing="0"><tr><td></td></tr></table>';

		rules = { position: 'absolute', top: 0, left: 0, margin: 0, border: 0, width: '1px', height: '1px', visibility: 'hidden' };
		for ( prop in rules ) container.style[prop] = rules[prop];

		container.innerHTML = html;
		body.insertBefore(container, body.firstChild);
		innerDiv = container.firstChild, checkDiv = innerDiv.firstChild, td = innerDiv.nextSibling.firstChild.firstChild;

		this.doesNotAddBorder = (checkDiv.offsetTop !== 5);
		this.doesAddBorderForTableAndCells = (td.offsetTop === 5);

		innerDiv.style.overflow = 'hidden', innerDiv.style.position = 'relative';
		this.subtractsBorderForOverflowNotVisible = (checkDiv.offsetTop === -5);

		body.style.marginTop = '1px';
		this.doesNotIncludeMarginInBodyOffset = (body.offsetTop === 0);
		body.style.marginTop = bodyMarginTop;

		body.removeChild(container);
		this.initialized = true;
	},

	bodyOffset: function(body) {
		jQuery.offset.initialized || jQuery.offset.initialize();
		var top = body.offsetTop, left = body.offsetLeft;
		if ( jQuery.offset.doesNotIncludeMarginInBodyOffset )
			top  += parseInt( jQuery.curCSS(body, 'marginTop',  true), 10 ) || 0,
			left += parseInt( jQuery.curCSS(body, 'marginLeft', true), 10 ) || 0;
		return { top: top, left: left };
	}
};


jQuery.fn.extend({
	position: function() {
		var left = 0, top = 0, results;

		if ( this[0] ) {
			// Get *real* offsetParent
			var offsetParent = this.offsetParent(),

			// Get correct offsets
			offset       = this.offset(),
			parentOffset = /^body|html$/i.test(offsetParent[0].tagName) ? { top: 0, left: 0 } : offsetParent.offset();

			// Subtract element margins
			// note: when an element has margin: auto the offsetLeft and marginLeft 
			// are the same in Safari causing offset.left to incorrectly be 0
			offset.top  -= num( this, 'marginTop'  );
			offset.left -= num( this, 'marginLeft' );

			// Add offsetParent borders
			parentOffset.top  += num( offsetParent, 'borderTopWidth'  );
			parentOffset.left += num( offsetParent, 'borderLeftWidth' );

			// Subtract the two offsets
			results = {
				top:  offset.top  - parentOffset.top,
				left: offset.left - parentOffset.left
			};
		}

		return results;
	},

	offsetParent: function() {
		var offsetParent = this[0].offsetParent || document.body;
		while ( offsetParent && (!/^body|html$/i.test(offsetParent.tagName) && jQuery.css(offsetParent, 'position') == 'static') )
			offsetParent = offsetParent.offsetParent;
		return jQuery(offsetParent);
	}
});


// Create scrollLeft and scrollTop methods
jQuery.each( ['Left', 'Top'], function(i, name) {
	var method = 'scroll' + name;
	
	jQuery.fn[ method ] = function(val) {
		if (!this[0]) return null;

		return val !== undefined ?

			// Set the scroll offset
			this.each(function() {
				this == window || this == document ?
					window.scrollTo(
						!i ? val : jQuery(window).scrollLeft(),
						 i ? val : jQuery(window).scrollTop()
					) :
					this[ method ] = val;
			}) :

			// Return the scroll offset
			this[0] == window || this[0] == document ?
				self[ i ? 'pageYOffset' : 'pageXOffset' ] ||
					jQuery.boxModel && document.documentElement[ method ] ||
					document.body[ method ] :
				this[0][ method ];
	};
});
// Create innerHeight, innerWidth, outerHeight and outerWidth methods
jQuery.each([ "Height", "Width" ], function(i, name){

	var tl = i ? "Left"  : "Top",  // top or left
		br = i ? "Right" : "Bottom", // bottom or right
		lower = name.toLowerCase();

	// innerHeight and innerWidth
	jQuery.fn["inner" + name] = function(){
		return this[0] ?
			jQuery.css( this[0], lower, false, "padding" ) :
			null;
	};

	// outerHeight and outerWidth
	jQuery.fn["outer" + name] = function(margin) {
		return this[0] ?
			jQuery.css( this[0], lower, false, margin ? "margin" : "border" ) :
			null;
	};
	
	var type = name.toLowerCase();

	jQuery.fn[ type ] = function( size ) {
		// Get window width or height
		return this[0] == window ?
			// Everyone else use document.documentElement or document.body depending on Quirks vs Standards mode
			document.compatMode == "CSS1Compat" && document.documentElement[ "client" + name ] ||
			document.body[ "client" + name ] :

			// Get document width or height
			this[0] == document ?
				// Either scroll[Width/Height] or offset[Width/Height], whichever is greater
				Math.max(
					document.documentElement["client" + name],
					document.body["scroll" + name], document.documentElement["scroll" + name],
					document.body["offset" + name], document.documentElement["offset" + name]
				) :

				// Get or set width or height on the element
				size === undefined ?
					// Get width or height on the element
					(this.length ? jQuery.css( this[0], type ) : null) :

					// Set the width or height on the element (default to pixels if value is unitless)
					this.css( type, typeof size === "string" ? size : size + "px" );
	};

});
})();
, args=[]}]
三月 23, 2014 4:21:30 下午 org.openqa.selenium.testing.JUnit4TestBase$1 finished
信息: <<< Finished testShouldBeAbleToExecuteABigChunkOfJavascriptCode(org.openqa.selenium.ExecutingJavascriptTest)
三月 23, 2014 4:21:30 下午 org.openqa.selenium.testing.JUnit4TestBase$1 starting
信息: >>> Starting testShouldBeAbleToExecuteSimpleJavascriptAndReturnAComplexObject(org.openqa.selenium.ExecutingJavascriptTest)
三月 23, 2014 4:21:30 下午 org.openqa.selenium.remote.RemoteWebDriver log
信息: Executing: get [d43789d4-b98b-a149-b803-d3e259123046, get {url=http://localhost:6461/common/javascriptPage.html}]
三月 23, 2014 4:21:30 下午 org.openqa.selenium.remote.RemoteWebDriver log
信息: Executed: [d43789d4-b98b-a149-b803-d3e259123046, get {url=http://localhost:6461/common/javascriptPage.html}]
三月 23, 2014 4:21:30 下午 org.openqa.selenium.remote.RemoteWebDriver log
信息: Executing: executeScript [d43789d4-b98b-a149-b803-d3e259123046, executeScript {script=return window.location;, args=[]}]
三月 23, 2014 4:21:30 下午 org.openqa.selenium.remote.RemoteWebDriver log
信息: Executed: [d43789d4-b98b-a149-b803-d3e259123046, executeScript {script=return window.location;, args=[]}]
三月 23, 2014 4:21:30 下午 org.openqa.selenium.testing.JUnit4TestBase$1 finished
信息: <<< Finished testShouldBeAbleToExecuteSimpleJavascriptAndReturnAComplexObject(org.openqa.selenium.ExecutingJavascriptTest)
三月 23, 2014 4:21:30 下午 org.openqa.selenium.testing.JUnit4TestBase$1 starting
信息: >>> Starting testCanHandleAnArrayOfElementsAsAnObjectArray(org.openqa.selenium.ExecutingJavascriptTest)
三月 23, 2014 4:21:30 下午 org.openqa.selenium.remote.RemoteWebDriver log
信息: Executing: get [d43789d4-b98b-a149-b803-d3e259123046, get {url=http://localhost:6461/common/formPage.html}]
三月 23, 2014 4:21:30 下午 org.openqa.selenium.remote.RemoteWebDriver log
信息: Executed: [d43789d4-b98b-a149-b803-d3e259123046, get {url=http://localhost:6461/common/formPage.html}]
三月 23, 2014 4:21:30 下午 org.openqa.selenium.remote.RemoteWebDriver log
信息: Executing: findElements [d43789d4-b98b-a149-b803-d3e259123046, findElements {using=tag name, value=form}]
三月 23, 2014 4:21:30 下午 org.openqa.selenium.remote.RemoteWebDriver log
信息: Executed: [d43789d4-b98b-a149-b803-d3e259123046, findElements {using=tag name, value=form}]
三月 23, 2014 4:21:30 下午 org.openqa.selenium.remote.RemoteWebDriver log
信息: Executing: executeScript [d43789d4-b98b-a149-b803-d3e259123046, executeScript {script=return arguments[0][0].tagName, args=[[{ELEMENT={81680a0a-6491-004f-83d4-636d88e87abd}}, {ELEMENT={64636132-5048-0a4c-b669-6b3e642d9103}}, {ELEMENT={ac7e2896-be00-f746-9411-857f572f2217}}, {ELEMENT={3335f74a-5f24-364a-a142-70d10505d5c0}}, {ELEMENT={fe7ff718-55e9-6c41-83f3-f40cccf61dfb}}, {ELEMENT={3a6dd0d2-19bb-254b-84f8-7f7cbeb54fd9}}, {ELEMENT={7e2db7c3-a46c-1e4d-85aa-b022064c906a}}, {ELEMENT={11ae3416-43d6-af42-b5fa-f993dde12d26}}, {ELEMENT={dcc943a5-fe09-414b-8099-009d1aa80e28}}]]}]
三月 23, 2014 4:21:30 下午 org.openqa.selenium.remote.RemoteWebDriver log
信息: Executed: [d43789d4-b98b-a149-b803-d3e259123046, executeScript {script=return arguments[0][0].tagName, args=[[{ELEMENT={81680a0a-6491-004f-83d4-636d88e87abd}}, {ELEMENT={64636132-5048-0a4c-b669-6b3e642d9103}}, {ELEMENT={ac7e2896-be00-f746-9411-857f572f2217}}, {ELEMENT={3335f74a-5f24-364a-a142-70d10505d5c0}}, {ELEMENT={fe7ff718-55e9-6c41-83f3-f40cccf61dfb}}, {ELEMENT={3a6dd0d2-19bb-254b-84f8-7f7cbeb54fd9}}, {ELEMENT={7e2db7c3-a46c-1e4d-85aa-b022064c906a}}, {ELEMENT={11ae3416-43d6-af42-b5fa-f993dde12d26}}, {ELEMENT={dcc943a5-fe09-414b-8099-009d1aa80e28}}]]}]
三月 23, 2014 4:21:30 下午 org.openqa.selenium.testing.JUnit4TestBase$1 finished
信息: <<< Finished testCanHandleAnArrayOfElementsAsAnObjectArray(org.openqa.selenium.ExecutingJavascriptTest)
三月 23, 2014 4:21:30 下午 org.openqa.selenium.testing.JUnit4TestBase$1 starting
信息: >>> Starting testShouldBeAbleToPassABooleanAsArgument(org.openqa.selenium.ExecutingJavascriptTest)
三月 23, 2014 4:21:30 下午 org.openqa.selenium.remote.RemoteWebDriver log
信息: Executing: get [d43789d4-b98b-a149-b803-d3e259123046, get {url=http://localhost:6461/common/javascriptPage.html}]
三月 23, 2014 4:21:30 下午 org.openqa.selenium.remote.RemoteWebDriver log
信息: Executed: [d43789d4-b98b-a149-b803-d3e259123046, get {url=http://localhost:6461/common/javascriptPage.html}]
三月 23, 2014 4:21:30 下午 org.openqa.selenium.remote.RemoteWebDriver log
信息: Executing: executeScript [d43789d4-b98b-a149-b803-d3e259123046, executeScript {script=return arguments[0] == true;, args=[true]}]
三月 23, 2014 4:21:30 下午 org.openqa.selenium.remote.RemoteWebDriver log
信息: Executed: [d43789d4-b98b-a149-b803-d3e259123046, executeScript {script=return arguments[0] == true;, args=[true]}]
三月 23, 2014 4:21:30 下午 org.openqa.selenium.testing.JUnit4TestBase$1 finished
信息: <<< Finished testShouldBeAbleToPassABooleanAsArgument(org.openqa.selenium.ExecutingJavascriptTest)
三月 23, 2014 4:21:30 下午 org.openqa.selenium.testing.JUnit4TestBase$1 starting
信息: >>> Starting testShouldBeAbleToExecuteSimpleJavascriptAndReturnAnArray(org.openqa.selenium.ExecutingJavascriptTest)
三月 23, 2014 4:21:30 下午 org.openqa.selenium.remote.RemoteWebDriver log
信息: Executing: get [d43789d4-b98b-a149-b803-d3e259123046, get {url=http://localhost:6461/common/javascriptPage.html}]
三月 23, 2014 4:21:30 下午 org.openqa.selenium.remote.RemoteWebDriver log
信息: Executed: [d43789d4-b98b-a149-b803-d3e259123046, get {url=http://localhost:6461/common/javascriptPage.html}]
三月 23, 2014 4:21:30 下午 org.openqa.selenium.remote.RemoteWebDriver log
信息: Executing: executeScript [d43789d4-b98b-a149-b803-d3e259123046, executeScript {script=return ['zero', [true, false]];, args=[]}]
三月 23, 2014 4:21:30 下午 org.openqa.selenium.remote.RemoteWebDriver log
信息: Executed: [d43789d4-b98b-a149-b803-d3e259123046, executeScript {script=return ['zero', [true, false]];, args=[]}]
三月 23, 2014 4:21:30 下午 org.openqa.selenium.testing.JUnit4TestBase$1 finished
信息: <<< Finished testShouldBeAbleToExecuteSimpleJavascriptAndReturnAnArray(org.openqa.selenium.ExecutingJavascriptTest)
三月 23, 2014 4:21:30 下午 org.openqa.selenium.testing.JUnit4TestBase$1 starting
信息: >>> Starting testShouldBeAbleToExecuteSimpleJavascriptAndReturnABoolean(org.openqa.selenium.ExecutingJavascriptTest)
三月 23, 2014 4:21:30 下午 org.openqa.selenium.remote.RemoteWebDriver log
信息: Executing: get [d43789d4-b98b-a149-b803-d3e259123046, get {url=http://localhost:6461/common/xhtmlTest.html}]
三月 23, 2014 4:21:30 下午 org.openqa.selenium.remote.RemoteWebDriver log
信息: Executed: [d43789d4-b98b-a149-b803-d3e259123046, get {url=http://localhost:6461/common/xhtmlTest.html}]
三月 23, 2014 4:21:30 下午 org.openqa.selenium.remote.RemoteWebDriver log
信息: Executing: executeScript [d43789d4-b98b-a149-b803-d3e259123046, executeScript {script=return true;, args=[]}]
三月 23, 2014 4:21:30 下午 org.openqa.selenium.remote.RemoteWebDriver log
信息: Executed: [d43789d4-b98b-a149-b803-d3e259123046, executeScript {script=return true;, args=[]}]
三月 23, 2014 4:21:30 下午 org.openqa.selenium.testing.JUnit4TestBase$1 finished
信息: <<< Finished testShouldBeAbleToExecuteSimpleJavascriptAndReturnABoolean(org.openqa.selenium.ExecutingJavascriptTest)
三月 23, 2014 4:21:30 下午 org.openqa.selenium.testing.JUnit4TestBase$1 starting
信息: >>> Starting testShouldThrowAnExceptionIfAnArgumentIsNotValid(org.openqa.selenium.ExecutingJavascriptTest)
三月 23, 2014 4:21:30 下午 org.openqa.selenium.remote.RemoteWebDriver log
信息: Executing: get [d43789d4-b98b-a149-b803-d3e259123046, get {url=http://localhost:6461/common/javascriptPage.html}]
三月 23, 2014 4:21:30 下午 org.openqa.selenium.remote.RemoteWebDriver log
信息: Executed: [d43789d4-b98b-a149-b803-d3e259123046, get {url=http://localhost:6461/common/javascriptPage.html}]
三月 23, 2014 4:21:30 下午 org.openqa.selenium.testing.JUnit4TestBase$1 finished
信息: <<< Finished testShouldThrowAnExceptionIfAnArgumentIsNotValid(org.openqa.selenium.ExecutingJavascriptTest)
三月 23, 2014 4:21:30 下午 org.openqa.selenium.testing.JUnit4TestBase$1 starting
信息: >>> Starting testShouldThrowAnExceptionWhenArgumentsWithStaleElementPassed(org.openqa.selenium.ExecutingJavascriptTest)
三月 23, 2014 4:21:30 下午 org.openqa.selenium.remote.RemoteWebDriver log
信息: Executing: get [d43789d4-b98b-a149-b803-d3e259123046, get {url=http://localhost:6461/common/simpleTest.html}]
三月 23, 2014 4:21:30 下午 org.openqa.selenium.remote.RemoteWebDriver log
信息: Executed: [d43789d4-b98b-a149-b803-d3e259123046, get {url=http://localhost:6461/common/simpleTest.html}]
三月 23, 2014 4:21:30 下午 org.openqa.selenium.remote.RemoteWebDriver log
信息: Executing: findElement [d43789d4-b98b-a149-b803-d3e259123046, findElement {using=id, value=oneline}]
三月 23, 2014 4:21:30 下午 org.openqa.selenium.remote.RemoteWebDriver log
信息: Executed: [d43789d4-b98b-a149-b803-d3e259123046, findElement {using=id, value=oneline}]
三月 23, 2014 4:21:30 下午 org.openqa.selenium.remote.RemoteWebDriver log
信息: Executing: get [d43789d4-b98b-a149-b803-d3e259123046, get {url=http://localhost:6461/common/simpleTest.html}]
三月 23, 2014 4:21:30 下午 org.openqa.selenium.remote.RemoteWebDriver log
信息: Executed: [d43789d4-b98b-a149-b803-d3e259123046, get {url=http://localhost:6461/common/simpleTest.html}]
三月 23, 2014 4:21:30 下午 org.openqa.selenium.remote.RemoteWebDriver log
信息: Executing: executeScript [d43789d4-b98b-a149-b803-d3e259123046, executeScript {script=return undefined;, args=[{key=[a, [zero, 1, true, 3.14159, false, {ELEMENT={81a733ef-e90c-c84a-812e-6ead39cde2f8}}], c]}]}]
三月 23, 2014 4:21:30 下午 org.openqa.selenium.remote.RemoteWebDriver log
信息: Executed: [d43789d4-b98b-a149-b803-d3e259123046, executeScript {script=return undefined;, args=[{key=[a, [zero, 1, true, 3.14159, false, {ELEMENT={81a733ef-e90c-c84a-812e-6ead39cde2f8}}], c]}]}]
三月 23, 2014 4:21:30 下午 org.openqa.selenium.testing.JUnit4TestBase$1 finished
信息: <<< Finished testShouldThrowAnExceptionWhenArgumentsWithStaleElementPassed(org.openqa.selenium.ExecutingJavascriptTest)
三月 23, 2014 4:21:30 下午 org.openqa.selenium.testing.JUnit4TestBase$1 starting
信息: >>> Starting testShouldBeAbleToExecuteSimpleJavascriptAndReturnAnObjectLiteral(org.openqa.selenium.ExecutingJavascriptTest)
三月 23, 2014 4:21:30 下午 org.openqa.selenium.remote.RemoteWebDriver log
信息: Executing: get [d43789d4-b98b-a149-b803-d3e259123046, get {url=http://localhost:6461/common/javascriptPage.html}]
三月 23, 2014 4:21:30 下午 org.openqa.selenium.remote.RemoteWebDriver log
信息: Executed: [d43789d4-b98b-a149-b803-d3e259123046, get {url=http://localhost:6461/common/javascriptPage.html}]
三月 23, 2014 4:21:30 下午 org.openqa.selenium.remote.RemoteWebDriver log
信息: Executing: executeScript [d43789d4-b98b-a149-b803-d3e259123046, executeScript {script=return {foo:'bar', baz: ['a', 'b', 'c'], person: {first: 'John',last: 'Doe'}};, args=[]}]
三月 23, 2014 4:21:30 下午 org.openqa.selenium.remote.RemoteWebDriver log
信息: Executed: [d43789d4-b98b-a149-b803-d3e259123046, executeScript {script=return {foo:'bar', baz: ['a', 'b', 'c'], person: {first: 'John',last: 'Doe'}};, args=[]}]
三月 23, 2014 4:21:30 下午 org.openqa.selenium.testing.JUnit4TestBase$1 finished
信息: <<< Finished testShouldBeAbleToExecuteSimpleJavascriptAndReturnAnObjectLiteral(org.openqa.selenium.ExecutingJavascriptTest)
三月 23, 2014 4:21:30 下午 org.openqa.selenium.testing.JUnit4TestBase$1 starting
信息: >>> Starting testShouldBeAbleToPassAWebElementAsArgument(org.openqa.selenium.ExecutingJavascriptTest)
三月 23, 2014 4:21:30 下午 org.openqa.selenium.remote.RemoteWebDriver log
信息: Executing: get [d43789d4-b98b-a149-b803-d3e259123046, get {url=http://localhost:6461/common/javascriptPage.html}]
三月 23, 2014 4:21:30 下午 org.openqa.selenium.remote.RemoteWebDriver log
信息: Executed: [d43789d4-b98b-a149-b803-d3e259123046, get {url=http://localhost:6461/common/javascriptPage.html}]
三月 23, 2014 4:21:30 下午 org.openqa.selenium.remote.RemoteWebDriver log
信息: Executing: findElement [d43789d4-b98b-a149-b803-d3e259123046, findElement {using=id, value=plainButton}]
三月 23, 2014 4:21:30 下午 org.openqa.selenium.remote.RemoteWebDriver log
信息: Executed: [d43789d4-b98b-a149-b803-d3e259123046, findElement {using=id, value=plainButton}]
三月 23, 2014 4:21:30 下午 org.openqa.selenium.remote.RemoteWebDriver log
信息: Executing: executeScript [d43789d4-b98b-a149-b803-d3e259123046, executeScript {script=arguments[0]['flibble'] = arguments[0].getAttribute('id'); return arguments[0]['flibble'];, args=[{ELEMENT={217ed0ce-0bc3-5946-82b1-bb14b779fd89}}]}]
三月 23, 2014 4:21:30 下午 org.openqa.selenium.remote.RemoteWebDriver log
信息: Executed: [d43789d4-b98b-a149-b803-d3e259123046, executeScript {script=arguments[0]['flibble'] = arguments[0].getAttribute('id'); return arguments[0]['flibble'];, args=[{ELEMENT={217ed0ce-0bc3-5946-82b1-bb14b779fd89}}]}]
三月 23, 2014 4:21:30 下午 org.openqa.selenium.testing.JUnit4TestBase$1 finished
信息: <<< Finished testShouldBeAbleToPassAWebElementAsArgument(org.openqa.selenium.ExecutingJavascriptTest)
三月 23, 2014 4:21:30 下午 org.openqa.selenium.testing.JUnit4TestBase$1 starting
信息: >>> Starting testShouldBeAbleToReturnAnArrayOfWebElements(org.openqa.selenium.ExecutingJavascriptTest)
三月 23, 2014 4:21:30 下午 org.openqa.selenium.remote.RemoteWebDriver log
信息: Executing: get [d43789d4-b98b-a149-b803-d3e259123046, get {url=http://localhost:6461/common/formPage.html}]
三月 23, 2014 4:21:31 下午 org.openqa.selenium.remote.RemoteWebDriver log
信息: Executed: [d43789d4-b98b-a149-b803-d3e259123046, get {url=http://localhost:6461/common/formPage.html}]
三月 23, 2014 4:21:31 下午 org.openqa.selenium.remote.RemoteWebDriver log
信息: Executing: executeScript [d43789d4-b98b-a149-b803-d3e259123046, executeScript {script=return document.getElementsByName('snack');, args=[]}]
三月 23, 2014 4:21:31 下午 org.openqa.selenium.remote.RemoteWebDriver log
信息: Executed: [d43789d4-b98b-a149-b803-d3e259123046, executeScript {script=return document.getElementsByName('snack');, args=[]}]
三月 23, 2014 4:21:31 下午 org.openqa.selenium.testing.JUnit4TestBase$1 finished
信息: <<< Finished testShouldBeAbleToReturnAnArrayOfWebElements(org.openqa.selenium.ExecutingJavascriptTest)
三月 23, 2014 4:21:31 下午 org.openqa.selenium.testing.JUnit4TestBase$1 starting
信息: >>> Starting testShouldBeAbleToGrabTheBodyOfFrameOnceSwitchedTo(org.openqa.selenium.ExecutingJavascriptTest)
三月 23, 2014 4:21:31 下午 org.openqa.selenium.remote.RemoteWebDriver log
信息: Executing: get [d43789d4-b98b-a149-b803-d3e259123046, get {url=http://localhost:6461/common/rich_text.html}]
三月 23, 2014 4:21:31 下午 org.openqa.selenium.remote.RemoteWebDriver log
信息: Executed: [d43789d4-b98b-a149-b803-d3e259123046, get {url=http://localhost:6461/common/rich_text.html}]
三月 23, 2014 4:21:31 下午 org.openqa.selenium.remote.RemoteWebDriver log
信息: Executing: switchToFrame [d43789d4-b98b-a149-b803-d3e259123046, switchToFrame {id=editFrame}]
三月 23, 2014 4:21:31 下午 org.openqa.selenium.remote.RemoteWebDriver log
信息: Executed: [d43789d4-b98b-a149-b803-d3e259123046, switchToFrame {id=editFrame}]
三月 23, 2014 4:21:31 下午 org.openqa.selenium.remote.RemoteWebDriver log
信息: Executing: executeScript [d43789d4-b98b-a149-b803-d3e259123046, executeScript {script=return document.body, args=[]}]
三月 23, 2014 4:21:31 下午 org.openqa.selenium.remote.RemoteWebDriver log
信息: Executed: [d43789d4-b98b-a149-b803-d3e259123046, executeScript {script=return document.body, args=[]}]
三月 23, 2014 4:21:31 下午 org.openqa.selenium.remote.RemoteWebDriver log
信息: Executing: getElementText [d43789d4-b98b-a149-b803-d3e259123046, getElementText {id={c869427f-be65-d740-b655-e74c3dc07de4}}]
三月 23, 2014 4:21:31 下午 org.openqa.selenium.remote.RemoteWebDriver log
信息: Executed: [d43789d4-b98b-a149-b803-d3e259123046, getElementText {id={c869427f-be65-d740-b655-e74c3dc07de4}}]
三月 23, 2014 4:21:31 下午 org.openqa.selenium.remote.RemoteWebDriver log
信息: Executing: switchToFrame [d43789d4-b98b-a149-b803-d3e259123046, switchToFrame {id=null}]
三月 23, 2014 4:21:31 下午 org.openqa.selenium.remote.RemoteWebDriver log
信息: Executed: [d43789d4-b98b-a149-b803-d3e259123046, switchToFrame {id=null}]
三月 23, 2014 4:21:31 下午 org.openqa.selenium.testing.JUnit4TestBase$1 finished
信息: <<< Finished testShouldBeAbleToGrabTheBodyOfFrameOnceSwitchedTo(org.openqa.selenium.ExecutingJavascriptTest)
三月 23, 2014 4:21:31 下午 org.openqa.selenium.testing.JUnit4TestBase$1 starting
信息: >>> Starting testShouldBeAbleToExecuteScriptAndReturnElementsList(org.openqa.selenium.ExecutingJavascriptTest)
三月 23, 2014 4:21:31 下午 org.openqa.selenium.remote.RemoteWebDriver log
信息: Executing: get [d43789d4-b98b-a149-b803-d3e259123046, get {url=http://localhost:6461/common/formPage.html}]
三月 23, 2014 4:21:31 下午 org.openqa.selenium.remote.RemoteWebDriver log
信息: Executed: [d43789d4-b98b-a149-b803-d3e259123046, get {url=http://localhost:6461/common/formPage.html}]
三月 23, 2014 4:21:31 下午 org.openqa.selenium.remote.RemoteWebDriver log
信息: Executing: executeScript [d43789d4-b98b-a149-b803-d3e259123046, executeScript {script=return document.getElementsByName('snack');, args=[]}]
三月 23, 2014 4:21:31 下午 org.openqa.selenium.remote.RemoteWebDriver log
信息: Executed: [d43789d4-b98b-a149-b803-d3e259123046, executeScript {script=return document.getElementsByName('snack');, args=[]}]
三月 23, 2014 4:21:31 下午 org.openqa.selenium.testing.JUnit4TestBase$1 finished
信息: <<< Finished testShouldBeAbleToExecuteScriptAndReturnElementsList(org.openqa.selenium.ExecutingJavascriptTest)
三月 23, 2014 4:21:31 下午 org.openqa.selenium.testing.JUnit4TestBase$1 starting
信息: >>> Starting testPassingAndReturningALongShouldReturnAWholeNumber(org.openqa.selenium.ExecutingJavascriptTest)
三月 23, 2014 4:21:31 下午 org.openqa.selenium.remote.RemoteWebDriver log
信息: Executing: get [d43789d4-b98b-a149-b803-d3e259123046, get {url=http://localhost:6461/common/javascriptPage.html}]
三月 23, 2014 4:21:31 下午 org.openqa.selenium.remote.RemoteWebDriver log
信息: Executed: [d43789d4-b98b-a149-b803-d3e259123046, get {url=http://localhost:6461/common/javascriptPage.html}]
三月 23, 2014 4:21:31 下午 org.openqa.selenium.remote.RemoteWebDriver log
信息: Executing: executeScript [d43789d4-b98b-a149-b803-d3e259123046, executeScript {script=return arguments[0];, args=[1]}]
三月 23, 2014 4:21:31 下午 org.openqa.selenium.remote.RemoteWebDriver log
信息: Executed: [d43789d4-b98b-a149-b803-d3e259123046, executeScript {script=return arguments[0];, args=[1]}]
三月 23, 2014 4:21:31 下午 org.openqa.selenium.testing.JUnit4TestBase$1 finished
信息: <<< Finished testPassingAndReturningALongShouldReturnAWholeNumber(org.openqa.selenium.ExecutingJavascriptTest)
三月 23, 2014 4:21:31 下午 org.openqa.selenium.testing.JUnit4TestBase$1 starting
信息: >>> Starting testPassingAndReturningADoubleShouldReturnADecimal(org.openqa.selenium.ExecutingJavascriptTest)
三月 23, 2014 4:21:31 下午 org.openqa.selenium.remote.RemoteWebDriver log
信息: Executing: get [d43789d4-b98b-a149-b803-d3e259123046, get {url=http://localhost:6461/common/javascriptPage.html}]
三月 23, 2014 4:21:31 下午 org.openqa.selenium.remote.RemoteWebDriver log
信息: Executed: [d43789d4-b98b-a149-b803-d3e259123046, get {url=http://localhost:6461/common/javascriptPage.html}]
三月 23, 2014 4:21:31 下午 org.openqa.selenium.remote.RemoteWebDriver log
信息: Executing: executeScript [d43789d4-b98b-a149-b803-d3e259123046, executeScript {script=return arguments[0];, args=[1.2]}]
三月 23, 2014 4:21:31 下午 org.openqa.selenium.remote.RemoteWebDriver log
信息: Executed: [d43789d4-b98b-a149-b803-d3e259123046, executeScript {script=return arguments[0];, args=[1.2]}]
三月 23, 2014 4:21:31 下午 org.openqa.selenium.testing.JUnit4TestBase$1 finished
信息: <<< Finished testPassingAndReturningADoubleShouldReturnADecimal(org.openqa.selenium.ExecutingJavascriptTest)
三月 23, 2014 4:21:31 下午 org.openqa.selenium.testing.JUnit4TestBase$1 starting
信息: >>> Starting testShouldThrowAnExceptionWithMessageAndStacktraceWhenTheJavascriptIsBad(org.openqa.selenium.ExecutingJavascriptTest)
三月 23, 2014 4:21:31 下午 org.openqa.selenium.remote.RemoteWebDriver log
信息: Executing: get [d43789d4-b98b-a149-b803-d3e259123046, get {url=http://localhost:6461/common/xhtmlTest.html}]
三月 23, 2014 4:21:31 下午 org.openqa.selenium.remote.RemoteWebDriver log
信息: Executed: [d43789d4-b98b-a149-b803-d3e259123046, get {url=http://localhost:6461/common/xhtmlTest.html}]
三月 23, 2014 4:21:31 下午 org.openqa.selenium.remote.RemoteWebDriver log
信息: Executing: executeScript [d43789d4-b98b-a149-b803-d3e259123046, executeScript {script=function functionB() { throw Error('errormessage'); };function functionA() { functionB(); };functionA();, args=[]}]
三月 23, 2014 4:21:31 下午 org.openqa.selenium.remote.RemoteWebDriver log
信息: Executed: [d43789d4-b98b-a149-b803-d3e259123046, executeScript {script=function functionB() { throw Error('errormessage'); };function functionA() { functionB(); };functionA();, args=[]}]
三月 23, 2014 4:21:31 下午 org.openqa.selenium.testing.JUnit4TestBase$1 finished
信息: <<< Finished testShouldThrowAnExceptionWithMessageAndStacktraceWhenTheJavascriptIsBad(org.openqa.selenium.ExecutingJavascriptTest)
三月 23, 2014 4:21:31 下午 org.openqa.selenium.testing.JUnit4TestBase$1 starting
信息: >>> Starting testShouldBeAbleToAlterTheContentsOfAFileUploadInputElement(org.openqa.selenium.FormHandlingTest)
三月 23, 2014 4:21:31 下午 org.openqa.selenium.remote.RemoteWebDriver log
信息: Executing: get [d43789d4-b98b-a149-b803-d3e259123046, get {url=http://localhost:6461/common/formPage.html}]
三月 23, 2014 4:21:31 下午 org.openqa.selenium.remote.RemoteWebDriver log
信息: Executed: [d43789d4-b98b-a149-b803-d3e259123046, get {url=http://localhost:6461/common/formPage.html}]
三月 23, 2014 4:21:31 下午 org.openqa.selenium.remote.RemoteWebDriver log
信息: Executing: findElement [d43789d4-b98b-a149-b803-d3e259123046, findElement {using=id, value=upload}]
三月 23, 2014 4:21:31 下午 org.openqa.selenium.remote.RemoteWebDriver log
信息: Executed: [d43789d4-b98b-a149-b803-d3e259123046, findElement {using=id, value=upload}]
三月 23, 2014 4:21:31 下午 org.openqa.selenium.remote.RemoteWebDriver log
信息: Executing: getElementAttribute [d43789d4-b98b-a149-b803-d3e259123046, getElementAttribute {id={5d8e6bf8-9960-a54b-a8ee-31298d26f0d2}, name=value}]
三月 23, 2014 4:21:31 下午 org.openqa.selenium.remote.RemoteWebDriver log
信息: Executed: [d43789d4-b98b-a149-b803-d3e259123046, getElementAttribute {id={5d8e6bf8-9960-a54b-a8ee-31298d26f0d2}, name=value}]
三月 23, 2014 4:21:31 下午 org.openqa.selenium.remote.RemoteWebDriver log
信息: Executing: sendKeysToElement [d43789d4-b98b-a149-b803-d3e259123046, sendKeysToElement {id={5d8e6bf8-9960-a54b-a8ee-31298d26f0d2}, value=[Ljava.lang.CharSequence;@985d2e0}]
三月 23, 2014 4:21:31 下午 org.openqa.selenium.remote.RemoteWebDriver log
信息: Executed: [d43789d4-b98b-a149-b803-d3e259123046, sendKeysToElement {id={5d8e6bf8-9960-a54b-a8ee-31298d26f0d2}, value=[Ljava.lang.CharSequence;@985d2e0}]
三月 23, 2014 4:21:31 下午 org.openqa.selenium.remote.RemoteWebDriver log
信息: Executing: getElementAttribute [d43789d4-b98b-a149-b803-d3e259123046, getElementAttribute {id={5d8e6bf8-9960-a54b-a8ee-31298d26f0d2}, name=value}]
三月 23, 2014 4:21:31 下午 org.openqa.selenium.remote.RemoteWebDriver log
信息: Executed: [d43789d4-b98b-a149-b803-d3e259123046, getElementAttribute {id={5d8e6bf8-9960-a54b-a8ee-31298d26f0d2}, name=value}]
三月 23, 2014 4:21:31 下午 org.openqa.selenium.testing.JUnit4TestBase$1 finished
信息: <<< Finished testShouldBeAbleToAlterTheContentsOfAFileUploadInputElement(org.openqa.selenium.FormHandlingTest)
三月 23, 2014 4:21:31 下午 org.openqa.selenium.testing.JUnit4TestBase$1 starting
信息: >>> Starting testShouldBeAbleToClickImageButtons(org.openqa.selenium.FormHandlingTest)
三月 23, 2014 4:21:31 下午 org.openqa.selenium.remote.RemoteWebDriver log
信息: Executing: get [d43789d4-b98b-a149-b803-d3e259123046, get {url=http://localhost:6461/common/formPage.html}]
三月 23, 2014 4:21:31 下午 org.openqa.selenium.remote.RemoteWebDriver log
信息: Executed: [d43789d4-b98b-a149-b803-d3e259123046, get {url=http://localhost:6461/common/formPage.html}]
三月 23, 2014 4:21:31 下午 org.openqa.selenium.remote.RemoteWebDriver log
信息: Executing: findElement [d43789d4-b98b-a149-b803-d3e259123046, findElement {using=id, value=imageButton}]
三月 23, 2014 4:21:31 下午 org.openqa.selenium.remote.RemoteWebDriver log
信息: Executed: [d43789d4-b98b-a149-b803-d3e259123046, findElement {using=id, value=imageButton}]
三月 23, 2014 4:21:31 下午 org.openqa.selenium.remote.RemoteWebDriver log
信息: Executing: clickElement [d43789d4-b98b-a149-b803-d3e259123046, clickElement {id={125da8a6-6bda-2749-a00e-92b2d342b211}}]
三月 23, 2014 4:21:31 下午 org.openqa.selenium.remote.RemoteWebDriver log
信息: Executed: [d43789d4-b98b-a149-b803-d3e259123046, clickElement {id={125da8a6-6bda-2749-a00e-92b2d342b211}}]
三月 23, 2014 4:21:31 下午 org.openqa.selenium.remote.RemoteWebDriver log
信息: Executing: getTitle [d43789d4-b98b-a149-b803-d3e259123046, getTitle {}]
三月 23, 2014 4:21:31 下午 org.openqa.selenium.remote.RemoteWebDriver log
信息: Executed: [d43789d4-b98b-a149-b803-d3e259123046, getTitle {}]
三月 23, 2014 4:21:31 下午 org.openqa.selenium.remote.RemoteWebDriver log
信息: Executing: getTitle [d43789d4-b98b-a149-b803-d3e259123046, getTitle {}]
三月 23, 2014 4:21:31 下午 org.openqa.selenium.remote.RemoteWebDriver log
信息: Executed: [d43789d4-b98b-a149-b803-d3e259123046, getTitle {}]
三月 23, 2014 4:21:31 下午 org.openqa.selenium.testing.JUnit4TestBase$1 finished
信息: <<< Finished testShouldBeAbleToClickImageButtons(org.openqa.selenium.FormHandlingTest)
三月 23, 2014 4:21:31 下午 org.openqa.selenium.testing.JUnit4TestBase$1 starting
信息: >>> Starting testCanClickOnAnImplicitSubmitButton(org.openqa.selenium.FormHandlingTest)
三月 23, 2014 4:21:31 下午 org.openqa.selenium.remote.RemoteWebDriver log
信息: Executing: executeScript [d43789d4-b98b-a149-b803-d3e259123046, executeScript {script=return navigator.userAgent;, args=[]}]
三月 23, 2014 4:21:31 下午 org.openqa.selenium.remote.RemoteWebDriver log
信息: Executed: [d43789d4-b98b-a149-b803-d3e259123046, executeScript {script=return navigator.userAgent;, args=[]}]
三月 23, 2014 4:21:31 下午 org.openqa.selenium.remote.RemoteWebDriver log
信息: Executing: executeScript [d43789d4-b98b-a149-b803-d3e259123046, executeScript {script=return navigator.userAgent;, args=[]}]
三月 23, 2014 4:21:31 下午 org.openqa.selenium.remote.RemoteWebDriver log
信息: Executed: [d43789d4-b98b-a149-b803-d3e259123046, executeScript {script=return navigator.userAgent;, args=[]}]
三月 23, 2014 4:21:31 下午 org.openqa.selenium.remote.RemoteWebDriver log
信息: Executing: get [d43789d4-b98b-a149-b803-d3e259123046, get {url=http://localhost:6461/common/click_tests/html5_submit_buttons.html}]
三月 23, 2014 4:21:31 下午 org.openqa.selenium.remote.RemoteWebDriver log
信息: Executed: [d43789d4-b98b-a149-b803-d3e259123046, get {url=http://localhost:6461/common/click_tests/html5_submit_buttons.html}]
三月 23, 2014 4:21:31 下午 org.openqa.selenium.remote.RemoteWebDriver log
信息: Executing: findElement [d43789d4-b98b-a149-b803-d3e259123046, findElement {using=id, value=name}]
三月 23, 2014 4:21:31 下午 org.openqa.selenium.remote.RemoteWebDriver log
信息: Executed: [d43789d4-b98b-a149-b803-d3e259123046, findElement {using=id, value=name}]
三月 23, 2014 4:21:31 下午 org.openqa.selenium.remote.RemoteWebDriver log
信息: Executing: sendKeysToElement [d43789d4-b98b-a149-b803-d3e259123046, sendKeysToElement {id={4ffe49e1-7d20-cc4b-9dea-3d8c6b5251eb}, value=[Ljava.lang.CharSequence;@5a5e119c}]
三月 23, 2014 4:21:31 下午 org.openqa.selenium.remote.RemoteWebDriver log
信息: Executed: [d43789d4-b98b-a149-b803-d3e259123046, sendKeysToElement {id={4ffe49e1-7d20-cc4b-9dea-3d8c6b5251eb}, value=[Ljava.lang.CharSequence;@5a5e119c}]
三月 23, 2014 4:21:31 下午 org.openqa.selenium.remote.RemoteWebDriver log
信息: Executing: findElement [d43789d4-b98b-a149-b803-d3e259123046, findElement {using=id, value=internal_implicit_submit}]
三月 23, 2014 4:21:31 下午 org.openqa.selenium.remote.RemoteWebDriver log
信息: Executed: [d43789d4-b98b-a149-b803-d3e259123046, findElement {using=id, value=internal_implicit_submit}]
三月 23, 2014 4:21:31 下午 org.openqa.selenium.remote.RemoteWebDriver log
信息: Executing: clickElement [d43789d4-b98b-a149-b803-d3e259123046, clickElement {id={44b93ba3-e79b-9040-ba36-f18debe51315}}]
三月 23, 2014 4:21:32 下午 org.openqa.selenium.remote.RemoteWebDriver log
信息: Executed: [d43789d4-b98b-a149-b803-d3e259123046, clickElement {id={44b93ba3-e79b-9040-ba36-f18debe51315}}]
三月 23, 2014 4:21:32 下午 org.openqa.selenium.remote.RemoteWebDriver log
信息: Executing: getTitle [d43789d4-b98b-a149-b803-d3e259123046, getTitle {}]
三月 23, 2014 4:21:32 下午 org.openqa.selenium.remote.RemoteWebDriver log
信息: Executed: [d43789d4-b98b-a149-b803-d3e259123046, getTitle {}]
三月 23, 2014 4:21:32 下午 org.openqa.selenium.remote.RemoteWebDriver log
信息: Executing: getCurrentUrl [d43789d4-b98b-a149-b803-d3e259123046, getCurrentUrl {}]
三月 23, 2014 4:21:32 下午 org.openqa.selenium.remote.RemoteWebDriver log
信息: Executed: [d43789d4-b98b-a149-b803-d3e259123046, getCurrentUrl {}]
三月 23, 2014 4:21:32 下午 org.openqa.selenium.testing.JUnit4TestBase$1 finished
信息: <<< Finished testCanClickOnAnImplicitSubmitButton(org.openqa.selenium.FormHandlingTest)
三月 23, 2014 4:21:32 下午 org.openqa.selenium.testing.JUnit4TestBase$1 starting
信息: >>> Starting testShouldSubmitAFormUsingTheEnterKey(org.openqa.selenium.FormHandlingTest)
三月 23, 2014 4:21:32 下午 org.openqa.selenium.remote.RemoteWebDriver log
信息: Executing: get [d43789d4-b98b-a149-b803-d3e259123046, get {url=http://localhost:6461/common/formPage.html}]
三月 23, 2014 4:21:32 下午 org.openqa.selenium.remote.RemoteWebDriver log
信息: Executed: [d43789d4-b98b-a149-b803-d3e259123046, get {url=http://localhost:6461/common/formPage.html}]
三月 23, 2014 4:21:32 下午 org.openqa.selenium.remote.RemoteWebDriver log
信息: Executing: findElement [d43789d4-b98b-a149-b803-d3e259123046, findElement {using=id, value=nested_form}]
三月 23, 2014 4:21:32 下午 org.openqa.selenium.remote.RemoteWebDriver log
信息: Executed: [d43789d4-b98b-a149-b803-d3e259123046, findElement {using=id, value=nested_form}]
三月 23, 2014 4:21:32 下午 org.openqa.selenium.remote.RemoteWebDriver log
信息: Executing: findChildElement [d43789d4-b98b-a149-b803-d3e259123046, findChildElement {id={40462064-c013-084f-bd29-d038b6bfaa36}, using=name, value=x}]
三月 23, 2014 4:21:32 下午 org.openqa.selenium.remote.RemoteWebDriver log
信息: Executed: [d43789d4-b98b-a149-b803-d3e259123046, findChildElement {id={40462064-c013-084f-bd29-d038b6bfaa36}, using=name, value=x}]
三月 23, 2014 4:21:32 下午 org.openqa.selenium.remote.RemoteWebDriver log
信息: Executing: sendKeysToElement [d43789d4-b98b-a149-b803-d3e259123046, sendKeysToElement {id={1ee5151b-6a7a-1b4f-acca-d08f587ddc17}, value=[Ljava.lang.CharSequence;@633b80c3}]
三月 23, 2014 4:21:32 下午 org.openqa.selenium.remote.RemoteWebDriver log
信息: Executed: [d43789d4-b98b-a149-b803-d3e259123046, sendKeysToElement {id={1ee5151b-6a7a-1b4f-acca-d08f587ddc17}, value=[Ljava.lang.CharSequence;@633b80c3}]
三月 23, 2014 4:21:32 下午 org.openqa.selenium.remote.RemoteWebDriver log
信息: Executing: getTitle [d43789d4-b98b-a149-b803-d3e259123046, getTitle {}]
三月 23, 2014 4:21:32 下午 org.openqa.selenium.remote.RemoteWebDriver log
信息: Executed: [d43789d4-b98b-a149-b803-d3e259123046, getTitle {}]
三月 23, 2014 4:21:32 下午 org.openqa.selenium.remote.RemoteWebDriver log
信息: Executing: getCurrentUrl [d43789d4-b98b-a149-b803-d3e259123046, getCurrentUrl {}]
三月 23, 2014 4:21:32 下午 org.openqa.selenium.remote.RemoteWebDriver log
信息: Executed: [d43789d4-b98b-a149-b803-d3e259123046, getCurrentUrl {}]
三月 23, 2014 4:21:32 下午 org.openqa.selenium.testing.JUnit4TestBase$1 finished
信息: <<< Finished testShouldSubmitAFormUsingTheEnterKey(org.openqa.selenium.FormHandlingTest)
三月 23, 2014 4:21:32 下午 org.openqa.selenium.testing.JUnit4TestBase$1 starting
信息: >>> Starting testSendKeysKeepsCapitalization(org.openqa.selenium.FormHandlingTest)
三月 23, 2014 4:21:32 下午 org.openqa.selenium.remote.RemoteWebDriver log
信息: Executing: get [d43789d4-b98b-a149-b803-d3e259123046, get {url=http://localhost:6461/common/javascriptPage.html}]
三月 23, 2014 4:21:32 下午 org.openqa.selenium.remote.RemoteWebDriver log
信息: Executed: [d43789d4-b98b-a149-b803-d3e259123046, get {url=http://localhost:6461/common/javascriptPage.html}]
三月 23, 2014 4:21:32 下午 org.openqa.selenium.remote.RemoteWebDriver log
信息: Executing: findElement [d43789d4-b98b-a149-b803-d3e259123046, findElement {using=id, value=keyUpArea}]
三月 23, 2014 4:21:32 下午 org.openqa.selenium.remote.RemoteWebDriver log
信息: Executed: [d43789d4-b98b-a149-b803-d3e259123046, findElement {using=id, value=keyUpArea}]
三月 23, 2014 4:21:32 下午 org.openqa.selenium.remote.RemoteWebDriver log
信息: Executing: sendKeysToElement [d43789d4-b98b-a149-b803-d3e259123046, sendKeysToElement {id={74cb822a-c708-1d44-b334-c22878d6a5d2}, value=[Ljava.lang.CharSequence;@561ae7a1}]
三月 23, 2014 4:21:32 下午 org.openqa.selenium.remote.RemoteWebDriver log
信息: Executed: [d43789d4-b98b-a149-b803-d3e259123046, sendKeysToElement {id={74cb822a-c708-1d44-b334-c22878d6a5d2}, value=[Ljava.lang.CharSequence;@561ae7a1}]
三月 23, 2014 4:21:32 下午 org.openqa.selenium.remote.RemoteWebDriver log
信息: Executing: getElementAttribute [d43789d4-b98b-a149-b803-d3e259123046, getElementAttribute {id={74cb822a-c708-1d44-b334-c22878d6a5d2}, name=value}]
三月 23, 2014 4:21:32 下午 org.openqa.selenium.remote.RemoteWebDriver log
信息: Executed: [d43789d4-b98b-a149-b803-d3e259123046, getElementAttribute {id={74cb822a-c708-1d44-b334-c22878d6a5d2}, name=value}]
三月 23, 2014 4:21:32 下午 org.openqa.selenium.testing.JUnit4TestBase$1 finished
信息: <<< Finished testSendKeysKeepsCapitalization(org.openqa.selenium.FormHandlingTest)
三月 23, 2014 4:21:32 下午 org.openqa.selenium.testing.JUnit4TestBase$1 starting
信息: >>> Starting testShouldSubmitAFormUsingTheNewlineLiteral(org.openqa.selenium.FormHandlingTest)
三月 23, 2014 4:21:32 下午 org.openqa.selenium.remote.RemoteWebDriver log
信息: Executing: get [d43789d4-b98b-a149-b803-d3e259123046, get {url=http://localhost:6461/common/formPage.html}]
三月 23, 2014 4:21:32 下午 org.openqa.selenium.remote.RemoteWebDriver log
信息: Executed: [d43789d4-b98b-a149-b803-d3e259123046, get {url=http://localhost:6461/common/formPage.html}]
三月 23, 2014 4:21:32 下午 org.openqa.selenium.remote.RemoteWebDriver log
信息: Executing: findElement [d43789d4-b98b-a149-b803-d3e259123046, findElement {using=id, value=nested_form}]
三月 23, 2014 4:21:32 下午 org.openqa.selenium.remote.RemoteWebDriver log
信息: Executed: [d43789d4-b98b-a149-b803-d3e259123046, findElement {using=id, value=nested_form}]
三月 23, 2014 4:21:32 下午 org.openqa.selenium.remote.RemoteWebDriver log
信息: Executing: findChildElement [d43789d4-b98b-a149-b803-d3e259123046, findChildElement {id={4ffed302-ad3f-4845-af65-9b77381a3572}, using=name, value=x}]
三月 23, 2014 4:21:32 下午 org.openqa.selenium.remote.RemoteWebDriver log
信息: Executed: [d43789d4-b98b-a149-b803-d3e259123046, findChildElement {id={4ffed302-ad3f-4845-af65-9b77381a3572}, using=name, value=x}]
三月 23, 2014 4:21:32 下午 org.openqa.selenium.remote.RemoteWebDriver log
信息: Executing: sendKeysToElement [d43789d4-b98b-a149-b803-d3e259123046, sendKeysToElement {id={08618e58-9165-da40-a348-065387565b1c}, value=[Ljava.lang.CharSequence;@6360bdd7}]
三月 23, 2014 4:21:32 下午 org.openqa.selenium.remote.RemoteWebDriver log
信息: Executed: [d43789d4-b98b-a149-b803-d3e259123046, sendKeysToElement {id={08618e58-9165-da40-a348-065387565b1c}, value=[Ljava.lang.CharSequence;@6360bdd7}]
三月 23, 2014 4:21:32 下午 org.openqa.selenium.remote.RemoteWebDriver log
信息: Executing: getTitle [d43789d4-b98b-a149-b803-d3e259123046, getTitle {}]
三月 23, 2014 4:21:32 下午 org.openqa.selenium.remote.RemoteWebDriver log
信息: Executed: [d43789d4-b98b-a149-b803-d3e259123046, getTitle {}]
三月 23, 2014 4:21:32 下午 org.openqa.selenium.remote.RemoteWebDriver log
信息: Executing: getCurrentUrl [d43789d4-b98b-a149-b803-d3e259123046, getCurrentUrl {}]
三月 23, 2014 4:21:32 下午 org.openqa.selenium.remote.RemoteWebDriver log
信息: Executed: [d43789d4-b98b-a149-b803-d3e259123046, getCurrentUrl {}]
三月 23, 2014 4:21:32 下午 org.openqa.selenium.testing.JUnit4TestBase$1 finished
信息: <<< Finished testShouldSubmitAFormUsingTheNewlineLiteral(org.openqa.selenium.FormHandlingTest)
三月 23, 2014 4:21:32 下午 org.openqa.selenium.testing.JUnit4TestBase$1 starting
信息: >>> Starting testSendingKeyboardEventsShouldAppendTextInTextAreas(org.openqa.selenium.FormHandlingTest)
三月 23, 2014 4:21:32 下午 org.openqa.selenium.remote.RemoteWebDriver log
信息: Executing: get [d43789d4-b98b-a149-b803-d3e259123046, get {url=http://localhost:6461/common/formPage.html}]
三月 23, 2014 4:21:32 下午 org.openqa.selenium.remote.RemoteWebDriver log
信息: Executed: [d43789d4-b98b-a149-b803-d3e259123046, get {url=http://localhost:6461/common/formPage.html}]
三月 23, 2014 4:21:32 下午 org.openqa.selenium.remote.RemoteWebDriver log
信息: Executing: findElement [d43789d4-b98b-a149-b803-d3e259123046, findElement {using=id, value=withText}]
三月 23, 2014 4:21:32 下午 org.openqa.selenium.remote.RemoteWebDriver log
信息: Executed: [d43789d4-b98b-a149-b803-d3e259123046, findElement {using=id, value=withText}]
三月 23, 2014 4:21:32 下午 org.openqa.selenium.remote.RemoteWebDriver log
信息: Executing: sendKeysToElement [d43789d4-b98b-a149-b803-d3e259123046, sendKeysToElement {id={06b984e3-95ec-b248-a3f5-5f7897a70e6d}, value=[Ljava.lang.CharSequence;@18bbe3dd}]
三月 23, 2014 4:21:32 下午 org.openqa.selenium.remote.RemoteWebDriver log
信息: Executed: [d43789d4-b98b-a149-b803-d3e259123046, sendKeysToElement {id={06b984e3-95ec-b248-a3f5-5f7897a70e6d}, value=[Ljava.lang.CharSequence;@18bbe3dd}]
三月 23, 2014 4:21:32 下午 org.openqa.selenium.remote.RemoteWebDriver log
信息: Executing: getElementAttribute [d43789d4-b98b-a149-b803-d3e259123046, getElementAttribute {id={06b984e3-95ec-b248-a3f5-5f7897a70e6d}, name=value}]
三月 23, 2014 4:21:32 下午 org.openqa.selenium.remote.RemoteWebDriver log
信息: Executed: [d43789d4-b98b-a149-b803-d3e259123046, getElementAttribute {id={06b984e3-95ec-b248-a3f5-5f7897a70e6d}, name=value}]
三月 23, 2014 4:21:32 下午 org.openqa.selenium.testing.JUnit4TestBase$1 finished
信息: <<< Finished testSendingKeyboardEventsShouldAppendTextInTextAreas(org.openqa.selenium.FormHandlingTest)
三月 23, 2014 4:21:32 下午 org.openqa.selenium.testing.JUnit4TestBase$1 starting
信息: >>> Starting testShouldBeAbleToUploadTheSameFileTwice(org.openqa.selenium.FormHandlingTest)
三月 23, 2014 4:21:32 下午 org.openqa.selenium.remote.RemoteWebDriver log
信息: Executing: get [d43789d4-b98b-a149-b803-d3e259123046, get {url=http://localhost:6461/common/formPage.html}]
三月 23, 2014 4:21:32 下午 org.openqa.selenium.remote.RemoteWebDriver log
信息: Executed: [d43789d4-b98b-a149-b803-d3e259123046, get {url=http://localhost:6461/common/formPage.html}]
三月 23, 2014 4:21:32 下午 org.openqa.selenium.remote.RemoteWebDriver log
信息: Executing: findElement [d43789d4-b98b-a149-b803-d3e259123046, findElement {using=id, value=upload}]
三月 23, 2014 4:21:32 下午 org.openqa.selenium.remote.RemoteWebDriver log
信息: Executed: [d43789d4-b98b-a149-b803-d3e259123046, findElement {using=id, value=upload}]
三月 23, 2014 4:21:32 下午 org.openqa.selenium.remote.RemoteWebDriver log
信息: Executing: getElementAttribute [d43789d4-b98b-a149-b803-d3e259123046, getElementAttribute {id={841371b3-5d45-6044-a13b-31c4b883b599}, name=value}]
三月 23, 2014 4:21:32 下午 org.openqa.selenium.remote.RemoteWebDriver log
信息: Executed: [d43789d4-b98b-a149-b803-d3e259123046, getElementAttribute {id={841371b3-5d45-6044-a13b-31c4b883b599}, name=value}]
三月 23, 2014 4:21:32 下午 org.openqa.selenium.remote.RemoteWebDriver log
信息: Executing: sendKeysToElement [d43789d4-b98b-a149-b803-d3e259123046, sendKeysToElement {id={841371b3-5d45-6044-a13b-31c4b883b599}, value=[Ljava.lang.CharSequence;@3967ba17}]
三月 23, 2014 4:21:32 下午 org.openqa.selenium.remote.RemoteWebDriver log
信息: Executed: [d43789d4-b98b-a149-b803-d3e259123046, sendKeysToElement {id={841371b3-5d45-6044-a13b-31c4b883b599}, value=[Ljava.lang.CharSequence;@3967ba17}]
三月 23, 2014 4:21:32 下午 org.openqa.selenium.remote.RemoteWebDriver log
信息: Executing: submitElement [d43789d4-b98b-a149-b803-d3e259123046, submitElement {id={841371b3-5d45-6044-a13b-31c4b883b599}}]
三月 23, 2014 4:21:32 下午 org.openqa.selenium.remote.RemoteWebDriver log
信息: Executed: [d43789d4-b98b-a149-b803-d3e259123046, submitElement {id={841371b3-5d45-6044-a13b-31c4b883b599}}]
三月 23, 2014 4:21:32 下午 org.openqa.selenium.remote.RemoteWebDriver log
信息: Executing: get [d43789d4-b98b-a149-b803-d3e259123046, get {url=http://localhost:6461/common/formPage.html}]
三月 23, 2014 4:21:32 下午 org.openqa.selenium.remote.RemoteWebDriver log
信息: Executed: [d43789d4-b98b-a149-b803-d3e259123046, get {url=http://localhost:6461/common/formPage.html}]
三月 23, 2014 4:21:32 下午 org.openqa.selenium.remote.RemoteWebDriver log
信息: Executing: findElement [d43789d4-b98b-a149-b803-d3e259123046, findElement {using=id, value=upload}]
三月 23, 2014 4:21:32 下午 org.openqa.selenium.remote.RemoteWebDriver log
信息: Executed: [d43789d4-b98b-a149-b803-d3e259123046, findElement {using=id, value=upload}]
三月 23, 2014 4:21:32 下午 org.openqa.selenium.remote.RemoteWebDriver log
信息: Executing: getElementAttribute [d43789d4-b98b-a149-b803-d3e259123046, getElementAttribute {id={1c294d61-23cc-5f45-9879-bbf243d44baa}, name=value}]
三月 23, 2014 4:21:32 下午 org.openqa.selenium.remote.RemoteWebDriver log
信息: Executed: [d43789d4-b98b-a149-b803-d3e259123046, getElementAttribute {id={1c294d61-23cc-5f45-9879-bbf243d44baa}, name=value}]
三月 23, 2014 4:21:32 下午 org.openqa.selenium.remote.RemoteWebDriver log
信息: Executing: sendKeysToElement [d43789d4-b98b-a149-b803-d3e259123046, sendKeysToElement {id={1c294d61-23cc-5f45-9879-bbf243d44baa}, value=[Ljava.lang.CharSequence;@1a9cbba8}]
三月 23, 2014 4:21:32 下午 org.openqa.selenium.remote.RemoteWebDriver log
信息: Executed: [d43789d4-b98b-a149-b803-d3e259123046, sendKeysToElement {id={1c294d61-23cc-5f45-9879-bbf243d44baa}, value=[Ljava.lang.CharSequence;@1a9cbba8}]
三月 23, 2014 4:21:32 下午 org.openqa.selenium.remote.RemoteWebDriver log
信息: Executing: submitElement [d43789d4-b98b-a149-b803-d3e259123046, submitElement {id={1c294d61-23cc-5f45-9879-bbf243d44baa}}]
三月 23, 2014 4:21:32 下午 org.openqa.selenium.remote.RemoteWebDriver log
信息: Executed: [d43789d4-b98b-a149-b803-d3e259123046, submitElement {id={1c294d61-23cc-5f45-9879-bbf243d44baa}}]
三月 23, 2014 4:21:32 下午 org.openqa.selenium.testing.JUnit4TestBase$1 finished
信息: <<< Finished testShouldBeAbleToUploadTheSameFileTwice(org.openqa.selenium.FormHandlingTest)
三月 23, 2014 4:21:32 下午 org.openqa.selenium.testing.JUnit4TestBase$1 starting
信息: >>> Starting testSendingKeyboardEventsShouldAppendTextInInputsWithExistingValue(org.openqa.selenium.FormHandlingTest)
三月 23, 2014 4:21:32 下午 org.openqa.selenium.remote.RemoteWebDriver log
信息: Executing: get [d43789d4-b98b-a149-b803-d3e259123046, get {url=http://localhost:6461/common/formPage.html}]
三月 23, 2014 4:21:33 下午 org.openqa.selenium.remote.RemoteWebDriver log
信息: Executed: [d43789d4-b98b-a149-b803-d3e259123046, get {url=http://localhost:6461/common/formPage.html}]
三月 23, 2014 4:21:33 下午 org.openqa.selenium.remote.RemoteWebDriver log
信息: Executing: findElement [d43789d4-b98b-a149-b803-d3e259123046, findElement {using=id, value=inputWithText}]
三月 23, 2014 4:21:33 下午 org.openqa.selenium.remote.RemoteWebDriver log
信息: Executed: [d43789d4-b98b-a149-b803-d3e259123046, findElement {using=id, value=inputWithText}]
三月 23, 2014 4:21:33 下午 org.openqa.selenium.remote.RemoteWebDriver log
信息: Executing: sendKeysToElement [d43789d4-b98b-a149-b803-d3e259123046, sendKeysToElement {id={b41f3332-b5c9-a245-876f-ac302dc2eae4}, value=[Ljava.lang.CharSequence;@e036122}]
三月 23, 2014 4:21:33 下午 org.openqa.selenium.remote.RemoteWebDriver log
信息: Executed: [d43789d4-b98b-a149-b803-d3e259123046, sendKeysToElement {id={b41f3332-b5c9-a245-876f-ac302dc2eae4}, value=[Ljava.lang.CharSequence;@e036122}]
三月 23, 2014 4:21:33 下午 org.openqa.selenium.remote.RemoteWebDriver log
信息: Executing: getElementAttribute [d43789d4-b98b-a149-b803-d3e259123046, getElementAttribute {id={b41f3332-b5c9-a245-876f-ac302dc2eae4}, name=value}]
三月 23, 2014 4:21:33 下午 org.openqa.selenium.remote.RemoteWebDriver log
信息: Executed: [d43789d4-b98b-a149-b803-d3e259123046, getElementAttribute {id={b41f3332-b5c9-a245-876f-ac302dc2eae4}, name=value}]
三月 23, 2014 4:21:33 下午 org.openqa.selenium.testing.JUnit4TestBase$1 finished
信息: <<< Finished testSendingKeyboardEventsShouldAppendTextInInputsWithExistingValue(org.openqa.selenium.FormHandlingTest)
三月 23, 2014 4:21:33 下午 org.openqa.selenium.testing.JUnit4TestBase$1 starting
信息: >>> Starting testSendingKeyboardEventsShouldAppendTextInInputs(org.openqa.selenium.FormHandlingTest)
三月 23, 2014 4:21:33 下午 org.openqa.selenium.remote.RemoteWebDriver log
信息: Executing: get [d43789d4-b98b-a149-b803-d3e259123046, get {url=http://localhost:6461/common/formPage.html}]
三月 23, 2014 4:21:33 下午 org.openqa.selenium.remote.RemoteWebDriver log
信息: Executed: [d43789d4-b98b-a149-b803-d3e259123046, get {url=http://localhost:6461/common/formPage.html}]
三月 23, 2014 4:21:33 下午 org.openqa.selenium.remote.RemoteWebDriver log
信息: Executing: findElement [d43789d4-b98b-a149-b803-d3e259123046, findElement {using=id, value=working}]
三月 23, 2014 4:21:33 下午 org.openqa.selenium.remote.RemoteWebDriver log
信息: Executed: [d43789d4-b98b-a149-b803-d3e259123046, findElement {using=id, value=working}]
三月 23, 2014 4:21:33 下午 org.openqa.selenium.remote.RemoteWebDriver log
信息: Executing: sendKeysToElement [d43789d4-b98b-a149-b803-d3e259123046, sendKeysToElement {id={6543a9a5-08bc-b84e-96ff-03056968cdc4}, value=[Ljava.lang.CharSequence;@553853eb}]
三月 23, 2014 4:21:33 下午 org.openqa.selenium.remote.RemoteWebDriver log
信息: Executed: [d43789d4-b98b-a149-b803-d3e259123046, sendKeysToElement {id={6543a9a5-08bc-b84e-96ff-03056968cdc4}, value=[Ljava.lang.CharSequence;@553853eb}]
三月 23, 2014 4:21:33 下午 org.openqa.selenium.remote.RemoteWebDriver log
信息: Executing: getElementAttribute [d43789d4-b98b-a149-b803-d3e259123046, getElementAttribute {id={6543a9a5-08bc-b84e-96ff-03056968cdc4}, name=value}]
三月 23, 2014 4:21:33 下午 org.openqa.selenium.remote.RemoteWebDriver log
信息: Executed: [d43789d4-b98b-a149-b803-d3e259123046, getElementAttribute {id={6543a9a5-08bc-b84e-96ff-03056968cdc4}, name=value}]
三月 23, 2014 4:21:33 下午 org.openqa.selenium.remote.RemoteWebDriver log
信息: Executing: sendKeysToElement [d43789d4-b98b-a149-b803-d3e259123046, sendKeysToElement {id={6543a9a5-08bc-b84e-96ff-03056968cdc4}, value=[Ljava.lang.CharSequence;@72828ebf}]
三月 23, 2014 4:21:33 下午 org.openqa.selenium.remote.RemoteWebDriver log
信息: Executed: [d43789d4-b98b-a149-b803-d3e259123046, sendKeysToElement {id={6543a9a5-08bc-b84e-96ff-03056968cdc4}, value=[Ljava.lang.CharSequence;@72828ebf}]
三月 23, 2014 4:21:33 下午 org.openqa.selenium.remote.RemoteWebDriver log
信息: Executing: getElementAttribute [d43789d4-b98b-a149-b803-d3e259123046, getElementAttribute {id={6543a9a5-08bc-b84e-96ff-03056968cdc4}, name=value}]
三月 23, 2014 4:21:33 下午 org.openqa.selenium.remote.RemoteWebDriver log
信息: Executed: [d43789d4-b98b-a149-b803-d3e259123046, getElementAttribute {id={6543a9a5-08bc-b84e-96ff-03056968cdc4}, name=value}]
三月 23, 2014 4:21:33 下午 org.openqa.selenium.testing.JUnit4TestBase$1 finished
信息: <<< Finished testSendingKeyboardEventsShouldAppendTextInInputs(org.openqa.selenium.FormHandlingTest)
三月 23, 2014 4:21:33 下午 org.openqa.selenium.testing.JUnit4TestBase$1 starting
信息: >>> Starting testCanClickOnAnExternalSubmitButton(org.openqa.selenium.FormHandlingTest)
三月 23, 2014 4:21:33 下午 org.openqa.selenium.remote.RemoteWebDriver log
信息: Executing: get [d43789d4-b98b-a149-b803-d3e259123046, get {url=http://localhost:6461/common/click_tests/html5_submit_buttons.html}]
三月 23, 2014 4:21:33 下午 org.openqa.selenium.remote.RemoteWebDriver log
信息: Executed: [d43789d4-b98b-a149-b803-d3e259123046, get {url=http://localhost:6461/common/click_tests/html5_submit_buttons.html}]
三月 23, 2014 4:21:33 下午 org.openqa.selenium.remote.RemoteWebDriver log
信息: Executing: findElement [d43789d4-b98b-a149-b803-d3e259123046, findElement {using=id, value=name}]
三月 23, 2014 4:21:33 下午 org.openqa.selenium.remote.RemoteWebDriver log
信息: Executed: [d43789d4-b98b-a149-b803-d3e259123046, findElement {using=id, value=name}]
三月 23, 2014 4:21:33 下午 org.openqa.selenium.remote.RemoteWebDriver log
信息: Executing: sendKeysToElement [d43789d4-b98b-a149-b803-d3e259123046, sendKeysToElement {id={c893a856-7468-5c4e-9615-73a0b86689e8}, value=[Ljava.lang.CharSequence;@791adc49}]
三月 23, 2014 4:21:33 下午 org.openqa.selenium.remote.RemoteWebDriver log
信息: Executed: [d43789d4-b98b-a149-b803-d3e259123046, sendKeysToElement {id={c893a856-7468-5c4e-9615-73a0b86689e8}, value=[Ljava.lang.CharSequence;@791adc49}]
三月 23, 2014 4:21:33 下午 org.openqa.selenium.remote.RemoteWebDriver log
信息: Executing: findElement [d43789d4-b98b-a149-b803-d3e259123046, findElement {using=id, value=external_explicit_submit}]
三月 23, 2014 4:21:33 下午 org.openqa.selenium.remote.RemoteWebDriver log
信息: Executed: [d43789d4-b98b-a149-b803-d3e259123046, findElement {using=id, value=external_explicit_submit}]
三月 23, 2014 4:21:33 下午 org.openqa.selenium.remote.RemoteWebDriver log
信息: Executing: clickElement [d43789d4-b98b-a149-b803-d3e259123046, clickElement {id={1c131536-17b7-1a48-87ca-baed23523135}}]
三月 23, 2014 4:21:33 下午 org.openqa.selenium.remote.RemoteWebDriver log
信息: Executed: [d43789d4-b98b-a149-b803-d3e259123046, clickElement {id={1c131536-17b7-1a48-87ca-baed23523135}}]
三月 23, 2014 4:21:33 下午 org.openqa.selenium.remote.RemoteWebDriver log
信息: Executing: getTitle [d43789d4-b98b-a149-b803-d3e259123046, getTitle {}]
三月 23, 2014 4:21:33 下午 org.openqa.selenium.remote.RemoteWebDriver log
信息: Executed: [d43789d4-b98b-a149-b803-d3e259123046, getTitle {}]
三月 23, 2014 4:21:33 下午 org.openqa.selenium.remote.RemoteWebDriver log
信息: Executing: getCurrentUrl [d43789d4-b98b-a149-b803-d3e259123046, getCurrentUrl {}]
三月 23, 2014 4:21:33 下午 org.openqa.selenium.remote.RemoteWebDriver log
信息: Executed: [d43789d4-b98b-a149-b803-d3e259123046, getCurrentUrl {}]
三月 23, 2014 4:21:33 下午 org.openqa.selenium.testing.JUnit4TestBase$1 finished
信息: <<< Finished testCanClickOnAnExternalSubmitButton(org.openqa.selenium.FormHandlingTest)
三月 23, 2014 4:21:33 下午 org.openqa.selenium.testing.JUnit4TestBase$1 starting
信息: >>> Starting testShouldNotBeAbleToSubmitAFormThatDoesNotExist(org.openqa.selenium.FormHandlingTest)
三月 23, 2014 4:21:33 下午 org.openqa.selenium.remote.RemoteWebDriver log
信息: Executing: get [d43789d4-b98b-a149-b803-d3e259123046, get {url=http://localhost:6461/common/formPage.html}]
三月 23, 2014 4:21:33 下午 org.openqa.selenium.remote.RemoteWebDriver log
信息: Executed: [d43789d4-b98b-a149-b803-d3e259123046, get {url=http://localhost:6461/common/formPage.html}]
三月 23, 2014 4:21:33 下午 org.openqa.selenium.remote.RemoteWebDriver log
信息: Executing: findElement [d43789d4-b98b-a149-b803-d3e259123046, findElement {using=name, value=SearchableText}]
三月 23, 2014 4:21:33 下午 org.openqa.selenium.remote.RemoteWebDriver log
信息: Executed: [d43789d4-b98b-a149-b803-d3e259123046, findElement {using=name, value=SearchableText}]
三月 23, 2014 4:21:33 下午 org.openqa.selenium.remote.RemoteWebDriver log
信息: Executing: submitElement [d43789d4-b98b-a149-b803-d3e259123046, submitElement {id={b5cfe839-16c9-7e43-98fd-6d5432e7c8ce}}]
三月 23, 2014 4:21:33 下午 org.openqa.selenium.remote.RemoteWebDriver log
信息: Executed: [d43789d4-b98b-a149-b803-d3e259123046, submitElement {id={b5cfe839-16c9-7e43-98fd-6d5432e7c8ce}}]
三月 23, 2014 4:21:33 下午 org.openqa.selenium.testing.JUnit4TestBase$1 finished
信息: <<< Finished testShouldNotBeAbleToSubmitAFormThatDoesNotExist(org.openqa.selenium.FormHandlingTest)
三月 23, 2014 4:21:33 下午 org.openqa.selenium.testing.JUnit4TestBase$1 starting
信息: >>> Starting testShouldBeAbleToEnterTextIntoATextAreaBySettingItsValue(org.openqa.selenium.FormHandlingTest)
三月 23, 2014 4:21:33 下午 org.openqa.selenium.remote.RemoteWebDriver log
信息: Executing: get [d43789d4-b98b-a149-b803-d3e259123046, get {url=http://localhost:6461/common/javascriptPage.html}]
三月 23, 2014 4:21:33 下午 org.openqa.selenium.remote.RemoteWebDriver log
信息: Executed: [d43789d4-b98b-a149-b803-d3e259123046, get {url=http://localhost:6461/common/javascriptPage.html}]
三月 23, 2014 4:21:33 下午 org.openqa.selenium.remote.RemoteWebDriver log
信息: Executing: findElement [d43789d4-b98b-a149-b803-d3e259123046, findElement {using=id, value=keyUpArea}]
三月 23, 2014 4:21:33 下午 org.openqa.selenium.remote.RemoteWebDriver log
信息: Executed: [d43789d4-b98b-a149-b803-d3e259123046, findElement {using=id, value=keyUpArea}]
三月 23, 2014 4:21:33 下午 org.openqa.selenium.remote.RemoteWebDriver log
信息: Executing: sendKeysToElement [d43789d4-b98b-a149-b803-d3e259123046, sendKeysToElement {id={9e743783-5498-dc4c-802e-d622b2c11e75}, value=[Ljava.lang.CharSequence;@4354e769}]
三月 23, 2014 4:21:33 下午 org.openqa.selenium.remote.RemoteWebDriver log
信息: Executed: [d43789d4-b98b-a149-b803-d3e259123046, sendKeysToElement {id={9e743783-5498-dc4c-802e-d622b2c11e75}, value=[Ljava.lang.CharSequence;@4354e769}]
三月 23, 2014 4:21:33 下午 org.openqa.selenium.remote.RemoteWebDriver log
信息: Executing: getElementAttribute [d43789d4-b98b-a149-b803-d3e259123046, getElementAttribute {id={9e743783-5498-dc4c-802e-d622b2c11e75}, name=value}]
三月 23, 2014 4:21:33 下午 org.openqa.selenium.remote.RemoteWebDriver log
信息: Executed: [d43789d4-b98b-a149-b803-d3e259123046, getElementAttribute {id={9e743783-5498-dc4c-802e-d622b2c11e75}, name=value}]
三月 23, 2014 4:21:33 下午 org.openqa.selenium.testing.JUnit4TestBase$1 finished
信息: <<< Finished testShouldBeAbleToEnterTextIntoATextAreaBySettingItsValue(org.openqa.selenium.FormHandlingTest)
三月 23, 2014 4:21:33 下午 org.openqa.selenium.testing.JUnit4TestBase$1 starting
信息: >>> Starting testCanClickOnASubmitButton(org.openqa.selenium.FormHandlingTest)
三月 23, 2014 4:21:33 下午 org.openqa.selenium.remote.RemoteWebDriver log
信息: Executing: get [d43789d4-b98b-a149-b803-d3e259123046, get {url=http://localhost:6461/common/click_tests/html5_submit_buttons.html}]
三月 23, 2014 4:21:33 下午 org.openqa.selenium.remote.RemoteWebDriver log
信息: Executed: [d43789d4-b98b-a149-b803-d3e259123046, get {url=http://localhost:6461/common/click_tests/html5_submit_buttons.html}]
三月 23, 2014 4:21:33 下午 org.openqa.selenium.remote.RemoteWebDriver log
信息: Executing: findElement [d43789d4-b98b-a149-b803-d3e259123046, findElement {using=id, value=name}]
三月 23, 2014 4:21:33 下午 org.openqa.selenium.remote.RemoteWebDriver log
信息: Executed: [d43789d4-b98b-a149-b803-d3e259123046, findElement {using=id, value=name}]
三月 23, 2014 4:21:33 下午 org.openqa.selenium.remote.RemoteWebDriver log
信息: Executing: sendKeysToElement [d43789d4-b98b-a149-b803-d3e259123046, sendKeysToElement {id={494dafd7-6bc9-9549-9c93-b1b1066c19c6}, value=[Ljava.lang.CharSequence;@5e9861b7}]
三月 23, 2014 4:21:33 下午 org.openqa.selenium.remote.RemoteWebDriver log
信息: Executed: [d43789d4-b98b-a149-b803-d3e259123046, sendKeysToElement {id={494dafd7-6bc9-9549-9c93-b1b1066c19c6}, value=[Ljava.lang.CharSequence;@5e9861b7}]
三月 23, 2014 4:21:33 下午 org.openqa.selenium.remote.RemoteWebDriver log
信息: Executing: findElement [d43789d4-b98b-a149-b803-d3e259123046, findElement {using=id, value=internal_explicit_submit}]
三月 23, 2014 4:21:33 下午 org.openqa.selenium.remote.RemoteWebDriver log
信息: Executed: [d43789d4-b98b-a149-b803-d3e259123046, findElement {using=id, value=internal_explicit_submit}]
三月 23, 2014 4:21:33 下午 org.openqa.selenium.remote.RemoteWebDriver log
信息: Executing: clickElement [d43789d4-b98b-a149-b803-d3e259123046, clickElement {id={d8c53fe5-5634-a545-98e2-8d8f3c598055}}]
三月 23, 2014 4:21:33 下午 org.openqa.selenium.remote.RemoteWebDriver log
信息: Executed: [d43789d4-b98b-a149-b803-d3e259123046, clickElement {id={d8c53fe5-5634-a545-98e2-8d8f3c598055}}]
三月 23, 2014 4:21:33 下午 org.openqa.selenium.remote.RemoteWebDriver log
信息: Executing: getTitle [d43789d4-b98b-a149-b803-d3e259123046, getTitle {}]
三月 23, 2014 4:21:33 下午 org.openqa.selenium.remote.RemoteWebDriver log
信息: Executed: [d43789d4-b98b-a149-b803-d3e259123046, getTitle {}]
三月 23, 2014 4:21:33 下午 org.openqa.selenium.remote.RemoteWebDriver log
信息: Executing: getCurrentUrl [d43789d4-b98b-a149-b803-d3e259123046, getCurrentUrl {}]
三月 23, 2014 4:21:33 下午 org.openqa.selenium.remote.RemoteWebDriver log
信息: Executed: [d43789d4-b98b-a149-b803-d3e259123046, getCurrentUrl {}]
三月 23, 2014 4:21:33 下午 org.openqa.selenium.testing.JUnit4TestBase$1 finished
信息: <<< Finished testCanClickOnASubmitButton(org.openqa.selenium.FormHandlingTest)
三月 23, 2014 4:21:33 下午 org.openqa.selenium.testing.JUnit4TestBase$1 starting
信息: >>> Starting testCanClickOnAnExternalImplicitSubmitButton(org.openqa.selenium.FormHandlingTest)
三月 23, 2014 4:21:33 下午 org.openqa.selenium.remote.RemoteWebDriver log
信息: Executing: get [d43789d4-b98b-a149-b803-d3e259123046, get {url=http://localhost:6461/common/click_tests/html5_submit_buttons.html}]
三月 23, 2014 4:21:33 下午 org.openqa.selenium.remote.RemoteWebDriver log
信息: Executed: [d43789d4-b98b-a149-b803-d3e259123046, get {url=http://localhost:6461/common/click_tests/html5_submit_buttons.html}]
三月 23, 2014 4:21:33 下午 org.openqa.selenium.remote.RemoteWebDriver log
信息: Executing: findElement [d43789d4-b98b-a149-b803-d3e259123046, findElement {using=id, value=name}]
三月 23, 2014 4:21:33 下午 org.openqa.selenium.remote.RemoteWebDriver log
信息: Executed: [d43789d4-b98b-a149-b803-d3e259123046, findElement {using=id, value=name}]
三月 23, 2014 4:21:33 下午 org.openqa.selenium.remote.RemoteWebDriver log
信息: Executing: sendKeysToElement [d43789d4-b98b-a149-b803-d3e259123046, sendKeysToElement {id={c35d50e4-3ca7-0f4e-9b2e-d76924fe056c}, value=[Ljava.lang.CharSequence;@36c945c3}]
三月 23, 2014 4:21:33 下午 org.openqa.selenium.remote.RemoteWebDriver log
信息: Executed: [d43789d4-b98b-a149-b803-d3e259123046, sendKeysToElement {id={c35d50e4-3ca7-0f4e-9b2e-d76924fe056c}, value=[Ljava.lang.CharSequence;@36c945c3}]
三月 23, 2014 4:21:33 下午 org.openqa.selenium.remote.RemoteWebDriver log
信息: Executing: findElement [d43789d4-b98b-a149-b803-d3e259123046, findElement {using=id, value=external_implicit_submit}]
三月 23, 2014 4:21:33 下午 org.openqa.selenium.remote.RemoteWebDriver log
信息: Executed: [d43789d4-b98b-a149-b803-d3e259123046, findElement {using=id, value=external_implicit_submit}]
三月 23, 2014 4:21:33 下午 org.openqa.selenium.remote.RemoteWebDriver log
信息: Executing: clickElement [d43789d4-b98b-a149-b803-d3e259123046, clickElement {id={b6df2ba0-20a9-d44d-bbec-e602cb2d5274}}]
三月 23, 2014 4:21:34 下午 org.openqa.selenium.remote.RemoteWebDriver log
信息: Executed: [d43789d4-b98b-a149-b803-d3e259123046, clickElement {id={b6df2ba0-20a9-d44d-bbec-e602cb2d5274}}]
三月 23, 2014 4:21:34 下午 org.openqa.selenium.remote.RemoteWebDriver log
信息: Executing: getTitle [d43789d4-b98b-a149-b803-d3e259123046, getTitle {}]
三月 23, 2014 4:21:34 下午 org.openqa.selenium.remote.RemoteWebDriver log
信息: Executed: [d43789d4-b98b-a149-b803-d3e259123046, getTitle {}]
三月 23, 2014 4:21:34 下午 org.openqa.selenium.remote.RemoteWebDriver log
信息: Executing: getCurrentUrl [d43789d4-b98b-a149-b803-d3e259123046, getCurrentUrl {}]
三月 23, 2014 4:21:34 下午 org.openqa.selenium.remote.RemoteWebDriver log
信息: Executed: [d43789d4-b98b-a149-b803-d3e259123046, getCurrentUrl {}]
三月 23, 2014 4:21:34 下午 org.openqa.selenium.testing.JUnit4TestBase$1 finished
信息: <<< Finished testCanClickOnAnExternalImplicitSubmitButton(org.openqa.selenium.FormHandlingTest)
三月 23, 2014 4:21:34 下午 org.openqa.selenium.testing.JUnit4TestBase$1 starting
信息: >>> Starting testShouldBeAbleToSendKeysToAFileUploadInputElementInAnXhtmlDocument(org.openqa.selenium.FormHandlingTest)
三月 23, 2014 4:21:34 下午 org.openqa.selenium.remote.RemoteWebDriver log
信息: Executing: executeScript [d43789d4-b98b-a149-b803-d3e259123046, executeScript {script=return navigator.userAgent;, args=[]}]
三月 23, 2014 4:21:34 下午 org.openqa.selenium.remote.RemoteWebDriver log
信息: Executed: [d43789d4-b98b-a149-b803-d3e259123046, executeScript {script=return navigator.userAgent;, args=[]}]
三月 23, 2014 4:21:34 下午 org.openqa.selenium.remote.RemoteWebDriver log
信息: Executing: get [d43789d4-b98b-a149-b803-d3e259123046, get {url=http://localhost:6461/common/xhtmlFormPage.xhtml}]
三月 23, 2014 4:21:34 下午 org.openqa.selenium.remote.RemoteWebDriver log
信息: Executed: [d43789d4-b98b-a149-b803-d3e259123046, get {url=http://localhost:6461/common/xhtmlFormPage.xhtml}]
三月 23, 2014 4:21:34 下午 org.openqa.selenium.remote.RemoteWebDriver log
信息: Executing: findElement [d43789d4-b98b-a149-b803-d3e259123046, findElement {using=id, value=file}]
三月 23, 2014 4:21:34 下午 org.openqa.selenium.remote.RemoteWebDriver log
信息: Executed: [d43789d4-b98b-a149-b803-d3e259123046, findElement {using=id, value=file}]
三月 23, 2014 4:21:34 下午 org.openqa.selenium.remote.RemoteWebDriver log
信息: Executing: getElementAttribute [d43789d4-b98b-a149-b803-d3e259123046, getElementAttribute {id={71bf0698-c9a2-0142-a8d9-5fbbc9ef7c4f}, name=value}]
三月 23, 2014 4:21:34 下午 org.openqa.selenium.remote.RemoteWebDriver log
信息: Executed: [d43789d4-b98b-a149-b803-d3e259123046, getElementAttribute {id={71bf0698-c9a2-0142-a8d9-5fbbc9ef7c4f}, name=value}]
三月 23, 2014 4:21:34 下午 org.openqa.selenium.remote.RemoteWebDriver log
信息: Executing: sendKeysToElement [d43789d4-b98b-a149-b803-d3e259123046, sendKeysToElement {id={71bf0698-c9a2-0142-a8d9-5fbbc9ef7c4f}, value=[Ljava.lang.CharSequence;@60576096}]
三月 23, 2014 4:21:34 下午 org.openqa.selenium.remote.RemoteWebDriver log
信息: Executed: [d43789d4-b98b-a149-b803-d3e259123046, sendKeysToElement {id={71bf0698-c9a2-0142-a8d9-5fbbc9ef7c4f}, value=[Ljava.lang.CharSequence;@60576096}]
三月 23, 2014 4:21:34 下午 org.openqa.selenium.remote.RemoteWebDriver log
信息: Executing: getElementAttribute [d43789d4-b98b-a149-b803-d3e259123046, getElementAttribute {id={71bf0698-c9a2-0142-a8d9-5fbbc9ef7c4f}, name=value}]
三月 23, 2014 4:21:34 下午 org.openqa.selenium.remote.RemoteWebDriver log
信息: Executed: [d43789d4-b98b-a149-b803-d3e259123046, getElementAttribute {id={71bf0698-c9a2-0142-a8d9-5fbbc9ef7c4f}, name=value}]
三月 23, 2014 4:21:34 下午 org.openqa.selenium.testing.JUnit4TestBase$1 finished
信息: <<< Finished testShouldBeAbleToSendKeysToAFileUploadInputElementInAnXhtmlDocument(org.openqa.selenium.FormHandlingTest)
三月 23, 2014 4:21:34 下午 org.openqa.selenium.testing.JUnit4TestBase$1 starting
信息: >>> Starting testClickingOnUnclickableElementsDoesNothing(org.openqa.selenium.FormHandlingTest)
三月 23, 2014 4:21:34 下午 org.openqa.selenium.remote.RemoteWebDriver log
信息: Executing: get [d43789d4-b98b-a149-b803-d3e259123046, get {url=http://localhost:6461/common/formPage.html}]
三月 23, 2014 4:21:34 下午 org.openqa.selenium.remote.RemoteWebDriver log
信息: Executed: [d43789d4-b98b-a149-b803-d3e259123046, get {url=http://localhost:6461/common/formPage.html}]
三月 23, 2014 4:21:34 下午 org.openqa.selenium.remote.RemoteWebDriver log
信息: Executing: findElement [d43789d4-b98b-a149-b803-d3e259123046, findElement {using=xpath, value=//body}]
三月 23, 2014 4:21:34 下午 org.openqa.selenium.remote.RemoteWebDriver log
信息: Executed: [d43789d4-b98b-a149-b803-d3e259123046, findElement {using=xpath, value=//body}]
三月 23, 2014 4:21:34 下午 org.openqa.selenium.remote.RemoteWebDriver log
信息: Executing: clickElement [d43789d4-b98b-a149-b803-d3e259123046, clickElement {id={f3683b33-f3be-7a4f-92d9-8925b7350786}}]
三月 23, 2014 4:21:34 下午 org.openqa.selenium.remote.RemoteWebDriver log
信息: Executed: [d43789d4-b98b-a149-b803-d3e259123046, clickElement {id={f3683b33-f3be-7a4f-92d9-8925b7350786}}]
三月 23, 2014 4:21:34 下午 org.openqa.selenium.testing.JUnit4TestBase$1 finished
信息: <<< Finished testClickingOnUnclickableElementsDoesNothing(org.openqa.selenium.FormHandlingTest)
三月 23, 2014 4:21:34 下午 org.openqa.selenium.testing.JUnit4TestBase$1 starting
信息: >>> Starting handleFormWithJavascriptAction(org.openqa.selenium.FormHandlingTest)
三月 23, 2014 4:21:34 下午 org.openqa.selenium.remote.RemoteWebDriver log
信息: Executing: get [d43789d4-b98b-a149-b803-d3e259123046, get {url=http://localhost:6461/common/form_handling_js_submit.html}]
三月 23, 2014 4:21:34 下午 org.openqa.selenium.remote.RemoteWebDriver log
信息: Executed: [d43789d4-b98b-a149-b803-d3e259123046, get {url=http://localhost:6461/common/form_handling_js_submit.html}]
三月 23, 2014 4:21:34 下午 org.openqa.selenium.remote.RemoteWebDriver log
信息: Executing: findElement [d43789d4-b98b-a149-b803-d3e259123046, findElement {using=id, value=theForm}]
三月 23, 2014 4:21:34 下午 org.openqa.selenium.remote.RemoteWebDriver log
信息: Executed: [d43789d4-b98b-a149-b803-d3e259123046, findElement {using=id, value=theForm}]
三月 23, 2014 4:21:34 下午 org.openqa.selenium.remote.RemoteWebDriver log
信息: Executing: submitElement [d43789d4-b98b-a149-b803-d3e259123046, submitElement {id={cff1edf1-ee5b-404b-93aa-1d2c0507ec22}}]
三月 23, 2014 4:21:34 下午 org.openqa.selenium.remote.RemoteWebDriver log
信息: Executed: [d43789d4-b98b-a149-b803-d3e259123046, submitElement {id={cff1edf1-ee5b-404b-93aa-1d2c0507ec22}}]
三月 23, 2014 4:21:34 下午 org.openqa.selenium.remote.RemoteWebDriver log
信息: Executing: getAlertText [d43789d4-b98b-a149-b803-d3e259123046, getAlertText {}]
三月 23, 2014 4:21:34 下午 org.openqa.selenium.remote.RemoteWebDriver log
信息: Executed: [d43789d4-b98b-a149-b803-d3e259123046, getAlertText {}]
三月 23, 2014 4:21:34 下午 org.openqa.selenium.remote.RemoteWebDriver log
信息: Executing: getAlertText [d43789d4-b98b-a149-b803-d3e259123046, getAlertText {}]
三月 23, 2014 4:21:34 下午 org.openqa.selenium.remote.RemoteWebDriver log
信息: Executed: [d43789d4-b98b-a149-b803-d3e259123046, getAlertText {}]
三月 23, 2014 4:21:34 下午 org.openqa.selenium.remote.RemoteWebDriver log
信息: Executing: dismissAlert [d43789d4-b98b-a149-b803-d3e259123046, dismissAlert {}]
三月 23, 2014 4:21:34 下午 org.openqa.selenium.remote.RemoteWebDriver log
信息: Executed: [d43789d4-b98b-a149-b803-d3e259123046, dismissAlert {}]
三月 23, 2014 4:21:34 下午 org.openqa.selenium.testing.JUnit4TestBase$1 finished
信息: <<< Finished handleFormWithJavascriptAction(org.openqa.selenium.FormHandlingTest)
三月 23, 2014 4:21:34 下午 org.openqa.selenium.testing.JUnit4TestBase$1 starting
信息: >>> Starting testShouldSubmitAFormWhenAnyElementWithinThatFormIsSubmitted(org.openqa.selenium.FormHandlingTest)
三月 23, 2014 4:21:34 下午 org.openqa.selenium.remote.RemoteWebDriver log
信息: Executing: get [d43789d4-b98b-a149-b803-d3e259123046, get {url=http://localhost:6461/common/formPage.html}]
三月 23, 2014 4:21:35 下午 org.openqa.selenium.remote.RemoteWebDriver log
信息: Executed: [d43789d4-b98b-a149-b803-d3e259123046, get {url=http://localhost:6461/common/formPage.html}]
三月 23, 2014 4:21:35 下午 org.openqa.selenium.remote.RemoteWebDriver log
信息: Executing: findElement [d43789d4-b98b-a149-b803-d3e259123046, findElement {using=xpath, value=//form/p}]
三月 23, 2014 4:21:35 下午 org.openqa.selenium.remote.RemoteWebDriver log
信息: Executed: [d43789d4-b98b-a149-b803-d3e259123046, findElement {using=xpath, value=//form/p}]
三月 23, 2014 4:21:35 下午 org.openqa.selenium.remote.RemoteWebDriver log
信息: Executing: submitElement [d43789d4-b98b-a149-b803-d3e259123046, submitElement {id={4ecea152-870f-5947-bed5-4386dfb4b6e5}}]
三月 23, 2014 4:21:35 下午 org.openqa.selenium.remote.RemoteWebDriver log
信息: Executed: [d43789d4-b98b-a149-b803-d3e259123046, submitElement {id={4ecea152-870f-5947-bed5-4386dfb4b6e5}}]
三月 23, 2014 4:21:35 下午 org.openqa.selenium.remote.RemoteWebDriver log
信息: Executing: getTitle [d43789d4-b98b-a149-b803-d3e259123046, getTitle {}]
三月 23, 2014 4:21:35 下午 org.openqa.selenium.remote.RemoteWebDriver log
信息: Executed: [d43789d4-b98b-a149-b803-d3e259123046, getTitle {}]
三月 23, 2014 4:21:35 下午 org.openqa.selenium.testing.JUnit4TestBase$1 finished
信息: <<< Finished testShouldSubmitAFormWhenAnyElementWithinThatFormIsSubmitted(org.openqa.selenium.FormHandlingTest)
三月 23, 2014 4:21:35 下午 org.openqa.selenium.testing.JUnit4TestBase$1 starting
信息: >>> Starting testShouldEnterDataIntoFormFields(org.openqa.selenium.FormHandlingTest)
三月 23, 2014 4:21:35 下午 org.openqa.selenium.remote.RemoteWebDriver log
信息: Executing: get [d43789d4-b98b-a149-b803-d3e259123046, get {url=http://localhost:6461/common/xhtmlTest.html}]
三月 23, 2014 4:21:35 下午 org.openqa.selenium.remote.RemoteWebDriver log
信息: Executed: [d43789d4-b98b-a149-b803-d3e259123046, get {url=http://localhost:6461/common/xhtmlTest.html}]
三月 23, 2014 4:21:35 下午 org.openqa.selenium.remote.RemoteWebDriver log
信息: Executing: findElement [d43789d4-b98b-a149-b803-d3e259123046, findElement {using=xpath, value=//form[@name='someForm']/input[@id='username']}]
三月 23, 2014 4:21:35 下午 org.openqa.selenium.remote.RemoteWebDriver log
信息: Executed: [d43789d4-b98b-a149-b803-d3e259123046, findElement {using=xpath, value=//form[@name='someForm']/input[@id='username']}]
三月 23, 2014 4:21:35 下午 org.openqa.selenium.remote.RemoteWebDriver log
信息: Executing: getElementAttribute [d43789d4-b98b-a149-b803-d3e259123046, getElementAttribute {id={1f882620-08f8-964c-bd5f-28cef89441b8}, name=value}]
三月 23, 2014 4:21:35 下午 org.openqa.selenium.remote.RemoteWebDriver log
信息: Executed: [d43789d4-b98b-a149-b803-d3e259123046, getElementAttribute {id={1f882620-08f8-964c-bd5f-28cef89441b8}, name=value}]
三月 23, 2014 4:21:35 下午 org.openqa.selenium.remote.RemoteWebDriver log
信息: Executing: clearElement [d43789d4-b98b-a149-b803-d3e259123046, clearElement {id={1f882620-08f8-964c-bd5f-28cef89441b8}}]
三月 23, 2014 4:21:35 下午 org.openqa.selenium.remote.RemoteWebDriver log
信息: Executed: [d43789d4-b98b-a149-b803-d3e259123046, clearElement {id={1f882620-08f8-964c-bd5f-28cef89441b8}}]
三月 23, 2014 4:21:35 下午 org.openqa.selenium.remote.RemoteWebDriver log
信息: Executing: sendKeysToElement [d43789d4-b98b-a149-b803-d3e259123046, sendKeysToElement {id={1f882620-08f8-964c-bd5f-28cef89441b8}, value=[Ljava.lang.CharSequence;@16b5d4e1}]
三月 23, 2014 4:21:35 下午 org.openqa.selenium.remote.RemoteWebDriver log
信息: Executed: [d43789d4-b98b-a149-b803-d3e259123046, sendKeysToElement {id={1f882620-08f8-964c-bd5f-28cef89441b8}, value=[Ljava.lang.CharSequence;@16b5d4e1}]
三月 23, 2014 4:21:35 下午 org.openqa.selenium.remote.RemoteWebDriver log
信息: Executing: findElement [d43789d4-b98b-a149-b803-d3e259123046, findElement {using=xpath, value=//form[@name='someForm']/input[@id='username']}]
三月 23, 2014 4:21:35 下午 org.openqa.selenium.remote.RemoteWebDriver log
信息: Executed: [d43789d4-b98b-a149-b803-d3e259123046, findElement {using=xpath, value=//form[@name='someForm']/input[@id='username']}]
三月 23, 2014 4:21:35 下午 org.openqa.selenium.remote.RemoteWebDriver log
信息: Executing: getElementAttribute [d43789d4-b98b-a149-b803-d3e259123046, getElementAttribute {id={1f882620-08f8-964c-bd5f-28cef89441b8}, name=value}]
三月 23, 2014 4:21:35 下午 org.openqa.selenium.remote.RemoteWebDriver log
信息: Executed: [d43789d4-b98b-a149-b803-d3e259123046, getElementAttribute {id={1f882620-08f8-964c-bd5f-28cef89441b8}, name=value}]
三月 23, 2014 4:21:35 下午 org.openqa.selenium.testing.JUnit4TestBase$1 finished
信息: <<< Finished testShouldEnterDataIntoFormFields(org.openqa.selenium.FormHandlingTest)
三月 23, 2014 4:21:35 下午 org.openqa.selenium.testing.JUnit4TestBase$1 starting
信息: >>> Starting testShouldSubmitAFormWhenAnyInputElementWithinThatFormIsSubmitted(org.openqa.selenium.FormHandlingTest)
三月 23, 2014 4:21:35 下午 org.openqa.selenium.remote.RemoteWebDriver log
信息: Executing: get [d43789d4-b98b-a149-b803-d3e259123046, get {url=http://localhost:6461/common/formPage.html}]
三月 23, 2014 4:21:35 下午 org.openqa.selenium.remote.RemoteWebDriver log
信息: Executed: [d43789d4-b98b-a149-b803-d3e259123046, get {url=http://localhost:6461/common/formPage.html}]
三月 23, 2014 4:21:35 下午 org.openqa.selenium.remote.RemoteWebDriver log
信息: Executing: findElement [d43789d4-b98b-a149-b803-d3e259123046, findElement {using=id, value=checky}]
三月 23, 2014 4:21:35 下午 org.openqa.selenium.remote.RemoteWebDriver log
信息: Executed: [d43789d4-b98b-a149-b803-d3e259123046, findElement {using=id, value=checky}]
三月 23, 2014 4:21:35 下午 org.openqa.selenium.remote.RemoteWebDriver log
信息: Executing: submitElement [d43789d4-b98b-a149-b803-d3e259123046, submitElement {id={c176b8b6-05cc-344a-9367-efa0145e925c}}]
三月 23, 2014 4:21:35 下午 org.openqa.selenium.remote.RemoteWebDriver log
信息: Executed: [d43789d4-b98b-a149-b803-d3e259123046, submitElement {id={c176b8b6-05cc-344a-9367-efa0145e925c}}]
三月 23, 2014 4:21:35 下午 org.openqa.selenium.remote.RemoteWebDriver log
信息: Executing: getTitle [d43789d4-b98b-a149-b803-d3e259123046, getTitle {}]
三月 23, 2014 4:21:35 下午 org.openqa.selenium.remote.RemoteWebDriver log
信息: Executed: [d43789d4-b98b-a149-b803-d3e259123046, getTitle {}]
三月 23, 2014 4:21:35 下午 org.openqa.selenium.testing.JUnit4TestBase$1 finished
信息: <<< Finished testShouldSubmitAFormWhenAnyInputElementWithinThatFormIsSubmitted(org.openqa.selenium.FormHandlingTest)
三月 23, 2014 4:21:35 下午 org.openqa.selenium.testing.JUnit4TestBase$1 starting
信息: >>> Starting testShouldBeAbleToSubmitForms(org.openqa.selenium.FormHandlingTest)
三月 23, 2014 4:21:35 下午 org.openqa.selenium.remote.RemoteWebDriver log
信息: Executing: get [d43789d4-b98b-a149-b803-d3e259123046, get {url=http://localhost:6461/common/formPage.html}]
三月 23, 2014 4:21:35 下午 org.openqa.selenium.remote.RemoteWebDriver log
信息: Executed: [d43789d4-b98b-a149-b803-d3e259123046, get {url=http://localhost:6461/common/formPage.html}]
三月 23, 2014 4:21:35 下午 org.openqa.selenium.remote.RemoteWebDriver log
信息: Executing: findElement [d43789d4-b98b-a149-b803-d3e259123046, findElement {using=name, value=login}]
三月 23, 2014 4:21:35 下午 org.openqa.selenium.remote.RemoteWebDriver log
信息: Executed: [d43789d4-b98b-a149-b803-d3e259123046, findElement {using=name, value=login}]
三月 23, 2014 4:21:35 下午 org.openqa.selenium.remote.RemoteWebDriver log
信息: Executing: submitElement [d43789d4-b98b-a149-b803-d3e259123046, submitElement {id={0d940b65-a688-ae46-9f8a-9c7013acc670}}]
三月 23, 2014 4:21:35 下午 org.openqa.selenium.remote.RemoteWebDriver log
信息: Executed: [d43789d4-b98b-a149-b803-d3e259123046, submitElement {id={0d940b65-a688-ae46-9f8a-9c7013acc670}}]
三月 23, 2014 4:21:35 下午 org.openqa.selenium.remote.RemoteWebDriver log
信息: Executing: getTitle [d43789d4-b98b-a149-b803-d3e259123046, getTitle {}]
三月 23, 2014 4:21:35 下午 org.openqa.selenium.remote.RemoteWebDriver log
信息: Executed: [d43789d4-b98b-a149-b803-d3e259123046, getTitle {}]
三月 23, 2014 4:21:35 下午 org.openqa.selenium.testing.JUnit4TestBase$1 finished
信息: <<< Finished testShouldBeAbleToSubmitForms(org.openqa.selenium.FormHandlingTest)
三月 23, 2014 4:21:35 下午 org.openqa.selenium.testing.JUnit4TestBase$1 starting
信息: >>> Starting testShouldClickOnSubmitInputElements(org.openqa.selenium.FormHandlingTest)
三月 23, 2014 4:21:35 下午 org.openqa.selenium.remote.RemoteWebDriver log
信息: Executing: get [d43789d4-b98b-a149-b803-d3e259123046, get {url=http://localhost:6461/common/formPage.html}]
三月 23, 2014 4:21:35 下午 org.openqa.selenium.remote.RemoteWebDriver log
信息: Executed: [d43789d4-b98b-a149-b803-d3e259123046, get {url=http://localhost:6461/common/formPage.html}]
三月 23, 2014 4:21:35 下午 org.openqa.selenium.remote.RemoteWebDriver log
信息: Executing: findElement [d43789d4-b98b-a149-b803-d3e259123046, findElement {using=id, value=submitButton}]
三月 23, 2014 4:21:35 下午 org.openqa.selenium.remote.RemoteWebDriver log
信息: Executed: [d43789d4-b98b-a149-b803-d3e259123046, findElement {using=id, value=submitButton}]
三月 23, 2014 4:21:35 下午 org.openqa.selenium.remote.RemoteWebDriver log
信息: Executing: clickElement [d43789d4-b98b-a149-b803-d3e259123046, clickElement {id={8f7af691-7268-b444-9d72-de9014994f98}}]
三月 23, 2014 4:21:35 下午 org.openqa.selenium.remote.RemoteWebDriver log
信息: Executed: [d43789d4-b98b-a149-b803-d3e259123046, clickElement {id={8f7af691-7268-b444-9d72-de9014994f98}}]
三月 23, 2014 4:21:35 下午 org.openqa.selenium.remote.RemoteWebDriver log
信息: Executing: getTitle [d43789d4-b98b-a149-b803-d3e259123046, getTitle {}]
三月 23, 2014 4:21:35 下午 org.openqa.selenium.remote.RemoteWebDriver log
信息: Executed: [d43789d4-b98b-a149-b803-d3e259123046, getTitle {}]
三月 23, 2014 4:21:35 下午 org.openqa.selenium.remote.RemoteWebDriver log
信息: Executing: getTitle [d43789d4-b98b-a149-b803-d3e259123046, getTitle {}]
三月 23, 2014 4:21:35 下午 org.openqa.selenium.remote.RemoteWebDriver log
信息: Executed: [d43789d4-b98b-a149-b803-d3e259123046, getTitle {}]
三月 23, 2014 4:21:35 下午 org.openqa.selenium.testing.JUnit4TestBase$1 finished
信息: <<< Finished testShouldClickOnSubmitInputElements(org.openqa.selenium.FormHandlingTest)
三月 23, 2014 4:21:35 下午 org.openqa.selenium.testing.JUnit4TestBase$1 starting
信息: >>> Starting testEmptyTextBoxesShouldReturnAnEmptyStringNotNull(org.openqa.selenium.FormHandlingTest)
三月 23, 2014 4:21:35 下午 org.openqa.selenium.remote.RemoteWebDriver log
信息: Executing: get [d43789d4-b98b-a149-b803-d3e259123046, get {url=http://localhost:6461/common/formPage.html}]
三月 23, 2014 4:21:35 下午 org.openqa.selenium.remote.RemoteWebDriver log
信息: Executed: [d43789d4-b98b-a149-b803-d3e259123046, get {url=http://localhost:6461/common/formPage.html}]
三月 23, 2014 4:21:35 下午 org.openqa.selenium.remote.RemoteWebDriver log
信息: Executing: findElement [d43789d4-b98b-a149-b803-d3e259123046, findElement {using=id, value=working}]
三月 23, 2014 4:21:35 下午 org.openqa.selenium.remote.RemoteWebDriver log
信息: Executed: [d43789d4-b98b-a149-b803-d3e259123046, findElement {using=id, value=working}]
三月 23, 2014 4:21:35 下午 org.openqa.selenium.remote.RemoteWebDriver log
信息: Executing: getElementAttribute [d43789d4-b98b-a149-b803-d3e259123046, getElementAttribute {id={89511c22-dbf5-1748-ab59-6a03f30fecdd}, name=value}]
三月 23, 2014 4:21:35 下午 org.openqa.selenium.remote.RemoteWebDriver log
信息: Executed: [d43789d4-b98b-a149-b803-d3e259123046, getElementAttribute {id={89511c22-dbf5-1748-ab59-6a03f30fecdd}, name=value}]
三月 23, 2014 4:21:35 下午 org.openqa.selenium.testing.JUnit4TestBase$1 finished
信息: <<< Finished testEmptyTextBoxesShouldReturnAnEmptyStringNotNull(org.openqa.selenium.FormHandlingTest)
三月 23, 2014 4:21:35 下午 org.openqa.selenium.testing.JUnit4TestBase$1 starting
信息: >>> Starting testShouldBeAbleToSwitchToAnIframeByItsID(org.openqa.selenium.FrameSwitchingTest)
三月 23, 2014 4:21:35 下午 org.openqa.selenium.remote.RemoteWebDriver log
信息: Executing: get [d43789d4-b98b-a149-b803-d3e259123046, get {url=http://localhost:6461/common/iframes.html}]
三月 23, 2014 4:21:36 下午 org.openqa.selenium.remote.RemoteWebDriver log
信息: Executed: [d43789d4-b98b-a149-b803-d3e259123046, get {url=http://localhost:6461/common/iframes.html}]
三月 23, 2014 4:21:36 下午 org.openqa.selenium.remote.RemoteWebDriver log
信息: Executing: switchToFrame [d43789d4-b98b-a149-b803-d3e259123046, switchToFrame {id=iframe1}]
三月 23, 2014 4:21:36 下午 org.openqa.selenium.remote.RemoteWebDriver log
信息: Executed: [d43789d4-b98b-a149-b803-d3e259123046, switchToFrame {id=iframe1}]
三月 23, 2014 4:21:36 下午 org.openqa.selenium.remote.RemoteWebDriver log
信息: Executing: findElement [d43789d4-b98b-a149-b803-d3e259123046, findElement {using=name, value=id-name1}]
三月 23, 2014 4:21:36 下午 org.openqa.selenium.remote.RemoteWebDriver log
信息: Executed: [d43789d4-b98b-a149-b803-d3e259123046, findElement {using=name, value=id-name1}]
三月 23, 2014 4:21:36 下午 org.openqa.selenium.remote.RemoteWebDriver log
信息: Executing: getElementAttribute [d43789d4-b98b-a149-b803-d3e259123046, getElementAttribute {id={1579821b-1b46-f745-aa50-29cbccc044dd}, name=value}]
三月 23, 2014 4:21:36 下午 org.openqa.selenium.remote.RemoteWebDriver log
信息: Executed: [d43789d4-b98b-a149-b803-d3e259123046, getElementAttribute {id={1579821b-1b46-f745-aa50-29cbccc044dd}, name=value}]
三月 23, 2014 4:21:36 下午 org.openqa.selenium.remote.RemoteWebDriver log
信息: Executing: switchToFrame [d43789d4-b98b-a149-b803-d3e259123046, switchToFrame {id=null}]
三月 23, 2014 4:21:36 下午 org.openqa.selenium.remote.RemoteWebDriver log
信息: Executed: [d43789d4-b98b-a149-b803-d3e259123046, switchToFrame {id=null}]
三月 23, 2014 4:21:36 下午 org.openqa.selenium.testing.JUnit4TestBase$1 finished
信息: <<< Finished testShouldBeAbleToSwitchToAnIframeByItsID(org.openqa.selenium.FrameSwitchingTest)
三月 23, 2014 4:21:36 下午 org.openqa.selenium.testing.JUnit4TestBase$1 starting
信息: >>> Starting testShouldSelectChildFramesByChainedCalls(org.openqa.selenium.FrameSwitchingTest)
三月 23, 2014 4:21:36 下午 org.openqa.selenium.remote.RemoteWebDriver log
信息: Executing: get [d43789d4-b98b-a149-b803-d3e259123046, get {url=http://localhost:6461/common/frameset.html}]
三月 23, 2014 4:21:36 下午 org.openqa.selenium.remote.RemoteWebDriver log
信息: Executed: [d43789d4-b98b-a149-b803-d3e259123046, get {url=http://localhost:6461/common/frameset.html}]
三月 23, 2014 4:21:36 下午 org.openqa.selenium.remote.RemoteWebDriver log
信息: Executing: switchToFrame [d43789d4-b98b-a149-b803-d3e259123046, switchToFrame {id=fourth}]
三月 23, 2014 4:21:36 下午 org.openqa.selenium.remote.RemoteWebDriver log
信息: Executed: [d43789d4-b98b-a149-b803-d3e259123046, switchToFrame {id=fourth}]
三月 23, 2014 4:21:36 下午 org.openqa.selenium.remote.RemoteWebDriver log
信息: Executing: switchToFrame [d43789d4-b98b-a149-b803-d3e259123046, switchToFrame {id=child2}]
三月 23, 2014 4:21:36 下午 org.openqa.selenium.remote.RemoteWebDriver log
信息: Executed: [d43789d4-b98b-a149-b803-d3e259123046, switchToFrame {id=child2}]
三月 23, 2014 4:21:36 下午 org.openqa.selenium.remote.RemoteWebDriver log
信息: Executing: findElement [d43789d4-b98b-a149-b803-d3e259123046, findElement {using=id, value=pageNumber}]
三月 23, 2014 4:21:36 下午 org.openqa.selenium.remote.RemoteWebDriver log
信息: Executed: [d43789d4-b98b-a149-b803-d3e259123046, findElement {using=id, value=pageNumber}]
三月 23, 2014 4:21:36 下午 org.openqa.selenium.remote.RemoteWebDriver log
信息: Executing: getElementText [d43789d4-b98b-a149-b803-d3e259123046, getElementText {id={a38ffc74-28bf-de45-8185-a51e8e70fdc9}}]
三月 23, 2014 4:21:36 下午 org.openqa.selenium.remote.RemoteWebDriver log
信息: Executed: [d43789d4-b98b-a149-b803-d3e259123046, getElementText {id={a38ffc74-28bf-de45-8185-a51e8e70fdc9}}]
三月 23, 2014 4:21:36 下午 org.openqa.selenium.remote.RemoteWebDriver log
信息: Executing: switchToFrame [d43789d4-b98b-a149-b803-d3e259123046, switchToFrame {id=null}]
三月 23, 2014 4:21:36 下午 org.openqa.selenium.remote.RemoteWebDriver log
信息: Executed: [d43789d4-b98b-a149-b803-d3e259123046, switchToFrame {id=null}]
三月 23, 2014 4:21:36 下午 org.openqa.selenium.testing.JUnit4TestBase$1 finished
信息: <<< Finished testShouldSelectChildFramesByChainedCalls(org.openqa.selenium.FrameSwitchingTest)
三月 23, 2014 4:21:36 下午 org.openqa.selenium.testing.JUnit4TestBase$1 starting
信息: >>> Starting testShouldBeAbleToSwitchToFrameWithNameContainingDot(org.openqa.selenium.FrameSwitchingTest)
三月 23, 2014 4:21:36 下午 org.openqa.selenium.remote.RemoteWebDriver log
信息: Executing: get [d43789d4-b98b-a149-b803-d3e259123046, get {url=http://localhost:6461/common/frameset.html}]
三月 23, 2014 4:21:37 下午 org.openqa.selenium.remote.RemoteWebDriver log
信息: Executed: [d43789d4-b98b-a149-b803-d3e259123046, get {url=http://localhost:6461/common/frameset.html}]
三月 23, 2014 4:21:37 下午 org.openqa.selenium.remote.RemoteWebDriver log
信息: Executing: switchToFrame [d43789d4-b98b-a149-b803-d3e259123046, switchToFrame {id=sixth.iframe1}]
三月 23, 2014 4:21:37 下午 org.openqa.selenium.remote.RemoteWebDriver log
信息: Executed: [d43789d4-b98b-a149-b803-d3e259123046, switchToFrame {id=sixth.iframe1}]
三月 23, 2014 4:21:37 下午 org.openqa.selenium.remote.RemoteWebDriver log
信息: Executing: findElement [d43789d4-b98b-a149-b803-d3e259123046, findElement {using=tag name, value=body}]
三月 23, 2014 4:21:37 下午 org.openqa.selenium.remote.RemoteWebDriver log
信息: Executed: [d43789d4-b98b-a149-b803-d3e259123046, findElement {using=tag name, value=body}]
三月 23, 2014 4:21:37 下午 org.openqa.selenium.remote.RemoteWebDriver log
信息: Executing: getElementText [d43789d4-b98b-a149-b803-d3e259123046, getElementText {id={0d73a290-ff41-8042-9fac-26eb6b47183f}}]
三月 23, 2014 4:21:37 下午 org.openqa.selenium.remote.RemoteWebDriver log
信息: Executed: [d43789d4-b98b-a149-b803-d3e259123046, getElementText {id={0d73a290-ff41-8042-9fac-26eb6b47183f}}]
三月 23, 2014 4:21:37 下午 org.openqa.selenium.remote.RemoteWebDriver log
信息: Executing: switchToFrame [d43789d4-b98b-a149-b803-d3e259123046, switchToFrame {id=null}]
三月 23, 2014 4:21:37 下午 org.openqa.selenium.remote.RemoteWebDriver log
信息: Executed: [d43789d4-b98b-a149-b803-d3e259123046, switchToFrame {id=null}]
三月 23, 2014 4:21:37 下午 org.openqa.selenium.testing.JUnit4TestBase$1 finished
信息: <<< Finished testShouldBeAbleToSwitchToFrameWithNameContainingDot(org.openqa.selenium.FrameSwitchingTest)
三月 23, 2014 4:21:37 下午 org.openqa.selenium.testing.JUnit4TestBase$1 starting
信息: >>> Starting testShouldBeAbleToClickInAFrame(org.openqa.selenium.FrameSwitchingTest)
三月 23, 2014 4:21:37 下午 org.openqa.selenium.remote.RemoteWebDriver log
信息: Executing: get [d43789d4-b98b-a149-b803-d3e259123046, get {url=http://localhost:6461/common/frameset.html}]
三月 23, 2014 4:21:38 下午 org.openqa.selenium.remote.RemoteWebDriver log
信息: Executed: [d43789d4-b98b-a149-b803-d3e259123046, get {url=http://localhost:6461/common/frameset.html}]
三月 23, 2014 4:21:38 下午 org.openqa.selenium.remote.RemoteWebDriver log
信息: Executing: switchToFrame [d43789d4-b98b-a149-b803-d3e259123046, switchToFrame {id=third}]
三月 23, 2014 4:21:38 下午 org.openqa.selenium.remote.RemoteWebDriver log
信息: Executed: [d43789d4-b98b-a149-b803-d3e259123046, switchToFrame {id=third}]
三月 23, 2014 4:21:38 下午 org.openqa.selenium.remote.RemoteWebDriver log
信息: Executing: findElement [d43789d4-b98b-a149-b803-d3e259123046, findElement {using=id, value=submitButton}]
三月 23, 2014 4:21:38 下午 org.openqa.selenium.remote.RemoteWebDriver log
信息: Executed: [d43789d4-b98b-a149-b803-d3e259123046, findElement {using=id, value=submitButton}]
三月 23, 2014 4:21:38 下午 org.openqa.selenium.remote.RemoteWebDriver log
信息: Executing: clickElement [d43789d4-b98b-a149-b803-d3e259123046, clickElement {id={be95373a-4c84-014a-82b4-f39fe2398809}}]
三月 23, 2014 4:21:38 下午 org.openqa.selenium.remote.RemoteWebDriver log
信息: Executed: [d43789d4-b98b-a149-b803-d3e259123046, clickElement {id={be95373a-4c84-014a-82b4-f39fe2398809}}]
三月 23, 2014 4:21:38 下午 org.openqa.selenium.remote.RemoteWebDriver log
信息: Executing: findElement [d43789d4-b98b-a149-b803-d3e259123046, findElement {using=id, value=greeting}]
三月 23, 2014 4:21:38 下午 org.openqa.selenium.remote.RemoteWebDriver log
信息: Executed: [d43789d4-b98b-a149-b803-d3e259123046, findElement {using=id, value=greeting}]
三月 23, 2014 4:21:38 下午 org.openqa.selenium.remote.RemoteWebDriver log
信息: Executing: getElementText [d43789d4-b98b-a149-b803-d3e259123046, getElementText {id={bf5365a7-f422-9b4c-b469-f9075562ba4c}}]
三月 23, 2014 4:21:38 下午 org.openqa.selenium.remote.RemoteWebDriver log
信息: Executed: [d43789d4-b98b-a149-b803-d3e259123046, getElementText {id={bf5365a7-f422-9b4c-b469-f9075562ba4c}}]
三月 23, 2014 4:21:38 下午 org.openqa.selenium.remote.RemoteWebDriver log
信息: Executing: switchToFrame [d43789d4-b98b-a149-b803-d3e259123046, switchToFrame {id=null}]
三月 23, 2014 4:21:38 下午 org.openqa.selenium.remote.RemoteWebDriver log
信息: Executed: [d43789d4-b98b-a149-b803-d3e259123046, switchToFrame {id=null}]
三月 23, 2014 4:21:38 下午 org.openqa.selenium.remote.RemoteWebDriver log
信息: Executing: switchToFrame [d43789d4-b98b-a149-b803-d3e259123046, switchToFrame {id=third}]
三月 23, 2014 4:21:38 下午 org.openqa.selenium.remote.RemoteWebDriver log
信息: Executed: [d43789d4-b98b-a149-b803-d3e259123046, switchToFrame {id=third}]
三月 23, 2014 4:21:38 下午 org.openqa.selenium.remote.RemoteWebDriver log
信息: Executing: findElement [d43789d4-b98b-a149-b803-d3e259123046, findElement {using=id, value=greeting}]
三月 23, 2014 4:21:38 下午 org.openqa.selenium.remote.RemoteWebDriver log
信息: Executed: [d43789d4-b98b-a149-b803-d3e259123046, findElement {using=id, value=greeting}]
三月 23, 2014 4:21:38 下午 org.openqa.selenium.remote.RemoteWebDriver log
信息: Executing: getElementText [d43789d4-b98b-a149-b803-d3e259123046, getElementText {id={bf5365a7-f422-9b4c-b469-f9075562ba4c}}]
三月 23, 2014 4:21:38 下午 org.openqa.selenium.remote.RemoteWebDriver log
信息: Executed: [d43789d4-b98b-a149-b803-d3e259123046, getElementText {id={bf5365a7-f422-9b4c-b469-f9075562ba4c}}]
三月 23, 2014 4:21:38 下午 org.openqa.selenium.remote.RemoteWebDriver log
信息: Executing: switchToFrame [d43789d4-b98b-a149-b803-d3e259123046, switchToFrame {id=null}]
三月 23, 2014 4:21:38 下午 org.openqa.selenium.remote.RemoteWebDriver log
信息: Executed: [d43789d4-b98b-a149-b803-d3e259123046, switchToFrame {id=null}]
三月 23, 2014 4:21:38 下午 org.openqa.selenium.testing.JUnit4TestBase$1 finished
信息: <<< Finished testShouldBeAbleToClickInAFrame(org.openqa.selenium.FrameSwitchingTest)
三月 23, 2014 4:21:38 下午 org.openqa.selenium.testing.JUnit4TestBase$1 starting
信息: >>> Starting testSwitchingToParentFrameFromDefaultContextIsNoOp(org.openqa.selenium.FrameSwitchingTest)
三月 23, 2014 4:21:38 下午 org.openqa.selenium.remote.RemoteWebDriver log
信息: Executing: get [d43789d4-b98b-a149-b803-d3e259123046, get {url=http://localhost:6461/common/xhtmlTest.html}]
三月 23, 2014 4:21:38 下午 org.openqa.selenium.remote.RemoteWebDriver log
信息: Executed: [d43789d4-b98b-a149-b803-d3e259123046, get {url=http://localhost:6461/common/xhtmlTest.html}]
三月 23, 2014 4:21:38 下午 org.openqa.selenium.remote.RemoteWebDriver log
信息: Executing: switchToParentFrame [d43789d4-b98b-a149-b803-d3e259123046, switchToParentFrame {}]
三月 23, 2014 4:21:38 下午 org.openqa.selenium.remote.RemoteWebDriver log
信息: Executed: [d43789d4-b98b-a149-b803-d3e259123046, switchToParentFrame {}]
三月 23, 2014 4:21:38 下午 org.openqa.selenium.remote.RemoteWebDriver log
信息: Executing: getTitle [d43789d4-b98b-a149-b803-d3e259123046, getTitle {}]
三月 23, 2014 4:21:38 下午 org.openqa.selenium.remote.RemoteWebDriver log
信息: Executed: [d43789d4-b98b-a149-b803-d3e259123046, getTitle {}]
三月 23, 2014 4:21:38 下午 org.openqa.selenium.remote.RemoteWebDriver log
信息: Executing: switchToFrame [d43789d4-b98b-a149-b803-d3e259123046, switchToFrame {id=null}]
三月 23, 2014 4:21:38 下午 org.openqa.selenium.remote.RemoteWebDriver log
信息: Executed: [d43789d4-b98b-a149-b803-d3e259123046, switchToFrame {id=null}]
三月 23, 2014 4:21:38 下午 org.openqa.selenium.testing.JUnit4TestBase$1 finished
信息: <<< Finished testSwitchingToParentFrameFromDefaultContextIsNoOp(org.openqa.selenium.FrameSwitchingTest)
三月 23, 2014 4:21:38 下午 org.openqa.selenium.testing.JUnit4TestBase$1 starting
信息: >>> Starting testShouldOpenPageWithBrokenFrameset(org.openqa.selenium.FrameSwitchingTest)
三月 23, 2014 4:21:38 下午 org.openqa.selenium.remote.RemoteWebDriver log
信息: Executing: get [d43789d4-b98b-a149-b803-d3e259123046, get {url=http://localhost:6461/common/framesetPage3.html}]
三月 23, 2014 4:21:38 下午 org.openqa.selenium.remote.RemoteWebDriver log
信息: Executed: [d43789d4-b98b-a149-b803-d3e259123046, get {url=http://localhost:6461/common/framesetPage3.html}]
三月 23, 2014 4:21:38 下午 org.openqa.selenium.remote.RemoteWebDriver log
信息: Executing: findElement [d43789d4-b98b-a149-b803-d3e259123046, findElement {using=id, value=first}]
三月 23, 2014 4:21:38 下午 org.openqa.selenium.remote.RemoteWebDriver log
信息: Executed: [d43789d4-b98b-a149-b803-d3e259123046, findElement {using=id, value=first}]
三月 23, 2014 4:21:38 下午 org.openqa.selenium.remote.RemoteWebDriver log
信息: Executing: switchToFrame [d43789d4-b98b-a149-b803-d3e259123046, switchToFrame {id={ELEMENT={fe01c300-3e73-5c48-8641-7bfe533e78b7}}}]
三月 23, 2014 4:21:38 下午 org.openqa.selenium.remote.RemoteWebDriver log
信息: Executed: [d43789d4-b98b-a149-b803-d3e259123046, switchToFrame {id={ELEMENT={fe01c300-3e73-5c48-8641-7bfe533e78b7}}}]
三月 23, 2014 4:21:38 下午 org.openqa.selenium.remote.RemoteWebDriver log
信息: Executing: switchToFrame [d43789d4-b98b-a149-b803-d3e259123046, switchToFrame {id=null}]
三月 23, 2014 4:21:38 下午 org.openqa.selenium.remote.RemoteWebDriver log
信息: Executed: [d43789d4-b98b-a149-b803-d3e259123046, switchToFrame {id=null}]
三月 23, 2014 4:21:38 下午 org.openqa.selenium.remote.RemoteWebDriver log
信息: Executing: findElement [d43789d4-b98b-a149-b803-d3e259123046, findElement {using=id, value=second}]
三月 23, 2014 4:21:38 下午 org.openqa.selenium.remote.RemoteWebDriver log
信息: Executed: [d43789d4-b98b-a149-b803-d3e259123046, findElement {using=id, value=second}]
三月 23, 2014 4:21:38 下午 org.openqa.selenium.remote.RemoteWebDriver log
信息: Executing: switchToFrame [d43789d4-b98b-a149-b803-d3e259123046, switchToFrame {id={ELEMENT={f12f5972-2373-d447-bbfe-61cb846de871}}}]
三月 23, 2014 4:21:38 下午 org.openqa.selenium.remote.RemoteWebDriver log
信息: Executed: [d43789d4-b98b-a149-b803-d3e259123046, switchToFrame {id={ELEMENT={f12f5972-2373-d447-bbfe-61cb846de871}}}]
三月 23, 2014 4:21:38 下午 org.openqa.selenium.remote.RemoteWebDriver log
信息: Executing: switchToFrame [d43789d4-b98b-a149-b803-d3e259123046, switchToFrame {id=null}]
三月 23, 2014 4:21:38 下午 org.openqa.selenium.remote.RemoteWebDriver log
信息: Executed: [d43789d4-b98b-a149-b803-d3e259123046, switchToFrame {id=null}]
三月 23, 2014 4:21:38 下午 org.openqa.selenium.testing.JUnit4TestBase$1 finished
信息: <<< Finished testShouldOpenPageWithBrokenFrameset(org.openqa.selenium.FrameSwitchingTest)
三月 23, 2014 4:21:38 下午 org.openqa.selenium.testing.JUnit4TestBase$1 starting
信息: >>> Starting testShouldThrowAnExceptionWhenAFrameCannotBeFound(org.openqa.selenium.FrameSwitchingTest)
三月 23, 2014 4:21:38 下午 org.openqa.selenium.remote.RemoteWebDriver log
信息: Executing: get [d43789d4-b98b-a149-b803-d3e259123046, get {url=http://localhost:6461/common/xhtmlTest.html}]
三月 23, 2014 4:21:38 下午 org.openqa.selenium.remote.RemoteWebDriver log
信息: Executed: [d43789d4-b98b-a149-b803-d3e259123046, get {url=http://localhost:6461/common/xhtmlTest.html}]
三月 23, 2014 4:21:38 下午 org.openqa.selenium.remote.RemoteWebDriver log
信息: Executing: switchToFrame [d43789d4-b98b-a149-b803-d3e259123046, switchToFrame {id=Nothing here}]
三月 23, 2014 4:21:38 下午 org.openqa.selenium.remote.RemoteWebDriver log
信息: Executed: [d43789d4-b98b-a149-b803-d3e259123046, switchToFrame {id=Nothing here}]
三月 23, 2014 4:21:38 下午 org.openqa.selenium.remote.RemoteWebDriver log
信息: Executing: switchToFrame [d43789d4-b98b-a149-b803-d3e259123046, switchToFrame {id=null}]
三月 23, 2014 4:21:38 下午 org.openqa.selenium.remote.RemoteWebDriver log
信息: Executed: [d43789d4-b98b-a149-b803-d3e259123046, switchToFrame {id=null}]
三月 23, 2014 4:21:38 下午 org.openqa.selenium.testing.JUnit4TestBase$1 finished
信息: <<< Finished testShouldThrowAnExceptionWhenAFrameCannotBeFound(org.openqa.selenium.FrameSwitchingTest)
三月 23, 2014 4:21:38 下午 org.openqa.selenium.testing.JUnit4TestBase$1 starting
信息: >>> Starting testShouldAllowAUserToSwitchFromAnIframeBackToTheMainContentOfThePage(org.openqa.selenium.FrameSwitchingTest)
三月 23, 2014 4:21:38 下午 org.openqa.selenium.remote.RemoteWebDriver log
信息: Executing: get [d43789d4-b98b-a149-b803-d3e259123046, get {url=http://localhost:6461/common/iframes.html}]
三月 23, 2014 4:21:38 下午 org.openqa.selenium.remote.RemoteWebDriver log
信息: Executed: [d43789d4-b98b-a149-b803-d3e259123046, get {url=http://localhost:6461/common/iframes.html}]
三月 23, 2014 4:21:38 下午 org.openqa.selenium.remote.RemoteWebDriver log
信息: Executing: switchToFrame [d43789d4-b98b-a149-b803-d3e259123046, switchToFrame {id=0}]
三月 23, 2014 4:21:38 下午 org.openqa.selenium.remote.RemoteWebDriver log
信息: Executed: [d43789d4-b98b-a149-b803-d3e259123046, switchToFrame {id=0}]
三月 23, 2014 4:21:38 下午 org.openqa.selenium.remote.RemoteWebDriver log
信息: Executing: switchToFrame [d43789d4-b98b-a149-b803-d3e259123046, switchToFrame {id=null}]
三月 23, 2014 4:21:38 下午 org.openqa.selenium.remote.RemoteWebDriver log
信息: Executed: [d43789d4-b98b-a149-b803-d3e259123046, switchToFrame {id=null}]
三月 23, 2014 4:21:38 下午 org.openqa.selenium.remote.RemoteWebDriver log
信息: Executing: findElement [d43789d4-b98b-a149-b803-d3e259123046, findElement {using=id, value=iframe_page_heading}]
三月 23, 2014 4:21:38 下午 org.openqa.selenium.remote.RemoteWebDriver log
信息: Executed: [d43789d4-b98b-a149-b803-d3e259123046, findElement {using=id, value=iframe_page_heading}]
三月 23, 2014 4:21:38 下午 org.openqa.selenium.remote.RemoteWebDriver log
信息: Executing: switchToFrame [d43789d4-b98b-a149-b803-d3e259123046, switchToFrame {id=null}]
三月 23, 2014 4:21:38 下午 org.openqa.selenium.remote.RemoteWebDriver log
信息: Executed: [d43789d4-b98b-a149-b803-d3e259123046, switchToFrame {id=null}]
三月 23, 2014 4:21:38 下午 org.openqa.selenium.testing.JUnit4TestBase$1 finished
信息: <<< Finished testShouldAllowAUserToSwitchFromAnIframeBackToTheMainContentOfThePage(org.openqa.selenium.FrameSwitchingTest)
三月 23, 2014 4:21:38 下午 org.openqa.selenium.testing.JUnit4TestBase$1 starting
信息: >>> Starting testShouldFocusOnTheReplacementWhenAFrameFollowsALinkToA_TopTargetedPage(org.openqa.selenium.FrameSwitchingTest)
三月 23, 2014 4:21:38 下午 org.openqa.selenium.remote.RemoteWebDriver log
信息: Executing: get [d43789d4-b98b-a149-b803-d3e259123046, get {url=http://localhost:6461/common/frameset.html}]
三月 23, 2014 4:21:39 下午 org.openqa.selenium.remote.RemoteWebDriver log
信息: Executed: [d43789d4-b98b-a149-b803-d3e259123046, get {url=http://localhost:6461/common/frameset.html}]
三月 23, 2014 4:21:39 下午 org.openqa.selenium.remote.RemoteWebDriver log
信息: Executing: switchToFrame [d43789d4-b98b-a149-b803-d3e259123046, switchToFrame {id=0}]
三月 23, 2014 4:21:39 下午 org.openqa.selenium.remote.RemoteWebDriver log
信息: Executed: [d43789d4-b98b-a149-b803-d3e259123046, switchToFrame {id=0}]
三月 23, 2014 4:21:39 下午 org.openqa.selenium.remote.RemoteWebDriver log
信息: Executing: findElement [d43789d4-b98b-a149-b803-d3e259123046, findElement {using=link text, value=top}]
三月 23, 2014 4:21:39 下午 org.openqa.selenium.remote.RemoteWebDriver log
信息: Executed: [d43789d4-b98b-a149-b803-d3e259123046, findElement {using=link text, value=top}]
三月 23, 2014 4:21:39 下午 org.openqa.selenium.remote.RemoteWebDriver log
信息: Executing: clickElement [d43789d4-b98b-a149-b803-d3e259123046, clickElement {id={c7ae3bef-7c7b-1245-9e82-420ea408670b}}]
三月 23, 2014 4:21:39 下午 org.openqa.selenium.remote.RemoteWebDriver log
信息: Executed: [d43789d4-b98b-a149-b803-d3e259123046, clickElement {id={c7ae3bef-7c7b-1245-9e82-420ea408670b}}]
三月 23, 2014 4:21:39 下午 org.openqa.selenium.remote.RemoteWebDriver log
信息: Executing: getTitle [d43789d4-b98b-a149-b803-d3e259123046, getTitle {}]
三月 23, 2014 4:21:39 下午 org.openqa.selenium.remote.RemoteWebDriver log
信息: Executed: [d43789d4-b98b-a149-b803-d3e259123046, getTitle {}]
三月 23, 2014 4:21:39 下午 org.openqa.selenium.remote.RemoteWebDriver log
信息: Executing: findElement [d43789d4-b98b-a149-b803-d3e259123046, findElement {using=id, value=only-exists-on-xhtmltest}]
三月 23, 2014 4:21:39 下午 org.openqa.selenium.remote.RemoteWebDriver log
信息: Executed: [d43789d4-b98b-a149-b803-d3e259123046, findElement {using=id, value=only-exists-on-xhtmltest}]
三月 23, 2014 4:21:39 下午 org.openqa.selenium.remote.RemoteWebDriver log
信息: Executing: switchToFrame [d43789d4-b98b-a149-b803-d3e259123046, switchToFrame {id=null}]
三月 23, 2014 4:21:39 下午 org.openqa.selenium.remote.RemoteWebDriver log
信息: Executed: [d43789d4-b98b-a149-b803-d3e259123046, switchToFrame {id=null}]
三月 23, 2014 4:21:39 下午 org.openqa.selenium.testing.JUnit4TestBase$1 finished
信息: <<< Finished testShouldFocusOnTheReplacementWhenAFrameFollowsALinkToA_TopTargetedPage(org.openqa.selenium.FrameSwitchingTest)
三月 23, 2014 4:21:39 下午 org.openqa.selenium.testing.JUnit4TestBase$1 starting
信息: >>> Starting testShouldReturnWindowTitleInAFrameset(org.openqa.selenium.FrameSwitchingTest)
三月 23, 2014 4:21:39 下午 org.openqa.selenium.remote.RemoteWebDriver log
信息: Executing: get [d43789d4-b98b-a149-b803-d3e259123046, get {url=http://localhost:6461/common/frameset.html}]
三月 23, 2014 4:21:39 下午 org.openqa.selenium.remote.RemoteWebDriver log
信息: Executed: [d43789d4-b98b-a149-b803-d3e259123046, get {url=http://localhost:6461/common/frameset.html}]
三月 23, 2014 4:21:39 下午 org.openqa.selenium.remote.RemoteWebDriver log
信息: Executing: switchToFrame [d43789d4-b98b-a149-b803-d3e259123046, switchToFrame {id=third}]
三月 23, 2014 4:21:39 下午 org.openqa.selenium.remote.RemoteWebDriver log
信息: Executed: [d43789d4-b98b-a149-b803-d3e259123046, switchToFrame {id=third}]
三月 23, 2014 4:21:39 下午 org.openqa.selenium.remote.RemoteWebDriver log
信息: Executing: getTitle [d43789d4-b98b-a149-b803-d3e259123046, getTitle {}]
三月 23, 2014 4:21:39 下午 org.openqa.selenium.remote.RemoteWebDriver log
信息: Executed: [d43789d4-b98b-a149-b803-d3e259123046, getTitle {}]
三月 23, 2014 4:21:39 下午 org.openqa.selenium.remote.RemoteWebDriver log
信息: Executing: switchToFrame [d43789d4-b98b-a149-b803-d3e259123046, switchToFrame {id=null}]
三月 23, 2014 4:21:39 下午 org.openqa.selenium.remote.RemoteWebDriver log
信息: Executed: [d43789d4-b98b-a149-b803-d3e259123046, switchToFrame {id=null}]
三月 23, 2014 4:21:39 下午 org.openqa.selenium.testing.JUnit4TestBase$1 finished
信息: <<< Finished testShouldReturnWindowTitleInAFrameset(org.openqa.selenium.FrameSwitchingTest)
三月 23, 2014 4:21:39 下午 org.openqa.selenium.testing.JUnit4TestBase$1 starting
信息: >>> Starting testShouldBeAbleToFindElementsInIframesByXPath(org.openqa.selenium.FrameSwitchingTest)
三月 23, 2014 4:21:39 下午 org.openqa.selenium.remote.RemoteWebDriver log
信息: Executing: get [d43789d4-b98b-a149-b803-d3e259123046, get {url=http://localhost:6461/common/iframes.html}]
三月 23, 2014 4:21:40 下午 org.openqa.selenium.remote.RemoteWebDriver log
信息: Executed: [d43789d4-b98b-a149-b803-d3e259123046, get {url=http://localhost:6461/common/iframes.html}]
三月 23, 2014 4:21:40 下午 org.openqa.selenium.remote.RemoteWebDriver log
信息: Executing: switchToFrame [d43789d4-b98b-a149-b803-d3e259123046, switchToFrame {id=iframe1}]
三月 23, 2014 4:21:40 下午 org.openqa.selenium.remote.RemoteWebDriver log
信息: Executed: [d43789d4-b98b-a149-b803-d3e259123046, switchToFrame {id=iframe1}]
三月 23, 2014 4:21:40 下午 org.openqa.selenium.remote.RemoteWebDriver log
信息: Executing: findElement [d43789d4-b98b-a149-b803-d3e259123046, findElement {using=xpath, value=//*[@id = 'changeme']}]
三月 23, 2014 4:21:40 下午 org.openqa.selenium.remote.RemoteWebDriver log
信息: Executed: [d43789d4-b98b-a149-b803-d3e259123046, findElement {using=xpath, value=//*[@id = 'changeme']}]
三月 23, 2014 4:21:40 下午 org.openqa.selenium.remote.RemoteWebDriver log
信息: Executing: switchToFrame [d43789d4-b98b-a149-b803-d3e259123046, switchToFrame {id=null}]
三月 23, 2014 4:21:40 下午 org.openqa.selenium.remote.RemoteWebDriver log
信息: Executed: [d43789d4-b98b-a149-b803-d3e259123046, switchToFrame {id=null}]
三月 23, 2014 4:21:40 下午 org.openqa.selenium.testing.JUnit4TestBase$1 finished
信息: <<< Finished testShouldBeAbleToFindElementsInIframesByXPath(org.openqa.selenium.FrameSwitchingTest)
三月 23, 2014 4:21:40 下午 org.openqa.selenium.testing.JUnit4TestBase$1 starting
信息: >>> Starting testShouldBeAbleToSwitchToAFrameByItsName(org.openqa.selenium.FrameSwitchingTest)
三月 23, 2014 4:21:40 下午 org.openqa.selenium.remote.RemoteWebDriver log
信息: Executing: get [d43789d4-b98b-a149-b803-d3e259123046, get {url=http://localhost:6461/common/frameset.html}]
三月 23, 2014 4:21:40 下午 org.openqa.selenium.remote.RemoteWebDriver log
信息: Executed: [d43789d4-b98b-a149-b803-d3e259123046, get {url=http://localhost:6461/common/frameset.html}]
三月 23, 2014 4:21:40 下午 org.openqa.selenium.remote.RemoteWebDriver log
信息: Executing: switchToFrame [d43789d4-b98b-a149-b803-d3e259123046, switchToFrame {id=fourth}]
三月 23, 2014 4:21:40 下午 org.openqa.selenium.remote.RemoteWebDriver log
信息: Executed: [d43789d4-b98b-a149-b803-d3e259123046, switchToFrame {id=fourth}]
三月 23, 2014 4:21:40 下午 org.openqa.selenium.remote.RemoteWebDriver log
信息: Executing: findElement [d43789d4-b98b-a149-b803-d3e259123046, findElement {using=tag name, value=frame}]
三月 23, 2014 4:21:40 下午 org.openqa.selenium.remote.RemoteWebDriver log
信息: Executed: [d43789d4-b98b-a149-b803-d3e259123046, findElement {using=tag name, value=frame}]
三月 23, 2014 4:21:40 下午 org.openqa.selenium.remote.RemoteWebDriver log
信息: Executing: getElementAttribute [d43789d4-b98b-a149-b803-d3e259123046, getElementAttribute {id={acc012b1-df45-0a4b-85af-c52b45f26a91}, name=name}]
三月 23, 2014 4:21:40 下午 org.openqa.selenium.remote.RemoteWebDriver log
信息: Executed: [d43789d4-b98b-a149-b803-d3e259123046, getElementAttribute {id={acc012b1-df45-0a4b-85af-c52b45f26a91}, name=name}]
三月 23, 2014 4:21:40 下午 org.openqa.selenium.remote.RemoteWebDriver log
信息: Executing: switchToFrame [d43789d4-b98b-a149-b803-d3e259123046, switchToFrame {id=null}]
三月 23, 2014 4:21:40 下午 org.openqa.selenium.remote.RemoteWebDriver log
信息: Executed: [d43789d4-b98b-a149-b803-d3e259123046, switchToFrame {id=null}]
三月 23, 2014 4:21:40 下午 org.openqa.selenium.testing.JUnit4TestBase$1 finished
信息: <<< Finished testShouldBeAbleToSwitchToAFrameByItsName(org.openqa.selenium.FrameSwitchingTest)
三月 23, 2014 4:21:40 下午 org.openqa.selenium.testing.JUnit4TestBase$1 starting
信息: >>> Starting testShouldContinueToReferToTheSameFrameOnceItHasBeenSelected(org.openqa.selenium.FrameSwitchingTest)
三月 23, 2014 4:21:40 下午 org.openqa.selenium.remote.RemoteWebDriver log
信息: Executing: get [d43789d4-b98b-a149-b803-d3e259123046, get {url=http://localhost:6461/common/frameset.html}]
三月 23, 2014 4:21:41 下午 org.openqa.selenium.remote.RemoteWebDriver log
信息: Executed: [d43789d4-b98b-a149-b803-d3e259123046, get {url=http://localhost:6461/common/frameset.html}]
三月 23, 2014 4:21:41 下午 org.openqa.selenium.remote.RemoteWebDriver log
信息: Executing: switchToFrame [d43789d4-b98b-a149-b803-d3e259123046, switchToFrame {id=2}]
三月 23, 2014 4:21:41 下午 org.openqa.selenium.remote.RemoteWebDriver log
信息: Executed: [d43789d4-b98b-a149-b803-d3e259123046, switchToFrame {id=2}]
三月 23, 2014 4:21:41 下午 org.openqa.selenium.remote.RemoteWebDriver log
信息: Executing: findElement [d43789d4-b98b-a149-b803-d3e259123046, findElement {using=xpath, value=//input[@name='checky']}]
三月 23, 2014 4:21:41 下午 org.openqa.selenium.remote.RemoteWebDriver log
信息: Executed: [d43789d4-b98b-a149-b803-d3e259123046, findElement {using=xpath, value=//input[@name='checky']}]
三月 23, 2014 4:21:41 下午 org.openqa.selenium.remote.RemoteWebDriver log
信息: Executing: clickElement [d43789d4-b98b-a149-b803-d3e259123046, clickElement {id={b96c8c50-122f-c346-ae07-28e679a164ee}}]
三月 23, 2014 4:21:41 下午 org.openqa.selenium.remote.RemoteWebDriver log
信息: Executed: [d43789d4-b98b-a149-b803-d3e259123046, clickElement {id={b96c8c50-122f-c346-ae07-28e679a164ee}}]
三月 23, 2014 4:21:41 下午 org.openqa.selenium.remote.RemoteWebDriver log
信息: Executing: submitElement [d43789d4-b98b-a149-b803-d3e259123046, submitElement {id={b96c8c50-122f-c346-ae07-28e679a164ee}}]
三月 23, 2014 4:21:41 下午 org.openqa.selenium.remote.RemoteWebDriver log
信息: Executed: [d43789d4-b98b-a149-b803-d3e259123046, submitElement {id={b96c8c50-122f-c346-ae07-28e679a164ee}}]
三月 23, 2014 4:21:41 下午 org.openqa.selenium.remote.RemoteWebDriver log
信息: Executing: findElement [d43789d4-b98b-a149-b803-d3e259123046, findElement {using=xpath, value=//p}]
三月 23, 2014 4:21:41 下午 org.openqa.selenium.remote.RemoteWebDriver log
信息: Executed: [d43789d4-b98b-a149-b803-d3e259123046, findElement {using=xpath, value=//p}]
三月 23, 2014 4:21:41 下午 org.openqa.selenium.remote.RemoteWebDriver log
信息: Executing: getElementText [d43789d4-b98b-a149-b803-d3e259123046, getElementText {id={afcc18df-7813-684a-9f9f-6591d1305556}}]
三月 23, 2014 4:21:41 下午 org.openqa.selenium.remote.RemoteWebDriver log
信息: Executed: [d43789d4-b98b-a149-b803-d3e259123046, getElementText {id={afcc18df-7813-684a-9f9f-6591d1305556}}]
三月 23, 2014 4:21:41 下午 org.openqa.selenium.remote.RemoteWebDriver log
信息: Executing: switchToFrame [d43789d4-b98b-a149-b803-d3e259123046, switchToFrame {id=null}]
三月 23, 2014 4:21:41 下午 org.openqa.selenium.remote.RemoteWebDriver log
信息: Executed: [d43789d4-b98b-a149-b803-d3e259123046, switchToFrame {id=null}]
三月 23, 2014 4:21:41 下午 org.openqa.selenium.testing.JUnit4TestBase$1 finished
信息: <<< Finished testShouldContinueToReferToTheSameFrameOnceItHasBeenSelected(org.openqa.selenium.FrameSwitchingTest)
三月 23, 2014 4:21:41 下午 org.openqa.selenium.testing.JUnit4TestBase$1 starting
信息: >>> Starting testShouldBeAbleToSwitchToTheTopIfTheFrameIsDeletedFromUnderUs(org.openqa.selenium.FrameSwitchingTest)
三月 23, 2014 4:21:41 下午 org.openqa.selenium.remote.RemoteWebDriver log
信息: Executing: get [d43789d4-b98b-a149-b803-d3e259123046, get {url=http://localhost:6461/common/frame_switching_tests/deletingFrame.html}]
三月 23, 2014 4:21:41 下午 org.openqa.selenium.remote.RemoteWebDriver log
信息: Executed: [d43789d4-b98b-a149-b803-d3e259123046, get {url=http://localhost:6461/common/frame_switching_tests/deletingFrame.html}]
三月 23, 2014 4:21:41 下午 org.openqa.selenium.remote.RemoteWebDriver log
信息: Executing: switchToFrame [d43789d4-b98b-a149-b803-d3e259123046, switchToFrame {id=iframe1}]
三月 23, 2014 4:21:41 下午 org.openqa.selenium.remote.RemoteWebDriver log
信息: Executed: [d43789d4-b98b-a149-b803-d3e259123046, switchToFrame {id=iframe1}]
三月 23, 2014 4:21:41 下午 org.openqa.selenium.remote.RemoteWebDriver log
信息: Executing: findElement [d43789d4-b98b-a149-b803-d3e259123046, findElement {using=id, value=killIframe}]
三月 23, 2014 4:21:41 下午 org.openqa.selenium.remote.RemoteWebDriver log
信息: Executed: [d43789d4-b98b-a149-b803-d3e259123046, findElement {using=id, value=killIframe}]
三月 23, 2014 4:21:41 下午 org.openqa.selenium.remote.RemoteWebDriver log
信息: Executing: clickElement [d43789d4-b98b-a149-b803-d3e259123046, clickElement {id={46c128b5-a887-134b-b630-1a14a7e55ec2}}]
三月 23, 2014 4:21:41 下午 org.openqa.selenium.remote.RemoteWebDriver log
信息: Executed: [d43789d4-b98b-a149-b803-d3e259123046, clickElement {id={46c128b5-a887-134b-b630-1a14a7e55ec2}}]
三月 23, 2014 4:21:41 下午 org.openqa.selenium.remote.RemoteWebDriver log
信息: Executing: switchToFrame [d43789d4-b98b-a149-b803-d3e259123046, switchToFrame {id=null}]
三月 23, 2014 4:21:41 下午 org.openqa.selenium.remote.RemoteWebDriver log
信息: Executed: [d43789d4-b98b-a149-b803-d3e259123046, switchToFrame {id=null}]
三月 23, 2014 4:21:41 下午 org.openqa.selenium.remote.RemoteWebDriver log
信息: Executing: switchToFrame [d43789d4-b98b-a149-b803-d3e259123046, switchToFrame {id=null}]
三月 23, 2014 4:21:41 下午 org.openqa.selenium.remote.RemoteWebDriver log
信息: Executed: [d43789d4-b98b-a149-b803-d3e259123046, switchToFrame {id=null}]
三月 23, 2014 4:21:41 下午 org.openqa.selenium.remote.RemoteWebDriver log
信息: Executing: switchToFrame [d43789d4-b98b-a149-b803-d3e259123046, switchToFrame {id=iframe1}]
三月 23, 2014 4:21:41 下午 org.openqa.selenium.remote.RemoteWebDriver log
信息: Executed: [d43789d4-b98b-a149-b803-d3e259123046, switchToFrame {id=iframe1}]
三月 23, 2014 4:21:41 下午 org.openqa.selenium.remote.RemoteWebDriver log
信息: Executing: switchToFrame [d43789d4-b98b-a149-b803-d3e259123046, switchToFrame {id=null}]
三月 23, 2014 4:21:41 下午 org.openqa.selenium.remote.RemoteWebDriver log
信息: Executed: [d43789d4-b98b-a149-b803-d3e259123046, switchToFrame {id=null}]
三月 23, 2014 4:21:41 下午 org.openqa.selenium.remote.RemoteWebDriver log
信息: Executing: findElement [d43789d4-b98b-a149-b803-d3e259123046, findElement {using=id, value=addBackFrame}]
三月 23, 2014 4:21:41 下午 org.openqa.selenium.remote.RemoteWebDriver log
信息: Executed: [d43789d4-b98b-a149-b803-d3e259123046, findElement {using=id, value=addBackFrame}]
三月 23, 2014 4:21:41 下午 org.openqa.selenium.remote.RemoteWebDriver log
信息: Executing: clickElement [d43789d4-b98b-a149-b803-d3e259123046, clickElement {id={feb2eeaa-8888-7945-a004-53f8f32ee8ea}}]
三月 23, 2014 4:21:41 下午 org.openqa.selenium.remote.RemoteWebDriver log
信息: Executed: [d43789d4-b98b-a149-b803-d3e259123046, clickElement {id={feb2eeaa-8888-7945-a004-53f8f32ee8ea}}]
三月 23, 2014 4:21:41 下午 org.openqa.selenium.remote.RemoteWebDriver log
信息: Executing: findElement [d43789d4-b98b-a149-b803-d3e259123046, findElement {using=id, value=iframe1}]
三月 23, 2014 4:21:41 下午 org.openqa.selenium.remote.RemoteWebDriver log
信息: Executed: [d43789d4-b98b-a149-b803-d3e259123046, findElement {using=id, value=iframe1}]
三月 23, 2014 4:21:41 下午 org.openqa.selenium.remote.RemoteWebDriver log
信息: Executing: switchToFrame [d43789d4-b98b-a149-b803-d3e259123046, switchToFrame {id=iframe1}]
三月 23, 2014 4:21:41 下午 org.openqa.selenium.remote.RemoteWebDriver log
信息: Executed: [d43789d4-b98b-a149-b803-d3e259123046, switchToFrame {id=iframe1}]
三月 23, 2014 4:21:41 下午 org.openqa.selenium.remote.RemoteWebDriver log
信息: Executing: findElement [d43789d4-b98b-a149-b803-d3e259123046, findElement {using=id, value=success}]
三月 23, 2014 4:21:41 下午 org.openqa.selenium.remote.RemoteWebDriver log
信息: Executed: [d43789d4-b98b-a149-b803-d3e259123046, findElement {using=id, value=success}]
三月 23, 2014 4:21:41 下午 org.openqa.selenium.remote.RemoteWebDriver log
信息: Executing: switchToFrame [d43789d4-b98b-a149-b803-d3e259123046, switchToFrame {id=null}]
三月 23, 2014 4:21:41 下午 org.openqa.selenium.remote.RemoteWebDriver log
信息: Executed: [d43789d4-b98b-a149-b803-d3e259123046, switchToFrame {id=null}]
三月 23, 2014 4:21:41 下午 org.openqa.selenium.testing.JUnit4TestBase$1 finished
信息: <<< Finished testShouldBeAbleToSwitchToTheTopIfTheFrameIsDeletedFromUnderUs(org.openqa.selenium.FrameSwitchingTest)
三月 23, 2014 4:21:41 下午 org.openqa.selenium.testing.JUnit4TestBase$1 starting
信息: >>> Starting testShouldBeAbleToSwitchToParentFromAnIframe(org.openqa.selenium.FrameSwitchingTest)
三月 23, 2014 4:21:41 下午 org.openqa.selenium.remote.RemoteWebDriver log
信息: Executing: get [d43789d4-b98b-a149-b803-d3e259123046, get {url=http://localhost:6461/common/iframes.html}]
三月 23, 2014 4:21:41 下午 org.openqa.selenium.remote.RemoteWebDriver log
信息: Executed: [d43789d4-b98b-a149-b803-d3e259123046, get {url=http://localhost:6461/common/iframes.html}]
三月 23, 2014 4:21:41 下午 org.openqa.selenium.remote.RemoteWebDriver log
信息: Executing: switchToFrame [d43789d4-b98b-a149-b803-d3e259123046, switchToFrame {id=0}]
三月 23, 2014 4:21:41 下午 org.openqa.selenium.remote.RemoteWebDriver log
信息: Executed: [d43789d4-b98b-a149-b803-d3e259123046, switchToFrame {id=0}]
三月 23, 2014 4:21:41 下午 org.openqa.selenium.remote.RemoteWebDriver log
信息: Executing: switchToParentFrame [d43789d4-b98b-a149-b803-d3e259123046, switchToParentFrame {}]
三月 23, 2014 4:21:41 下午 org.openqa.selenium.remote.RemoteWebDriver log
信息: Executed: [d43789d4-b98b-a149-b803-d3e259123046, switchToParentFrame {}]
三月 23, 2014 4:21:41 下午 org.openqa.selenium.remote.RemoteWebDriver log
信息: Executing: findElement [d43789d4-b98b-a149-b803-d3e259123046, findElement {using=id, value=iframe_page_heading}]
三月 23, 2014 4:21:41 下午 org.openqa.selenium.remote.RemoteWebDriver log
信息: Executed: [d43789d4-b98b-a149-b803-d3e259123046, findElement {using=id, value=iframe_page_heading}]
三月 23, 2014 4:21:41 下午 org.openqa.selenium.remote.RemoteWebDriver log
信息: Executing: switchToFrame [d43789d4-b98b-a149-b803-d3e259123046, switchToFrame {id=null}]
三月 23, 2014 4:21:41 下午 org.openqa.selenium.remote.RemoteWebDriver log
信息: Executed: [d43789d4-b98b-a149-b803-d3e259123046, switchToFrame {id=null}]
三月 23, 2014 4:21:41 下午 org.openqa.selenium.testing.JUnit4TestBase$1 finished
信息: <<< Finished testShouldBeAbleToSwitchToParentFromAnIframe(org.openqa.selenium.FrameSwitchingTest)
三月 23, 2014 4:21:41 下午 org.openqa.selenium.testing.JUnit4TestBase$1 starting
信息: >>> Starting testFrameSearchesShouldBeRelativeToTheCurrentlySelectedFrame(org.openqa.selenium.FrameSwitchingTest)
三月 23, 2014 4:21:41 下午 org.openqa.selenium.remote.RemoteWebDriver log
信息: Executing: get [d43789d4-b98b-a149-b803-d3e259123046, get {url=http://localhost:6461/common/frameset.html}]
三月 23, 2014 4:21:42 下午 org.openqa.selenium.remote.RemoteWebDriver log
信息: Executed: [d43789d4-b98b-a149-b803-d3e259123046, get {url=http://localhost:6461/common/frameset.html}]
三月 23, 2014 4:21:42 下午 org.openqa.selenium.remote.RemoteWebDriver log
信息: Executing: switchToFrame [d43789d4-b98b-a149-b803-d3e259123046, switchToFrame {id=second}]
三月 23, 2014 4:21:42 下午 org.openqa.selenium.remote.RemoteWebDriver log
信息: Executed: [d43789d4-b98b-a149-b803-d3e259123046, switchToFrame {id=second}]
三月 23, 2014 4:21:42 下午 org.openqa.selenium.remote.RemoteWebDriver log
信息: Executing: findElement [d43789d4-b98b-a149-b803-d3e259123046, findElement {using=id, value=pageNumber}]
三月 23, 2014 4:21:42 下午 org.openqa.selenium.remote.RemoteWebDriver log
信息: Executed: [d43789d4-b98b-a149-b803-d3e259123046, findElement {using=id, value=pageNumber}]
三月 23, 2014 4:21:42 下午 org.openqa.selenium.remote.RemoteWebDriver log
信息: Executing: getElementText [d43789d4-b98b-a149-b803-d3e259123046, getElementText {id={63f8c6fa-1ef5-2644-b52f-a13a12ab5559}}]
三月 23, 2014 4:21:42 下午 org.openqa.selenium.remote.RemoteWebDriver log
信息: Executed: [d43789d4-b98b-a149-b803-d3e259123046, getElementText {id={63f8c6fa-1ef5-2644-b52f-a13a12ab5559}}]
三月 23, 2014 4:21:42 下午 org.openqa.selenium.remote.RemoteWebDriver log
信息: Executing: switchToFrame [d43789d4-b98b-a149-b803-d3e259123046, switchToFrame {id=third}]
三月 23, 2014 4:21:42 下午 org.openqa.selenium.remote.RemoteWebDriver log
信息: Executed: [d43789d4-b98b-a149-b803-d3e259123046, switchToFrame {id=third}]
三月 23, 2014 4:21:42 下午 org.openqa.selenium.remote.RemoteWebDriver log
信息: Executing: switchToFrame [d43789d4-b98b-a149-b803-d3e259123046, switchToFrame {id=null}]
三月 23, 2014 4:21:42 下午 org.openqa.selenium.remote.RemoteWebDriver log
信息: Executed: [d43789d4-b98b-a149-b803-d3e259123046, switchToFrame {id=null}]
三月 23, 2014 4:21:42 下午 org.openqa.selenium.remote.RemoteWebDriver log
信息: Executing: switchToFrame [d43789d4-b98b-a149-b803-d3e259123046, switchToFrame {id=third}]
三月 23, 2014 4:21:42 下午 org.openqa.selenium.remote.RemoteWebDriver log
信息: Executed: [d43789d4-b98b-a149-b803-d3e259123046, switchToFrame {id=third}]
三月 23, 2014 4:21:42 下午 org.openqa.selenium.remote.RemoteWebDriver log
信息: Executing: switchToFrame [d43789d4-b98b-a149-b803-d3e259123046, switchToFrame {id=second}]
三月 23, 2014 4:21:42 下午 org.openqa.selenium.remote.RemoteWebDriver log
信息: Executed: [d43789d4-b98b-a149-b803-d3e259123046, switchToFrame {id=second}]
三月 23, 2014 4:21:42 下午 org.openqa.selenium.remote.RemoteWebDriver log
信息: Executing: switchToFrame [d43789d4-b98b-a149-b803-d3e259123046, switchToFrame {id=null}]
三月 23, 2014 4:21:42 下午 org.openqa.selenium.remote.RemoteWebDriver log
信息: Executed: [d43789d4-b98b-a149-b803-d3e259123046, switchToFrame {id=null}]
三月 23, 2014 4:21:42 下午 org.openqa.selenium.remote.RemoteWebDriver log
信息: Executing: switchToFrame [d43789d4-b98b-a149-b803-d3e259123046, switchToFrame {id=second}]
三月 23, 2014 4:21:42 下午 org.openqa.selenium.remote.RemoteWebDriver log
信息: Executed: [d43789d4-b98b-a149-b803-d3e259123046, switchToFrame {id=second}]
三月 23, 2014 4:21:42 下午 org.openqa.selenium.remote.RemoteWebDriver log
信息: Executing: findElement [d43789d4-b98b-a149-b803-d3e259123046, findElement {using=id, value=pageNumber}]
三月 23, 2014 4:21:42 下午 org.openqa.selenium.remote.RemoteWebDriver log
信息: Executed: [d43789d4-b98b-a149-b803-d3e259123046, findElement {using=id, value=pageNumber}]
三月 23, 2014 4:21:42 下午 org.openqa.selenium.remote.RemoteWebDriver log
信息: Executing: getElementText [d43789d4-b98b-a149-b803-d3e259123046, getElementText {id={63f8c6fa-1ef5-2644-b52f-a13a12ab5559}}]
三月 23, 2014 4:21:42 下午 org.openqa.selenium.remote.RemoteWebDriver log
信息: Executed: [d43789d4-b98b-a149-b803-d3e259123046, getElementText {id={63f8c6fa-1ef5-2644-b52f-a13a12ab5559}}]
三月 23, 2014 4:21:42 下午 org.openqa.selenium.remote.RemoteWebDriver log
信息: Executing: switchToFrame [d43789d4-b98b-a149-b803-d3e259123046, switchToFrame {id=null}]
三月 23, 2014 4:21:42 下午 org.openqa.selenium.remote.RemoteWebDriver log
信息: Executed: [d43789d4-b98b-a149-b803-d3e259123046, switchToFrame {id=null}]
三月 23, 2014 4:21:42 下午 org.openqa.selenium.testing.JUnit4TestBase$1 finished
信息: <<< Finished testFrameSearchesShouldBeRelativeToTheCurrentlySelectedFrame(org.openqa.selenium.FrameSwitchingTest)
三月 23, 2014 4:21:42 下午 org.openqa.selenium.testing.JUnit4TestBase$1 starting
信息: >>> Starting testShouldBeAbleToSwitchToAnIframeByItsIndex(org.openqa.selenium.FrameSwitchingTest)
三月 23, 2014 4:21:42 下午 org.openqa.selenium.remote.RemoteWebDriver log
信息: Executing: get [d43789d4-b98b-a149-b803-d3e259123046, get {url=http://localhost:6461/common/iframes.html}]
三月 23, 2014 4:21:42 下午 org.openqa.selenium.remote.RemoteWebDriver log
信息: Executed: [d43789d4-b98b-a149-b803-d3e259123046, get {url=http://localhost:6461/common/iframes.html}]
三月 23, 2014 4:21:42 下午 org.openqa.selenium.remote.RemoteWebDriver log
信息: Executing: switchToFrame [d43789d4-b98b-a149-b803-d3e259123046, switchToFrame {id=0}]
三月 23, 2014 4:21:42 下午 org.openqa.selenium.remote.RemoteWebDriver log
信息: Executed: [d43789d4-b98b-a149-b803-d3e259123046, switchToFrame {id=0}]
三月 23, 2014 4:21:42 下午 org.openqa.selenium.remote.RemoteWebDriver log
信息: Executing: findElement [d43789d4-b98b-a149-b803-d3e259123046, findElement {using=name, value=id-name1}]
三月 23, 2014 4:21:42 下午 org.openqa.selenium.remote.RemoteWebDriver log
信息: Executed: [d43789d4-b98b-a149-b803-d3e259123046, findElement {using=name, value=id-name1}]
三月 23, 2014 4:21:42 下午 org.openqa.selenium.remote.RemoteWebDriver log
信息: Executing: getElementAttribute [d43789d4-b98b-a149-b803-d3e259123046, getElementAttribute {id={14244010-2060-2a45-be50-b622356b8b8e}, name=value}]
三月 23, 2014 4:21:42 下午 org.openqa.selenium.remote.RemoteWebDriver log
信息: Executed: [d43789d4-b98b-a149-b803-d3e259123046, getElementAttribute {id={14244010-2060-2a45-be50-b622356b8b8e}, name=value}]
三月 23, 2014 4:21:42 下午 org.openqa.selenium.remote.RemoteWebDriver log
信息: Executing: switchToFrame [d43789d4-b98b-a149-b803-d3e259123046, switchToFrame {id=null}]
三月 23, 2014 4:21:42 下午 org.openqa.selenium.remote.RemoteWebDriver log
信息: Executed: [d43789d4-b98b-a149-b803-d3e259123046, switchToFrame {id=null}]
三月 23, 2014 4:21:42 下午 org.openqa.selenium.testing.JUnit4TestBase$1 finished
信息: <<< Finished testShouldBeAbleToSwitchToAnIframeByItsIndex(org.openqa.selenium.FrameSwitchingTest)
三月 23, 2014 4:21:42 下午 org.openqa.selenium.testing.JUnit4TestBase$1 starting
信息: >>> Starting testShouldBeAbleToClickInAFrameThatRewritesTopWindowLocation(org.openqa.selenium.FrameSwitchingTest)
三月 23, 2014 4:21:42 下午 org.openqa.selenium.remote.RemoteWebDriver log
信息: Executing: get [d43789d4-b98b-a149-b803-d3e259123046, get {url=http://localhost:6461/common/click_tests/issue5237.html}]
三月 23, 2014 4:21:42 下午 org.openqa.selenium.remote.RemoteWebDriver log
信息: Executed: [d43789d4-b98b-a149-b803-d3e259123046, get {url=http://localhost:6461/common/click_tests/issue5237.html}]
三月 23, 2014 4:21:42 下午 org.openqa.selenium.remote.RemoteWebDriver log
信息: Executing: switchToFrame [d43789d4-b98b-a149-b803-d3e259123046, switchToFrame {id=search}]
三月 23, 2014 4:21:42 下午 org.openqa.selenium.remote.RemoteWebDriver log
信息: Executed: [d43789d4-b98b-a149-b803-d3e259123046, switchToFrame {id=search}]
三月 23, 2014 4:21:42 下午 org.openqa.selenium.remote.RemoteWebDriver log
信息: Executing: findElement [d43789d4-b98b-a149-b803-d3e259123046, findElement {using=id, value=submit}]
三月 23, 2014 4:21:42 下午 org.openqa.selenium.remote.RemoteWebDriver log
信息: Executed: [d43789d4-b98b-a149-b803-d3e259123046, findElement {using=id, value=submit}]
三月 23, 2014 4:21:42 下午 org.openqa.selenium.remote.RemoteWebDriver log
信息: Executing: clickElement [d43789d4-b98b-a149-b803-d3e259123046, clickElement {id={df1021f7-645b-b946-bab5-babad32a14d1}}]
三月 23, 2014 4:21:42 下午 org.openqa.selenium.remote.RemoteWebDriver log
信息: Executed: [d43789d4-b98b-a149-b803-d3e259123046, clickElement {id={df1021f7-645b-b946-bab5-babad32a14d1}}]
三月 23, 2014 4:21:42 下午 org.openqa.selenium.remote.RemoteWebDriver log
信息: Executing: switchToFrame [d43789d4-b98b-a149-b803-d3e259123046, switchToFrame {id=null}]
三月 23, 2014 4:21:42 下午 org.openqa.selenium.remote.RemoteWebDriver log
信息: Executed: [d43789d4-b98b-a149-b803-d3e259123046, switchToFrame {id=null}]
三月 23, 2014 4:21:42 下午 org.openqa.selenium.remote.RemoteWebDriver log
信息: Executing: getTitle [d43789d4-b98b-a149-b803-d3e259123046, getTitle {}]
三月 23, 2014 4:21:42 下午 org.openqa.selenium.remote.RemoteWebDriver log
信息: Executed: [d43789d4-b98b-a149-b803-d3e259123046, getTitle {}]
三月 23, 2014 4:21:42 下午 org.openqa.selenium.remote.RemoteWebDriver log
信息: Executing: switchToFrame [d43789d4-b98b-a149-b803-d3e259123046, switchToFrame {id=null}]
三月 23, 2014 4:21:42 下午 org.openqa.selenium.remote.RemoteWebDriver log
信息: Executed: [d43789d4-b98b-a149-b803-d3e259123046, switchToFrame {id=null}]
三月 23, 2014 4:21:42 下午 org.openqa.selenium.testing.JUnit4TestBase$1 finished
信息: <<< Finished testShouldBeAbleToClickInAFrameThatRewritesTopWindowLocation(org.openqa.selenium.FrameSwitchingTest)
三月 23, 2014 4:21:42 下午 org.openqa.selenium.testing.JUnit4TestBase$1 starting
信息: >>> Starting testShouldAllowTheUserToSwitchToAnIFrameAndRemainFocusedOnIt(org.openqa.selenium.FrameSwitchingTest)
三月 23, 2014 4:21:42 下午 org.openqa.selenium.remote.RemoteWebDriver log
信息: Executing: get [d43789d4-b98b-a149-b803-d3e259123046, get {url=http://localhost:6461/common/iframes.html}]
三月 23, 2014 4:21:42 下午 org.openqa.selenium.remote.RemoteWebDriver log
信息: Executed: [d43789d4-b98b-a149-b803-d3e259123046, get {url=http://localhost:6461/common/iframes.html}]
三月 23, 2014 4:21:42 下午 org.openqa.selenium.remote.RemoteWebDriver log
信息: Executing: switchToFrame [d43789d4-b98b-a149-b803-d3e259123046, switchToFrame {id=0}]
三月 23, 2014 4:21:43 下午 org.openqa.selenium.remote.RemoteWebDriver log
信息: Executed: [d43789d4-b98b-a149-b803-d3e259123046, switchToFrame {id=0}]
三月 23, 2014 4:21:43 下午 org.openqa.selenium.remote.RemoteWebDriver log
信息: Executing: findElement [d43789d4-b98b-a149-b803-d3e259123046, findElement {using=id, value=submitButton}]
三月 23, 2014 4:21:43 下午 org.openqa.selenium.remote.RemoteWebDriver log
信息: Executed: [d43789d4-b98b-a149-b803-d3e259123046, findElement {using=id, value=submitButton}]
三月 23, 2014 4:21:43 下午 org.openqa.selenium.remote.RemoteWebDriver log
信息: Executing: clickElement [d43789d4-b98b-a149-b803-d3e259123046, clickElement {id={22a2ea80-1301-cb49-b921-39b725cb3d38}}]
三月 23, 2014 4:21:43 下午 org.openqa.selenium.remote.RemoteWebDriver log
信息: Executed: [d43789d4-b98b-a149-b803-d3e259123046, clickElement {id={22a2ea80-1301-cb49-b921-39b725cb3d38}}]
三月 23, 2014 4:21:43 下午 org.openqa.selenium.remote.RemoteWebDriver log
信息: Executing: findElement [d43789d4-b98b-a149-b803-d3e259123046, findElement {using=id, value=greeting}]
三月 23, 2014 4:21:43 下午 org.openqa.selenium.remote.RemoteWebDriver log
信息: Executed: [d43789d4-b98b-a149-b803-d3e259123046, findElement {using=id, value=greeting}]
三月 23, 2014 4:21:43 下午 org.openqa.selenium.remote.RemoteWebDriver log
信息: Executing: getElementText [d43789d4-b98b-a149-b803-d3e259123046, getElementText {id={1b4d444e-cd19-c14b-8734-f6b8a98fe926}}]
三月 23, 2014 4:21:43 下午 org.openqa.selenium.remote.RemoteWebDriver log
信息: Executed: [d43789d4-b98b-a149-b803-d3e259123046, getElementText {id={1b4d444e-cd19-c14b-8734-f6b8a98fe926}}]
三月 23, 2014 4:21:43 下午 org.openqa.selenium.remote.RemoteWebDriver log
信息: Executing: switchToFrame [d43789d4-b98b-a149-b803-d3e259123046, switchToFrame {id=null}]
三月 23, 2014 4:21:43 下午 org.openqa.selenium.remote.RemoteWebDriver log
信息: Executed: [d43789d4-b98b-a149-b803-d3e259123046, switchToFrame {id=null}]
三月 23, 2014 4:21:43 下午 org.openqa.selenium.testing.JUnit4TestBase$1 finished
信息: <<< Finished testShouldAllowTheUserToSwitchToAnIFrameAndRemainFocusedOnIt(org.openqa.selenium.FrameSwitchingTest)
三月 23, 2014 4:21:43 下午 org.openqa.selenium.testing.JUnit4TestBase$1 starting
信息: >>> Starting testShouldBeAbleToSwitchToAnIframeByItsName(org.openqa.selenium.FrameSwitchingTest)
三月 23, 2014 4:21:43 下午 org.openqa.selenium.remote.RemoteWebDriver log
信息: Executing: get [d43789d4-b98b-a149-b803-d3e259123046, get {url=http://localhost:6461/common/iframes.html}]
三月 23, 2014 4:21:43 下午 org.openqa.selenium.remote.RemoteWebDriver log
信息: Executed: [d43789d4-b98b-a149-b803-d3e259123046, get {url=http://localhost:6461/common/iframes.html}]
三月 23, 2014 4:21:43 下午 org.openqa.selenium.remote.RemoteWebDriver log
信息: Executing: switchToFrame [d43789d4-b98b-a149-b803-d3e259123046, switchToFrame {id=iframe1-name}]
三月 23, 2014 4:21:43 下午 org.openqa.selenium.remote.RemoteWebDriver log
信息: Executed: [d43789d4-b98b-a149-b803-d3e259123046, switchToFrame {id=iframe1-name}]
三月 23, 2014 4:21:43 下午 org.openqa.selenium.remote.RemoteWebDriver log
信息: Executing: findElement [d43789d4-b98b-a149-b803-d3e259123046, findElement {using=name, value=id-name1}]
三月 23, 2014 4:21:43 下午 org.openqa.selenium.remote.RemoteWebDriver log
信息: Executed: [d43789d4-b98b-a149-b803-d3e259123046, findElement {using=name, value=id-name1}]
三月 23, 2014 4:21:43 下午 org.openqa.selenium.remote.RemoteWebDriver log
信息: Executing: getElementAttribute [d43789d4-b98b-a149-b803-d3e259123046, getElementAttribute {id={d3acd64b-6cbc-8840-acb0-07704c4170e1}, name=value}]
三月 23, 2014 4:21:43 下午 org.openqa.selenium.remote.RemoteWebDriver log
信息: Executed: [d43789d4-b98b-a149-b803-d3e259123046, getElementAttribute {id={d3acd64b-6cbc-8840-acb0-07704c4170e1}, name=value}]
三月 23, 2014 4:21:43 下午 org.openqa.selenium.remote.RemoteWebDriver log
信息: Executing: switchToFrame [d43789d4-b98b-a149-b803-d3e259123046, switchToFrame {id=null}]
三月 23, 2014 4:21:43 下午 org.openqa.selenium.remote.RemoteWebDriver log
信息: Executed: [d43789d4-b98b-a149-b803-d3e259123046, switchToFrame {id=null}]
三月 23, 2014 4:21:43 下午 org.openqa.selenium.testing.JUnit4TestBase$1 finished
信息: <<< Finished testShouldBeAbleToSwitchToAnIframeByItsName(org.openqa.selenium.FrameSwitchingTest)
三月 23, 2014 4:21:43 下午 org.openqa.selenium.testing.JUnit4TestBase$1 starting
信息: >>> Starting testShouldAlwaysFocusOnTheTopMostFrameAfterANavigationEvent(org.openqa.selenium.FrameSwitchingTest)
三月 23, 2014 4:21:43 下午 org.openqa.selenium.remote.RemoteWebDriver log
信息: Executing: get [d43789d4-b98b-a149-b803-d3e259123046, get {url=http://localhost:6461/common/frameset.html}]
三月 23, 2014 4:21:43 下午 org.openqa.selenium.remote.RemoteWebDriver log
信息: Executed: [d43789d4-b98b-a149-b803-d3e259123046, get {url=http://localhost:6461/common/frameset.html}]
三月 23, 2014 4:21:43 下午 org.openqa.selenium.remote.RemoteWebDriver log
信息: Executing: findElement [d43789d4-b98b-a149-b803-d3e259123046, findElement {using=tag name, value=frameset}]
三月 23, 2014 4:21:43 下午 org.openqa.selenium.remote.RemoteWebDriver log
信息: Executed: [d43789d4-b98b-a149-b803-d3e259123046, findElement {using=tag name, value=frameset}]
三月 23, 2014 4:21:43 下午 org.openqa.selenium.remote.RemoteWebDriver log
信息: Executing: switchToFrame [d43789d4-b98b-a149-b803-d3e259123046, switchToFrame {id=null}]
三月 23, 2014 4:21:43 下午 org.openqa.selenium.remote.RemoteWebDriver log
信息: Executed: [d43789d4-b98b-a149-b803-d3e259123046, switchToFrame {id=null}]
三月 23, 2014 4:21:43 下午 org.openqa.selenium.testing.JUnit4TestBase$1 finished
信息: <<< Finished testShouldAlwaysFocusOnTheTopMostFrameAfterANavigationEvent(org.openqa.selenium.FrameSwitchingTest)
三月 23, 2014 4:21:43 下午 org.openqa.selenium.testing.JUnit4TestBase$1 starting
信息: >>> Starting testShouldBeAbleToSwitchToParentFrameFromASecondLevelFrame(org.openqa.selenium.FrameSwitchingTest)
三月 23, 2014 4:21:43 下午 org.openqa.selenium.remote.RemoteWebDriver log
信息: Executing: get [d43789d4-b98b-a149-b803-d3e259123046, get {url=http://localhost:6461/common/frameset.html}]
三月 23, 2014 4:21:44 下午 org.openqa.selenium.remote.RemoteWebDriver log
信息: Executed: [d43789d4-b98b-a149-b803-d3e259123046, get {url=http://localhost:6461/common/frameset.html}]
三月 23, 2014 4:21:44 下午 org.openqa.selenium.remote.RemoteWebDriver log
信息: Executing: switchToFrame [d43789d4-b98b-a149-b803-d3e259123046, switchToFrame {id=fourth}]
三月 23, 2014 4:21:44 下午 org.openqa.selenium.remote.RemoteWebDriver log
信息: Executed: [d43789d4-b98b-a149-b803-d3e259123046, switchToFrame {id=fourth}]
三月 23, 2014 4:21:44 下午 org.openqa.selenium.remote.RemoteWebDriver log
信息: Executing: switchToFrame [d43789d4-b98b-a149-b803-d3e259123046, switchToFrame {id=child1}]
三月 23, 2014 4:21:44 下午 org.openqa.selenium.remote.RemoteWebDriver log
信息: Executed: [d43789d4-b98b-a149-b803-d3e259123046, switchToFrame {id=child1}]
三月 23, 2014 4:21:44 下午 org.openqa.selenium.remote.RemoteWebDriver log
信息: Executing: switchToParentFrame [d43789d4-b98b-a149-b803-d3e259123046, switchToParentFrame {}]
三月 23, 2014 4:21:44 下午 org.openqa.selenium.remote.RemoteWebDriver log
信息: Executed: [d43789d4-b98b-a149-b803-d3e259123046, switchToParentFrame {}]
三月 23, 2014 4:21:44 下午 org.openqa.selenium.remote.RemoteWebDriver log
信息: Executing: switchToFrame [d43789d4-b98b-a149-b803-d3e259123046, switchToFrame {id=child2}]
三月 23, 2014 4:21:44 下午 org.openqa.selenium.remote.RemoteWebDriver log
信息: Executed: [d43789d4-b98b-a149-b803-d3e259123046, switchToFrame {id=child2}]
三月 23, 2014 4:21:44 下午 org.openqa.selenium.remote.RemoteWebDriver log
信息: Executing: findElement [d43789d4-b98b-a149-b803-d3e259123046, findElement {using=id, value=pageNumber}]
三月 23, 2014 4:21:44 下午 org.openqa.selenium.remote.RemoteWebDriver log
信息: Executed: [d43789d4-b98b-a149-b803-d3e259123046, findElement {using=id, value=pageNumber}]
三月 23, 2014 4:21:44 下午 org.openqa.selenium.remote.RemoteWebDriver log
信息: Executing: getElementText [d43789d4-b98b-a149-b803-d3e259123046, getElementText {id={de91914f-8f59-8541-9c53-4719a6a6e39d}}]
三月 23, 2014 4:21:44 下午 org.openqa.selenium.remote.RemoteWebDriver log
信息: Executed: [d43789d4-b98b-a149-b803-d3e259123046, getElementText {id={de91914f-8f59-8541-9c53-4719a6a6e39d}}]
三月 23, 2014 4:21:44 下午 org.openqa.selenium.remote.RemoteWebDriver log
信息: Executing: switchToFrame [d43789d4-b98b-a149-b803-d3e259123046, switchToFrame {id=null}]
三月 23, 2014 4:21:44 下午 org.openqa.selenium.remote.RemoteWebDriver log
信息: Executed: [d43789d4-b98b-a149-b803-d3e259123046, switchToFrame {id=null}]
三月 23, 2014 4:21:44 下午 org.openqa.selenium.testing.JUnit4TestBase$1 finished
信息: <<< Finished testShouldBeAbleToSwitchToParentFrameFromASecondLevelFrame(org.openqa.selenium.FrameSwitchingTest)
三月 23, 2014 4:21:44 下午 org.openqa.selenium.testing.JUnit4TestBase$1 starting
信息: >>> Starting testGetCurrentUrl(org.openqa.selenium.FrameSwitchingTest)
三月 23, 2014 4:21:44 下午 org.openqa.selenium.remote.RemoteWebDriver log
信息: Executing: get [d43789d4-b98b-a149-b803-d3e259123046, get {url=http://localhost:6461/common/frameset.html}]
三月 23, 2014 4:21:45 下午 org.openqa.selenium.remote.RemoteWebDriver log
信息: Executed: [d43789d4-b98b-a149-b803-d3e259123046, get {url=http://localhost:6461/common/frameset.html}]
三月 23, 2014 4:21:45 下午 org.openqa.selenium.remote.RemoteWebDriver log
信息: Executing: switchToFrame [d43789d4-b98b-a149-b803-d3e259123046, switchToFrame {id=second}]
三月 23, 2014 4:21:45 下午 org.openqa.selenium.remote.RemoteWebDriver log
信息: Executed: [d43789d4-b98b-a149-b803-d3e259123046, switchToFrame {id=second}]
三月 23, 2014 4:21:45 下午 org.openqa.selenium.remote.RemoteWebDriver log
信息: Executing: getCurrentUrl [d43789d4-b98b-a149-b803-d3e259123046, getCurrentUrl {}]
三月 23, 2014 4:21:45 下午 org.openqa.selenium.remote.RemoteWebDriver log
信息: Executed: [d43789d4-b98b-a149-b803-d3e259123046, getCurrentUrl {}]
三月 23, 2014 4:21:45 下午 org.openqa.selenium.remote.RemoteWebDriver log
信息: Executing: get [d43789d4-b98b-a149-b803-d3e259123046, get {url=http://localhost:6461/common/iframes.html}]
三月 23, 2014 4:21:45 下午 org.openqa.selenium.remote.RemoteWebDriver log
信息: Executed: [d43789d4-b98b-a149-b803-d3e259123046, get {url=http://localhost:6461/common/iframes.html}]
三月 23, 2014 4:21:45 下午 org.openqa.selenium.remote.RemoteWebDriver log
信息: Executing: getCurrentUrl [d43789d4-b98b-a149-b803-d3e259123046, getCurrentUrl {}]
三月 23, 2014 4:21:45 下午 org.openqa.selenium.remote.RemoteWebDriver log
信息: Executed: [d43789d4-b98b-a149-b803-d3e259123046, getCurrentUrl {}]
三月 23, 2014 4:21:45 下午 org.openqa.selenium.remote.RemoteWebDriver log
信息: Executing: switchToFrame [d43789d4-b98b-a149-b803-d3e259123046, switchToFrame {id=iframe1}]
三月 23, 2014 4:21:45 下午 org.openqa.selenium.remote.RemoteWebDriver log
信息: Executed: [d43789d4-b98b-a149-b803-d3e259123046, switchToFrame {id=iframe1}]
三月 23, 2014 4:21:45 下午 org.openqa.selenium.remote.RemoteWebDriver log
信息: Executing: getCurrentUrl [d43789d4-b98b-a149-b803-d3e259123046, getCurrentUrl {}]
三月 23, 2014 4:21:45 下午 org.openqa.selenium.remote.RemoteWebDriver log
信息: Executed: [d43789d4-b98b-a149-b803-d3e259123046, getCurrentUrl {}]
三月 23, 2014 4:21:45 下午 org.openqa.selenium.remote.RemoteWebDriver log
信息: Executing: switchToFrame [d43789d4-b98b-a149-b803-d3e259123046, switchToFrame {id=null}]
三月 23, 2014 4:21:45 下午 org.openqa.selenium.remote.RemoteWebDriver log
信息: Executed: [d43789d4-b98b-a149-b803-d3e259123046, switchToFrame {id=null}]
三月 23, 2014 4:21:45 下午 org.openqa.selenium.testing.JUnit4TestBase$1 finished
信息: <<< Finished testGetCurrentUrl(org.openqa.selenium.FrameSwitchingTest)
三月 23, 2014 4:21:45 下午 org.openqa.selenium.testing.JUnit4TestBase$1 starting
信息: >>> Starting testJavaScriptShouldExecuteInTheContextOfTheCurrentFrame(org.openqa.selenium.FrameSwitchingTest)
三月 23, 2014 4:21:45 下午 org.openqa.selenium.remote.RemoteWebDriver log
信息: Executing: get [d43789d4-b98b-a149-b803-d3e259123046, get {url=http://localhost:6461/common/frameset.html}]
三月 23, 2014 4:21:45 下午 org.openqa.selenium.remote.RemoteWebDriver log
信息: Executed: [d43789d4-b98b-a149-b803-d3e259123046, get {url=http://localhost:6461/common/frameset.html}]
三月 23, 2014 4:21:45 下午 org.openqa.selenium.remote.RemoteWebDriver log
信息: Executing: executeScript [d43789d4-b98b-a149-b803-d3e259123046, executeScript {script=return window == window.top, args=[]}]
三月 23, 2014 4:21:45 下午 org.openqa.selenium.remote.RemoteWebDriver log
信息: Executed: [d43789d4-b98b-a149-b803-d3e259123046, executeScript {script=return window == window.top, args=[]}]
三月 23, 2014 4:21:45 下午 org.openqa.selenium.remote.RemoteWebDriver log
信息: Executing: switchToFrame [d43789d4-b98b-a149-b803-d3e259123046, switchToFrame {id=third}]
三月 23, 2014 4:21:45 下午 org.openqa.selenium.remote.RemoteWebDriver log
信息: Executed: [d43789d4-b98b-a149-b803-d3e259123046, switchToFrame {id=third}]
三月 23, 2014 4:21:45 下午 org.openqa.selenium.remote.RemoteWebDriver log
信息: Executing: executeScript [d43789d4-b98b-a149-b803-d3e259123046, executeScript {script=return window != window.top, args=[]}]
三月 23, 2014 4:21:45 下午 org.openqa.selenium.remote.RemoteWebDriver log
信息: Executed: [d43789d4-b98b-a149-b803-d3e259123046, executeScript {script=return window != window.top, args=[]}]
三月 23, 2014 4:21:45 下午 org.openqa.selenium.remote.RemoteWebDriver log
信息: Executing: switchToFrame [d43789d4-b98b-a149-b803-d3e259123046, switchToFrame {id=null}]
三月 23, 2014 4:21:45 下午 org.openqa.selenium.remote.RemoteWebDriver log
信息: Executed: [d43789d4-b98b-a149-b803-d3e259123046, switchToFrame {id=null}]
三月 23, 2014 4:21:45 下午 org.openqa.selenium.testing.JUnit4TestBase$1 finished
信息: <<< Finished testJavaScriptShouldExecuteInTheContextOfTheCurrentFrame(org.openqa.selenium.FrameSwitchingTest)
三月 23, 2014 4:21:46 下午 org.openqa.selenium.testing.JUnit4TestBase$1 starting
信息: >>> Starting testShouldBeAbleToSwitchToAFrameUsingAPreviouslyLocatedWebElement(org.openqa.selenium.FrameSwitchingTest)
三月 23, 2014 4:21:46 下午 org.openqa.selenium.remote.RemoteWebDriver log
信息: Executing: get [d43789d4-b98b-a149-b803-d3e259123046, get {url=http://localhost:6461/common/frameset.html}]
三月 23, 2014 4:21:46 下午 org.openqa.selenium.remote.RemoteWebDriver log
信息: Executed: [d43789d4-b98b-a149-b803-d3e259123046, get {url=http://localhost:6461/common/frameset.html}]
三月 23, 2014 4:21:46 下午 org.openqa.selenium.remote.RemoteWebDriver log
信息: Executing: findElement [d43789d4-b98b-a149-b803-d3e259123046, findElement {using=tag name, value=frame}]
三月 23, 2014 4:21:46 下午 org.openqa.selenium.remote.RemoteWebDriver log
信息: Executed: [d43789d4-b98b-a149-b803-d3e259123046, findElement {using=tag name, value=frame}]
三月 23, 2014 4:21:46 下午 org.openqa.selenium.remote.RemoteWebDriver log
信息: Executing: switchToFrame [d43789d4-b98b-a149-b803-d3e259123046, switchToFrame {id={ELEMENT={a1a02a88-26ba-2445-89ab-31259a264934}}}]
三月 23, 2014 4:21:46 下午 org.openqa.selenium.remote.RemoteWebDriver log
信息: Executed: [d43789d4-b98b-a149-b803-d3e259123046, switchToFrame {id={ELEMENT={a1a02a88-26ba-2445-89ab-31259a264934}}}]
三月 23, 2014 4:21:46 下午 org.openqa.selenium.remote.RemoteWebDriver log
信息: Executing: findElement [d43789d4-b98b-a149-b803-d3e259123046, findElement {using=id, value=pageNumber}]
三月 23, 2014 4:21:46 下午 org.openqa.selenium.remote.RemoteWebDriver log
信息: Executed: [d43789d4-b98b-a149-b803-d3e259123046, findElement {using=id, value=pageNumber}]
三月 23, 2014 4:21:46 下午 org.openqa.selenium.remote.RemoteWebDriver log
信息: Executing: getElementText [d43789d4-b98b-a149-b803-d3e259123046, getElementText {id={9012434d-7980-3d45-b2fd-c591b88b0606}}]
三月 23, 2014 4:21:46 下午 org.openqa.selenium.remote.RemoteWebDriver log
信息: Executed: [d43789d4-b98b-a149-b803-d3e259123046, getElementText {id={9012434d-7980-3d45-b2fd-c591b88b0606}}]
三月 23, 2014 4:21:46 下午 org.openqa.selenium.remote.RemoteWebDriver log
信息: Executing: switchToFrame [d43789d4-b98b-a149-b803-d3e259123046, switchToFrame {id=null}]
三月 23, 2014 4:21:46 下午 org.openqa.selenium.remote.RemoteWebDriver log
信息: Executed: [d43789d4-b98b-a149-b803-d3e259123046, switchToFrame {id=null}]
三月 23, 2014 4:21:46 下午 org.openqa.selenium.testing.JUnit4TestBase$1 finished
信息: <<< Finished testShouldBeAbleToSwitchToAFrameUsingAPreviouslyLocatedWebElement(org.openqa.selenium.FrameSwitchingTest)
三月 23, 2014 4:21:46 下午 org.openqa.selenium.testing.JUnit4TestBase$1 starting
信息: >>> Starting testShouldThrowFrameNotFoundExceptionLookingUpSubFramesWithSuperFrameNames(org.openqa.selenium.FrameSwitchingTest)
三月 23, 2014 4:21:46 下午 org.openqa.selenium.remote.RemoteWebDriver log
信息: Executing: get [d43789d4-b98b-a149-b803-d3e259123046, get {url=http://localhost:6461/common/frameset.html}]
三月 23, 2014 4:21:47 下午 org.openqa.selenium.remote.RemoteWebDriver log
信息: Executed: [d43789d4-b98b-a149-b803-d3e259123046, get {url=http://localhost:6461/common/frameset.html}]
三月 23, 2014 4:21:47 下午 org.openqa.selenium.remote.RemoteWebDriver log
信息: Executing: switchToFrame [d43789d4-b98b-a149-b803-d3e259123046, switchToFrame {id=fourth}]
三月 23, 2014 4:21:47 下午 org.openqa.selenium.remote.RemoteWebDriver log
信息: Executed: [d43789d4-b98b-a149-b803-d3e259123046, switchToFrame {id=fourth}]
三月 23, 2014 4:21:47 下午 org.openqa.selenium.remote.RemoteWebDriver log
信息: Executing: switchToFrame [d43789d4-b98b-a149-b803-d3e259123046, switchToFrame {id=second}]
三月 23, 2014 4:21:47 下午 org.openqa.selenium.remote.RemoteWebDriver log
信息: Executed: [d43789d4-b98b-a149-b803-d3e259123046, switchToFrame {id=second}]
三月 23, 2014 4:21:47 下午 org.openqa.selenium.remote.RemoteWebDriver log
信息: Executing: switchToFrame [d43789d4-b98b-a149-b803-d3e259123046, switchToFrame {id=null}]
三月 23, 2014 4:21:47 下午 org.openqa.selenium.remote.RemoteWebDriver log
信息: Executed: [d43789d4-b98b-a149-b803-d3e259123046, switchToFrame {id=null}]
三月 23, 2014 4:21:47 下午 org.openqa.selenium.testing.JUnit4TestBase$1 finished
信息: <<< Finished testShouldThrowFrameNotFoundExceptionLookingUpSubFramesWithSuperFrameNames(org.openqa.selenium.FrameSwitchingTest)
三月 23, 2014 4:21:47 下午 org.openqa.selenium.testing.JUnit4TestBase$1 starting
信息: >>> Starting testShouldThrowAnExceptionWhenAFrameCannotBeFoundByIndex(org.openqa.selenium.FrameSwitchingTest)
三月 23, 2014 4:21:47 下午 org.openqa.selenium.remote.RemoteWebDriver log
信息: Executing: get [d43789d4-b98b-a149-b803-d3e259123046, get {url=http://localhost:6461/common/xhtmlTest.html}]
三月 23, 2014 4:21:47 下午 org.openqa.selenium.remote.RemoteWebDriver log
信息: Executed: [d43789d4-b98b-a149-b803-d3e259123046, get {url=http://localhost:6461/common/xhtmlTest.html}]
三月 23, 2014 4:21:47 下午 org.openqa.selenium.remote.RemoteWebDriver log
信息: Executing: switchToFrame [d43789d4-b98b-a149-b803-d3e259123046, switchToFrame {id=27}]
三月 23, 2014 4:21:47 下午 org.openqa.selenium.remote.RemoteWebDriver log
信息: Executed: [d43789d4-b98b-a149-b803-d3e259123046, switchToFrame {id=27}]
三月 23, 2014 4:21:47 下午 org.openqa.selenium.remote.RemoteWebDriver log
信息: Executing: switchToFrame [d43789d4-b98b-a149-b803-d3e259123046, switchToFrame {id=null}]
三月 23, 2014 4:21:47 下午 org.openqa.selenium.remote.RemoteWebDriver log
信息: Executed: [d43789d4-b98b-a149-b803-d3e259123046, switchToFrame {id=null}]
三月 23, 2014 4:21:47 下午 org.openqa.selenium.testing.JUnit4TestBase$1 finished
信息: <<< Finished testShouldThrowAnExceptionWhenAFrameCannotBeFoundByIndex(org.openqa.selenium.FrameSwitchingTest)
三月 23, 2014 4:21:47 下午 org.openqa.selenium.testing.JUnit4TestBase$1 starting
信息: >>> Starting testShouldBeAbleToClickInASubFrame(org.openqa.selenium.FrameSwitchingTest)
三月 23, 2014 4:21:47 下午 org.openqa.selenium.remote.RemoteWebDriver log
信息: Executing: get [d43789d4-b98b-a149-b803-d3e259123046, get {url=http://localhost:6461/common/frameset.html}]
三月 23, 2014 4:21:48 下午 org.openqa.selenium.remote.RemoteWebDriver log
信息: Executed: [d43789d4-b98b-a149-b803-d3e259123046, get {url=http://localhost:6461/common/frameset.html}]
三月 23, 2014 4:21:48 下午 org.openqa.selenium.remote.RemoteWebDriver log
信息: Executing: switchToFrame [d43789d4-b98b-a149-b803-d3e259123046, switchToFrame {id=sixth}]
三月 23, 2014 4:21:48 下午 org.openqa.selenium.remote.RemoteWebDriver log
信息: Executed: [d43789d4-b98b-a149-b803-d3e259123046, switchToFrame {id=sixth}]
三月 23, 2014 4:21:48 下午 org.openqa.selenium.remote.RemoteWebDriver log
信息: Executing: switchToFrame [d43789d4-b98b-a149-b803-d3e259123046, switchToFrame {id=iframe1}]
三月 23, 2014 4:21:48 下午 org.openqa.selenium.remote.RemoteWebDriver log
信息: Executed: [d43789d4-b98b-a149-b803-d3e259123046, switchToFrame {id=iframe1}]
三月 23, 2014 4:21:48 下午 org.openqa.selenium.remote.RemoteWebDriver log
信息: Executing: findElement [d43789d4-b98b-a149-b803-d3e259123046, findElement {using=id, value=submitButton}]
三月 23, 2014 4:21:48 下午 org.openqa.selenium.remote.RemoteWebDriver log
信息: Executed: [d43789d4-b98b-a149-b803-d3e259123046, findElement {using=id, value=submitButton}]
三月 23, 2014 4:21:48 下午 org.openqa.selenium.remote.RemoteWebDriver log
信息: Executing: clickElement [d43789d4-b98b-a149-b803-d3e259123046, clickElement {id={541b856b-1fda-9c41-b3f4-58b9a86f82a3}}]
三月 23, 2014 4:21:48 下午 org.openqa.selenium.remote.RemoteWebDriver log
信息: Executed: [d43789d4-b98b-a149-b803-d3e259123046, clickElement {id={541b856b-1fda-9c41-b3f4-58b9a86f82a3}}]
三月 23, 2014 4:21:48 下午 org.openqa.selenium.remote.RemoteWebDriver log
信息: Executing: findElement [d43789d4-b98b-a149-b803-d3e259123046, findElement {using=id, value=greeting}]
三月 23, 2014 4:21:48 下午 org.openqa.selenium.remote.RemoteWebDriver log
信息: Executed: [d43789d4-b98b-a149-b803-d3e259123046, findElement {using=id, value=greeting}]
三月 23, 2014 4:21:48 下午 org.openqa.selenium.remote.RemoteWebDriver log
信息: Executing: getElementText [d43789d4-b98b-a149-b803-d3e259123046, getElementText {id={b2464a1f-e16c-e84f-b14d-4b01d6bc1105}}]
三月 23, 2014 4:21:48 下午 org.openqa.selenium.remote.RemoteWebDriver log
信息: Executed: [d43789d4-b98b-a149-b803-d3e259123046, getElementText {id={b2464a1f-e16c-e84f-b14d-4b01d6bc1105}}]
三月 23, 2014 4:21:48 下午 org.openqa.selenium.remote.RemoteWebDriver log
信息: Executing: switchToFrame [d43789d4-b98b-a149-b803-d3e259123046, switchToFrame {id=null}]
三月 23, 2014 4:21:48 下午 org.openqa.selenium.remote.RemoteWebDriver log
信息: Executed: [d43789d4-b98b-a149-b803-d3e259123046, switchToFrame {id=null}]
三月 23, 2014 4:21:48 下午 org.openqa.selenium.remote.RemoteWebDriver log
信息: Executing: switchToFrame [d43789d4-b98b-a149-b803-d3e259123046, switchToFrame {id=sixth}]
三月 23, 2014 4:21:48 下午 org.openqa.selenium.remote.RemoteWebDriver log
信息: Executed: [d43789d4-b98b-a149-b803-d3e259123046, switchToFrame {id=sixth}]
三月 23, 2014 4:21:48 下午 org.openqa.selenium.remote.RemoteWebDriver log
信息: Executing: switchToFrame [d43789d4-b98b-a149-b803-d3e259123046, switchToFrame {id=iframe1}]
三月 23, 2014 4:21:48 下午 org.openqa.selenium.remote.RemoteWebDriver log
信息: Executed: [d43789d4-b98b-a149-b803-d3e259123046, switchToFrame {id=iframe1}]
三月 23, 2014 4:21:48 下午 org.openqa.selenium.remote.RemoteWebDriver log
信息: Executing: findElement [d43789d4-b98b-a149-b803-d3e259123046, findElement {using=id, value=greeting}]
三月 23, 2014 4:21:48 下午 org.openqa.selenium.remote.RemoteWebDriver log
信息: Executed: [d43789d4-b98b-a149-b803-d3e259123046, findElement {using=id, value=greeting}]
三月 23, 2014 4:21:48 下午 org.openqa.selenium.remote.RemoteWebDriver log
信息: Executing: getElementText [d43789d4-b98b-a149-b803-d3e259123046, getElementText {id={b2464a1f-e16c-e84f-b14d-4b01d6bc1105}}]
三月 23, 2014 4:21:48 下午 org.openqa.selenium.remote.RemoteWebDriver log
信息: Executed: [d43789d4-b98b-a149-b803-d3e259123046, getElementText {id={b2464a1f-e16c-e84f-b14d-4b01d6bc1105}}]
三月 23, 2014 4:21:48 下午 org.openqa.selenium.remote.RemoteWebDriver log
信息: Executing: switchToFrame [d43789d4-b98b-a149-b803-d3e259123046, switchToFrame {id=null}]
三月 23, 2014 4:21:48 下午 org.openqa.selenium.remote.RemoteWebDriver log
信息: Executed: [d43789d4-b98b-a149-b803-d3e259123046, switchToFrame {id=null}]
三月 23, 2014 4:21:48 下午 org.openqa.selenium.testing.JUnit4TestBase$1 finished
信息: <<< Finished testShouldBeAbleToClickInASubFrame(org.openqa.selenium.FrameSwitchingTest)
三月 23, 2014 4:21:48 下午 org.openqa.selenium.testing.JUnit4TestBase$1 starting
信息: >>> Starting testShouldBeAbleToSwitchToParentFrame(org.openqa.selenium.FrameSwitchingTest)
三月 23, 2014 4:21:48 下午 org.openqa.selenium.remote.RemoteWebDriver log
信息: Executing: get [d43789d4-b98b-a149-b803-d3e259123046, get {url=http://localhost:6461/common/frameset.html}]
三月 23, 2014 4:21:48 下午 org.openqa.selenium.remote.RemoteWebDriver log
信息: Executed: [d43789d4-b98b-a149-b803-d3e259123046, get {url=http://localhost:6461/common/frameset.html}]
三月 23, 2014 4:21:48 下午 org.openqa.selenium.remote.RemoteWebDriver log
信息: Executing: switchToFrame [d43789d4-b98b-a149-b803-d3e259123046, switchToFrame {id=fourth}]
三月 23, 2014 4:21:48 下午 org.openqa.selenium.remote.RemoteWebDriver log
信息: Executed: [d43789d4-b98b-a149-b803-d3e259123046, switchToFrame {id=fourth}]
三月 23, 2014 4:21:48 下午 org.openqa.selenium.remote.RemoteWebDriver log
信息: Executing: switchToParentFrame [d43789d4-b98b-a149-b803-d3e259123046, switchToParentFrame {}]
三月 23, 2014 4:21:48 下午 org.openqa.selenium.remote.RemoteWebDriver log
信息: Executed: [d43789d4-b98b-a149-b803-d3e259123046, switchToParentFrame {}]
三月 23, 2014 4:21:48 下午 org.openqa.selenium.remote.RemoteWebDriver log
信息: Executing: switchToFrame [d43789d4-b98b-a149-b803-d3e259123046, switchToFrame {id=first}]
三月 23, 2014 4:21:48 下午 org.openqa.selenium.remote.RemoteWebDriver log
信息: Executed: [d43789d4-b98b-a149-b803-d3e259123046, switchToFrame {id=first}]
三月 23, 2014 4:21:48 下午 org.openqa.selenium.remote.RemoteWebDriver log
信息: Executing: findElement [d43789d4-b98b-a149-b803-d3e259123046, findElement {using=id, value=pageNumber}]
三月 23, 2014 4:21:48 下午 org.openqa.selenium.remote.RemoteWebDriver log
信息: Executed: [d43789d4-b98b-a149-b803-d3e259123046, findElement {using=id, value=pageNumber}]
三月 23, 2014 4:21:48 下午 org.openqa.selenium.remote.RemoteWebDriver log
信息: Executing: getElementText [d43789d4-b98b-a149-b803-d3e259123046, getElementText {id={43bd9df1-8bae-9c43-b406-3c28ab1e8e47}}]
三月 23, 2014 4:21:48 下午 org.openqa.selenium.remote.RemoteWebDriver log
信息: Executed: [d43789d4-b98b-a149-b803-d3e259123046, getElementText {id={43bd9df1-8bae-9c43-b406-3c28ab1e8e47}}]
三月 23, 2014 4:21:48 下午 org.openqa.selenium.remote.RemoteWebDriver log
信息: Executing: switchToFrame [d43789d4-b98b-a149-b803-d3e259123046, switchToFrame {id=null}]
三月 23, 2014 4:21:48 下午 org.openqa.selenium.remote.RemoteWebDriver log
信息: Executed: [d43789d4-b98b-a149-b803-d3e259123046, switchToFrame {id=null}]
三月 23, 2014 4:21:48 下午 org.openqa.selenium.testing.JUnit4TestBase$1 finished
信息: <<< Finished testShouldBeAbleToSwitchToParentFrame(org.openqa.selenium.FrameSwitchingTest)
三月 23, 2014 4:21:48 下午 org.openqa.selenium.testing.JUnit4TestBase$1 starting
信息: >>> Starting testShouldEnsureElementIsAFrameBeforeSwitching(org.openqa.selenium.FrameSwitchingTest)
三月 23, 2014 4:21:48 下午 org.openqa.selenium.remote.RemoteWebDriver log
信息: Executing: get [d43789d4-b98b-a149-b803-d3e259123046, get {url=http://localhost:6461/common/frameset.html}]
三月 23, 2014 4:21:49 下午 org.openqa.selenium.remote.RemoteWebDriver log
信息: Executed: [d43789d4-b98b-a149-b803-d3e259123046, get {url=http://localhost:6461/common/frameset.html}]
三月 23, 2014 4:21:49 下午 org.openqa.selenium.remote.RemoteWebDriver log
信息: Executing: findElement [d43789d4-b98b-a149-b803-d3e259123046, findElement {using=tag name, value=frameset}]
三月 23, 2014 4:21:49 下午 org.openqa.selenium.remote.RemoteWebDriver log
信息: Executed: [d43789d4-b98b-a149-b803-d3e259123046, findElement {using=tag name, value=frameset}]
三月 23, 2014 4:21:49 下午 org.openqa.selenium.remote.RemoteWebDriver log
信息: Executing: switchToFrame [d43789d4-b98b-a149-b803-d3e259123046, switchToFrame {id={ELEMENT={6af6c9b1-cd88-7544-9129-9b23bbfe0b98}}}]
三月 23, 2014 4:21:49 下午 org.openqa.selenium.remote.RemoteWebDriver log
信息: Executed: [d43789d4-b98b-a149-b803-d3e259123046, switchToFrame {id={ELEMENT={6af6c9b1-cd88-7544-9129-9b23bbfe0b98}}}]
三月 23, 2014 4:21:49 下午 org.openqa.selenium.remote.RemoteWebDriver log
信息: Executing: switchToFrame [d43789d4-b98b-a149-b803-d3e259123046, switchToFrame {id=null}]
三月 23, 2014 4:21:49 下午 org.openqa.selenium.remote.RemoteWebDriver log
信息: Executed: [d43789d4-b98b-a149-b803-d3e259123046, switchToFrame {id=null}]
三月 23, 2014 4:21:49 下午 org.openqa.selenium.testing.JUnit4TestBase$1 finished
信息: <<< Finished testShouldEnsureElementIsAFrameBeforeSwitching(org.openqa.selenium.FrameSwitchingTest)
三月 23, 2014 4:21:49 下午 org.openqa.selenium.testing.JUnit4TestBase$1 starting
信息: >>> Starting testShouldBeAbleToSwitchToAFrameByItsIndex(org.openqa.selenium.FrameSwitchingTest)
三月 23, 2014 4:21:49 下午 org.openqa.selenium.remote.RemoteWebDriver log
信息: Executing: get [d43789d4-b98b-a149-b803-d3e259123046, get {url=http://localhost:6461/common/frameset.html}]
三月 23, 2014 4:21:50 下午 org.openqa.selenium.remote.RemoteWebDriver log
信息: Executed: [d43789d4-b98b-a149-b803-d3e259123046, get {url=http://localhost:6461/common/frameset.html}]
三月 23, 2014 4:21:50 下午 org.openqa.selenium.remote.RemoteWebDriver log
信息: Executing: switchToFrame [d43789d4-b98b-a149-b803-d3e259123046, switchToFrame {id=1}]
三月 23, 2014 4:21:50 下午 org.openqa.selenium.remote.RemoteWebDriver log
信息: Executed: [d43789d4-b98b-a149-b803-d3e259123046, switchToFrame {id=1}]
三月 23, 2014 4:21:50 下午 org.openqa.selenium.remote.RemoteWebDriver log
信息: Executing: findElement [d43789d4-b98b-a149-b803-d3e259123046, findElement {using=id, value=pageNumber}]
三月 23, 2014 4:21:50 下午 org.openqa.selenium.remote.RemoteWebDriver log
信息: Executed: [d43789d4-b98b-a149-b803-d3e259123046, findElement {using=id, value=pageNumber}]
三月 23, 2014 4:21:50 下午 org.openqa.selenium.remote.RemoteWebDriver log
信息: Executing: getElementText [d43789d4-b98b-a149-b803-d3e259123046, getElementText {id={5bba67b4-58bb-9844-a54b-6a66acd9e63f}}]
三月 23, 2014 4:21:50 下午 org.openqa.selenium.remote.RemoteWebDriver log
信息: Executed: [d43789d4-b98b-a149-b803-d3e259123046, getElementText {id={5bba67b4-58bb-9844-a54b-6a66acd9e63f}}]
三月 23, 2014 4:21:50 下午 org.openqa.selenium.remote.RemoteWebDriver log
信息: Executing: switchToFrame [d43789d4-b98b-a149-b803-d3e259123046, switchToFrame {id=null}]
三月 23, 2014 4:21:50 下午 org.openqa.selenium.remote.RemoteWebDriver log
信息: Executed: [d43789d4-b98b-a149-b803-d3e259123046, switchToFrame {id=null}]
三月 23, 2014 4:21:50 下午 org.openqa.selenium.testing.JUnit4TestBase$1 finished
信息: <<< Finished testShouldBeAbleToSwitchToAFrameByItsIndex(org.openqa.selenium.FrameSwitchingTest)
三月 23, 2014 4:21:50 下午 org.openqa.selenium.testing.JUnit4TestBase$1 starting
信息: >>> Starting testShouldNotAutomaticallySwitchFocusToAnIFrameWhenAPageContainingThemIsLoaded(org.openqa.selenium.FrameSwitchingTest)
三月 23, 2014 4:21:50 下午 org.openqa.selenium.remote.RemoteWebDriver log
信息: Executing: get [d43789d4-b98b-a149-b803-d3e259123046, get {url=http://localhost:6461/common/iframes.html}]
三月 23, 2014 4:21:50 下午 org.openqa.selenium.remote.RemoteWebDriver log
信息: Executed: [d43789d4-b98b-a149-b803-d3e259123046, get {url=http://localhost:6461/common/iframes.html}]
三月 23, 2014 4:21:50 下午 org.openqa.selenium.remote.RemoteWebDriver log
信息: Executing: findElement [d43789d4-b98b-a149-b803-d3e259123046, findElement {using=id, value=iframe_page_heading}]
三月 23, 2014 4:21:50 下午 org.openqa.selenium.remote.RemoteWebDriver log
信息: Executed: [d43789d4-b98b-a149-b803-d3e259123046, findElement {using=id, value=iframe_page_heading}]
三月 23, 2014 4:21:50 下午 org.openqa.selenium.remote.RemoteWebDriver log
信息: Executing: switchToFrame [d43789d4-b98b-a149-b803-d3e259123046, switchToFrame {id=null}]
三月 23, 2014 4:21:50 下午 org.openqa.selenium.remote.RemoteWebDriver log
信息: Executed: [d43789d4-b98b-a149-b803-d3e259123046, switchToFrame {id=null}]
三月 23, 2014 4:21:50 下午 org.openqa.selenium.testing.JUnit4TestBase$1 finished
信息: <<< Finished testShouldNotAutomaticallySwitchFocusToAnIFrameWhenAPageContainingThemIsLoaded(org.openqa.selenium.FrameSwitchingTest)
三月 23, 2014 4:21:50 下午 org.openqa.selenium.testing.JUnit4TestBase$1 starting
信息: >>> Starting testShouldBeAbleToSwitchToAFrameByItsID(org.openqa.selenium.FrameSwitchingTest)
三月 23, 2014 4:21:50 下午 org.openqa.selenium.remote.RemoteWebDriver log
信息: Executing: get [d43789d4-b98b-a149-b803-d3e259123046, get {url=http://localhost:6461/common/frameset.html}]
三月 23, 2014 4:21:50 下午 org.openqa.selenium.remote.RemoteWebDriver log
信息: Executed: [d43789d4-b98b-a149-b803-d3e259123046, get {url=http://localhost:6461/common/frameset.html}]
三月 23, 2014 4:21:50 下午 org.openqa.selenium.remote.RemoteWebDriver log
信息: Executing: switchToFrame [d43789d4-b98b-a149-b803-d3e259123046, switchToFrame {id=fifth}]
三月 23, 2014 4:21:50 下午 org.openqa.selenium.remote.RemoteWebDriver log
信息: Executed: [d43789d4-b98b-a149-b803-d3e259123046, switchToFrame {id=fifth}]
三月 23, 2014 4:21:50 下午 org.openqa.selenium.remote.RemoteWebDriver log
信息: Executing: findElement [d43789d4-b98b-a149-b803-d3e259123046, findElement {using=name, value=windowOne}]
三月 23, 2014 4:21:50 下午 org.openqa.selenium.remote.RemoteWebDriver log
信息: Executed: [d43789d4-b98b-a149-b803-d3e259123046, findElement {using=name, value=windowOne}]
三月 23, 2014 4:21:50 下午 org.openqa.selenium.remote.RemoteWebDriver log
信息: Executing: getElementText [d43789d4-b98b-a149-b803-d3e259123046, getElementText {id={ecd4003b-4b76-3542-b727-7c553be3a637}}]
三月 23, 2014 4:21:50 下午 org.openqa.selenium.remote.RemoteWebDriver log
信息: Executed: [d43789d4-b98b-a149-b803-d3e259123046, getElementText {id={ecd4003b-4b76-3542-b727-7c553be3a637}}]
三月 23, 2014 4:21:50 下午 org.openqa.selenium.remote.RemoteWebDriver log
信息: Executing: switchToFrame [d43789d4-b98b-a149-b803-d3e259123046, switchToFrame {id=null}]
三月 23, 2014 4:21:50 下午 org.openqa.selenium.remote.RemoteWebDriver log
信息: Executed: [d43789d4-b98b-a149-b803-d3e259123046, switchToFrame {id=null}]
三月 23, 2014 4:21:50 下午 org.openqa.selenium.testing.JUnit4TestBase$1 finished
信息: <<< Finished testShouldBeAbleToSwitchToAFrameByItsID(org.openqa.selenium.FrameSwitchingTest)
三月 23, 2014 4:21:50 下午 org.openqa.selenium.testing.JUnit4TestBase$1 starting
信息: >>> Starting testShouldNotSwitchMagicallyToTheTopWindow(org.openqa.selenium.FrameSwitchingTest)
三月 23, 2014 4:21:50 下午 org.openqa.selenium.remote.RemoteWebDriver log
信息: Executing: get [d43789d4-b98b-a149-b803-d3e259123046, get {url=http://localhost:6461/common/frame_switching_tests/bug4876.html}]
三月 23, 2014 4:21:51 下午 org.openqa.selenium.remote.RemoteWebDriver log
信息: Executed: [d43789d4-b98b-a149-b803-d3e259123046, get {url=http://localhost:6461/common/frame_switching_tests/bug4876.html}]
三月 23, 2014 4:21:51 下午 org.openqa.selenium.remote.RemoteWebDriver log
信息: Executing: switchToFrame [d43789d4-b98b-a149-b803-d3e259123046, switchToFrame {id=0}]
三月 23, 2014 4:21:51 下午 org.openqa.selenium.remote.RemoteWebDriver log
信息: Executed: [d43789d4-b98b-a149-b803-d3e259123046, switchToFrame {id=0}]
三月 23, 2014 4:21:51 下午 org.openqa.selenium.remote.RemoteWebDriver log
信息: Executing: findElement [d43789d4-b98b-a149-b803-d3e259123046, findElement {using=id, value=inputText}]
三月 23, 2014 4:21:51 下午 org.openqa.selenium.remote.RemoteWebDriver log
信息: Executed: [d43789d4-b98b-a149-b803-d3e259123046, findElement {using=id, value=inputText}]
三月 23, 2014 4:21:51 下午 org.openqa.selenium.remote.RemoteWebDriver log
信息: Executing: findElement [d43789d4-b98b-a149-b803-d3e259123046, findElement {using=id, value=inputText}]
三月 23, 2014 4:21:51 下午 org.openqa.selenium.remote.RemoteWebDriver log
信息: Executed: [d43789d4-b98b-a149-b803-d3e259123046, findElement {using=id, value=inputText}]
三月 23, 2014 4:21:51 下午 org.openqa.selenium.remote.RemoteWebDriver log
信息: Executing: findElement [d43789d4-b98b-a149-b803-d3e259123046, findElement {using=id, value=submitButton}]
三月 23, 2014 4:21:51 下午 org.openqa.selenium.remote.RemoteWebDriver log
信息: Executed: [d43789d4-b98b-a149-b803-d3e259123046, findElement {using=id, value=submitButton}]
三月 23, 2014 4:21:51 下午 org.openqa.selenium.remote.RemoteWebDriver log
信息: Executing: clearElement [d43789d4-b98b-a149-b803-d3e259123046, clearElement {id={8482ed03-b462-d047-b5c9-ca8dbb1ed90b}}]
三月 23, 2014 4:21:51 下午 org.openqa.selenium.remote.RemoteWebDriver log
信息: Executed: [d43789d4-b98b-a149-b803-d3e259123046, clearElement {id={8482ed03-b462-d047-b5c9-ca8dbb1ed90b}}]
三月 23, 2014 4:21:51 下午 org.openqa.selenium.remote.RemoteWebDriver log
信息: Executing: sendKeysToElement [d43789d4-b98b-a149-b803-d3e259123046, sendKeysToElement {id={8482ed03-b462-d047-b5c9-ca8dbb1ed90b}, value=[Ljava.lang.CharSequence;@330f400e}]
三月 23, 2014 4:21:51 下午 org.openqa.selenium.remote.RemoteWebDriver log
信息: Executed: [d43789d4-b98b-a149-b803-d3e259123046, sendKeysToElement {id={8482ed03-b462-d047-b5c9-ca8dbb1ed90b}, value=[Ljava.lang.CharSequence;@330f400e}]
三月 23, 2014 4:21:51 下午 org.openqa.selenium.remote.RemoteWebDriver log
信息: Executing: clickElement [d43789d4-b98b-a149-b803-d3e259123046, clickElement {id={5645bf42-64cb-7943-a92f-e0ba6ad43991}}]
三月 23, 2014 4:21:51 下午 org.openqa.selenium.remote.RemoteWebDriver log
信息: Executed: [d43789d4-b98b-a149-b803-d3e259123046, clickElement {id={5645bf42-64cb-7943-a92f-e0ba6ad43991}}]
三月 23, 2014 4:21:51 下午 org.openqa.selenium.remote.RemoteWebDriver log
信息: Executing: getCurrentUrl [d43789d4-b98b-a149-b803-d3e259123046, getCurrentUrl {}]
三月 23, 2014 4:21:51 下午 org.openqa.selenium.remote.RemoteWebDriver log
信息: Executed: [d43789d4-b98b-a149-b803-d3e259123046, getCurrentUrl {}]
三月 23, 2014 4:21:51 下午 org.openqa.selenium.remote.RemoteWebDriver log
信息: Executing: findElement [d43789d4-b98b-a149-b803-d3e259123046, findElement {using=id, value=inputText}]
三月 23, 2014 4:21:51 下午 org.openqa.selenium.remote.RemoteWebDriver log
信息: Executed: [d43789d4-b98b-a149-b803-d3e259123046, findElement {using=id, value=inputText}]
三月 23, 2014 4:21:51 下午 org.openqa.selenium.remote.RemoteWebDriver log
信息: Executing: findElement [d43789d4-b98b-a149-b803-d3e259123046, findElement {using=id, value=submitButton}]
三月 23, 2014 4:21:51 下午 org.openqa.selenium.remote.RemoteWebDriver log
信息: Executed: [d43789d4-b98b-a149-b803-d3e259123046, findElement {using=id, value=submitButton}]
三月 23, 2014 4:21:51 下午 org.openqa.selenium.remote.RemoteWebDriver log
信息: Executing: clearElement [d43789d4-b98b-a149-b803-d3e259123046, clearElement {id={6998c2f1-3b46-b54c-b3f1-c840843dbe0b}}]
三月 23, 2014 4:21:51 下午 org.openqa.selenium.remote.RemoteWebDriver log
信息: Executed: [d43789d4-b98b-a149-b803-d3e259123046, clearElement {id={6998c2f1-3b46-b54c-b3f1-c840843dbe0b}}]
三月 23, 2014 4:21:51 下午 org.openqa.selenium.remote.RemoteWebDriver log
信息: Executing: sendKeysToElement [d43789d4-b98b-a149-b803-d3e259123046, sendKeysToElement {id={6998c2f1-3b46-b54c-b3f1-c840843dbe0b}, value=[Ljava.lang.CharSequence;@2112be64}]
三月 23, 2014 4:21:51 下午 org.openqa.selenium.remote.RemoteWebDriver log
信息: Executed: [d43789d4-b98b-a149-b803-d3e259123046, sendKeysToElement {id={6998c2f1-3b46-b54c-b3f1-c840843dbe0b}, value=[Ljava.lang.CharSequence;@2112be64}]
三月 23, 2014 4:21:51 下午 org.openqa.selenium.remote.RemoteWebDriver log
信息: Executing: clickElement [d43789d4-b98b-a149-b803-d3e259123046, clickElement {id={95fc82bb-6b4f-3d4e-a180-96ca49832fe6}}]
三月 23, 2014 4:21:51 下午 org.openqa.selenium.remote.RemoteWebDriver log
信息: Executed: [d43789d4-b98b-a149-b803-d3e259123046, clickElement {id={95fc82bb-6b4f-3d4e-a180-96ca49832fe6}}]
三月 23, 2014 4:21:51 下午 org.openqa.selenium.remote.RemoteWebDriver log
信息: Executing: getCurrentUrl [d43789d4-b98b-a149-b803-d3e259123046, getCurrentUrl {}]
三月 23, 2014 4:21:51 下午 org.openqa.selenium.remote.RemoteWebDriver log
信息: Executed: [d43789d4-b98b-a149-b803-d3e259123046, getCurrentUrl {}]
三月 23, 2014 4:21:51 下午 org.openqa.selenium.remote.RemoteWebDriver log
信息: Executing: findElement [d43789d4-b98b-a149-b803-d3e259123046, findElement {using=id, value=inputText}]
三月 23, 2014 4:21:51 下午 org.openqa.selenium.remote.RemoteWebDriver log
信息: Executed: [d43789d4-b98b-a149-b803-d3e259123046, findElement {using=id, value=inputText}]
三月 23, 2014 4:21:51 下午 org.openqa.selenium.remote.RemoteWebDriver log
信息: Executing: findElement [d43789d4-b98b-a149-b803-d3e259123046, findElement {using=id, value=submitButton}]
三月 23, 2014 4:21:51 下午 org.openqa.selenium.remote.RemoteWebDriver log
信息: Executed: [d43789d4-b98b-a149-b803-d3e259123046, findElement {using=id, value=submitButton}]
三月 23, 2014 4:21:51 下午 org.openqa.selenium.remote.RemoteWebDriver log
信息: Executing: clearElement [d43789d4-b98b-a149-b803-d3e259123046, clearElement {id={b859cd5b-cc23-d642-96b7-04c83574bd6a}}]
三月 23, 2014 4:21:51 下午 org.openqa.selenium.remote.RemoteWebDriver log
信息: Executed: [d43789d4-b98b-a149-b803-d3e259123046, clearElement {id={b859cd5b-cc23-d642-96b7-04c83574bd6a}}]
三月 23, 2014 4:21:51 下午 org.openqa.selenium.remote.RemoteWebDriver log
信息: Executing: sendKeysToElement [d43789d4-b98b-a149-b803-d3e259123046, sendKeysToElement {id={b859cd5b-cc23-d642-96b7-04c83574bd6a}, value=[Ljava.lang.CharSequence;@5eee6cf0}]
三月 23, 2014 4:21:51 下午 org.openqa.selenium.remote.RemoteWebDriver log
信息: Executed: [d43789d4-b98b-a149-b803-d3e259123046, sendKeysToElement {id={b859cd5b-cc23-d642-96b7-04c83574bd6a}, value=[Ljava.lang.CharSequence;@5eee6cf0}]
三月 23, 2014 4:21:51 下午 org.openqa.selenium.remote.RemoteWebDriver log
信息: Executing: clickElement [d43789d4-b98b-a149-b803-d3e259123046, clickElement {id={fdba543d-95c7-4b43-8e79-032c69083b6d}}]
三月 23, 2014 4:21:51 下午 org.openqa.selenium.remote.RemoteWebDriver log
信息: Executed: [d43789d4-b98b-a149-b803-d3e259123046, clickElement {id={fdba543d-95c7-4b43-8e79-032c69083b6d}}]
三月 23, 2014 4:21:51 下午 org.openqa.selenium.remote.RemoteWebDriver log
信息: Executing: getCurrentUrl [d43789d4-b98b-a149-b803-d3e259123046, getCurrentUrl {}]
三月 23, 2014 4:21:51 下午 org.openqa.selenium.remote.RemoteWebDriver log
信息: Executed: [d43789d4-b98b-a149-b803-d3e259123046, getCurrentUrl {}]
三月 23, 2014 4:21:51 下午 org.openqa.selenium.remote.RemoteWebDriver log
信息: Executing: findElement [d43789d4-b98b-a149-b803-d3e259123046, findElement {using=id, value=inputText}]
三月 23, 2014 4:21:51 下午 org.openqa.selenium.remote.RemoteWebDriver log
信息: Executed: [d43789d4-b98b-a149-b803-d3e259123046, findElement {using=id, value=inputText}]
三月 23, 2014 4:21:51 下午 org.openqa.selenium.remote.RemoteWebDriver log
信息: Executing: findElement [d43789d4-b98b-a149-b803-d3e259123046, findElement {using=id, value=submitButton}]
三月 23, 2014 4:21:51 下午 org.openqa.selenium.remote.RemoteWebDriver log
信息: Executed: [d43789d4-b98b-a149-b803-d3e259123046, findElement {using=id, value=submitButton}]
三月 23, 2014 4:21:51 下午 org.openqa.selenium.remote.RemoteWebDriver log
信息: Executing: clearElement [d43789d4-b98b-a149-b803-d3e259123046, clearElement {id={af8e0e9f-d019-d745-977e-3e032db9156e}}]
三月 23, 2014 4:21:51 下午 org.openqa.selenium.remote.RemoteWebDriver log
信息: Executed: [d43789d4-b98b-a149-b803-d3e259123046, clearElement {id={af8e0e9f-d019-d745-977e-3e032db9156e}}]
三月 23, 2014 4:21:51 下午 org.openqa.selenium.remote.RemoteWebDriver log
信息: Executing: sendKeysToElement [d43789d4-b98b-a149-b803-d3e259123046, sendKeysToElement {id={af8e0e9f-d019-d745-977e-3e032db9156e}, value=[Ljava.lang.CharSequence;@1ec056dc}]
三月 23, 2014 4:21:51 下午 org.openqa.selenium.remote.RemoteWebDriver log
信息: Executed: [d43789d4-b98b-a149-b803-d3e259123046, sendKeysToElement {id={af8e0e9f-d019-d745-977e-3e032db9156e}, value=[Ljava.lang.CharSequence;@1ec056dc}]
三月 23, 2014 4:21:51 下午 org.openqa.selenium.remote.RemoteWebDriver log
信息: Executing: clickElement [d43789d4-b98b-a149-b803-d3e259123046, clickElement {id={95de6b9e-f674-ad4c-b408-3f84215ee2bf}}]
三月 23, 2014 4:21:51 下午 org.openqa.selenium.remote.RemoteWebDriver log
信息: Executed: [d43789d4-b98b-a149-b803-d3e259123046, clickElement {id={95de6b9e-f674-ad4c-b408-3f84215ee2bf}}]
三月 23, 2014 4:21:51 下午 org.openqa.selenium.remote.RemoteWebDriver log
信息: Executing: getCurrentUrl [d43789d4-b98b-a149-b803-d3e259123046, getCurrentUrl {}]
三月 23, 2014 4:21:51 下午 org.openqa.selenium.remote.RemoteWebDriver log
信息: Executed: [d43789d4-b98b-a149-b803-d3e259123046, getCurrentUrl {}]
三月 23, 2014 4:21:51 下午 org.openqa.selenium.remote.RemoteWebDriver log
信息: Executing: findElement [d43789d4-b98b-a149-b803-d3e259123046, findElement {using=id, value=inputText}]
三月 23, 2014 4:21:51 下午 org.openqa.selenium.remote.RemoteWebDriver log
信息: Executed: [d43789d4-b98b-a149-b803-d3e259123046, findElement {using=id, value=inputText}]
三月 23, 2014 4:21:51 下午 org.openqa.selenium.remote.RemoteWebDriver log
信息: Executing: findElement [d43789d4-b98b-a149-b803-d3e259123046, findElement {using=id, value=submitButton}]
三月 23, 2014 4:21:51 下午 org.openqa.selenium.remote.RemoteWebDriver log
信息: Executed: [d43789d4-b98b-a149-b803-d3e259123046, findElement {using=id, value=submitButton}]
三月 23, 2014 4:21:51 下午 org.openqa.selenium.remote.RemoteWebDriver log
信息: Executing: clearElement [d43789d4-b98b-a149-b803-d3e259123046, clearElement {id={819705aa-6518-fd4c-a631-a4927e725d33}}]
三月 23, 2014 4:21:51 下午 org.openqa.selenium.remote.RemoteWebDriver log
信息: Executed: [d43789d4-b98b-a149-b803-d3e259123046, clearElement {id={819705aa-6518-fd4c-a631-a4927e725d33}}]
三月 23, 2014 4:21:51 下午 org.openqa.selenium.remote.RemoteWebDriver log
信息: Executing: sendKeysToElement [d43789d4-b98b-a149-b803-d3e259123046, sendKeysToElement {id={819705aa-6518-fd4c-a631-a4927e725d33}, value=[Ljava.lang.CharSequence;@7e35ab86}]
三月 23, 2014 4:21:51 下午 org.openqa.selenium.remote.RemoteWebDriver log
信息: Executed: [d43789d4-b98b-a149-b803-d3e259123046, sendKeysToElement {id={819705aa-6518-fd4c-a631-a4927e725d33}, value=[Ljava.lang.CharSequence;@7e35ab86}]
三月 23, 2014 4:21:51 下午 org.openqa.selenium.remote.RemoteWebDriver log
信息: Executing: clickElement [d43789d4-b98b-a149-b803-d3e259123046, clickElement {id={7c27d457-890c-2643-a898-1ebdc3e3398b}}]
三月 23, 2014 4:21:51 下午 org.openqa.selenium.remote.RemoteWebDriver log
信息: Executed: [d43789d4-b98b-a149-b803-d3e259123046, clickElement {id={7c27d457-890c-2643-a898-1ebdc3e3398b}}]
三月 23, 2014 4:21:51 下午 org.openqa.selenium.remote.RemoteWebDriver log
信息: Executing: getCurrentUrl [d43789d4-b98b-a149-b803-d3e259123046, getCurrentUrl {}]
三月 23, 2014 4:21:51 下午 org.openqa.selenium.remote.RemoteWebDriver log
信息: Executed: [d43789d4-b98b-a149-b803-d3e259123046, getCurrentUrl {}]
三月 23, 2014 4:21:51 下午 org.openqa.selenium.remote.RemoteWebDriver log
信息: Executing: findElement [d43789d4-b98b-a149-b803-d3e259123046, findElement {using=id, value=inputText}]
三月 23, 2014 4:21:51 下午 org.openqa.selenium.remote.RemoteWebDriver log
信息: Executed: [d43789d4-b98b-a149-b803-d3e259123046, findElement {using=id, value=inputText}]
三月 23, 2014 4:21:51 下午 org.openqa.selenium.remote.RemoteWebDriver log
信息: Executing: findElement [d43789d4-b98b-a149-b803-d3e259123046, findElement {using=id, value=submitButton}]
三月 23, 2014 4:21:51 下午 org.openqa.selenium.remote.RemoteWebDriver log
信息: Executed: [d43789d4-b98b-a149-b803-d3e259123046, findElement {using=id, value=submitButton}]
三月 23, 2014 4:21:51 下午 org.openqa.selenium.remote.RemoteWebDriver log
信息: Executing: clearElement [d43789d4-b98b-a149-b803-d3e259123046, clearElement {id={b53b074c-f21c-6d4d-8daf-425eb392fc13}}]
三月 23, 2014 4:21:51 下午 org.openqa.selenium.remote.RemoteWebDriver log
信息: Executed: [d43789d4-b98b-a149-b803-d3e259123046, clearElement {id={b53b074c-f21c-6d4d-8daf-425eb392fc13}}]
三月 23, 2014 4:21:51 下午 org.openqa.selenium.remote.RemoteWebDriver log
信息: Executing: sendKeysToElement [d43789d4-b98b-a149-b803-d3e259123046, sendKeysToElement {id={b53b074c-f21c-6d4d-8daf-425eb392fc13}, value=[Ljava.lang.CharSequence;@45fb0c0b}]
三月 23, 2014 4:21:51 下午 org.openqa.selenium.remote.RemoteWebDriver log
信息: Executed: [d43789d4-b98b-a149-b803-d3e259123046, sendKeysToElement {id={b53b074c-f21c-6d4d-8daf-425eb392fc13}, value=[Ljava.lang.CharSequence;@45fb0c0b}]
三月 23, 2014 4:21:51 下午 org.openqa.selenium.remote.RemoteWebDriver log
信息: Executing: clickElement [d43789d4-b98b-a149-b803-d3e259123046, clickElement {id={af055828-ee41-f149-a00e-4ef5fe0cfc58}}]
三月 23, 2014 4:21:51 下午 org.openqa.selenium.remote.RemoteWebDriver log
信息: Executed: [d43789d4-b98b-a149-b803-d3e259123046, clickElement {id={af055828-ee41-f149-a00e-4ef5fe0cfc58}}]
三月 23, 2014 4:21:51 下午 org.openqa.selenium.remote.RemoteWebDriver log
信息: Executing: getCurrentUrl [d43789d4-b98b-a149-b803-d3e259123046, getCurrentUrl {}]
三月 23, 2014 4:21:51 下午 org.openqa.selenium.remote.RemoteWebDriver log
信息: Executed: [d43789d4-b98b-a149-b803-d3e259123046, getCurrentUrl {}]
三月 23, 2014 4:21:51 下午 org.openqa.selenium.remote.RemoteWebDriver log
信息: Executing: findElement [d43789d4-b98b-a149-b803-d3e259123046, findElement {using=id, value=inputText}]
三月 23, 2014 4:21:51 下午 org.openqa.selenium.remote.RemoteWebDriver log
信息: Executed: [d43789d4-b98b-a149-b803-d3e259123046, findElement {using=id, value=inputText}]
三月 23, 2014 4:21:51 下午 org.openqa.selenium.remote.RemoteWebDriver log
信息: Executing: findElement [d43789d4-b98b-a149-b803-d3e259123046, findElement {using=id, value=submitButton}]
三月 23, 2014 4:21:51 下午 org.openqa.selenium.remote.RemoteWebDriver log
信息: Executed: [d43789d4-b98b-a149-b803-d3e259123046, findElement {using=id, value=submitButton}]
三月 23, 2014 4:21:51 下午 org.openqa.selenium.remote.RemoteWebDriver log
信息: Executing: clearElement [d43789d4-b98b-a149-b803-d3e259123046, clearElement {id={9e3c9337-21d6-f243-bdb7-5ae0711c6a42}}]
三月 23, 2014 4:21:51 下午 org.openqa.selenium.remote.RemoteWebDriver log
信息: Executed: [d43789d4-b98b-a149-b803-d3e259123046, clearElement {id={9e3c9337-21d6-f243-bdb7-5ae0711c6a42}}]
三月 23, 2014 4:21:51 下午 org.openqa.selenium.remote.RemoteWebDriver log
信息: Executing: sendKeysToElement [d43789d4-b98b-a149-b803-d3e259123046, sendKeysToElement {id={9e3c9337-21d6-f243-bdb7-5ae0711c6a42}, value=[Ljava.lang.CharSequence;@4e0211bf}]
三月 23, 2014 4:21:51 下午 org.openqa.selenium.remote.RemoteWebDriver log
信息: Executed: [d43789d4-b98b-a149-b803-d3e259123046, sendKeysToElement {id={9e3c9337-21d6-f243-bdb7-5ae0711c6a42}, value=[Ljava.lang.CharSequence;@4e0211bf}]
三月 23, 2014 4:21:51 下午 org.openqa.selenium.remote.RemoteWebDriver log
信息: Executing: clickElement [d43789d4-b98b-a149-b803-d3e259123046, clickElement {id={1e50ff57-d47e-7f4e-b94e-2a66c0980e43}}]
三月 23, 2014 4:21:51 下午 org.openqa.selenium.remote.RemoteWebDriver log
信息: Executed: [d43789d4-b98b-a149-b803-d3e259123046, clickElement {id={1e50ff57-d47e-7f4e-b94e-2a66c0980e43}}]
三月 23, 2014 4:21:51 下午 org.openqa.selenium.remote.RemoteWebDriver log
信息: Executing: getCurrentUrl [d43789d4-b98b-a149-b803-d3e259123046, getCurrentUrl {}]
三月 23, 2014 4:21:51 下午 org.openqa.selenium.remote.RemoteWebDriver log
信息: Executed: [d43789d4-b98b-a149-b803-d3e259123046, getCurrentUrl {}]
三月 23, 2014 4:21:51 下午 org.openqa.selenium.remote.RemoteWebDriver log
信息: Executing: findElement [d43789d4-b98b-a149-b803-d3e259123046, findElement {using=id, value=inputText}]
三月 23, 2014 4:21:51 下午 org.openqa.selenium.remote.RemoteWebDriver log
信息: Executed: [d43789d4-b98b-a149-b803-d3e259123046, findElement {using=id, value=inputText}]
三月 23, 2014 4:21:51 下午 org.openqa.selenium.remote.RemoteWebDriver log
信息: Executing: findElement [d43789d4-b98b-a149-b803-d3e259123046, findElement {using=id, value=submitButton}]
三月 23, 2014 4:21:51 下午 org.openqa.selenium.remote.RemoteWebDriver log
信息: Executed: [d43789d4-b98b-a149-b803-d3e259123046, findElement {using=id, value=submitButton}]
三月 23, 2014 4:21:51 下午 org.openqa.selenium.remote.RemoteWebDriver log
信息: Executing: clearElement [d43789d4-b98b-a149-b803-d3e259123046, clearElement {id={0bf44367-aff4-0e4e-a367-83a7bb368925}}]
三月 23, 2014 4:21:51 下午 org.openqa.selenium.remote.RemoteWebDriver log
信息: Executed: [d43789d4-b98b-a149-b803-d3e259123046, clearElement {id={0bf44367-aff4-0e4e-a367-83a7bb368925}}]
三月 23, 2014 4:21:51 下午 org.openqa.selenium.remote.RemoteWebDriver log
信息: Executing: sendKeysToElement [d43789d4-b98b-a149-b803-d3e259123046, sendKeysToElement {id={0bf44367-aff4-0e4e-a367-83a7bb368925}, value=[Ljava.lang.CharSequence;@4dfd671f}]
三月 23, 2014 4:21:52 下午 org.openqa.selenium.remote.RemoteWebDriver log
信息: Executed: [d43789d4-b98b-a149-b803-d3e259123046, sendKeysToElement {id={0bf44367-aff4-0e4e-a367-83a7bb368925}, value=[Ljava.lang.CharSequence;@4dfd671f}]
三月 23, 2014 4:21:52 下午 org.openqa.selenium.remote.RemoteWebDriver log
信息: Executing: clickElement [d43789d4-b98b-a149-b803-d3e259123046, clickElement {id={95461eaa-0c5f-7748-be91-3329e3a16767}}]
三月 23, 2014 4:21:52 下午 org.openqa.selenium.remote.RemoteWebDriver log
信息: Executed: [d43789d4-b98b-a149-b803-d3e259123046, clickElement {id={95461eaa-0c5f-7748-be91-3329e3a16767}}]
三月 23, 2014 4:21:52 下午 org.openqa.selenium.remote.RemoteWebDriver log
信息: Executing: getCurrentUrl [d43789d4-b98b-a149-b803-d3e259123046, getCurrentUrl {}]
三月 23, 2014 4:21:52 下午 org.openqa.selenium.remote.RemoteWebDriver log
信息: Executed: [d43789d4-b98b-a149-b803-d3e259123046, getCurrentUrl {}]
三月 23, 2014 4:21:52 下午 org.openqa.selenium.remote.RemoteWebDriver log
信息: Executing: findElement [d43789d4-b98b-a149-b803-d3e259123046, findElement {using=id, value=inputText}]
三月 23, 2014 4:21:52 下午 org.openqa.selenium.remote.RemoteWebDriver log
信息: Executed: [d43789d4-b98b-a149-b803-d3e259123046, findElement {using=id, value=inputText}]
三月 23, 2014 4:21:52 下午 org.openqa.selenium.remote.RemoteWebDriver log
信息: Executing: findElement [d43789d4-b98b-a149-b803-d3e259123046, findElement {using=id, value=submitButton}]
三月 23, 2014 4:21:52 下午 org.openqa.selenium.remote.RemoteWebDriver log
信息: Executed: [d43789d4-b98b-a149-b803-d3e259123046, findElement {using=id, value=submitButton}]
三月 23, 2014 4:21:52 下午 org.openqa.selenium.remote.RemoteWebDriver log
信息: Executing: clearElement [d43789d4-b98b-a149-b803-d3e259123046, clearElement {id={f5778c6f-c09d-e048-8bfe-21fb917428ec}}]
三月 23, 2014 4:21:52 下午 org.openqa.selenium.remote.RemoteWebDriver log
信息: Executed: [d43789d4-b98b-a149-b803-d3e259123046, clearElement {id={f5778c6f-c09d-e048-8bfe-21fb917428ec}}]
三月 23, 2014 4:21:52 下午 org.openqa.selenium.remote.RemoteWebDriver log
信息: Executing: sendKeysToElement [d43789d4-b98b-a149-b803-d3e259123046, sendKeysToElement {id={f5778c6f-c09d-e048-8bfe-21fb917428ec}, value=[Ljava.lang.CharSequence;@1e4877ec}]
三月 23, 2014 4:21:52 下午 org.openqa.selenium.remote.RemoteWebDriver log
信息: Executed: [d43789d4-b98b-a149-b803-d3e259123046, sendKeysToElement {id={f5778c6f-c09d-e048-8bfe-21fb917428ec}, value=[Ljava.lang.CharSequence;@1e4877ec}]
三月 23, 2014 4:21:52 下午 org.openqa.selenium.remote.RemoteWebDriver log
信息: Executing: clickElement [d43789d4-b98b-a149-b803-d3e259123046, clickElement {id={dd873947-3b9c-a648-86ff-66f5dfcd84a4}}]
三月 23, 2014 4:21:52 下午 org.openqa.selenium.remote.RemoteWebDriver log
信息: Executed: [d43789d4-b98b-a149-b803-d3e259123046, clickElement {id={dd873947-3b9c-a648-86ff-66f5dfcd84a4}}]
三月 23, 2014 4:21:52 下午 org.openqa.selenium.remote.RemoteWebDriver log
信息: Executing: getCurrentUrl [d43789d4-b98b-a149-b803-d3e259123046, getCurrentUrl {}]
三月 23, 2014 4:21:52 下午 org.openqa.selenium.remote.RemoteWebDriver log
信息: Executed: [d43789d4-b98b-a149-b803-d3e259123046, getCurrentUrl {}]
三月 23, 2014 4:21:52 下午 org.openqa.selenium.remote.RemoteWebDriver log
信息: Executing: findElement [d43789d4-b98b-a149-b803-d3e259123046, findElement {using=id, value=inputText}]
三月 23, 2014 4:21:52 下午 org.openqa.selenium.remote.RemoteWebDriver log
信息: Executed: [d43789d4-b98b-a149-b803-d3e259123046, findElement {using=id, value=inputText}]
三月 23, 2014 4:21:52 下午 org.openqa.selenium.remote.RemoteWebDriver log
信息: Executing: findElement [d43789d4-b98b-a149-b803-d3e259123046, findElement {using=id, value=submitButton}]
三月 23, 2014 4:21:52 下午 org.openqa.selenium.remote.RemoteWebDriver log
信息: Executed: [d43789d4-b98b-a149-b803-d3e259123046, findElement {using=id, value=submitButton}]
三月 23, 2014 4:21:52 下午 org.openqa.selenium.remote.RemoteWebDriver log
信息: Executing: clearElement [d43789d4-b98b-a149-b803-d3e259123046, clearElement {id={af24448a-9bec-3848-897c-2abed8e7ee05}}]
三月 23, 2014 4:21:52 下午 org.openqa.selenium.remote.RemoteWebDriver log
信息: Executed: [d43789d4-b98b-a149-b803-d3e259123046, clearElement {id={af24448a-9bec-3848-897c-2abed8e7ee05}}]
三月 23, 2014 4:21:52 下午 org.openqa.selenium.remote.RemoteWebDriver log
信息: Executing: sendKeysToElement [d43789d4-b98b-a149-b803-d3e259123046, sendKeysToElement {id={af24448a-9bec-3848-897c-2abed8e7ee05}, value=[Ljava.lang.CharSequence;@20b2cd5f}]
三月 23, 2014 4:21:52 下午 org.openqa.selenium.remote.RemoteWebDriver log
信息: Executed: [d43789d4-b98b-a149-b803-d3e259123046, sendKeysToElement {id={af24448a-9bec-3848-897c-2abed8e7ee05}, value=[Ljava.lang.CharSequence;@20b2cd5f}]
三月 23, 2014 4:21:52 下午 org.openqa.selenium.remote.RemoteWebDriver log
信息: Executing: clickElement [d43789d4-b98b-a149-b803-d3e259123046, clickElement {id={f103e188-4379-6c42-b0d3-36ac674b58f9}}]
三月 23, 2014 4:21:52 下午 org.openqa.selenium.remote.RemoteWebDriver log
信息: Executed: [d43789d4-b98b-a149-b803-d3e259123046, clickElement {id={f103e188-4379-6c42-b0d3-36ac674b58f9}}]
三月 23, 2014 4:21:52 下午 org.openqa.selenium.remote.RemoteWebDriver log
信息: Executing: getCurrentUrl [d43789d4-b98b-a149-b803-d3e259123046, getCurrentUrl {}]
三月 23, 2014 4:21:52 下午 org.openqa.selenium.remote.RemoteWebDriver log
信息: Executed: [d43789d4-b98b-a149-b803-d3e259123046, getCurrentUrl {}]
三月 23, 2014 4:21:52 下午 org.openqa.selenium.remote.RemoteWebDriver log
信息: Executing: findElement [d43789d4-b98b-a149-b803-d3e259123046, findElement {using=id, value=inputText}]
三月 23, 2014 4:21:52 下午 org.openqa.selenium.remote.RemoteWebDriver log
信息: Executed: [d43789d4-b98b-a149-b803-d3e259123046, findElement {using=id, value=inputText}]
三月 23, 2014 4:21:52 下午 org.openqa.selenium.remote.RemoteWebDriver log
信息: Executing: findElement [d43789d4-b98b-a149-b803-d3e259123046, findElement {using=id, value=submitButton}]
三月 23, 2014 4:21:52 下午 org.openqa.selenium.remote.RemoteWebDriver log
信息: Executed: [d43789d4-b98b-a149-b803-d3e259123046, findElement {using=id, value=submitButton}]
三月 23, 2014 4:21:52 下午 org.openqa.selenium.remote.RemoteWebDriver log
信息: Executing: clearElement [d43789d4-b98b-a149-b803-d3e259123046, clearElement {id={306a62ad-554f-8d4c-b84a-6f6095fee955}}]
三月 23, 2014 4:21:52 下午 org.openqa.selenium.remote.RemoteWebDriver log
信息: Executed: [d43789d4-b98b-a149-b803-d3e259123046, clearElement {id={306a62ad-554f-8d4c-b84a-6f6095fee955}}]
三月 23, 2014 4:21:52 下午 org.openqa.selenium.remote.RemoteWebDriver log
信息: Executing: sendKeysToElement [d43789d4-b98b-a149-b803-d3e259123046, sendKeysToElement {id={306a62ad-554f-8d4c-b84a-6f6095fee955}, value=[Ljava.lang.CharSequence;@32cc742}]
三月 23, 2014 4:21:52 下午 org.openqa.selenium.remote.RemoteWebDriver log
信息: Executed: [d43789d4-b98b-a149-b803-d3e259123046, sendKeysToElement {id={306a62ad-554f-8d4c-b84a-6f6095fee955}, value=[Ljava.lang.CharSequence;@32cc742}]
三月 23, 2014 4:21:52 下午 org.openqa.selenium.remote.RemoteWebDriver log
信息: Executing: clickElement [d43789d4-b98b-a149-b803-d3e259123046, clickElement {id={fb9d9011-e85d-7a48-a218-612ef6123477}}]
三月 23, 2014 4:21:52 下午 org.openqa.selenium.remote.RemoteWebDriver log
信息: Executed: [d43789d4-b98b-a149-b803-d3e259123046, clickElement {id={fb9d9011-e85d-7a48-a218-612ef6123477}}]
三月 23, 2014 4:21:52 下午 org.openqa.selenium.remote.RemoteWebDriver log
信息: Executing: getCurrentUrl [d43789d4-b98b-a149-b803-d3e259123046, getCurrentUrl {}]
三月 23, 2014 4:21:52 下午 org.openqa.selenium.remote.RemoteWebDriver log
信息: Executed: [d43789d4-b98b-a149-b803-d3e259123046, getCurrentUrl {}]
三月 23, 2014 4:21:52 下午 org.openqa.selenium.remote.RemoteWebDriver log
信息: Executing: findElement [d43789d4-b98b-a149-b803-d3e259123046, findElement {using=id, value=inputText}]
三月 23, 2014 4:21:52 下午 org.openqa.selenium.remote.RemoteWebDriver log
信息: Executed: [d43789d4-b98b-a149-b803-d3e259123046, findElement {using=id, value=inputText}]
三月 23, 2014 4:21:52 下午 org.openqa.selenium.remote.RemoteWebDriver log
信息: Executing: findElement [d43789d4-b98b-a149-b803-d3e259123046, findElement {using=id, value=submitButton}]
三月 23, 2014 4:21:52 下午 org.openqa.selenium.remote.RemoteWebDriver log
信息: Executed: [d43789d4-b98b-a149-b803-d3e259123046, findElement {using=id, value=submitButton}]
三月 23, 2014 4:21:52 下午 org.openqa.selenium.remote.RemoteWebDriver log
信息: Executing: clearElement [d43789d4-b98b-a149-b803-d3e259123046, clearElement {id={8452bdda-0a54-6340-b177-e49d7157edc4}}]
三月 23, 2014 4:21:52 下午 org.openqa.selenium.remote.RemoteWebDriver log
信息: Executed: [d43789d4-b98b-a149-b803-d3e259123046, clearElement {id={8452bdda-0a54-6340-b177-e49d7157edc4}}]
三月 23, 2014 4:21:52 下午 org.openqa.selenium.remote.RemoteWebDriver log
信息: Executing: sendKeysToElement [d43789d4-b98b-a149-b803-d3e259123046, sendKeysToElement {id={8452bdda-0a54-6340-b177-e49d7157edc4}, value=[Ljava.lang.CharSequence;@74bef851}]
三月 23, 2014 4:21:52 下午 org.openqa.selenium.remote.RemoteWebDriver log
信息: Executed: [d43789d4-b98b-a149-b803-d3e259123046, sendKeysToElement {id={8452bdda-0a54-6340-b177-e49d7157edc4}, value=[Ljava.lang.CharSequence;@74bef851}]
三月 23, 2014 4:21:52 下午 org.openqa.selenium.remote.RemoteWebDriver log
信息: Executing: clickElement [d43789d4-b98b-a149-b803-d3e259123046, clickElement {id={3d669c86-a116-e549-b5b9-dc9a1b06df13}}]
三月 23, 2014 4:21:52 下午 org.openqa.selenium.remote.RemoteWebDriver log
信息: Executed: [d43789d4-b98b-a149-b803-d3e259123046, clickElement {id={3d669c86-a116-e549-b5b9-dc9a1b06df13}}]
三月 23, 2014 4:21:52 下午 org.openqa.selenium.remote.RemoteWebDriver log
信息: Executing: getCurrentUrl [d43789d4-b98b-a149-b803-d3e259123046, getCurrentUrl {}]
三月 23, 2014 4:21:52 下午 org.openqa.selenium.remote.RemoteWebDriver log
信息: Executed: [d43789d4-b98b-a149-b803-d3e259123046, getCurrentUrl {}]
三月 23, 2014 4:21:52 下午 org.openqa.selenium.remote.RemoteWebDriver log
信息: Executing: findElement [d43789d4-b98b-a149-b803-d3e259123046, findElement {using=id, value=inputText}]
三月 23, 2014 4:21:52 下午 org.openqa.selenium.remote.RemoteWebDriver log
信息: Executed: [d43789d4-b98b-a149-b803-d3e259123046, findElement {using=id, value=inputText}]
三月 23, 2014 4:21:52 下午 org.openqa.selenium.remote.RemoteWebDriver log
信息: Executing: findElement [d43789d4-b98b-a149-b803-d3e259123046, findElement {using=id, value=submitButton}]
三月 23, 2014 4:21:52 下午 org.openqa.selenium.remote.RemoteWebDriver log
信息: Executed: [d43789d4-b98b-a149-b803-d3e259123046, findElement {using=id, value=submitButton}]
三月 23, 2014 4:21:52 下午 org.openqa.selenium.remote.RemoteWebDriver log
信息: Executing: clearElement [d43789d4-b98b-a149-b803-d3e259123046, clearElement {id={2d70421d-01cf-044a-845c-77e69d49d18a}}]
三月 23, 2014 4:21:52 下午 org.openqa.selenium.remote.RemoteWebDriver log
信息: Executed: [d43789d4-b98b-a149-b803-d3e259123046, clearElement {id={2d70421d-01cf-044a-845c-77e69d49d18a}}]
三月 23, 2014 4:21:52 下午 org.openqa.selenium.remote.RemoteWebDriver log
信息: Executing: sendKeysToElement [d43789d4-b98b-a149-b803-d3e259123046, sendKeysToElement {id={2d70421d-01cf-044a-845c-77e69d49d18a}, value=[Ljava.lang.CharSequence;@33f177ba}]
三月 23, 2014 4:21:52 下午 org.openqa.selenium.remote.RemoteWebDriver log
信息: Executed: [d43789d4-b98b-a149-b803-d3e259123046, sendKeysToElement {id={2d70421d-01cf-044a-845c-77e69d49d18a}, value=[Ljava.lang.CharSequence;@33f177ba}]
三月 23, 2014 4:21:52 下午 org.openqa.selenium.remote.RemoteWebDriver log
信息: Executing: clickElement [d43789d4-b98b-a149-b803-d3e259123046, clickElement {id={41aeb4c7-d6c9-c54b-9fd1-090d33c22a08}}]
三月 23, 2014 4:21:52 下午 org.openqa.selenium.remote.RemoteWebDriver log
信息: Executed: [d43789d4-b98b-a149-b803-d3e259123046, clickElement {id={41aeb4c7-d6c9-c54b-9fd1-090d33c22a08}}]
三月 23, 2014 4:21:52 下午 org.openqa.selenium.remote.RemoteWebDriver log
信息: Executing: getCurrentUrl [d43789d4-b98b-a149-b803-d3e259123046, getCurrentUrl {}]
三月 23, 2014 4:21:52 下午 org.openqa.selenium.remote.RemoteWebDriver log
信息: Executed: [d43789d4-b98b-a149-b803-d3e259123046, getCurrentUrl {}]
三月 23, 2014 4:21:52 下午 org.openqa.selenium.remote.RemoteWebDriver log
信息: Executing: findElement [d43789d4-b98b-a149-b803-d3e259123046, findElement {using=id, value=inputText}]
三月 23, 2014 4:21:52 下午 org.openqa.selenium.remote.RemoteWebDriver log
信息: Executed: [d43789d4-b98b-a149-b803-d3e259123046, findElement {using=id, value=inputText}]
三月 23, 2014 4:21:52 下午 org.openqa.selenium.remote.RemoteWebDriver log
信息: Executing: findElement [d43789d4-b98b-a149-b803-d3e259123046, findElement {using=id, value=submitButton}]
三月 23, 2014 4:21:52 下午 org.openqa.selenium.remote.RemoteWebDriver log
信息: Executed: [d43789d4-b98b-a149-b803-d3e259123046, findElement {using=id, value=submitButton}]
三月 23, 2014 4:21:52 下午 org.openqa.selenium.remote.RemoteWebDriver log
信息: Executing: clearElement [d43789d4-b98b-a149-b803-d3e259123046, clearElement {id={e47ecdc1-972c-9243-b279-ff5ed597a05a}}]
三月 23, 2014 4:21:52 下午 org.openqa.selenium.remote.RemoteWebDriver log
信息: Executed: [d43789d4-b98b-a149-b803-d3e259123046, clearElement {id={e47ecdc1-972c-9243-b279-ff5ed597a05a}}]
三月 23, 2014 4:21:52 下午 org.openqa.selenium.remote.RemoteWebDriver log
信息: Executing: sendKeysToElement [d43789d4-b98b-a149-b803-d3e259123046, sendKeysToElement {id={e47ecdc1-972c-9243-b279-ff5ed597a05a}, value=[Ljava.lang.CharSequence;@7939c3f2}]
三月 23, 2014 4:21:52 下午 org.openqa.selenium.remote.RemoteWebDriver log
信息: Executed: [d43789d4-b98b-a149-b803-d3e259123046, sendKeysToElement {id={e47ecdc1-972c-9243-b279-ff5ed597a05a}, value=[Ljava.lang.CharSequence;@7939c3f2}]
三月 23, 2014 4:21:52 下午 org.openqa.selenium.remote.RemoteWebDriver log
信息: Executing: clickElement [d43789d4-b98b-a149-b803-d3e259123046, clickElement {id={4f943020-25a2-1f4a-ac2b-607ccbd39ca1}}]
三月 23, 2014 4:21:52 下午 org.openqa.selenium.remote.RemoteWebDriver log
信息: Executed: [d43789d4-b98b-a149-b803-d3e259123046, clickElement {id={4f943020-25a2-1f4a-ac2b-607ccbd39ca1}}]
三月 23, 2014 4:21:52 下午 org.openqa.selenium.remote.RemoteWebDriver log
信息: Executing: getCurrentUrl [d43789d4-b98b-a149-b803-d3e259123046, getCurrentUrl {}]
三月 23, 2014 4:21:52 下午 org.openqa.selenium.remote.RemoteWebDriver log
信息: Executed: [d43789d4-b98b-a149-b803-d3e259123046, getCurrentUrl {}]
三月 23, 2014 4:21:52 下午 org.openqa.selenium.remote.RemoteWebDriver log
信息: Executing: findElement [d43789d4-b98b-a149-b803-d3e259123046, findElement {using=id, value=inputText}]
三月 23, 2014 4:21:52 下午 org.openqa.selenium.remote.RemoteWebDriver log
信息: Executed: [d43789d4-b98b-a149-b803-d3e259123046, findElement {using=id, value=inputText}]
三月 23, 2014 4:21:52 下午 org.openqa.selenium.remote.RemoteWebDriver log
信息: Executing: findElement [d43789d4-b98b-a149-b803-d3e259123046, findElement {using=id, value=submitButton}]
三月 23, 2014 4:21:52 下午 org.openqa.selenium.remote.RemoteWebDriver log
信息: Executed: [d43789d4-b98b-a149-b803-d3e259123046, findElement {using=id, value=submitButton}]
三月 23, 2014 4:21:52 下午 org.openqa.selenium.remote.RemoteWebDriver log
信息: Executing: clearElement [d43789d4-b98b-a149-b803-d3e259123046, clearElement {id={604fc0a6-99de-af40-941e-2e7192ee1f08}}]
三月 23, 2014 4:21:52 下午 org.openqa.selenium.remote.RemoteWebDriver log
信息: Executed: [d43789d4-b98b-a149-b803-d3e259123046, clearElement {id={604fc0a6-99de-af40-941e-2e7192ee1f08}}]
三月 23, 2014 4:21:52 下午 org.openqa.selenium.remote.RemoteWebDriver log
信息: Executing: sendKeysToElement [d43789d4-b98b-a149-b803-d3e259123046, sendKeysToElement {id={604fc0a6-99de-af40-941e-2e7192ee1f08}, value=[Ljava.lang.CharSequence;@58db88e9}]
三月 23, 2014 4:21:52 下午 org.openqa.selenium.remote.RemoteWebDriver log
信息: Executed: [d43789d4-b98b-a149-b803-d3e259123046, sendKeysToElement {id={604fc0a6-99de-af40-941e-2e7192ee1f08}, value=[Ljava.lang.CharSequence;@58db88e9}]
三月 23, 2014 4:21:52 下午 org.openqa.selenium.remote.RemoteWebDriver log
信息: Executing: clickElement [d43789d4-b98b-a149-b803-d3e259123046, clickElement {id={17470d1a-f3a5-2445-99ae-946a66488588}}]
三月 23, 2014 4:21:52 下午 org.openqa.selenium.remote.RemoteWebDriver log
信息: Executed: [d43789d4-b98b-a149-b803-d3e259123046, clickElement {id={17470d1a-f3a5-2445-99ae-946a66488588}}]
三月 23, 2014 4:21:52 下午 org.openqa.selenium.remote.RemoteWebDriver log
信息: Executing: getCurrentUrl [d43789d4-b98b-a149-b803-d3e259123046, getCurrentUrl {}]
三月 23, 2014 4:21:52 下午 org.openqa.selenium.remote.RemoteWebDriver log
信息: Executed: [d43789d4-b98b-a149-b803-d3e259123046, getCurrentUrl {}]
三月 23, 2014 4:21:52 下午 org.openqa.selenium.remote.RemoteWebDriver log
信息: Executing: findElement [d43789d4-b98b-a149-b803-d3e259123046, findElement {using=id, value=inputText}]
三月 23, 2014 4:21:52 下午 org.openqa.selenium.remote.RemoteWebDriver log
信息: Executed: [d43789d4-b98b-a149-b803-d3e259123046, findElement {using=id, value=inputText}]
三月 23, 2014 4:21:52 下午 org.openqa.selenium.remote.RemoteWebDriver log
信息: Executing: findElement [d43789d4-b98b-a149-b803-d3e259123046, findElement {using=id, value=submitButton}]
三月 23, 2014 4:21:52 下午 org.openqa.selenium.remote.RemoteWebDriver log
信息: Executed: [d43789d4-b98b-a149-b803-d3e259123046, findElement {using=id, value=submitButton}]
三月 23, 2014 4:21:52 下午 org.openqa.selenium.remote.RemoteWebDriver log
信息: Executing: clearElement [d43789d4-b98b-a149-b803-d3e259123046, clearElement {id={1d4dedfc-a5dc-8a4d-a2b8-c646ef1cd71e}}]
三月 23, 2014 4:21:52 下午 org.openqa.selenium.remote.RemoteWebDriver log
信息: Executed: [d43789d4-b98b-a149-b803-d3e259123046, clearElement {id={1d4dedfc-a5dc-8a4d-a2b8-c646ef1cd71e}}]
三月 23, 2014 4:21:52 下午 org.openqa.selenium.remote.RemoteWebDriver log
信息: Executing: sendKeysToElement [d43789d4-b98b-a149-b803-d3e259123046, sendKeysToElement {id={1d4dedfc-a5dc-8a4d-a2b8-c646ef1cd71e}, value=[Ljava.lang.CharSequence;@65e7e8bf}]
三月 23, 2014 4:21:52 下午 org.openqa.selenium.remote.RemoteWebDriver log
信息: Executed: [d43789d4-b98b-a149-b803-d3e259123046, sendKeysToElement {id={1d4dedfc-a5dc-8a4d-a2b8-c646ef1cd71e}, value=[Ljava.lang.CharSequence;@65e7e8bf}]
三月 23, 2014 4:21:52 下午 org.openqa.selenium.remote.RemoteWebDriver log
信息: Executing: clickElement [d43789d4-b98b-a149-b803-d3e259123046, clickElement {id={f46d4297-d30e-b143-ab81-d69587ef0663}}]
三月 23, 2014 4:21:53 下午 org.openqa.selenium.remote.RemoteWebDriver log
信息: Executed: [d43789d4-b98b-a149-b803-d3e259123046, clickElement {id={f46d4297-d30e-b143-ab81-d69587ef0663}}]
三月 23, 2014 4:21:53 下午 org.openqa.selenium.remote.RemoteWebDriver log
信息: Executing: getCurrentUrl [d43789d4-b98b-a149-b803-d3e259123046, getCurrentUrl {}]
三月 23, 2014 4:21:53 下午 org.openqa.selenium.remote.RemoteWebDriver log
信息: Executed: [d43789d4-b98b-a149-b803-d3e259123046, getCurrentUrl {}]
三月 23, 2014 4:21:53 下午 org.openqa.selenium.remote.RemoteWebDriver log
信息: Executing: findElement [d43789d4-b98b-a149-b803-d3e259123046, findElement {using=id, value=inputText}]
三月 23, 2014 4:21:53 下午 org.openqa.selenium.remote.RemoteWebDriver log
信息: Executed: [d43789d4-b98b-a149-b803-d3e259123046, findElement {using=id, value=inputText}]
三月 23, 2014 4:21:53 下午 org.openqa.selenium.remote.RemoteWebDriver log
信息: Executing: findElement [d43789d4-b98b-a149-b803-d3e259123046, findElement {using=id, value=submitButton}]
三月 23, 2014 4:21:53 下午 org.openqa.selenium.remote.RemoteWebDriver log
信息: Executed: [d43789d4-b98b-a149-b803-d3e259123046, findElement {using=id, value=submitButton}]
三月 23, 2014 4:21:53 下午 org.openqa.selenium.remote.RemoteWebDriver log
信息: Executing: clearElement [d43789d4-b98b-a149-b803-d3e259123046, clearElement {id={7fa482a4-b707-fb41-b19f-74d37d0b278f}}]
三月 23, 2014 4:21:53 下午 org.openqa.selenium.remote.RemoteWebDriver log
信息: Executed: [d43789d4-b98b-a149-b803-d3e259123046, clearElement {id={7fa482a4-b707-fb41-b19f-74d37d0b278f}}]
三月 23, 2014 4:21:53 下午 org.openqa.selenium.remote.RemoteWebDriver log
信息: Executing: sendKeysToElement [d43789d4-b98b-a149-b803-d3e259123046, sendKeysToElement {id={7fa482a4-b707-fb41-b19f-74d37d0b278f}, value=[Ljava.lang.CharSequence;@294c9ed9}]
三月 23, 2014 4:21:53 下午 org.openqa.selenium.remote.RemoteWebDriver log
信息: Executed: [d43789d4-b98b-a149-b803-d3e259123046, sendKeysToElement {id={7fa482a4-b707-fb41-b19f-74d37d0b278f}, value=[Ljava.lang.CharSequence;@294c9ed9}]
三月 23, 2014 4:21:53 下午 org.openqa.selenium.remote.RemoteWebDriver log
信息: Executing: clickElement [d43789d4-b98b-a149-b803-d3e259123046, clickElement {id={fca4c559-55d9-be47-9c9a-0f3ea91c3bd1}}]
三月 23, 2014 4:21:53 下午 org.openqa.selenium.remote.RemoteWebDriver log
信息: Executed: [d43789d4-b98b-a149-b803-d3e259123046, clickElement {id={fca4c559-55d9-be47-9c9a-0f3ea91c3bd1}}]
三月 23, 2014 4:21:53 下午 org.openqa.selenium.remote.RemoteWebDriver log
信息: Executing: getCurrentUrl [d43789d4-b98b-a149-b803-d3e259123046, getCurrentUrl {}]
三月 23, 2014 4:21:53 下午 org.openqa.selenium.remote.RemoteWebDriver log
信息: Executed: [d43789d4-b98b-a149-b803-d3e259123046, getCurrentUrl {}]
三月 23, 2014 4:21:53 下午 org.openqa.selenium.remote.RemoteWebDriver log
信息: Executing: findElement [d43789d4-b98b-a149-b803-d3e259123046, findElement {using=id, value=inputText}]
三月 23, 2014 4:21:53 下午 org.openqa.selenium.remote.RemoteWebDriver log
信息: Executed: [d43789d4-b98b-a149-b803-d3e259123046, findElement {using=id, value=inputText}]
三月 23, 2014 4:21:53 下午 org.openqa.selenium.remote.RemoteWebDriver log
信息: Executing: findElement [d43789d4-b98b-a149-b803-d3e259123046, findElement {using=id, value=submitButton}]
三月 23, 2014 4:21:53 下午 org.openqa.selenium.remote.RemoteWebDriver log
信息: Executed: [d43789d4-b98b-a149-b803-d3e259123046, findElement {using=id, value=submitButton}]
三月 23, 2014 4:21:53 下午 org.openqa.selenium.remote.RemoteWebDriver log
信息: Executing: clearElement [d43789d4-b98b-a149-b803-d3e259123046, clearElement {id={54153a55-046d-d545-a59d-f01a21dad7e2}}]
三月 23, 2014 4:21:53 下午 org.openqa.selenium.remote.RemoteWebDriver log
信息: Executed: [d43789d4-b98b-a149-b803-d3e259123046, clearElement {id={54153a55-046d-d545-a59d-f01a21dad7e2}}]
三月 23, 2014 4:21:53 下午 org.openqa.selenium.remote.RemoteWebDriver log
信息: Executing: sendKeysToElement [d43789d4-b98b-a149-b803-d3e259123046, sendKeysToElement {id={54153a55-046d-d545-a59d-f01a21dad7e2}, value=[Ljava.lang.CharSequence;@af0c79f}]
三月 23, 2014 4:21:53 下午 org.openqa.selenium.remote.RemoteWebDriver log
信息: Executed: [d43789d4-b98b-a149-b803-d3e259123046, sendKeysToElement {id={54153a55-046d-d545-a59d-f01a21dad7e2}, value=[Ljava.lang.CharSequence;@af0c79f}]
三月 23, 2014 4:21:53 下午 org.openqa.selenium.remote.RemoteWebDriver log
信息: Executing: clickElement [d43789d4-b98b-a149-b803-d3e259123046, clickElement {id={aa196e7d-b776-b442-b2cf-1b1528ddd18f}}]
三月 23, 2014 4:21:53 下午 org.openqa.selenium.remote.RemoteWebDriver log
信息: Executed: [d43789d4-b98b-a149-b803-d3e259123046, clickElement {id={aa196e7d-b776-b442-b2cf-1b1528ddd18f}}]
三月 23, 2014 4:21:53 下午 org.openqa.selenium.remote.RemoteWebDriver log
信息: Executing: getCurrentUrl [d43789d4-b98b-a149-b803-d3e259123046, getCurrentUrl {}]
三月 23, 2014 4:21:53 下午 org.openqa.selenium.remote.RemoteWebDriver log
信息: Executed: [d43789d4-b98b-a149-b803-d3e259123046, getCurrentUrl {}]
三月 23, 2014 4:21:53 下午 org.openqa.selenium.remote.RemoteWebDriver log
信息: Executing: findElement [d43789d4-b98b-a149-b803-d3e259123046, findElement {using=id, value=inputText}]
三月 23, 2014 4:21:53 下午 org.openqa.selenium.remote.RemoteWebDriver log
信息: Executed: [d43789d4-b98b-a149-b803-d3e259123046, findElement {using=id, value=inputText}]
三月 23, 2014 4:21:53 下午 org.openqa.selenium.remote.RemoteWebDriver log
信息: Executing: findElement [d43789d4-b98b-a149-b803-d3e259123046, findElement {using=id, value=submitButton}]
三月 23, 2014 4:21:53 下午 org.openqa.selenium.remote.RemoteWebDriver log
信息: Executed: [d43789d4-b98b-a149-b803-d3e259123046, findElement {using=id, value=submitButton}]
三月 23, 2014 4:21:53 下午 org.openqa.selenium.remote.RemoteWebDriver log
信息: Executing: clearElement [d43789d4-b98b-a149-b803-d3e259123046, clearElement {id={5cdc4d06-68f6-dd47-a731-559ac4094271}}]
三月 23, 2014 4:21:53 下午 org.openqa.selenium.remote.RemoteWebDriver log
信息: Executed: [d43789d4-b98b-a149-b803-d3e259123046, clearElement {id={5cdc4d06-68f6-dd47-a731-559ac4094271}}]
三月 23, 2014 4:21:53 下午 org.openqa.selenium.remote.RemoteWebDriver log
信息: Executing: sendKeysToElement [d43789d4-b98b-a149-b803-d3e259123046, sendKeysToElement {id={5cdc4d06-68f6-dd47-a731-559ac4094271}, value=[Ljava.lang.CharSequence;@6a816320}]
三月 23, 2014 4:21:53 下午 org.openqa.selenium.remote.RemoteWebDriver log
信息: Executed: [d43789d4-b98b-a149-b803-d3e259123046, sendKeysToElement {id={5cdc4d06-68f6-dd47-a731-559ac4094271}, value=[Ljava.lang.CharSequence;@6a816320}]
三月 23, 2014 4:21:53 下午 org.openqa.selenium.remote.RemoteWebDriver log
信息: Executing: clickElement [d43789d4-b98b-a149-b803-d3e259123046, clickElement {id={c8c5178d-f136-2e45-9534-216364b48378}}]
三月 23, 2014 4:21:53 下午 org.openqa.selenium.remote.RemoteWebDriver log
信息: Executed: [d43789d4-b98b-a149-b803-d3e259123046, clickElement {id={c8c5178d-f136-2e45-9534-216364b48378}}]
三月 23, 2014 4:21:53 下午 org.openqa.selenium.remote.RemoteWebDriver log
信息: Executing: getCurrentUrl [d43789d4-b98b-a149-b803-d3e259123046, getCurrentUrl {}]
三月 23, 2014 4:21:53 下午 org.openqa.selenium.remote.RemoteWebDriver log
信息: Executed: [d43789d4-b98b-a149-b803-d3e259123046, getCurrentUrl {}]
三月 23, 2014 4:21:53 下午 org.openqa.selenium.remote.RemoteWebDriver log
信息: Executing: findElement [d43789d4-b98b-a149-b803-d3e259123046, findElement {using=id, value=inputText}]
三月 23, 2014 4:21:53 下午 org.openqa.selenium.remote.RemoteWebDriver log
信息: Executed: [d43789d4-b98b-a149-b803-d3e259123046, findElement {using=id, value=inputText}]
三月 23, 2014 4:21:53 下午 org.openqa.selenium.remote.RemoteWebDriver log
信息: Executing: findElement [d43789d4-b98b-a149-b803-d3e259123046, findElement {using=id, value=submitButton}]
三月 23, 2014 4:21:53 下午 org.openqa.selenium.remote.RemoteWebDriver log
信息: Executed: [d43789d4-b98b-a149-b803-d3e259123046, findElement {using=id, value=submitButton}]
三月 23, 2014 4:21:53 下午 org.openqa.selenium.remote.RemoteWebDriver log
信息: Executing: clearElement [d43789d4-b98b-a149-b803-d3e259123046, clearElement {id={0d2f02d2-f852-0c45-90ab-09a7e80b37aa}}]
三月 23, 2014 4:21:53 下午 org.openqa.selenium.remote.RemoteWebDriver log
信息: Executed: [d43789d4-b98b-a149-b803-d3e259123046, clearElement {id={0d2f02d2-f852-0c45-90ab-09a7e80b37aa}}]
三月 23, 2014 4:21:53 下午 org.openqa.selenium.remote.RemoteWebDriver log
信息: Executing: sendKeysToElement [d43789d4-b98b-a149-b803-d3e259123046, sendKeysToElement {id={0d2f02d2-f852-0c45-90ab-09a7e80b37aa}, value=[Ljava.lang.CharSequence;@56ca138e}]
三月 23, 2014 4:21:53 下午 org.openqa.selenium.remote.RemoteWebDriver log
信息: Executed: [d43789d4-b98b-a149-b803-d3e259123046, sendKeysToElement {id={0d2f02d2-f852-0c45-90ab-09a7e80b37aa}, value=[Ljava.lang.CharSequence;@56ca138e}]
三月 23, 2014 4:21:53 下午 org.openqa.selenium.remote.RemoteWebDriver log
信息: Executing: clickElement [d43789d4-b98b-a149-b803-d3e259123046, clickElement {id={bfba85a9-390a-0a4f-b18b-e5a8f5dd9f63}}]
三月 23, 2014 4:21:53 下午 org.openqa.selenium.remote.RemoteWebDriver log
信息: Executed: [d43789d4-b98b-a149-b803-d3e259123046, clickElement {id={bfba85a9-390a-0a4f-b18b-e5a8f5dd9f63}}]
三月 23, 2014 4:21:53 下午 org.openqa.selenium.remote.RemoteWebDriver log
信息: Executing: getCurrentUrl [d43789d4-b98b-a149-b803-d3e259123046, getCurrentUrl {}]
三月 23, 2014 4:21:53 下午 org.openqa.selenium.remote.RemoteWebDriver log
信息: Executed: [d43789d4-b98b-a149-b803-d3e259123046, getCurrentUrl {}]
三月 23, 2014 4:21:53 下午 org.openqa.selenium.remote.RemoteWebDriver log
信息: Executing: switchToFrame [d43789d4-b98b-a149-b803-d3e259123046, switchToFrame {id=null}]
三月 23, 2014 4:21:53 下午 org.openqa.selenium.remote.RemoteWebDriver log
信息: Executed: [d43789d4-b98b-a149-b803-d3e259123046, switchToFrame {id=null}]
三月 23, 2014 4:21:53 下午 org.openqa.selenium.testing.JUnit4TestBase$1 finished
信息: <<< Finished testShouldNotSwitchMagicallyToTheTopWindow(org.openqa.selenium.FrameSwitchingTest)
三月 23, 2014 4:21:53 下午 org.openqa.selenium.testing.JUnit4TestBase$1 starting
信息: >>> Starting testShouldBeAbleToSwitchToAnIFrameUsingAPreviouslyLocatedWebElement(org.openqa.selenium.FrameSwitchingTest)
三月 23, 2014 4:21:53 下午 org.openqa.selenium.remote.RemoteWebDriver log
信息: Executing: get [d43789d4-b98b-a149-b803-d3e259123046, get {url=http://localhost:6461/common/iframes.html}]
三月 23, 2014 4:21:53 下午 org.openqa.selenium.remote.RemoteWebDriver log
信息: Executed: [d43789d4-b98b-a149-b803-d3e259123046, get {url=http://localhost:6461/common/iframes.html}]
三月 23, 2014 4:21:53 下午 org.openqa.selenium.remote.RemoteWebDriver log
信息: Executing: findElement [d43789d4-b98b-a149-b803-d3e259123046, findElement {using=tag name, value=iframe}]
三月 23, 2014 4:21:53 下午 org.openqa.selenium.remote.RemoteWebDriver log
信息: Executed: [d43789d4-b98b-a149-b803-d3e259123046, findElement {using=tag name, value=iframe}]
三月 23, 2014 4:21:53 下午 org.openqa.selenium.remote.RemoteWebDriver log
信息: Executing: switchToFrame [d43789d4-b98b-a149-b803-d3e259123046, switchToFrame {id={ELEMENT={f421f244-48cc-9f41-bb24-2b18e26dae36}}}]
三月 23, 2014 4:21:53 下午 org.openqa.selenium.remote.RemoteWebDriver log
信息: Executed: [d43789d4-b98b-a149-b803-d3e259123046, switchToFrame {id={ELEMENT={f421f244-48cc-9f41-bb24-2b18e26dae36}}}]
三月 23, 2014 4:21:53 下午 org.openqa.selenium.remote.RemoteWebDriver log
信息: Executing: findElement [d43789d4-b98b-a149-b803-d3e259123046, findElement {using=name, value=id-name1}]
三月 23, 2014 4:21:53 下午 org.openqa.selenium.remote.RemoteWebDriver log
信息: Executed: [d43789d4-b98b-a149-b803-d3e259123046, findElement {using=name, value=id-name1}]
三月 23, 2014 4:21:53 下午 org.openqa.selenium.remote.RemoteWebDriver log
信息: Executing: getElementAttribute [d43789d4-b98b-a149-b803-d3e259123046, getElementAttribute {id={9dc7db35-c189-c14e-98d1-cebc003750ab}, name=value}]
三月 23, 2014 4:21:53 下午 org.openqa.selenium.remote.RemoteWebDriver log
信息: Executed: [d43789d4-b98b-a149-b803-d3e259123046, getElementAttribute {id={9dc7db35-c189-c14e-98d1-cebc003750ab}, name=value}]
三月 23, 2014 4:21:53 下午 org.openqa.selenium.remote.RemoteWebDriver log
信息: Executing: switchToFrame [d43789d4-b98b-a149-b803-d3e259123046, switchToFrame {id=null}]
三月 23, 2014 4:21:53 下午 org.openqa.selenium.remote.RemoteWebDriver log
信息: Executed: [d43789d4-b98b-a149-b803-d3e259123046, switchToFrame {id=null}]
三月 23, 2014 4:21:53 下午 org.openqa.selenium.testing.JUnit4TestBase$1 finished
信息: <<< Finished testShouldBeAbleToSwitchToAnIFrameUsingAPreviouslyLocatedWebElement(org.openqa.selenium.FrameSwitchingTest)
三月 23, 2014 4:21:53 下午 org.openqa.selenium.testing.JUnit4TestBase$1 starting
信息: >>> Starting turningOffLogShouldMeanNoLogMessages(org.openqa.selenium.logging.GetLogsTest)
三月 23, 2014 4:21:53 下午 org.openqa.selenium.remote.RemoteWebDriver log
信息: Executing: getAvailableLogTypes [d43789d4-b98b-a149-b803-d3e259123046, getAvailableLogTypes {}]
三月 23, 2014 4:21:53 下午 org.openqa.selenium.remote.RemoteWebDriver log
信息: Executed: [d43789d4-b98b-a149-b803-d3e259123046, getAvailableLogTypes {}]
三月 23, 2014 4:21:55 下午 org.openqa.selenium.remote.RemoteWebDriver log
信息: Executing: get [a72711b2-9822-4b49-81da-016fc3105db3, get {url=http://localhost:6461/common/simpleTest.html}]
三月 23, 2014 4:21:55 下午 org.openqa.selenium.remote.RemoteWebDriver log
信息: Executed: [a72711b2-9822-4b49-81da-016fc3105db3, get {url=http://localhost:6461/common/simpleTest.html}]
三月 23, 2014 4:21:55 下午 org.openqa.selenium.remote.RemoteWebDriver log
信息: Executing: getLog [a72711b2-9822-4b49-81da-016fc3105db3, getLog {type=browser}]
三月 23, 2014 4:21:55 下午 org.openqa.selenium.remote.RemoteWebDriver log
信息: Executed: [a72711b2-9822-4b49-81da-016fc3105db3, getLog {type=browser}]
三月 23, 2014 4:21:55 下午 org.openqa.selenium.remote.RemoteWebDriver log
信息: Executing: quit [a72711b2-9822-4b49-81da-016fc3105db3, quit {}]
三月 23, 2014 4:21:55 下午 org.openqa.selenium.remote.RemoteWebDriver log
信息: Executed: [a72711b2-9822-4b49-81da-016fc3105db3, quit {}]
三月 23, 2014 4:21:57 下午 org.openqa.selenium.remote.RemoteWebDriver log
信息: Executing: get [520552c2-93bc-544f-b017-5eedced9d538, get {url=http://localhost:6461/common/simpleTest.html}]
三月 23, 2014 4:21:57 下午 org.openqa.selenium.remote.RemoteWebDriver log
信息: Executed: [520552c2-93bc-544f-b017-5eedced9d538, get {url=http://localhost:6461/common/simpleTest.html}]
三月 23, 2014 4:21:57 下午 org.openqa.selenium.remote.RemoteWebDriver log
信息: Executing: getLog [520552c2-93bc-544f-b017-5eedced9d538, getLog {type=driver}]
三月 23, 2014 4:21:57 下午 org.openqa.selenium.remote.RemoteWebDriver log
信息: Executed: [520552c2-93bc-544f-b017-5eedced9d538, getLog {type=driver}]
三月 23, 2014 4:21:57 下午 org.openqa.selenium.remote.RemoteWebDriver log
信息: Executing: quit [520552c2-93bc-544f-b017-5eedced9d538, quit {}]
三月 23, 2014 4:21:57 下午 org.openqa.selenium.remote.RemoteWebDriver log
信息: Executed: [520552c2-93bc-544f-b017-5eedced9d538, quit {}]
三月 23, 2014 4:21:59 下午 org.openqa.selenium.remote.RemoteWebDriver log
信息: Executing: get [25d3059b-e117-204b-84b8-53a6a1fc0ad7, get {url=http://localhost:6461/common/simpleTest.html}]
三月 23, 2014 4:21:59 下午 org.openqa.selenium.remote.RemoteWebDriver log
信息: Executed: [25d3059b-e117-204b-84b8-53a6a1fc0ad7, get {url=http://localhost:6461/common/simpleTest.html}]
三月 23, 2014 4:21:59 下午 org.openqa.selenium.remote.RemoteWebDriver log
信息: Executing: quit [25d3059b-e117-204b-84b8-53a6a1fc0ad7, quit {}]
三月 23, 2014 4:21:59 下午 org.openqa.selenium.remote.RemoteWebDriver log
信息: Executed: [25d3059b-e117-204b-84b8-53a6a1fc0ad7, quit {}]
三月 23, 2014 4:21:59 下午 org.openqa.selenium.testing.JUnit4TestBase$1 finished
信息: <<< Finished turningOffLogShouldMeanNoLogMessages(org.openqa.selenium.logging.GetLogsTest)
三月 23, 2014 4:21:59 下午 org.openqa.selenium.testing.JUnit4TestBase$1 starting
信息: >>> Starting differentLogsShouldNotContainTheSameLogEntries(org.openqa.selenium.logging.GetLogsTest)
三月 23, 2014 4:21:59 下午 org.openqa.selenium.remote.RemoteWebDriver log
信息: Executing: get [d43789d4-b98b-a149-b803-d3e259123046, get {url=http://localhost:6461/common/simpleTest.html}]
三月 23, 2014 4:21:59 下午 org.openqa.selenium.remote.RemoteWebDriver log
信息: Executed: [d43789d4-b98b-a149-b803-d3e259123046, get {url=http://localhost:6461/common/simpleTest.html}]
三月 23, 2014 4:21:59 下午 org.openqa.selenium.remote.RemoteWebDriver log
信息: Executing: getAvailableLogTypes [d43789d4-b98b-a149-b803-d3e259123046, getAvailableLogTypes {}]
三月 23, 2014 4:21:59 下午 org.openqa.selenium.remote.RemoteWebDriver log
信息: Executed: [d43789d4-b98b-a149-b803-d3e259123046, getAvailableLogTypes {}]
三月 23, 2014 4:21:59 下午 org.openqa.selenium.remote.RemoteWebDriver log
信息: Executing: getLog [d43789d4-b98b-a149-b803-d3e259123046, getLog {type=browser}]
三月 23, 2014 4:21:59 下午 org.openqa.selenium.remote.RemoteWebDriver log
信息: Executed: [d43789d4-b98b-a149-b803-d3e259123046, getLog {type=browser}]
三月 23, 2014 4:21:59 下午 org.openqa.selenium.remote.RemoteWebDriver log
信息: Executing: getLog [d43789d4-b98b-a149-b803-d3e259123046, getLog {type=driver}]
三月 23, 2014 4:22:00 下午 org.openqa.selenium.remote.RemoteWebDriver log
信息: Executed: [d43789d4-b98b-a149-b803-d3e259123046, getLog {type=driver}]
三月 23, 2014 4:22:00 下午 org.openqa.selenium.testing.JUnit4TestBase$1 finished
信息: <<< Finished differentLogsShouldNotContainTheSameLogEntries(org.openqa.selenium.logging.GetLogsTest)
三月 23, 2014 4:22:00 下午 org.openqa.selenium.testing.JUnit4TestBase$1 starting
信息: >>> Starting logBufferShouldBeResetAfterEachGetLogCall(org.openqa.selenium.logging.GetLogsTest)
三月 23, 2014 4:22:00 下午 org.openqa.selenium.remote.RemoteWebDriver log
信息: Executing: getAvailableLogTypes [d43789d4-b98b-a149-b803-d3e259123046, getAvailableLogTypes {}]
三月 23, 2014 4:22:00 下午 org.openqa.selenium.remote.RemoteWebDriver log
信息: Executed: [d43789d4-b98b-a149-b803-d3e259123046, getAvailableLogTypes {}]
三月 23, 2014 4:22:00 下午 org.openqa.selenium.remote.RemoteWebDriver log
信息: Executing: get [d43789d4-b98b-a149-b803-d3e259123046, get {url=http://localhost:6461/common/simpleTest.html}]
三月 23, 2014 4:22:00 下午 org.openqa.selenium.remote.RemoteWebDriver log
信息: Executed: [d43789d4-b98b-a149-b803-d3e259123046, get {url=http://localhost:6461/common/simpleTest.html}]
三月 23, 2014 4:22:00 下午 org.openqa.selenium.remote.RemoteWebDriver log
信息: Executing: getLog [d43789d4-b98b-a149-b803-d3e259123046, getLog {type=browser}]
三月 23, 2014 4:22:00 下午 org.openqa.selenium.remote.RemoteWebDriver log
信息: Executed: [d43789d4-b98b-a149-b803-d3e259123046, getLog {type=browser}]
三月 23, 2014 4:22:00 下午 org.openqa.selenium.remote.RemoteWebDriver log
信息: Executing: getLog [d43789d4-b98b-a149-b803-d3e259123046, getLog {type=browser}]
三月 23, 2014 4:22:00 下午 org.openqa.selenium.remote.RemoteWebDriver log
信息: Executed: [d43789d4-b98b-a149-b803-d3e259123046, getLog {type=browser}]
三月 23, 2014 4:22:00 下午 org.openqa.selenium.remote.RemoteWebDriver log
信息: Executing: get [d43789d4-b98b-a149-b803-d3e259123046, get {url=http://localhost:6461/common/simpleTest.html}]
三月 23, 2014 4:22:00 下午 org.openqa.selenium.remote.RemoteWebDriver log
信息: Executed: [d43789d4-b98b-a149-b803-d3e259123046, get {url=http://localhost:6461/common/simpleTest.html}]
三月 23, 2014 4:22:00 下午 org.openqa.selenium.remote.RemoteWebDriver log
信息: Executing: getLog [d43789d4-b98b-a149-b803-d3e259123046, getLog {type=driver}]
三月 23, 2014 4:22:00 下午 org.openqa.selenium.remote.RemoteWebDriver log
信息: Executed: [d43789d4-b98b-a149-b803-d3e259123046, getLog {type=driver}]
三月 23, 2014 4:22:00 下午 org.openqa.selenium.remote.RemoteWebDriver log
信息: Executing: getLog [d43789d4-b98b-a149-b803-d3e259123046, getLog {type=driver}]
三月 23, 2014 4:22:00 下午 org.openqa.selenium.remote.RemoteWebDriver log
信息: Executed: [d43789d4-b98b-a149-b803-d3e259123046, getLog {type=driver}]
三月 23, 2014 4:22:00 下午 org.openqa.selenium.remote.RemoteWebDriver log
信息: Executing: get [d43789d4-b98b-a149-b803-d3e259123046, get {url=http://localhost:6461/common/simpleTest.html}]
三月 23, 2014 4:22:00 下午 org.openqa.selenium.remote.RemoteWebDriver log
信息: Executed: [d43789d4-b98b-a149-b803-d3e259123046, get {url=http://localhost:6461/common/simpleTest.html}]
三月 23, 2014 4:22:00 下午 org.openqa.selenium.testing.JUnit4TestBase$1 finished
信息: <<< Finished logBufferShouldBeResetAfterEachGetLogCall(org.openqa.selenium.logging.GetLogsTest)
三月 23, 2014 4:22:00 下午 org.openqa.selenium.remote.RemoteWebDriver log
信息: Executing: quit [d43789d4-b98b-a149-b803-d3e259123046, quit {}]
三月 23, 2014 4:22:00 下午 org.openqa.selenium.remote.RemoteWebDriver log
信息: Executed: [d43789d4-b98b-a149-b803-d3e259123046, quit {}]
三月 23, 2014 4:22:02 下午 org.openqa.selenium.testing.JUnit4TestBase$1 starting
信息: >>> Starting testShouldBeAbleToReturnTheTextInAPage(org.openqa.selenium.I18nTest)
三月 23, 2014 4:22:02 下午 org.openqa.selenium.remote.RemoteWebDriver log
信息: Executing: get [4d8aaf53-e9d4-874d-b31d-61c459308745, get {url=http://localhost:6461/common/encoding}]
三月 23, 2014 4:22:02 下午 org.openqa.selenium.remote.RemoteWebDriver log
信息: Executed: [4d8aaf53-e9d4-874d-b31d-61c459308745, get {url=http://localhost:6461/common/encoding}]
三月 23, 2014 4:22:02 下午 org.openqa.selenium.remote.RemoteWebDriver log
信息: Executing: findElement [4d8aaf53-e9d4-874d-b31d-61c459308745, findElement {using=tag name, value=body}]
三月 23, 2014 4:22:02 下午 org.openqa.selenium.remote.RemoteWebDriver log
信息: Executed: [4d8aaf53-e9d4-874d-b31d-61c459308745, findElement {using=tag name, value=body}]
三月 23, 2014 4:22:02 下午 org.openqa.selenium.remote.RemoteWebDriver log
信息: Executing: getElementText [4d8aaf53-e9d4-874d-b31d-61c459308745, getElementText {id={4ac6f059-a6a0-8249-a23c-d21318bebac9}}]
三月 23, 2014 4:22:02 下午 org.openqa.selenium.remote.RemoteWebDriver log
信息: Executed: [4d8aaf53-e9d4-874d-b31d-61c459308745, getElementText {id={4ac6f059-a6a0-8249-a23c-d21318bebac9}}]
三月 23, 2014 4:22:02 下午 org.openqa.selenium.testing.JUnit4TestBase$1 finished
信息: <<< Finished testShouldBeAbleToReturnTheTextInAPage(org.openqa.selenium.I18nTest)
三月 23, 2014 4:22:02 下午 org.openqa.selenium.testing.JUnit4TestBase$1 starting
信息: >>> Starting testEnteringHebrewTextFromLeftToRight(org.openqa.selenium.I18nTest)
三月 23, 2014 4:22:02 下午 org.openqa.selenium.remote.RemoteWebDriver log
信息: Executing: get [4d8aaf53-e9d4-874d-b31d-61c459308745, get {url=http://localhost:6461/common/cn-test.html}]
三月 23, 2014 4:22:02 下午 org.openqa.selenium.remote.RemoteWebDriver log
信息: Executed: [4d8aaf53-e9d4-874d-b31d-61c459308745, get {url=http://localhost:6461/common/cn-test.html}]
三月 23, 2014 4:22:02 下午 org.openqa.selenium.remote.RemoteWebDriver log
信息: Executing: findElement [4d8aaf53-e9d4-874d-b31d-61c459308745, findElement {using=name, value=i18n}]
三月 23, 2014 4:22:02 下午 org.openqa.selenium.remote.RemoteWebDriver log
信息: Executed: [4d8aaf53-e9d4-874d-b31d-61c459308745, findElement {using=name, value=i18n}]
三月 23, 2014 4:22:02 下午 org.openqa.selenium.remote.RemoteWebDriver log
信息: Executing: sendKeysToElement [4d8aaf53-e9d4-874d-b31d-61c459308745, sendKeysToElement {id={21d8b15c-2140-9149-a06e-62ac898c79bd}, value=[Ljava.lang.CharSequence;@618d2c82}]
三月 23, 2014 4:22:02 下午 org.openqa.selenium.remote.RemoteWebDriver log
信息: Executed: [4d8aaf53-e9d4-874d-b31d-61c459308745, sendKeysToElement {id={21d8b15c-2140-9149-a06e-62ac898c79bd}, value=[Ljava.lang.CharSequence;@618d2c82}]
三月 23, 2014 4:22:02 下午 org.openqa.selenium.remote.RemoteWebDriver log
信息: Executing: getElementAttribute [4d8aaf53-e9d4-874d-b31d-61c459308745, getElementAttribute {id={21d8b15c-2140-9149-a06e-62ac898c79bd}, name=value}]
三月 23, 2014 4:22:02 下午 org.openqa.selenium.remote.RemoteWebDriver log
信息: Executed: [4d8aaf53-e9d4-874d-b31d-61c459308745, getElementAttribute {id={21d8b15c-2140-9149-a06e-62ac898c79bd}, name=value}]
三月 23, 2014 4:22:02 下午 org.openqa.selenium.testing.JUnit4TestBase$1 finished
信息: <<< Finished testEnteringHebrewTextFromLeftToRight(org.openqa.selenium.I18nTest)
三月 23, 2014 4:22:02 下午 org.openqa.selenium.testing.JUnit4TestBase$1 starting
信息: >>> Starting testShouldBeAbleToInputJapanese(org.openqa.selenium.I18nTest)
三月 23, 2014 4:22:02 下午 org.openqa.selenium.testing.JUnit4TestBase$1 finished
信息: <<< Finished testShouldBeAbleToInputJapanese(org.openqa.selenium.I18nTest)
三月 23, 2014 4:22:02 下午 org.openqa.selenium.testing.JUnit4TestBase$1 starting
信息: >>> Starting testCn(org.openqa.selenium.I18nTest)
三月 23, 2014 4:22:02 下午 org.openqa.selenium.remote.RemoteWebDriver log
信息: Executing: get [4d8aaf53-e9d4-874d-b31d-61c459308745, get {url=http://localhost:6461/common/cn-test.html}]
三月 23, 2014 4:22:02 下午 org.openqa.selenium.remote.RemoteWebDriver log
信息: Executed: [4d8aaf53-e9d4-874d-b31d-61c459308745, get {url=http://localhost:6461/common/cn-test.html}]
三月 23, 2014 4:22:02 下午 org.openqa.selenium.remote.RemoteWebDriver log
信息: Executing: findElement [4d8aaf53-e9d4-874d-b31d-61c459308745, findElement {using=link text, value=中国之声}]
三月 23, 2014 4:22:02 下午 org.openqa.selenium.remote.RemoteWebDriver log
信息: Executed: [4d8aaf53-e9d4-874d-b31d-61c459308745, findElement {using=link text, value=中国之声}]
三月 23, 2014 4:22:02 下午 org.openqa.selenium.remote.RemoteWebDriver log
信息: Executing: clickElement [4d8aaf53-e9d4-874d-b31d-61c459308745, clickElement {id={f90b3c5f-0825-414f-92ed-20187ae97532}}]
三月 23, 2014 4:22:02 下午 org.openqa.selenium.remote.RemoteWebDriver log
信息: Executed: [4d8aaf53-e9d4-874d-b31d-61c459308745, clickElement {id={f90b3c5f-0825-414f-92ed-20187ae97532}}]
三月 23, 2014 4:22:02 下午 org.openqa.selenium.testing.JUnit4TestBase$1 finished
信息: <<< Finished testCn(org.openqa.selenium.I18nTest)
三月 23, 2014 4:22:02 下午 org.openqa.selenium.testing.JUnit4TestBase$1 starting
信息: >>> Starting testEnteringSupplementaryCharacters(org.openqa.selenium.I18nTest)
三月 23, 2014 4:22:02 下午 org.openqa.selenium.remote.RemoteWebDriver log
信息: Executing: executeScript [4d8aaf53-e9d4-874d-b31d-61c459308745, executeScript {script=return navigator.userAgent;, args=[]}]
三月 23, 2014 4:22:02 下午 org.openqa.selenium.remote.RemoteWebDriver log
信息: Executed: [4d8aaf53-e9d4-874d-b31d-61c459308745, executeScript {script=return navigator.userAgent;, args=[]}]
三月 23, 2014 4:22:02 下午 org.openqa.selenium.remote.RemoteWebDriver log
信息: Executing: executeScript [4d8aaf53-e9d4-874d-b31d-61c459308745, executeScript {script=return navigator.userAgent;, args=[]}]
三月 23, 2014 4:22:02 下午 org.openqa.selenium.remote.RemoteWebDriver log
信息: Executed: [4d8aaf53-e9d4-874d-b31d-61c459308745, executeScript {script=return navigator.userAgent;, args=[]}]
三月 23, 2014 4:22:02 下午 org.openqa.selenium.remote.RemoteWebDriver log
信息: Executing: get [4d8aaf53-e9d4-874d-b31d-61c459308745, get {url=http://localhost:6461/common/cn-test.html}]
三月 23, 2014 4:22:02 下午 org.openqa.selenium.remote.RemoteWebDriver log
信息: Executed: [4d8aaf53-e9d4-874d-b31d-61c459308745, get {url=http://localhost:6461/common/cn-test.html}]
三月 23, 2014 4:22:02 下午 org.openqa.selenium.remote.RemoteWebDriver log
信息: Executing: findElement [4d8aaf53-e9d4-874d-b31d-61c459308745, findElement {using=name, value=i18n}]
三月 23, 2014 4:22:02 下午 org.openqa.selenium.remote.RemoteWebDriver log
信息: Executed: [4d8aaf53-e9d4-874d-b31d-61c459308745, findElement {using=name, value=i18n}]
三月 23, 2014 4:22:02 下午 org.openqa.selenium.remote.RemoteWebDriver log
信息: Executing: sendKeysToElement [4d8aaf53-e9d4-874d-b31d-61c459308745, sendKeysToElement {id={f249d728-df48-5c48-a6db-37bf4033c10f}, value=[Ljava.lang.CharSequence;@24ff5d3f}]
三月 23, 2014 4:22:02 下午 org.openqa.selenium.remote.RemoteWebDriver log
信息: Executed: [4d8aaf53-e9d4-874d-b31d-61c459308745, sendKeysToElement {id={f249d728-df48-5c48-a6db-37bf4033c10f}, value=[Ljava.lang.CharSequence;@24ff5d3f}]
三月 23, 2014 4:22:02 下午 org.openqa.selenium.remote.RemoteWebDriver log
信息: Executing: getElementAttribute [4d8aaf53-e9d4-874d-b31d-61c459308745, getElementAttribute {id={f249d728-df48-5c48-a6db-37bf4033c10f}, name=value}]
三月 23, 2014 4:22:02 下午 org.openqa.selenium.remote.RemoteWebDriver log
信息: Executed: [4d8aaf53-e9d4-874d-b31d-61c459308745, getElementAttribute {id={f249d728-df48-5c48-a6db-37bf4033c10f}, name=value}]
三月 23, 2014 4:22:02 下午 org.openqa.selenium.testing.JUnit4TestBase$1 finished
信息: <<< Finished testEnteringSupplementaryCharacters(org.openqa.selenium.I18nTest)
三月 23, 2014 4:22:02 下午 org.openqa.selenium.testing.JUnit4TestBase$1 starting
信息: >>> Starting testEnteringHebrewTextFromRightToLeft(org.openqa.selenium.I18nTest)
三月 23, 2014 4:22:02 下午 org.openqa.selenium.remote.RemoteWebDriver log
信息: Executing: get [4d8aaf53-e9d4-874d-b31d-61c459308745, get {url=http://localhost:6461/common/cn-test.html}]
三月 23, 2014 4:22:02 下午 org.openqa.selenium.remote.RemoteWebDriver log
信息: Executed: [4d8aaf53-e9d4-874d-b31d-61c459308745, get {url=http://localhost:6461/common/cn-test.html}]
三月 23, 2014 4:22:02 下午 org.openqa.selenium.remote.RemoteWebDriver log
信息: Executing: findElement [4d8aaf53-e9d4-874d-b31d-61c459308745, findElement {using=name, value=i18n}]
三月 23, 2014 4:22:02 下午 org.openqa.selenium.remote.RemoteWebDriver log
信息: Executed: [4d8aaf53-e9d4-874d-b31d-61c459308745, findElement {using=name, value=i18n}]
三月 23, 2014 4:22:02 下午 org.openqa.selenium.remote.RemoteWebDriver log
信息: Executing: sendKeysToElement [4d8aaf53-e9d4-874d-b31d-61c459308745, sendKeysToElement {id={c4351bd2-b46e-fb43-b049-e4497bde5439}, value=[Ljava.lang.CharSequence;@787c56d2}]
三月 23, 2014 4:22:02 下午 org.openqa.selenium.remote.RemoteWebDriver log
信息: Executed: [4d8aaf53-e9d4-874d-b31d-61c459308745, sendKeysToElement {id={c4351bd2-b46e-fb43-b049-e4497bde5439}, value=[Ljava.lang.CharSequence;@787c56d2}]
三月 23, 2014 4:22:02 下午 org.openqa.selenium.remote.RemoteWebDriver log
信息: Executing: getElementAttribute [4d8aaf53-e9d4-874d-b31d-61c459308745, getElementAttribute {id={c4351bd2-b46e-fb43-b049-e4497bde5439}, name=value}]
三月 23, 2014 4:22:02 下午 org.openqa.selenium.remote.RemoteWebDriver log
信息: Executed: [4d8aaf53-e9d4-874d-b31d-61c459308745, getElementAttribute {id={c4351bd2-b46e-fb43-b049-e4497bde5439}, name=value}]
三月 23, 2014 4:22:02 下午 org.openqa.selenium.testing.JUnit4TestBase$1 finished
信息: <<< Finished testEnteringHebrewTextFromRightToLeft(org.openqa.selenium.I18nTest)
三月 23, 2014 4:22:02 下午 org.openqa.selenium.testing.JUnit4TestBase$1 starting
信息: >>> Starting testShouldImplicitlyWaitUntilAtLeastOneElementIsFoundWhenSearchingForMany(org.openqa.selenium.ImplicitWaitTest)
三月 23, 2014 4:22:02 下午 org.openqa.selenium.remote.RemoteWebDriver log
信息: Executing: setTimeout [4d8aaf53-e9d4-874d-b31d-61c459308745, setTimeout {type=implicit, ms=0}]
三月 23, 2014 4:22:02 下午 org.openqa.selenium.remote.RemoteWebDriver log
信息: Executed: [4d8aaf53-e9d4-874d-b31d-61c459308745, setTimeout {type=implicit, ms=0}]
三月 23, 2014 4:22:02 下午 org.openqa.selenium.remote.RemoteWebDriver log
信息: Executing: get [4d8aaf53-e9d4-874d-b31d-61c459308745, get {url=http://localhost:6461/common/dynamic.html}]
三月 23, 2014 4:22:03 下午 org.openqa.selenium.remote.RemoteWebDriver log
信息: Executed: [4d8aaf53-e9d4-874d-b31d-61c459308745, get {url=http://localhost:6461/common/dynamic.html}]
三月 23, 2014 4:22:03 下午 org.openqa.selenium.remote.RemoteWebDriver log
信息: Executing: findElement [4d8aaf53-e9d4-874d-b31d-61c459308745, findElement {using=id, value=adder}]
三月 23, 2014 4:22:03 下午 org.openqa.selenium.remote.RemoteWebDriver log
信息: Executed: [4d8aaf53-e9d4-874d-b31d-61c459308745, findElement {using=id, value=adder}]
三月 23, 2014 4:22:03 下午 org.openqa.selenium.remote.RemoteWebDriver log
信息: Executing: setTimeout [4d8aaf53-e9d4-874d-b31d-61c459308745, setTimeout {type=implicit, ms=2000}]
三月 23, 2014 4:22:03 下午 org.openqa.selenium.remote.RemoteWebDriver log
信息: Executed: [4d8aaf53-e9d4-874d-b31d-61c459308745, setTimeout {type=implicit, ms=2000}]
三月 23, 2014 4:22:03 下午 org.openqa.selenium.remote.RemoteWebDriver log
信息: Executing: clickElement [4d8aaf53-e9d4-874d-b31d-61c459308745, clickElement {id={ed21e364-59e9-1349-a94f-1160aa627c7c}}]
三月 23, 2014 4:22:03 下午 org.openqa.selenium.remote.RemoteWebDriver log
信息: Executed: [4d8aaf53-e9d4-874d-b31d-61c459308745, clickElement {id={ed21e364-59e9-1349-a94f-1160aa627c7c}}]
三月 23, 2014 4:22:03 下午 org.openqa.selenium.remote.RemoteWebDriver log
信息: Executing: clickElement [4d8aaf53-e9d4-874d-b31d-61c459308745, clickElement {id={ed21e364-59e9-1349-a94f-1160aa627c7c}}]
三月 23, 2014 4:22:03 下午 org.openqa.selenium.remote.RemoteWebDriver log
信息: Executed: [4d8aaf53-e9d4-874d-b31d-61c459308745, clickElement {id={ed21e364-59e9-1349-a94f-1160aa627c7c}}]
三月 23, 2014 4:22:03 下午 org.openqa.selenium.remote.RemoteWebDriver log
信息: Executing: findElements [4d8aaf53-e9d4-874d-b31d-61c459308745, findElements {using=class name, value=redbox}]
三月 23, 2014 4:22:04 下午 org.openqa.selenium.remote.RemoteWebDriver log
信息: Executed: [4d8aaf53-e9d4-874d-b31d-61c459308745, findElements {using=class name, value=redbox}]
三月 23, 2014 4:22:04 下午 org.openqa.selenium.remote.RemoteWebDriver log
信息: Executing: setTimeout [4d8aaf53-e9d4-874d-b31d-61c459308745, setTimeout {type=implicit, ms=0}]
三月 23, 2014 4:22:04 下午 org.openqa.selenium.remote.RemoteWebDriver log
信息: Executed: [4d8aaf53-e9d4-874d-b31d-61c459308745, setTimeout {type=implicit, ms=0}]
三月 23, 2014 4:22:04 下午 org.openqa.selenium.testing.JUnit4TestBase$1 finished
信息: <<< Finished testShouldImplicitlyWaitUntilAtLeastOneElementIsFoundWhenSearchingForMany(org.openqa.selenium.ImplicitWaitTest)
三月 23, 2014 4:22:04 下午 org.openqa.selenium.testing.JUnit4TestBase$1 starting
信息: >>> Starting testShouldImplicitlyWaitForAnElementToBeVisibleBeforeInteracting(org.openqa.selenium.ImplicitWaitTest)
三月 23, 2014 4:22:04 下午 org.openqa.selenium.remote.RemoteWebDriver log
信息: Executing: setTimeout [4d8aaf53-e9d4-874d-b31d-61c459308745, setTimeout {type=implicit, ms=0}]
三月 23, 2014 4:22:04 下午 org.openqa.selenium.remote.RemoteWebDriver log
信息: Executed: [4d8aaf53-e9d4-874d-b31d-61c459308745, setTimeout {type=implicit, ms=0}]
三月 23, 2014 4:22:04 下午 org.openqa.selenium.remote.RemoteWebDriver log
信息: Executing: get [4d8aaf53-e9d4-874d-b31d-61c459308745, get {url=http://localhost:6461/common/dynamic.html}]
三月 23, 2014 4:22:04 下午 org.openqa.selenium.remote.RemoteWebDriver log
信息: Executed: [4d8aaf53-e9d4-874d-b31d-61c459308745, get {url=http://localhost:6461/common/dynamic.html}]
三月 23, 2014 4:22:04 下午 org.openqa.selenium.remote.RemoteWebDriver log
信息: Executing: findElement [4d8aaf53-e9d4-874d-b31d-61c459308745, findElement {using=id, value=reveal}]
三月 23, 2014 4:22:04 下午 org.openqa.selenium.remote.RemoteWebDriver log
信息: Executed: [4d8aaf53-e9d4-874d-b31d-61c459308745, findElement {using=id, value=reveal}]
三月 23, 2014 4:22:04 下午 org.openqa.selenium.remote.RemoteWebDriver log
信息: Executing: findElement [4d8aaf53-e9d4-874d-b31d-61c459308745, findElement {using=id, value=revealed}]
三月 23, 2014 4:22:04 下午 org.openqa.selenium.remote.RemoteWebDriver log
信息: Executed: [4d8aaf53-e9d4-874d-b31d-61c459308745, findElement {using=id, value=revealed}]
三月 23, 2014 4:22:04 下午 org.openqa.selenium.remote.RemoteWebDriver log
信息: Executing: setTimeout [4d8aaf53-e9d4-874d-b31d-61c459308745, setTimeout {type=implicit, ms=5000}]
三月 23, 2014 4:22:04 下午 org.openqa.selenium.remote.RemoteWebDriver log
信息: Executed: [4d8aaf53-e9d4-874d-b31d-61c459308745, setTimeout {type=implicit, ms=5000}]
三月 23, 2014 4:22:04 下午 org.openqa.selenium.remote.RemoteWebDriver log
信息: Executing: isElementDisplayed [4d8aaf53-e9d4-874d-b31d-61c459308745, isElementDisplayed {id={07eee987-d4d6-d442-ade8-b29b476c47c6}}]
三月 23, 2014 4:22:04 下午 org.openqa.selenium.remote.RemoteWebDriver log
信息: Executed: [4d8aaf53-e9d4-874d-b31d-61c459308745, isElementDisplayed {id={07eee987-d4d6-d442-ade8-b29b476c47c6}}]
三月 23, 2014 4:22:04 下午 org.openqa.selenium.remote.RemoteWebDriver log
信息: Executing: clickElement [4d8aaf53-e9d4-874d-b31d-61c459308745, clickElement {id={9c6d20df-a038-1042-b3dc-29807c622cce}}]
三月 23, 2014 4:22:04 下午 org.openqa.selenium.remote.RemoteWebDriver log
信息: Executed: [4d8aaf53-e9d4-874d-b31d-61c459308745, clickElement {id={9c6d20df-a038-1042-b3dc-29807c622cce}}]
三月 23, 2014 4:22:04 下午 org.openqa.selenium.remote.RemoteWebDriver log
信息: Executing: sendKeysToElement [4d8aaf53-e9d4-874d-b31d-61c459308745, sendKeysToElement {id={07eee987-d4d6-d442-ade8-b29b476c47c6}, value=[Ljava.lang.CharSequence;@1e9ac0c6}]
三月 23, 2014 4:22:05 下午 org.openqa.selenium.remote.RemoteWebDriver log
信息: Executed: [4d8aaf53-e9d4-874d-b31d-61c459308745, sendKeysToElement {id={07eee987-d4d6-d442-ade8-b29b476c47c6}, value=[Ljava.lang.CharSequence;@1e9ac0c6}]
三月 23, 2014 4:22:05 下午 org.openqa.selenium.remote.RemoteWebDriver log
信息: Executing: setTimeout [4d8aaf53-e9d4-874d-b31d-61c459308745, setTimeout {type=implicit, ms=0}]
三月 23, 2014 4:22:05 下午 org.openqa.selenium.remote.RemoteWebDriver log
信息: Executed: [4d8aaf53-e9d4-874d-b31d-61c459308745, setTimeout {type=implicit, ms=0}]
三月 23, 2014 4:22:05 下午 org.openqa.selenium.testing.JUnit4TestBase$1 finished
信息: <<< Finished testShouldImplicitlyWaitForAnElementToBeVisibleBeforeInteracting(org.openqa.selenium.ImplicitWaitTest)
三月 23, 2014 4:22:05 下午 org.openqa.selenium.testing.JUnit4TestBase$1 starting
信息: >>> Starting testShouldStillFailToFindElementsByIdWhenImplicitWaitsAreEnabled(org.openqa.selenium.ImplicitWaitTest)
三月 23, 2014 4:22:05 下午 org.openqa.selenium.remote.RemoteWebDriver log
信息: Executing: setTimeout [4d8aaf53-e9d4-874d-b31d-61c459308745, setTimeout {type=implicit, ms=0}]
三月 23, 2014 4:22:05 下午 org.openqa.selenium.remote.RemoteWebDriver log
信息: Executed: [4d8aaf53-e9d4-874d-b31d-61c459308745, setTimeout {type=implicit, ms=0}]
三月 23, 2014 4:22:05 下午 org.openqa.selenium.remote.RemoteWebDriver log
信息: Executing: get [4d8aaf53-e9d4-874d-b31d-61c459308745, get {url=http://localhost:6461/common/dynamic.html}]
三月 23, 2014 4:22:05 下午 org.openqa.selenium.remote.RemoteWebDriver log
信息: Executed: [4d8aaf53-e9d4-874d-b31d-61c459308745, get {url=http://localhost:6461/common/dynamic.html}]
三月 23, 2014 4:22:05 下午 org.openqa.selenium.remote.RemoteWebDriver log
信息: Executing: setTimeout [4d8aaf53-e9d4-874d-b31d-61c459308745, setTimeout {type=implicit, ms=500}]
三月 23, 2014 4:22:05 下午 org.openqa.selenium.remote.RemoteWebDriver log
信息: Executed: [4d8aaf53-e9d4-874d-b31d-61c459308745, setTimeout {type=implicit, ms=500}]
三月 23, 2014 4:22:05 下午 org.openqa.selenium.remote.RemoteWebDriver log
信息: Executing: findElements [4d8aaf53-e9d4-874d-b31d-61c459308745, findElements {using=id, value=redbox}]
三月 23, 2014 4:22:05 下午 org.openqa.selenium.remote.RemoteWebDriver log
信息: Executed: [4d8aaf53-e9d4-874d-b31d-61c459308745, findElements {using=id, value=redbox}]
三月 23, 2014 4:22:05 下午 org.openqa.selenium.remote.RemoteWebDriver log
信息: Executing: setTimeout [4d8aaf53-e9d4-874d-b31d-61c459308745, setTimeout {type=implicit, ms=0}]
三月 23, 2014 4:22:05 下午 org.openqa.selenium.remote.RemoteWebDriver log
信息: Executed: [4d8aaf53-e9d4-874d-b31d-61c459308745, setTimeout {type=implicit, ms=0}]
三月 23, 2014 4:22:05 下午 org.openqa.selenium.testing.JUnit4TestBase$1 finished
信息: <<< Finished testShouldStillFailToFindElementsByIdWhenImplicitWaitsAreEnabled(org.openqa.selenium.ImplicitWaitTest)
三月 23, 2014 4:22:05 下午 org.openqa.selenium.testing.JUnit4TestBase$1 starting
信息: >>> Starting testShouldStillFailToFindAnElementWhenImplicitWaitsAreEnabled(org.openqa.selenium.ImplicitWaitTest)
三月 23, 2014 4:22:05 下午 org.openqa.selenium.remote.RemoteWebDriver log
信息: Executing: setTimeout [4d8aaf53-e9d4-874d-b31d-61c459308745, setTimeout {type=implicit, ms=0}]
三月 23, 2014 4:22:05 下午 org.openqa.selenium.remote.RemoteWebDriver log
信息: Executed: [4d8aaf53-e9d4-874d-b31d-61c459308745, setTimeout {type=implicit, ms=0}]
三月 23, 2014 4:22:05 下午 org.openqa.selenium.remote.RemoteWebDriver log
信息: Executing: get [4d8aaf53-e9d4-874d-b31d-61c459308745, get {url=http://localhost:6461/common/dynamic.html}]
三月 23, 2014 4:22:05 下午 org.openqa.selenium.remote.RemoteWebDriver log
信息: Executed: [4d8aaf53-e9d4-874d-b31d-61c459308745, get {url=http://localhost:6461/common/dynamic.html}]
三月 23, 2014 4:22:05 下午 org.openqa.selenium.remote.RemoteWebDriver log
信息: Executing: setTimeout [4d8aaf53-e9d4-874d-b31d-61c459308745, setTimeout {type=implicit, ms=500}]
三月 23, 2014 4:22:05 下午 org.openqa.selenium.remote.RemoteWebDriver log
信息: Executed: [4d8aaf53-e9d4-874d-b31d-61c459308745, setTimeout {type=implicit, ms=500}]
三月 23, 2014 4:22:05 下午 org.openqa.selenium.remote.RemoteWebDriver log
信息: Executing: findElement [4d8aaf53-e9d4-874d-b31d-61c459308745, findElement {using=id, value=box0}]
三月 23, 2014 4:22:06 下午 org.openqa.selenium.remote.RemoteWebDriver log
信息: Executed: [4d8aaf53-e9d4-874d-b31d-61c459308745, findElement {using=id, value=box0}]
三月 23, 2014 4:22:06 下午 org.openqa.selenium.remote.RemoteWebDriver log
信息: Executing: setTimeout [4d8aaf53-e9d4-874d-b31d-61c459308745, setTimeout {type=implicit, ms=0}]
三月 23, 2014 4:22:06 下午 org.openqa.selenium.remote.RemoteWebDriver log
信息: Executed: [4d8aaf53-e9d4-874d-b31d-61c459308745, setTimeout {type=implicit, ms=0}]
三月 23, 2014 4:22:06 下午 org.openqa.selenium.testing.JUnit4TestBase$1 finished
信息: <<< Finished testShouldStillFailToFindAnElementWhenImplicitWaitsAreEnabled(org.openqa.selenium.ImplicitWaitTest)
三月 23, 2014 4:22:06 下午 org.openqa.selenium.testing.JUnit4TestBase$1 starting
信息: >>> Starting testShouldReturnAfterFirstAttemptToFindManyAfterDisablingImplicitWaits(org.openqa.selenium.ImplicitWaitTest)
三月 23, 2014 4:22:06 下午 org.openqa.selenium.remote.RemoteWebDriver log
信息: Executing: setTimeout [4d8aaf53-e9d4-874d-b31d-61c459308745, setTimeout {type=implicit, ms=0}]
三月 23, 2014 4:22:06 下午 org.openqa.selenium.remote.RemoteWebDriver log
信息: Executed: [4d8aaf53-e9d4-874d-b31d-61c459308745, setTimeout {type=implicit, ms=0}]
三月 23, 2014 4:22:06 下午 org.openqa.selenium.remote.RemoteWebDriver log
信息: Executing: get [4d8aaf53-e9d4-874d-b31d-61c459308745, get {url=http://localhost:6461/common/dynamic.html}]
三月 23, 2014 4:22:06 下午 org.openqa.selenium.remote.RemoteWebDriver log
信息: Executed: [4d8aaf53-e9d4-874d-b31d-61c459308745, get {url=http://localhost:6461/common/dynamic.html}]
三月 23, 2014 4:22:06 下午 org.openqa.selenium.remote.RemoteWebDriver log
信息: Executing: findElement [4d8aaf53-e9d4-874d-b31d-61c459308745, findElement {using=id, value=adder}]
三月 23, 2014 4:22:06 下午 org.openqa.selenium.remote.RemoteWebDriver log
信息: Executed: [4d8aaf53-e9d4-874d-b31d-61c459308745, findElement {using=id, value=adder}]
三月 23, 2014 4:22:06 下午 org.openqa.selenium.remote.RemoteWebDriver log
信息: Executing: setTimeout [4d8aaf53-e9d4-874d-b31d-61c459308745, setTimeout {type=implicit, ms=1100}]
三月 23, 2014 4:22:06 下午 org.openqa.selenium.remote.RemoteWebDriver log
信息: Executed: [4d8aaf53-e9d4-874d-b31d-61c459308745, setTimeout {type=implicit, ms=1100}]
三月 23, 2014 4:22:06 下午 org.openqa.selenium.remote.RemoteWebDriver log
信息: Executing: setTimeout [4d8aaf53-e9d4-874d-b31d-61c459308745, setTimeout {type=implicit, ms=0}]
三月 23, 2014 4:22:06 下午 org.openqa.selenium.remote.RemoteWebDriver log
信息: Executed: [4d8aaf53-e9d4-874d-b31d-61c459308745, setTimeout {type=implicit, ms=0}]
三月 23, 2014 4:22:06 下午 org.openqa.selenium.remote.RemoteWebDriver log
信息: Executing: clickElement [4d8aaf53-e9d4-874d-b31d-61c459308745, clickElement {id={aadc9087-19ba-fa44-9a70-23a3ede1e388}}]
三月 23, 2014 4:22:06 下午 org.openqa.selenium.remote.RemoteWebDriver log
信息: Executed: [4d8aaf53-e9d4-874d-b31d-61c459308745, clickElement {id={aadc9087-19ba-fa44-9a70-23a3ede1e388}}]
三月 23, 2014 4:22:06 下午 org.openqa.selenium.remote.RemoteWebDriver log
信息: Executing: findElements [4d8aaf53-e9d4-874d-b31d-61c459308745, findElements {using=class name, value=redbox}]
三月 23, 2014 4:22:06 下午 org.openqa.selenium.remote.RemoteWebDriver log
信息: Executed: [4d8aaf53-e9d4-874d-b31d-61c459308745, findElements {using=class name, value=redbox}]
三月 23, 2014 4:22:06 下午 org.openqa.selenium.remote.RemoteWebDriver log
信息: Executing: setTimeout [4d8aaf53-e9d4-874d-b31d-61c459308745, setTimeout {type=implicit, ms=0}]
三月 23, 2014 4:22:06 下午 org.openqa.selenium.remote.RemoteWebDriver log
信息: Executed: [4d8aaf53-e9d4-874d-b31d-61c459308745, setTimeout {type=implicit, ms=0}]
三月 23, 2014 4:22:06 下午 org.openqa.selenium.testing.JUnit4TestBase$1 finished
信息: <<< Finished testShouldReturnAfterFirstAttemptToFindManyAfterDisablingImplicitWaits(org.openqa.selenium.ImplicitWaitTest)
三月 23, 2014 4:22:06 下午 org.openqa.selenium.testing.JUnit4TestBase$1 starting
信息: >>> Starting testShouldStillFailToFindElementsWhenImplicitWaitsAreEnabled(org.openqa.selenium.ImplicitWaitTest)
三月 23, 2014 4:22:06 下午 org.openqa.selenium.remote.RemoteWebDriver log
信息: Executing: setTimeout [4d8aaf53-e9d4-874d-b31d-61c459308745, setTimeout {type=implicit, ms=0}]
三月 23, 2014 4:22:06 下午 org.openqa.selenium.remote.RemoteWebDriver log
信息: Executed: [4d8aaf53-e9d4-874d-b31d-61c459308745, setTimeout {type=implicit, ms=0}]
三月 23, 2014 4:22:06 下午 org.openqa.selenium.remote.RemoteWebDriver log
信息: Executing: get [4d8aaf53-e9d4-874d-b31d-61c459308745, get {url=http://localhost:6461/common/dynamic.html}]
三月 23, 2014 4:22:06 下午 org.openqa.selenium.remote.RemoteWebDriver log
信息: Executed: [4d8aaf53-e9d4-874d-b31d-61c459308745, get {url=http://localhost:6461/common/dynamic.html}]
三月 23, 2014 4:22:06 下午 org.openqa.selenium.remote.RemoteWebDriver log
信息: Executing: setTimeout [4d8aaf53-e9d4-874d-b31d-61c459308745, setTimeout {type=implicit, ms=500}]
三月 23, 2014 4:22:06 下午 org.openqa.selenium.remote.RemoteWebDriver log
信息: Executed: [4d8aaf53-e9d4-874d-b31d-61c459308745, setTimeout {type=implicit, ms=500}]
三月 23, 2014 4:22:06 下午 org.openqa.selenium.remote.RemoteWebDriver log
信息: Executing: findElements [4d8aaf53-e9d4-874d-b31d-61c459308745, findElements {using=class name, value=redbox}]
三月 23, 2014 4:22:07 下午 org.openqa.selenium.remote.RemoteWebDriver log
信息: Executed: [4d8aaf53-e9d4-874d-b31d-61c459308745, findElements {using=class name, value=redbox}]
三月 23, 2014 4:22:07 下午 org.openqa.selenium.remote.RemoteWebDriver log
信息: Executing: setTimeout [4d8aaf53-e9d4-874d-b31d-61c459308745, setTimeout {type=implicit, ms=0}]
三月 23, 2014 4:22:07 下午 org.openqa.selenium.remote.RemoteWebDriver log
信息: Executed: [4d8aaf53-e9d4-874d-b31d-61c459308745, setTimeout {type=implicit, ms=0}]
三月 23, 2014 4:22:07 下午 org.openqa.selenium.testing.JUnit4TestBase$1 finished
信息: <<< Finished testShouldStillFailToFindElementsWhenImplicitWaitsAreEnabled(org.openqa.selenium.ImplicitWaitTest)
三月 23, 2014 4:22:07 下午 org.openqa.selenium.testing.JUnit4TestBase$1 starting
信息: >>> Starting testShouldImplicitlyWaitForASingleElement(org.openqa.selenium.ImplicitWaitTest)
三月 23, 2014 4:22:07 下午 org.openqa.selenium.remote.RemoteWebDriver log
信息: Executing: setTimeout [4d8aaf53-e9d4-874d-b31d-61c459308745, setTimeout {type=implicit, ms=0}]
三月 23, 2014 4:22:07 下午 org.openqa.selenium.remote.RemoteWebDriver log
信息: Executed: [4d8aaf53-e9d4-874d-b31d-61c459308745, setTimeout {type=implicit, ms=0}]
三月 23, 2014 4:22:07 下午 org.openqa.selenium.remote.RemoteWebDriver log
信息: Executing: get [4d8aaf53-e9d4-874d-b31d-61c459308745, get {url=http://localhost:6461/common/dynamic.html}]
三月 23, 2014 4:22:07 下午 org.openqa.selenium.remote.RemoteWebDriver log
信息: Executed: [4d8aaf53-e9d4-874d-b31d-61c459308745, get {url=http://localhost:6461/common/dynamic.html}]
三月 23, 2014 4:22:07 下午 org.openqa.selenium.remote.RemoteWebDriver log
信息: Executing: findElement [4d8aaf53-e9d4-874d-b31d-61c459308745, findElement {using=id, value=adder}]
三月 23, 2014 4:22:07 下午 org.openqa.selenium.remote.RemoteWebDriver log
信息: Executed: [4d8aaf53-e9d4-874d-b31d-61c459308745, findElement {using=id, value=adder}]
三月 23, 2014 4:22:07 下午 org.openqa.selenium.remote.RemoteWebDriver log
信息: Executing: setTimeout [4d8aaf53-e9d4-874d-b31d-61c459308745, setTimeout {type=implicit, ms=3000}]
三月 23, 2014 4:22:07 下午 org.openqa.selenium.remote.RemoteWebDriver log
信息: Executed: [4d8aaf53-e9d4-874d-b31d-61c459308745, setTimeout {type=implicit, ms=3000}]
三月 23, 2014 4:22:07 下午 org.openqa.selenium.remote.RemoteWebDriver log
信息: Executing: clickElement [4d8aaf53-e9d4-874d-b31d-61c459308745, clickElement {id={cc8d2200-05d0-0a4c-9a29-42ad0865532c}}]
三月 23, 2014 4:22:07 下午 org.openqa.selenium.remote.RemoteWebDriver log
信息: Executed: [4d8aaf53-e9d4-874d-b31d-61c459308745, clickElement {id={cc8d2200-05d0-0a4c-9a29-42ad0865532c}}]
三月 23, 2014 4:22:07 下午 org.openqa.selenium.remote.RemoteWebDriver log
信息: Executing: findElement [4d8aaf53-e9d4-874d-b31d-61c459308745, findElement {using=id, value=box0}]
三月 23, 2014 4:22:08 下午 org.openqa.selenium.remote.RemoteWebDriver log
信息: Executed: [4d8aaf53-e9d4-874d-b31d-61c459308745, findElement {using=id, value=box0}]
三月 23, 2014 4:22:08 下午 org.openqa.selenium.remote.RemoteWebDriver log
信息: Executing: setTimeout [4d8aaf53-e9d4-874d-b31d-61c459308745, setTimeout {type=implicit, ms=0}]
三月 23, 2014 4:22:08 下午 org.openqa.selenium.remote.RemoteWebDriver log
信息: Executed: [4d8aaf53-e9d4-874d-b31d-61c459308745, setTimeout {type=implicit, ms=0}]
三月 23, 2014 4:22:08 下午 org.openqa.selenium.testing.JUnit4TestBase$1 finished
信息: <<< Finished testShouldImplicitlyWaitForASingleElement(org.openqa.selenium.ImplicitWaitTest)
三月 23, 2014 4:22:08 下午 org.openqa.selenium.testing.JUnit4TestBase$1 starting
信息: >>> Starting testShouldReturnAfterFirstAttemptToFindOneAfterDisablingImplicitWaits(org.openqa.selenium.ImplicitWaitTest)
三月 23, 2014 4:22:08 下午 org.openqa.selenium.remote.RemoteWebDriver log
信息: Executing: setTimeout [4d8aaf53-e9d4-874d-b31d-61c459308745, setTimeout {type=implicit, ms=0}]
三月 23, 2014 4:22:08 下午 org.openqa.selenium.remote.RemoteWebDriver log
信息: Executed: [4d8aaf53-e9d4-874d-b31d-61c459308745, setTimeout {type=implicit, ms=0}]
三月 23, 2014 4:22:08 下午 org.openqa.selenium.remote.RemoteWebDriver log
信息: Executing: get [4d8aaf53-e9d4-874d-b31d-61c459308745, get {url=http://localhost:6461/common/dynamic.html}]
三月 23, 2014 4:22:08 下午 org.openqa.selenium.remote.RemoteWebDriver log
信息: Executed: [4d8aaf53-e9d4-874d-b31d-61c459308745, get {url=http://localhost:6461/common/dynamic.html}]
三月 23, 2014 4:22:08 下午 org.openqa.selenium.remote.RemoteWebDriver log
信息: Executing: setTimeout [4d8aaf53-e9d4-874d-b31d-61c459308745, setTimeout {type=implicit, ms=3000}]
三月 23, 2014 4:22:08 下午 org.openqa.selenium.remote.RemoteWebDriver log
信息: Executed: [4d8aaf53-e9d4-874d-b31d-61c459308745, setTimeout {type=implicit, ms=3000}]
三月 23, 2014 4:22:08 下午 org.openqa.selenium.remote.RemoteWebDriver log
信息: Executing: setTimeout [4d8aaf53-e9d4-874d-b31d-61c459308745, setTimeout {type=implicit, ms=0}]
三月 23, 2014 4:22:08 下午 org.openqa.selenium.remote.RemoteWebDriver log
信息: Executed: [4d8aaf53-e9d4-874d-b31d-61c459308745, setTimeout {type=implicit, ms=0}]
三月 23, 2014 4:22:08 下午 org.openqa.selenium.remote.RemoteWebDriver log
信息: Executing: findElement [4d8aaf53-e9d4-874d-b31d-61c459308745, findElement {using=id, value=box0}]
三月 23, 2014 4:22:08 下午 org.openqa.selenium.remote.RemoteWebDriver log
信息: Executed: [4d8aaf53-e9d4-874d-b31d-61c459308745, findElement {using=id, value=box0}]
三月 23, 2014 4:22:08 下午 org.openqa.selenium.remote.RemoteWebDriver log
信息: Executing: setTimeout [4d8aaf53-e9d4-874d-b31d-61c459308745, setTimeout {type=implicit, ms=0}]
三月 23, 2014 4:22:08 下午 org.openqa.selenium.remote.RemoteWebDriver log
信息: Executed: [4d8aaf53-e9d4-874d-b31d-61c459308745, setTimeout {type=implicit, ms=0}]
三月 23, 2014 4:22:08 下午 org.openqa.selenium.testing.JUnit4TestBase$1 finished
信息: <<< Finished testShouldReturnAfterFirstAttemptToFindOneAfterDisablingImplicitWaits(org.openqa.selenium.ImplicitWaitTest)
三月 23, 2014 4:22:08 下午 org.openqa.selenium.testing.JUnit4TestBase$1 starting
信息: >>> Starting testDocumentShouldReflectLatestDom(org.openqa.selenium.JavascriptEnabledDriverTest)
三月 23, 2014 4:22:08 下午 org.openqa.selenium.remote.RemoteWebDriver log
信息: Executing: get [4d8aaf53-e9d4-874d-b31d-61c459308745, get {url=http://localhost:6461/common/javascriptPage.html}]
三月 23, 2014 4:22:08 下午 org.openqa.selenium.remote.RemoteWebDriver log
信息: Executed: [4d8aaf53-e9d4-874d-b31d-61c459308745, get {url=http://localhost:6461/common/javascriptPage.html}]
三月 23, 2014 4:22:08 下午 org.openqa.selenium.remote.RemoteWebDriver log
信息: Executing: findElement [4d8aaf53-e9d4-874d-b31d-61c459308745, findElement {using=xpath, value=//div[@id='dynamo']}]
三月 23, 2014 4:22:08 下午 org.openqa.selenium.remote.RemoteWebDriver log
信息: Executed: [4d8aaf53-e9d4-874d-b31d-61c459308745, findElement {using=xpath, value=//div[@id='dynamo']}]
三月 23, 2014 4:22:08 下午 org.openqa.selenium.remote.RemoteWebDriver log
信息: Executing: getElementText [4d8aaf53-e9d4-874d-b31d-61c459308745, getElementText {id={b5bff9b8-561a-c94f-8733-72ac2561d56c}}]
三月 23, 2014 4:22:08 下午 org.openqa.selenium.remote.RemoteWebDriver log
信息: Executed: [4d8aaf53-e9d4-874d-b31d-61c459308745, getElementText {id={b5bff9b8-561a-c94f-8733-72ac2561d56c}}]
三月 23, 2014 4:22:08 下午 org.openqa.selenium.remote.RemoteWebDriver log
信息: Executing: findElement [4d8aaf53-e9d4-874d-b31d-61c459308745, findElement {using=link text, value=Update a div}]
三月 23, 2014 4:22:08 下午 org.openqa.selenium.remote.RemoteWebDriver log
信息: Executed: [4d8aaf53-e9d4-874d-b31d-61c459308745, findElement {using=link text, value=Update a div}]
三月 23, 2014 4:22:08 下午 org.openqa.selenium.remote.RemoteWebDriver log
信息: Executing: clickElement [4d8aaf53-e9d4-874d-b31d-61c459308745, clickElement {id={f06ca787-e18f-104c-be56-9ae45d5a7b4d}}]
三月 23, 2014 4:22:08 下午 org.openqa.selenium.remote.RemoteWebDriver log
信息: Executed: [4d8aaf53-e9d4-874d-b31d-61c459308745, clickElement {id={f06ca787-e18f-104c-be56-9ae45d5a7b4d}}]
三月 23, 2014 4:22:08 下午 org.openqa.selenium.remote.RemoteWebDriver log
信息: Executing: findElement [4d8aaf53-e9d4-874d-b31d-61c459308745, findElement {using=xpath, value=//div[@id='dynamo']}]
三月 23, 2014 4:22:08 下午 org.openqa.selenium.remote.RemoteWebDriver log
信息: Executed: [4d8aaf53-e9d4-874d-b31d-61c459308745, findElement {using=xpath, value=//div[@id='dynamo']}]
三月 23, 2014 4:22:08 下午 org.openqa.selenium.remote.RemoteWebDriver log
信息: Executing: getElementText [4d8aaf53-e9d4-874d-b31d-61c459308745, getElementText {id={b5bff9b8-561a-c94f-8733-72ac2561d56c}}]
三月 23, 2014 4:22:08 下午 org.openqa.selenium.remote.RemoteWebDriver log
信息: Executed: [4d8aaf53-e9d4-874d-b31d-61c459308745, getElementText {id={b5bff9b8-561a-c94f-8733-72ac2561d56c}}]
三月 23, 2014 4:22:08 下午 org.openqa.selenium.remote.RemoteWebDriver log
信息: Executing: getElementText [4d8aaf53-e9d4-874d-b31d-61c459308745, getElementText {id={b5bff9b8-561a-c94f-8733-72ac2561d56c}}]
三月 23, 2014 4:22:08 下午 org.openqa.selenium.remote.RemoteWebDriver log
信息: Executed: [4d8aaf53-e9d4-874d-b31d-61c459308745, getElementText {id={b5bff9b8-561a-c94f-8733-72ac2561d56c}}]
三月 23, 2014 4:22:08 下午 org.openqa.selenium.testing.JUnit4TestBase$1 finished
信息: <<< Finished testDocumentShouldReflectLatestDom(org.openqa.selenium.JavascriptEnabledDriverTest)
三月 23, 2014 4:22:08 下午 org.openqa.selenium.testing.JUnit4TestBase$1 starting
信息: >>> Starting testShouldBeAbleToSubmitFormsByCausingTheOnClickEventToFire(org.openqa.selenium.JavascriptEnabledDriverTest)
三月 23, 2014 4:22:08 下午 org.openqa.selenium.remote.RemoteWebDriver log
信息: Executing: get [4d8aaf53-e9d4-874d-b31d-61c459308745, get {url=http://localhost:6461/common/javascriptPage.html}]
三月 23, 2014 4:22:08 下午 org.openqa.selenium.remote.RemoteWebDriver log
信息: Executed: [4d8aaf53-e9d4-874d-b31d-61c459308745, get {url=http://localhost:6461/common/javascriptPage.html}]
三月 23, 2014 4:22:08 下午 org.openqa.selenium.remote.RemoteWebDriver log
信息: Executing: findElement [4d8aaf53-e9d4-874d-b31d-61c459308745, findElement {using=id, value=jsSubmitButton}]
三月 23, 2014 4:22:08 下午 org.openqa.selenium.remote.RemoteWebDriver log
信息: Executed: [4d8aaf53-e9d4-874d-b31d-61c459308745, findElement {using=id, value=jsSubmitButton}]
三月 23, 2014 4:22:08 下午 org.openqa.selenium.remote.RemoteWebDriver log
信息: Executing: clickElement [4d8aaf53-e9d4-874d-b31d-61c459308745, clickElement {id={e28ecd10-a725-4b47-addd-898fb5769a46}}]
三月 23, 2014 4:22:08 下午 org.openqa.selenium.remote.RemoteWebDriver log
信息: Executed: [4d8aaf53-e9d4-874d-b31d-61c459308745, clickElement {id={e28ecd10-a725-4b47-addd-898fb5769a46}}]
三月 23, 2014 4:22:08 下午 org.openqa.selenium.remote.RemoteWebDriver log
信息: Executing: getTitle [4d8aaf53-e9d4-874d-b31d-61c459308745, getTitle {}]
三月 23, 2014 4:22:08 下午 org.openqa.selenium.remote.RemoteWebDriver log
信息: Executed: [4d8aaf53-e9d4-874d-b31d-61c459308745, getTitle {}]
三月 23, 2014 4:22:08 下午 org.openqa.selenium.remote.RemoteWebDriver log
信息: Executing: getTitle [4d8aaf53-e9d4-874d-b31d-61c459308745, getTitle {}]
三月 23, 2014 4:22:08 下午 org.openqa.selenium.remote.RemoteWebDriver log
信息: Executed: [4d8aaf53-e9d4-874d-b31d-61c459308745, getTitle {}]
三月 23, 2014 4:22:08 下午 org.openqa.selenium.testing.JUnit4TestBase$1 finished
信息: <<< Finished testShouldBeAbleToSubmitFormsByCausingTheOnClickEventToFire(org.openqa.selenium.JavascriptEnabledDriverTest)
三月 23, 2014 4:22:08 下午 org.openqa.selenium.testing.JUnit4TestBase$1 starting
信息: >>> Starting testShouldBeAbleToGetTheLocationOfAnElement(org.openqa.selenium.JavascriptEnabledDriverTest)
三月 23, 2014 4:22:08 下午 org.openqa.selenium.remote.RemoteWebDriver log
信息: Executing: get [4d8aaf53-e9d4-874d-b31d-61c459308745, get {url=http://localhost:6461/common/javascriptPage.html}]
三月 23, 2014 4:22:08 下午 org.openqa.selenium.remote.RemoteWebDriver log
信息: Executed: [4d8aaf53-e9d4-874d-b31d-61c459308745, get {url=http://localhost:6461/common/javascriptPage.html}]
三月 23, 2014 4:22:08 下午 org.openqa.selenium.remote.RemoteWebDriver log
信息: Executing: executeScript [4d8aaf53-e9d4-874d-b31d-61c459308745, executeScript {script=window.focus();, args=[]}]
三月 23, 2014 4:22:08 下午 org.openqa.selenium.remote.RemoteWebDriver log
信息: Executed: [4d8aaf53-e9d4-874d-b31d-61c459308745, executeScript {script=window.focus();, args=[]}]
三月 23, 2014 4:22:08 下午 org.openqa.selenium.remote.RemoteWebDriver log
信息: Executing: findElement [4d8aaf53-e9d4-874d-b31d-61c459308745, findElement {using=id, value=keyUp}]
三月 23, 2014 4:22:08 下午 org.openqa.selenium.remote.RemoteWebDriver log
信息: Executed: [4d8aaf53-e9d4-874d-b31d-61c459308745, findElement {using=id, value=keyUp}]
三月 23, 2014 4:22:08 下午 org.openqa.selenium.remote.RemoteWebDriver log
信息: Executing: getElementLocationOnceScrolledIntoView [4d8aaf53-e9d4-874d-b31d-61c459308745, getElementLocationOnceScrolledIntoView {id={365d2550-b71e-2741-a6c4-9b8295727901}}]
三月 23, 2014 4:22:08 下午 org.openqa.selenium.remote.RemoteWebDriver log
信息: Executed: [4d8aaf53-e9d4-874d-b31d-61c459308745, getElementLocationOnceScrolledIntoView {id={365d2550-b71e-2741-a6c4-9b8295727901}}]
三月 23, 2014 4:22:08 下午 org.openqa.selenium.testing.JUnit4TestBase$1 finished
信息: <<< Finished testShouldBeAbleToGetTheLocationOfAnElement(org.openqa.selenium.JavascriptEnabledDriverTest)
三月 23, 2014 4:22:08 下午 org.openqa.selenium.testing.JUnit4TestBase$1 starting
信息: >>> Starting testDocumentShouldReflectLatestTitle(org.openqa.selenium.JavascriptEnabledDriverTest)
三月 23, 2014 4:22:08 下午 org.openqa.selenium.remote.RemoteWebDriver log
信息: Executing: get [4d8aaf53-e9d4-874d-b31d-61c459308745, get {url=http://localhost:6461/common/javascriptPage.html}]
三月 23, 2014 4:22:09 下午 org.openqa.selenium.remote.RemoteWebDriver log
信息: Executed: [4d8aaf53-e9d4-874d-b31d-61c459308745, get {url=http://localhost:6461/common/javascriptPage.html}]
三月 23, 2014 4:22:09 下午 org.openqa.selenium.remote.RemoteWebDriver log
信息: Executing: getTitle [4d8aaf53-e9d4-874d-b31d-61c459308745, getTitle {}]
三月 23, 2014 4:22:09 下午 org.openqa.selenium.remote.RemoteWebDriver log
信息: Executed: [4d8aaf53-e9d4-874d-b31d-61c459308745, getTitle {}]
三月 23, 2014 4:22:09 下午 org.openqa.selenium.remote.RemoteWebDriver log
信息: Executing: findElement [4d8aaf53-e9d4-874d-b31d-61c459308745, findElement {using=link text, value=Change the page title!}]
三月 23, 2014 4:22:09 下午 org.openqa.selenium.remote.RemoteWebDriver log
信息: Executed: [4d8aaf53-e9d4-874d-b31d-61c459308745, findElement {using=link text, value=Change the page title!}]
三月 23, 2014 4:22:09 下午 org.openqa.selenium.remote.RemoteWebDriver log
信息: Executing: clickElement [4d8aaf53-e9d4-874d-b31d-61c459308745, clickElement {id={9bf898f6-7897-5b4d-bdbb-01d1d2080aa2}}]
三月 23, 2014 4:22:09 下午 org.openqa.selenium.remote.RemoteWebDriver log
信息: Executed: [4d8aaf53-e9d4-874d-b31d-61c459308745, clickElement {id={9bf898f6-7897-5b4d-bdbb-01d1d2080aa2}}]
三月 23, 2014 4:22:09 下午 org.openqa.selenium.remote.RemoteWebDriver log
信息: Executing: getTitle [4d8aaf53-e9d4-874d-b31d-61c459308745, getTitle {}]
三月 23, 2014 4:22:09 下午 org.openqa.selenium.remote.RemoteWebDriver log
信息: Executed: [4d8aaf53-e9d4-874d-b31d-61c459308745, getTitle {}]
三月 23, 2014 4:22:09 下午 org.openqa.selenium.remote.RemoteWebDriver log
信息: Executing: getTitle [4d8aaf53-e9d4-874d-b31d-61c459308745, getTitle {}]
三月 23, 2014 4:22:09 下午 org.openqa.selenium.remote.RemoteWebDriver log
信息: Executed: [4d8aaf53-e9d4-874d-b31d-61c459308745, getTitle {}]
三月 23, 2014 4:22:09 下午 org.openqa.selenium.testing.JUnit4TestBase$1 finished
信息: <<< Finished testDocumentShouldReflectLatestTitle(org.openqa.selenium.JavascriptEnabledDriverTest)
三月 23, 2014 4:22:09 下午 org.openqa.selenium.testing.JUnit4TestBase$1 starting
信息: >>> Starting testShouldBeAbleToClickIfEvenSomethingHorribleHappens(org.openqa.selenium.JavascriptEnabledDriverTest)
三月 23, 2014 4:22:09 下午 org.openqa.selenium.remote.RemoteWebDriver log
信息: Executing: get [4d8aaf53-e9d4-874d-b31d-61c459308745, get {url=http://localhost:6461/common/javascriptPage.html}]
三月 23, 2014 4:22:09 下午 org.openqa.selenium.remote.RemoteWebDriver log
信息: Executed: [4d8aaf53-e9d4-874d-b31d-61c459308745, get {url=http://localhost:6461/common/javascriptPage.html}]
三月 23, 2014 4:22:09 下午 org.openqa.selenium.remote.RemoteWebDriver log
信息: Executing: findElement [4d8aaf53-e9d4-874d-b31d-61c459308745, findElement {using=id, value=error}]
三月 23, 2014 4:22:09 下午 org.openqa.selenium.remote.RemoteWebDriver log
信息: Executed: [4d8aaf53-e9d4-874d-b31d-61c459308745, findElement {using=id, value=error}]
三月 23, 2014 4:22:09 下午 org.openqa.selenium.remote.RemoteWebDriver log
信息: Executing: clickElement [4d8aaf53-e9d4-874d-b31d-61c459308745, clickElement {id={76aee616-a55c-674e-b394-5647a33eb0c5}}]
三月 23, 2014 4:22:09 下午 org.openqa.selenium.remote.RemoteWebDriver log
信息: Executed: [4d8aaf53-e9d4-874d-b31d-61c459308745, clickElement {id={76aee616-a55c-674e-b394-5647a33eb0c5}}]
三月 23, 2014 4:22:09 下午 org.openqa.selenium.remote.RemoteWebDriver log
信息: Executing: findElement [4d8aaf53-e9d4-874d-b31d-61c459308745, findElement {using=id, value=error}]
三月 23, 2014 4:22:09 下午 org.openqa.selenium.remote.RemoteWebDriver log
信息: Executed: [4d8aaf53-e9d4-874d-b31d-61c459308745, findElement {using=id, value=error}]
三月 23, 2014 4:22:09 下午 org.openqa.selenium.remote.RemoteWebDriver log
信息: Executing: getElementText [4d8aaf53-e9d4-874d-b31d-61c459308745, getElementText {id={76aee616-a55c-674e-b394-5647a33eb0c5}}]
三月 23, 2014 4:22:09 下午 org.openqa.selenium.remote.RemoteWebDriver log
信息: Executed: [4d8aaf53-e9d4-874d-b31d-61c459308745, getElementText {id={76aee616-a55c-674e-b394-5647a33eb0c5}}]
三月 23, 2014 4:22:09 下午 org.openqa.selenium.testing.JUnit4TestBase$1 finished
信息: <<< Finished testShouldBeAbleToClickIfEvenSomethingHorribleHappens(org.openqa.selenium.JavascriptEnabledDriverTest)
三月 23, 2014 4:22:09 下午 org.openqa.selenium.remote.RemoteWebDriver log
信息: Executing: quit [4d8aaf53-e9d4-874d-b31d-61c459308745, quit {}]
三月 23, 2014 4:22:09 下午 org.openqa.selenium.remote.RemoteWebDriver log
信息: Executed: [4d8aaf53-e9d4-874d-b31d-61c459308745, quit {}]
三月 23, 2014 4:22:11 下午 org.openqa.selenium.testing.JUnit4TestBase$1 starting
信息: >>> Starting testShouldBeAbleToClickALinkThatClosesAWindow(org.openqa.selenium.JavascriptEnabledDriverTest)
三月 23, 2014 4:22:11 下午 org.openqa.selenium.remote.RemoteWebDriver log
信息: Executing: get [781fb352-7f05-5949-8090-c5baf4e9a092, get {url=http://localhost:6461/common/javascriptPage.html}]
三月 23, 2014 4:22:11 下午 org.openqa.selenium.remote.RemoteWebDriver log
信息: Executed: [781fb352-7f05-5949-8090-c5baf4e9a092, get {url=http://localhost:6461/common/javascriptPage.html}]
三月 23, 2014 4:22:11 下午 org.openqa.selenium.remote.RemoteWebDriver log
信息: Executing: getCurrentWindowHandle [781fb352-7f05-5949-8090-c5baf4e9a092, getCurrentWindowHandle {}]
三月 23, 2014 4:22:11 下午 org.openqa.selenium.remote.RemoteWebDriver log
信息: Executed: [781fb352-7f05-5949-8090-c5baf4e9a092, getCurrentWindowHandle {}]
三月 23, 2014 4:22:11 下午 org.openqa.selenium.remote.RemoteWebDriver log
信息: Executing: findElement [781fb352-7f05-5949-8090-c5baf4e9a092, findElement {using=id, value=new_window}]
三月 23, 2014 4:22:11 下午 org.openqa.selenium.remote.RemoteWebDriver log
信息: Executed: [781fb352-7f05-5949-8090-c5baf4e9a092, findElement {using=id, value=new_window}]
三月 23, 2014 4:22:11 下午 org.openqa.selenium.remote.RemoteWebDriver log
信息: Executing: clickElement [781fb352-7f05-5949-8090-c5baf4e9a092, clickElement {id={fedcfb87-2880-8b4c-88e7-504b571d739e}}]
三月 23, 2014 4:22:11 下午 org.openqa.selenium.remote.RemoteWebDriver log
信息: Executed: [781fb352-7f05-5949-8090-c5baf4e9a092, clickElement {id={fedcfb87-2880-8b4c-88e7-504b571d739e}}]
三月 23, 2014 4:22:11 下午 org.openqa.selenium.remote.RemoteWebDriver log
信息: Executing: switchToWindow [781fb352-7f05-5949-8090-c5baf4e9a092, switchToWindow {name=close_me}]
三月 23, 2014 4:22:11 下午 org.openqa.selenium.remote.RemoteWebDriver log
信息: Executed: [781fb352-7f05-5949-8090-c5baf4e9a092, switchToWindow {name=close_me}]
三月 23, 2014 4:22:11 下午 org.openqa.selenium.remote.RemoteWebDriver log
信息: Executing: findElement [781fb352-7f05-5949-8090-c5baf4e9a092, findElement {using=id, value=close}]
三月 23, 2014 4:22:11 下午 org.openqa.selenium.remote.RemoteWebDriver log
信息: Executed: [781fb352-7f05-5949-8090-c5baf4e9a092, findElement {using=id, value=close}]
三月 23, 2014 4:22:11 下午 org.openqa.selenium.remote.RemoteWebDriver log
信息: Executing: clickElement [781fb352-7f05-5949-8090-c5baf4e9a092, clickElement {id={2584f73d-d107-4f4c-9cdd-385b5c01f8c3}}]
三月 23, 2014 4:22:11 下午 org.openqa.selenium.remote.RemoteWebDriver log
信息: Executed: [781fb352-7f05-5949-8090-c5baf4e9a092, clickElement {id={2584f73d-d107-4f4c-9cdd-385b5c01f8c3}}]
三月 23, 2014 4:22:11 下午 org.openqa.selenium.remote.RemoteWebDriver log
信息: Executing: switchToWindow [781fb352-7f05-5949-8090-c5baf4e9a092, switchToWindow {name={2b56a022-588d-3641-af5b-19fb854a6368}}]
三月 23, 2014 4:22:11 下午 org.openqa.selenium.remote.RemoteWebDriver log
信息: Executed: [781fb352-7f05-5949-8090-c5baf4e9a092, switchToWindow {name={2b56a022-588d-3641-af5b-19fb854a6368}}]
三月 23, 2014 4:22:11 下午 org.openqa.selenium.testing.JUnit4TestBase$1 finished
信息: <<< Finished testShouldBeAbleToClickALinkThatClosesAWindow(org.openqa.selenium.JavascriptEnabledDriverTest)
三月 23, 2014 4:22:11 下午 org.openqa.selenium.testing.JUnit4TestBase$1 starting
信息: >>> Starting testShouldFireOnChangeEventWhenSettingAnElementsValue(org.openqa.selenium.JavascriptEnabledDriverTest)
三月 23, 2014 4:22:11 下午 org.openqa.selenium.remote.RemoteWebDriver log
信息: Executing: get [781fb352-7f05-5949-8090-c5baf4e9a092, get {url=http://localhost:6461/common/javascriptPage.html}]
三月 23, 2014 4:22:11 下午 org.openqa.selenium.remote.RemoteWebDriver log
信息: Executed: [781fb352-7f05-5949-8090-c5baf4e9a092, get {url=http://localhost:6461/common/javascriptPage.html}]
三月 23, 2014 4:22:11 下午 org.openqa.selenium.remote.RemoteWebDriver log
信息: Executing: findElement [781fb352-7f05-5949-8090-c5baf4e9a092, findElement {using=id, value=change}]
三月 23, 2014 4:22:11 下午 org.openqa.selenium.remote.RemoteWebDriver log
信息: Executed: [781fb352-7f05-5949-8090-c5baf4e9a092, findElement {using=id, value=change}]
三月 23, 2014 4:22:11 下午 org.openqa.selenium.remote.RemoteWebDriver log
信息: Executing: sendKeysToElement [781fb352-7f05-5949-8090-c5baf4e9a092, sendKeysToElement {id={d771c2f9-c377-e342-be9d-e9b76ae0e046}, value=[Ljava.lang.CharSequence;@1fa8e045}]
三月 23, 2014 4:22:11 下午 org.openqa.selenium.remote.RemoteWebDriver log
信息: Executed: [781fb352-7f05-5949-8090-c5baf4e9a092, sendKeysToElement {id={d771c2f9-c377-e342-be9d-e9b76ae0e046}, value=[Ljava.lang.CharSequence;@1fa8e045}]
三月 23, 2014 4:22:11 下午 org.openqa.selenium.remote.RemoteWebDriver log
信息: Executing: findElement [781fb352-7f05-5949-8090-c5baf4e9a092, findElement {using=id, value=result}]
三月 23, 2014 4:22:12 下午 org.openqa.selenium.remote.RemoteWebDriver log
信息: Executed: [781fb352-7f05-5949-8090-c5baf4e9a092, findElement {using=id, value=result}]
三月 23, 2014 4:22:12 下午 org.openqa.selenium.remote.RemoteWebDriver log
信息: Executing: getElementText [781fb352-7f05-5949-8090-c5baf4e9a092, getElementText {id={fff83da6-4fe1-ef4d-a5e1-9ff0e23fc16b}}]
三月 23, 2014 4:22:12 下午 org.openqa.selenium.remote.RemoteWebDriver log
信息: Executed: [781fb352-7f05-5949-8090-c5baf4e9a092, getElementText {id={fff83da6-4fe1-ef4d-a5e1-9ff0e23fc16b}}]
三月 23, 2014 4:22:12 下午 org.openqa.selenium.testing.JUnit4TestBase$1 finished
信息: <<< Finished testShouldFireOnChangeEventWhenSettingAnElementsValue(org.openqa.selenium.JavascriptEnabledDriverTest)
三月 23, 2014 4:22:12 下午 org.openqa.selenium.testing.JUnit4TestBase$1 starting
信息: >>> Starting testShouldBeAbleToClickOnSubmitButtons(org.openqa.selenium.JavascriptEnabledDriverTest)
三月 23, 2014 4:22:12 下午 org.openqa.selenium.remote.RemoteWebDriver log
信息: Executing: get [781fb352-7f05-5949-8090-c5baf4e9a092, get {url=http://localhost:6461/common/javascriptPage.html}]
三月 23, 2014 4:22:12 下午 org.openqa.selenium.remote.RemoteWebDriver log
信息: Executed: [781fb352-7f05-5949-8090-c5baf4e9a092, get {url=http://localhost:6461/common/javascriptPage.html}]
三月 23, 2014 4:22:12 下午 org.openqa.selenium.remote.RemoteWebDriver log
信息: Executing: findElement [781fb352-7f05-5949-8090-c5baf4e9a092, findElement {using=id, value=submittingButton}]
三月 23, 2014 4:22:12 下午 org.openqa.selenium.remote.RemoteWebDriver log
信息: Executed: [781fb352-7f05-5949-8090-c5baf4e9a092, findElement {using=id, value=submittingButton}]
三月 23, 2014 4:22:12 下午 org.openqa.selenium.remote.RemoteWebDriver log
信息: Executing: clickElement [781fb352-7f05-5949-8090-c5baf4e9a092, clickElement {id={56ad74eb-0619-224d-a43e-305a8185bd50}}]
三月 23, 2014 4:22:12 下午 org.openqa.selenium.remote.RemoteWebDriver log
信息: Executed: [781fb352-7f05-5949-8090-c5baf4e9a092, clickElement {id={56ad74eb-0619-224d-a43e-305a8185bd50}}]
三月 23, 2014 4:22:12 下午 org.openqa.selenium.remote.RemoteWebDriver log
信息: Executing: getTitle [781fb352-7f05-5949-8090-c5baf4e9a092, getTitle {}]
三月 23, 2014 4:22:12 下午 org.openqa.selenium.remote.RemoteWebDriver log
信息: Executed: [781fb352-7f05-5949-8090-c5baf4e9a092, getTitle {}]
三月 23, 2014 4:22:12 下午 org.openqa.selenium.remote.RemoteWebDriver log
信息: Executing: getTitle [781fb352-7f05-5949-8090-c5baf4e9a092, getTitle {}]
三月 23, 2014 4:22:12 下午 org.openqa.selenium.remote.RemoteWebDriver log
信息: Executed: [781fb352-7f05-5949-8090-c5baf4e9a092, getTitle {}]
三月 23, 2014 4:22:12 下午 org.openqa.selenium.testing.JUnit4TestBase$1 finished
信息: <<< Finished testShouldBeAbleToClickOnSubmitButtons(org.openqa.selenium.JavascriptEnabledDriverTest)
三月 23, 2014 4:22:12 下午 org.openqa.selenium.testing.JUnit4TestBase$1 starting
信息: >>> Starting testIssue80ClickShouldGenerateClickEvent(org.openqa.selenium.JavascriptEnabledDriverTest)
三月 23, 2014 4:22:12 下午 org.openqa.selenium.remote.RemoteWebDriver log
信息: Executing: get [781fb352-7f05-5949-8090-c5baf4e9a092, get {url=http://localhost:6461/common/javascriptPage.html}]
三月 23, 2014 4:22:12 下午 org.openqa.selenium.remote.RemoteWebDriver log
信息: Executed: [781fb352-7f05-5949-8090-c5baf4e9a092, get {url=http://localhost:6461/common/javascriptPage.html}]
三月 23, 2014 4:22:12 下午 org.openqa.selenium.remote.RemoteWebDriver log
信息: Executing: findElement [781fb352-7f05-5949-8090-c5baf4e9a092, findElement {using=id, value=clickField}]
三月 23, 2014 4:22:12 下午 org.openqa.selenium.remote.RemoteWebDriver log
信息: Executed: [781fb352-7f05-5949-8090-c5baf4e9a092, findElement {using=id, value=clickField}]
三月 23, 2014 4:22:12 下午 org.openqa.selenium.remote.RemoteWebDriver log
信息: Executing: getElementAttribute [781fb352-7f05-5949-8090-c5baf4e9a092, getElementAttribute {id={805c85d4-5997-4a42-96e0-45c6597351aa}, name=value}]
三月 23, 2014 4:22:12 下午 org.openqa.selenium.remote.RemoteWebDriver log
信息: Executed: [781fb352-7f05-5949-8090-c5baf4e9a092, getElementAttribute {id={805c85d4-5997-4a42-96e0-45c6597351aa}, name=value}]
三月 23, 2014 4:22:12 下午 org.openqa.selenium.remote.RemoteWebDriver log
信息: Executing: clickElement [781fb352-7f05-5949-8090-c5baf4e9a092, clickElement {id={805c85d4-5997-4a42-96e0-45c6597351aa}}]
三月 23, 2014 4:22:12 下午 org.openqa.selenium.remote.RemoteWebDriver log
信息: Executed: [781fb352-7f05-5949-8090-c5baf4e9a092, clickElement {id={805c85d4-5997-4a42-96e0-45c6597351aa}}]
三月 23, 2014 4:22:12 下午 org.openqa.selenium.remote.RemoteWebDriver log
信息: Executing: getElementAttribute [781fb352-7f05-5949-8090-c5baf4e9a092, getElementAttribute {id={805c85d4-5997-4a42-96e0-45c6597351aa}, name=value}]
三月 23, 2014 4:22:12 下午 org.openqa.selenium.remote.RemoteWebDriver log
信息: Executed: [781fb352-7f05-5949-8090-c5baf4e9a092, getElementAttribute {id={805c85d4-5997-4a42-96e0-45c6597351aa}, name=value}]
三月 23, 2014 4:22:12 下午 org.openqa.selenium.testing.JUnit4TestBase$1 finished
信息: <<< Finished testIssue80ClickShouldGenerateClickEvent(org.openqa.selenium.JavascriptEnabledDriverTest)
三月 23, 2014 4:22:12 下午 org.openqa.selenium.testing.JUnit4TestBase$1 starting
信息: >>> Starting testShouldBeAbleToFindElementAfterJavascriptCausesANewPageToLoad(org.openqa.selenium.JavascriptEnabledDriverTest)
三月 23, 2014 4:22:12 下午 org.openqa.selenium.remote.RemoteWebDriver log
信息: Executing: get [781fb352-7f05-5949-8090-c5baf4e9a092, get {url=http://localhost:6461/common/formPage.html}]
三月 23, 2014 4:22:12 下午 org.openqa.selenium.remote.RemoteWebDriver log
信息: Executed: [781fb352-7f05-5949-8090-c5baf4e9a092, get {url=http://localhost:6461/common/formPage.html}]
三月 23, 2014 4:22:12 下午 org.openqa.selenium.remote.RemoteWebDriver log
信息: Executing: findElement [781fb352-7f05-5949-8090-c5baf4e9a092, findElement {using=id, value=changeme}]
三月 23, 2014 4:22:12 下午 org.openqa.selenium.remote.RemoteWebDriver log
信息: Executed: [781fb352-7f05-5949-8090-c5baf4e9a092, findElement {using=id, value=changeme}]
三月 23, 2014 4:22:12 下午 org.openqa.selenium.remote.RemoteWebDriver log
信息: Executing: clickElement [781fb352-7f05-5949-8090-c5baf4e9a092, clickElement {id={591375b1-c75f-e046-8396-c08583e364de}}]
三月 23, 2014 4:22:13 下午 org.openqa.selenium.remote.RemoteWebDriver log
信息: Executed: [781fb352-7f05-5949-8090-c5baf4e9a092, clickElement {id={591375b1-c75f-e046-8396-c08583e364de}}]
三月 23, 2014 4:22:13 下午 org.openqa.selenium.remote.RemoteWebDriver log
信息: Executing: getTitle [781fb352-7f05-5949-8090-c5baf4e9a092, getTitle {}]
三月 23, 2014 4:22:13 下午 org.openqa.selenium.remote.RemoteWebDriver log
信息: Executed: [781fb352-7f05-5949-8090-c5baf4e9a092, getTitle {}]
三月 23, 2014 4:22:13 下午 org.openqa.selenium.remote.RemoteWebDriver log
信息: Executing: findElement [781fb352-7f05-5949-8090-c5baf4e9a092, findElement {using=id, value=pageNumber}]
三月 23, 2014 4:22:13 下午 org.openqa.selenium.remote.RemoteWebDriver log
信息: Executed: [781fb352-7f05-5949-8090-c5baf4e9a092, findElement {using=id, value=pageNumber}]
三月 23, 2014 4:22:13 下午 org.openqa.selenium.remote.RemoteWebDriver log
信息: Executing: getElementText [781fb352-7f05-5949-8090-c5baf4e9a092, getElementText {id={9558891b-f5e1-114c-942a-223f0894fb33}}]
三月 23, 2014 4:22:13 下午 org.openqa.selenium.remote.RemoteWebDriver log
信息: Executed: [781fb352-7f05-5949-8090-c5baf4e9a092, getElementText {id={9558891b-f5e1-114c-942a-223f0894fb33}}]
三月 23, 2014 4:22:13 下午 org.openqa.selenium.testing.JUnit4TestBase$1 finished
信息: <<< Finished testShouldBeAbleToFindElementAfterJavascriptCausesANewPageToLoad(org.openqa.selenium.JavascriptEnabledDriverTest)
三月 23, 2014 4:22:13 下午 org.openqa.selenium.testing.JUnit4TestBase$1 starting
信息: >>> Starting testShouldBeAbleToDetermineTheLocationOfAnElement(org.openqa.selenium.JavascriptEnabledDriverTest)
三月 23, 2014 4:22:13 下午 org.openqa.selenium.remote.RemoteWebDriver log
信息: Executing: get [781fb352-7f05-5949-8090-c5baf4e9a092, get {url=http://localhost:6461/common/xhtmlTest.html}]
三月 23, 2014 4:22:13 下午 org.openqa.selenium.remote.RemoteWebDriver log
信息: Executed: [781fb352-7f05-5949-8090-c5baf4e9a092, get {url=http://localhost:6461/common/xhtmlTest.html}]
三月 23, 2014 4:22:13 下午 org.openqa.selenium.remote.RemoteWebDriver log
信息: Executing: findElement [781fb352-7f05-5949-8090-c5baf4e9a092, findElement {using=id, value=username}]
三月 23, 2014 4:22:13 下午 org.openqa.selenium.remote.RemoteWebDriver log
信息: Executed: [781fb352-7f05-5949-8090-c5baf4e9a092, findElement {using=id, value=username}]
三月 23, 2014 4:22:13 下午 org.openqa.selenium.remote.RemoteWebDriver log
信息: Executing: getElementLocation [781fb352-7f05-5949-8090-c5baf4e9a092, getElementLocation {id={c714a540-9ed6-314a-ae29-f6ccb8879a62}}]
三月 23, 2014 4:22:13 下午 org.openqa.selenium.remote.RemoteWebDriver log
信息: Executed: [781fb352-7f05-5949-8090-c5baf4e9a092, getElementLocation {id={c714a540-9ed6-314a-ae29-f6ccb8879a62}}]
三月 23, 2014 4:22:13 下午 org.openqa.selenium.testing.JUnit4TestBase$1 finished
信息: <<< Finished testShouldBeAbleToDetermineTheLocationOfAnElement(org.openqa.selenium.JavascriptEnabledDriverTest)
三月 23, 2014 4:22:13 下午 org.openqa.selenium.testing.JUnit4TestBase$1 starting
信息: >>> Starting testShouldBeAbleToSwitchToFocusedElement(org.openqa.selenium.JavascriptEnabledDriverTest)
三月 23, 2014 4:22:13 下午 org.openqa.selenium.remote.RemoteWebDriver log
信息: Executing: get [781fb352-7f05-5949-8090-c5baf4e9a092, get {url=http://localhost:6461/common/javascriptPage.html}]
三月 23, 2014 4:22:13 下午 org.openqa.selenium.remote.RemoteWebDriver log
信息: Executed: [781fb352-7f05-5949-8090-c5baf4e9a092, get {url=http://localhost:6461/common/javascriptPage.html}]
三月 23, 2014 4:22:13 下午 org.openqa.selenium.remote.RemoteWebDriver log
信息: Executing: findElement [781fb352-7f05-5949-8090-c5baf4e9a092, findElement {using=id, value=switchFocus}]
三月 23, 2014 4:22:13 下午 org.openqa.selenium.remote.RemoteWebDriver log
信息: Executed: [781fb352-7f05-5949-8090-c5baf4e9a092, findElement {using=id, value=switchFocus}]
三月 23, 2014 4:22:13 下午 org.openqa.selenium.remote.RemoteWebDriver log
信息: Executing: clickElement [781fb352-7f05-5949-8090-c5baf4e9a092, clickElement {id={9c785c64-4bce-c040-85bf-41ba03561c33}}]
三月 23, 2014 4:22:13 下午 org.openqa.selenium.remote.RemoteWebDriver log
信息: Executed: [781fb352-7f05-5949-8090-c5baf4e9a092, clickElement {id={9c785c64-4bce-c040-85bf-41ba03561c33}}]
三月 23, 2014 4:22:13 下午 org.openqa.selenium.remote.RemoteWebDriver log
信息: Executing: getActiveElement [781fb352-7f05-5949-8090-c5baf4e9a092, getActiveElement {}]
三月 23, 2014 4:22:13 下午 org.openqa.selenium.remote.RemoteWebDriver log
信息: Executed: [781fb352-7f05-5949-8090-c5baf4e9a092, getActiveElement {}]
三月 23, 2014 4:22:13 下午 org.openqa.selenium.remote.RemoteWebDriver log
信息: Executing: getElementAttribute [781fb352-7f05-5949-8090-c5baf4e9a092, getElementAttribute {id={c5635973-1305-294b-8579-31f851dd0564}, name=id}]
三月 23, 2014 4:22:13 下午 org.openqa.selenium.remote.RemoteWebDriver log
信息: Executed: [781fb352-7f05-5949-8090-c5baf4e9a092, getElementAttribute {id={c5635973-1305-294b-8579-31f851dd0564}, name=id}]
三月 23, 2014 4:22:13 下午 org.openqa.selenium.testing.JUnit4TestBase$1 finished
信息: <<< Finished testShouldBeAbleToSwitchToFocusedElement(org.openqa.selenium.JavascriptEnabledDriverTest)
三月 23, 2014 4:22:13 下午 org.openqa.selenium.testing.JUnit4TestBase$1 starting
信息: >>> Starting testChangeEventIsFiredAppropriatelyWhenFocusIsLost(org.openqa.selenium.JavascriptEnabledDriverTest)
三月 23, 2014 4:22:13 下午 org.openqa.selenium.remote.RemoteWebDriver log
信息: Executing: get [781fb352-7f05-5949-8090-c5baf4e9a092, get {url=http://localhost:6461/common/javascriptPage.html}]
三月 23, 2014 4:22:13 下午 org.openqa.selenium.remote.RemoteWebDriver log
信息: Executed: [781fb352-7f05-5949-8090-c5baf4e9a092, get {url=http://localhost:6461/common/javascriptPage.html}]
三月 23, 2014 4:22:13 下午 org.openqa.selenium.remote.RemoteWebDriver log
信息: Executing: findElement [781fb352-7f05-5949-8090-c5baf4e9a092, findElement {using=id, value=changeable}]
三月 23, 2014 4:22:13 下午 org.openqa.selenium.remote.RemoteWebDriver log
信息: Executed: [781fb352-7f05-5949-8090-c5baf4e9a092, findElement {using=id, value=changeable}]
三月 23, 2014 4:22:13 下午 org.openqa.selenium.remote.RemoteWebDriver log
信息: Executing: sendKeysToElement [781fb352-7f05-5949-8090-c5baf4e9a092, sendKeysToElement {id={bb21a051-fb5c-8a46-b333-83c117d48a39}, value=[Ljava.lang.CharSequence;@28bc21bc}]
三月 23, 2014 4:22:13 下午 org.openqa.selenium.remote.RemoteWebDriver log
信息: Executed: [781fb352-7f05-5949-8090-c5baf4e9a092, sendKeysToElement {id={bb21a051-fb5c-8a46-b333-83c117d48a39}, value=[Ljava.lang.CharSequence;@28bc21bc}]
三月 23, 2014 4:22:13 下午 org.openqa.selenium.remote.RemoteWebDriver log
信息: Executing: findElement [781fb352-7f05-5949-8090-c5baf4e9a092, findElement {using=id, value=clickField}]
三月 23, 2014 4:22:13 下午 org.openqa.selenium.remote.RemoteWebDriver log
信息: Executed: [781fb352-7f05-5949-8090-c5baf4e9a092, findElement {using=id, value=clickField}]
三月 23, 2014 4:22:13 下午 org.openqa.selenium.remote.RemoteWebDriver log
信息: Executing: clickElement [781fb352-7f05-5949-8090-c5baf4e9a092, clickElement {id={faa752c1-0108-4a4b-b1cf-3ed8b22069dc}}]
三月 23, 2014 4:22:13 下午 org.openqa.selenium.remote.RemoteWebDriver log
信息: Executed: [781fb352-7f05-5949-8090-c5baf4e9a092, clickElement {id={faa752c1-0108-4a4b-b1cf-3ed8b22069dc}}]
三月 23, 2014 4:22:13 下午 org.openqa.selenium.remote.RemoteWebDriver log
信息: Executing: findElement [781fb352-7f05-5949-8090-c5baf4e9a092, findElement {using=id, value=result}]
三月 23, 2014 4:22:13 下午 org.openqa.selenium.remote.RemoteWebDriver log
信息: Executed: [781fb352-7f05-5949-8090-c5baf4e9a092, findElement {using=id, value=result}]
三月 23, 2014 4:22:13 下午 org.openqa.selenium.remote.RemoteWebDriver log
信息: Executing: getElementText [781fb352-7f05-5949-8090-c5baf4e9a092, getElementText {id={dfb6f893-6b01-254c-8dcc-cd656cd192ad}}]
三月 23, 2014 4:22:13 下午 org.openqa.selenium.remote.RemoteWebDriver log
信息: Executed: [781fb352-7f05-5949-8090-c5baf4e9a092, getElementText {id={dfb6f893-6b01-254c-8dcc-cd656cd192ad}}]
三月 23, 2014 4:22:13 下午 org.openqa.selenium.remote.RemoteWebDriver log
信息: Executing: sendKeysToElement [781fb352-7f05-5949-8090-c5baf4e9a092, sendKeysToElement {id={bb21a051-fb5c-8a46-b333-83c117d48a39}, value=[Ljava.lang.CharSequence;@628fad4a}]
三月 23, 2014 4:22:13 下午 org.openqa.selenium.remote.RemoteWebDriver log
信息: Executed: [781fb352-7f05-5949-8090-c5baf4e9a092, sendKeysToElement {id={bb21a051-fb5c-8a46-b333-83c117d48a39}, value=[Ljava.lang.CharSequence;@628fad4a}]
三月 23, 2014 4:22:13 下午 org.openqa.selenium.remote.RemoteWebDriver log
信息: Executing: findElement [781fb352-7f05-5949-8090-c5baf4e9a092, findElement {using=id, value=clickField}]
三月 23, 2014 4:22:13 下午 org.openqa.selenium.remote.RemoteWebDriver log
信息: Executed: [781fb352-7f05-5949-8090-c5baf4e9a092, findElement {using=id, value=clickField}]
三月 23, 2014 4:22:13 下午 org.openqa.selenium.remote.RemoteWebDriver log
信息: Executing: clickElement [781fb352-7f05-5949-8090-c5baf4e9a092, clickElement {id={faa752c1-0108-4a4b-b1cf-3ed8b22069dc}}]
三月 23, 2014 4:22:13 下午 org.openqa.selenium.remote.RemoteWebDriver log
信息: Executed: [781fb352-7f05-5949-8090-c5baf4e9a092, clickElement {id={faa752c1-0108-4a4b-b1cf-3ed8b22069dc}}]
三月 23, 2014 4:22:13 下午 org.openqa.selenium.remote.RemoteWebDriver log
信息: Executing: findElement [781fb352-7f05-5949-8090-c5baf4e9a092, findElement {using=id, value=result}]
三月 23, 2014 4:22:13 下午 org.openqa.selenium.remote.RemoteWebDriver log
信息: Executed: [781fb352-7f05-5949-8090-c5baf4e9a092, findElement {using=id, value=result}]
三月 23, 2014 4:22:13 下午 org.openqa.selenium.remote.RemoteWebDriver log
信息: Executing: getElementText [781fb352-7f05-5949-8090-c5baf4e9a092, getElementText {id={dfb6f893-6b01-254c-8dcc-cd656cd192ad}}]
三月 23, 2014 4:22:13 下午 org.openqa.selenium.remote.RemoteWebDriver log
信息: Executed: [781fb352-7f05-5949-8090-c5baf4e9a092, getElementText {id={dfb6f893-6b01-254c-8dcc-cd656cd192ad}}]
三月 23, 2014 4:22:13 下午 org.openqa.selenium.testing.JUnit4TestBase$1 finished
信息: <<< Finished testChangeEventIsFiredAppropriatelyWhenFocusIsLost(org.openqa.selenium.JavascriptEnabledDriverTest)
三月 23, 2014 4:22:13 下午 org.openqa.selenium.testing.JUnit4TestBase$1 starting
信息: >>> Starting testIfNoElementHasFocusTheActiveElementIsTheBody(org.openqa.selenium.JavascriptEnabledDriverTest)
三月 23, 2014 4:22:13 下午 org.openqa.selenium.remote.RemoteWebDriver log
信息: Executing: get [781fb352-7f05-5949-8090-c5baf4e9a092, get {url=http://localhost:6461/common/simpleTest.html}]
三月 23, 2014 4:22:13 下午 org.openqa.selenium.remote.RemoteWebDriver log
信息: Executed: [781fb352-7f05-5949-8090-c5baf4e9a092, get {url=http://localhost:6461/common/simpleTest.html}]
三月 23, 2014 4:22:13 下午 org.openqa.selenium.remote.RemoteWebDriver log
信息: Executing: getActiveElement [781fb352-7f05-5949-8090-c5baf4e9a092, getActiveElement {}]
三月 23, 2014 4:22:13 下午 org.openqa.selenium.remote.RemoteWebDriver log
信息: Executed: [781fb352-7f05-5949-8090-c5baf4e9a092, getActiveElement {}]
三月 23, 2014 4:22:13 下午 org.openqa.selenium.remote.RemoteWebDriver log
信息: Executing: getElementAttribute [781fb352-7f05-5949-8090-c5baf4e9a092, getElementAttribute {id={540e95eb-0cfe-514b-b33c-d45b377ffedf}, name=name}]
三月 23, 2014 4:22:13 下午 org.openqa.selenium.remote.RemoteWebDriver log
信息: Executed: [781fb352-7f05-5949-8090-c5baf4e9a092, getElementAttribute {id={540e95eb-0cfe-514b-b33c-d45b377ffedf}, name=name}]
三月 23, 2014 4:22:13 下午 org.openqa.selenium.testing.JUnit4TestBase$1 finished
信息: <<< Finished testIfNoElementHasFocusTheActiveElementIsTheBody(org.openqa.selenium.JavascriptEnabledDriverTest)
三月 23, 2014 4:22:13 下午 org.openqa.selenium.testing.JUnit4TestBase$1 starting
信息: >>> Starting testShouldWaitForLoadsToCompleteAfterJavascriptCausesANewPageToLoad(org.openqa.selenium.JavascriptEnabledDriverTest)
三月 23, 2014 4:22:13 下午 org.openqa.selenium.remote.RemoteWebDriver log
信息: Executing: get [781fb352-7f05-5949-8090-c5baf4e9a092, get {url=http://localhost:6461/common/formPage.html}]
三月 23, 2014 4:22:13 下午 org.openqa.selenium.remote.RemoteWebDriver log
信息: Executed: [781fb352-7f05-5949-8090-c5baf4e9a092, get {url=http://localhost:6461/common/formPage.html}]
三月 23, 2014 4:22:13 下午 org.openqa.selenium.remote.RemoteWebDriver log
信息: Executing: findElement [781fb352-7f05-5949-8090-c5baf4e9a092, findElement {using=id, value=changeme}]
三月 23, 2014 4:22:13 下午 org.openqa.selenium.remote.RemoteWebDriver log
信息: Executed: [781fb352-7f05-5949-8090-c5baf4e9a092, findElement {using=id, value=changeme}]
三月 23, 2014 4:22:13 下午 org.openqa.selenium.remote.RemoteWebDriver log
信息: Executing: clickElement [781fb352-7f05-5949-8090-c5baf4e9a092, clickElement {id={e8bda223-61e2-bd4d-9bf9-730be26687a7}}]
三月 23, 2014 4:22:14 下午 org.openqa.selenium.remote.RemoteWebDriver log
信息: Executed: [781fb352-7f05-5949-8090-c5baf4e9a092, clickElement {id={e8bda223-61e2-bd4d-9bf9-730be26687a7}}]
三月 23, 2014 4:22:14 下午 org.openqa.selenium.remote.RemoteWebDriver log
信息: Executing: getTitle [781fb352-7f05-5949-8090-c5baf4e9a092, getTitle {}]
三月 23, 2014 4:22:14 下午 org.openqa.selenium.remote.RemoteWebDriver log
信息: Executed: [781fb352-7f05-5949-8090-c5baf4e9a092, getTitle {}]
三月 23, 2014 4:22:14 下午 org.openqa.selenium.remote.RemoteWebDriver log
信息: Executing: getTitle [781fb352-7f05-5949-8090-c5baf4e9a092, getTitle {}]
三月 23, 2014 4:22:14 下午 org.openqa.selenium.remote.RemoteWebDriver log
信息: Executed: [781fb352-7f05-5949-8090-c5baf4e9a092, getTitle {}]
三月 23, 2014 4:22:14 下午 org.openqa.selenium.testing.JUnit4TestBase$1 finished
信息: <<< Finished testShouldWaitForLoadsToCompleteAfterJavascriptCausesANewPageToLoad(org.openqa.selenium.JavascriptEnabledDriverTest)
三月 23, 2014 4:22:14 下午 org.openqa.selenium.testing.JUnit4TestBase$1 starting
信息: >>> Starting testShouldReturnTheSourceOfAPage(org.openqa.selenium.MiscTest)
三月 23, 2014 4:22:14 下午 org.openqa.selenium.remote.RemoteWebDriver log
信息: Executing: get [781fb352-7f05-5949-8090-c5baf4e9a092, get {url=http://localhost:6461/common/simpleTest.html}]
三月 23, 2014 4:22:14 下午 org.openqa.selenium.remote.RemoteWebDriver log
信息: Executed: [781fb352-7f05-5949-8090-c5baf4e9a092, get {url=http://localhost:6461/common/simpleTest.html}]
三月 23, 2014 4:22:14 下午 org.openqa.selenium.remote.RemoteWebDriver log
信息: Executing: getPageSource [781fb352-7f05-5949-8090-c5baf4e9a092, getPageSource {}]
三月 23, 2014 4:22:14 下午 org.openqa.selenium.remote.RemoteWebDriver log
信息: Executed: [781fb352-7f05-5949-8090-c5baf4e9a092, getPageSource {}]
三月 23, 2014 4:22:14 下午 org.openqa.selenium.testing.JUnit4TestBase$1 finished
信息: <<< Finished testShouldReturnTheSourceOfAPage(org.openqa.selenium.MiscTest)
三月 23, 2014 4:22:14 下午 org.openqa.selenium.testing.JUnit4TestBase$1 starting
信息: >>> Starting testClickingShouldNotTrampleWOrHInGlobalScope(org.openqa.selenium.MiscTest)
三月 23, 2014 4:22:14 下午 org.openqa.selenium.remote.RemoteWebDriver log
信息: Executing: get [781fb352-7f05-5949-8090-c5baf4e9a092, get {url=http://localhost:6461/common/globalscope.html}]
三月 23, 2014 4:22:14 下午 org.openqa.selenium.remote.RemoteWebDriver log
信息: Executed: [781fb352-7f05-5949-8090-c5baf4e9a092, get {url=http://localhost:6461/common/globalscope.html}]
三月 23, 2014 4:22:14 下午 org.openqa.selenium.remote.RemoteWebDriver log
信息: Executing: executeScript [781fb352-7f05-5949-8090-c5baf4e9a092, executeScript {script=return window.w;, args=[]}]
三月 23, 2014 4:22:14 下午 org.openqa.selenium.remote.RemoteWebDriver log
信息: Executed: [781fb352-7f05-5949-8090-c5baf4e9a092, executeScript {script=return window.w;, args=[]}]
三月 23, 2014 4:22:14 下午 org.openqa.selenium.remote.RemoteWebDriver log
信息: Executing: executeScript [781fb352-7f05-5949-8090-c5baf4e9a092, executeScript {script=return window.h;, args=[]}]
三月 23, 2014 4:22:14 下午 org.openqa.selenium.remote.RemoteWebDriver log
信息: Executed: [781fb352-7f05-5949-8090-c5baf4e9a092, executeScript {script=return window.h;, args=[]}]
三月 23, 2014 4:22:14 下午 org.openqa.selenium.remote.RemoteWebDriver log
信息: Executing: findElement [781fb352-7f05-5949-8090-c5baf4e9a092, findElement {using=id, value=toclick}]
三月 23, 2014 4:22:14 下午 org.openqa.selenium.remote.RemoteWebDriver log
信息: Executed: [781fb352-7f05-5949-8090-c5baf4e9a092, findElement {using=id, value=toclick}]
三月 23, 2014 4:22:14 下午 org.openqa.selenium.remote.RemoteWebDriver log
信息: Executing: clickElement [781fb352-7f05-5949-8090-c5baf4e9a092, clickElement {id={c09f1f6e-345b-d948-b50f-83a0de350407}}]
三月 23, 2014 4:22:14 下午 org.openqa.selenium.remote.RemoteWebDriver log
信息: Executed: [781fb352-7f05-5949-8090-c5baf4e9a092, clickElement {id={c09f1f6e-345b-d948-b50f-83a0de350407}}]
三月 23, 2014 4:22:14 下午 org.openqa.selenium.remote.RemoteWebDriver log
信息: Executing: executeScript [781fb352-7f05-5949-8090-c5baf4e9a092, executeScript {script=return window.w;, args=[]}]
三月 23, 2014 4:22:14 下午 org.openqa.selenium.remote.RemoteWebDriver log
信息: Executed: [781fb352-7f05-5949-8090-c5baf4e9a092, executeScript {script=return window.w;, args=[]}]
三月 23, 2014 4:22:14 下午 org.openqa.selenium.remote.RemoteWebDriver log
信息: Executing: executeScript [781fb352-7f05-5949-8090-c5baf4e9a092, executeScript {script=return window.h;, args=[]}]
三月 23, 2014 4:22:14 下午 org.openqa.selenium.remote.RemoteWebDriver log
信息: Executed: [781fb352-7f05-5949-8090-c5baf4e9a092, executeScript {script=return window.h;, args=[]}]
三月 23, 2014 4:22:14 下午 org.openqa.selenium.testing.JUnit4TestBase$1 finished
信息: <<< Finished testClickingShouldNotTrampleWOrHInGlobalScope(org.openqa.selenium.MiscTest)
三月 23, 2014 4:22:14 下午 org.openqa.selenium.testing.JUnit4TestBase$1 starting
信息: >>> Starting testShouldBeAbleToGetTheSourceOfAnXmlDocument(org.openqa.selenium.MiscTest)
三月 23, 2014 4:22:14 下午 org.openqa.selenium.remote.RemoteWebDriver log
信息: Executing: get [781fb352-7f05-5949-8090-c5baf4e9a092, get {url=http://localhost:6461/common/simple.xml}]
三月 23, 2014 4:22:14 下午 org.openqa.selenium.remote.RemoteWebDriver log
信息: Executed: [781fb352-7f05-5949-8090-c5baf4e9a092, get {url=http://localhost:6461/common/simple.xml}]
三月 23, 2014 4:22:14 下午 org.openqa.selenium.remote.RemoteWebDriver log
信息: Executing: getPageSource [781fb352-7f05-5949-8090-c5baf4e9a092, getPageSource {}]
三月 23, 2014 4:22:14 下午 org.openqa.selenium.remote.RemoteWebDriver log
信息: Executed: [781fb352-7f05-5949-8090-c5baf4e9a092, getPageSource {}]
三月 23, 2014 4:22:14 下午 org.openqa.selenium.testing.JUnit4TestBase$1 finished
信息: <<< Finished testShouldBeAbleToGetTheSourceOfAnXmlDocument(org.openqa.selenium.MiscTest)
三月 23, 2014 4:22:14 下午 org.openqa.selenium.testing.JUnit4TestBase$1 starting
信息: >>> Starting shouldReturnTagName(org.openqa.selenium.MiscTest)
三月 23, 2014 4:22:14 下午 org.openqa.selenium.remote.RemoteWebDriver log
信息: Executing: get [781fb352-7f05-5949-8090-c5baf4e9a092, get {url=http://localhost:6461/common/formPage.html}]
三月 23, 2014 4:22:14 下午 org.openqa.selenium.remote.RemoteWebDriver log
信息: Executed: [781fb352-7f05-5949-8090-c5baf4e9a092, get {url=http://localhost:6461/common/formPage.html}]
三月 23, 2014 4:22:14 下午 org.openqa.selenium.remote.RemoteWebDriver log
信息: Executing: findElement [781fb352-7f05-5949-8090-c5baf4e9a092, findElement {using=id, value=cheese}]
三月 23, 2014 4:22:14 下午 org.openqa.selenium.remote.RemoteWebDriver log
信息: Executed: [781fb352-7f05-5949-8090-c5baf4e9a092, findElement {using=id, value=cheese}]
三月 23, 2014 4:22:14 下午 org.openqa.selenium.remote.RemoteWebDriver log
信息: Executing: getElementTagName [781fb352-7f05-5949-8090-c5baf4e9a092, getElementTagName {id={4da8ba65-2a9f-3742-aeda-757e227b9a6a}}]
三月 23, 2014 4:22:14 下午 org.openqa.selenium.remote.RemoteWebDriver log
信息: Executed: [781fb352-7f05-5949-8090-c5baf4e9a092, getElementTagName {id={4da8ba65-2a9f-3742-aeda-757e227b9a6a}}]
三月 23, 2014 4:22:14 下午 org.openqa.selenium.testing.JUnit4TestBase$1 finished
信息: <<< Finished shouldReturnTagName(org.openqa.selenium.MiscTest)
三月 23, 2014 4:22:14 下午 org.openqa.selenium.testing.JUnit4TestBase$1 starting
信息: >>> Starting testShouldReportTheCurrentUrlCorrectly(org.openqa.selenium.MiscTest)
三月 23, 2014 4:22:14 下午 org.openqa.selenium.remote.RemoteWebDriver log
信息: Executing: get [781fb352-7f05-5949-8090-c5baf4e9a092, get {url=http://localhost:6461/common/simpleTest.html}]
三月 23, 2014 4:22:14 下午 org.openqa.selenium.remote.RemoteWebDriver log
信息: Executed: [781fb352-7f05-5949-8090-c5baf4e9a092, get {url=http://localhost:6461/common/simpleTest.html}]
三月 23, 2014 4:22:14 下午 org.openqa.selenium.remote.RemoteWebDriver log
信息: Executing: getCurrentUrl [781fb352-7f05-5949-8090-c5baf4e9a092, getCurrentUrl {}]
三月 23, 2014 4:22:14 下午 org.openqa.selenium.remote.RemoteWebDriver log
信息: Executed: [781fb352-7f05-5949-8090-c5baf4e9a092, getCurrentUrl {}]
三月 23, 2014 4:22:14 下午 org.openqa.selenium.remote.RemoteWebDriver log
信息: Executing: get [781fb352-7f05-5949-8090-c5baf4e9a092, get {url=http://localhost:6461/common/javascriptPage.html}]
三月 23, 2014 4:22:14 下午 org.openqa.selenium.remote.RemoteWebDriver log
信息: Executed: [781fb352-7f05-5949-8090-c5baf4e9a092, get {url=http://localhost:6461/common/javascriptPage.html}]
三月 23, 2014 4:22:14 下午 org.openqa.selenium.remote.RemoteWebDriver log
信息: Executing: getCurrentUrl [781fb352-7f05-5949-8090-c5baf4e9a092, getCurrentUrl {}]
三月 23, 2014 4:22:14 下午 org.openqa.selenium.remote.RemoteWebDriver log
信息: Executed: [781fb352-7f05-5949-8090-c5baf4e9a092, getCurrentUrl {}]
三月 23, 2014 4:22:14 下午 org.openqa.selenium.testing.JUnit4TestBase$1 finished
信息: <<< Finished testShouldReportTheCurrentUrlCorrectly(org.openqa.selenium.MiscTest)
三月 23, 2014 4:22:14 下午 org.openqa.selenium.testing.JUnit4TestBase$1 starting
信息: >>> Starting testShouldReturnTitleOfPageIfSet(org.openqa.selenium.MiscTest)
三月 23, 2014 4:22:14 下午 org.openqa.selenium.remote.RemoteWebDriver log
信息: Executing: get [781fb352-7f05-5949-8090-c5baf4e9a092, get {url=http://localhost:6461/common/xhtmlTest.html}]
三月 23, 2014 4:22:14 下午 org.openqa.selenium.remote.RemoteWebDriver log
信息: Executed: [781fb352-7f05-5949-8090-c5baf4e9a092, get {url=http://localhost:6461/common/xhtmlTest.html}]
三月 23, 2014 4:22:14 下午 org.openqa.selenium.remote.RemoteWebDriver log
信息: Executing: getTitle [781fb352-7f05-5949-8090-c5baf4e9a092, getTitle {}]
三月 23, 2014 4:22:14 下午 org.openqa.selenium.remote.RemoteWebDriver log
信息: Executed: [781fb352-7f05-5949-8090-c5baf4e9a092, getTitle {}]
三月 23, 2014 4:22:14 下午 org.openqa.selenium.remote.RemoteWebDriver log
信息: Executing: get [781fb352-7f05-5949-8090-c5baf4e9a092, get {url=http://localhost:6461/common/simpleTest.html}]
三月 23, 2014 4:22:14 下午 org.openqa.selenium.remote.RemoteWebDriver log
信息: Executed: [781fb352-7f05-5949-8090-c5baf4e9a092, get {url=http://localhost:6461/common/simpleTest.html}]
三月 23, 2014 4:22:14 下午 org.openqa.selenium.remote.RemoteWebDriver log
信息: Executing: getTitle [781fb352-7f05-5949-8090-c5baf4e9a092, getTitle {}]
三月 23, 2014 4:22:14 下午 org.openqa.selenium.remote.RemoteWebDriver log
信息: Executed: [781fb352-7f05-5949-8090-c5baf4e9a092, getTitle {}]
三月 23, 2014 4:22:14 下午 org.openqa.selenium.testing.JUnit4TestBase$1 finished
信息: <<< Finished testShouldReturnTitleOfPageIfSet(org.openqa.selenium.MiscTest)
三月 23, 2014 4:22:14 下午 org.openqa.selenium.testing.JUnit4TestBase$1 starting
信息: >>> Starting testOptionsForUninitializedWebDriver(org.openqa.selenium.ObjectStateAssumptionsTest)
三月 23, 2014 4:22:14 下午 org.openqa.selenium.remote.RemoteWebDriver log
信息: Executing: getCookies [781fb352-7f05-5949-8090-c5baf4e9a092, getCookies {}]
三月 23, 2014 4:22:14 下午 org.openqa.selenium.remote.RemoteWebDriver log
信息: Executed: [781fb352-7f05-5949-8090-c5baf4e9a092, getCookies {}]
三月 23, 2014 4:22:14 下午 org.openqa.selenium.testing.JUnit4TestBase$1 finished
信息: <<< Finished testOptionsForUninitializedWebDriver(org.openqa.selenium.ObjectStateAssumptionsTest)
三月 23, 2014 4:22:14 下午 org.openqa.selenium.testing.JUnit4TestBase$1 starting
信息: >>> Starting testUninitializedWebDriverDoesNotThrowNPE(org.openqa.selenium.ObjectStateAssumptionsTest)
三月 23, 2014 4:22:14 下午 org.openqa.selenium.remote.RemoteWebDriver log
信息: Executing: getCurrentUrl [781fb352-7f05-5949-8090-c5baf4e9a092, getCurrentUrl {}]
三月 23, 2014 4:22:14 下午 org.openqa.selenium.remote.RemoteWebDriver log
信息: Executed: [781fb352-7f05-5949-8090-c5baf4e9a092, getCurrentUrl {}]
三月 23, 2014 4:22:14 下午 org.openqa.selenium.remote.RemoteWebDriver log
信息: Executing: getTitle [781fb352-7f05-5949-8090-c5baf4e9a092, getTitle {}]
三月 23, 2014 4:22:14 下午 org.openqa.selenium.remote.RemoteWebDriver log
信息: Executed: [781fb352-7f05-5949-8090-c5baf4e9a092, getTitle {}]
三月 23, 2014 4:22:14 下午 org.openqa.selenium.remote.RemoteWebDriver log
信息: Executing: getPageSource [781fb352-7f05-5949-8090-c5baf4e9a092, getPageSource {}]
三月 23, 2014 4:22:14 下午 org.openqa.selenium.remote.RemoteWebDriver log
信息: Executed: [781fb352-7f05-5949-8090-c5baf4e9a092, getPageSource {}]
三月 23, 2014 4:22:14 下午 org.openqa.selenium.remote.RemoteWebDriver log
信息: Executing: findElement [781fb352-7f05-5949-8090-c5baf4e9a092, findElement {using=xpath, value=//html}]
三月 23, 2014 4:22:14 下午 org.openqa.selenium.remote.RemoteWebDriver log
信息: Executed: [781fb352-7f05-5949-8090-c5baf4e9a092, findElement {using=xpath, value=//html}]
三月 23, 2014 4:22:14 下午 org.openqa.selenium.remote.RemoteWebDriver log
信息: Executing: findElements [781fb352-7f05-5949-8090-c5baf4e9a092, findElements {using=xpath, value=//html}]
三月 23, 2014 4:22:14 下午 org.openqa.selenium.remote.RemoteWebDriver log
信息: Executed: [781fb352-7f05-5949-8090-c5baf4e9a092, findElements {using=xpath, value=//html}]
三月 23, 2014 4:22:14 下午 org.openqa.selenium.testing.JUnit4TestBase$1 finished
信息: <<< Finished testUninitializedWebDriverDoesNotThrowNPE(org.openqa.selenium.ObjectStateAssumptionsTest)
三月 23, 2014 4:22:14 下午 org.openqa.selenium.testing.JUnit4TestBase$1 starting
信息: >>> Starting testInitializedWebDriverDoesNotThrowNPE(org.openqa.selenium.ObjectStateAssumptionsTest)
三月 23, 2014 4:22:14 下午 org.openqa.selenium.remote.RemoteWebDriver log
信息: Executing: get [781fb352-7f05-5949-8090-c5baf4e9a092, get {url=http://localhost:6461/common/simpleTest.html}]
三月 23, 2014 4:22:14 下午 org.openqa.selenium.remote.RemoteWebDriver log
信息: Executed: [781fb352-7f05-5949-8090-c5baf4e9a092, get {url=http://localhost:6461/common/simpleTest.html}]
三月 23, 2014 4:22:14 下午 org.openqa.selenium.remote.RemoteWebDriver log
信息: Executing: getCurrentUrl [781fb352-7f05-5949-8090-c5baf4e9a092, getCurrentUrl {}]
三月 23, 2014 4:22:14 下午 org.openqa.selenium.remote.RemoteWebDriver log
信息: Executed: [781fb352-7f05-5949-8090-c5baf4e9a092, getCurrentUrl {}]
三月 23, 2014 4:22:14 下午 org.openqa.selenium.remote.RemoteWebDriver log
信息: Executing: getTitle [781fb352-7f05-5949-8090-c5baf4e9a092, getTitle {}]
三月 23, 2014 4:22:15 下午 org.openqa.selenium.remote.RemoteWebDriver log
信息: Executed: [781fb352-7f05-5949-8090-c5baf4e9a092, getTitle {}]
三月 23, 2014 4:22:15 下午 org.openqa.selenium.remote.RemoteWebDriver log
信息: Executing: getPageSource [781fb352-7f05-5949-8090-c5baf4e9a092, getPageSource {}]
三月 23, 2014 4:22:15 下午 org.openqa.selenium.remote.RemoteWebDriver log
信息: Executed: [781fb352-7f05-5949-8090-c5baf4e9a092, getPageSource {}]
三月 23, 2014 4:22:15 下午 org.openqa.selenium.remote.RemoteWebDriver log
信息: Executing: findElement [781fb352-7f05-5949-8090-c5baf4e9a092, findElement {using=xpath, value=//html}]
三月 23, 2014 4:22:15 下午 org.openqa.selenium.remote.RemoteWebDriver log
信息: Executed: [781fb352-7f05-5949-8090-c5baf4e9a092, findElement {using=xpath, value=//html}]
三月 23, 2014 4:22:15 下午 org.openqa.selenium.remote.RemoteWebDriver log
信息: Executing: findElements [781fb352-7f05-5949-8090-c5baf4e9a092, findElements {using=xpath, value=//html}]
三月 23, 2014 4:22:15 下午 org.openqa.selenium.remote.RemoteWebDriver log
信息: Executed: [781fb352-7f05-5949-8090-c5baf4e9a092, findElements {using=xpath, value=//html}]
三月 23, 2014 4:22:15 下午 org.openqa.selenium.testing.JUnit4TestBase$1 finished
信息: <<< Finished testInitializedWebDriverDoesNotThrowNPE(org.openqa.selenium.ObjectStateAssumptionsTest)
三月 23, 2014 4:22:15 下午 org.openqa.selenium.testing.JUnit4TestBase$1 starting
信息: >>> Starting testShouldBeAbleToLoadAPageWithFramesetsAndWaitUntilAllFramesAreLoaded(org.openqa.selenium.PageLoadingTest)
三月 23, 2014 4:22:15 下午 org.openqa.selenium.remote.RemoteWebDriver log
信息: Executing: get [781fb352-7f05-5949-8090-c5baf4e9a092, get {url=http://localhost:6461/common/frameset.html}]
三月 23, 2014 4:22:15 下午 org.openqa.selenium.remote.RemoteWebDriver log
信息: Executed: [781fb352-7f05-5949-8090-c5baf4e9a092, get {url=http://localhost:6461/common/frameset.html}]
三月 23, 2014 4:22:15 下午 org.openqa.selenium.remote.RemoteWebDriver log
信息: Executing: switchToFrame [781fb352-7f05-5949-8090-c5baf4e9a092, switchToFrame {id=0}]
三月 23, 2014 4:22:15 下午 org.openqa.selenium.remote.RemoteWebDriver log
信息: Executed: [781fb352-7f05-5949-8090-c5baf4e9a092, switchToFrame {id=0}]
三月 23, 2014 4:22:15 下午 org.openqa.selenium.remote.RemoteWebDriver log
信息: Executing: findElement [781fb352-7f05-5949-8090-c5baf4e9a092, findElement {using=xpath, value=//span[@id='pageNumber']}]
三月 23, 2014 4:22:15 下午 org.openqa.selenium.remote.RemoteWebDriver log
信息: Executed: [781fb352-7f05-5949-8090-c5baf4e9a092, findElement {using=xpath, value=//span[@id='pageNumber']}]
三月 23, 2014 4:22:15 下午 org.openqa.selenium.remote.RemoteWebDriver log
信息: Executing: getElementText [781fb352-7f05-5949-8090-c5baf4e9a092, getElementText {id={337a3cda-38a7-f146-98e2-207bc7b8d0d0}}]
三月 23, 2014 4:22:15 下午 org.openqa.selenium.remote.RemoteWebDriver log
信息: Executed: [781fb352-7f05-5949-8090-c5baf4e9a092, getElementText {id={337a3cda-38a7-f146-98e2-207bc7b8d0d0}}]
三月 23, 2014 4:22:15 下午 org.openqa.selenium.remote.RemoteWebDriver log
信息: Executing: switchToFrame [781fb352-7f05-5949-8090-c5baf4e9a092, switchToFrame {id=null}]
三月 23, 2014 4:22:15 下午 org.openqa.selenium.remote.RemoteWebDriver log
信息: Executed: [781fb352-7f05-5949-8090-c5baf4e9a092, switchToFrame {id=null}]
三月 23, 2014 4:22:15 下午 org.openqa.selenium.remote.RemoteWebDriver log
信息: Executing: switchToFrame [781fb352-7f05-5949-8090-c5baf4e9a092, switchToFrame {id=1}]
三月 23, 2014 4:22:15 下午 org.openqa.selenium.remote.RemoteWebDriver log
信息: Executed: [781fb352-7f05-5949-8090-c5baf4e9a092, switchToFrame {id=1}]
三月 23, 2014 4:22:15 下午 org.openqa.selenium.remote.RemoteWebDriver log
信息: Executing: findElement [781fb352-7f05-5949-8090-c5baf4e9a092, findElement {using=xpath, value=//span[@id='pageNumber']}]
三月 23, 2014 4:22:15 下午 org.openqa.selenium.remote.RemoteWebDriver log
信息: Executed: [781fb352-7f05-5949-8090-c5baf4e9a092, findElement {using=xpath, value=//span[@id='pageNumber']}]
三月 23, 2014 4:22:15 下午 org.openqa.selenium.remote.RemoteWebDriver log
信息: Executing: getElementText [781fb352-7f05-5949-8090-c5baf4e9a092, getElementText {id={218f27a4-3d5d-264f-8156-b9533ee0337e}}]
三月 23, 2014 4:22:15 下午 org.openqa.selenium.remote.RemoteWebDriver log
信息: Executed: [781fb352-7f05-5949-8090-c5baf4e9a092, getElementText {id={218f27a4-3d5d-264f-8156-b9533ee0337e}}]
三月 23, 2014 4:22:15 下午 org.openqa.selenium.testing.JUnit4TestBase$1 finished
信息: <<< Finished testShouldBeAbleToLoadAPageWithFramesetsAndWaitUntilAllFramesAreLoaded(org.openqa.selenium.PageLoadingTest)
三月 23, 2014 4:22:15 下午 org.openqa.selenium.testing.JUnit4TestBase$1 starting
信息: >>> Starting testShouldNotHangIfDocumentOpenCallIsNeverFollowedByDocumentCloseCall(org.openqa.selenium.PageLoadingTest)
三月 23, 2014 4:22:15 下午 org.openqa.selenium.remote.RemoteWebDriver log
信息: Executing: get [781fb352-7f05-5949-8090-c5baf4e9a092, get {url=http://localhost:6461/common/document_write_in_onload.html}]
三月 23, 2014 4:22:15 下午 org.openqa.selenium.remote.RemoteWebDriver log
信息: Executed: [781fb352-7f05-5949-8090-c5baf4e9a092, get {url=http://localhost:6461/common/document_write_in_onload.html}]
三月 23, 2014 4:22:15 下午 org.openqa.selenium.remote.RemoteWebDriver log
信息: Executing: findElement [781fb352-7f05-5949-8090-c5baf4e9a092, findElement {using=tag name, value=body}]
三月 23, 2014 4:22:15 下午 org.openqa.selenium.remote.RemoteWebDriver log
信息: Executed: [781fb352-7f05-5949-8090-c5baf4e9a092, findElement {using=tag name, value=body}]
三月 23, 2014 4:22:15 下午 org.openqa.selenium.remote.RemoteWebDriver log
信息: Executing: getElementText [781fb352-7f05-5949-8090-c5baf4e9a092, getElementText {id={5f687ed5-3b84-5b46-9428-8b4fc49ab9d1}}]
三月 23, 2014 4:22:15 下午 org.openqa.selenium.remote.RemoteWebDriver log
信息: Executed: [781fb352-7f05-5949-8090-c5baf4e9a092, getElementText {id={5f687ed5-3b84-5b46-9428-8b4fc49ab9d1}}]
三月 23, 2014 4:22:15 下午 org.openqa.selenium.testing.JUnit4TestBase$1 finished
信息: <<< Finished testShouldNotHangIfDocumentOpenCallIsNeverFollowedByDocumentCloseCall(org.openqa.selenium.PageLoadingTest)
三月 23, 2014 4:22:15 下午 org.openqa.selenium.remote.RemoteWebDriver log
信息: Executing: quit [781fb352-7f05-5949-8090-c5baf4e9a092, quit {}]
三月 23, 2014 4:22:15 下午 org.openqa.selenium.remote.RemoteWebDriver log
信息: Executed: [781fb352-7f05-5949-8090-c5baf4e9a092, quit {}]
三月 23, 2014 4:22:17 下午 org.openqa.selenium.testing.JUnit4TestBase$1 starting
信息: >>> Starting testShouldDoNothingIfThereIsNothingToGoBackTo(org.openqa.selenium.PageLoadingTest)
三月 23, 2014 4:22:17 下午 org.openqa.selenium.remote.RemoteWebDriver log
信息: Executing: getWindowHandles [9ead9c47-1e9d-514d-b1cf-a1f93bac5630, getWindowHandles {}]
三月 23, 2014 4:22:17 下午 org.openqa.selenium.remote.RemoteWebDriver log
信息: Executed: [9ead9c47-1e9d-514d-b1cf-a1f93bac5630, getWindowHandles {}]
三月 23, 2014 4:22:17 下午 org.openqa.selenium.remote.RemoteWebDriver log
信息: Executing: executeScript [9ead9c47-1e9d-514d-b1cf-a1f93bac5630, executeScript {script=window.open('http://localhost:6461/common/formPage.html', 'newWindow'), args=[]}]
三月 23, 2014 4:22:17 下午 org.openqa.selenium.remote.RemoteWebDriver log
信息: Executed: [9ead9c47-1e9d-514d-b1cf-a1f93bac5630, executeScript {script=window.open('http://localhost:6461/common/formPage.html', 'newWindow'), args=[]}]
三月 23, 2014 4:22:17 下午 org.openqa.selenium.remote.RemoteWebDriver log
信息: Executing: getWindowHandles [9ead9c47-1e9d-514d-b1cf-a1f93bac5630, getWindowHandles {}]
三月 23, 2014 4:22:18 下午 org.openqa.selenium.remote.RemoteWebDriver log
信息: Executed: [9ead9c47-1e9d-514d-b1cf-a1f93bac5630, getWindowHandles {}]
三月 23, 2014 4:22:18 下午 org.openqa.selenium.remote.RemoteWebDriver log
信息: Executing: switchToWindow [9ead9c47-1e9d-514d-b1cf-a1f93bac5630, switchToWindow {name=newWindow}]
三月 23, 2014 4:22:18 下午 org.openqa.selenium.remote.RemoteWebDriver log
信息: Executed: [9ead9c47-1e9d-514d-b1cf-a1f93bac5630, switchToWindow {name=newWindow}]
三月 23, 2014 4:22:18 下午 org.openqa.selenium.remote.RemoteWebDriver log
信息: Executing: getTitle [9ead9c47-1e9d-514d-b1cf-a1f93bac5630, getTitle {}]
三月 23, 2014 4:22:18 下午 org.openqa.selenium.remote.RemoteWebDriver log
信息: Executed: [9ead9c47-1e9d-514d-b1cf-a1f93bac5630, getTitle {}]
三月 23, 2014 4:22:18 下午 org.openqa.selenium.remote.RemoteWebDriver log
信息: Executing: get [9ead9c47-1e9d-514d-b1cf-a1f93bac5630, get {url=http://localhost:6461/common/blank.html}]
三月 23, 2014 4:22:18 下午 org.openqa.selenium.remote.RemoteWebDriver log
信息: Executed: [9ead9c47-1e9d-514d-b1cf-a1f93bac5630, get {url=http://localhost:6461/common/blank.html}]
三月 23, 2014 4:22:18 下午 org.openqa.selenium.remote.RemoteWebDriver log
信息: Executing: getTitle [9ead9c47-1e9d-514d-b1cf-a1f93bac5630, getTitle {}]
三月 23, 2014 4:22:18 下午 org.openqa.selenium.remote.RemoteWebDriver log
信息: Executed: [9ead9c47-1e9d-514d-b1cf-a1f93bac5630, getTitle {}]
三月 23, 2014 4:22:18 下午 org.openqa.selenium.remote.RemoteWebDriver log
信息: Executing: goBack [9ead9c47-1e9d-514d-b1cf-a1f93bac5630, goBack {}]
三月 23, 2014 4:22:18 下午 org.openqa.selenium.remote.RemoteWebDriver log
信息: Executed: [9ead9c47-1e9d-514d-b1cf-a1f93bac5630, goBack {}]
三月 23, 2014 4:22:18 下午 org.openqa.selenium.remote.RemoteWebDriver log
信息: Executing: getTitle [9ead9c47-1e9d-514d-b1cf-a1f93bac5630, getTitle {}]
三月 23, 2014 4:22:18 下午 org.openqa.selenium.remote.RemoteWebDriver log
信息: Executed: [9ead9c47-1e9d-514d-b1cf-a1f93bac5630, getTitle {}]
三月 23, 2014 4:22:18 下午 org.openqa.selenium.remote.RemoteWebDriver log
信息: Executing: goBack [9ead9c47-1e9d-514d-b1cf-a1f93bac5630, goBack {}]
三月 23, 2014 4:22:18 下午 org.openqa.selenium.remote.RemoteWebDriver log
信息: Executed: [9ead9c47-1e9d-514d-b1cf-a1f93bac5630, goBack {}]
三月 23, 2014 4:22:18 下午 org.openqa.selenium.remote.RemoteWebDriver log
信息: Executing: getTitle [9ead9c47-1e9d-514d-b1cf-a1f93bac5630, getTitle {}]
三月 23, 2014 4:22:18 下午 org.openqa.selenium.remote.RemoteWebDriver log
信息: Executed: [9ead9c47-1e9d-514d-b1cf-a1f93bac5630, getTitle {}]
三月 23, 2014 4:22:18 下午 org.openqa.selenium.testing.JUnit4TestBase$1 finished
信息: <<< Finished testShouldDoNothingIfThereIsNothingToGoBackTo(org.openqa.selenium.PageLoadingTest)
三月 23, 2014 4:22:18 下午 org.openqa.selenium.remote.RemoteWebDriver log
信息: Executing: quit [9ead9c47-1e9d-514d-b1cf-a1f93bac5630, quit {}]
三月 23, 2014 4:22:18 下午 org.openqa.selenium.remote.RemoteWebDriver log
信息: Executed: [9ead9c47-1e9d-514d-b1cf-a1f93bac5630, quit {}]
三月 23, 2014 4:22:18 下午 org.openqa.selenium.testing.JUnit4TestBase$1 starting
信息: >>> Starting testEagerStrategyShouldWaitForDocumentToBeLoaded(org.openqa.selenium.PageLoadingTest)
三月 23, 2014 4:22:21 下午 org.openqa.selenium.remote.RemoteWebDriver log
信息: Executing: get [5cf5dc67-3e1e-574a-b9bd-8dcebc6d5231, get {url=http://localhost:6461/common/sleep?time=3}]
三月 23, 2014 4:22:24 下午 org.openqa.selenium.remote.RemoteWebDriver log
信息: Executed: [5cf5dc67-3e1e-574a-b9bd-8dcebc6d5231, get {url=http://localhost:6461/common/sleep?time=3}]
三月 23, 2014 4:22:24 下午 org.openqa.selenium.remote.RemoteWebDriver log
信息: Executing: findElement [5cf5dc67-3e1e-574a-b9bd-8dcebc6d5231, findElement {using=tag name, value=body}]
三月 23, 2014 4:22:24 下午 org.openqa.selenium.remote.RemoteWebDriver log
信息: Executed: [5cf5dc67-3e1e-574a-b9bd-8dcebc6d5231, findElement {using=tag name, value=body}]
三月 23, 2014 4:22:24 下午 org.openqa.selenium.remote.RemoteWebDriver log
信息: Executing: quit [5cf5dc67-3e1e-574a-b9bd-8dcebc6d5231, quit {}]
三月 23, 2014 4:22:24 下午 org.openqa.selenium.remote.RemoteWebDriver log
信息: Executed: [5cf5dc67-3e1e-574a-b9bd-8dcebc6d5231, quit {}]
三月 23, 2014 4:22:24 下午 org.openqa.selenium.testing.JUnit4TestBase$1 finished
信息: <<< Finished testEagerStrategyShouldWaitForDocumentToBeLoaded(org.openqa.selenium.PageLoadingTest)
三月 23, 2014 4:22:24 下午 org.openqa.selenium.testing.JUnit4TestBase$1 starting
信息: >>> Starting testShouldBeAbleToRefreshAPage(org.openqa.selenium.PageLoadingTest)
三月 23, 2014 4:22:24 下午 org.openqa.selenium.remote.RemoteWebDriver log
信息: Executing: get [18923b13-f874-e147-ab1c-54202a80cc55, get {url=http://localhost:6461/common/xhtmlTest.html}]
三月 23, 2014 4:22:25 下午 org.openqa.selenium.remote.RemoteWebDriver log
信息: Executed: [18923b13-f874-e147-ab1c-54202a80cc55, get {url=http://localhost:6461/common/xhtmlTest.html}]
三月 23, 2014 4:22:25 下午 org.openqa.selenium.remote.RemoteWebDriver log
信息: Executing: refresh [18923b13-f874-e147-ab1c-54202a80cc55, refresh {}]
三月 23, 2014 4:22:25 下午 org.openqa.selenium.remote.RemoteWebDriver log
信息: Executed: [18923b13-f874-e147-ab1c-54202a80cc55, refresh {}]
三月 23, 2014 4:22:25 下午 org.openqa.selenium.remote.RemoteWebDriver log
信息: Executing: getTitle [18923b13-f874-e147-ab1c-54202a80cc55, getTitle {}]
三月 23, 2014 4:22:25 下午 org.openqa.selenium.remote.RemoteWebDriver log
信息: Executed: [18923b13-f874-e147-ab1c-54202a80cc55, getTitle {}]
三月 23, 2014 4:22:25 下午 org.openqa.selenium.testing.JUnit4TestBase$1 finished
信息: <<< Finished testShouldBeAbleToRefreshAPage(org.openqa.selenium.PageLoadingTest)
三月 23, 2014 4:22:25 下午 org.openqa.selenium.testing.JUnit4TestBase$1 starting
信息: >>> Starting testShouldReturnURLOnNotExistedPage(org.openqa.selenium.PageLoadingTest)
三月 23, 2014 4:22:25 下午 org.openqa.selenium.remote.RemoteWebDriver log
信息: Executing: get [18923b13-f874-e147-ab1c-54202a80cc55, get {url=http://localhost:6461/common/not_existed_page.html}]
三月 23, 2014 4:22:25 下午 org.openqa.selenium.remote.RemoteWebDriver log
信息: Executed: [18923b13-f874-e147-ab1c-54202a80cc55, get {url=http://localhost:6461/common/not_existed_page.html}]
三月 23, 2014 4:22:25 下午 org.openqa.selenium.remote.RemoteWebDriver log
信息: Executing: getCurrentUrl [18923b13-f874-e147-ab1c-54202a80cc55, getCurrentUrl {}]
三月 23, 2014 4:22:25 下午 org.openqa.selenium.remote.RemoteWebDriver log
信息: Executed: [18923b13-f874-e147-ab1c-54202a80cc55, getCurrentUrl {}]
三月 23, 2014 4:22:25 下午 org.openqa.selenium.testing.JUnit4TestBase$1 finished
信息: <<< Finished testShouldReturnURLOnNotExistedPage(org.openqa.selenium.PageLoadingTest)
三月 23, 2014 4:22:25 下午 org.openqa.selenium.testing.JUnit4TestBase$1 starting
信息: >>> Starting testShouldBeAbleToGetAFragmentOnTheCurrentPage(org.openqa.selenium.PageLoadingTest)
三月 23, 2014 4:22:25 下午 org.openqa.selenium.remote.RemoteWebDriver log
信息: Executing: get [18923b13-f874-e147-ab1c-54202a80cc55, get {url=http://localhost:6461/common/xhtmlTest.html}]
三月 23, 2014 4:22:25 下午 org.openqa.selenium.remote.RemoteWebDriver log
信息: Executed: [18923b13-f874-e147-ab1c-54202a80cc55, get {url=http://localhost:6461/common/xhtmlTest.html}]
三月 23, 2014 4:22:25 下午 org.openqa.selenium.remote.RemoteWebDriver log
信息: Executing: get [18923b13-f874-e147-ab1c-54202a80cc55, get {url=http://localhost:6461/common/xhtmlTest.html#text}]
三月 23, 2014 4:22:25 下午 org.openqa.selenium.remote.RemoteWebDriver log
信息: Executed: [18923b13-f874-e147-ab1c-54202a80cc55, get {url=http://localhost:6461/common/xhtmlTest.html#text}]
三月 23, 2014 4:22:25 下午 org.openqa.selenium.remote.RemoteWebDriver log
信息: Executing: findElement [18923b13-f874-e147-ab1c-54202a80cc55, findElement {using=id, value=id1}]
三月 23, 2014 4:22:25 下午 org.openqa.selenium.remote.RemoteWebDriver log
信息: Executed: [18923b13-f874-e147-ab1c-54202a80cc55, findElement {using=id, value=id1}]
三月 23, 2014 4:22:25 下午 org.openqa.selenium.testing.JUnit4TestBase$1 finished
信息: <<< Finished testShouldBeAbleToGetAFragmentOnTheCurrentPage(org.openqa.selenium.PageLoadingTest)
三月 23, 2014 4:22:25 下午 org.openqa.selenium.testing.JUnit4TestBase$1 starting
信息: >>> Starting testShouldFollowRedirectsSentInTheHttpResponseHeaders(org.openqa.selenium.PageLoadingTest)
三月 23, 2014 4:22:25 下午 org.openqa.selenium.remote.RemoteWebDriver log
信息: Executing: get [18923b13-f874-e147-ab1c-54202a80cc55, get {url=http://localhost:6461/common/redirect}]
三月 23, 2014 4:22:25 下午 org.openqa.selenium.remote.RemoteWebDriver log
信息: Executed: [18923b13-f874-e147-ab1c-54202a80cc55, get {url=http://localhost:6461/common/redirect}]
三月 23, 2014 4:22:25 下午 org.openqa.selenium.remote.RemoteWebDriver log
信息: Executing: getTitle [18923b13-f874-e147-ab1c-54202a80cc55, getTitle {}]
三月 23, 2014 4:22:25 下午 org.openqa.selenium.remote.RemoteWebDriver log
信息: Executed: [18923b13-f874-e147-ab1c-54202a80cc55, getTitle {}]
三月 23, 2014 4:22:25 下午 org.openqa.selenium.testing.JUnit4TestBase$1 finished
信息: <<< Finished testShouldFollowRedirectsSentInTheHttpResponseHeaders(org.openqa.selenium.PageLoadingTest)
三月 23, 2014 4:22:25 下午 org.openqa.selenium.testing.JUnit4TestBase$1 starting
信息: >>> Starting testShouldTimeoutIfAPageTakesTooLongToRefresh(org.openqa.selenium.PageLoadingTest)
三月 23, 2014 4:22:25 下午 org.openqa.selenium.remote.RemoteWebDriver log
信息: Executing: get [18923b13-f874-e147-ab1c-54202a80cc55, get {url=http://localhost:6461/common/sleep?time=5}]
三月 23, 2014 4:22:30 下午 org.openqa.selenium.remote.RemoteWebDriver log
信息: Executed: [18923b13-f874-e147-ab1c-54202a80cc55, get {url=http://localhost:6461/common/sleep?time=5}]
三月 23, 2014 4:22:30 下午 org.openqa.selenium.remote.RemoteWebDriver log
信息: Executing: setTimeout [18923b13-f874-e147-ab1c-54202a80cc55, setTimeout {type=page load, ms=2000}]
三月 23, 2014 4:22:30 下午 org.openqa.selenium.remote.RemoteWebDriver log
信息: Executed: [18923b13-f874-e147-ab1c-54202a80cc55, setTimeout {type=page load, ms=2000}]
三月 23, 2014 4:22:30 下午 org.openqa.selenium.remote.RemoteWebDriver log
信息: Executing: refresh [18923b13-f874-e147-ab1c-54202a80cc55, refresh {}]
三月 23, 2014 4:22:32 下午 org.openqa.selenium.remote.RemoteWebDriver log
信息: Executed: [18923b13-f874-e147-ab1c-54202a80cc55, refresh {}]
三月 23, 2014 4:22:32 下午 org.openqa.selenium.remote.RemoteWebDriver log
信息: Executing: get [18923b13-f874-e147-ab1c-54202a80cc55, get {url=http://localhost:6461/common/xhtmlTest.html}]
三月 23, 2014 4:22:32 下午 org.openqa.selenium.remote.RemoteWebDriver log
信息: Executed: [18923b13-f874-e147-ab1c-54202a80cc55, get {url=http://localhost:6461/common/xhtmlTest.html}]
三月 23, 2014 4:22:32 下午 org.openqa.selenium.remote.RemoteWebDriver log
信息: Executing: getTitle [18923b13-f874-e147-ab1c-54202a80cc55, getTitle {}]
三月 23, 2014 4:22:32 下午 org.openqa.selenium.remote.RemoteWebDriver log
信息: Executed: [18923b13-f874-e147-ab1c-54202a80cc55, getTitle {}]
三月 23, 2014 4:22:32 下午 org.openqa.selenium.remote.RemoteWebDriver log
信息: Executing: setTimeout [18923b13-f874-e147-ab1c-54202a80cc55, setTimeout {type=page load, ms=-1000}]
三月 23, 2014 4:22:32 下午 org.openqa.selenium.remote.RemoteWebDriver log
信息: Executed: [18923b13-f874-e147-ab1c-54202a80cc55, setTimeout {type=page load, ms=-1000}]
三月 23, 2014 4:22:32 下午 org.openqa.selenium.testing.JUnit4TestBase$1 finished
信息: <<< Finished testShouldTimeoutIfAPageTakesTooLongToRefresh(org.openqa.selenium.PageLoadingTest)
三月 23, 2014 4:22:32 下午 org.openqa.selenium.testing.JUnit4TestBase$1 starting
信息: >>> Starting shouldBeAbleToDisableAcceptOfInsecureSslCertsWithRequiredCapability(org.openqa.selenium.PageLoadingTest)
三月 23, 2014 4:22:34 下午 org.openqa.selenium.remote.RemoteWebDriver log
信息: Executing: get [1e6aad37-4250-244f-9a79-1ee159be3ddd, get {url=https://localhost:41157/common/simpleTest.html}]
三月 23, 2014 4:22:34 下午 org.openqa.selenium.remote.RemoteWebDriver log
信息: Executed: [1e6aad37-4250-244f-9a79-1ee159be3ddd, get {url=https://localhost:41157/common/simpleTest.html}]
三月 23, 2014 4:22:34 下午 org.openqa.selenium.remote.RemoteWebDriver log
信息: Executing: getTitle [1e6aad37-4250-244f-9a79-1ee159be3ddd, getTitle {}]
三月 23, 2014 4:22:34 下午 org.openqa.selenium.remote.RemoteWebDriver log
信息: Executed: [1e6aad37-4250-244f-9a79-1ee159be3ddd, getTitle {}]
三月 23, 2014 4:22:34 下午 org.openqa.selenium.remote.RemoteWebDriver log
信息: Executing: quit [1e6aad37-4250-244f-9a79-1ee159be3ddd, quit {}]
三月 23, 2014 4:22:34 下午 org.openqa.selenium.remote.RemoteWebDriver log
信息: Executed: [1e6aad37-4250-244f-9a79-1ee159be3ddd, quit {}]
三月 23, 2014 4:22:34 下午 org.openqa.selenium.testing.JUnit4TestBase$1 finished
信息: <<< Finished shouldBeAbleToDisableAcceptOfInsecureSslCertsWithRequiredCapability(org.openqa.selenium.PageLoadingTest)
三月 23, 2014 4:22:34 下午 org.openqa.selenium.testing.JUnit4TestBase$1 starting
信息: >>> Starting testShouldNotStopLoadingPageAfterTimeout(org.openqa.selenium.PageLoadingTest)
三月 23, 2014 4:22:34 下午 org.openqa.selenium.remote.RemoteWebDriver log
信息: Executing: setTimeout [18923b13-f874-e147-ab1c-54202a80cc55, setTimeout {type=page load, ms=2000}]
三月 23, 2014 4:22:34 下午 org.openqa.selenium.remote.RemoteWebDriver log
信息: Executed: [18923b13-f874-e147-ab1c-54202a80cc55, setTimeout {type=page load, ms=2000}]
三月 23, 2014 4:22:34 下午 org.openqa.selenium.remote.RemoteWebDriver log
信息: Executing: get [18923b13-f874-e147-ab1c-54202a80cc55, get {url=http://localhost:6461/common/sleep?time=5}]
三月 23, 2014 4:22:36 下午 org.openqa.selenium.remote.RemoteWebDriver log
信息: Executed: [18923b13-f874-e147-ab1c-54202a80cc55, get {url=http://localhost:6461/common/sleep?time=5}]
三月 23, 2014 4:22:36 下午 org.openqa.selenium.remote.RemoteWebDriver log
信息: Executing: findElement [18923b13-f874-e147-ab1c-54202a80cc55, findElement {using=tag name, value=body}]
三月 23, 2014 4:22:36 下午 org.openqa.selenium.remote.RemoteWebDriver log
信息: Executed: [18923b13-f874-e147-ab1c-54202a80cc55, findElement {using=tag name, value=body}]
三月 23, 2014 4:22:36 下午 org.openqa.selenium.remote.RemoteWebDriver log
信息: Executing: getElementText [18923b13-f874-e147-ab1c-54202a80cc55, getElementText {id={fcfb3f0c-934b-fb48-a59c-ea2c40ddf95b}}]
三月 23, 2014 4:22:36 下午 org.openqa.selenium.remote.RemoteWebDriver log
信息: Executed: [18923b13-f874-e147-ab1c-54202a80cc55, getElementText {id={fcfb3f0c-934b-fb48-a59c-ea2c40ddf95b}}]
三月 23, 2014 4:22:37 下午 org.openqa.selenium.remote.RemoteWebDriver log
信息: Executing: findElement [18923b13-f874-e147-ab1c-54202a80cc55, findElement {using=tag name, value=body}]
三月 23, 2014 4:22:37 下午 org.openqa.selenium.remote.RemoteWebDriver log
信息: Executed: [18923b13-f874-e147-ab1c-54202a80cc55, findElement {using=tag name, value=body}]
三月 23, 2014 4:22:37 下午 org.openqa.selenium.remote.RemoteWebDriver log
信息: Executing: getElementText [18923b13-f874-e147-ab1c-54202a80cc55, getElementText {id={fcfb3f0c-934b-fb48-a59c-ea2c40ddf95b}}]
三月 23, 2014 4:22:37 下午 org.openqa.selenium.remote.RemoteWebDriver log
信息: Executed: [18923b13-f874-e147-ab1c-54202a80cc55, getElementText {id={fcfb3f0c-934b-fb48-a59c-ea2c40ddf95b}}]
三月 23, 2014 4:22:37 下午 org.openqa.selenium.remote.RemoteWebDriver log
信息: Executing: findElement [18923b13-f874-e147-ab1c-54202a80cc55, findElement {using=tag name, value=body}]
三月 23, 2014 4:22:37 下午 org.openqa.selenium.remote.RemoteWebDriver log
信息: Executed: [18923b13-f874-e147-ab1c-54202a80cc55, findElement {using=tag name, value=body}]
三月 23, 2014 4:22:37 下午 org.openqa.selenium.remote.RemoteWebDriver log
信息: Executing: getElementText [18923b13-f874-e147-ab1c-54202a80cc55, getElementText {id={fcfb3f0c-934b-fb48-a59c-ea2c40ddf95b}}]
三月 23, 2014 4:22:37 下午 org.openqa.selenium.remote.RemoteWebDriver log
信息: Executed: [18923b13-f874-e147-ab1c-54202a80cc55, getElementText {id={fcfb3f0c-934b-fb48-a59c-ea2c40ddf95b}}]
三月 23, 2014 4:22:38 下午 org.openqa.selenium.remote.RemoteWebDriver log
信息: Executing: findElement [18923b13-f874-e147-ab1c-54202a80cc55, findElement {using=tag name, value=body}]
三月 23, 2014 4:22:38 下午 org.openqa.selenium.remote.RemoteWebDriver log
信息: Executed: [18923b13-f874-e147-ab1c-54202a80cc55, findElement {using=tag name, value=body}]
三月 23, 2014 4:22:38 下午 org.openqa.selenium.remote.RemoteWebDriver log
信息: Executing: getElementText [18923b13-f874-e147-ab1c-54202a80cc55, getElementText {id={fcfb3f0c-934b-fb48-a59c-ea2c40ddf95b}}]
三月 23, 2014 4:22:38 下午 org.openqa.selenium.remote.RemoteWebDriver log
信息: Executed: [18923b13-f874-e147-ab1c-54202a80cc55, getElementText {id={fcfb3f0c-934b-fb48-a59c-ea2c40ddf95b}}]
三月 23, 2014 4:22:38 下午 org.openqa.selenium.remote.RemoteWebDriver log
信息: Executing: findElement [18923b13-f874-e147-ab1c-54202a80cc55, findElement {using=tag name, value=body}]
三月 23, 2014 4:22:38 下午 org.openqa.selenium.remote.RemoteWebDriver log
信息: Executed: [18923b13-f874-e147-ab1c-54202a80cc55, findElement {using=tag name, value=body}]
三月 23, 2014 4:22:38 下午 org.openqa.selenium.remote.RemoteWebDriver log
信息: Executing: getElementText [18923b13-f874-e147-ab1c-54202a80cc55, getElementText {id={fcfb3f0c-934b-fb48-a59c-ea2c40ddf95b}}]
三月 23, 2014 4:22:38 下午 org.openqa.selenium.remote.RemoteWebDriver log
信息: Executed: [18923b13-f874-e147-ab1c-54202a80cc55, getElementText {id={fcfb3f0c-934b-fb48-a59c-ea2c40ddf95b}}]
三月 23, 2014 4:22:39 下午 org.openqa.selenium.remote.RemoteWebDriver log
信息: Executing: findElement [18923b13-f874-e147-ab1c-54202a80cc55, findElement {using=tag name, value=body}]
三月 23, 2014 4:22:39 下午 org.openqa.selenium.remote.RemoteWebDriver log
信息: Executed: [18923b13-f874-e147-ab1c-54202a80cc55, findElement {using=tag name, value=body}]
三月 23, 2014 4:22:39 下午 org.openqa.selenium.remote.RemoteWebDriver log
信息: Executing: getElementText [18923b13-f874-e147-ab1c-54202a80cc55, getElementText {id={fcfb3f0c-934b-fb48-a59c-ea2c40ddf95b}}]
三月 23, 2014 4:22:39 下午 org.openqa.selenium.remote.RemoteWebDriver log
信息: Executed: [18923b13-f874-e147-ab1c-54202a80cc55, getElementText {id={fcfb3f0c-934b-fb48-a59c-ea2c40ddf95b}}]
三月 23, 2014 4:22:40 下午 org.openqa.selenium.remote.RemoteWebDriver log
信息: Executing: findElement [18923b13-f874-e147-ab1c-54202a80cc55, findElement {using=tag name, value=body}]
三月 23, 2014 4:22:40 下午 org.openqa.selenium.remote.RemoteWebDriver log
信息: Executed: [18923b13-f874-e147-ab1c-54202a80cc55, findElement {using=tag name, value=body}]
三月 23, 2014 4:22:40 下午 org.openqa.selenium.remote.RemoteWebDriver log
信息: Executing: getElementText [18923b13-f874-e147-ab1c-54202a80cc55, getElementText {id={bdb7e8ac-374f-4e43-8456-66ee9b96b584}}]
三月 23, 2014 4:22:40 下午 org.openqa.selenium.remote.RemoteWebDriver log
信息: Executed: [18923b13-f874-e147-ab1c-54202a80cc55, getElementText {id={bdb7e8ac-374f-4e43-8456-66ee9b96b584}}]
三月 23, 2014 4:22:40 下午 org.openqa.selenium.remote.RemoteWebDriver log
信息: Executing: setTimeout [18923b13-f874-e147-ab1c-54202a80cc55, setTimeout {type=page load, ms=-1000}]
三月 23, 2014 4:22:40 下午 org.openqa.selenium.remote.RemoteWebDriver log
信息: Executed: [18923b13-f874-e147-ab1c-54202a80cc55, setTimeout {type=page load, ms=-1000}]
三月 23, 2014 4:22:40 下午 org.openqa.selenium.testing.JUnit4TestBase$1 finished
信息: <<< Finished testShouldNotStopLoadingPageAfterTimeout(org.openqa.selenium.PageLoadingTest)
三月 23, 2014 4:22:40 下午 org.openqa.selenium.testing.JUnit4TestBase$1 starting
信息: >>> Starting testShouldTimeoutIfAPageTakesTooLongToLoad(org.openqa.selenium.PageLoadingTest)
三月 23, 2014 4:22:40 下午 org.openqa.selenium.remote.RemoteWebDriver log
信息: Executing: setTimeout [18923b13-f874-e147-ab1c-54202a80cc55, setTimeout {type=page load, ms=2000}]
三月 23, 2014 4:22:40 下午 org.openqa.selenium.remote.RemoteWebDriver log
信息: Executed: [18923b13-f874-e147-ab1c-54202a80cc55, setTimeout {type=page load, ms=2000}]
三月 23, 2014 4:22:40 下午 org.openqa.selenium.remote.RemoteWebDriver log
信息: Executing: get [18923b13-f874-e147-ab1c-54202a80cc55, get {url=http://localhost:6461/common/sleep?time=5}]
三月 23, 2014 4:22:42 下午 org.openqa.selenium.remote.RemoteWebDriver log
信息: Executed: [18923b13-f874-e147-ab1c-54202a80cc55, get {url=http://localhost:6461/common/sleep?time=5}]
三月 23, 2014 4:22:42 下午 org.openqa.selenium.remote.RemoteWebDriver log
信息: Executing: get [18923b13-f874-e147-ab1c-54202a80cc55, get {url=http://localhost:6461/common/xhtmlTest.html}]
三月 23, 2014 4:22:42 下午 org.openqa.selenium.remote.RemoteWebDriver log
信息: Executed: [18923b13-f874-e147-ab1c-54202a80cc55, get {url=http://localhost:6461/common/xhtmlTest.html}]
三月 23, 2014 4:22:42 下午 org.openqa.selenium.remote.RemoteWebDriver log
信息: Executing: getTitle [18923b13-f874-e147-ab1c-54202a80cc55, getTitle {}]
三月 23, 2014 4:22:42 下午 org.openqa.selenium.remote.RemoteWebDriver log
信息: Executed: [18923b13-f874-e147-ab1c-54202a80cc55, getTitle {}]
三月 23, 2014 4:22:42 下午 org.openqa.selenium.remote.RemoteWebDriver log
信息: Executing: setTimeout [18923b13-f874-e147-ab1c-54202a80cc55, setTimeout {type=page load, ms=-1000}]
三月 23, 2014 4:22:42 下午 org.openqa.selenium.remote.RemoteWebDriver log
信息: Executed: [18923b13-f874-e147-ab1c-54202a80cc55, setTimeout {type=page load, ms=-1000}]
三月 23, 2014 4:22:42 下午 org.openqa.selenium.testing.JUnit4TestBase$1 finished
信息: <<< Finished testShouldTimeoutIfAPageTakesTooLongToLoad(org.openqa.selenium.PageLoadingTest)
三月 23, 2014 4:22:42 下午 org.openqa.selenium.testing.JUnit4TestBase$1 starting
信息: >>> Starting testNoneStrategyShouldNotWaitForPageToRefresh(org.openqa.selenium.PageLoadingTest)
三月 23, 2014 4:22:43 下午 org.openqa.selenium.remote.RemoteWebDriver log
信息: Executing: get [8ff7d13f-2ae6-7d4b-89a5-b6908ef344b3, get {url=http://localhost:6461/common/sleep?time=5}]
三月 23, 2014 4:22:43 下午 org.openqa.selenium.remote.RemoteWebDriver log
信息: Executed: [8ff7d13f-2ae6-7d4b-89a5-b6908ef344b3, get {url=http://localhost:6461/common/sleep?time=5}]
三月 23, 2014 4:22:43 下午 org.openqa.selenium.remote.RemoteWebDriver log
信息: Executing: findElement [8ff7d13f-2ae6-7d4b-89a5-b6908ef344b3, findElement {using=tag name, value=body}]
三月 23, 2014 4:22:43 下午 org.openqa.selenium.remote.RemoteWebDriver log
信息: Executed: [8ff7d13f-2ae6-7d4b-89a5-b6908ef344b3, findElement {using=tag name, value=body}]
三月 23, 2014 4:22:43 下午 org.openqa.selenium.remote.RemoteWebDriver log
信息: Executing: refresh [8ff7d13f-2ae6-7d4b-89a5-b6908ef344b3, refresh {}]
三月 23, 2014 4:22:43 下午 org.openqa.selenium.remote.RemoteWebDriver log
信息: Executed: [8ff7d13f-2ae6-7d4b-89a5-b6908ef344b3, refresh {}]
三月 23, 2014 4:22:43 下午 org.openqa.selenium.remote.RemoteWebDriver log
信息: Executing: quit [8ff7d13f-2ae6-7d4b-89a5-b6908ef344b3, quit {}]
三月 23, 2014 4:22:43 下午 org.openqa.selenium.remote.RemoteWebDriver log
信息: Executed: [8ff7d13f-2ae6-7d4b-89a5-b6908ef344b3, quit {}]
三月 23, 2014 4:22:44 下午 org.openqa.selenium.testing.JUnit4TestBase$1 finished
信息: <<< Finished testNoneStrategyShouldNotWaitForPageToRefresh(org.openqa.selenium.PageLoadingTest)
三月 23, 2014 4:22:44 下午 org.openqa.selenium.testing.JUnit4TestBase$1 starting
信息: >>> Starting testShouldBeAbleToAccessPagesWithAnInsecureSslCertificate(org.openqa.selenium.PageLoadingTest)
三月 23, 2014 4:22:44 下午 org.openqa.selenium.remote.RemoteWebDriver log
信息: Executing: get [18923b13-f874-e147-ab1c-54202a80cc55, get {url=https://localhost:41157/common/simpleTest.html}]
三月 23, 2014 4:22:44 下午 org.openqa.selenium.remote.RemoteWebDriver log
信息: Executed: [18923b13-f874-e147-ab1c-54202a80cc55, get {url=https://localhost:41157/common/simpleTest.html}]
三月 23, 2014 4:22:44 下午 org.openqa.selenium.remote.RemoteWebDriver log
信息: Executing: getTitle [18923b13-f874-e147-ab1c-54202a80cc55, getTitle {}]
三月 23, 2014 4:22:44 下午 org.openqa.selenium.remote.RemoteWebDriver log
信息: Executed: [18923b13-f874-e147-ab1c-54202a80cc55, getTitle {}]
三月 23, 2014 4:22:44 下午 org.openqa.selenium.testing.JUnit4TestBase$1 finished
信息: <<< Finished testShouldBeAbleToAccessPagesWithAnInsecureSslCertificate(org.openqa.selenium.PageLoadingTest)
三月 23, 2014 4:22:44 下午 org.openqa.selenium.testing.JUnit4TestBase$1 starting
信息: >>> Starting testShouldBeAbleToNavigateBackInTheBrowserHistoryInPresenceOfIframes(org.openqa.selenium.PageLoadingTest)
三月 23, 2014 4:22:44 下午 org.openqa.selenium.remote.RemoteWebDriver log
信息: Executing: get [18923b13-f874-e147-ab1c-54202a80cc55, get {url=http://localhost:6461/common/xhtmlTest.html}]
三月 23, 2014 4:22:44 下午 org.openqa.selenium.remote.RemoteWebDriver log
信息: Executed: [18923b13-f874-e147-ab1c-54202a80cc55, get {url=http://localhost:6461/common/xhtmlTest.html}]
三月 23, 2014 4:22:44 下午 org.openqa.selenium.remote.RemoteWebDriver log
信息: Executing: findElement [18923b13-f874-e147-ab1c-54202a80cc55, findElement {using=name, value=sameWindow}]
三月 23, 2014 4:22:44 下午 org.openqa.selenium.remote.RemoteWebDriver log
信息: Executed: [18923b13-f874-e147-ab1c-54202a80cc55, findElement {using=name, value=sameWindow}]
三月 23, 2014 4:22:44 下午 org.openqa.selenium.remote.RemoteWebDriver log
信息: Executing: clickElement [18923b13-f874-e147-ab1c-54202a80cc55, clickElement {id={0da13a67-4c92-7441-bd01-4379c4d1d335}}]
三月 23, 2014 4:22:44 下午 org.openqa.selenium.remote.RemoteWebDriver log
信息: Executed: [18923b13-f874-e147-ab1c-54202a80cc55, clickElement {id={0da13a67-4c92-7441-bd01-4379c4d1d335}}]
三月 23, 2014 4:22:44 下午 org.openqa.selenium.remote.RemoteWebDriver log
信息: Executing: getTitle [18923b13-f874-e147-ab1c-54202a80cc55, getTitle {}]
三月 23, 2014 4:22:44 下午 org.openqa.selenium.remote.RemoteWebDriver log
信息: Executed: [18923b13-f874-e147-ab1c-54202a80cc55, getTitle {}]
三月 23, 2014 4:22:44 下午 org.openqa.selenium.remote.RemoteWebDriver log
信息: Executing: goBack [18923b13-f874-e147-ab1c-54202a80cc55, goBack {}]
三月 23, 2014 4:22:44 下午 org.openqa.selenium.remote.RemoteWebDriver log
信息: Executed: [18923b13-f874-e147-ab1c-54202a80cc55, goBack {}]
三月 23, 2014 4:22:44 下午 org.openqa.selenium.remote.RemoteWebDriver log
信息: Executing: getTitle [18923b13-f874-e147-ab1c-54202a80cc55, getTitle {}]
三月 23, 2014 4:22:44 下午 org.openqa.selenium.remote.RemoteWebDriver log
信息: Executed: [18923b13-f874-e147-ab1c-54202a80cc55, getTitle {}]
三月 23, 2014 4:22:44 下午 org.openqa.selenium.testing.JUnit4TestBase$1 finished
信息: <<< Finished testShouldBeAbleToNavigateBackInTheBrowserHistoryInPresenceOfIframes(org.openqa.selenium.PageLoadingTest)
三月 23, 2014 4:22:44 下午 org.openqa.selenium.testing.JUnit4TestBase$1 starting
信息: >>> Starting testShouldFollowMetaRedirects(org.openqa.selenium.PageLoadingTest)
三月 23, 2014 4:22:44 下午 org.openqa.selenium.remote.RemoteWebDriver log
信息: Executing: get [18923b13-f874-e147-ab1c-54202a80cc55, get {url=http://localhost:6461/common/meta-redirect.html}]
三月 23, 2014 4:22:44 下午 org.openqa.selenium.remote.RemoteWebDriver log
信息: Executed: [18923b13-f874-e147-ab1c-54202a80cc55, get {url=http://localhost:6461/common/meta-redirect.html}]
三月 23, 2014 4:22:44 下午 org.openqa.selenium.remote.RemoteWebDriver log
信息: Executing: getTitle [18923b13-f874-e147-ab1c-54202a80cc55, getTitle {}]
三月 23, 2014 4:22:44 下午 org.openqa.selenium.remote.RemoteWebDriver log
信息: Executed: [18923b13-f874-e147-ab1c-54202a80cc55, getTitle {}]
三月 23, 2014 4:22:44 下午 org.openqa.selenium.testing.JUnit4TestBase$1 finished
信息: <<< Finished testShouldFollowMetaRedirects(org.openqa.selenium.PageLoadingTest)
三月 23, 2014 4:22:44 下午 org.openqa.selenium.testing.JUnit4TestBase$1 starting
信息: >>> Starting testShouldTimeoutIfAPageTakesTooLongToLoadAfterClick(org.openqa.selenium.PageLoadingTest)
三月 23, 2014 4:22:44 下午 org.openqa.selenium.remote.RemoteWebDriver log
信息: Executing: executeScript [18923b13-f874-e147-ab1c-54202a80cc55, executeScript {script=return navigator.userAgent;, args=[]}]
三月 23, 2014 4:22:44 下午 org.openqa.selenium.remote.RemoteWebDriver log
信息: Executed: [18923b13-f874-e147-ab1c-54202a80cc55, executeScript {script=return navigator.userAgent;, args=[]}]
三月 23, 2014 4:22:44 下午 org.openqa.selenium.remote.RemoteWebDriver log
信息: Executing: setTimeout [18923b13-f874-e147-ab1c-54202a80cc55, setTimeout {type=page load, ms=2000}]
三月 23, 2014 4:22:44 下午 org.openqa.selenium.remote.RemoteWebDriver log
信息: Executed: [18923b13-f874-e147-ab1c-54202a80cc55, setTimeout {type=page load, ms=2000}]
三月 23, 2014 4:22:44 下午 org.openqa.selenium.remote.RemoteWebDriver log
信息: Executing: get [18923b13-f874-e147-ab1c-54202a80cc55, get {url=http://localhost:6461/common/page_with_link_to_slow_loading_page.html}]
三月 23, 2014 4:22:44 下午 org.openqa.selenium.remote.RemoteWebDriver log
信息: Executed: [18923b13-f874-e147-ab1c-54202a80cc55, get {url=http://localhost:6461/common/page_with_link_to_slow_loading_page.html}]
三月 23, 2014 4:22:44 下午 org.openqa.selenium.remote.RemoteWebDriver log
信息: Executing: findElement [18923b13-f874-e147-ab1c-54202a80cc55, findElement {using=id, value=link-to-slow-loading-page}]
三月 23, 2014 4:22:44 下午 org.openqa.selenium.remote.RemoteWebDriver log
信息: Executed: [18923b13-f874-e147-ab1c-54202a80cc55, findElement {using=id, value=link-to-slow-loading-page}]
三月 23, 2014 4:22:44 下午 org.openqa.selenium.remote.RemoteWebDriver log
信息: Executing: clickElement [18923b13-f874-e147-ab1c-54202a80cc55, clickElement {id={bc510abf-6d2e-e84d-a3ec-7aa6861fbc72}}]
三月 23, 2014 4:22:46 下午 org.openqa.selenium.remote.RemoteWebDriver log
信息: Executed: [18923b13-f874-e147-ab1c-54202a80cc55, clickElement {id={bc510abf-6d2e-e84d-a3ec-7aa6861fbc72}}]
三月 23, 2014 4:22:46 下午 org.openqa.selenium.remote.RemoteWebDriver log
信息: Executing: get [18923b13-f874-e147-ab1c-54202a80cc55, get {url=http://localhost:6461/common/xhtmlTest.html}]
三月 23, 2014 4:22:46 下午 org.openqa.selenium.remote.RemoteWebDriver log
信息: Executed: [18923b13-f874-e147-ab1c-54202a80cc55, get {url=http://localhost:6461/common/xhtmlTest.html}]
三月 23, 2014 4:22:46 下午 org.openqa.selenium.remote.RemoteWebDriver log
信息: Executing: getTitle [18923b13-f874-e147-ab1c-54202a80cc55, getTitle {}]
三月 23, 2014 4:22:46 下午 org.openqa.selenium.remote.RemoteWebDriver log
信息: Executed: [18923b13-f874-e147-ab1c-54202a80cc55, getTitle {}]
三月 23, 2014 4:22:46 下午 org.openqa.selenium.remote.RemoteWebDriver log
信息: Executing: setTimeout [18923b13-f874-e147-ab1c-54202a80cc55, setTimeout {type=page load, ms=-1000}]
三月 23, 2014 4:22:46 下午 org.openqa.selenium.remote.RemoteWebDriver log
信息: Executed: [18923b13-f874-e147-ab1c-54202a80cc55, setTimeout {type=page load, ms=-1000}]
三月 23, 2014 4:22:46 下午 org.openqa.selenium.testing.JUnit4TestBase$1 finished
信息: <<< Finished testShouldTimeoutIfAPageTakesTooLongToLoadAfterClick(org.openqa.selenium.PageLoadingTest)
三月 23, 2014 4:22:46 下午 org.openqa.selenium.remote.RemoteWebDriver log
信息: Executing: quit [18923b13-f874-e147-ab1c-54202a80cc55, quit {}]
三月 23, 2014 4:22:46 下午 org.openqa.selenium.remote.RemoteWebDriver log
信息: Executed: [18923b13-f874-e147-ab1c-54202a80cc55, quit {}]
三月 23, 2014 4:22:48 下午 org.openqa.selenium.testing.JUnit4TestBase$1 starting
信息: >>> Starting testShouldThrowIfUrlIsMalformed(org.openqa.selenium.PageLoadingTest)
三月 23, 2014 4:22:48 下午 org.openqa.selenium.remote.RemoteWebDriver log
信息: Executing: get [910b6fb9-78a8-fe4b-95b2-d66edd6da9be, get {url=www.test.com}]
三月 23, 2014 4:22:48 下午 org.openqa.selenium.remote.RemoteWebDriver log
信息: Executed: [910b6fb9-78a8-fe4b-95b2-d66edd6da9be, get {url=www.test.com}]
三月 23, 2014 4:22:48 下午 org.openqa.selenium.testing.JUnit4TestBase$1 finished
信息: <<< Finished testShouldThrowIfUrlIsMalformed(org.openqa.selenium.PageLoadingTest)
三月 23, 2014 4:22:48 下午 org.openqa.selenium.testing.JUnit4TestBase$1 starting
信息: >>> Starting testNoneStrategyShouldNotWaitForPageToLoad(org.openqa.selenium.PageLoadingTest)
三月 23, 2014 4:22:50 下午 org.openqa.selenium.remote.RemoteWebDriver log
信息: Executing: get [e917f9ac-c9b6-784f-bef4-46ab386b598e, get {url=http://localhost:6461/common/sleep?time=5}]
三月 23, 2014 4:22:50 下午 org.openqa.selenium.remote.RemoteWebDriver log
信息: Executed: [e917f9ac-c9b6-784f-bef4-46ab386b598e, get {url=http://localhost:6461/common/sleep?time=5}]
三月 23, 2014 4:22:50 下午 org.openqa.selenium.remote.RemoteWebDriver log
信息: Executing: quit [e917f9ac-c9b6-784f-bef4-46ab386b598e, quit {}]
三月 23, 2014 4:22:50 下午 org.openqa.selenium.remote.RemoteWebDriver log
信息: Executed: [e917f9ac-c9b6-784f-bef4-46ab386b598e, quit {}]
三月 23, 2014 4:22:50 下午 org.openqa.selenium.testing.JUnit4TestBase$1 finished
信息: <<< Finished testNoneStrategyShouldNotWaitForPageToLoad(org.openqa.selenium.PageLoadingTest)
三月 23, 2014 4:22:50 下午 org.openqa.selenium.testing.JUnit4TestBase$1 starting
信息: >>> Starting testShouldReturnWhenGettingAUrlThatDoesNotConnect(org.openqa.selenium.PageLoadingTest)
三月 23, 2014 4:22:50 下午 org.openqa.selenium.remote.RemoteWebDriver log
信息: Executing: get [910b6fb9-78a8-fe4b-95b2-d66edd6da9be, get {url=http://localhost:3001}]
三月 23, 2014 4:22:50 下午 org.openqa.selenium.remote.RemoteWebDriver log
信息: Executed: [910b6fb9-78a8-fe4b-95b2-d66edd6da9be, get {url=http://localhost:3001}]
三月 23, 2014 4:22:50 下午 org.openqa.selenium.testing.JUnit4TestBase$1 finished
信息: <<< Finished testShouldReturnWhenGettingAUrlThatDoesNotConnect(org.openqa.selenium.PageLoadingTest)
三月 23, 2014 4:22:50 下午 org.openqa.selenium.testing.JUnit4TestBase$1 starting
信息: >>> Starting testShouldBeAbleToNavigateForwardsInTheBrowserHistory(org.openqa.selenium.PageLoadingTest)
三月 23, 2014 4:22:50 下午 org.openqa.selenium.remote.RemoteWebDriver log
信息: Executing: get [910b6fb9-78a8-fe4b-95b2-d66edd6da9be, get {url=http://localhost:6461/common/formPage.html}]
三月 23, 2014 4:22:51 下午 org.openqa.selenium.remote.RemoteWebDriver log
信息: Executed: [910b6fb9-78a8-fe4b-95b2-d66edd6da9be, get {url=http://localhost:6461/common/formPage.html}]
三月 23, 2014 4:22:51 下午 org.openqa.selenium.remote.RemoteWebDriver log
信息: Executing: findElement [910b6fb9-78a8-fe4b-95b2-d66edd6da9be, findElement {using=id, value=imageButton}]
三月 23, 2014 4:22:51 下午 org.openqa.selenium.remote.RemoteWebDriver log
信息: Executed: [910b6fb9-78a8-fe4b-95b2-d66edd6da9be, findElement {using=id, value=imageButton}]
三月 23, 2014 4:22:51 下午 org.openqa.selenium.remote.RemoteWebDriver log
信息: Executing: submitElement [910b6fb9-78a8-fe4b-95b2-d66edd6da9be, submitElement {id={a387ddc7-8fc4-6f4c-b399-a9a2418f8ef9}}]
三月 23, 2014 4:22:51 下午 org.openqa.selenium.remote.RemoteWebDriver log
信息: Executed: [910b6fb9-78a8-fe4b-95b2-d66edd6da9be, submitElement {id={a387ddc7-8fc4-6f4c-b399-a9a2418f8ef9}}]
三月 23, 2014 4:22:51 下午 org.openqa.selenium.remote.RemoteWebDriver log
信息: Executing: getTitle [910b6fb9-78a8-fe4b-95b2-d66edd6da9be, getTitle {}]
三月 23, 2014 4:22:51 下午 org.openqa.selenium.remote.RemoteWebDriver log
信息: Executed: [910b6fb9-78a8-fe4b-95b2-d66edd6da9be, getTitle {}]
三月 23, 2014 4:22:51 下午 org.openqa.selenium.remote.RemoteWebDriver log
信息: Executing: goBack [910b6fb9-78a8-fe4b-95b2-d66edd6da9be, goBack {}]
三月 23, 2014 4:22:51 下午 org.openqa.selenium.remote.RemoteWebDriver log
信息: Executed: [910b6fb9-78a8-fe4b-95b2-d66edd6da9be, goBack {}]
三月 23, 2014 4:22:51 下午 org.openqa.selenium.remote.RemoteWebDriver log
信息: Executing: getTitle [910b6fb9-78a8-fe4b-95b2-d66edd6da9be, getTitle {}]
三月 23, 2014 4:22:51 下午 org.openqa.selenium.remote.RemoteWebDriver log
信息: Executed: [910b6fb9-78a8-fe4b-95b2-d66edd6da9be, getTitle {}]
三月 23, 2014 4:22:51 下午 org.openqa.selenium.remote.RemoteWebDriver log
信息: Executing: goForward [910b6fb9-78a8-fe4b-95b2-d66edd6da9be, goForward {}]
三月 23, 2014 4:22:51 下午 org.openqa.selenium.remote.RemoteWebDriver log
信息: Executed: [910b6fb9-78a8-fe4b-95b2-d66edd6da9be, goForward {}]
三月 23, 2014 4:22:51 下午 org.openqa.selenium.remote.RemoteWebDriver log
信息: Executing: getTitle [910b6fb9-78a8-fe4b-95b2-d66edd6da9be, getTitle {}]
三月 23, 2014 4:22:51 下午 org.openqa.selenium.remote.RemoteWebDriver log
信息: Executed: [910b6fb9-78a8-fe4b-95b2-d66edd6da9be, getTitle {}]
三月 23, 2014 4:22:51 下午 org.openqa.selenium.testing.JUnit4TestBase$1 finished
信息: <<< Finished testShouldBeAbleToNavigateForwardsInTheBrowserHistory(org.openqa.selenium.PageLoadingTest)
三月 23, 2014 4:22:51 下午 org.openqa.selenium.testing.JUnit4TestBase$1 starting
信息: >>> Starting testNormalStrategyShouldWaitForDocumentToBeLoaded(org.openqa.selenium.PageLoadingTest)
三月 23, 2014 4:22:51 下午 org.openqa.selenium.remote.RemoteWebDriver log
信息: Executing: get [910b6fb9-78a8-fe4b-95b2-d66edd6da9be, get {url=http://localhost:6461/common/simpleTest.html}]
三月 23, 2014 4:22:51 下午 org.openqa.selenium.remote.RemoteWebDriver log
信息: Executed: [910b6fb9-78a8-fe4b-95b2-d66edd6da9be, get {url=http://localhost:6461/common/simpleTest.html}]
三月 23, 2014 4:22:51 下午 org.openqa.selenium.remote.RemoteWebDriver log
信息: Executing: getTitle [910b6fb9-78a8-fe4b-95b2-d66edd6da9be, getTitle {}]
三月 23, 2014 4:22:51 下午 org.openqa.selenium.remote.RemoteWebDriver log
信息: Executed: [910b6fb9-78a8-fe4b-95b2-d66edd6da9be, getTitle {}]
三月 23, 2014 4:22:51 下午 org.openqa.selenium.testing.JUnit4TestBase$1 finished
信息: <<< Finished testNormalStrategyShouldWaitForDocumentToBeLoaded(org.openqa.selenium.PageLoadingTest)
三月 23, 2014 4:22:51 下午 org.openqa.selenium.testing.JUnit4TestBase$1 starting
信息: >>> Starting testShouldReturnWhenGettingAUrlThatDoesNotResolve(org.openqa.selenium.PageLoadingTest)
三月 23, 2014 4:22:51 下午 org.openqa.selenium.remote.RemoteWebDriver log
信息: Executing: get [910b6fb9-78a8-fe4b-95b2-d66edd6da9be, get {url=http://www.thisurldoesnotexist.comx/}]
三月 23, 2014 4:22:51 下午 org.openqa.selenium.remote.RemoteWebDriver log
信息: Executed: [910b6fb9-78a8-fe4b-95b2-d66edd6da9be, get {url=http://www.thisurldoesnotexist.comx/}]
三月 23, 2014 4:22:51 下午 org.openqa.selenium.testing.JUnit4TestBase$1 finished
信息: <<< Finished testShouldReturnWhenGettingAUrlThatDoesNotResolve(org.openqa.selenium.PageLoadingTest)
三月 23, 2014 4:22:51 下午 org.openqa.selenium.testing.JUnit4TestBase$1 starting
信息: >>> Starting testShouldBeAbleToNavigateBackInTheBrowserHistory(org.openqa.selenium.PageLoadingTest)
三月 23, 2014 4:22:51 下午 org.openqa.selenium.remote.RemoteWebDriver log
信息: Executing: get [910b6fb9-78a8-fe4b-95b2-d66edd6da9be, get {url=http://localhost:6461/common/formPage.html}]
三月 23, 2014 4:22:51 下午 org.openqa.selenium.remote.RemoteWebDriver log
信息: Executed: [910b6fb9-78a8-fe4b-95b2-d66edd6da9be, get {url=http://localhost:6461/common/formPage.html}]
三月 23, 2014 4:22:51 下午 org.openqa.selenium.remote.RemoteWebDriver log
信息: Executing: findElement [910b6fb9-78a8-fe4b-95b2-d66edd6da9be, findElement {using=id, value=imageButton}]
三月 23, 2014 4:22:51 下午 org.openqa.selenium.remote.RemoteWebDriver log
信息: Executed: [910b6fb9-78a8-fe4b-95b2-d66edd6da9be, findElement {using=id, value=imageButton}]
三月 23, 2014 4:22:51 下午 org.openqa.selenium.remote.RemoteWebDriver log
信息: Executing: submitElement [910b6fb9-78a8-fe4b-95b2-d66edd6da9be, submitElement {id={7c80c504-5d5f-154e-bceb-a39336a74d91}}]
三月 23, 2014 4:22:51 下午 org.openqa.selenium.remote.RemoteWebDriver log
信息: Executed: [910b6fb9-78a8-fe4b-95b2-d66edd6da9be, submitElement {id={7c80c504-5d5f-154e-bceb-a39336a74d91}}]
三月 23, 2014 4:22:51 下午 org.openqa.selenium.remote.RemoteWebDriver log
信息: Executing: getTitle [910b6fb9-78a8-fe4b-95b2-d66edd6da9be, getTitle {}]
三月 23, 2014 4:22:51 下午 org.openqa.selenium.remote.RemoteWebDriver log
信息: Executed: [910b6fb9-78a8-fe4b-95b2-d66edd6da9be, getTitle {}]
三月 23, 2014 4:22:51 下午 org.openqa.selenium.remote.RemoteWebDriver log
信息: Executing: goBack [910b6fb9-78a8-fe4b-95b2-d66edd6da9be, goBack {}]
三月 23, 2014 4:22:51 下午 org.openqa.selenium.remote.RemoteWebDriver log
信息: Executed: [910b6fb9-78a8-fe4b-95b2-d66edd6da9be, goBack {}]
三月 23, 2014 4:22:51 下午 org.openqa.selenium.remote.RemoteWebDriver log
信息: Executing: getTitle [910b6fb9-78a8-fe4b-95b2-d66edd6da9be, getTitle {}]
三月 23, 2014 4:22:52 下午 org.openqa.selenium.remote.RemoteWebDriver log
信息: Executed: [910b6fb9-78a8-fe4b-95b2-d66edd6da9be, getTitle {}]
三月 23, 2014 4:22:52 下午 org.openqa.selenium.testing.JUnit4TestBase$1 finished
信息: <<< Finished testShouldBeAbleToNavigateBackInTheBrowserHistory(org.openqa.selenium.PageLoadingTest)
三月 23, 2014 4:22:52 下午 org.openqa.selenium.testing.JUnit4TestBase$1 starting
信息: >>> Starting testGetsYieldToPageLoadLogEntries(org.openqa.selenium.logging.PerformanceLoggingTest)
三月 23, 2014 4:22:53 下午 org.openqa.selenium.remote.RemoteWebDriver log
信息: Executing: get [a075d654-6ec6-c946-b9e0-53ebc295fe8e, get {url=http://localhost:6461/common/formPage.html}]
三月 23, 2014 4:22:53 下午 org.openqa.selenium.remote.RemoteWebDriver log
信息: Executed: [a075d654-6ec6-c946-b9e0-53ebc295fe8e, get {url=http://localhost:6461/common/formPage.html}]
三月 23, 2014 4:22:53 下午 org.openqa.selenium.remote.RemoteWebDriver log
信息: Executing: findElement [a075d654-6ec6-c946-b9e0-53ebc295fe8e, findElement {using=id, value=submitButton}]
三月 23, 2014 4:22:53 下午 org.openqa.selenium.remote.RemoteWebDriver log
信息: Executed: [a075d654-6ec6-c946-b9e0-53ebc295fe8e, findElement {using=id, value=submitButton}]
三月 23, 2014 4:22:53 下午 org.openqa.selenium.remote.RemoteWebDriver log
信息: Executing: clickElement [a075d654-6ec6-c946-b9e0-53ebc295fe8e, clickElement {id={256cefbd-6fe0-a741-8910-45784218655c}}]
三月 23, 2014 4:22:54 下午 org.openqa.selenium.remote.RemoteWebDriver log
信息: Executed: [a075d654-6ec6-c946-b9e0-53ebc295fe8e, clickElement {id={256cefbd-6fe0-a741-8910-45784218655c}}]
三月 23, 2014 4:22:54 下午 org.openqa.selenium.remote.RemoteWebDriver log
信息: Executing: getLog [a075d654-6ec6-c946-b9e0-53ebc295fe8e, getLog {type=profiler}]
三月 23, 2014 4:22:54 下午 org.openqa.selenium.remote.RemoteWebDriver log
信息: Executed: [a075d654-6ec6-c946-b9e0-53ebc295fe8e, getLog {type=profiler}]
三月 23, 2014 4:22:54 下午 org.openqa.selenium.remote.RemoteWebDriver log
信息: Executing: quit [a075d654-6ec6-c946-b9e0-53ebc295fe8e, quit {}]
三月 23, 2014 4:22:54 下午 org.openqa.selenium.remote.RemoteWebDriver log
信息: Executed: [a075d654-6ec6-c946-b9e0-53ebc295fe8e, quit {}]
三月 23, 2014 4:22:54 下午 org.openqa.selenium.testing.JUnit4TestBase$1 finished
信息: <<< Finished testGetsYieldToPageLoadLogEntries(org.openqa.selenium.logging.PerformanceLoggingTest)
三月 23, 2014 4:22:54 下午 org.openqa.selenium.testing.JUnit4TestBase$1 starting
信息: >>> Starting testPriorityForProfilerCapability(org.openqa.selenium.logging.PerformanceLoggingTest)
三月 23, 2014 4:22:55 下午 org.openqa.selenium.remote.RemoteWebDriver log
信息: Executing: getLog [6e197c72-9676-164f-be10-5507c840ed0f, getLog {type=profiler}]
三月 23, 2014 4:22:55 下午 org.openqa.selenium.remote.RemoteWebDriver log
信息: Executed: [6e197c72-9676-164f-be10-5507c840ed0f, getLog {type=profiler}]
三月 23, 2014 4:22:55 下午 org.openqa.selenium.remote.RemoteWebDriver log
信息: Executing: quit [6e197c72-9676-164f-be10-5507c840ed0f, quit {}]
三月 23, 2014 4:22:55 下午 org.openqa.selenium.remote.RemoteWebDriver log
信息: Executed: [6e197c72-9676-164f-be10-5507c840ed0f, quit {}]
三月 23, 2014 4:22:55 下午 org.openqa.selenium.testing.JUnit4TestBase$1 finished
信息: <<< Finished testPriorityForProfilerCapability(org.openqa.selenium.logging.PerformanceLoggingTest)
三月 23, 2014 4:22:55 下午 org.openqa.selenium.testing.JUnit4TestBase$1 starting
信息: >>> Starting testDisabledProfilingDoesNotLog(org.openqa.selenium.logging.PerformanceLoggingTest)
三月 23, 2014 4:22:55 下午 org.openqa.selenium.remote.RemoteWebDriver log
信息: Executing: get [910b6fb9-78a8-fe4b-95b2-d66edd6da9be, get {url=http://localhost:6461/common/simpleTest.html}]
三月 23, 2014 4:22:56 下午 org.openqa.selenium.remote.RemoteWebDriver log
信息: Executed: [910b6fb9-78a8-fe4b-95b2-d66edd6da9be, get {url=http://localhost:6461/common/simpleTest.html}]
三月 23, 2014 4:22:56 下午 org.openqa.selenium.remote.RemoteWebDriver log
信息: Executing: getLog [910b6fb9-78a8-fe4b-95b2-d66edd6da9be, getLog {type=profiler}]
三月 23, 2014 4:22:56 下午 org.openqa.selenium.remote.RemoteWebDriver log
信息: Executed: [910b6fb9-78a8-fe4b-95b2-d66edd6da9be, getLog {type=profiler}]
三月 23, 2014 4:22:56 下午 org.openqa.selenium.testing.JUnit4TestBase$1 finished
信息: <<< Finished testDisabledProfilingDoesNotLog(org.openqa.selenium.logging.PerformanceLoggingTest)
三月 23, 2014 4:22:56 下午 org.openqa.selenium.testing.JUnit4TestBase$1 starting
信息: >>> Starting testLogsSingleHttpCommand(org.openqa.selenium.logging.PerformanceLoggingTest)
三月 23, 2014 4:22:57 下午 org.openqa.selenium.remote.RemoteWebDriver log
信息: Executing: getLog [6cc7296a-dde5-784f-a970-1efbc80d6fe9, getLog {type=profiler}]
三月 23, 2014 4:22:57 下午 org.openqa.selenium.remote.RemoteWebDriver log
信息: Executed: [6cc7296a-dde5-784f-a970-1efbc80d6fe9, getLog {type=profiler}]
三月 23, 2014 4:22:57 下午 org.openqa.selenium.remote.RemoteWebDriver log
信息: Executing: quit [6cc7296a-dde5-784f-a970-1efbc80d6fe9, quit {}]
三月 23, 2014 4:22:57 下午 org.openqa.selenium.remote.RemoteWebDriver log
信息: Executed: [6cc7296a-dde5-784f-a970-1efbc80d6fe9, quit {}]
三月 23, 2014 4:22:57 下午 org.openqa.selenium.testing.JUnit4TestBase$1 finished
信息: <<< Finished testLogsSingleHttpCommand(org.openqa.selenium.logging.PerformanceLoggingTest)
三月 23, 2014 4:22:57 下午 org.openqa.selenium.testing.JUnit4TestBase$1 starting
信息: >>> Starting shouldBeAbleToEnablePerformanceLog(org.openqa.selenium.logging.PerformanceLogTypeTest)
三月 23, 2014 4:22:57 下午 org.openqa.selenium.remote.RemoteWebDriver log
信息: Executing: executeScript [910b6fb9-78a8-fe4b-95b2-d66edd6da9be, executeScript {script=return navigator.userAgent;, args=[]}]
三月 23, 2014 4:22:57 下午 org.openqa.selenium.remote.RemoteWebDriver log
信息: Executed: [910b6fb9-78a8-fe4b-95b2-d66edd6da9be, executeScript {script=return navigator.userAgent;, args=[]}]
三月 23, 2014 4:22:57 下午 org.openqa.selenium.testing.JUnit4TestBase$1 finished
信息: <<< Finished shouldBeAbleToEnablePerformanceLog(org.openqa.selenium.logging.PerformanceLogTypeTest)
三月 23, 2014 4:22:57 下午 org.openqa.selenium.testing.JUnit4TestBase$1 starting
信息: >>> Starting pageLoadShouldProducePerformanceLogEntries(org.openqa.selenium.logging.PerformanceLogTypeTest)
三月 23, 2014 4:22:57 下午 org.openqa.selenium.remote.RemoteWebDriver log
信息: Executing: executeScript [910b6fb9-78a8-fe4b-95b2-d66edd6da9be, executeScript {script=return navigator.userAgent;, args=[]}]
三月 23, 2014 4:22:57 下午 org.openqa.selenium.remote.RemoteWebDriver log
信息: Executed: [910b6fb9-78a8-fe4b-95b2-d66edd6da9be, executeScript {script=return navigator.userAgent;, args=[]}]
三月 23, 2014 4:22:57 下午 org.openqa.selenium.testing.JUnit4TestBase$1 finished
信息: <<< Finished pageLoadShouldProducePerformanceLogEntries(org.openqa.selenium.logging.PerformanceLogTypeTest)
三月 23, 2014 4:22:57 下午 org.openqa.selenium.testing.JUnit4TestBase$1 starting
信息: >>> Starting performanceLogShouldBeDisabledByDefault(org.openqa.selenium.logging.PerformanceLogTypeTest)
三月 23, 2014 4:22:57 下午 org.openqa.selenium.remote.RemoteWebDriver log
信息: Executing: getAvailableLogTypes [910b6fb9-78a8-fe4b-95b2-d66edd6da9be, getAvailableLogTypes {}]
三月 23, 2014 4:22:57 下午 org.openqa.selenium.remote.RemoteWebDriver log
信息: Executed: [910b6fb9-78a8-fe4b-95b2-d66edd6da9be, getAvailableLogTypes {}]
三月 23, 2014 4:22:57 下午 org.openqa.selenium.testing.JUnit4TestBase$1 finished
信息: <<< Finished performanceLogShouldBeDisabledByDefault(org.openqa.selenium.logging.PerformanceLogTypeTest)
三月 23, 2014 4:22:57 下午 org.openqa.selenium.testing.JUnit4TestBase$1 starting
信息: >>> Starting testShouldHandleNonIntegerPositionAndSize(org.openqa.selenium.PositionAndSizeTest)
三月 23, 2014 4:22:57 下午 org.openqa.selenium.remote.RemoteWebDriver log
信息: Executing: get [910b6fb9-78a8-fe4b-95b2-d66edd6da9be, get {url=http://localhost:6461/common/rectangles.html}]
三月 23, 2014 4:22:58 下午 org.openqa.selenium.remote.RemoteWebDriver log
信息: Executed: [910b6fb9-78a8-fe4b-95b2-d66edd6da9be, get {url=http://localhost:6461/common/rectangles.html}]
三月 23, 2014 4:22:58 下午 org.openqa.selenium.remote.RemoteWebDriver log
信息: Executing: findElement [910b6fb9-78a8-fe4b-95b2-d66edd6da9be, findElement {using=id, value=r2}]
三月 23, 2014 4:22:58 下午 org.openqa.selenium.remote.RemoteWebDriver log
信息: Executed: [910b6fb9-78a8-fe4b-95b2-d66edd6da9be, findElement {using=id, value=r2}]
三月 23, 2014 4:22:58 下午 org.openqa.selenium.remote.RemoteWebDriver log
信息: Executing: getElementValueOfCssProperty [910b6fb9-78a8-fe4b-95b2-d66edd6da9be, getElementValueOfCssProperty {id={803ef070-32dc-bd49-aec8-ee15487879c2}, propertyName=left}]
三月 23, 2014 4:22:58 下午 org.openqa.selenium.remote.RemoteWebDriver log
信息: Executed: [910b6fb9-78a8-fe4b-95b2-d66edd6da9be, getElementValueOfCssProperty {id={803ef070-32dc-bd49-aec8-ee15487879c2}, propertyName=left}]
三月 23, 2014 4:22:58 下午 org.openqa.selenium.remote.RemoteWebDriver log
信息: Executing: getElementValueOfCssProperty [910b6fb9-78a8-fe4b-95b2-d66edd6da9be, getElementValueOfCssProperty {id={803ef070-32dc-bd49-aec8-ee15487879c2}, propertyName=top}]
三月 23, 2014 4:22:58 下午 org.openqa.selenium.remote.RemoteWebDriver log
信息: Executed: [910b6fb9-78a8-fe4b-95b2-d66edd6da9be, getElementValueOfCssProperty {id={803ef070-32dc-bd49-aec8-ee15487879c2}, propertyName=top}]
三月 23, 2014 4:22:58 下午 org.openqa.selenium.remote.RemoteWebDriver log
信息: Executing: getElementLocation [910b6fb9-78a8-fe4b-95b2-d66edd6da9be, getElementLocation {id={803ef070-32dc-bd49-aec8-ee15487879c2}}]
三月 23, 2014 4:22:58 下午 org.openqa.selenium.remote.RemoteWebDriver log
信息: Executed: [910b6fb9-78a8-fe4b-95b2-d66edd6da9be, getElementLocation {id={803ef070-32dc-bd49-aec8-ee15487879c2}}]
三月 23, 2014 4:22:58 下午 org.openqa.selenium.remote.RemoteWebDriver log
信息: Executing: getElementValueOfCssProperty [910b6fb9-78a8-fe4b-95b2-d66edd6da9be, getElementValueOfCssProperty {id={803ef070-32dc-bd49-aec8-ee15487879c2}, propertyName=width}]
三月 23, 2014 4:22:58 下午 org.openqa.selenium.remote.RemoteWebDriver log
信息: Executed: [910b6fb9-78a8-fe4b-95b2-d66edd6da9be, getElementValueOfCssProperty {id={803ef070-32dc-bd49-aec8-ee15487879c2}, propertyName=width}]
三月 23, 2014 4:22:58 下午 org.openqa.selenium.remote.RemoteWebDriver log
信息: Executing: getElementValueOfCssProperty [910b6fb9-78a8-fe4b-95b2-d66edd6da9be, getElementValueOfCssProperty {id={803ef070-32dc-bd49-aec8-ee15487879c2}, propertyName=height}]
三月 23, 2014 4:22:58 下午 org.openqa.selenium.remote.RemoteWebDriver log
信息: Executed: [910b6fb9-78a8-fe4b-95b2-d66edd6da9be, getElementValueOfCssProperty {id={803ef070-32dc-bd49-aec8-ee15487879c2}, propertyName=height}]
三月 23, 2014 4:22:58 下午 org.openqa.selenium.remote.RemoteWebDriver log
信息: Executing: getElementSize [910b6fb9-78a8-fe4b-95b2-d66edd6da9be, getElementSize {id={803ef070-32dc-bd49-aec8-ee15487879c2}}]
三月 23, 2014 4:22:58 下午 org.openqa.selenium.remote.RemoteWebDriver log
信息: Executed: [910b6fb9-78a8-fe4b-95b2-d66edd6da9be, getElementSize {id={803ef070-32dc-bd49-aec8-ee15487879c2}}]
三月 23, 2014 4:22:58 下午 org.openqa.selenium.testing.JUnit4TestBase$1 finished
信息: <<< Finished testShouldHandleNonIntegerPositionAndSize(org.openqa.selenium.PositionAndSizeTest)
三月 23, 2014 4:22:58 下午 org.openqa.selenium.testing.JUnit4TestBase$1 starting
信息: >>> Starting testShouldScrollPageAndGetCoordinatesOfAnElementThatIsOutOfViewPort(org.openqa.selenium.PositionAndSizeTest)
三月 23, 2014 4:22:58 下午 org.openqa.selenium.remote.RemoteWebDriver log
信息: Executing: get [910b6fb9-78a8-fe4b-95b2-d66edd6da9be, get {url=http://localhost:6461/common/coordinates_tests/page_with_element_out_of_view.html}]
三月 23, 2014 4:22:58 下午 org.openqa.selenium.remote.RemoteWebDriver log
信息: Executed: [910b6fb9-78a8-fe4b-95b2-d66edd6da9be, get {url=http://localhost:6461/common/coordinates_tests/page_with_element_out_of_view.html}]
三月 23, 2014 4:22:58 下午 org.openqa.selenium.remote.RemoteWebDriver log
信息: Executing: getWindowSize [910b6fb9-78a8-fe4b-95b2-d66edd6da9be, getWindowSize {windowHandle=current}]
三月 23, 2014 4:22:58 下午 org.openqa.selenium.remote.RemoteWebDriver log
信息: Executed: [910b6fb9-78a8-fe4b-95b2-d66edd6da9be, getWindowSize {windowHandle=current}]
三月 23, 2014 4:22:58 下午 org.openqa.selenium.remote.RemoteWebDriver log
信息: Executing: findElement [910b6fb9-78a8-fe4b-95b2-d66edd6da9be, findElement {using=id, value=box}]
三月 23, 2014 4:22:58 下午 org.openqa.selenium.remote.RemoteWebDriver log
信息: Executed: [910b6fb9-78a8-fe4b-95b2-d66edd6da9be, findElement {using=id, value=box}]
三月 23, 2014 4:22:58 下午 org.openqa.selenium.remote.RemoteWebDriver log
信息: Executing: getElementLocationOnceScrolledIntoView [910b6fb9-78a8-fe4b-95b2-d66edd6da9be, getElementLocationOnceScrolledIntoView {id={07758008-dfa9-4f4b-8ca3-62e6a43eb234}}]
三月 23, 2014 4:22:58 下午 org.openqa.selenium.remote.RemoteWebDriver log
信息: Executed: [910b6fb9-78a8-fe4b-95b2-d66edd6da9be, getElementLocationOnceScrolledIntoView {id={07758008-dfa9-4f4b-8ca3-62e6a43eb234}}]
三月 23, 2014 4:22:58 下午 org.openqa.selenium.remote.RemoteWebDriver log
信息: Executing: findElement [910b6fb9-78a8-fe4b-95b2-d66edd6da9be, findElement {using=id, value=box}]
三月 23, 2014 4:22:58 下午 org.openqa.selenium.remote.RemoteWebDriver log
信息: Executed: [910b6fb9-78a8-fe4b-95b2-d66edd6da9be, findElement {using=id, value=box}]
三月 23, 2014 4:22:58 下午 org.openqa.selenium.remote.RemoteWebDriver log
信息: Executing: getElementLocation [910b6fb9-78a8-fe4b-95b2-d66edd6da9be, getElementLocation {id={07758008-dfa9-4f4b-8ca3-62e6a43eb234}}]
三月 23, 2014 4:22:58 下午 org.openqa.selenium.remote.RemoteWebDriver log
信息: Executed: [910b6fb9-78a8-fe4b-95b2-d66edd6da9be, getElementLocation {id={07758008-dfa9-4f4b-8ca3-62e6a43eb234}}]
三月 23, 2014 4:22:58 下午 org.openqa.selenium.testing.JUnit4TestBase$1 finished
信息: <<< Finished testShouldScrollPageAndGetCoordinatesOfAnElementThatIsOutOfViewPort(org.openqa.selenium.PositionAndSizeTest)
三月 23, 2014 4:22:58 下午 org.openqa.selenium.testing.JUnit4TestBase$1 starting
信息: >>> Starting testShouldGetCoordinatesOfAnInvisibleElement(org.openqa.selenium.PositionAndSizeTest)
三月 23, 2014 4:22:58 下午 org.openqa.selenium.remote.RemoteWebDriver log
信息: Executing: get [910b6fb9-78a8-fe4b-95b2-d66edd6da9be, get {url=http://localhost:6461/common/coordinates_tests/page_with_invisible_element.html}]
三月 23, 2014 4:22:58 下午 org.openqa.selenium.remote.RemoteWebDriver log
信息: Executed: [910b6fb9-78a8-fe4b-95b2-d66edd6da9be, get {url=http://localhost:6461/common/coordinates_tests/page_with_invisible_element.html}]
三月 23, 2014 4:22:58 下午 org.openqa.selenium.remote.RemoteWebDriver log
信息: Executing: findElement [910b6fb9-78a8-fe4b-95b2-d66edd6da9be, findElement {using=id, value=box}]
三月 23, 2014 4:22:58 下午 org.openqa.selenium.remote.RemoteWebDriver log
信息: Executed: [910b6fb9-78a8-fe4b-95b2-d66edd6da9be, findElement {using=id, value=box}]
三月 23, 2014 4:22:58 下午 org.openqa.selenium.remote.RemoteWebDriver log
信息: Executing: getElementLocationOnceScrolledIntoView [910b6fb9-78a8-fe4b-95b2-d66edd6da9be, getElementLocationOnceScrolledIntoView {id={59c4d11f-cd1a-d04b-bbae-96e77e8e5460}}]
三月 23, 2014 4:22:58 下午 org.openqa.selenium.remote.RemoteWebDriver log
信息: Executed: [910b6fb9-78a8-fe4b-95b2-d66edd6da9be, getElementLocationOnceScrolledIntoView {id={59c4d11f-cd1a-d04b-bbae-96e77e8e5460}}]
三月 23, 2014 4:22:58 下午 org.openqa.selenium.remote.RemoteWebDriver log
信息: Executing: findElement [910b6fb9-78a8-fe4b-95b2-d66edd6da9be, findElement {using=id, value=box}]
三月 23, 2014 4:22:58 下午 org.openqa.selenium.remote.RemoteWebDriver log
信息: Executed: [910b6fb9-78a8-fe4b-95b2-d66edd6da9be, findElement {using=id, value=box}]
三月 23, 2014 4:22:58 下午 org.openqa.selenium.remote.RemoteWebDriver log
信息: Executing: getElementLocation [910b6fb9-78a8-fe4b-95b2-d66edd6da9be, getElementLocation {id={59c4d11f-cd1a-d04b-bbae-96e77e8e5460}}]
三月 23, 2014 4:22:58 下午 org.openqa.selenium.remote.RemoteWebDriver log
信息: Executed: [910b6fb9-78a8-fe4b-95b2-d66edd6da9be, getElementLocation {id={59c4d11f-cd1a-d04b-bbae-96e77e8e5460}}]
三月 23, 2014 4:22:58 下午 org.openqa.selenium.testing.JUnit4TestBase$1 finished
信息: <<< Finished testShouldGetCoordinatesOfAnInvisibleElement(org.openqa.selenium.PositionAndSizeTest)
三月 23, 2014 4:22:58 下午 org.openqa.selenium.testing.JUnit4TestBase$1 starting
信息: >>> Starting testShouldGetCoordinatesOfAnElement(org.openqa.selenium.PositionAndSizeTest)
三月 23, 2014 4:22:58 下午 org.openqa.selenium.remote.RemoteWebDriver log
信息: Executing: get [910b6fb9-78a8-fe4b-95b2-d66edd6da9be, get {url=http://localhost:6461/common/coordinates_tests/simple_page.html}]
三月 23, 2014 4:22:58 下午 org.openqa.selenium.remote.RemoteWebDriver log
信息: Executed: [910b6fb9-78a8-fe4b-95b2-d66edd6da9be, get {url=http://localhost:6461/common/coordinates_tests/simple_page.html}]
三月 23, 2014 4:22:58 下午 org.openqa.selenium.remote.RemoteWebDriver log
信息: Executing: findElement [910b6fb9-78a8-fe4b-95b2-d66edd6da9be, findElement {using=id, value=box}]
三月 23, 2014 4:22:58 下午 org.openqa.selenium.remote.RemoteWebDriver log
信息: Executed: [910b6fb9-78a8-fe4b-95b2-d66edd6da9be, findElement {using=id, value=box}]
三月 23, 2014 4:22:58 下午 org.openqa.selenium.remote.RemoteWebDriver log
信息: Executing: getElementLocationOnceScrolledIntoView [910b6fb9-78a8-fe4b-95b2-d66edd6da9be, getElementLocationOnceScrolledIntoView {id={715fe666-db42-4e49-9268-8f6a5671ccfc}}]
三月 23, 2014 4:22:58 下午 org.openqa.selenium.remote.RemoteWebDriver log
信息: Executed: [910b6fb9-78a8-fe4b-95b2-d66edd6da9be, getElementLocationOnceScrolledIntoView {id={715fe666-db42-4e49-9268-8f6a5671ccfc}}]
三月 23, 2014 4:22:58 下午 org.openqa.selenium.remote.RemoteWebDriver log
信息: Executing: findElement [910b6fb9-78a8-fe4b-95b2-d66edd6da9be, findElement {using=id, value=box}]
三月 23, 2014 4:22:58 下午 org.openqa.selenium.remote.RemoteWebDriver log
信息: Executed: [910b6fb9-78a8-fe4b-95b2-d66edd6da9be, findElement {using=id, value=box}]
三月 23, 2014 4:22:58 下午 org.openqa.selenium.remote.RemoteWebDriver log
信息: Executing: getElementLocation [910b6fb9-78a8-fe4b-95b2-d66edd6da9be, getElementLocation {id={715fe666-db42-4e49-9268-8f6a5671ccfc}}]
三月 23, 2014 4:22:58 下午 org.openqa.selenium.remote.RemoteWebDriver log
信息: Executed: [910b6fb9-78a8-fe4b-95b2-d66edd6da9be, getElementLocation {id={715fe666-db42-4e49-9268-8f6a5671ccfc}}]
三月 23, 2014 4:22:58 下午 org.openqa.selenium.testing.JUnit4TestBase$1 finished
信息: <<< Finished testShouldGetCoordinatesOfAnElement(org.openqa.selenium.PositionAndSizeTest)
三月 23, 2014 4:22:58 下午 org.openqa.selenium.testing.JUnit4TestBase$1 starting
信息: >>> Starting testShouldGetCoordinatesOfAnEmptyElement(org.openqa.selenium.PositionAndSizeTest)
三月 23, 2014 4:22:58 下午 org.openqa.selenium.remote.RemoteWebDriver log
信息: Executing: get [910b6fb9-78a8-fe4b-95b2-d66edd6da9be, get {url=http://localhost:6461/common/coordinates_tests/page_with_empty_element.html}]
三月 23, 2014 4:22:58 下午 org.openqa.selenium.remote.RemoteWebDriver log
信息: Executed: [910b6fb9-78a8-fe4b-95b2-d66edd6da9be, get {url=http://localhost:6461/common/coordinates_tests/page_with_empty_element.html}]
三月 23, 2014 4:22:58 下午 org.openqa.selenium.remote.RemoteWebDriver log
信息: Executing: findElement [910b6fb9-78a8-fe4b-95b2-d66edd6da9be, findElement {using=id, value=box}]
三月 23, 2014 4:22:59 下午 org.openqa.selenium.remote.RemoteWebDriver log
信息: Executed: [910b6fb9-78a8-fe4b-95b2-d66edd6da9be, findElement {using=id, value=box}]
三月 23, 2014 4:22:59 下午 org.openqa.selenium.remote.RemoteWebDriver log
信息: Executing: getElementLocationOnceScrolledIntoView [910b6fb9-78a8-fe4b-95b2-d66edd6da9be, getElementLocationOnceScrolledIntoView {id={c56041e9-9011-7844-80ac-43c0b8f4bdba}}]
三月 23, 2014 4:22:59 下午 org.openqa.selenium.remote.RemoteWebDriver log
信息: Executed: [910b6fb9-78a8-fe4b-95b2-d66edd6da9be, getElementLocationOnceScrolledIntoView {id={c56041e9-9011-7844-80ac-43c0b8f4bdba}}]
三月 23, 2014 4:22:59 下午 org.openqa.selenium.remote.RemoteWebDriver log
信息: Executing: findElement [910b6fb9-78a8-fe4b-95b2-d66edd6da9be, findElement {using=id, value=box}]
三月 23, 2014 4:22:59 下午 org.openqa.selenium.remote.RemoteWebDriver log
信息: Executed: [910b6fb9-78a8-fe4b-95b2-d66edd6da9be, findElement {using=id, value=box}]
三月 23, 2014 4:22:59 下午 org.openqa.selenium.remote.RemoteWebDriver log
信息: Executing: getElementLocation [910b6fb9-78a8-fe4b-95b2-d66edd6da9be, getElementLocation {id={c56041e9-9011-7844-80ac-43c0b8f4bdba}}]
三月 23, 2014 4:22:59 下午 org.openqa.selenium.remote.RemoteWebDriver log
信息: Executed: [910b6fb9-78a8-fe4b-95b2-d66edd6da9be, getElementLocation {id={c56041e9-9011-7844-80ac-43c0b8f4bdba}}]
三月 23, 2014 4:22:59 下午 org.openqa.selenium.testing.JUnit4TestBase$1 finished
信息: <<< Finished testShouldGetCoordinatesOfAnEmptyElement(org.openqa.selenium.PositionAndSizeTest)
三月 23, 2014 4:22:59 下午 org.openqa.selenium.testing.JUnit4TestBase$1 starting
信息: >>> Starting testShouldGetCoordinatesInViewPortOfAnElementInAFrame(org.openqa.selenium.PositionAndSizeTest)
三月 23, 2014 4:22:59 下午 org.openqa.selenium.remote.RemoteWebDriver log
信息: Executing: get [910b6fb9-78a8-fe4b-95b2-d66edd6da9be, get {url=http://localhost:6461/common/coordinates_tests/element_in_frame.html}]
三月 23, 2014 4:22:59 下午 org.openqa.selenium.remote.RemoteWebDriver log
信息: Executed: [910b6fb9-78a8-fe4b-95b2-d66edd6da9be, get {url=http://localhost:6461/common/coordinates_tests/element_in_frame.html}]
三月 23, 2014 4:22:59 下午 org.openqa.selenium.remote.RemoteWebDriver log
信息: Executing: switchToFrame [910b6fb9-78a8-fe4b-95b2-d66edd6da9be, switchToFrame {id=ifr}]
三月 23, 2014 4:22:59 下午 org.openqa.selenium.remote.RemoteWebDriver log
信息: Executed: [910b6fb9-78a8-fe4b-95b2-d66edd6da9be, switchToFrame {id=ifr}]
三月 23, 2014 4:22:59 下午 org.openqa.selenium.remote.RemoteWebDriver log
信息: Executing: findElement [910b6fb9-78a8-fe4b-95b2-d66edd6da9be, findElement {using=id, value=box}]
三月 23, 2014 4:22:59 下午 org.openqa.selenium.remote.RemoteWebDriver log
信息: Executed: [910b6fb9-78a8-fe4b-95b2-d66edd6da9be, findElement {using=id, value=box}]
三月 23, 2014 4:22:59 下午 org.openqa.selenium.remote.RemoteWebDriver log
信息: Executing: getElementLocationOnceScrolledIntoView [910b6fb9-78a8-fe4b-95b2-d66edd6da9be, getElementLocationOnceScrolledIntoView {id={3e712aef-482c-3a43-bec1-16db83c35f3b}}]
三月 23, 2014 4:22:59 下午 org.openqa.selenium.remote.RemoteWebDriver log
信息: Executed: [910b6fb9-78a8-fe4b-95b2-d66edd6da9be, getElementLocationOnceScrolledIntoView {id={3e712aef-482c-3a43-bec1-16db83c35f3b}}]
三月 23, 2014 4:22:59 下午 org.openqa.selenium.remote.RemoteWebDriver log
信息: Executing: findElement [910b6fb9-78a8-fe4b-95b2-d66edd6da9be, findElement {using=id, value=box}]
三月 23, 2014 4:22:59 下午 org.openqa.selenium.remote.RemoteWebDriver log
信息: Executed: [910b6fb9-78a8-fe4b-95b2-d66edd6da9be, findElement {using=id, value=box}]
三月 23, 2014 4:22:59 下午 org.openqa.selenium.remote.RemoteWebDriver log
信息: Executing: getElementLocation [910b6fb9-78a8-fe4b-95b2-d66edd6da9be, getElementLocation {id={3e712aef-482c-3a43-bec1-16db83c35f3b}}]
三月 23, 2014 4:22:59 下午 org.openqa.selenium.remote.RemoteWebDriver log
信息: Executed: [910b6fb9-78a8-fe4b-95b2-d66edd6da9be, getElementLocation {id={3e712aef-482c-3a43-bec1-16db83c35f3b}}]
三月 23, 2014 4:22:59 下午 org.openqa.selenium.testing.JUnit4TestBase$1 finished
信息: <<< Finished testShouldGetCoordinatesInViewPortOfAnElementInAFrame(org.openqa.selenium.PositionAndSizeTest)
三月 23, 2014 4:22:59 下午 org.openqa.selenium.testing.JUnit4TestBase$1 starting
信息: >>> Starting testShouldGetCoordinatesInViewPortOfAnElementInANestedFrame(org.openqa.selenium.PositionAndSizeTest)
三月 23, 2014 4:22:59 下午 org.openqa.selenium.remote.RemoteWebDriver log
信息: Executing: get [910b6fb9-78a8-fe4b-95b2-d66edd6da9be, get {url=http://localhost:6461/common/coordinates_tests/element_in_nested_frame.html}]
三月 23, 2014 4:22:59 下午 org.openqa.selenium.remote.RemoteWebDriver log
信息: Executed: [910b6fb9-78a8-fe4b-95b2-d66edd6da9be, get {url=http://localhost:6461/common/coordinates_tests/element_in_nested_frame.html}]
三月 23, 2014 4:22:59 下午 org.openqa.selenium.remote.RemoteWebDriver log
信息: Executing: switchToFrame [910b6fb9-78a8-fe4b-95b2-d66edd6da9be, switchToFrame {id=ifr}]
三月 23, 2014 4:22:59 下午 org.openqa.selenium.remote.RemoteWebDriver log
信息: Executed: [910b6fb9-78a8-fe4b-95b2-d66edd6da9be, switchToFrame {id=ifr}]
三月 23, 2014 4:22:59 下午 org.openqa.selenium.remote.RemoteWebDriver log
信息: Executing: switchToFrame [910b6fb9-78a8-fe4b-95b2-d66edd6da9be, switchToFrame {id=ifr}]
三月 23, 2014 4:22:59 下午 org.openqa.selenium.remote.RemoteWebDriver log
信息: Executed: [910b6fb9-78a8-fe4b-95b2-d66edd6da9be, switchToFrame {id=ifr}]
三月 23, 2014 4:22:59 下午 org.openqa.selenium.remote.RemoteWebDriver log
信息: Executing: findElement [910b6fb9-78a8-fe4b-95b2-d66edd6da9be, findElement {using=id, value=box}]
三月 23, 2014 4:22:59 下午 org.openqa.selenium.remote.RemoteWebDriver log
信息: Executed: [910b6fb9-78a8-fe4b-95b2-d66edd6da9be, findElement {using=id, value=box}]
三月 23, 2014 4:22:59 下午 org.openqa.selenium.remote.RemoteWebDriver log
信息: Executing: getElementLocationOnceScrolledIntoView [910b6fb9-78a8-fe4b-95b2-d66edd6da9be, getElementLocationOnceScrolledIntoView {id={018ff6f3-5cdb-bf49-925a-ddc4f4bd7cc0}}]
三月 23, 2014 4:22:59 下午 org.openqa.selenium.remote.RemoteWebDriver log
信息: Executed: [910b6fb9-78a8-fe4b-95b2-d66edd6da9be, getElementLocationOnceScrolledIntoView {id={018ff6f3-5cdb-bf49-925a-ddc4f4bd7cc0}}]
三月 23, 2014 4:22:59 下午 org.openqa.selenium.remote.RemoteWebDriver log
信息: Executing: findElement [910b6fb9-78a8-fe4b-95b2-d66edd6da9be, findElement {using=id, value=box}]
三月 23, 2014 4:22:59 下午 org.openqa.selenium.remote.RemoteWebDriver log
信息: Executed: [910b6fb9-78a8-fe4b-95b2-d66edd6da9be, findElement {using=id, value=box}]
三月 23, 2014 4:22:59 下午 org.openqa.selenium.remote.RemoteWebDriver log
信息: Executing: getElementLocation [910b6fb9-78a8-fe4b-95b2-d66edd6da9be, getElementLocation {id={018ff6f3-5cdb-bf49-925a-ddc4f4bd7cc0}}]
三月 23, 2014 4:22:59 下午 org.openqa.selenium.remote.RemoteWebDriver log
信息: Executed: [910b6fb9-78a8-fe4b-95b2-d66edd6da9be, getElementLocation {id={018ff6f3-5cdb-bf49-925a-ddc4f4bd7cc0}}]
三月 23, 2014 4:22:59 下午 org.openqa.selenium.testing.JUnit4TestBase$1 finished
信息: <<< Finished testShouldGetCoordinatesInViewPortOfAnElementInANestedFrame(org.openqa.selenium.PositionAndSizeTest)
三月 23, 2014 4:22:59 下午 org.openqa.selenium.testing.JUnit4TestBase$1 starting
信息: >>> Starting testShouldGetCoordinatesOfATransparentElement(org.openqa.selenium.PositionAndSizeTest)
三月 23, 2014 4:22:59 下午 org.openqa.selenium.remote.RemoteWebDriver log
信息: Executing: get [910b6fb9-78a8-fe4b-95b2-d66edd6da9be, get {url=http://localhost:6461/common/coordinates_tests/page_with_transparent_element.html}]
三月 23, 2014 4:22:59 下午 org.openqa.selenium.remote.RemoteWebDriver log
信息: Executed: [910b6fb9-78a8-fe4b-95b2-d66edd6da9be, get {url=http://localhost:6461/common/coordinates_tests/page_with_transparent_element.html}]
三月 23, 2014 4:22:59 下午 org.openqa.selenium.remote.RemoteWebDriver log
信息: Executing: findElement [910b6fb9-78a8-fe4b-95b2-d66edd6da9be, findElement {using=id, value=box}]
三月 23, 2014 4:22:59 下午 org.openqa.selenium.remote.RemoteWebDriver log
信息: Executed: [910b6fb9-78a8-fe4b-95b2-d66edd6da9be, findElement {using=id, value=box}]
三月 23, 2014 4:22:59 下午 org.openqa.selenium.remote.RemoteWebDriver log
信息: Executing: getElementLocationOnceScrolledIntoView [910b6fb9-78a8-fe4b-95b2-d66edd6da9be, getElementLocationOnceScrolledIntoView {id={2d52a922-7c4e-9147-8fd0-83219ea4f0fd}}]
三月 23, 2014 4:22:59 下午 org.openqa.selenium.remote.RemoteWebDriver log
信息: Executed: [910b6fb9-78a8-fe4b-95b2-d66edd6da9be, getElementLocationOnceScrolledIntoView {id={2d52a922-7c4e-9147-8fd0-83219ea4f0fd}}]
三月 23, 2014 4:22:59 下午 org.openqa.selenium.remote.RemoteWebDriver log
信息: Executing: findElement [910b6fb9-78a8-fe4b-95b2-d66edd6da9be, findElement {using=id, value=box}]
三月 23, 2014 4:22:59 下午 org.openqa.selenium.remote.RemoteWebDriver log
信息: Executed: [910b6fb9-78a8-fe4b-95b2-d66edd6da9be, findElement {using=id, value=box}]
三月 23, 2014 4:22:59 下午 org.openqa.selenium.remote.RemoteWebDriver log
信息: Executing: getElementLocation [910b6fb9-78a8-fe4b-95b2-d66edd6da9be, getElementLocation {id={2d52a922-7c4e-9147-8fd0-83219ea4f0fd}}]
三月 23, 2014 4:22:59 下午 org.openqa.selenium.remote.RemoteWebDriver log
信息: Executed: [910b6fb9-78a8-fe4b-95b2-d66edd6da9be, getElementLocation {id={2d52a922-7c4e-9147-8fd0-83219ea4f0fd}}]
三月 23, 2014 4:22:59 下午 org.openqa.selenium.testing.JUnit4TestBase$1 finished
信息: <<< Finished testShouldGetCoordinatesOfATransparentElement(org.openqa.selenium.PositionAndSizeTest)
三月 23, 2014 4:22:59 下午 org.openqa.selenium.testing.JUnit4TestBase$1 starting
信息: >>> Starting testShouldCorrectlyIdentifyThatAnElementHasWidthAndHeight(org.openqa.selenium.PositionAndSizeTest)
三月 23, 2014 4:22:59 下午 org.openqa.selenium.remote.RemoteWebDriver log
信息: Executing: get [910b6fb9-78a8-fe4b-95b2-d66edd6da9be, get {url=http://localhost:6461/common/xhtmlTest.html}]
三月 23, 2014 4:22:59 下午 org.openqa.selenium.remote.RemoteWebDriver log
信息: Executed: [910b6fb9-78a8-fe4b-95b2-d66edd6da9be, get {url=http://localhost:6461/common/xhtmlTest.html}]
三月 23, 2014 4:22:59 下午 org.openqa.selenium.remote.RemoteWebDriver log
信息: Executing: findElement [910b6fb9-78a8-fe4b-95b2-d66edd6da9be, findElement {using=id, value=linkId}]
三月 23, 2014 4:22:59 下午 org.openqa.selenium.remote.RemoteWebDriver log
信息: Executed: [910b6fb9-78a8-fe4b-95b2-d66edd6da9be, findElement {using=id, value=linkId}]
三月 23, 2014 4:22:59 下午 org.openqa.selenium.remote.RemoteWebDriver log
信息: Executing: getElementSize [910b6fb9-78a8-fe4b-95b2-d66edd6da9be, getElementSize {id={468829d1-10a1-bd42-af5b-7f29a189752e}}]
三月 23, 2014 4:22:59 下午 org.openqa.selenium.remote.RemoteWebDriver log
信息: Executed: [910b6fb9-78a8-fe4b-95b2-d66edd6da9be, getElementSize {id={468829d1-10a1-bd42-af5b-7f29a189752e}}]
三月 23, 2014 4:22:59 下午 org.openqa.selenium.testing.JUnit4TestBase$1 finished
信息: <<< Finished testShouldCorrectlyIdentifyThatAnElementHasWidthAndHeight(org.openqa.selenium.PositionAndSizeTest)
三月 23, 2014 4:22:59 下午 org.openqa.selenium.testing.JUnit4TestBase$1 starting
信息: >>> Starting testShouldGetCoordinatesOfAnElementInAFrame(org.openqa.selenium.PositionAndSizeTest)
三月 23, 2014 4:22:59 下午 org.openqa.selenium.remote.RemoteWebDriver log
信息: Executing: get [910b6fb9-78a8-fe4b-95b2-d66edd6da9be, get {url=http://localhost:6461/common/coordinates_tests/element_in_frame.html}]
三月 23, 2014 4:22:59 下午 org.openqa.selenium.remote.RemoteWebDriver log
信息: Executed: [910b6fb9-78a8-fe4b-95b2-d66edd6da9be, get {url=http://localhost:6461/common/coordinates_tests/element_in_frame.html}]
三月 23, 2014 4:22:59 下午 org.openqa.selenium.remote.RemoteWebDriver log
信息: Executing: switchToFrame [910b6fb9-78a8-fe4b-95b2-d66edd6da9be, switchToFrame {id=ifr}]
三月 23, 2014 4:22:59 下午 org.openqa.selenium.remote.RemoteWebDriver log
信息: Executed: [910b6fb9-78a8-fe4b-95b2-d66edd6da9be, switchToFrame {id=ifr}]
三月 23, 2014 4:22:59 下午 org.openqa.selenium.remote.RemoteWebDriver log
信息: Executing: findElement [910b6fb9-78a8-fe4b-95b2-d66edd6da9be, findElement {using=id, value=box}]
三月 23, 2014 4:22:59 下午 org.openqa.selenium.remote.RemoteWebDriver log
信息: Executed: [910b6fb9-78a8-fe4b-95b2-d66edd6da9be, findElement {using=id, value=box}]
三月 23, 2014 4:22:59 下午 org.openqa.selenium.remote.RemoteWebDriver log
信息: Executing: getElementLocation [910b6fb9-78a8-fe4b-95b2-d66edd6da9be, getElementLocation {id={97eb2c78-c383-2240-b98a-f73007ab37f1}}]
三月 23, 2014 4:22:59 下午 org.openqa.selenium.remote.RemoteWebDriver log
信息: Executed: [910b6fb9-78a8-fe4b-95b2-d66edd6da9be, getElementLocation {id={97eb2c78-c383-2240-b98a-f73007ab37f1}}]
三月 23, 2014 4:22:59 下午 org.openqa.selenium.remote.RemoteWebDriver log
信息: Executing: findElement [910b6fb9-78a8-fe4b-95b2-d66edd6da9be, findElement {using=id, value=box}]
三月 23, 2014 4:22:59 下午 org.openqa.selenium.remote.RemoteWebDriver log
信息: Executed: [910b6fb9-78a8-fe4b-95b2-d66edd6da9be, findElement {using=id, value=box}]
三月 23, 2014 4:22:59 下午 org.openqa.selenium.remote.RemoteWebDriver log
信息: Executing: getElementLocation [910b6fb9-78a8-fe4b-95b2-d66edd6da9be, getElementLocation {id={97eb2c78-c383-2240-b98a-f73007ab37f1}}]
三月 23, 2014 4:22:59 下午 org.openqa.selenium.remote.RemoteWebDriver log
信息: Executed: [910b6fb9-78a8-fe4b-95b2-d66edd6da9be, getElementLocation {id={97eb2c78-c383-2240-b98a-f73007ab37f1}}]
三月 23, 2014 4:22:59 下午 org.openqa.selenium.testing.JUnit4TestBase$1 finished
信息: <<< Finished testShouldGetCoordinatesOfAnElementInAFrame(org.openqa.selenium.PositionAndSizeTest)
三月 23, 2014 4:22:59 下午 org.openqa.selenium.testing.JUnit4TestBase$1 starting
信息: >>> Starting testShouldGetCoordinatesOfAHiddenElement(org.openqa.selenium.PositionAndSizeTest)
三月 23, 2014 4:22:59 下午 org.openqa.selenium.remote.RemoteWebDriver log
信息: Executing: get [910b6fb9-78a8-fe4b-95b2-d66edd6da9be, get {url=http://localhost:6461/common/coordinates_tests/page_with_hidden_element.html}]
三月 23, 2014 4:22:59 下午 org.openqa.selenium.remote.RemoteWebDriver log
信息: Executed: [910b6fb9-78a8-fe4b-95b2-d66edd6da9be, get {url=http://localhost:6461/common/coordinates_tests/page_with_hidden_element.html}]
三月 23, 2014 4:22:59 下午 org.openqa.selenium.remote.RemoteWebDriver log
信息: Executing: findElement [910b6fb9-78a8-fe4b-95b2-d66edd6da9be, findElement {using=id, value=box}]
三月 23, 2014 4:22:59 下午 org.openqa.selenium.remote.RemoteWebDriver log
信息: Executed: [910b6fb9-78a8-fe4b-95b2-d66edd6da9be, findElement {using=id, value=box}]
三月 23, 2014 4:22:59 下午 org.openqa.selenium.remote.RemoteWebDriver log
信息: Executing: getElementLocationOnceScrolledIntoView [910b6fb9-78a8-fe4b-95b2-d66edd6da9be, getElementLocationOnceScrolledIntoView {id={707a21a5-1936-b547-b4f4-cc51d8292ff7}}]
三月 23, 2014 4:22:59 下午 org.openqa.selenium.remote.RemoteWebDriver log
信息: Executed: [910b6fb9-78a8-fe4b-95b2-d66edd6da9be, getElementLocationOnceScrolledIntoView {id={707a21a5-1936-b547-b4f4-cc51d8292ff7}}]
三月 23, 2014 4:22:59 下午 org.openqa.selenium.remote.RemoteWebDriver log
信息: Executing: findElement [910b6fb9-78a8-fe4b-95b2-d66edd6da9be, findElement {using=id, value=box}]
三月 23, 2014 4:22:59 下午 org.openqa.selenium.remote.RemoteWebDriver log
信息: Executed: [910b6fb9-78a8-fe4b-95b2-d66edd6da9be, findElement {using=id, value=box}]
三月 23, 2014 4:22:59 下午 org.openqa.selenium.remote.RemoteWebDriver log
信息: Executing: getElementLocation [910b6fb9-78a8-fe4b-95b2-d66edd6da9be, getElementLocation {id={707a21a5-1936-b547-b4f4-cc51d8292ff7}}]
三月 23, 2014 4:22:59 下午 org.openqa.selenium.remote.RemoteWebDriver log
信息: Executed: [910b6fb9-78a8-fe4b-95b2-d66edd6da9be, getElementLocation {id={707a21a5-1936-b547-b4f4-cc51d8292ff7}}]
三月 23, 2014 4:22:59 下午 org.openqa.selenium.testing.JUnit4TestBase$1 finished
信息: <<< Finished testShouldGetCoordinatesOfAHiddenElement(org.openqa.selenium.PositionAndSizeTest)
三月 23, 2014 4:22:59 下午 org.openqa.selenium.testing.JUnit4TestBase$1 starting
信息: >>> Starting canConfigureProxyThroughPACFile(org.openqa.selenium.ProxySettingTest)
三月 23, 2014 4:23:00 下午 org.littleshoot.proxy.DefaultHttpProxyServer start
信息: Starting proxy on port: 6305
三月 23, 2014 4:23:02 下午 org.openqa.selenium.remote.RemoteWebDriver log
信息: Executing: get [b480d0c0-a750-c44c-8031-65deaa85e1c4, get {url=http://localhost:6461/common/mouseOver.html}]
三月 23, 2014 4:23:02 下午 org.openqa.selenium.remote.RemoteWebDriver log
信息: Executed: [b480d0c0-a750-c44c-8031-65deaa85e1c4, get {url=http://localhost:6461/common/mouseOver.html}]
三月 23, 2014 4:23:02 下午 org.openqa.selenium.remote.RemoteWebDriver log
信息: Executing: findElement [b480d0c0-a750-c44c-8031-65deaa85e1c4, findElement {using=tag name, value=h3}]
三月 23, 2014 4:23:02 下午 org.openqa.selenium.remote.RemoteWebDriver log
信息: Executed: [b480d0c0-a750-c44c-8031-65deaa85e1c4, findElement {using=tag name, value=h3}]
三月 23, 2014 4:23:02 下午 org.openqa.selenium.remote.RemoteWebDriver log
信息: Executing: getElementText [b480d0c0-a750-c44c-8031-65deaa85e1c4, getElementText {id={59235f6c-5de4-1b44-8a56-83d9aee00909}}]
三月 23, 2014 4:23:02 下午 org.openqa.selenium.remote.RemoteWebDriver log
信息: Executed: [b480d0c0-a750-c44c-8031-65deaa85e1c4, getElementText {id={59235f6c-5de4-1b44-8a56-83d9aee00909}}]
三月 23, 2014 4:23:02 下午 org.littleshoot.proxy.DefaultHttpProxyServer stop
信息: Shutting down proxy
三月 23, 2014 4:23:02 下午 org.littleshoot.proxy.DefaultHttpProxyServer stop
信息: Closing all channels...
三月 23, 2014 4:23:02 下午 org.littleshoot.proxy.DefaultHttpProxyServer stop
信息: Stopping timer
三月 23, 2014 4:23:02 下午 org.littleshoot.proxy.DefaultHttpProxyServer stop
信息: Done shutting down proxy
三月 23, 2014 4:23:02 下午 org.openqa.selenium.remote.RemoteWebDriver log
信息: Executing: quit [b480d0c0-a750-c44c-8031-65deaa85e1c4, quit {}]
三月 23, 2014 4:23:02 下午 org.openqa.selenium.remote.RemoteWebDriver log
信息: Executed: [b480d0c0-a750-c44c-8031-65deaa85e1c4, quit {}]
三月 23, 2014 4:23:02 下午 org.openqa.selenium.testing.JUnit4TestBase$1 finished
信息: <<< Finished canConfigureProxyThroughPACFile(org.openqa.selenium.ProxySettingTest)
三月 23, 2014 4:23:02 下午 org.openqa.selenium.testing.JUnit4TestBase$1 starting
信息: >>> Starting canUsePACThatOnlyProxiesCertainHosts(org.openqa.selenium.ProxySettingTest)
三月 23, 2014 4:23:02 下午 org.littleshoot.proxy.DefaultHttpProxyServer start
信息: Starting proxy on port: 21331
三月 23, 2014 4:23:04 下午 org.openqa.selenium.remote.RemoteWebDriver log
信息: Executing: get [cb4a17d2-2966-2448-addb-78fe377b0efa, get {url=http://localhost:3421}]
三月 23, 2014 4:23:04 下午 org.openqa.selenium.remote.RemoteWebDriver log
信息: Executed: [cb4a17d2-2966-2448-addb-78fe377b0efa, get {url=http://localhost:3421}]
三月 23, 2014 4:23:04 下午 org.openqa.selenium.remote.RemoteWebDriver log
信息: Executing: findElement [cb4a17d2-2966-2448-addb-78fe377b0efa, findElement {using=tag name, value=h3}]
三月 23, 2014 4:23:04 下午 org.openqa.selenium.remote.RemoteWebDriver log
信息: Executed: [cb4a17d2-2966-2448-addb-78fe377b0efa, findElement {using=tag name, value=h3}]
三月 23, 2014 4:23:04 下午 org.openqa.selenium.remote.RemoteWebDriver log
信息: Executing: getElementText [cb4a17d2-2966-2448-addb-78fe377b0efa, getElementText {id={048c46dc-4179-db41-aa1c-700ba2bb649e}}]
三月 23, 2014 4:23:04 下午 org.openqa.selenium.remote.RemoteWebDriver log
信息: Executed: [cb4a17d2-2966-2448-addb-78fe377b0efa, getElementText {id={048c46dc-4179-db41-aa1c-700ba2bb649e}}]
三月 23, 2014 4:23:04 下午 org.openqa.selenium.remote.RemoteWebDriver log
信息: Executing: get [cb4a17d2-2966-2448-addb-78fe377b0efa, get {url=http://localhost:6461/common/simpleTest.html}]
三月 23, 2014 4:23:04 下午 org.openqa.selenium.remote.RemoteWebDriver log
信息: Executed: [cb4a17d2-2966-2448-addb-78fe377b0efa, get {url=http://localhost:6461/common/simpleTest.html}]
三月 23, 2014 4:23:04 下午 org.openqa.selenium.remote.RemoteWebDriver log
信息: Executing: findElement [cb4a17d2-2966-2448-addb-78fe377b0efa, findElement {using=tag name, value=h1}]
三月 23, 2014 4:23:04 下午 org.openqa.selenium.remote.RemoteWebDriver log
信息: Executed: [cb4a17d2-2966-2448-addb-78fe377b0efa, findElement {using=tag name, value=h1}]
三月 23, 2014 4:23:04 下午 org.openqa.selenium.remote.RemoteWebDriver log
信息: Executing: getElementText [cb4a17d2-2966-2448-addb-78fe377b0efa, getElementText {id={a5f7ea86-5322-1a4d-bb27-2703df48b036}}]
三月 23, 2014 4:23:04 下午 org.openqa.selenium.remote.RemoteWebDriver log
信息: Executed: [cb4a17d2-2966-2448-addb-78fe377b0efa, getElementText {id={a5f7ea86-5322-1a4d-bb27-2703df48b036}}]
三月 23, 2014 4:23:04 下午 org.littleshoot.proxy.DefaultHttpProxyServer stop
信息: Shutting down proxy
三月 23, 2014 4:23:04 下午 org.littleshoot.proxy.DefaultHttpProxyServer stop
信息: Closing all channels...
三月 23, 2014 4:23:04 下午 org.littleshoot.proxy.DefaultHttpProxyServer stop
信息: Stopping timer
三月 23, 2014 4:23:04 下午 org.littleshoot.proxy.DefaultHttpProxyServer stop
信息: Done shutting down proxy
三月 23, 2014 4:23:04 下午 org.openqa.selenium.remote.RemoteWebDriver log
信息: Executing: quit [cb4a17d2-2966-2448-addb-78fe377b0efa, quit {}]
三月 23, 2014 4:23:04 下午 org.openqa.selenium.remote.RemoteWebDriver log
信息: Executed: [cb4a17d2-2966-2448-addb-78fe377b0efa, quit {}]
三月 23, 2014 4:23:04 下午 org.openqa.selenium.testing.JUnit4TestBase$1 finished
信息: <<< Finished canUsePACThatOnlyProxiesCertainHosts(org.openqa.selenium.ProxySettingTest)
三月 23, 2014 4:23:04 下午 org.openqa.selenium.testing.JUnit4TestBase$1 starting
信息: >>> Starting canConfigureManualHttpProxy(org.openqa.selenium.ProxySettingTest)
三月 23, 2014 4:23:04 下午 org.littleshoot.proxy.DefaultHttpProxyServer start
信息: Starting proxy on port: 42354
三月 23, 2014 4:23:06 下午 org.openqa.selenium.remote.RemoteWebDriver log
信息: Executing: get [a6fa649e-83c8-964d-b026-ad44e41ef28c, get {url=http://localhost:6461/common/simpleTest.html}]
三月 23, 2014 4:23:06 下午 org.littleshoot.proxy.HttpRequestHandler <init>
信息: Creating new request handler...
三月 23, 2014 4:23:06 下午 org.littleshoot.proxy.DefaultRelayPipelineFactory getPipeline
信息: No filter found
三月 23, 2014 4:23:06 下午 org.littleshoot.proxy.DefaultRelayPipelineFactory getPipeline
信息: Creating non-filtering relay handler
三月 23, 2014 4:23:06 下午 org.littleshoot.proxy.ProxyUtils copyHttpRequest
信息: Raw URI before switching from proxy format: http://localhost:6461/common/simpleTest.html
三月 23, 2014 4:23:06 下午 org.littleshoot.proxy.HttpRequestHandler onRelayHttpResponse
信息: Not closing browser to proxy channel. Still awaiting 0 responses...receivedChannelClosed=false
三月 23, 2014 4:23:06 下午 org.littleshoot.proxy.ProxyUtils copyHttpRequest
信息: Raw URI before switching from proxy format: http://localhost:6461/common/icon.gif
三月 23, 2014 4:23:06 下午 org.littleshoot.proxy.HttpRequestHandler onRelayHttpResponse
信息: Not closing browser to proxy channel. Still awaiting 0 responses...receivedChannelClosed=false
三月 23, 2014 4:23:06 下午 org.openqa.selenium.remote.RemoteWebDriver log
信息: Executed: [a6fa649e-83c8-964d-b026-ad44e41ef28c, get {url=http://localhost:6461/common/simpleTest.html}]
三月 23, 2014 4:23:06 下午 org.littleshoot.proxy.ProxyUtils copyHttpRequest
信息: Raw URI before switching from proxy format: http://localhost:6461/favicon.ico
三月 23, 2014 4:23:06 下午 org.littleshoot.proxy.DefaultHttpProxyServer stop
信息: Shutting down proxy
三月 23, 2014 4:23:06 下午 org.littleshoot.proxy.DefaultHttpProxyServer stop
信息: Closing all channels...
三月 23, 2014 4:23:06 下午 org.littleshoot.proxy.DefaultHttpProxyServer stop
信息: Stopping timer
三月 23, 2014 4:23:06 下午 org.littleshoot.proxy.DefaultHttpProxyServer stop
信息: Done shutting down proxy
三月 23, 2014 4:23:06 下午 org.openqa.selenium.remote.RemoteWebDriver log
信息: Executing: quit [a6fa649e-83c8-964d-b026-ad44e41ef28c, quit {}]
三月 23, 2014 4:23:06 下午 org.openqa.selenium.remote.RemoteWebDriver log
信息: Executed: [a6fa649e-83c8-964d-b026-ad44e41ef28c, quit {}]
三月 23, 2014 4:23:06 下午 org.openqa.selenium.testing.JUnit4TestBase$1 finished
信息: <<< Finished canConfigureManualHttpProxy(org.openqa.selenium.ProxySettingTest)
三月 23, 2014 4:23:06 下午 org.openqa.selenium.testing.JUnit4TestBase$1 starting
信息: >>> Starting canConfigureProxyWithRequiredCapability(org.openqa.selenium.ProxySettingTest)
三月 23, 2014 4:23:06 下午 org.littleshoot.proxy.DefaultHttpProxyServer start
信息: Starting proxy on port: 17054
三月 23, 2014 4:23:08 下午 org.openqa.selenium.remote.RemoteWebDriver log
信息: Executing: get [4d1b8bfa-8b29-5e47-9ee5-64f58a3d7042, get {url=http://localhost:6461/common/simpleTest.html}]
三月 23, 2014 4:23:08 下午 org.littleshoot.proxy.HttpRequestHandler <init>
信息: Creating new request handler...
三月 23, 2014 4:23:08 下午 org.littleshoot.proxy.DefaultRelayPipelineFactory getPipeline
信息: No filter found
三月 23, 2014 4:23:08 下午 org.littleshoot.proxy.DefaultRelayPipelineFactory getPipeline
信息: Creating non-filtering relay handler
三月 23, 2014 4:23:08 下午 org.littleshoot.proxy.ProxyUtils copyHttpRequest
信息: Raw URI before switching from proxy format: http://localhost:6461/common/simpleTest.html
三月 23, 2014 4:23:08 下午 org.littleshoot.proxy.HttpRequestHandler onRelayHttpResponse
信息: Not closing browser to proxy channel. Still awaiting 0 responses...receivedChannelClosed=false
三月 23, 2014 4:23:08 下午 org.littleshoot.proxy.ProxyUtils copyHttpRequest
信息: Raw URI before switching from proxy format: http://localhost:6461/common/icon.gif
三月 23, 2014 4:23:08 下午 org.littleshoot.proxy.HttpRequestHandler onRelayHttpResponse
信息: Not closing browser to proxy channel. Still awaiting 0 responses...receivedChannelClosed=false
三月 23, 2014 4:23:08 下午 org.littleshoot.proxy.ProxyUtils copyHttpRequest
信息: Raw URI before switching from proxy format: http://localhost:6461/favicon.ico
三月 23, 2014 4:23:08 下午 org.openqa.selenium.remote.RemoteWebDriver log
信息: Executed: [4d1b8bfa-8b29-5e47-9ee5-64f58a3d7042, get {url=http://localhost:6461/common/simpleTest.html}]
三月 23, 2014 4:23:08 下午 org.littleshoot.proxy.HttpRequestHandler onRelayHttpResponse
信息: Not closing browser to proxy channel. Still awaiting 0 responses...receivedChannelClosed=false
三月 23, 2014 4:23:08 下午 org.littleshoot.proxy.DefaultHttpProxyServer stop
信息: Shutting down proxy
三月 23, 2014 4:23:08 下午 org.littleshoot.proxy.DefaultHttpProxyServer stop
信息: Closing all channels...
三月 23, 2014 4:23:08 下午 org.littleshoot.proxy.DefaultHttpProxyServer stop
信息: Stopping timer
三月 23, 2014 4:23:08 下午 org.littleshoot.proxy.DefaultHttpProxyServer stop
信息: Done shutting down proxy
三月 23, 2014 4:23:08 下午 org.openqa.selenium.remote.RemoteWebDriver log
信息: Executing: quit [4d1b8bfa-8b29-5e47-9ee5-64f58a3d7042, quit {}]
三月 23, 2014 4:23:08 下午 org.openqa.selenium.remote.RemoteWebDriver log
信息: Executed: [4d1b8bfa-8b29-5e47-9ee5-64f58a3d7042, quit {}]
三月 23, 2014 4:23:08 下午 org.openqa.selenium.testing.JUnit4TestBase$1 finished
信息: <<< Finished canConfigureProxyWithRequiredCapability(org.openqa.selenium.ProxySettingTest)
三月 23, 2014 4:23:08 下午 org.openqa.selenium.testing.JUnit4TestBase$1 starting
信息: >>> Starting requiredProxyCapabilityShouldHavePriority(org.openqa.selenium.ProxySettingTest)
三月 23, 2014 4:23:08 下午 org.littleshoot.proxy.DefaultHttpProxyServer start
信息: Starting proxy on port: 35607
三月 23, 2014 4:23:08 下午 org.littleshoot.proxy.DefaultHttpProxyServer start
信息: Starting proxy on port: 11135
三月 23, 2014 4:23:10 下午 org.openqa.selenium.remote.RemoteWebDriver log
信息: Executing: get [8e140cf9-43c4-684b-8dc5-4e4d74fa733a, get {url=http://localhost:6461/common/simpleTest.html}]
三月 23, 2014 4:23:10 下午 org.littleshoot.proxy.HttpRequestHandler <init>
信息: Creating new request handler...
三月 23, 2014 4:23:10 下午 org.littleshoot.proxy.DefaultRelayPipelineFactory getPipeline
信息: No filter found
三月 23, 2014 4:23:10 下午 org.littleshoot.proxy.DefaultRelayPipelineFactory getPipeline
信息: Creating non-filtering relay handler
三月 23, 2014 4:23:10 下午 org.littleshoot.proxy.ProxyUtils copyHttpRequest
信息: Raw URI before switching from proxy format: http://localhost:6461/common/simpleTest.html
三月 23, 2014 4:23:10 下午 org.littleshoot.proxy.HttpRequestHandler onRelayHttpResponse
信息: Not closing browser to proxy channel. Still awaiting 0 responses...receivedChannelClosed=false
三月 23, 2014 4:23:10 下午 org.littleshoot.proxy.ProxyUtils copyHttpRequest
信息: Raw URI before switching from proxy format: http://localhost:6461/common/icon.gif
三月 23, 2014 4:23:10 下午 org.littleshoot.proxy.HttpRequestHandler onRelayHttpResponse
信息: Not closing browser to proxy channel. Still awaiting 0 responses...receivedChannelClosed=false
三月 23, 2014 4:23:10 下午 org.openqa.selenium.remote.RemoteWebDriver log
信息: Executed: [8e140cf9-43c4-684b-8dc5-4e4d74fa733a, get {url=http://localhost:6461/common/simpleTest.html}]
三月 23, 2014 4:23:10 下午 org.littleshoot.proxy.ProxyUtils copyHttpRequest
信息: Raw URI before switching from proxy format: http://localhost:6461/favicon.ico
三月 23, 2014 4:23:10 下午 org.littleshoot.proxy.DefaultHttpProxyServer stop
信息: Shutting down proxy
三月 23, 2014 4:23:10 下午 org.littleshoot.proxy.DefaultHttpProxyServer stop
信息: Closing all channels...
三月 23, 2014 4:23:10 下午 org.littleshoot.proxy.DefaultHttpProxyServer stop
信息: Stopping timer
三月 23, 2014 4:23:10 下午 org.littleshoot.proxy.DefaultHttpProxyServer stop
信息: Done shutting down proxy
三月 23, 2014 4:23:10 下午 org.littleshoot.proxy.DefaultHttpProxyServer stop
信息: Shutting down proxy
三月 23, 2014 4:23:10 下午 org.littleshoot.proxy.DefaultHttpProxyServer stop
信息: Closing all channels...
三月 23, 2014 4:23:10 下午 org.littleshoot.proxy.DefaultHttpProxyServer stop
信息: Stopping timer
三月 23, 2014 4:23:10 下午 org.littleshoot.proxy.DefaultHttpProxyServer stop
信息: Done shutting down proxy
三月 23, 2014 4:23:10 下午 org.openqa.selenium.remote.RemoteWebDriver log
信息: Executing: quit [8e140cf9-43c4-684b-8dc5-4e4d74fa733a, quit {}]
三月 23, 2014 4:23:10 下午 org.openqa.selenium.remote.RemoteWebDriver log
信息: Executed: [8e140cf9-43c4-684b-8dc5-4e4d74fa733a, quit {}]
三月 23, 2014 4:23:10 下午 org.openqa.selenium.testing.JUnit4TestBase$1 finished
信息: <<< Finished requiredProxyCapabilityShouldHavePriority(org.openqa.selenium.ProxySettingTest)
三月 23, 2014 4:23:10 下午 org.openqa.selenium.testing.JUnit4TestBase$1 starting
信息: >>> Starting crossDomainHistoryNavigationWithADirectProxy(org.openqa.selenium.ReferrerTest)
三月 23, 2014 4:23:13 下午 org.openqa.selenium.remote.RemoteWebDriver log
信息: Executing: get [431032bd-4cf7-cd41-b43b-5b65cb3198ab, get {url=http://localhost:25839/page1.html?next=http%3A%2F%2Flocalhost%3A1349%2Fpage2.html}]
三月 23, 2014 4:23:13 下午 org.openqa.selenium.remote.RemoteWebDriver log
信息: Executed: [431032bd-4cf7-cd41-b43b-5b65cb3198ab, get {url=http://localhost:25839/page1.html?next=http%3A%2F%2Flocalhost%3A1349%2Fpage2.html}]
三月 23, 2014 4:23:13 下午 org.openqa.selenium.remote.RemoteWebDriver log
信息: Executing: getTitle [431032bd-4cf7-cd41-b43b-5b65cb3198ab, getTitle {}]
三月 23, 2014 4:23:13 下午 org.openqa.selenium.remote.RemoteWebDriver log
信息: Executed: [431032bd-4cf7-cd41-b43b-5b65cb3198ab, getTitle {}]
三月 23, 2014 4:23:13 下午 org.openqa.selenium.remote.RemoteWebDriver log
信息: Executing: findElement [431032bd-4cf7-cd41-b43b-5b65cb3198ab, findElement {using=id, value=next}]
三月 23, 2014 4:23:13 下午 org.openqa.selenium.remote.RemoteWebDriver log
信息: Executed: [431032bd-4cf7-cd41-b43b-5b65cb3198ab, findElement {using=id, value=next}]
三月 23, 2014 4:23:13 下午 org.openqa.selenium.remote.RemoteWebDriver log
信息: Executing: clickElement [431032bd-4cf7-cd41-b43b-5b65cb3198ab, clickElement {id={fb814202-fd69-1446-aebc-0e3af643a7fa}}]
三月 23, 2014 4:23:13 下午 org.openqa.selenium.remote.RemoteWebDriver log
信息: Executed: [431032bd-4cf7-cd41-b43b-5b65cb3198ab, clickElement {id={fb814202-fd69-1446-aebc-0e3af643a7fa}}]
三月 23, 2014 4:23:13 下午 org.openqa.selenium.remote.RemoteWebDriver log
信息: Executing: getTitle [431032bd-4cf7-cd41-b43b-5b65cb3198ab, getTitle {}]
三月 23, 2014 4:23:13 下午 org.openqa.selenium.remote.RemoteWebDriver log
信息: Executed: [431032bd-4cf7-cd41-b43b-5b65cb3198ab, getTitle {}]
三月 23, 2014 4:23:13 下午 org.openqa.selenium.remote.RemoteWebDriver log
信息: Executing: findElement [431032bd-4cf7-cd41-b43b-5b65cb3198ab, findElement {using=id, value=next}]
三月 23, 2014 4:23:13 下午 org.openqa.selenium.remote.RemoteWebDriver log
信息: Executed: [431032bd-4cf7-cd41-b43b-5b65cb3198ab, findElement {using=id, value=next}]
三月 23, 2014 4:23:13 下午 org.openqa.selenium.remote.RemoteWebDriver log
信息: Executing: clickElement [431032bd-4cf7-cd41-b43b-5b65cb3198ab, clickElement {id={8b9ad3c9-f018-1e4d-aabe-b0199422759f}}]
三月 23, 2014 4:23:13 下午 org.openqa.selenium.remote.RemoteWebDriver log
信息: Executed: [431032bd-4cf7-cd41-b43b-5b65cb3198ab, clickElement {id={8b9ad3c9-f018-1e4d-aabe-b0199422759f}}]
三月 23, 2014 4:23:13 下午 org.openqa.selenium.remote.RemoteWebDriver log
信息: Executing: getTitle [431032bd-4cf7-cd41-b43b-5b65cb3198ab, getTitle {}]
三月 23, 2014 4:23:13 下午 org.openqa.selenium.remote.RemoteWebDriver log
信息: Executed: [431032bd-4cf7-cd41-b43b-5b65cb3198ab, getTitle {}]
三月 23, 2014 4:23:13 下午 org.openqa.selenium.remote.RemoteWebDriver log
信息: Executing: findElement [431032bd-4cf7-cd41-b43b-5b65cb3198ab, findElement {using=id, value=back}]
三月 23, 2014 4:23:13 下午 org.openqa.selenium.remote.RemoteWebDriver log
信息: Executed: [431032bd-4cf7-cd41-b43b-5b65cb3198ab, findElement {using=id, value=back}]
三月 23, 2014 4:23:13 下午 org.openqa.selenium.remote.RemoteWebDriver log
信息: Executing: clickElement [431032bd-4cf7-cd41-b43b-5b65cb3198ab, clickElement {id={c2dc3114-145f-464d-8a2b-49eace6092b5}}]
三月 23, 2014 4:23:13 下午 org.openqa.selenium.remote.RemoteWebDriver log
信息: Executed: [431032bd-4cf7-cd41-b43b-5b65cb3198ab, clickElement {id={c2dc3114-145f-464d-8a2b-49eace6092b5}}]
三月 23, 2014 4:23:13 下午 org.openqa.selenium.remote.RemoteWebDriver log
信息: Executing: getTitle [431032bd-4cf7-cd41-b43b-5b65cb3198ab, getTitle {}]
三月 23, 2014 4:23:13 下午 org.openqa.selenium.remote.RemoteWebDriver log
信息: Executed: [431032bd-4cf7-cd41-b43b-5b65cb3198ab, getTitle {}]
三月 23, 2014 4:23:13 下午 org.openqa.selenium.remote.RemoteWebDriver log
信息: Executing: findElement [431032bd-4cf7-cd41-b43b-5b65cb3198ab, findElement {using=id, value=forward}]
三月 23, 2014 4:23:13 下午 org.openqa.selenium.remote.RemoteWebDriver log
信息: Executed: [431032bd-4cf7-cd41-b43b-5b65cb3198ab, findElement {using=id, value=forward}]
三月 23, 2014 4:23:13 下午 org.openqa.selenium.remote.RemoteWebDriver log
信息: Executing: clickElement [431032bd-4cf7-cd41-b43b-5b65cb3198ab, clickElement {id={2467eb67-9c28-f44a-9bc8-fdcaacfd5ca2}}]
三月 23, 2014 4:23:13 下午 org.openqa.selenium.remote.RemoteWebDriver log
信息: Executed: [431032bd-4cf7-cd41-b43b-5b65cb3198ab, clickElement {id={2467eb67-9c28-f44a-9bc8-fdcaacfd5ca2}}]
三月 23, 2014 4:23:13 下午 org.openqa.selenium.remote.RemoteWebDriver log
信息: Executing: getTitle [431032bd-4cf7-cd41-b43b-5b65cb3198ab, getTitle {}]
三月 23, 2014 4:23:13 下午 org.openqa.selenium.remote.RemoteWebDriver log
信息: Executed: [431032bd-4cf7-cd41-b43b-5b65cb3198ab, getTitle {}]
三月 23, 2014 4:23:13 下午 org.openqa.selenium.remote.RemoteWebDriver log
信息: Executing: quit [431032bd-4cf7-cd41-b43b-5b65cb3198ab, quit {}]
三月 23, 2014 4:23:13 下午 org.openqa.selenium.remote.RemoteWebDriver log
信息: Executed: [431032bd-4cf7-cd41-b43b-5b65cb3198ab, quit {}]
三月 23, 2014 4:23:13 下午 org.openqa.selenium.testing.JUnit4TestBase$1 finished
信息: <<< Finished crossDomainHistoryNavigationWithADirectProxy(org.openqa.selenium.ReferrerTest)
三月 23, 2014 4:23:13 下午 org.openqa.selenium.testing.JUnit4TestBase$1 starting
信息: >>> Starting navigationWhenProxyInterceptsASpecificUrl(org.openqa.selenium.ReferrerTest)
三月 23, 2014 4:23:16 下午 org.openqa.selenium.remote.RemoteWebDriver log
信息: Executing: get [19858871-faa5-c84b-aac9-582947acab47, get {url=http://localhost:16616/page1.html?next=http%3A%2F%2Flocalhost%3A16616%2Fpage2.html}]
三月 23, 2014 4:23:16 下午 org.openqa.selenium.remote.RemoteWebDriver log
信息: Executed: [19858871-faa5-c84b-aac9-582947acab47, get {url=http://localhost:16616/page1.html?next=http%3A%2F%2Flocalhost%3A16616%2Fpage2.html}]
三月 23, 2014 4:23:16 下午 org.openqa.selenium.remote.RemoteWebDriver log
信息: Executing: getTitle [19858871-faa5-c84b-aac9-582947acab47, getTitle {}]
三月 23, 2014 4:23:16 下午 org.openqa.selenium.remote.RemoteWebDriver log
信息: Executed: [19858871-faa5-c84b-aac9-582947acab47, getTitle {}]
三月 23, 2014 4:23:16 下午 org.openqa.selenium.remote.RemoteWebDriver log
信息: Executing: findElement [19858871-faa5-c84b-aac9-582947acab47, findElement {using=id, value=next}]
三月 23, 2014 4:23:16 下午 org.openqa.selenium.remote.RemoteWebDriver log
信息: Executed: [19858871-faa5-c84b-aac9-582947acab47, findElement {using=id, value=next}]
三月 23, 2014 4:23:16 下午 org.openqa.selenium.remote.RemoteWebDriver log
信息: Executing: clickElement [19858871-faa5-c84b-aac9-582947acab47, clickElement {id={8d0400c8-d92f-fd49-9d6a-eea12060aaa0}}]
三月 23, 2014 4:23:16 下午 org.openqa.selenium.remote.RemoteWebDriver log
信息: Executed: [19858871-faa5-c84b-aac9-582947acab47, clickElement {id={8d0400c8-d92f-fd49-9d6a-eea12060aaa0}}]
三月 23, 2014 4:23:16 下午 org.openqa.selenium.remote.RemoteWebDriver log
信息: Executing: getTitle [19858871-faa5-c84b-aac9-582947acab47, getTitle {}]
三月 23, 2014 4:23:16 下午 org.openqa.selenium.remote.RemoteWebDriver log
信息: Executed: [19858871-faa5-c84b-aac9-582947acab47, getTitle {}]
三月 23, 2014 4:23:16 下午 org.openqa.selenium.remote.RemoteWebDriver log
信息: Executing: findElement [19858871-faa5-c84b-aac9-582947acab47, findElement {using=id, value=next}]
三月 23, 2014 4:23:16 下午 org.openqa.selenium.remote.RemoteWebDriver log
信息: Executed: [19858871-faa5-c84b-aac9-582947acab47, findElement {using=id, value=next}]
三月 23, 2014 4:23:16 下午 org.openqa.selenium.remote.RemoteWebDriver log
信息: Executing: clickElement [19858871-faa5-c84b-aac9-582947acab47, clickElement {id={43323300-3da0-7848-945c-f650d904ce0e}}]
三月 23, 2014 4:23:16 下午 org.openqa.selenium.remote.RemoteWebDriver log
信息: Executed: [19858871-faa5-c84b-aac9-582947acab47, clickElement {id={43323300-3da0-7848-945c-f650d904ce0e}}]
三月 23, 2014 4:23:16 下午 org.openqa.selenium.remote.RemoteWebDriver log
信息: Executing: getTitle [19858871-faa5-c84b-aac9-582947acab47, getTitle {}]
三月 23, 2014 4:23:16 下午 org.openqa.selenium.remote.RemoteWebDriver log
信息: Executed: [19858871-faa5-c84b-aac9-582947acab47, getTitle {}]
三月 23, 2014 4:23:16 下午 org.openqa.selenium.remote.RemoteWebDriver log
信息: Executing: findElement [19858871-faa5-c84b-aac9-582947acab47, findElement {using=id, value=back}]
三月 23, 2014 4:23:16 下午 org.openqa.selenium.remote.RemoteWebDriver log
信息: Executed: [19858871-faa5-c84b-aac9-582947acab47, findElement {using=id, value=back}]
三月 23, 2014 4:23:16 下午 org.openqa.selenium.remote.RemoteWebDriver log
信息: Executing: clickElement [19858871-faa5-c84b-aac9-582947acab47, clickElement {id={b820be20-2707-c945-b1f3-26d4e605abb1}}]
三月 23, 2014 4:23:17 下午 org.openqa.selenium.remote.RemoteWebDriver log
信息: Executed: [19858871-faa5-c84b-aac9-582947acab47, clickElement {id={b820be20-2707-c945-b1f3-26d4e605abb1}}]
三月 23, 2014 4:23:17 下午 org.openqa.selenium.remote.RemoteWebDriver log
信息: Executing: getTitle [19858871-faa5-c84b-aac9-582947acab47, getTitle {}]
三月 23, 2014 4:23:17 下午 org.openqa.selenium.remote.RemoteWebDriver log
信息: Executed: [19858871-faa5-c84b-aac9-582947acab47, getTitle {}]
三月 23, 2014 4:23:17 下午 org.openqa.selenium.remote.RemoteWebDriver log
信息: Executing: findElement [19858871-faa5-c84b-aac9-582947acab47, findElement {using=id, value=forward}]
三月 23, 2014 4:23:17 下午 org.openqa.selenium.remote.RemoteWebDriver log
信息: Executed: [19858871-faa5-c84b-aac9-582947acab47, findElement {using=id, value=forward}]
三月 23, 2014 4:23:17 下午 org.openqa.selenium.remote.RemoteWebDriver log
信息: Executing: clickElement [19858871-faa5-c84b-aac9-582947acab47, clickElement {id={ed825015-88d9-1248-89be-fe21c282ed19}}]
三月 23, 2014 4:23:17 下午 org.openqa.selenium.remote.RemoteWebDriver log
信息: Executed: [19858871-faa5-c84b-aac9-582947acab47, clickElement {id={ed825015-88d9-1248-89be-fe21c282ed19}}]
三月 23, 2014 4:23:17 下午 org.openqa.selenium.remote.RemoteWebDriver log
信息: Executing: getTitle [19858871-faa5-c84b-aac9-582947acab47, getTitle {}]
三月 23, 2014 4:23:17 下午 org.openqa.selenium.remote.RemoteWebDriver log
信息: Executed: [19858871-faa5-c84b-aac9-582947acab47, getTitle {}]
三月 23, 2014 4:23:17 下午 org.openqa.selenium.remote.RemoteWebDriver log
信息: Executing: quit [19858871-faa5-c84b-aac9-582947acab47, quit {}]
三月 23, 2014 4:23:17 下午 org.openqa.selenium.remote.RemoteWebDriver log
信息: Executed: [19858871-faa5-c84b-aac9-582947acab47, quit {}]
三月 23, 2014 4:23:17 下午 org.openqa.selenium.testing.JUnit4TestBase$1 finished
信息: <<< Finished navigationWhenProxyInterceptsASpecificUrl(org.openqa.selenium.ReferrerTest)
三月 23, 2014 4:23:17 下午 org.openqa.selenium.testing.JUnit4TestBase$1 starting
信息: >>> Starting crossDomainHistoryNavigationWithoutAProxy(org.openqa.selenium.ReferrerTest)
三月 23, 2014 4:23:18 下午 org.openqa.selenium.remote.RemoteWebDriver log
信息: Executing: get [910b6fb9-78a8-fe4b-95b2-d66edd6da9be, get {url=http://localhost:22918/page1.html?next=http%3A%2F%2Flocalhost%3A46276%2Fpage2.html}]
三月 23, 2014 4:23:18 下午 org.openqa.selenium.remote.RemoteWebDriver log
信息: Executed: [910b6fb9-78a8-fe4b-95b2-d66edd6da9be, get {url=http://localhost:22918/page1.html?next=http%3A%2F%2Flocalhost%3A46276%2Fpage2.html}]
三月 23, 2014 4:23:18 下午 org.openqa.selenium.remote.RemoteWebDriver log
信息: Executing: getTitle [910b6fb9-78a8-fe4b-95b2-d66edd6da9be, getTitle {}]
三月 23, 2014 4:23:18 下午 org.openqa.selenium.remote.RemoteWebDriver log
信息: Executed: [910b6fb9-78a8-fe4b-95b2-d66edd6da9be, getTitle {}]
三月 23, 2014 4:23:18 下午 org.openqa.selenium.remote.RemoteWebDriver log
信息: Executing: findElement [910b6fb9-78a8-fe4b-95b2-d66edd6da9be, findElement {using=id, value=next}]
三月 23, 2014 4:23:18 下午 org.openqa.selenium.remote.RemoteWebDriver log
信息: Executed: [910b6fb9-78a8-fe4b-95b2-d66edd6da9be, findElement {using=id, value=next}]
三月 23, 2014 4:23:18 下午 org.openqa.selenium.remote.RemoteWebDriver log
信息: Executing: clickElement [910b6fb9-78a8-fe4b-95b2-d66edd6da9be, clickElement {id={4e6bd1c4-c984-c84f-8c24-f2997973d7f1}}]
三月 23, 2014 4:23:18 下午 org.openqa.selenium.remote.RemoteWebDriver log
信息: Executed: [910b6fb9-78a8-fe4b-95b2-d66edd6da9be, clickElement {id={4e6bd1c4-c984-c84f-8c24-f2997973d7f1}}]
三月 23, 2014 4:23:18 下午 org.openqa.selenium.remote.RemoteWebDriver log
信息: Executing: getTitle [910b6fb9-78a8-fe4b-95b2-d66edd6da9be, getTitle {}]
三月 23, 2014 4:23:18 下午 org.openqa.selenium.remote.RemoteWebDriver log
信息: Executed: [910b6fb9-78a8-fe4b-95b2-d66edd6da9be, getTitle {}]
三月 23, 2014 4:23:18 下午 org.openqa.selenium.remote.RemoteWebDriver log
信息: Executing: findElement [910b6fb9-78a8-fe4b-95b2-d66edd6da9be, findElement {using=id, value=next}]
三月 23, 2014 4:23:18 下午 org.openqa.selenium.remote.RemoteWebDriver log
信息: Executed: [910b6fb9-78a8-fe4b-95b2-d66edd6da9be, findElement {using=id, value=next}]
三月 23, 2014 4:23:18 下午 org.openqa.selenium.remote.RemoteWebDriver log
信息: Executing: clickElement [910b6fb9-78a8-fe4b-95b2-d66edd6da9be, clickElement {id={8b6a737a-d9d0-b848-87aa-aa56e25106ef}}]
三月 23, 2014 4:23:18 下午 org.openqa.selenium.remote.RemoteWebDriver log
信息: Executed: [910b6fb9-78a8-fe4b-95b2-d66edd6da9be, clickElement {id={8b6a737a-d9d0-b848-87aa-aa56e25106ef}}]
三月 23, 2014 4:23:18 下午 org.openqa.selenium.remote.RemoteWebDriver log
信息: Executing: getTitle [910b6fb9-78a8-fe4b-95b2-d66edd6da9be, getTitle {}]
三月 23, 2014 4:23:18 下午 org.openqa.selenium.remote.RemoteWebDriver log
信息: Executed: [910b6fb9-78a8-fe4b-95b2-d66edd6da9be, getTitle {}]
三月 23, 2014 4:23:18 下午 org.openqa.selenium.remote.RemoteWebDriver log
信息: Executing: findElement [910b6fb9-78a8-fe4b-95b2-d66edd6da9be, findElement {using=id, value=back}]
三月 23, 2014 4:23:18 下午 org.openqa.selenium.remote.RemoteWebDriver log
信息: Executed: [910b6fb9-78a8-fe4b-95b2-d66edd6da9be, findElement {using=id, value=back}]
三月 23, 2014 4:23:18 下午 org.openqa.selenium.remote.RemoteWebDriver log
信息: Executing: clickElement [910b6fb9-78a8-fe4b-95b2-d66edd6da9be, clickElement {id={18dff294-c586-ba40-b232-43f6e8009817}}]
三月 23, 2014 4:23:18 下午 org.openqa.selenium.remote.RemoteWebDriver log
信息: Executed: [910b6fb9-78a8-fe4b-95b2-d66edd6da9be, clickElement {id={18dff294-c586-ba40-b232-43f6e8009817}}]
三月 23, 2014 4:23:18 下午 org.openqa.selenium.remote.RemoteWebDriver log
信息: Executing: getTitle [910b6fb9-78a8-fe4b-95b2-d66edd6da9be, getTitle {}]
三月 23, 2014 4:23:18 下午 org.openqa.selenium.remote.RemoteWebDriver log
信息: Executed: [910b6fb9-78a8-fe4b-95b2-d66edd6da9be, getTitle {}]
三月 23, 2014 4:23:18 下午 org.openqa.selenium.remote.RemoteWebDriver log
信息: Executing: findElement [910b6fb9-78a8-fe4b-95b2-d66edd6da9be, findElement {using=id, value=forward}]
三月 23, 2014 4:23:18 下午 org.openqa.selenium.remote.RemoteWebDriver log
信息: Executed: [910b6fb9-78a8-fe4b-95b2-d66edd6da9be, findElement {using=id, value=forward}]
三月 23, 2014 4:23:18 下午 org.openqa.selenium.remote.RemoteWebDriver log
信息: Executing: clickElement [910b6fb9-78a8-fe4b-95b2-d66edd6da9be, clickElement {id={55ba2220-3770-3841-b5ef-927920a1c246}}]
三月 23, 2014 4:23:18 下午 org.openqa.selenium.remote.RemoteWebDriver log
信息: Executed: [910b6fb9-78a8-fe4b-95b2-d66edd6da9be, clickElement {id={55ba2220-3770-3841-b5ef-927920a1c246}}]
三月 23, 2014 4:23:18 下午 org.openqa.selenium.remote.RemoteWebDriver log
信息: Executing: getTitle [910b6fb9-78a8-fe4b-95b2-d66edd6da9be, getTitle {}]
三月 23, 2014 4:23:18 下午 org.openqa.selenium.remote.RemoteWebDriver log
信息: Executed: [910b6fb9-78a8-fe4b-95b2-d66edd6da9be, getTitle {}]
三月 23, 2014 4:23:18 下午 org.openqa.selenium.testing.JUnit4TestBase$1 finished
信息: <<< Finished crossDomainHistoryNavigationWithoutAProxy(org.openqa.selenium.ReferrerTest)
三月 23, 2014 4:23:18 下午 org.openqa.selenium.testing.JUnit4TestBase$1 starting
信息: >>> Starting basicHistoryNavigationWithoutAProxy(org.openqa.selenium.ReferrerTest)
三月 23, 2014 4:23:19 下午 org.openqa.selenium.remote.RemoteWebDriver log
信息: Executing: get [910b6fb9-78a8-fe4b-95b2-d66edd6da9be, get {url=http://localhost:17397/page1.html?next=http%3A%2F%2Flocalhost%3A17397%2Fpage2.html}]
三月 23, 2014 4:23:19 下午 org.openqa.selenium.remote.RemoteWebDriver log
信息: Executed: [910b6fb9-78a8-fe4b-95b2-d66edd6da9be, get {url=http://localhost:17397/page1.html?next=http%3A%2F%2Flocalhost%3A17397%2Fpage2.html}]
三月 23, 2014 4:23:19 下午 org.openqa.selenium.remote.RemoteWebDriver log
信息: Executing: getTitle [910b6fb9-78a8-fe4b-95b2-d66edd6da9be, getTitle {}]
三月 23, 2014 4:23:19 下午 org.openqa.selenium.remote.RemoteWebDriver log
信息: Executed: [910b6fb9-78a8-fe4b-95b2-d66edd6da9be, getTitle {}]
三月 23, 2014 4:23:19 下午 org.openqa.selenium.remote.RemoteWebDriver log
信息: Executing: findElement [910b6fb9-78a8-fe4b-95b2-d66edd6da9be, findElement {using=id, value=next}]
三月 23, 2014 4:23:19 下午 org.openqa.selenium.remote.RemoteWebDriver log
信息: Executed: [910b6fb9-78a8-fe4b-95b2-d66edd6da9be, findElement {using=id, value=next}]
三月 23, 2014 4:23:19 下午 org.openqa.selenium.remote.RemoteWebDriver log
信息: Executing: clickElement [910b6fb9-78a8-fe4b-95b2-d66edd6da9be, clickElement {id={f4ac3e78-60c1-fa4f-b9a6-f2a952ae8f5a}}]
三月 23, 2014 4:23:19 下午 org.openqa.selenium.remote.RemoteWebDriver log
信息: Executed: [910b6fb9-78a8-fe4b-95b2-d66edd6da9be, clickElement {id={f4ac3e78-60c1-fa4f-b9a6-f2a952ae8f5a}}]
三月 23, 2014 4:23:19 下午 org.openqa.selenium.remote.RemoteWebDriver log
信息: Executing: getTitle [910b6fb9-78a8-fe4b-95b2-d66edd6da9be, getTitle {}]
三月 23, 2014 4:23:19 下午 org.openqa.selenium.remote.RemoteWebDriver log
信息: Executed: [910b6fb9-78a8-fe4b-95b2-d66edd6da9be, getTitle {}]
三月 23, 2014 4:23:19 下午 org.openqa.selenium.remote.RemoteWebDriver log
信息: Executing: findElement [910b6fb9-78a8-fe4b-95b2-d66edd6da9be, findElement {using=id, value=next}]
三月 23, 2014 4:23:19 下午 org.openqa.selenium.remote.RemoteWebDriver log
信息: Executed: [910b6fb9-78a8-fe4b-95b2-d66edd6da9be, findElement {using=id, value=next}]
三月 23, 2014 4:23:19 下午 org.openqa.selenium.remote.RemoteWebDriver log
信息: Executing: clickElement [910b6fb9-78a8-fe4b-95b2-d66edd6da9be, clickElement {id={b048b2e2-6d1a-424d-80e5-0e79fa2d038f}}]
三月 23, 2014 4:23:19 下午 org.openqa.selenium.remote.RemoteWebDriver log
信息: Executed: [910b6fb9-78a8-fe4b-95b2-d66edd6da9be, clickElement {id={b048b2e2-6d1a-424d-80e5-0e79fa2d038f}}]
三月 23, 2014 4:23:19 下午 org.openqa.selenium.remote.RemoteWebDriver log
信息: Executing: getTitle [910b6fb9-78a8-fe4b-95b2-d66edd6da9be, getTitle {}]
三月 23, 2014 4:23:19 下午 org.openqa.selenium.remote.RemoteWebDriver log
信息: Executed: [910b6fb9-78a8-fe4b-95b2-d66edd6da9be, getTitle {}]
三月 23, 2014 4:23:19 下午 org.openqa.selenium.remote.RemoteWebDriver log
信息: Executing: findElement [910b6fb9-78a8-fe4b-95b2-d66edd6da9be, findElement {using=id, value=back}]
三月 23, 2014 4:23:19 下午 org.openqa.selenium.remote.RemoteWebDriver log
信息: Executed: [910b6fb9-78a8-fe4b-95b2-d66edd6da9be, findElement {using=id, value=back}]
三月 23, 2014 4:23:19 下午 org.openqa.selenium.remote.RemoteWebDriver log
信息: Executing: clickElement [910b6fb9-78a8-fe4b-95b2-d66edd6da9be, clickElement {id={0da0f1b0-0ee8-1c40-af40-7f937a1ba7e3}}]
三月 23, 2014 4:23:19 下午 org.openqa.selenium.remote.RemoteWebDriver log
信息: Executed: [910b6fb9-78a8-fe4b-95b2-d66edd6da9be, clickElement {id={0da0f1b0-0ee8-1c40-af40-7f937a1ba7e3}}]
三月 23, 2014 4:23:19 下午 org.openqa.selenium.remote.RemoteWebDriver log
信息: Executing: getTitle [910b6fb9-78a8-fe4b-95b2-d66edd6da9be, getTitle {}]
三月 23, 2014 4:23:19 下午 org.openqa.selenium.remote.RemoteWebDriver log
信息: Executed: [910b6fb9-78a8-fe4b-95b2-d66edd6da9be, getTitle {}]
三月 23, 2014 4:23:19 下午 org.openqa.selenium.remote.RemoteWebDriver log
信息: Executing: findElement [910b6fb9-78a8-fe4b-95b2-d66edd6da9be, findElement {using=id, value=forward}]
三月 23, 2014 4:23:19 下午 org.openqa.selenium.remote.RemoteWebDriver log
信息: Executed: [910b6fb9-78a8-fe4b-95b2-d66edd6da9be, findElement {using=id, value=forward}]
三月 23, 2014 4:23:19 下午 org.openqa.selenium.remote.RemoteWebDriver log
信息: Executing: clickElement [910b6fb9-78a8-fe4b-95b2-d66edd6da9be, clickElement {id={7a624a58-c237-d24f-bc21-62c85ec21e2c}}]
三月 23, 2014 4:23:19 下午 org.openqa.selenium.remote.RemoteWebDriver log
信息: Executed: [910b6fb9-78a8-fe4b-95b2-d66edd6da9be, clickElement {id={7a624a58-c237-d24f-bc21-62c85ec21e2c}}]
三月 23, 2014 4:23:19 下午 org.openqa.selenium.remote.RemoteWebDriver log
信息: Executing: getTitle [910b6fb9-78a8-fe4b-95b2-d66edd6da9be, getTitle {}]
三月 23, 2014 4:23:19 下午 org.openqa.selenium.remote.RemoteWebDriver log
信息: Executed: [910b6fb9-78a8-fe4b-95b2-d66edd6da9be, getTitle {}]
三月 23, 2014 4:23:19 下午 org.openqa.selenium.testing.JUnit4TestBase$1 finished
信息: <<< Finished basicHistoryNavigationWithoutAProxy(org.openqa.selenium.ReferrerTest)
三月 23, 2014 4:23:19 下午 org.openqa.selenium.testing.JUnit4TestBase$1 starting
信息: >>> Starting basicHistoryNavigationWithADirectProxy(org.openqa.selenium.ReferrerTest)
三月 23, 2014 4:23:22 下午 org.openqa.selenium.remote.RemoteWebDriver log
信息: Executing: get [ac07e2a2-0891-5d44-b859-7e960b8eb102, get {url=http://localhost:36480/page1.html?next=http%3A%2F%2Flocalhost%3A36480%2Fpage2.html}]
三月 23, 2014 4:23:22 下午 org.openqa.selenium.remote.RemoteWebDriver log
信息: Executed: [ac07e2a2-0891-5d44-b859-7e960b8eb102, get {url=http://localhost:36480/page1.html?next=http%3A%2F%2Flocalhost%3A36480%2Fpage2.html}]
三月 23, 2014 4:23:22 下午 org.openqa.selenium.remote.RemoteWebDriver log
信息: Executing: getTitle [ac07e2a2-0891-5d44-b859-7e960b8eb102, getTitle {}]
三月 23, 2014 4:23:22 下午 org.openqa.selenium.remote.RemoteWebDriver log
信息: Executed: [ac07e2a2-0891-5d44-b859-7e960b8eb102, getTitle {}]
三月 23, 2014 4:23:22 下午 org.openqa.selenium.remote.RemoteWebDriver log
信息: Executing: findElement [ac07e2a2-0891-5d44-b859-7e960b8eb102, findElement {using=id, value=next}]
三月 23, 2014 4:23:22 下午 org.openqa.selenium.remote.RemoteWebDriver log
信息: Executed: [ac07e2a2-0891-5d44-b859-7e960b8eb102, findElement {using=id, value=next}]
三月 23, 2014 4:23:22 下午 org.openqa.selenium.remote.RemoteWebDriver log
信息: Executing: clickElement [ac07e2a2-0891-5d44-b859-7e960b8eb102, clickElement {id={ef22aa61-5bea-8743-9009-5024b1c6a4bc}}]
三月 23, 2014 4:23:22 下午 org.openqa.selenium.remote.RemoteWebDriver log
信息: Executed: [ac07e2a2-0891-5d44-b859-7e960b8eb102, clickElement {id={ef22aa61-5bea-8743-9009-5024b1c6a4bc}}]
三月 23, 2014 4:23:22 下午 org.openqa.selenium.remote.RemoteWebDriver log
信息: Executing: getTitle [ac07e2a2-0891-5d44-b859-7e960b8eb102, getTitle {}]
三月 23, 2014 4:23:22 下午 org.openqa.selenium.remote.RemoteWebDriver log
信息: Executed: [ac07e2a2-0891-5d44-b859-7e960b8eb102, getTitle {}]
三月 23, 2014 4:23:22 下午 org.openqa.selenium.remote.RemoteWebDriver log
信息: Executing: findElement [ac07e2a2-0891-5d44-b859-7e960b8eb102, findElement {using=id, value=next}]
三月 23, 2014 4:23:22 下午 org.openqa.selenium.remote.RemoteWebDriver log
信息: Executed: [ac07e2a2-0891-5d44-b859-7e960b8eb102, findElement {using=id, value=next}]
三月 23, 2014 4:23:22 下午 org.openqa.selenium.remote.RemoteWebDriver log
信息: Executing: clickElement [ac07e2a2-0891-5d44-b859-7e960b8eb102, clickElement {id={4723d4ad-f0ed-d74d-927a-cde1f56eadc7}}]
三月 23, 2014 4:23:22 下午 org.openqa.selenium.remote.RemoteWebDriver log
信息: Executed: [ac07e2a2-0891-5d44-b859-7e960b8eb102, clickElement {id={4723d4ad-f0ed-d74d-927a-cde1f56eadc7}}]
三月 23, 2014 4:23:22 下午 org.openqa.selenium.remote.RemoteWebDriver log
信息: Executing: getTitle [ac07e2a2-0891-5d44-b859-7e960b8eb102, getTitle {}]
三月 23, 2014 4:23:22 下午 org.openqa.selenium.remote.RemoteWebDriver log
信息: Executed: [ac07e2a2-0891-5d44-b859-7e960b8eb102, getTitle {}]
三月 23, 2014 4:23:22 下午 org.openqa.selenium.remote.RemoteWebDriver log
信息: Executing: findElement [ac07e2a2-0891-5d44-b859-7e960b8eb102, findElement {using=id, value=back}]
三月 23, 2014 4:23:22 下午 org.openqa.selenium.remote.RemoteWebDriver log
信息: Executed: [ac07e2a2-0891-5d44-b859-7e960b8eb102, findElement {using=id, value=back}]
三月 23, 2014 4:23:22 下午 org.openqa.selenium.remote.RemoteWebDriver log
信息: Executing: clickElement [ac07e2a2-0891-5d44-b859-7e960b8eb102, clickElement {id={e3d22183-e5f2-c848-b0d7-49def8a3e5da}}]
三月 23, 2014 4:23:22 下午 org.openqa.selenium.remote.RemoteWebDriver log
信息: Executed: [ac07e2a2-0891-5d44-b859-7e960b8eb102, clickElement {id={e3d22183-e5f2-c848-b0d7-49def8a3e5da}}]
三月 23, 2014 4:23:22 下午 org.openqa.selenium.remote.RemoteWebDriver log
信息: Executing: getTitle [ac07e2a2-0891-5d44-b859-7e960b8eb102, getTitle {}]
三月 23, 2014 4:23:22 下午 org.openqa.selenium.remote.RemoteWebDriver log
信息: Executed: [ac07e2a2-0891-5d44-b859-7e960b8eb102, getTitle {}]
三月 23, 2014 4:23:22 下午 org.openqa.selenium.remote.RemoteWebDriver log
信息: Executing: findElement [ac07e2a2-0891-5d44-b859-7e960b8eb102, findElement {using=id, value=forward}]
三月 23, 2014 4:23:22 下午 org.openqa.selenium.remote.RemoteWebDriver log
信息: Executed: [ac07e2a2-0891-5d44-b859-7e960b8eb102, findElement {using=id, value=forward}]
三月 23, 2014 4:23:22 下午 org.openqa.selenium.remote.RemoteWebDriver log
信息: Executing: clickElement [ac07e2a2-0891-5d44-b859-7e960b8eb102, clickElement {id={f6c86359-2db5-664a-9c3c-8cfe7fe602fd}}]
三月 23, 2014 4:23:22 下午 org.openqa.selenium.remote.RemoteWebDriver log
信息: Executed: [ac07e2a2-0891-5d44-b859-7e960b8eb102, clickElement {id={f6c86359-2db5-664a-9c3c-8cfe7fe602fd}}]
三月 23, 2014 4:23:22 下午 org.openqa.selenium.remote.RemoteWebDriver log
信息: Executing: getTitle [ac07e2a2-0891-5d44-b859-7e960b8eb102, getTitle {}]
三月 23, 2014 4:23:22 下午 org.openqa.selenium.remote.RemoteWebDriver log
信息: Executed: [ac07e2a2-0891-5d44-b859-7e960b8eb102, getTitle {}]
三月 23, 2014 4:23:22 下午 org.openqa.selenium.remote.RemoteWebDriver log
信息: Executing: quit [ac07e2a2-0891-5d44-b859-7e960b8eb102, quit {}]
三月 23, 2014 4:23:22 下午 org.openqa.selenium.remote.RemoteWebDriver log
信息: Executed: [ac07e2a2-0891-5d44-b859-7e960b8eb102, quit {}]
三月 23, 2014 4:23:22 下午 org.openqa.selenium.testing.JUnit4TestBase$1 finished
信息: <<< Finished basicHistoryNavigationWithADirectProxy(org.openqa.selenium.ReferrerTest)
三月 23, 2014 4:23:22 下午 org.openqa.selenium.testing.JUnit4TestBase$1 starting
信息: >>> Starting crossDomainHistoryNavigationWhenProxyInterceptsHostRequests(org.openqa.selenium.ReferrerTest)
三月 23, 2014 4:23:25 下午 org.openqa.selenium.remote.RemoteWebDriver log
信息: Executing: get [fe91b374-53c2-144b-b39a-f7eb04424a1a, get {url=http://localhost:20488/page1.html?next=http%3A%2F%2Fwww.example.com%2Fpage2.html}]
三月 23, 2014 4:23:25 下午 org.openqa.selenium.remote.RemoteWebDriver log
信息: Executed: [fe91b374-53c2-144b-b39a-f7eb04424a1a, get {url=http://localhost:20488/page1.html?next=http%3A%2F%2Fwww.example.com%2Fpage2.html}]
三月 23, 2014 4:23:25 下午 org.openqa.selenium.remote.RemoteWebDriver log
信息: Executing: getTitle [fe91b374-53c2-144b-b39a-f7eb04424a1a, getTitle {}]
三月 23, 2014 4:23:25 下午 org.openqa.selenium.remote.RemoteWebDriver log
信息: Executed: [fe91b374-53c2-144b-b39a-f7eb04424a1a, getTitle {}]
三月 23, 2014 4:23:25 下午 org.openqa.selenium.remote.RemoteWebDriver log
信息: Executing: findElement [fe91b374-53c2-144b-b39a-f7eb04424a1a, findElement {using=id, value=next}]
三月 23, 2014 4:23:25 下午 org.openqa.selenium.remote.RemoteWebDriver log
信息: Executed: [fe91b374-53c2-144b-b39a-f7eb04424a1a, findElement {using=id, value=next}]
三月 23, 2014 4:23:25 下午 org.openqa.selenium.remote.RemoteWebDriver log
信息: Executing: clickElement [fe91b374-53c2-144b-b39a-f7eb04424a1a, clickElement {id={8b41bb0a-e87a-c44d-ab50-6cc994ae1552}}]
三月 23, 2014 4:23:25 下午 org.openqa.selenium.remote.RemoteWebDriver log
信息: Executed: [fe91b374-53c2-144b-b39a-f7eb04424a1a, clickElement {id={8b41bb0a-e87a-c44d-ab50-6cc994ae1552}}]
三月 23, 2014 4:23:25 下午 org.openqa.selenium.remote.RemoteWebDriver log
信息: Executing: getTitle [fe91b374-53c2-144b-b39a-f7eb04424a1a, getTitle {}]
三月 23, 2014 4:23:25 下午 org.openqa.selenium.remote.RemoteWebDriver log
信息: Executed: [fe91b374-53c2-144b-b39a-f7eb04424a1a, getTitle {}]
三月 23, 2014 4:23:25 下午 org.openqa.selenium.remote.RemoteWebDriver log
信息: Executing: findElement [fe91b374-53c2-144b-b39a-f7eb04424a1a, findElement {using=id, value=next}]
三月 23, 2014 4:23:25 下午 org.openqa.selenium.remote.RemoteWebDriver log
信息: Executed: [fe91b374-53c2-144b-b39a-f7eb04424a1a, findElement {using=id, value=next}]
三月 23, 2014 4:23:25 下午 org.openqa.selenium.remote.RemoteWebDriver log
信息: Executing: clickElement [fe91b374-53c2-144b-b39a-f7eb04424a1a, clickElement {id={bb2dba86-0363-eb45-ada1-c855fe1ef687}}]
三月 23, 2014 4:23:26 下午 org.openqa.selenium.remote.RemoteWebDriver log
信息: Executed: [fe91b374-53c2-144b-b39a-f7eb04424a1a, clickElement {id={bb2dba86-0363-eb45-ada1-c855fe1ef687}}]
三月 23, 2014 4:23:26 下午 org.openqa.selenium.remote.RemoteWebDriver log
信息: Executing: getTitle [fe91b374-53c2-144b-b39a-f7eb04424a1a, getTitle {}]
三月 23, 2014 4:23:26 下午 org.openqa.selenium.remote.RemoteWebDriver log
信息: Executed: [fe91b374-53c2-144b-b39a-f7eb04424a1a, getTitle {}]
三月 23, 2014 4:23:26 下午 org.openqa.selenium.remote.RemoteWebDriver log
信息: Executing: findElement [fe91b374-53c2-144b-b39a-f7eb04424a1a, findElement {using=id, value=back}]
三月 23, 2014 4:23:26 下午 org.openqa.selenium.remote.RemoteWebDriver log
信息: Executed: [fe91b374-53c2-144b-b39a-f7eb04424a1a, findElement {using=id, value=back}]
三月 23, 2014 4:23:26 下午 org.openqa.selenium.remote.RemoteWebDriver log
信息: Executing: clickElement [fe91b374-53c2-144b-b39a-f7eb04424a1a, clickElement {id={e0d76271-7ecb-f94d-a2c3-b95ae2e60503}}]
三月 23, 2014 4:23:26 下午 org.openqa.selenium.remote.RemoteWebDriver log
信息: Executed: [fe91b374-53c2-144b-b39a-f7eb04424a1a, clickElement {id={e0d76271-7ecb-f94d-a2c3-b95ae2e60503}}]
三月 23, 2014 4:23:26 下午 org.openqa.selenium.remote.RemoteWebDriver log
信息: Executing: getTitle [fe91b374-53c2-144b-b39a-f7eb04424a1a, getTitle {}]
三月 23, 2014 4:23:26 下午 org.openqa.selenium.remote.RemoteWebDriver log
信息: Executed: [fe91b374-53c2-144b-b39a-f7eb04424a1a, getTitle {}]
三月 23, 2014 4:23:26 下午 org.openqa.selenium.remote.RemoteWebDriver log
信息: Executing: findElement [fe91b374-53c2-144b-b39a-f7eb04424a1a, findElement {using=id, value=forward}]
三月 23, 2014 4:23:26 下午 org.openqa.selenium.remote.RemoteWebDriver log
信息: Executed: [fe91b374-53c2-144b-b39a-f7eb04424a1a, findElement {using=id, value=forward}]
三月 23, 2014 4:23:26 下午 org.openqa.selenium.remote.RemoteWebDriver log
信息: Executing: clickElement [fe91b374-53c2-144b-b39a-f7eb04424a1a, clickElement {id={cd5ddd6b-ebec-5643-aa3d-a8bc897128e4}}]
三月 23, 2014 4:23:26 下午 org.openqa.selenium.remote.RemoteWebDriver log
信息: Executed: [fe91b374-53c2-144b-b39a-f7eb04424a1a, clickElement {id={cd5ddd6b-ebec-5643-aa3d-a8bc897128e4}}]
三月 23, 2014 4:23:26 下午 org.openqa.selenium.remote.RemoteWebDriver log
信息: Executing: getTitle [fe91b374-53c2-144b-b39a-f7eb04424a1a, getTitle {}]
三月 23, 2014 4:23:26 下午 org.openqa.selenium.remote.RemoteWebDriver log
信息: Executed: [fe91b374-53c2-144b-b39a-f7eb04424a1a, getTitle {}]
三月 23, 2014 4:23:26 下午 org.openqa.selenium.remote.RemoteWebDriver log
信息: Executing: quit [fe91b374-53c2-144b-b39a-f7eb04424a1a, quit {}]
三月 23, 2014 4:23:26 下午 org.openqa.selenium.remote.RemoteWebDriver log
信息: Executed: [fe91b374-53c2-144b-b39a-f7eb04424a1a, quit {}]
三月 23, 2014 4:23:26 下午 org.openqa.selenium.testing.JUnit4TestBase$1 finished
信息: <<< Finished crossDomainHistoryNavigationWhenProxyInterceptsHostRequests(org.openqa.selenium.ReferrerTest)
三月 23, 2014 4:23:26 下午 org.openqa.selenium.testing.JUnit4TestBase$1 starting
信息: >>> Starting crossDomainHistoryNavigationWithAProxiedHost(org.openqa.selenium.ReferrerTest)
三月 23, 2014 4:23:29 下午 org.openqa.selenium.remote.RemoteWebDriver log
信息: Executing: get [d63ad0e4-3c88-234c-b2d0-4f07e3117da7, get {url=http://localhost:25652/page1.html?next=http%3A%2F%2Fwww.example.com%2Fpage2.html}]
三月 23, 2014 4:23:29 下午 org.openqa.selenium.remote.RemoteWebDriver log
信息: Executed: [d63ad0e4-3c88-234c-b2d0-4f07e3117da7, get {url=http://localhost:25652/page1.html?next=http%3A%2F%2Fwww.example.com%2Fpage2.html}]
三月 23, 2014 4:23:29 下午 org.openqa.selenium.remote.RemoteWebDriver log
信息: Executing: getTitle [d63ad0e4-3c88-234c-b2d0-4f07e3117da7, getTitle {}]
三月 23, 2014 4:23:29 下午 org.openqa.selenium.remote.RemoteWebDriver log
信息: Executed: [d63ad0e4-3c88-234c-b2d0-4f07e3117da7, getTitle {}]
三月 23, 2014 4:23:29 下午 org.openqa.selenium.remote.RemoteWebDriver log
信息: Executing: findElement [d63ad0e4-3c88-234c-b2d0-4f07e3117da7, findElement {using=id, value=next}]
三月 23, 2014 4:23:29 下午 org.openqa.selenium.remote.RemoteWebDriver log
信息: Executed: [d63ad0e4-3c88-234c-b2d0-4f07e3117da7, findElement {using=id, value=next}]
三月 23, 2014 4:23:29 下午 org.openqa.selenium.remote.RemoteWebDriver log
信息: Executing: clickElement [d63ad0e4-3c88-234c-b2d0-4f07e3117da7, clickElement {id={f59ee7fc-f77f-bd40-8253-4523f45d0a78}}]
三月 23, 2014 4:23:29 下午 org.openqa.selenium.remote.RemoteWebDriver log
信息: Executed: [d63ad0e4-3c88-234c-b2d0-4f07e3117da7, clickElement {id={f59ee7fc-f77f-bd40-8253-4523f45d0a78}}]
三月 23, 2014 4:23:29 下午 org.openqa.selenium.remote.RemoteWebDriver log
信息: Executing: getTitle [d63ad0e4-3c88-234c-b2d0-4f07e3117da7, getTitle {}]
三月 23, 2014 4:23:29 下午 org.openqa.selenium.remote.RemoteWebDriver log
信息: Executed: [d63ad0e4-3c88-234c-b2d0-4f07e3117da7, getTitle {}]
三月 23, 2014 4:23:29 下午 org.openqa.selenium.remote.RemoteWebDriver log
信息: Executing: findElement [d63ad0e4-3c88-234c-b2d0-4f07e3117da7, findElement {using=id, value=next}]
三月 23, 2014 4:23:29 下午 org.openqa.selenium.remote.RemoteWebDriver log
信息: Executed: [d63ad0e4-3c88-234c-b2d0-4f07e3117da7, findElement {using=id, value=next}]
三月 23, 2014 4:23:29 下午 org.openqa.selenium.remote.RemoteWebDriver log
信息: Executing: clickElement [d63ad0e4-3c88-234c-b2d0-4f07e3117da7, clickElement {id={911fcbe0-b4d8-8242-8f17-aff35b1a493a}}]
三月 23, 2014 4:23:29 下午 org.openqa.selenium.remote.RemoteWebDriver log
信息: Executed: [d63ad0e4-3c88-234c-b2d0-4f07e3117da7, clickElement {id={911fcbe0-b4d8-8242-8f17-aff35b1a493a}}]
三月 23, 2014 4:23:29 下午 org.openqa.selenium.remote.RemoteWebDriver log
信息: Executing: getTitle [d63ad0e4-3c88-234c-b2d0-4f07e3117da7, getTitle {}]
三月 23, 2014 4:23:29 下午 org.openqa.selenium.remote.RemoteWebDriver log
信息: Executed: [d63ad0e4-3c88-234c-b2d0-4f07e3117da7, getTitle {}]
三月 23, 2014 4:23:29 下午 org.openqa.selenium.remote.RemoteWebDriver log
信息: Executing: findElement [d63ad0e4-3c88-234c-b2d0-4f07e3117da7, findElement {using=id, value=back}]
三月 23, 2014 4:23:29 下午 org.openqa.selenium.remote.RemoteWebDriver log
信息: Executed: [d63ad0e4-3c88-234c-b2d0-4f07e3117da7, findElement {using=id, value=back}]
三月 23, 2014 4:23:29 下午 org.openqa.selenium.remote.RemoteWebDriver log
信息: Executing: clickElement [d63ad0e4-3c88-234c-b2d0-4f07e3117da7, clickElement {id={024804c0-b892-2e46-8543-27a8af481bc0}}]
三月 23, 2014 4:23:30 下午 org.openqa.selenium.remote.RemoteWebDriver log
信息: Executed: [d63ad0e4-3c88-234c-b2d0-4f07e3117da7, clickElement {id={024804c0-b892-2e46-8543-27a8af481bc0}}]
三月 23, 2014 4:23:30 下午 org.openqa.selenium.remote.RemoteWebDriver log
信息: Executing: getTitle [d63ad0e4-3c88-234c-b2d0-4f07e3117da7, getTitle {}]
三月 23, 2014 4:23:30 下午 org.openqa.selenium.remote.RemoteWebDriver log
信息: Executed: [d63ad0e4-3c88-234c-b2d0-4f07e3117da7, getTitle {}]
三月 23, 2014 4:23:30 下午 org.openqa.selenium.remote.RemoteWebDriver log
信息: Executing: findElement [d63ad0e4-3c88-234c-b2d0-4f07e3117da7, findElement {using=id, value=forward}]
三月 23, 2014 4:23:30 下午 org.openqa.selenium.remote.RemoteWebDriver log
信息: Executed: [d63ad0e4-3c88-234c-b2d0-4f07e3117da7, findElement {using=id, value=forward}]
三月 23, 2014 4:23:30 下午 org.openqa.selenium.remote.RemoteWebDriver log
信息: Executing: clickElement [d63ad0e4-3c88-234c-b2d0-4f07e3117da7, clickElement {id={5898300d-d2bf-8948-aaab-450c18041767}}]
三月 23, 2014 4:23:30 下午 org.openqa.selenium.remote.RemoteWebDriver log
信息: Executed: [d63ad0e4-3c88-234c-b2d0-4f07e3117da7, clickElement {id={5898300d-d2bf-8948-aaab-450c18041767}}]
三月 23, 2014 4:23:30 下午 org.openqa.selenium.remote.RemoteWebDriver log
信息: Executing: getTitle [d63ad0e4-3c88-234c-b2d0-4f07e3117da7, getTitle {}]
三月 23, 2014 4:23:30 下午 org.openqa.selenium.remote.RemoteWebDriver log
信息: Executed: [d63ad0e4-3c88-234c-b2d0-4f07e3117da7, getTitle {}]
三月 23, 2014 4:23:30 下午 org.openqa.selenium.remote.RemoteWebDriver log
信息: Executing: quit [d63ad0e4-3c88-234c-b2d0-4f07e3117da7, quit {}]
三月 23, 2014 4:23:30 下午 org.openqa.selenium.remote.RemoteWebDriver log
信息: Executed: [d63ad0e4-3c88-234c-b2d0-4f07e3117da7, quit {}]
三月 23, 2014 4:23:30 下午 org.openqa.selenium.testing.JUnit4TestBase$1 finished
信息: <<< Finished crossDomainHistoryNavigationWithAProxiedHost(org.openqa.selenium.ReferrerTest)
三月 23, 2014 4:23:30 下午 org.openqa.selenium.testing.JUnit4TestBase$1 starting
信息: >>> Starting testShouldAllowInheritedStylesToBeUsed(org.openqa.selenium.CssValueTest)
三月 23, 2014 4:23:30 下午 org.openqa.selenium.remote.RemoteWebDriver log
信息: Executing: get [910b6fb9-78a8-fe4b-95b2-d66edd6da9be, get {url=http://localhost:6461/common/javascriptPage.html}]
三月 23, 2014 4:23:30 下午 org.openqa.selenium.remote.RemoteWebDriver log
信息: Executed: [910b6fb9-78a8-fe4b-95b2-d66edd6da9be, get {url=http://localhost:6461/common/javascriptPage.html}]
三月 23, 2014 4:23:30 下午 org.openqa.selenium.remote.RemoteWebDriver log
信息: Executing: findElement [910b6fb9-78a8-fe4b-95b2-d66edd6da9be, findElement {using=id, value=green-item}]
三月 23, 2014 4:23:30 下午 org.openqa.selenium.remote.RemoteWebDriver log
信息: Executed: [910b6fb9-78a8-fe4b-95b2-d66edd6da9be, findElement {using=id, value=green-item}]
三月 23, 2014 4:23:30 下午 org.openqa.selenium.remote.RemoteWebDriver log
信息: Executing: getElementValueOfCssProperty [910b6fb9-78a8-fe4b-95b2-d66edd6da9be, getElementValueOfCssProperty {id={2b2b49e9-1282-4f40-8afc-fc6c821e1934}, propertyName=background-color}]
三月 23, 2014 4:23:30 下午 org.openqa.selenium.remote.RemoteWebDriver log
信息: Executed: [910b6fb9-78a8-fe4b-95b2-d66edd6da9be, getElementValueOfCssProperty {id={2b2b49e9-1282-4f40-8afc-fc6c821e1934}, propertyName=background-color}]
三月 23, 2014 4:23:30 下午 org.openqa.selenium.testing.JUnit4TestBase$1 finished
信息: <<< Finished testShouldAllowInheritedStylesToBeUsed(org.openqa.selenium.CssValueTest)
三月 23, 2014 4:23:30 下午 org.openqa.selenium.testing.JUnit4TestBase$1 starting
信息: >>> Starting testShouldPickUpStyleOfAnElement(org.openqa.selenium.CssValueTest)
三月 23, 2014 4:23:30 下午 org.openqa.selenium.remote.RemoteWebDriver log
信息: Executing: get [910b6fb9-78a8-fe4b-95b2-d66edd6da9be, get {url=http://localhost:6461/common/javascriptPage.html}]
三月 23, 2014 4:23:30 下午 org.openqa.selenium.remote.RemoteWebDriver log
信息: Executed: [910b6fb9-78a8-fe4b-95b2-d66edd6da9be, get {url=http://localhost:6461/common/javascriptPage.html}]
三月 23, 2014 4:23:30 下午 org.openqa.selenium.remote.RemoteWebDriver log
信息: Executing: findElement [910b6fb9-78a8-fe4b-95b2-d66edd6da9be, findElement {using=id, value=green-parent}]
三月 23, 2014 4:23:30 下午 org.openqa.selenium.remote.RemoteWebDriver log
信息: Executed: [910b6fb9-78a8-fe4b-95b2-d66edd6da9be, findElement {using=id, value=green-parent}]
三月 23, 2014 4:23:30 下午 org.openqa.selenium.remote.RemoteWebDriver log
信息: Executing: getElementValueOfCssProperty [910b6fb9-78a8-fe4b-95b2-d66edd6da9be, getElementValueOfCssProperty {id={ffb0a5d5-6e00-1b41-8654-050e9993516e}, propertyName=background-color}]
三月 23, 2014 4:23:30 下午 org.openqa.selenium.remote.RemoteWebDriver log
信息: Executed: [910b6fb9-78a8-fe4b-95b2-d66edd6da9be, getElementValueOfCssProperty {id={ffb0a5d5-6e00-1b41-8654-050e9993516e}, propertyName=background-color}]
三月 23, 2014 4:23:30 下午 org.openqa.selenium.remote.RemoteWebDriver log
信息: Executing: findElement [910b6fb9-78a8-fe4b-95b2-d66edd6da9be, findElement {using=id, value=red-item}]
三月 23, 2014 4:23:30 下午 org.openqa.selenium.remote.RemoteWebDriver log
信息: Executed: [910b6fb9-78a8-fe4b-95b2-d66edd6da9be, findElement {using=id, value=red-item}]
三月 23, 2014 4:23:30 下午 org.openqa.selenium.remote.RemoteWebDriver log
信息: Executing: getElementValueOfCssProperty [910b6fb9-78a8-fe4b-95b2-d66edd6da9be, getElementValueOfCssProperty {id={558937cf-37bf-e543-af98-7ef1e5156fa3}, propertyName=background-color}]
三月 23, 2014 4:23:30 下午 org.openqa.selenium.remote.RemoteWebDriver log
信息: Executed: [910b6fb9-78a8-fe4b-95b2-d66edd6da9be, getElementValueOfCssProperty {id={558937cf-37bf-e543-af98-7ef1e5156fa3}, propertyName=background-color}]
三月 23, 2014 4:23:30 下午 org.openqa.selenium.testing.JUnit4TestBase$1 finished
信息: <<< Finished testShouldPickUpStyleOfAnElement(org.openqa.selenium.CssValueTest)
三月 23, 2014 4:23:30 下午 org.openqa.selenium.testing.JUnit4TestBase$1 starting
信息: >>> Starting testGetCssValueShouldReturnStandardizedColour(org.openqa.selenium.CssValueTest)
三月 23, 2014 4:23:30 下午 org.openqa.selenium.remote.RemoteWebDriver log
信息: Executing: get [910b6fb9-78a8-fe4b-95b2-d66edd6da9be, get {url=http://localhost:6461/common/colorPage.html}]
三月 23, 2014 4:23:30 下午 org.openqa.selenium.remote.RemoteWebDriver log
信息: Executed: [910b6fb9-78a8-fe4b-95b2-d66edd6da9be, get {url=http://localhost:6461/common/colorPage.html}]
三月 23, 2014 4:23:30 下午 org.openqa.selenium.remote.RemoteWebDriver log
信息: Executing: findElement [910b6fb9-78a8-fe4b-95b2-d66edd6da9be, findElement {using=id, value=namedColor}]
三月 23, 2014 4:23:30 下午 org.openqa.selenium.remote.RemoteWebDriver log
信息: Executed: [910b6fb9-78a8-fe4b-95b2-d66edd6da9be, findElement {using=id, value=namedColor}]
三月 23, 2014 4:23:30 下午 org.openqa.selenium.remote.RemoteWebDriver log
信息: Executing: getElementValueOfCssProperty [910b6fb9-78a8-fe4b-95b2-d66edd6da9be, getElementValueOfCssProperty {id={22661b2b-9d6e-8d47-aa66-94261c78f10a}, propertyName=background-color}]
三月 23, 2014 4:23:30 下午 org.openqa.selenium.remote.RemoteWebDriver log
信息: Executed: [910b6fb9-78a8-fe4b-95b2-d66edd6da9be, getElementValueOfCssProperty {id={22661b2b-9d6e-8d47-aa66-94261c78f10a}, propertyName=background-color}]
三月 23, 2014 4:23:30 下午 org.openqa.selenium.remote.RemoteWebDriver log
信息: Executing: findElement [910b6fb9-78a8-fe4b-95b2-d66edd6da9be, findElement {using=id, value=rgb}]
三月 23, 2014 4:23:30 下午 org.openqa.selenium.remote.RemoteWebDriver log
信息: Executed: [910b6fb9-78a8-fe4b-95b2-d66edd6da9be, findElement {using=id, value=rgb}]
三月 23, 2014 4:23:30 下午 org.openqa.selenium.remote.RemoteWebDriver log
信息: Executing: getElementValueOfCssProperty [910b6fb9-78a8-fe4b-95b2-d66edd6da9be, getElementValueOfCssProperty {id={d25c7c43-497c-c847-9a24-7ef0d3e4d444}, propertyName=background-color}]
三月 23, 2014 4:23:30 下午 org.openqa.selenium.remote.RemoteWebDriver log
信息: Executed: [910b6fb9-78a8-fe4b-95b2-d66edd6da9be, getElementValueOfCssProperty {id={d25c7c43-497c-c847-9a24-7ef0d3e4d444}, propertyName=background-color}]
三月 23, 2014 4:23:30 下午 org.openqa.selenium.testing.JUnit4TestBase$1 finished
信息: <<< Finished testGetCssValueShouldReturnStandardizedColour(org.openqa.selenium.CssValueTest)
三月 23, 2014 4:23:30 下午 org.openqa.selenium.testing.JUnit4TestBase$1 starting
信息: >>> Starting testRotateToPortrait(org.openqa.selenium.RotatableTest)
三月 23, 2014 4:23:30 下午 org.openqa.selenium.testing.JUnit4TestBase$1 finished
信息: <<< Finished testRotateToPortrait(org.openqa.selenium.RotatableTest)
三月 23, 2014 4:23:30 下午 org.openqa.selenium.testing.JUnit4TestBase$1 starting
信息: >>> Starting testGetOrientationReturnsInitialValue(org.openqa.selenium.RotatableTest)
三月 23, 2014 4:23:30 下午 org.openqa.selenium.testing.JUnit4TestBase$1 finished
信息: <<< Finished testGetOrientationReturnsInitialValue(org.openqa.selenium.RotatableTest)
三月 23, 2014 4:23:30 下午 org.openqa.selenium.testing.JUnit4TestBase$1 starting
信息: >>> Starting testRotateToLandscapeMode(org.openqa.selenium.RotatableTest)
三月 23, 2014 4:23:30 下午 org.openqa.selenium.testing.JUnit4TestBase$1 finished
信息: <<< Finished testRotateToLandscapeMode(org.openqa.selenium.RotatableTest)
三月 23, 2014 4:23:30 下午 org.openqa.selenium.testing.JUnit4TestBase$1 starting
信息: >>> Starting shouldReturnFirstSelectedOption(org.openqa.selenium.support.ui.SelectElementTest)
三月 23, 2014 4:23:30 下午 org.openqa.selenium.remote.RemoteWebDriver log
信息: Executing: get [910b6fb9-78a8-fe4b-95b2-d66edd6da9be, get {url=http://localhost:6461/common/formPage.html}]
三月 23, 2014 4:23:30 下午 org.openqa.selenium.remote.RemoteWebDriver log
信息: Executed: [910b6fb9-78a8-fe4b-95b2-d66edd6da9be, get {url=http://localhost:6461/common/formPage.html}]
三月 23, 2014 4:23:30 下午 org.openqa.selenium.remote.RemoteWebDriver log
信息: Executing: findElement [910b6fb9-78a8-fe4b-95b2-d66edd6da9be, findElement {using=name, value=multi}]
三月 23, 2014 4:23:30 下午 org.openqa.selenium.remote.RemoteWebDriver log
信息: Executed: [910b6fb9-78a8-fe4b-95b2-d66edd6da9be, findElement {using=name, value=multi}]
三月 23, 2014 4:23:30 下午 org.openqa.selenium.remote.RemoteWebDriver log
信息: Executing: getElementTagName [910b6fb9-78a8-fe4b-95b2-d66edd6da9be, getElementTagName {id={f951b923-ce03-7b4b-a075-8fdb62911ee0}}]
三月 23, 2014 4:23:30 下午 org.openqa.selenium.remote.RemoteWebDriver log
信息: Executed: [910b6fb9-78a8-fe4b-95b2-d66edd6da9be, getElementTagName {id={f951b923-ce03-7b4b-a075-8fdb62911ee0}}]
三月 23, 2014 4:23:30 下午 org.openqa.selenium.remote.RemoteWebDriver log
信息: Executing: getElementAttribute [910b6fb9-78a8-fe4b-95b2-d66edd6da9be, getElementAttribute {id={f951b923-ce03-7b4b-a075-8fdb62911ee0}, name=multiple}]
三月 23, 2014 4:23:30 下午 org.openqa.selenium.remote.RemoteWebDriver log
信息: Executed: [910b6fb9-78a8-fe4b-95b2-d66edd6da9be, getElementAttribute {id={f951b923-ce03-7b4b-a075-8fdb62911ee0}, name=multiple}]
三月 23, 2014 4:23:30 下午 org.openqa.selenium.remote.RemoteWebDriver log
信息: Executing: findChildElements [910b6fb9-78a8-fe4b-95b2-d66edd6da9be, findChildElements {id={f951b923-ce03-7b4b-a075-8fdb62911ee0}, using=tag name, value=option}]
三月 23, 2014 4:23:30 下午 org.openqa.selenium.remote.RemoteWebDriver log
信息: Executed: [910b6fb9-78a8-fe4b-95b2-d66edd6da9be, findChildElements {id={f951b923-ce03-7b4b-a075-8fdb62911ee0}, using=tag name, value=option}]
三月 23, 2014 4:23:30 下午 org.openqa.selenium.remote.RemoteWebDriver log
信息: Executing: isElementSelected [910b6fb9-78a8-fe4b-95b2-d66edd6da9be, isElementSelected {id={c1938a70-be57-a241-ab79-30bbe81a3d62}}]
三月 23, 2014 4:23:30 下午 org.openqa.selenium.remote.RemoteWebDriver log
信息: Executed: [910b6fb9-78a8-fe4b-95b2-d66edd6da9be, isElementSelected {id={c1938a70-be57-a241-ab79-30bbe81a3d62}}]
三月 23, 2014 4:23:30 下午 org.openqa.selenium.remote.RemoteWebDriver log
信息: Executing: getElementText [910b6fb9-78a8-fe4b-95b2-d66edd6da9be, getElementText {id={c1938a70-be57-a241-ab79-30bbe81a3d62}}]
三月 23, 2014 4:23:30 下午 org.openqa.selenium.remote.RemoteWebDriver log
信息: Executed: [910b6fb9-78a8-fe4b-95b2-d66edd6da9be, getElementText {id={c1938a70-be57-a241-ab79-30bbe81a3d62}}]
三月 23, 2014 4:23:30 下午 org.openqa.selenium.testing.JUnit4TestBase$1 finished
信息: <<< Finished shouldReturnFirstSelectedOption(org.openqa.selenium.support.ui.SelectElementTest)
三月 23, 2014 4:23:30 下午 org.openqa.selenium.testing.JUnit4TestBase$1 starting
信息: >>> Starting shouldConvertAStringWithAQuotIntoOneWithTicks(org.openqa.selenium.support.ui.SelectElementTest)
三月 23, 2014 4:23:30 下午 org.openqa.selenium.remote.RemoteWebDriver log
信息: Executing: get [910b6fb9-78a8-fe4b-95b2-d66edd6da9be, get {url=http://localhost:6461/common/formPage.html}]
三月 23, 2014 4:23:30 下午 org.openqa.selenium.remote.RemoteWebDriver log
信息: Executed: [910b6fb9-78a8-fe4b-95b2-d66edd6da9be, get {url=http://localhost:6461/common/formPage.html}]
三月 23, 2014 4:23:30 下午 org.openqa.selenium.remote.RemoteWebDriver log
信息: Executing: findElement [910b6fb9-78a8-fe4b-95b2-d66edd6da9be, findElement {using=name, value=multi}]
三月 23, 2014 4:23:30 下午 org.openqa.selenium.remote.RemoteWebDriver log
信息: Executed: [910b6fb9-78a8-fe4b-95b2-d66edd6da9be, findElement {using=name, value=multi}]
三月 23, 2014 4:23:31 下午 org.openqa.selenium.remote.RemoteWebDriver log
信息: Executing: getElementTagName [910b6fb9-78a8-fe4b-95b2-d66edd6da9be, getElementTagName {id={fd907056-402b-6044-b997-31d663df7439}}]
三月 23, 2014 4:23:31 下午 org.openqa.selenium.remote.RemoteWebDriver log
信息: Executed: [910b6fb9-78a8-fe4b-95b2-d66edd6da9be, getElementTagName {id={fd907056-402b-6044-b997-31d663df7439}}]
三月 23, 2014 4:23:31 下午 org.openqa.selenium.remote.RemoteWebDriver log
信息: Executing: getElementAttribute [910b6fb9-78a8-fe4b-95b2-d66edd6da9be, getElementAttribute {id={fd907056-402b-6044-b997-31d663df7439}, name=multiple}]
三月 23, 2014 4:23:31 下午 org.openqa.selenium.remote.RemoteWebDriver log
信息: Executed: [910b6fb9-78a8-fe4b-95b2-d66edd6da9be, getElementAttribute {id={fd907056-402b-6044-b997-31d663df7439}, name=multiple}]
三月 23, 2014 4:23:31 下午 org.openqa.selenium.testing.JUnit4TestBase$1 finished
信息: <<< Finished shouldConvertAStringWithAQuotIntoOneWithTicks(org.openqa.selenium.support.ui.SelectElementTest)
三月 23, 2014 4:23:31 下午 org.openqa.selenium.testing.JUnit4TestBase$1 starting
信息: >>> Starting shouldAllowOptionsToBeSelectedByVisibleText(org.openqa.selenium.support.ui.SelectElementTest)
三月 23, 2014 4:23:31 下午 org.openqa.selenium.remote.RemoteWebDriver log
信息: Executing: get [910b6fb9-78a8-fe4b-95b2-d66edd6da9be, get {url=http://localhost:6461/common/formPage.html}]
三月 23, 2014 4:23:31 下午 org.openqa.selenium.remote.RemoteWebDriver log
信息: Executed: [910b6fb9-78a8-fe4b-95b2-d66edd6da9be, get {url=http://localhost:6461/common/formPage.html}]
三月 23, 2014 4:23:31 下午 org.openqa.selenium.remote.RemoteWebDriver log
信息: Executing: findElement [910b6fb9-78a8-fe4b-95b2-d66edd6da9be, findElement {using=name, value=select_empty_multiple}]
三月 23, 2014 4:23:31 下午 org.openqa.selenium.remote.RemoteWebDriver log
信息: Executed: [910b6fb9-78a8-fe4b-95b2-d66edd6da9be, findElement {using=name, value=select_empty_multiple}]
三月 23, 2014 4:23:31 下午 org.openqa.selenium.remote.RemoteWebDriver log
信息: Executing: getElementTagName [910b6fb9-78a8-fe4b-95b2-d66edd6da9be, getElementTagName {id={0f276892-da1e-f54a-9b48-bcbfe36dab4e}}]
三月 23, 2014 4:23:31 下午 org.openqa.selenium.remote.RemoteWebDriver log
信息: Executed: [910b6fb9-78a8-fe4b-95b2-d66edd6da9be, getElementTagName {id={0f276892-da1e-f54a-9b48-bcbfe36dab4e}}]
三月 23, 2014 4:23:31 下午 org.openqa.selenium.remote.RemoteWebDriver log
信息: Executing: getElementAttribute [910b6fb9-78a8-fe4b-95b2-d66edd6da9be, getElementAttribute {id={0f276892-da1e-f54a-9b48-bcbfe36dab4e}, name=multiple}]
三月 23, 2014 4:23:31 下午 org.openqa.selenium.remote.RemoteWebDriver log
信息: Executed: [910b6fb9-78a8-fe4b-95b2-d66edd6da9be, getElementAttribute {id={0f276892-da1e-f54a-9b48-bcbfe36dab4e}, name=multiple}]
三月 23, 2014 4:23:31 下午 org.openqa.selenium.remote.RemoteWebDriver log
信息: Executing: findChildElements [910b6fb9-78a8-fe4b-95b2-d66edd6da9be, findChildElements {id={0f276892-da1e-f54a-9b48-bcbfe36dab4e}, using=xpath, value=.//option[normalize-space(.) = "select_2"]}]
三月 23, 2014 4:23:31 下午 org.openqa.selenium.remote.RemoteWebDriver log
信息: Executed: [910b6fb9-78a8-fe4b-95b2-d66edd6da9be, findChildElements {id={0f276892-da1e-f54a-9b48-bcbfe36dab4e}, using=xpath, value=.//option[normalize-space(.) = "select_2"]}]
三月 23, 2014 4:23:31 下午 org.openqa.selenium.remote.RemoteWebDriver log
信息: Executing: isElementSelected [910b6fb9-78a8-fe4b-95b2-d66edd6da9be, isElementSelected {id={6a85b8b1-ef37-5045-bb99-aaf633817c01}}]
三月 23, 2014 4:23:31 下午 org.openqa.selenium.remote.RemoteWebDriver log
信息: Executed: [910b6fb9-78a8-fe4b-95b2-d66edd6da9be, isElementSelected {id={6a85b8b1-ef37-5045-bb99-aaf633817c01}}]
三月 23, 2014 4:23:31 下午 org.openqa.selenium.remote.RemoteWebDriver log
信息: Executing: clickElement [910b6fb9-78a8-fe4b-95b2-d66edd6da9be, clickElement {id={6a85b8b1-ef37-5045-bb99-aaf633817c01}}]
三月 23, 2014 4:23:31 下午 org.openqa.selenium.remote.RemoteWebDriver log
信息: Executed: [910b6fb9-78a8-fe4b-95b2-d66edd6da9be, clickElement {id={6a85b8b1-ef37-5045-bb99-aaf633817c01}}]
三月 23, 2014 4:23:31 下午 org.openqa.selenium.remote.RemoteWebDriver log
信息: Executing: findChildElements [910b6fb9-78a8-fe4b-95b2-d66edd6da9be, findChildElements {id={0f276892-da1e-f54a-9b48-bcbfe36dab4e}, using=tag name, value=option}]
三月 23, 2014 4:23:31 下午 org.openqa.selenium.remote.RemoteWebDriver log
信息: Executed: [910b6fb9-78a8-fe4b-95b2-d66edd6da9be, findChildElements {id={0f276892-da1e-f54a-9b48-bcbfe36dab4e}, using=tag name, value=option}]
三月 23, 2014 4:23:31 下午 org.openqa.selenium.remote.RemoteWebDriver log
信息: Executing: isElementSelected [910b6fb9-78a8-fe4b-95b2-d66edd6da9be, isElementSelected {id={fbe4ff55-e9a4-0740-b2d8-689b6e328ba9}}]
三月 23, 2014 4:23:31 下午 org.openqa.selenium.remote.RemoteWebDriver log
信息: Executed: [910b6fb9-78a8-fe4b-95b2-d66edd6da9be, isElementSelected {id={fbe4ff55-e9a4-0740-b2d8-689b6e328ba9}}]
三月 23, 2014 4:23:31 下午 org.openqa.selenium.remote.RemoteWebDriver log
信息: Executing: isElementSelected [910b6fb9-78a8-fe4b-95b2-d66edd6da9be, isElementSelected {id={6a85b8b1-ef37-5045-bb99-aaf633817c01}}]
三月 23, 2014 4:23:31 下午 org.openqa.selenium.remote.RemoteWebDriver log
信息: Executed: [910b6fb9-78a8-fe4b-95b2-d66edd6da9be, isElementSelected {id={6a85b8b1-ef37-5045-bb99-aaf633817c01}}]
三月 23, 2014 4:23:31 下午 org.openqa.selenium.remote.RemoteWebDriver log
信息: Executing: getElementText [910b6fb9-78a8-fe4b-95b2-d66edd6da9be, getElementText {id={6a85b8b1-ef37-5045-bb99-aaf633817c01}}]
三月 23, 2014 4:23:31 下午 org.openqa.selenium.remote.RemoteWebDriver log
信息: Executed: [910b6fb9-78a8-fe4b-95b2-d66edd6da9be, getElementText {id={6a85b8b1-ef37-5045-bb99-aaf633817c01}}]
三月 23, 2014 4:23:31 下午 org.openqa.selenium.testing.JUnit4TestBase$1 finished
信息: <<< Finished shouldAllowOptionsToBeSelectedByVisibleText(org.openqa.selenium.support.ui.SelectElementTest)
三月 23, 2014 4:23:31 下午 org.openqa.selenium.testing.JUnit4TestBase$1 starting
信息: >>> Starting shouldIndicateThatASelectCanSupportMultipleOptionsWithTrueMultipleAttribute(org.openqa.selenium.support.ui.SelectElementTest)
三月 23, 2014 4:23:31 下午 org.openqa.selenium.remote.RemoteWebDriver log
信息: Executing: get [910b6fb9-78a8-fe4b-95b2-d66edd6da9be, get {url=http://localhost:6461/common/formPage.html}]
三月 23, 2014 4:23:31 下午 org.openqa.selenium.remote.RemoteWebDriver log
信息: Executed: [910b6fb9-78a8-fe4b-95b2-d66edd6da9be, get {url=http://localhost:6461/common/formPage.html}]
三月 23, 2014 4:23:31 下午 org.openqa.selenium.remote.RemoteWebDriver log
信息: Executing: findElement [910b6fb9-78a8-fe4b-95b2-d66edd6da9be, findElement {using=name, value=multi_true}]
三月 23, 2014 4:23:31 下午 org.openqa.selenium.remote.RemoteWebDriver log
信息: Executed: [910b6fb9-78a8-fe4b-95b2-d66edd6da9be, findElement {using=name, value=multi_true}]
三月 23, 2014 4:23:31 下午 org.openqa.selenium.remote.RemoteWebDriver log
信息: Executing: getElementTagName [910b6fb9-78a8-fe4b-95b2-d66edd6da9be, getElementTagName {id={0e3d3c23-8fbb-2f48-9523-c37d4d50cff0}}]
三月 23, 2014 4:23:31 下午 org.openqa.selenium.remote.RemoteWebDriver log
信息: Executed: [910b6fb9-78a8-fe4b-95b2-d66edd6da9be, getElementTagName {id={0e3d3c23-8fbb-2f48-9523-c37d4d50cff0}}]
三月 23, 2014 4:23:31 下午 org.openqa.selenium.remote.RemoteWebDriver log
信息: Executing: getElementAttribute [910b6fb9-78a8-fe4b-95b2-d66edd6da9be, getElementAttribute {id={0e3d3c23-8fbb-2f48-9523-c37d4d50cff0}, name=multiple}]
三月 23, 2014 4:23:31 下午 org.openqa.selenium.remote.RemoteWebDriver log
信息: Executed: [910b6fb9-78a8-fe4b-95b2-d66edd6da9be, getElementAttribute {id={0e3d3c23-8fbb-2f48-9523-c37d4d50cff0}, name=multiple}]
三月 23, 2014 4:23:31 下午 org.openqa.selenium.testing.JUnit4TestBase$1 finished
信息: <<< Finished shouldIndicateThatASelectCanSupportMultipleOptionsWithTrueMultipleAttribute(org.openqa.selenium.support.ui.SelectElementTest)
三月 23, 2014 4:23:31 下午 org.openqa.selenium.testing.JUnit4TestBase$1 starting
信息: >>> Starting shouldNotAllowInvisibleOptionsToBeSelectedByVisibleText(org.openqa.selenium.support.ui.SelectElementTest)
三月 23, 2014 4:23:31 下午 org.openqa.selenium.remote.RemoteWebDriver log
信息: Executing: get [910b6fb9-78a8-fe4b-95b2-d66edd6da9be, get {url=http://localhost:6461/common/formPage.html}]
三月 23, 2014 4:23:31 下午 org.openqa.selenium.remote.RemoteWebDriver log
信息: Executed: [910b6fb9-78a8-fe4b-95b2-d66edd6da9be, get {url=http://localhost:6461/common/formPage.html}]
三月 23, 2014 4:23:31 下午 org.openqa.selenium.remote.RemoteWebDriver log
信息: Executing: findElement [910b6fb9-78a8-fe4b-95b2-d66edd6da9be, findElement {using=name, value=invisi_select}]
三月 23, 2014 4:23:31 下午 org.openqa.selenium.remote.RemoteWebDriver log
信息: Executed: [910b6fb9-78a8-fe4b-95b2-d66edd6da9be, findElement {using=name, value=invisi_select}]
三月 23, 2014 4:23:31 下午 org.openqa.selenium.testing.JUnit4TestBase$1 finished
信息: <<< Finished shouldNotAllowInvisibleOptionsToBeSelectedByVisibleText(org.openqa.selenium.support.ui.SelectElementTest)
三月 23, 2014 4:23:31 下午 org.openqa.selenium.testing.JUnit4TestBase$1 starting
信息: >>> Starting shouldReturnOptionWhichIsSelected(org.openqa.selenium.support.ui.SelectElementTest)
三月 23, 2014 4:23:31 下午 org.openqa.selenium.remote.RemoteWebDriver log
信息: Executing: get [910b6fb9-78a8-fe4b-95b2-d66edd6da9be, get {url=http://localhost:6461/common/formPage.html}]
三月 23, 2014 4:23:31 下午 org.openqa.selenium.remote.RemoteWebDriver log
信息: Executed: [910b6fb9-78a8-fe4b-95b2-d66edd6da9be, get {url=http://localhost:6461/common/formPage.html}]
三月 23, 2014 4:23:31 下午 org.openqa.selenium.remote.RemoteWebDriver log
信息: Executing: findElement [910b6fb9-78a8-fe4b-95b2-d66edd6da9be, findElement {using=name, value=selectomatic}]
三月 23, 2014 4:23:31 下午 org.openqa.selenium.remote.RemoteWebDriver log
信息: Executed: [910b6fb9-78a8-fe4b-95b2-d66edd6da9be, findElement {using=name, value=selectomatic}]
三月 23, 2014 4:23:31 下午 org.openqa.selenium.remote.RemoteWebDriver log
信息: Executing: getElementTagName [910b6fb9-78a8-fe4b-95b2-d66edd6da9be, getElementTagName {id={8501cfc1-8d59-3248-a7f9-6abc849ede4c}}]
三月 23, 2014 4:23:31 下午 org.openqa.selenium.remote.RemoteWebDriver log
信息: Executed: [910b6fb9-78a8-fe4b-95b2-d66edd6da9be, getElementTagName {id={8501cfc1-8d59-3248-a7f9-6abc849ede4c}}]
三月 23, 2014 4:23:31 下午 org.openqa.selenium.remote.RemoteWebDriver log
信息: Executing: getElementAttribute [910b6fb9-78a8-fe4b-95b2-d66edd6da9be, getElementAttribute {id={8501cfc1-8d59-3248-a7f9-6abc849ede4c}, name=multiple}]
三月 23, 2014 4:23:31 下午 org.openqa.selenium.remote.RemoteWebDriver log
信息: Executed: [910b6fb9-78a8-fe4b-95b2-d66edd6da9be, getElementAttribute {id={8501cfc1-8d59-3248-a7f9-6abc849ede4c}, name=multiple}]
三月 23, 2014 4:23:31 下午 org.openqa.selenium.remote.RemoteWebDriver log
信息: Executing: findChildElements [910b6fb9-78a8-fe4b-95b2-d66edd6da9be, findChildElements {id={8501cfc1-8d59-3248-a7f9-6abc849ede4c}, using=tag name, value=option}]
三月 23, 2014 4:23:31 下午 org.openqa.selenium.remote.RemoteWebDriver log
信息: Executed: [910b6fb9-78a8-fe4b-95b2-d66edd6da9be, findChildElements {id={8501cfc1-8d59-3248-a7f9-6abc849ede4c}, using=tag name, value=option}]
三月 23, 2014 4:23:31 下午 org.openqa.selenium.remote.RemoteWebDriver log
信息: Executing: isElementSelected [910b6fb9-78a8-fe4b-95b2-d66edd6da9be, isElementSelected {id={845caeaa-5603-2647-af87-ea939a168ede}}]
三月 23, 2014 4:23:31 下午 org.openqa.selenium.remote.RemoteWebDriver log
信息: Executed: [910b6fb9-78a8-fe4b-95b2-d66edd6da9be, isElementSelected {id={845caeaa-5603-2647-af87-ea939a168ede}}]
三月 23, 2014 4:23:31 下午 org.openqa.selenium.remote.RemoteWebDriver log
信息: Executing: isElementSelected [910b6fb9-78a8-fe4b-95b2-d66edd6da9be, isElementSelected {id={89c32e6e-9fb4-fd4a-9262-4ad7e40274cd}}]
三月 23, 2014 4:23:31 下午 org.openqa.selenium.remote.RemoteWebDriver log
信息: Executed: [910b6fb9-78a8-fe4b-95b2-d66edd6da9be, isElementSelected {id={89c32e6e-9fb4-fd4a-9262-4ad7e40274cd}}]
三月 23, 2014 4:23:31 下午 org.openqa.selenium.remote.RemoteWebDriver log
信息: Executing: isElementSelected [910b6fb9-78a8-fe4b-95b2-d66edd6da9be, isElementSelected {id={fdd8bfad-9afd-e34b-8cf3-c4058b9012c7}}]
三月 23, 2014 4:23:31 下午 org.openqa.selenium.remote.RemoteWebDriver log
信息: Executed: [910b6fb9-78a8-fe4b-95b2-d66edd6da9be, isElementSelected {id={fdd8bfad-9afd-e34b-8cf3-c4058b9012c7}}]
三月 23, 2014 4:23:31 下午 org.openqa.selenium.remote.RemoteWebDriver log
信息: Executing: isElementSelected [910b6fb9-78a8-fe4b-95b2-d66edd6da9be, isElementSelected {id={ebab76fd-0ac8-8d4a-8647-9344f06a54b2}}]
三月 23, 2014 4:23:31 下午 org.openqa.selenium.remote.RemoteWebDriver log
信息: Executed: [910b6fb9-78a8-fe4b-95b2-d66edd6da9be, isElementSelected {id={ebab76fd-0ac8-8d4a-8647-9344f06a54b2}}]
三月 23, 2014 4:23:31 下午 org.openqa.selenium.remote.RemoteWebDriver log
信息: Executing: getElementText [910b6fb9-78a8-fe4b-95b2-d66edd6da9be, getElementText {id={845caeaa-5603-2647-af87-ea939a168ede}}]
三月 23, 2014 4:23:31 下午 org.openqa.selenium.remote.RemoteWebDriver log
信息: Executed: [910b6fb9-78a8-fe4b-95b2-d66edd6da9be, getElementText {id={845caeaa-5603-2647-af87-ea939a168ede}}]
三月 23, 2014 4:23:31 下午 org.openqa.selenium.testing.JUnit4TestBase$1 finished
信息: <<< Finished shouldReturnOptionWhichIsSelected(org.openqa.selenium.support.ui.SelectElementTest)
三月 23, 2014 4:23:31 下午 org.openqa.selenium.testing.JUnit4TestBase$1 starting
信息: >>> Starting shouldThrowExceptionOnSelectByIndexIfOptionDoesNotExist(org.openqa.selenium.support.ui.SelectElementTest)
三月 23, 2014 4:23:31 下午 org.openqa.selenium.remote.RemoteWebDriver log
信息: Executing: get [910b6fb9-78a8-fe4b-95b2-d66edd6da9be, get {url=http://localhost:6461/common/formPage.html}]
三月 23, 2014 4:23:31 下午 org.openqa.selenium.remote.RemoteWebDriver log
信息: Executed: [910b6fb9-78a8-fe4b-95b2-d66edd6da9be, get {url=http://localhost:6461/common/formPage.html}]
三月 23, 2014 4:23:31 下午 org.openqa.selenium.remote.RemoteWebDriver log
信息: Executing: findElement [910b6fb9-78a8-fe4b-95b2-d66edd6da9be, findElement {using=name, value=select_empty_multiple}]
三月 23, 2014 4:23:31 下午 org.openqa.selenium.remote.RemoteWebDriver log
信息: Executed: [910b6fb9-78a8-fe4b-95b2-d66edd6da9be, findElement {using=name, value=select_empty_multiple}]
三月 23, 2014 4:23:31 下午 org.openqa.selenium.remote.RemoteWebDriver log
信息: Executing: getElementTagName [910b6fb9-78a8-fe4b-95b2-d66edd6da9be, getElementTagName {id={fe7e07d4-8f2c-0b44-aba0-2146eae3c9fd}}]
三月 23, 2014 4:23:31 下午 org.openqa.selenium.remote.RemoteWebDriver log
信息: Executed: [910b6fb9-78a8-fe4b-95b2-d66edd6da9be, getElementTagName {id={fe7e07d4-8f2c-0b44-aba0-2146eae3c9fd}}]
三月 23, 2014 4:23:31 下午 org.openqa.selenium.remote.RemoteWebDriver log
信息: Executing: getElementAttribute [910b6fb9-78a8-fe4b-95b2-d66edd6da9be, getElementAttribute {id={fe7e07d4-8f2c-0b44-aba0-2146eae3c9fd}, name=multiple}]
三月 23, 2014 4:23:31 下午 org.openqa.selenium.remote.RemoteWebDriver log
信息: Executed: [910b6fb9-78a8-fe4b-95b2-d66edd6da9be, getElementAttribute {id={fe7e07d4-8f2c-0b44-aba0-2146eae3c9fd}, name=multiple}]
三月 23, 2014 4:23:31 下午 org.openqa.selenium.remote.RemoteWebDriver log
信息: Executing: findChildElements [910b6fb9-78a8-fe4b-95b2-d66edd6da9be, findChildElements {id={fe7e07d4-8f2c-0b44-aba0-2146eae3c9fd}, using=tag name, value=option}]
三月 23, 2014 4:23:31 下午 org.openqa.selenium.remote.RemoteWebDriver log
信息: Executed: [910b6fb9-78a8-fe4b-95b2-d66edd6da9be, findChildElements {id={fe7e07d4-8f2c-0b44-aba0-2146eae3c9fd}, using=tag name, value=option}]
三月 23, 2014 4:23:31 下午 org.openqa.selenium.remote.RemoteWebDriver log
信息: Executing: getElementAttribute [910b6fb9-78a8-fe4b-95b2-d66edd6da9be, getElementAttribute {id={9baa68ea-a03b-d144-9f23-77f13088f204}, name=index}]
三月 23, 2014 4:23:31 下午 org.openqa.selenium.remote.RemoteWebDriver log
信息: Executed: [910b6fb9-78a8-fe4b-95b2-d66edd6da9be, getElementAttribute {id={9baa68ea-a03b-d144-9f23-77f13088f204}, name=index}]
三月 23, 2014 4:23:31 下午 org.openqa.selenium.remote.RemoteWebDriver log
信息: Executing: getElementAttribute [910b6fb9-78a8-fe4b-95b2-d66edd6da9be, getElementAttribute {id={ae65083a-ceb6-3648-b05a-caa5750a59e3}, name=index}]
三月 23, 2014 4:23:31 下午 org.openqa.selenium.remote.RemoteWebDriver log
信息: Executed: [910b6fb9-78a8-fe4b-95b2-d66edd6da9be, getElementAttribute {id={ae65083a-ceb6-3648-b05a-caa5750a59e3}, name=index}]
三月 23, 2014 4:23:31 下午 org.openqa.selenium.remote.RemoteWebDriver log
信息: Executing: getElementAttribute [910b6fb9-78a8-fe4b-95b2-d66edd6da9be, getElementAttribute {id={4ad63df2-1076-3b40-841a-6ef2322041b9}, name=index}]
三月 23, 2014 4:23:31 下午 org.openqa.selenium.remote.RemoteWebDriver log
信息: Executed: [910b6fb9-78a8-fe4b-95b2-d66edd6da9be, getElementAttribute {id={4ad63df2-1076-3b40-841a-6ef2322041b9}, name=index}]
三月 23, 2014 4:23:31 下午 org.openqa.selenium.remote.RemoteWebDriver log
信息: Executing: getElementAttribute [910b6fb9-78a8-fe4b-95b2-d66edd6da9be, getElementAttribute {id={a4984f37-23e4-5d41-b3c2-43e315ee7ae9}, name=index}]
三月 23, 2014 4:23:31 下午 org.openqa.selenium.remote.RemoteWebDriver log
信息: Executed: [910b6fb9-78a8-fe4b-95b2-d66edd6da9be, getElementAttribute {id={a4984f37-23e4-5d41-b3c2-43e315ee7ae9}, name=index}]
三月 23, 2014 4:23:31 下午 org.openqa.selenium.testing.JUnit4TestBase$1 finished
信息: <<< Finished shouldThrowExceptionOnSelectByIndexIfOptionDoesNotExist(org.openqa.selenium.support.ui.SelectElementTest)
三月 23, 2014 4:23:31 下午 org.openqa.selenium.testing.JUnit4TestBase$1 starting
信息: >>> Starting shouldNotAllowUserToDeselectAllWhenSelectDoesNotSupportMultipleSelections(org.openqa.selenium.support.ui.SelectElementTest)
三月 23, 2014 4:23:31 下午 org.openqa.selenium.remote.RemoteWebDriver log
信息: Executing: get [910b6fb9-78a8-fe4b-95b2-d66edd6da9be, get {url=http://localhost:6461/common/formPage.html}]
三月 23, 2014 4:23:31 下午 org.openqa.selenium.remote.RemoteWebDriver log
信息: Executed: [910b6fb9-78a8-fe4b-95b2-d66edd6da9be, get {url=http://localhost:6461/common/formPage.html}]
三月 23, 2014 4:23:31 下午 org.openqa.selenium.remote.RemoteWebDriver log
信息: Executing: findElement [910b6fb9-78a8-fe4b-95b2-d66edd6da9be, findElement {using=name, value=selectomatic}]
三月 23, 2014 4:23:31 下午 org.openqa.selenium.remote.RemoteWebDriver log
信息: Executed: [910b6fb9-78a8-fe4b-95b2-d66edd6da9be, findElement {using=name, value=selectomatic}]
三月 23, 2014 4:23:31 下午 org.openqa.selenium.remote.RemoteWebDriver log
信息: Executing: getElementTagName [910b6fb9-78a8-fe4b-95b2-d66edd6da9be, getElementTagName {id={1dd55a2a-9bf2-fa44-a780-d9e09e198882}}]
三月 23, 2014 4:23:31 下午 org.openqa.selenium.remote.RemoteWebDriver log
信息: Executed: [910b6fb9-78a8-fe4b-95b2-d66edd6da9be, getElementTagName {id={1dd55a2a-9bf2-fa44-a780-d9e09e198882}}]
三月 23, 2014 4:23:31 下午 org.openqa.selenium.remote.RemoteWebDriver log
信息: Executing: getElementAttribute [910b6fb9-78a8-fe4b-95b2-d66edd6da9be, getElementAttribute {id={1dd55a2a-9bf2-fa44-a780-d9e09e198882}, name=multiple}]
三月 23, 2014 4:23:31 下午 org.openqa.selenium.remote.RemoteWebDriver log
信息: Executed: [910b6fb9-78a8-fe4b-95b2-d66edd6da9be, getElementAttribute {id={1dd55a2a-9bf2-fa44-a780-d9e09e198882}, name=multiple}]
三月 23, 2014 4:23:31 下午 org.openqa.selenium.testing.JUnit4TestBase$1 finished
信息: <<< Finished shouldNotAllowUserToDeselectAllWhenSelectDoesNotSupportMultipleSelections(org.openqa.selenium.support.ui.SelectElementTest)
三月 23, 2014 4:23:31 下午 org.openqa.selenium.testing.JUnit4TestBase$1 starting
信息: >>> Starting shouldAllowOptionsToBeSelectedByReturnedValue(org.openqa.selenium.support.ui.SelectElementTest)
三月 23, 2014 4:23:31 下午 org.openqa.selenium.remote.RemoteWebDriver log
信息: Executing: get [910b6fb9-78a8-fe4b-95b2-d66edd6da9be, get {url=http://localhost:6461/common/formPage.html}]
三月 23, 2014 4:23:31 下午 org.openqa.selenium.remote.RemoteWebDriver log
信息: Executed: [910b6fb9-78a8-fe4b-95b2-d66edd6da9be, get {url=http://localhost:6461/common/formPage.html}]
三月 23, 2014 4:23:31 下午 org.openqa.selenium.remote.RemoteWebDriver log
信息: Executing: findElement [910b6fb9-78a8-fe4b-95b2-d66edd6da9be, findElement {using=name, value=select_empty_multiple}]
三月 23, 2014 4:23:31 下午 org.openqa.selenium.remote.RemoteWebDriver log
信息: Executed: [910b6fb9-78a8-fe4b-95b2-d66edd6da9be, findElement {using=name, value=select_empty_multiple}]
三月 23, 2014 4:23:31 下午 org.openqa.selenium.remote.RemoteWebDriver log
信息: Executing: getElementTagName [910b6fb9-78a8-fe4b-95b2-d66edd6da9be, getElementTagName {id={4f7efe70-cdbf-484e-9211-415720407dd3}}]
三月 23, 2014 4:23:31 下午 org.openqa.selenium.remote.RemoteWebDriver log
信息: Executed: [910b6fb9-78a8-fe4b-95b2-d66edd6da9be, getElementTagName {id={4f7efe70-cdbf-484e-9211-415720407dd3}}]
三月 23, 2014 4:23:31 下午 org.openqa.selenium.remote.RemoteWebDriver log
信息: Executing: getElementAttribute [910b6fb9-78a8-fe4b-95b2-d66edd6da9be, getElementAttribute {id={4f7efe70-cdbf-484e-9211-415720407dd3}, name=multiple}]
三月 23, 2014 4:23:31 下午 org.openqa.selenium.remote.RemoteWebDriver log
信息: Executed: [910b6fb9-78a8-fe4b-95b2-d66edd6da9be, getElementAttribute {id={4f7efe70-cdbf-484e-9211-415720407dd3}, name=multiple}]
三月 23, 2014 4:23:31 下午 org.openqa.selenium.remote.RemoteWebDriver log
信息: Executing: findChildElements [910b6fb9-78a8-fe4b-95b2-d66edd6da9be, findChildElements {id={4f7efe70-cdbf-484e-9211-415720407dd3}, using=xpath, value=.//option[@value = "select_2"]}]
三月 23, 2014 4:23:31 下午 org.openqa.selenium.remote.RemoteWebDriver log
信息: Executed: [910b6fb9-78a8-fe4b-95b2-d66edd6da9be, findChildElements {id={4f7efe70-cdbf-484e-9211-415720407dd3}, using=xpath, value=.//option[@value = "select_2"]}]
三月 23, 2014 4:23:31 下午 org.openqa.selenium.remote.RemoteWebDriver log
信息: Executing: isElementSelected [910b6fb9-78a8-fe4b-95b2-d66edd6da9be, isElementSelected {id={d283ef26-2fbe-dd4d-9e79-009718f678c8}}]
三月 23, 2014 4:23:31 下午 org.openqa.selenium.remote.RemoteWebDriver log
信息: Executed: [910b6fb9-78a8-fe4b-95b2-d66edd6da9be, isElementSelected {id={d283ef26-2fbe-dd4d-9e79-009718f678c8}}]
三月 23, 2014 4:23:31 下午 org.openqa.selenium.remote.RemoteWebDriver log
信息: Executing: clickElement [910b6fb9-78a8-fe4b-95b2-d66edd6da9be, clickElement {id={d283ef26-2fbe-dd4d-9e79-009718f678c8}}]
三月 23, 2014 4:23:31 下午 org.openqa.selenium.remote.RemoteWebDriver log
信息: Executed: [910b6fb9-78a8-fe4b-95b2-d66edd6da9be, clickElement {id={d283ef26-2fbe-dd4d-9e79-009718f678c8}}]
三月 23, 2014 4:23:31 下午 org.openqa.selenium.remote.RemoteWebDriver log
信息: Executing: findChildElements [910b6fb9-78a8-fe4b-95b2-d66edd6da9be, findChildElements {id={4f7efe70-cdbf-484e-9211-415720407dd3}, using=tag name, value=option}]
三月 23, 2014 4:23:31 下午 org.openqa.selenium.remote.RemoteWebDriver log
信息: Executed: [910b6fb9-78a8-fe4b-95b2-d66edd6da9be, findChildElements {id={4f7efe70-cdbf-484e-9211-415720407dd3}, using=tag name, value=option}]
三月 23, 2014 4:23:31 下午 org.openqa.selenium.remote.RemoteWebDriver log
信息: Executing: isElementSelected [910b6fb9-78a8-fe4b-95b2-d66edd6da9be, isElementSelected {id={cbfe5a4e-f235-db49-8e1b-8684c870b2e5}}]
三月 23, 2014 4:23:31 下午 org.openqa.selenium.remote.RemoteWebDriver log
信息: Executed: [910b6fb9-78a8-fe4b-95b2-d66edd6da9be, isElementSelected {id={cbfe5a4e-f235-db49-8e1b-8684c870b2e5}}]
三月 23, 2014 4:23:31 下午 org.openqa.selenium.remote.RemoteWebDriver log
信息: Executing: isElementSelected [910b6fb9-78a8-fe4b-95b2-d66edd6da9be, isElementSelected {id={d283ef26-2fbe-dd4d-9e79-009718f678c8}}]
三月 23, 2014 4:23:31 下午 org.openqa.selenium.remote.RemoteWebDriver log
信息: Executed: [910b6fb9-78a8-fe4b-95b2-d66edd6da9be, isElementSelected {id={d283ef26-2fbe-dd4d-9e79-009718f678c8}}]
三月 23, 2014 4:23:31 下午 org.openqa.selenium.remote.RemoteWebDriver log
信息: Executing: getElementText [910b6fb9-78a8-fe4b-95b2-d66edd6da9be, getElementText {id={d283ef26-2fbe-dd4d-9e79-009718f678c8}}]
三月 23, 2014 4:23:31 下午 org.openqa.selenium.remote.RemoteWebDriver log
信息: Executed: [910b6fb9-78a8-fe4b-95b2-d66edd6da9be, getElementText {id={d283ef26-2fbe-dd4d-9e79-009718f678c8}}]
三月 23, 2014 4:23:31 下午 org.openqa.selenium.testing.JUnit4TestBase$1 finished
信息: <<< Finished shouldAllowOptionsToBeSelectedByReturnedValue(org.openqa.selenium.support.ui.SelectElementTest)
三月 23, 2014 4:23:31 下午 org.openqa.selenium.testing.JUnit4TestBase$1 starting
信息: >>> Starting shouldAllowOptionsToBeSelectedByIndex(org.openqa.selenium.support.ui.SelectElementTest)
三月 23, 2014 4:23:31 下午 org.openqa.selenium.remote.RemoteWebDriver log
信息: Executing: get [910b6fb9-78a8-fe4b-95b2-d66edd6da9be, get {url=http://localhost:6461/common/formPage.html}]
三月 23, 2014 4:23:31 下午 org.openqa.selenium.remote.RemoteWebDriver log
信息: Executed: [910b6fb9-78a8-fe4b-95b2-d66edd6da9be, get {url=http://localhost:6461/common/formPage.html}]
三月 23, 2014 4:23:31 下午 org.openqa.selenium.remote.RemoteWebDriver log
信息: Executing: findElement [910b6fb9-78a8-fe4b-95b2-d66edd6da9be, findElement {using=name, value=select_empty_multiple}]
三月 23, 2014 4:23:32 下午 org.openqa.selenium.remote.RemoteWebDriver log
信息: Executed: [910b6fb9-78a8-fe4b-95b2-d66edd6da9be, findElement {using=name, value=select_empty_multiple}]
三月 23, 2014 4:23:32 下午 org.openqa.selenium.remote.RemoteWebDriver log
信息: Executing: getElementTagName [910b6fb9-78a8-fe4b-95b2-d66edd6da9be, getElementTagName {id={87155b1a-14d1-ba43-9c2a-6058ae7e6943}}]
三月 23, 2014 4:23:32 下午 org.openqa.selenium.remote.RemoteWebDriver log
信息: Executed: [910b6fb9-78a8-fe4b-95b2-d66edd6da9be, getElementTagName {id={87155b1a-14d1-ba43-9c2a-6058ae7e6943}}]
三月 23, 2014 4:23:32 下午 org.openqa.selenium.remote.RemoteWebDriver log
信息: Executing: getElementAttribute [910b6fb9-78a8-fe4b-95b2-d66edd6da9be, getElementAttribute {id={87155b1a-14d1-ba43-9c2a-6058ae7e6943}, name=multiple}]
三月 23, 2014 4:23:32 下午 org.openqa.selenium.remote.RemoteWebDriver log
信息: Executed: [910b6fb9-78a8-fe4b-95b2-d66edd6da9be, getElementAttribute {id={87155b1a-14d1-ba43-9c2a-6058ae7e6943}, name=multiple}]
三月 23, 2014 4:23:32 下午 org.openqa.selenium.remote.RemoteWebDriver log
信息: Executing: findChildElements [910b6fb9-78a8-fe4b-95b2-d66edd6da9be, findChildElements {id={87155b1a-14d1-ba43-9c2a-6058ae7e6943}, using=tag name, value=option}]
三月 23, 2014 4:23:32 下午 org.openqa.selenium.remote.RemoteWebDriver log
信息: Executed: [910b6fb9-78a8-fe4b-95b2-d66edd6da9be, findChildElements {id={87155b1a-14d1-ba43-9c2a-6058ae7e6943}, using=tag name, value=option}]
三月 23, 2014 4:23:32 下午 org.openqa.selenium.remote.RemoteWebDriver log
信息: Executing: getElementAttribute [910b6fb9-78a8-fe4b-95b2-d66edd6da9be, getElementAttribute {id={95b18e68-eec7-9c48-bae3-a6699d7d3272}, name=index}]
三月 23, 2014 4:23:32 下午 org.openqa.selenium.remote.RemoteWebDriver log
信息: Executed: [910b6fb9-78a8-fe4b-95b2-d66edd6da9be, getElementAttribute {id={95b18e68-eec7-9c48-bae3-a6699d7d3272}, name=index}]
三月 23, 2014 4:23:32 下午 org.openqa.selenium.remote.RemoteWebDriver log
信息: Executing: getElementAttribute [910b6fb9-78a8-fe4b-95b2-d66edd6da9be, getElementAttribute {id={081b07d4-1234-3d4c-861a-22c0d61487de}, name=index}]
三月 23, 2014 4:23:32 下午 org.openqa.selenium.remote.RemoteWebDriver log
信息: Executed: [910b6fb9-78a8-fe4b-95b2-d66edd6da9be, getElementAttribute {id={081b07d4-1234-3d4c-861a-22c0d61487de}, name=index}]
三月 23, 2014 4:23:32 下午 org.openqa.selenium.remote.RemoteWebDriver log
信息: Executing: isElementSelected [910b6fb9-78a8-fe4b-95b2-d66edd6da9be, isElementSelected {id={081b07d4-1234-3d4c-861a-22c0d61487de}}]
三月 23, 2014 4:23:32 下午 org.openqa.selenium.remote.RemoteWebDriver log
信息: Executed: [910b6fb9-78a8-fe4b-95b2-d66edd6da9be, isElementSelected {id={081b07d4-1234-3d4c-861a-22c0d61487de}}]
三月 23, 2014 4:23:32 下午 org.openqa.selenium.remote.RemoteWebDriver log
信息: Executing: clickElement [910b6fb9-78a8-fe4b-95b2-d66edd6da9be, clickElement {id={081b07d4-1234-3d4c-861a-22c0d61487de}}]
三月 23, 2014 4:23:32 下午 org.openqa.selenium.remote.RemoteWebDriver log
信息: Executed: [910b6fb9-78a8-fe4b-95b2-d66edd6da9be, clickElement {id={081b07d4-1234-3d4c-861a-22c0d61487de}}]
三月 23, 2014 4:23:32 下午 org.openqa.selenium.remote.RemoteWebDriver log
信息: Executing: getElementAttribute [910b6fb9-78a8-fe4b-95b2-d66edd6da9be, getElementAttribute {id={c0446109-24f0-0a4a-b5b2-daa08ac44b58}, name=index}]
三月 23, 2014 4:23:32 下午 org.openqa.selenium.remote.RemoteWebDriver log
信息: Executed: [910b6fb9-78a8-fe4b-95b2-d66edd6da9be, getElementAttribute {id={c0446109-24f0-0a4a-b5b2-daa08ac44b58}, name=index}]
三月 23, 2014 4:23:32 下午 org.openqa.selenium.remote.RemoteWebDriver log
信息: Executing: getElementAttribute [910b6fb9-78a8-fe4b-95b2-d66edd6da9be, getElementAttribute {id={da7effe3-3b79-664e-87ee-fd7e303a6bd8}, name=index}]
三月 23, 2014 4:23:32 下午 org.openqa.selenium.remote.RemoteWebDriver log
信息: Executed: [910b6fb9-78a8-fe4b-95b2-d66edd6da9be, getElementAttribute {id={da7effe3-3b79-664e-87ee-fd7e303a6bd8}, name=index}]
三月 23, 2014 4:23:32 下午 org.openqa.selenium.remote.RemoteWebDriver log
信息: Executing: findChildElements [910b6fb9-78a8-fe4b-95b2-d66edd6da9be, findChildElements {id={87155b1a-14d1-ba43-9c2a-6058ae7e6943}, using=tag name, value=option}]
三月 23, 2014 4:23:32 下午 org.openqa.selenium.remote.RemoteWebDriver log
信息: Executed: [910b6fb9-78a8-fe4b-95b2-d66edd6da9be, findChildElements {id={87155b1a-14d1-ba43-9c2a-6058ae7e6943}, using=tag name, value=option}]
三月 23, 2014 4:23:32 下午 org.openqa.selenium.remote.RemoteWebDriver log
信息: Executing: isElementSelected [910b6fb9-78a8-fe4b-95b2-d66edd6da9be, isElementSelected {id={95b18e68-eec7-9c48-bae3-a6699d7d3272}}]
三月 23, 2014 4:23:32 下午 org.openqa.selenium.remote.RemoteWebDriver log
信息: Executed: [910b6fb9-78a8-fe4b-95b2-d66edd6da9be, isElementSelected {id={95b18e68-eec7-9c48-bae3-a6699d7d3272}}]
三月 23, 2014 4:23:32 下午 org.openqa.selenium.remote.RemoteWebDriver log
信息: Executing: isElementSelected [910b6fb9-78a8-fe4b-95b2-d66edd6da9be, isElementSelected {id={081b07d4-1234-3d4c-861a-22c0d61487de}}]
三月 23, 2014 4:23:32 下午 org.openqa.selenium.remote.RemoteWebDriver log
信息: Executed: [910b6fb9-78a8-fe4b-95b2-d66edd6da9be, isElementSelected {id={081b07d4-1234-3d4c-861a-22c0d61487de}}]
三月 23, 2014 4:23:32 下午 org.openqa.selenium.remote.RemoteWebDriver log
信息: Executing: getElementText [910b6fb9-78a8-fe4b-95b2-d66edd6da9be, getElementText {id={081b07d4-1234-3d4c-861a-22c0d61487de}}]
三月 23, 2014 4:23:32 下午 org.openqa.selenium.remote.RemoteWebDriver log
信息: Executed: [910b6fb9-78a8-fe4b-95b2-d66edd6da9be, getElementText {id={081b07d4-1234-3d4c-861a-22c0d61487de}}]
三月 23, 2014 4:23:32 下午 org.openqa.selenium.testing.JUnit4TestBase$1 finished
信息: <<< Finished shouldAllowOptionsToBeSelectedByIndex(org.openqa.selenium.support.ui.SelectElementTest)
三月 23, 2014 4:23:32 下午 org.openqa.selenium.testing.JUnit4TestBase$1 starting
信息: >>> Starting shouldNotIndicateThatANormalSelectSupportsMulitpleOptions(org.openqa.selenium.support.ui.SelectElementTest)
三月 23, 2014 4:23:32 下午 org.openqa.selenium.remote.RemoteWebDriver log
信息: Executing: get [910b6fb9-78a8-fe4b-95b2-d66edd6da9be, get {url=http://localhost:6461/common/formPage.html}]
三月 23, 2014 4:23:32 下午 org.openqa.selenium.remote.RemoteWebDriver log
信息: Executed: [910b6fb9-78a8-fe4b-95b2-d66edd6da9be, get {url=http://localhost:6461/common/formPage.html}]
三月 23, 2014 4:23:32 下午 org.openqa.selenium.remote.RemoteWebDriver log
信息: Executing: findElement [910b6fb9-78a8-fe4b-95b2-d66edd6da9be, findElement {using=name, value=selectomatic}]
三月 23, 2014 4:23:32 下午 org.openqa.selenium.remote.RemoteWebDriver log
信息: Executed: [910b6fb9-78a8-fe4b-95b2-d66edd6da9be, findElement {using=name, value=selectomatic}]
三月 23, 2014 4:23:32 下午 org.openqa.selenium.remote.RemoteWebDriver log
信息: Executing: getElementTagName [910b6fb9-78a8-fe4b-95b2-d66edd6da9be, getElementTagName {id={368b038a-92f5-6f4d-941b-b6e3d7dcd6be}}]
三月 23, 2014 4:23:32 下午 org.openqa.selenium.remote.RemoteWebDriver log
信息: Executed: [910b6fb9-78a8-fe4b-95b2-d66edd6da9be, getElementTagName {id={368b038a-92f5-6f4d-941b-b6e3d7dcd6be}}]
三月 23, 2014 4:23:32 下午 org.openqa.selenium.remote.RemoteWebDriver log
信息: Executing: getElementAttribute [910b6fb9-78a8-fe4b-95b2-d66edd6da9be, getElementAttribute {id={368b038a-92f5-6f4d-941b-b6e3d7dcd6be}, name=multiple}]
三月 23, 2014 4:23:32 下午 org.openqa.selenium.remote.RemoteWebDriver log
信息: Executed: [910b6fb9-78a8-fe4b-95b2-d66edd6da9be, getElementAttribute {id={368b038a-92f5-6f4d-941b-b6e3d7dcd6be}, name=multiple}]
三月 23, 2014 4:23:32 下午 org.openqa.selenium.testing.JUnit4TestBase$1 finished
信息: <<< Finished shouldNotIndicateThatANormalSelectSupportsMulitpleOptions(org.openqa.selenium.support.ui.SelectElementTest)
三月 23, 2014 4:23:32 下午 org.openqa.selenium.testing.JUnit4TestBase$1 starting
信息: >>> Starting shouldAllowOptionsToBeDeselectedByIndex(org.openqa.selenium.support.ui.SelectElementTest)
三月 23, 2014 4:23:32 下午 org.openqa.selenium.remote.RemoteWebDriver log
信息: Executing: get [910b6fb9-78a8-fe4b-95b2-d66edd6da9be, get {url=http://localhost:6461/common/formPage.html}]
三月 23, 2014 4:23:32 下午 org.openqa.selenium.remote.RemoteWebDriver log
信息: Executed: [910b6fb9-78a8-fe4b-95b2-d66edd6da9be, get {url=http://localhost:6461/common/formPage.html}]
三月 23, 2014 4:23:32 下午 org.openqa.selenium.remote.RemoteWebDriver log
信息: Executing: findElement [910b6fb9-78a8-fe4b-95b2-d66edd6da9be, findElement {using=name, value=multi}]
三月 23, 2014 4:23:32 下午 org.openqa.selenium.remote.RemoteWebDriver log
信息: Executed: [910b6fb9-78a8-fe4b-95b2-d66edd6da9be, findElement {using=name, value=multi}]
三月 23, 2014 4:23:32 下午 org.openqa.selenium.remote.RemoteWebDriver log
信息: Executing: getElementTagName [910b6fb9-78a8-fe4b-95b2-d66edd6da9be, getElementTagName {id={8211c399-a5dc-694f-9b6c-4b18f5640f53}}]
三月 23, 2014 4:23:32 下午 org.openqa.selenium.remote.RemoteWebDriver log
信息: Executed: [910b6fb9-78a8-fe4b-95b2-d66edd6da9be, getElementTagName {id={8211c399-a5dc-694f-9b6c-4b18f5640f53}}]
三月 23, 2014 4:23:32 下午 org.openqa.selenium.remote.RemoteWebDriver log
信息: Executing: getElementAttribute [910b6fb9-78a8-fe4b-95b2-d66edd6da9be, getElementAttribute {id={8211c399-a5dc-694f-9b6c-4b18f5640f53}, name=multiple}]
三月 23, 2014 4:23:32 下午 org.openqa.selenium.remote.RemoteWebDriver log
信息: Executed: [910b6fb9-78a8-fe4b-95b2-d66edd6da9be, getElementAttribute {id={8211c399-a5dc-694f-9b6c-4b18f5640f53}, name=multiple}]
三月 23, 2014 4:23:32 下午 org.openqa.selenium.remote.RemoteWebDriver log
信息: Executing: findChildElements [910b6fb9-78a8-fe4b-95b2-d66edd6da9be, findChildElements {id={8211c399-a5dc-694f-9b6c-4b18f5640f53}, using=tag name, value=option}]
三月 23, 2014 4:23:32 下午 org.openqa.selenium.remote.RemoteWebDriver log
信息: Executed: [910b6fb9-78a8-fe4b-95b2-d66edd6da9be, findChildElements {id={8211c399-a5dc-694f-9b6c-4b18f5640f53}, using=tag name, value=option}]
三月 23, 2014 4:23:32 下午 org.openqa.selenium.remote.RemoteWebDriver log
信息: Executing: getElementAttribute [910b6fb9-78a8-fe4b-95b2-d66edd6da9be, getElementAttribute {id={053f3877-c197-c84d-8f21-1a45786fe8d0}, name=index}]
三月 23, 2014 4:23:32 下午 org.openqa.selenium.remote.RemoteWebDriver log
信息: Executed: [910b6fb9-78a8-fe4b-95b2-d66edd6da9be, getElementAttribute {id={053f3877-c197-c84d-8f21-1a45786fe8d0}, name=index}]
三月 23, 2014 4:23:32 下午 org.openqa.selenium.remote.RemoteWebDriver log
信息: Executing: isElementSelected [910b6fb9-78a8-fe4b-95b2-d66edd6da9be, isElementSelected {id={053f3877-c197-c84d-8f21-1a45786fe8d0}}]
三月 23, 2014 4:23:32 下午 org.openqa.selenium.remote.RemoteWebDriver log
信息: Executed: [910b6fb9-78a8-fe4b-95b2-d66edd6da9be, isElementSelected {id={053f3877-c197-c84d-8f21-1a45786fe8d0}}]
三月 23, 2014 4:23:32 下午 org.openqa.selenium.remote.RemoteWebDriver log
信息: Executing: clickElement [910b6fb9-78a8-fe4b-95b2-d66edd6da9be, clickElement {id={053f3877-c197-c84d-8f21-1a45786fe8d0}}]
三月 23, 2014 4:23:32 下午 org.openqa.selenium.remote.RemoteWebDriver log
信息: Executed: [910b6fb9-78a8-fe4b-95b2-d66edd6da9be, clickElement {id={053f3877-c197-c84d-8f21-1a45786fe8d0}}]
三月 23, 2014 4:23:32 下午 org.openqa.selenium.remote.RemoteWebDriver log
信息: Executing: getElementAttribute [910b6fb9-78a8-fe4b-95b2-d66edd6da9be, getElementAttribute {id={e1df562e-bcd2-9849-977c-945732083b1f}, name=index}]
三月 23, 2014 4:23:32 下午 org.openqa.selenium.remote.RemoteWebDriver log
信息: Executed: [910b6fb9-78a8-fe4b-95b2-d66edd6da9be, getElementAttribute {id={e1df562e-bcd2-9849-977c-945732083b1f}, name=index}]
三月 23, 2014 4:23:32 下午 org.openqa.selenium.remote.RemoteWebDriver log
信息: Executing: getElementAttribute [910b6fb9-78a8-fe4b-95b2-d66edd6da9be, getElementAttribute {id={b8a8699f-eb56-6945-baea-a58c9a6a8270}, name=index}]
三月 23, 2014 4:23:32 下午 org.openqa.selenium.remote.RemoteWebDriver log
信息: Executed: [910b6fb9-78a8-fe4b-95b2-d66edd6da9be, getElementAttribute {id={b8a8699f-eb56-6945-baea-a58c9a6a8270}, name=index}]
三月 23, 2014 4:23:32 下午 org.openqa.selenium.remote.RemoteWebDriver log
信息: Executing: getElementAttribute [910b6fb9-78a8-fe4b-95b2-d66edd6da9be, getElementAttribute {id={b8b1f049-ae2d-da49-857e-1b8d4427d62d}, name=index}]
三月 23, 2014 4:23:32 下午 org.openqa.selenium.remote.RemoteWebDriver log
信息: Executed: [910b6fb9-78a8-fe4b-95b2-d66edd6da9be, getElementAttribute {id={b8b1f049-ae2d-da49-857e-1b8d4427d62d}, name=index}]
三月 23, 2014 4:23:32 下午 org.openqa.selenium.remote.RemoteWebDriver log
信息: Executing: findChildElements [910b6fb9-78a8-fe4b-95b2-d66edd6da9be, findChildElements {id={8211c399-a5dc-694f-9b6c-4b18f5640f53}, using=tag name, value=option}]
三月 23, 2014 4:23:32 下午 org.openqa.selenium.remote.RemoteWebDriver log
信息: Executed: [910b6fb9-78a8-fe4b-95b2-d66edd6da9be, findChildElements {id={8211c399-a5dc-694f-9b6c-4b18f5640f53}, using=tag name, value=option}]
三月 23, 2014 4:23:32 下午 org.openqa.selenium.remote.RemoteWebDriver log
信息: Executing: isElementSelected [910b6fb9-78a8-fe4b-95b2-d66edd6da9be, isElementSelected {id={053f3877-c197-c84d-8f21-1a45786fe8d0}}]
三月 23, 2014 4:23:32 下午 org.openqa.selenium.remote.RemoteWebDriver log
信息: Executed: [910b6fb9-78a8-fe4b-95b2-d66edd6da9be, isElementSelected {id={053f3877-c197-c84d-8f21-1a45786fe8d0}}]
三月 23, 2014 4:23:32 下午 org.openqa.selenium.remote.RemoteWebDriver log
信息: Executing: isElementSelected [910b6fb9-78a8-fe4b-95b2-d66edd6da9be, isElementSelected {id={e1df562e-bcd2-9849-977c-945732083b1f}}]
三月 23, 2014 4:23:32 下午 org.openqa.selenium.remote.RemoteWebDriver log
信息: Executed: [910b6fb9-78a8-fe4b-95b2-d66edd6da9be, isElementSelected {id={e1df562e-bcd2-9849-977c-945732083b1f}}]
三月 23, 2014 4:23:32 下午 org.openqa.selenium.remote.RemoteWebDriver log
信息: Executing: isElementSelected [910b6fb9-78a8-fe4b-95b2-d66edd6da9be, isElementSelected {id={b8a8699f-eb56-6945-baea-a58c9a6a8270}}]
三月 23, 2014 4:23:32 下午 org.openqa.selenium.remote.RemoteWebDriver log
信息: Executed: [910b6fb9-78a8-fe4b-95b2-d66edd6da9be, isElementSelected {id={b8a8699f-eb56-6945-baea-a58c9a6a8270}}]
三月 23, 2014 4:23:32 下午 org.openqa.selenium.remote.RemoteWebDriver log
信息: Executing: isElementSelected [910b6fb9-78a8-fe4b-95b2-d66edd6da9be, isElementSelected {id={b8b1f049-ae2d-da49-857e-1b8d4427d62d}}]
三月 23, 2014 4:23:32 下午 org.openqa.selenium.remote.RemoteWebDriver log
信息: Executed: [910b6fb9-78a8-fe4b-95b2-d66edd6da9be, isElementSelected {id={b8b1f049-ae2d-da49-857e-1b8d4427d62d}}]
三月 23, 2014 4:23:32 下午 org.openqa.selenium.testing.JUnit4TestBase$1 finished
信息: <<< Finished shouldAllowOptionsToBeDeselectedByIndex(org.openqa.selenium.support.ui.SelectElementTest)
三月 23, 2014 4:23:32 下午 org.openqa.selenium.testing.JUnit4TestBase$1 starting
信息: >>> Starting shouldReturnOptionsWhichAreSelected(org.openqa.selenium.support.ui.SelectElementTest)
三月 23, 2014 4:23:32 下午 org.openqa.selenium.remote.RemoteWebDriver log
信息: Executing: get [910b6fb9-78a8-fe4b-95b2-d66edd6da9be, get {url=http://localhost:6461/common/formPage.html}]
三月 23, 2014 4:23:32 下午 org.openqa.selenium.remote.RemoteWebDriver log
信息: Executed: [910b6fb9-78a8-fe4b-95b2-d66edd6da9be, get {url=http://localhost:6461/common/formPage.html}]
三月 23, 2014 4:23:32 下午 org.openqa.selenium.remote.RemoteWebDriver log
信息: Executing: findElement [910b6fb9-78a8-fe4b-95b2-d66edd6da9be, findElement {using=name, value=multi}]
三月 23, 2014 4:23:32 下午 org.openqa.selenium.remote.RemoteWebDriver log
信息: Executed: [910b6fb9-78a8-fe4b-95b2-d66edd6da9be, findElement {using=name, value=multi}]
三月 23, 2014 4:23:32 下午 org.openqa.selenium.remote.RemoteWebDriver log
信息: Executing: getElementTagName [910b6fb9-78a8-fe4b-95b2-d66edd6da9be, getElementTagName {id={eec6a9b6-26b5-b649-99df-0d157ec60f84}}]
三月 23, 2014 4:23:32 下午 org.openqa.selenium.remote.RemoteWebDriver log
信息: Executed: [910b6fb9-78a8-fe4b-95b2-d66edd6da9be, getElementTagName {id={eec6a9b6-26b5-b649-99df-0d157ec60f84}}]
三月 23, 2014 4:23:32 下午 org.openqa.selenium.remote.RemoteWebDriver log
信息: Executing: getElementAttribute [910b6fb9-78a8-fe4b-95b2-d66edd6da9be, getElementAttribute {id={eec6a9b6-26b5-b649-99df-0d157ec60f84}, name=multiple}]
三月 23, 2014 4:23:32 下午 org.openqa.selenium.remote.RemoteWebDriver log
信息: Executed: [910b6fb9-78a8-fe4b-95b2-d66edd6da9be, getElementAttribute {id={eec6a9b6-26b5-b649-99df-0d157ec60f84}, name=multiple}]
三月 23, 2014 4:23:32 下午 org.openqa.selenium.remote.RemoteWebDriver log
信息: Executing: findChildElements [910b6fb9-78a8-fe4b-95b2-d66edd6da9be, findChildElements {id={eec6a9b6-26b5-b649-99df-0d157ec60f84}, using=tag name, value=option}]
三月 23, 2014 4:23:32 下午 org.openqa.selenium.remote.RemoteWebDriver log
信息: Executed: [910b6fb9-78a8-fe4b-95b2-d66edd6da9be, findChildElements {id={eec6a9b6-26b5-b649-99df-0d157ec60f84}, using=tag name, value=option}]
三月 23, 2014 4:23:32 下午 org.openqa.selenium.remote.RemoteWebDriver log
信息: Executing: isElementSelected [910b6fb9-78a8-fe4b-95b2-d66edd6da9be, isElementSelected {id={8da19171-a4b0-af46-957f-25a0f350961e}}]
三月 23, 2014 4:23:32 下午 org.openqa.selenium.remote.RemoteWebDriver log
信息: Executed: [910b6fb9-78a8-fe4b-95b2-d66edd6da9be, isElementSelected {id={8da19171-a4b0-af46-957f-25a0f350961e}}]
三月 23, 2014 4:23:32 下午 org.openqa.selenium.remote.RemoteWebDriver log
信息: Executing: isElementSelected [910b6fb9-78a8-fe4b-95b2-d66edd6da9be, isElementSelected {id={1f7e7661-4d24-6047-a9b5-174405231ea8}}]
三月 23, 2014 4:23:32 下午 org.openqa.selenium.remote.RemoteWebDriver log
信息: Executed: [910b6fb9-78a8-fe4b-95b2-d66edd6da9be, isElementSelected {id={1f7e7661-4d24-6047-a9b5-174405231ea8}}]
三月 23, 2014 4:23:32 下午 org.openqa.selenium.remote.RemoteWebDriver log
信息: Executing: isElementSelected [910b6fb9-78a8-fe4b-95b2-d66edd6da9be, isElementSelected {id={76e05bf6-d1f5-a54e-a131-d94149d88300}}]
三月 23, 2014 4:23:32 下午 org.openqa.selenium.remote.RemoteWebDriver log
信息: Executed: [910b6fb9-78a8-fe4b-95b2-d66edd6da9be, isElementSelected {id={76e05bf6-d1f5-a54e-a131-d94149d88300}}]
三月 23, 2014 4:23:32 下午 org.openqa.selenium.remote.RemoteWebDriver log
信息: Executing: isElementSelected [910b6fb9-78a8-fe4b-95b2-d66edd6da9be, isElementSelected {id={bba344c8-6690-eb49-b3a6-a9993cfe75b3}}]
三月 23, 2014 4:23:32 下午 org.openqa.selenium.remote.RemoteWebDriver log
信息: Executed: [910b6fb9-78a8-fe4b-95b2-d66edd6da9be, isElementSelected {id={bba344c8-6690-eb49-b3a6-a9993cfe75b3}}]
三月 23, 2014 4:23:32 下午 org.openqa.selenium.remote.RemoteWebDriver log
信息: Executing: getElementText [910b6fb9-78a8-fe4b-95b2-d66edd6da9be, getElementText {id={8da19171-a4b0-af46-957f-25a0f350961e}}]
三月 23, 2014 4:23:32 下午 org.openqa.selenium.remote.RemoteWebDriver log
信息: Executed: [910b6fb9-78a8-fe4b-95b2-d66edd6da9be, getElementText {id={8da19171-a4b0-af46-957f-25a0f350961e}}]
三月 23, 2014 4:23:32 下午 org.openqa.selenium.remote.RemoteWebDriver log
信息: Executing: getElementText [910b6fb9-78a8-fe4b-95b2-d66edd6da9be, getElementText {id={76e05bf6-d1f5-a54e-a131-d94149d88300}}]
三月 23, 2014 4:23:32 下午 org.openqa.selenium.remote.RemoteWebDriver log
信息: Executed: [910b6fb9-78a8-fe4b-95b2-d66edd6da9be, getElementText {id={76e05bf6-d1f5-a54e-a131-d94149d88300}}]
三月 23, 2014 4:23:32 下午 org.openqa.selenium.testing.JUnit4TestBase$1 finished
信息: <<< Finished shouldReturnOptionsWhichAreSelected(org.openqa.selenium.support.ui.SelectElementTest)
三月 23, 2014 4:23:32 下午 org.openqa.selenium.testing.JUnit4TestBase$1 starting
信息: >>> Starting shouldThrowExceptionOnSelectByReturnedValueIfOptionDoesNotExist(org.openqa.selenium.support.ui.SelectElementTest)
三月 23, 2014 4:23:32 下午 org.openqa.selenium.remote.RemoteWebDriver log
信息: Executing: get [910b6fb9-78a8-fe4b-95b2-d66edd6da9be, get {url=http://localhost:6461/common/formPage.html}]
三月 23, 2014 4:23:32 下午 org.openqa.selenium.remote.RemoteWebDriver log
信息: Executed: [910b6fb9-78a8-fe4b-95b2-d66edd6da9be, get {url=http://localhost:6461/common/formPage.html}]
三月 23, 2014 4:23:32 下午 org.openqa.selenium.remote.RemoteWebDriver log
信息: Executing: findElement [910b6fb9-78a8-fe4b-95b2-d66edd6da9be, findElement {using=name, value=select_empty_multiple}]
三月 23, 2014 4:23:32 下午 org.openqa.selenium.remote.RemoteWebDriver log
信息: Executed: [910b6fb9-78a8-fe4b-95b2-d66edd6da9be, findElement {using=name, value=select_empty_multiple}]
三月 23, 2014 4:23:32 下午 org.openqa.selenium.remote.RemoteWebDriver log
信息: Executing: getElementTagName [910b6fb9-78a8-fe4b-95b2-d66edd6da9be, getElementTagName {id={9bcac835-b681-fe42-af59-61a050b4059b}}]
三月 23, 2014 4:23:32 下午 org.openqa.selenium.remote.RemoteWebDriver log
信息: Executed: [910b6fb9-78a8-fe4b-95b2-d66edd6da9be, getElementTagName {id={9bcac835-b681-fe42-af59-61a050b4059b}}]
三月 23, 2014 4:23:32 下午 org.openqa.selenium.remote.RemoteWebDriver log
信息: Executing: getElementAttribute [910b6fb9-78a8-fe4b-95b2-d66edd6da9be, getElementAttribute {id={9bcac835-b681-fe42-af59-61a050b4059b}, name=multiple}]
三月 23, 2014 4:23:32 下午 org.openqa.selenium.remote.RemoteWebDriver log
信息: Executed: [910b6fb9-78a8-fe4b-95b2-d66edd6da9be, getElementAttribute {id={9bcac835-b681-fe42-af59-61a050b4059b}, name=multiple}]
三月 23, 2014 4:23:32 下午 org.openqa.selenium.remote.RemoteWebDriver log
信息: Executing: findChildElements [910b6fb9-78a8-fe4b-95b2-d66edd6da9be, findChildElements {id={9bcac835-b681-fe42-af59-61a050b4059b}, using=xpath, value=.//option[@value = "not there"]}]
三月 23, 2014 4:23:32 下午 org.openqa.selenium.remote.RemoteWebDriver log
信息: Executed: [910b6fb9-78a8-fe4b-95b2-d66edd6da9be, findChildElements {id={9bcac835-b681-fe42-af59-61a050b4059b}, using=xpath, value=.//option[@value = "not there"]}]
三月 23, 2014 4:23:32 下午 org.openqa.selenium.testing.JUnit4TestBase$1 finished
信息: <<< Finished shouldThrowExceptionOnSelectByReturnedValueIfOptionDoesNotExist(org.openqa.selenium.support.ui.SelectElementTest)
三月 23, 2014 4:23:32 下午 org.openqa.selenium.testing.JUnit4TestBase$1 starting
信息: >>> Starting shouldReturnAllOptionsWhenAsked(org.openqa.selenium.support.ui.SelectElementTest)
三月 23, 2014 4:23:32 下午 org.openqa.selenium.remote.RemoteWebDriver log
信息: Executing: get [910b6fb9-78a8-fe4b-95b2-d66edd6da9be, get {url=http://localhost:6461/common/formPage.html}]
三月 23, 2014 4:23:32 下午 org.openqa.selenium.remote.RemoteWebDriver log
信息: Executed: [910b6fb9-78a8-fe4b-95b2-d66edd6da9be, get {url=http://localhost:6461/common/formPage.html}]
三月 23, 2014 4:23:32 下午 org.openqa.selenium.remote.RemoteWebDriver log
信息: Executing: findElement [910b6fb9-78a8-fe4b-95b2-d66edd6da9be, findElement {using=name, value=selectomatic}]
三月 23, 2014 4:23:32 下午 org.openqa.selenium.remote.RemoteWebDriver log
信息: Executed: [910b6fb9-78a8-fe4b-95b2-d66edd6da9be, findElement {using=name, value=selectomatic}]
三月 23, 2014 4:23:32 下午 org.openqa.selenium.remote.RemoteWebDriver log
信息: Executing: getElementTagName [910b6fb9-78a8-fe4b-95b2-d66edd6da9be, getElementTagName {id={245a6bb2-5fbb-e943-824c-066afb1e761b}}]
三月 23, 2014 4:23:32 下午 org.openqa.selenium.remote.RemoteWebDriver log
信息: Executed: [910b6fb9-78a8-fe4b-95b2-d66edd6da9be, getElementTagName {id={245a6bb2-5fbb-e943-824c-066afb1e761b}}]
三月 23, 2014 4:23:32 下午 org.openqa.selenium.remote.RemoteWebDriver log
信息: Executing: getElementAttribute [910b6fb9-78a8-fe4b-95b2-d66edd6da9be, getElementAttribute {id={245a6bb2-5fbb-e943-824c-066afb1e761b}, name=multiple}]
三月 23, 2014 4:23:32 下午 org.openqa.selenium.remote.RemoteWebDriver log
信息: Executed: [910b6fb9-78a8-fe4b-95b2-d66edd6da9be, getElementAttribute {id={245a6bb2-5fbb-e943-824c-066afb1e761b}, name=multiple}]
三月 23, 2014 4:23:32 下午 org.openqa.selenium.remote.RemoteWebDriver log
信息: Executing: findChildElements [910b6fb9-78a8-fe4b-95b2-d66edd6da9be, findChildElements {id={245a6bb2-5fbb-e943-824c-066afb1e761b}, using=tag name, value=option}]
三月 23, 2014 4:23:32 下午 org.openqa.selenium.remote.RemoteWebDriver log
信息: Executed: [910b6fb9-78a8-fe4b-95b2-d66edd6da9be, findChildElements {id={245a6bb2-5fbb-e943-824c-066afb1e761b}, using=tag name, value=option}]
三月 23, 2014 4:23:32 下午 org.openqa.selenium.remote.RemoteWebDriver log
信息: Executing: getElementText [910b6fb9-78a8-fe4b-95b2-d66edd6da9be, getElementText {id={89d858dd-0c0f-6444-b3c3-644fa1abceb9}}]
三月 23, 2014 4:23:32 下午 org.openqa.selenium.remote.RemoteWebDriver log
信息: Executed: [910b6fb9-78a8-fe4b-95b2-d66edd6da9be, getElementText {id={89d858dd-0c0f-6444-b3c3-644fa1abceb9}}]
三月 23, 2014 4:23:32 下午 org.openqa.selenium.remote.RemoteWebDriver log
信息: Executing: getElementText [910b6fb9-78a8-fe4b-95b2-d66edd6da9be, getElementText {id={88af0c6e-8967-f04e-8320-7e5157e49574}}]
三月 23, 2014 4:23:32 下午 org.openqa.selenium.remote.RemoteWebDriver log
信息: Executed: [910b6fb9-78a8-fe4b-95b2-d66edd6da9be, getElementText {id={88af0c6e-8967-f04e-8320-7e5157e49574}}]
三月 23, 2014 4:23:32 下午 org.openqa.selenium.remote.RemoteWebDriver log
信息: Executing: getElementText [910b6fb9-78a8-fe4b-95b2-d66edd6da9be, getElementText {id={6b4664c5-fb69-a347-b7a3-c14af2d4d6f9}}]
三月 23, 2014 4:23:32 下午 org.openqa.selenium.remote.RemoteWebDriver log
信息: Executed: [910b6fb9-78a8-fe4b-95b2-d66edd6da9be, getElementText {id={6b4664c5-fb69-a347-b7a3-c14af2d4d6f9}}]
三月 23, 2014 4:23:32 下午 org.openqa.selenium.remote.RemoteWebDriver log
信息: Executing: getElementText [910b6fb9-78a8-fe4b-95b2-d66edd6da9be, getElementText {id={91cd3c0f-eb38-c843-8f84-bf6c04a9af44}}]
三月 23, 2014 4:23:32 下午 org.openqa.selenium.remote.RemoteWebDriver log
信息: Executed: [910b6fb9-78a8-fe4b-95b2-d66edd6da9be, getElementText {id={91cd3c0f-eb38-c843-8f84-bf6c04a9af44}}]
三月 23, 2014 4:23:32 下午 org.openqa.selenium.testing.JUnit4TestBase$1 finished
信息: <<< Finished shouldReturnAllOptionsWhenAsked(org.openqa.selenium.support.ui.SelectElementTest)
三月 23, 2014 4:23:32 下午 org.openqa.selenium.testing.JUnit4TestBase$1 starting
信息: >>> Starting shouldConvertAnUnquotedStringIntoOneWithQuotes(org.openqa.selenium.support.ui.SelectElementTest)
三月 23, 2014 4:23:32 下午 org.openqa.selenium.remote.RemoteWebDriver log
信息: Executing: get [910b6fb9-78a8-fe4b-95b2-d66edd6da9be, get {url=http://localhost:6461/common/formPage.html}]
三月 23, 2014 4:23:32 下午 org.openqa.selenium.remote.RemoteWebDriver log
信息: Executed: [910b6fb9-78a8-fe4b-95b2-d66edd6da9be, get {url=http://localhost:6461/common/formPage.html}]
三月 23, 2014 4:23:32 下午 org.openqa.selenium.remote.RemoteWebDriver log
信息: Executing: findElement [910b6fb9-78a8-fe4b-95b2-d66edd6da9be, findElement {using=name, value=multi}]
三月 23, 2014 4:23:32 下午 org.openqa.selenium.remote.RemoteWebDriver log
信息: Executed: [910b6fb9-78a8-fe4b-95b2-d66edd6da9be, findElement {using=name, value=multi}]
三月 23, 2014 4:23:32 下午 org.openqa.selenium.remote.RemoteWebDriver log
信息: Executing: getElementTagName [910b6fb9-78a8-fe4b-95b2-d66edd6da9be, getElementTagName {id={c057c0d1-b437-da41-a832-91166f7e17c9}}]
三月 23, 2014 4:23:32 下午 org.openqa.selenium.remote.RemoteWebDriver log
信息: Executed: [910b6fb9-78a8-fe4b-95b2-d66edd6da9be, getElementTagName {id={c057c0d1-b437-da41-a832-91166f7e17c9}}]
三月 23, 2014 4:23:32 下午 org.openqa.selenium.remote.RemoteWebDriver log
信息: Executing: getElementAttribute [910b6fb9-78a8-fe4b-95b2-d66edd6da9be, getElementAttribute {id={c057c0d1-b437-da41-a832-91166f7e17c9}, name=multiple}]
三月 23, 2014 4:23:32 下午 org.openqa.selenium.remote.RemoteWebDriver log
信息: Executed: [910b6fb9-78a8-fe4b-95b2-d66edd6da9be, getElementAttribute {id={c057c0d1-b437-da41-a832-91166f7e17c9}, name=multiple}]
三月 23, 2014 4:23:32 下午 org.openqa.selenium.testing.JUnit4TestBase$1 finished
信息: <<< Finished shouldConvertAnUnquotedStringIntoOneWithQuotes(org.openqa.selenium.support.ui.SelectElementTest)
三月 23, 2014 4:23:32 下午 org.openqa.selenium.testing.JUnit4TestBase$1 starting
信息: >>> Starting shouldIndicateThatASelectCanSupportMultipleOptions(org.openqa.selenium.support.ui.SelectElementTest)
三月 23, 2014 4:23:32 下午 org.openqa.selenium.remote.RemoteWebDriver log
信息: Executing: get [910b6fb9-78a8-fe4b-95b2-d66edd6da9be, get {url=http://localhost:6461/common/formPage.html}]
三月 23, 2014 4:23:33 下午 org.openqa.selenium.remote.RemoteWebDriver log
信息: Executed: [910b6fb9-78a8-fe4b-95b2-d66edd6da9be, get {url=http://localhost:6461/common/formPage.html}]
三月 23, 2014 4:23:33 下午 org.openqa.selenium.remote.RemoteWebDriver log
信息: Executing: findElement [910b6fb9-78a8-fe4b-95b2-d66edd6da9be, findElement {using=name, value=multi}]
三月 23, 2014 4:23:33 下午 org.openqa.selenium.remote.RemoteWebDriver log
信息: Executed: [910b6fb9-78a8-fe4b-95b2-d66edd6da9be, findElement {using=name, value=multi}]
三月 23, 2014 4:23:33 下午 org.openqa.selenium.remote.RemoteWebDriver log
信息: Executing: getElementTagName [910b6fb9-78a8-fe4b-95b2-d66edd6da9be, getElementTagName {id={5103271f-5322-844b-8c2d-f9d7651055f1}}]
三月 23, 2014 4:23:33 下午 org.openqa.selenium.remote.RemoteWebDriver log
信息: Executed: [910b6fb9-78a8-fe4b-95b2-d66edd6da9be, getElementTagName {id={5103271f-5322-844b-8c2d-f9d7651055f1}}]
三月 23, 2014 4:23:33 下午 org.openqa.selenium.remote.RemoteWebDriver log
信息: Executing: getElementAttribute [910b6fb9-78a8-fe4b-95b2-d66edd6da9be, getElementAttribute {id={5103271f-5322-844b-8c2d-f9d7651055f1}, name=multiple}]
三月 23, 2014 4:23:33 下午 org.openqa.selenium.remote.RemoteWebDriver log
信息: Executed: [910b6fb9-78a8-fe4b-95b2-d66edd6da9be, getElementAttribute {id={5103271f-5322-844b-8c2d-f9d7651055f1}, name=multiple}]
三月 23, 2014 4:23:33 下午 org.openqa.selenium.testing.JUnit4TestBase$1 finished
信息: <<< Finished shouldIndicateThatASelectCanSupportMultipleOptions(org.openqa.selenium.support.ui.SelectElementTest)
三月 23, 2014 4:23:33 下午 org.openqa.selenium.testing.JUnit4TestBase$1 starting
信息: >>> Starting shouldAllowUserToDeselectAllWhenSelectSupportsMultipleSelections(org.openqa.selenium.support.ui.SelectElementTest)
三月 23, 2014 4:23:33 下午 org.openqa.selenium.remote.RemoteWebDriver log
信息: Executing: get [910b6fb9-78a8-fe4b-95b2-d66edd6da9be, get {url=http://localhost:6461/common/formPage.html}]
三月 23, 2014 4:23:33 下午 org.openqa.selenium.remote.RemoteWebDriver log
信息: Executed: [910b6fb9-78a8-fe4b-95b2-d66edd6da9be, get {url=http://localhost:6461/common/formPage.html}]
三月 23, 2014 4:23:33 下午 org.openqa.selenium.remote.RemoteWebDriver log
信息: Executing: findElement [910b6fb9-78a8-fe4b-95b2-d66edd6da9be, findElement {using=name, value=multi}]
三月 23, 2014 4:23:33 下午 org.openqa.selenium.remote.RemoteWebDriver log
信息: Executed: [910b6fb9-78a8-fe4b-95b2-d66edd6da9be, findElement {using=name, value=multi}]
三月 23, 2014 4:23:33 下午 org.openqa.selenium.remote.RemoteWebDriver log
信息: Executing: getElementTagName [910b6fb9-78a8-fe4b-95b2-d66edd6da9be, getElementTagName {id={46902d9d-8146-d541-b810-a217c0d41331}}]
三月 23, 2014 4:23:33 下午 org.openqa.selenium.remote.RemoteWebDriver log
信息: Executed: [910b6fb9-78a8-fe4b-95b2-d66edd6da9be, getElementTagName {id={46902d9d-8146-d541-b810-a217c0d41331}}]
三月 23, 2014 4:23:33 下午 org.openqa.selenium.remote.RemoteWebDriver log
信息: Executing: getElementAttribute [910b6fb9-78a8-fe4b-95b2-d66edd6da9be, getElementAttribute {id={46902d9d-8146-d541-b810-a217c0d41331}, name=multiple}]
三月 23, 2014 4:23:33 下午 org.openqa.selenium.remote.RemoteWebDriver log
信息: Executed: [910b6fb9-78a8-fe4b-95b2-d66edd6da9be, getElementAttribute {id={46902d9d-8146-d541-b810-a217c0d41331}, name=multiple}]
三月 23, 2014 4:23:33 下午 org.openqa.selenium.remote.RemoteWebDriver log
信息: Executing: findChildElements [910b6fb9-78a8-fe4b-95b2-d66edd6da9be, findChildElements {id={46902d9d-8146-d541-b810-a217c0d41331}, using=tag name, value=option}]
三月 23, 2014 4:23:33 下午 org.openqa.selenium.remote.RemoteWebDriver log
信息: Executed: [910b6fb9-78a8-fe4b-95b2-d66edd6da9be, findChildElements {id={46902d9d-8146-d541-b810-a217c0d41331}, using=tag name, value=option}]
三月 23, 2014 4:23:33 下午 org.openqa.selenium.remote.RemoteWebDriver log
信息: Executing: isElementSelected [910b6fb9-78a8-fe4b-95b2-d66edd6da9be, isElementSelected {id={3fa32ae1-ae0d-0c48-a494-a43c90ff57b5}}]
三月 23, 2014 4:23:33 下午 org.openqa.selenium.remote.RemoteWebDriver log
信息: Executed: [910b6fb9-78a8-fe4b-95b2-d66edd6da9be, isElementSelected {id={3fa32ae1-ae0d-0c48-a494-a43c90ff57b5}}]
三月 23, 2014 4:23:33 下午 org.openqa.selenium.remote.RemoteWebDriver log
信息: Executing: clickElement [910b6fb9-78a8-fe4b-95b2-d66edd6da9be, clickElement {id={3fa32ae1-ae0d-0c48-a494-a43c90ff57b5}}]
三月 23, 2014 4:23:33 下午 org.openqa.selenium.remote.RemoteWebDriver log
信息: Executed: [910b6fb9-78a8-fe4b-95b2-d66edd6da9be, clickElement {id={3fa32ae1-ae0d-0c48-a494-a43c90ff57b5}}]
三月 23, 2014 4:23:33 下午 org.openqa.selenium.remote.RemoteWebDriver log
信息: Executing: isElementSelected [910b6fb9-78a8-fe4b-95b2-d66edd6da9be, isElementSelected {id={8967cadf-36db-0c43-b292-4ee1158b8a9e}}]
三月 23, 2014 4:23:33 下午 org.openqa.selenium.remote.RemoteWebDriver log
信息: Executed: [910b6fb9-78a8-fe4b-95b2-d66edd6da9be, isElementSelected {id={8967cadf-36db-0c43-b292-4ee1158b8a9e}}]
三月 23, 2014 4:23:33 下午 org.openqa.selenium.remote.RemoteWebDriver log
信息: Executing: isElementSelected [910b6fb9-78a8-fe4b-95b2-d66edd6da9be, isElementSelected {id={7920694d-737d-0340-98bc-607e7c2794d8}}]
三月 23, 2014 4:23:33 下午 org.openqa.selenium.remote.RemoteWebDriver log
信息: Executed: [910b6fb9-78a8-fe4b-95b2-d66edd6da9be, isElementSelected {id={7920694d-737d-0340-98bc-607e7c2794d8}}]
三月 23, 2014 4:23:33 下午 org.openqa.selenium.remote.RemoteWebDriver log
信息: Executing: clickElement [910b6fb9-78a8-fe4b-95b2-d66edd6da9be, clickElement {id={7920694d-737d-0340-98bc-607e7c2794d8}}]
三月 23, 2014 4:23:33 下午 org.openqa.selenium.remote.RemoteWebDriver log
信息: Executed: [910b6fb9-78a8-fe4b-95b2-d66edd6da9be, clickElement {id={7920694d-737d-0340-98bc-607e7c2794d8}}]
三月 23, 2014 4:23:33 下午 org.openqa.selenium.remote.RemoteWebDriver log
信息: Executing: isElementSelected [910b6fb9-78a8-fe4b-95b2-d66edd6da9be, isElementSelected {id={78cbc924-b629-d448-8256-3d5b38e1e81f}}]
三月 23, 2014 4:23:33 下午 org.openqa.selenium.remote.RemoteWebDriver log
信息: Executed: [910b6fb9-78a8-fe4b-95b2-d66edd6da9be, isElementSelected {id={78cbc924-b629-d448-8256-3d5b38e1e81f}}]
三月 23, 2014 4:23:33 下午 org.openqa.selenium.remote.RemoteWebDriver log
信息: Executing: findChildElements [910b6fb9-78a8-fe4b-95b2-d66edd6da9be, findChildElements {id={46902d9d-8146-d541-b810-a217c0d41331}, using=tag name, value=option}]
三月 23, 2014 4:23:33 下午 org.openqa.selenium.remote.RemoteWebDriver log
信息: Executed: [910b6fb9-78a8-fe4b-95b2-d66edd6da9be, findChildElements {id={46902d9d-8146-d541-b810-a217c0d41331}, using=tag name, value=option}]
三月 23, 2014 4:23:33 下午 org.openqa.selenium.remote.RemoteWebDriver log
信息: Executing: isElementSelected [910b6fb9-78a8-fe4b-95b2-d66edd6da9be, isElementSelected {id={3fa32ae1-ae0d-0c48-a494-a43c90ff57b5}}]
三月 23, 2014 4:23:33 下午 org.openqa.selenium.remote.RemoteWebDriver log
信息: Executed: [910b6fb9-78a8-fe4b-95b2-d66edd6da9be, isElementSelected {id={3fa32ae1-ae0d-0c48-a494-a43c90ff57b5}}]
三月 23, 2014 4:23:33 下午 org.openqa.selenium.remote.RemoteWebDriver log
信息: Executing: isElementSelected [910b6fb9-78a8-fe4b-95b2-d66edd6da9be, isElementSelected {id={8967cadf-36db-0c43-b292-4ee1158b8a9e}}]
三月 23, 2014 4:23:33 下午 org.openqa.selenium.remote.RemoteWebDriver log
信息: Executed: [910b6fb9-78a8-fe4b-95b2-d66edd6da9be, isElementSelected {id={8967cadf-36db-0c43-b292-4ee1158b8a9e}}]
三月 23, 2014 4:23:33 下午 org.openqa.selenium.remote.RemoteWebDriver log
信息: Executing: isElementSelected [910b6fb9-78a8-fe4b-95b2-d66edd6da9be, isElementSelected {id={7920694d-737d-0340-98bc-607e7c2794d8}}]
三月 23, 2014 4:23:33 下午 org.openqa.selenium.remote.RemoteWebDriver log
信息: Executed: [910b6fb9-78a8-fe4b-95b2-d66edd6da9be, isElementSelected {id={7920694d-737d-0340-98bc-607e7c2794d8}}]
三月 23, 2014 4:23:33 下午 org.openqa.selenium.remote.RemoteWebDriver log
信息: Executing: isElementSelected [910b6fb9-78a8-fe4b-95b2-d66edd6da9be, isElementSelected {id={78cbc924-b629-d448-8256-3d5b38e1e81f}}]
三月 23, 2014 4:23:33 下午 org.openqa.selenium.remote.RemoteWebDriver log
信息: Executed: [910b6fb9-78a8-fe4b-95b2-d66edd6da9be, isElementSelected {id={78cbc924-b629-d448-8256-3d5b38e1e81f}}]
三月 23, 2014 4:23:33 下午 org.openqa.selenium.testing.JUnit4TestBase$1 finished
信息: <<< Finished shouldAllowUserToDeselectAllWhenSelectSupportsMultipleSelections(org.openqa.selenium.support.ui.SelectElementTest)
三月 23, 2014 4:23:33 下午 org.openqa.selenium.testing.JUnit4TestBase$1 starting
信息: >>> Starting shouldAllowUserToDeselectOptionsByVisibleText(org.openqa.selenium.support.ui.SelectElementTest)
三月 23, 2014 4:23:33 下午 org.openqa.selenium.remote.RemoteWebDriver log
信息: Executing: get [910b6fb9-78a8-fe4b-95b2-d66edd6da9be, get {url=http://localhost:6461/common/formPage.html}]
三月 23, 2014 4:23:33 下午 org.openqa.selenium.remote.RemoteWebDriver log
信息: Executed: [910b6fb9-78a8-fe4b-95b2-d66edd6da9be, get {url=http://localhost:6461/common/formPage.html}]
三月 23, 2014 4:23:33 下午 org.openqa.selenium.remote.RemoteWebDriver log
信息: Executing: findElement [910b6fb9-78a8-fe4b-95b2-d66edd6da9be, findElement {using=name, value=multi}]
三月 23, 2014 4:23:33 下午 org.openqa.selenium.remote.RemoteWebDriver log
信息: Executed: [910b6fb9-78a8-fe4b-95b2-d66edd6da9be, findElement {using=name, value=multi}]
三月 23, 2014 4:23:33 下午 org.openqa.selenium.remote.RemoteWebDriver log
信息: Executing: getElementTagName [910b6fb9-78a8-fe4b-95b2-d66edd6da9be, getElementTagName {id={21a123b2-a155-fa45-88a9-35ad29921566}}]
三月 23, 2014 4:23:33 下午 org.openqa.selenium.remote.RemoteWebDriver log
信息: Executed: [910b6fb9-78a8-fe4b-95b2-d66edd6da9be, getElementTagName {id={21a123b2-a155-fa45-88a9-35ad29921566}}]
三月 23, 2014 4:23:33 下午 org.openqa.selenium.remote.RemoteWebDriver log
信息: Executing: getElementAttribute [910b6fb9-78a8-fe4b-95b2-d66edd6da9be, getElementAttribute {id={21a123b2-a155-fa45-88a9-35ad29921566}, name=multiple}]
三月 23, 2014 4:23:33 下午 org.openqa.selenium.remote.RemoteWebDriver log
信息: Executed: [910b6fb9-78a8-fe4b-95b2-d66edd6da9be, getElementAttribute {id={21a123b2-a155-fa45-88a9-35ad29921566}, name=multiple}]
三月 23, 2014 4:23:33 下午 org.openqa.selenium.remote.RemoteWebDriver log
信息: Executing: findChildElements [910b6fb9-78a8-fe4b-95b2-d66edd6da9be, findChildElements {id={21a123b2-a155-fa45-88a9-35ad29921566}, using=xpath, value=.//option[normalize-space(.) = "Eggs"]}]
三月 23, 2014 4:23:33 下午 org.openqa.selenium.remote.RemoteWebDriver log
信息: Executed: [910b6fb9-78a8-fe4b-95b2-d66edd6da9be, findChildElements {id={21a123b2-a155-fa45-88a9-35ad29921566}, using=xpath, value=.//option[normalize-space(.) = "Eggs"]}]
三月 23, 2014 4:23:33 下午 org.openqa.selenium.remote.RemoteWebDriver log
信息: Executing: isElementSelected [910b6fb9-78a8-fe4b-95b2-d66edd6da9be, isElementSelected {id={987b5512-6976-ea46-a28f-5f446c3fb941}}]
三月 23, 2014 4:23:33 下午 org.openqa.selenium.remote.RemoteWebDriver log
信息: Executed: [910b6fb9-78a8-fe4b-95b2-d66edd6da9be, isElementSelected {id={987b5512-6976-ea46-a28f-5f446c3fb941}}]
三月 23, 2014 4:23:33 下午 org.openqa.selenium.remote.RemoteWebDriver log
信息: Executing: clickElement [910b6fb9-78a8-fe4b-95b2-d66edd6da9be, clickElement {id={987b5512-6976-ea46-a28f-5f446c3fb941}}]
三月 23, 2014 4:23:33 下午 org.openqa.selenium.remote.RemoteWebDriver log
信息: Executed: [910b6fb9-78a8-fe4b-95b2-d66edd6da9be, clickElement {id={987b5512-6976-ea46-a28f-5f446c3fb941}}]
三月 23, 2014 4:23:33 下午 org.openqa.selenium.remote.RemoteWebDriver log
信息: Executing: findChildElements [910b6fb9-78a8-fe4b-95b2-d66edd6da9be, findChildElements {id={21a123b2-a155-fa45-88a9-35ad29921566}, using=tag name, value=option}]
三月 23, 2014 4:23:33 下午 org.openqa.selenium.remote.RemoteWebDriver log
信息: Executed: [910b6fb9-78a8-fe4b-95b2-d66edd6da9be, findChildElements {id={21a123b2-a155-fa45-88a9-35ad29921566}, using=tag name, value=option}]
三月 23, 2014 4:23:33 下午 org.openqa.selenium.remote.RemoteWebDriver log
信息: Executing: isElementSelected [910b6fb9-78a8-fe4b-95b2-d66edd6da9be, isElementSelected {id={987b5512-6976-ea46-a28f-5f446c3fb941}}]
三月 23, 2014 4:23:33 下午 org.openqa.selenium.remote.RemoteWebDriver log
信息: Executed: [910b6fb9-78a8-fe4b-95b2-d66edd6da9be, isElementSelected {id={987b5512-6976-ea46-a28f-5f446c3fb941}}]
三月 23, 2014 4:23:33 下午 org.openqa.selenium.remote.RemoteWebDriver log
信息: Executing: isElementSelected [910b6fb9-78a8-fe4b-95b2-d66edd6da9be, isElementSelected {id={50f0eb92-5e73-ef44-9ea4-4e8042487924}}]
三月 23, 2014 4:23:33 下午 org.openqa.selenium.remote.RemoteWebDriver log
信息: Executed: [910b6fb9-78a8-fe4b-95b2-d66edd6da9be, isElementSelected {id={50f0eb92-5e73-ef44-9ea4-4e8042487924}}]
三月 23, 2014 4:23:33 下午 org.openqa.selenium.remote.RemoteWebDriver log
信息: Executing: isElementSelected [910b6fb9-78a8-fe4b-95b2-d66edd6da9be, isElementSelected {id={a2790ff0-b87a-3146-99f6-668c6b57095d}}]
三月 23, 2014 4:23:33 下午 org.openqa.selenium.remote.RemoteWebDriver log
信息: Executed: [910b6fb9-78a8-fe4b-95b2-d66edd6da9be, isElementSelected {id={a2790ff0-b87a-3146-99f6-668c6b57095d}}]
三月 23, 2014 4:23:33 下午 org.openqa.selenium.remote.RemoteWebDriver log
信息: Executing: isElementSelected [910b6fb9-78a8-fe4b-95b2-d66edd6da9be, isElementSelected {id={b01bd709-8fe7-0e44-a37e-a19927eeb6ea}}]
三月 23, 2014 4:23:33 下午 org.openqa.selenium.remote.RemoteWebDriver log
信息: Executed: [910b6fb9-78a8-fe4b-95b2-d66edd6da9be, isElementSelected {id={b01bd709-8fe7-0e44-a37e-a19927eeb6ea}}]
三月 23, 2014 4:23:33 下午 org.openqa.selenium.testing.JUnit4TestBase$1 finished
信息: <<< Finished shouldAllowUserToDeselectOptionsByVisibleText(org.openqa.selenium.support.ui.SelectElementTest)
三月 23, 2014 4:23:33 下午 org.openqa.selenium.testing.JUnit4TestBase$1 starting
信息: >>> Starting shouldAllowOptionsToBeDeselectedByReturnedValue(org.openqa.selenium.support.ui.SelectElementTest)
三月 23, 2014 4:23:33 下午 org.openqa.selenium.remote.RemoteWebDriver log
信息: Executing: get [910b6fb9-78a8-fe4b-95b2-d66edd6da9be, get {url=http://localhost:6461/common/formPage.html}]
三月 23, 2014 4:23:33 下午 org.openqa.selenium.remote.RemoteWebDriver log
信息: Executed: [910b6fb9-78a8-fe4b-95b2-d66edd6da9be, get {url=http://localhost:6461/common/formPage.html}]
三月 23, 2014 4:23:33 下午 org.openqa.selenium.remote.RemoteWebDriver log
信息: Executing: findElement [910b6fb9-78a8-fe4b-95b2-d66edd6da9be, findElement {using=name, value=multi}]
三月 23, 2014 4:23:33 下午 org.openqa.selenium.remote.RemoteWebDriver log
信息: Executed: [910b6fb9-78a8-fe4b-95b2-d66edd6da9be, findElement {using=name, value=multi}]
三月 23, 2014 4:23:33 下午 org.openqa.selenium.remote.RemoteWebDriver log
信息: Executing: getElementTagName [910b6fb9-78a8-fe4b-95b2-d66edd6da9be, getElementTagName {id={90d351fd-27cd-5f4c-9dd9-f7481f3c82c0}}]
三月 23, 2014 4:23:33 下午 org.openqa.selenium.remote.RemoteWebDriver log
信息: Executed: [910b6fb9-78a8-fe4b-95b2-d66edd6da9be, getElementTagName {id={90d351fd-27cd-5f4c-9dd9-f7481f3c82c0}}]
三月 23, 2014 4:23:33 下午 org.openqa.selenium.remote.RemoteWebDriver log
信息: Executing: getElementAttribute [910b6fb9-78a8-fe4b-95b2-d66edd6da9be, getElementAttribute {id={90d351fd-27cd-5f4c-9dd9-f7481f3c82c0}, name=multiple}]
三月 23, 2014 4:23:33 下午 org.openqa.selenium.remote.RemoteWebDriver log
信息: Executed: [910b6fb9-78a8-fe4b-95b2-d66edd6da9be, getElementAttribute {id={90d351fd-27cd-5f4c-9dd9-f7481f3c82c0}, name=multiple}]
三月 23, 2014 4:23:33 下午 org.openqa.selenium.remote.RemoteWebDriver log
信息: Executing: findChildElements [910b6fb9-78a8-fe4b-95b2-d66edd6da9be, findChildElements {id={90d351fd-27cd-5f4c-9dd9-f7481f3c82c0}, using=xpath, value=.//option[@value = "eggs"]}]
三月 23, 2014 4:23:33 下午 org.openqa.selenium.remote.RemoteWebDriver log
信息: Executed: [910b6fb9-78a8-fe4b-95b2-d66edd6da9be, findChildElements {id={90d351fd-27cd-5f4c-9dd9-f7481f3c82c0}, using=xpath, value=.//option[@value = "eggs"]}]
三月 23, 2014 4:23:33 下午 org.openqa.selenium.remote.RemoteWebDriver log
信息: Executing: isElementSelected [910b6fb9-78a8-fe4b-95b2-d66edd6da9be, isElementSelected {id={66598a1d-4c2e-a045-843e-c24436eae762}}]
三月 23, 2014 4:23:33 下午 org.openqa.selenium.remote.RemoteWebDriver log
信息: Executed: [910b6fb9-78a8-fe4b-95b2-d66edd6da9be, isElementSelected {id={66598a1d-4c2e-a045-843e-c24436eae762}}]
三月 23, 2014 4:23:33 下午 org.openqa.selenium.remote.RemoteWebDriver log
信息: Executing: clickElement [910b6fb9-78a8-fe4b-95b2-d66edd6da9be, clickElement {id={66598a1d-4c2e-a045-843e-c24436eae762}}]
三月 23, 2014 4:23:33 下午 org.openqa.selenium.remote.RemoteWebDriver log
信息: Executed: [910b6fb9-78a8-fe4b-95b2-d66edd6da9be, clickElement {id={66598a1d-4c2e-a045-843e-c24436eae762}}]
三月 23, 2014 4:23:33 下午 org.openqa.selenium.remote.RemoteWebDriver log
信息: Executing: findChildElements [910b6fb9-78a8-fe4b-95b2-d66edd6da9be, findChildElements {id={90d351fd-27cd-5f4c-9dd9-f7481f3c82c0}, using=tag name, value=option}]
三月 23, 2014 4:23:33 下午 org.openqa.selenium.remote.RemoteWebDriver log
信息: Executed: [910b6fb9-78a8-fe4b-95b2-d66edd6da9be, findChildElements {id={90d351fd-27cd-5f4c-9dd9-f7481f3c82c0}, using=tag name, value=option}]
三月 23, 2014 4:23:33 下午 org.openqa.selenium.remote.RemoteWebDriver log
信息: Executing: isElementSelected [910b6fb9-78a8-fe4b-95b2-d66edd6da9be, isElementSelected {id={66598a1d-4c2e-a045-843e-c24436eae762}}]
三月 23, 2014 4:23:33 下午 org.openqa.selenium.remote.RemoteWebDriver log
信息: Executed: [910b6fb9-78a8-fe4b-95b2-d66edd6da9be, isElementSelected {id={66598a1d-4c2e-a045-843e-c24436eae762}}]
三月 23, 2014 4:23:33 下午 org.openqa.selenium.remote.RemoteWebDriver log
信息: Executing: isElementSelected [910b6fb9-78a8-fe4b-95b2-d66edd6da9be, isElementSelected {id={7817ee72-fb02-094f-bfbe-07e7a997d8ca}}]
三月 23, 2014 4:23:33 下午 org.openqa.selenium.remote.RemoteWebDriver log
信息: Executed: [910b6fb9-78a8-fe4b-95b2-d66edd6da9be, isElementSelected {id={7817ee72-fb02-094f-bfbe-07e7a997d8ca}}]
三月 23, 2014 4:23:33 下午 org.openqa.selenium.remote.RemoteWebDriver log
信息: Executing: isElementSelected [910b6fb9-78a8-fe4b-95b2-d66edd6da9be, isElementSelected {id={df5145cd-ba51-4d4a-9e30-3e992181b2de}}]
三月 23, 2014 4:23:33 下午 org.openqa.selenium.remote.RemoteWebDriver log
信息: Executed: [910b6fb9-78a8-fe4b-95b2-d66edd6da9be, isElementSelected {id={df5145cd-ba51-4d4a-9e30-3e992181b2de}}]
三月 23, 2014 4:23:33 下午 org.openqa.selenium.remote.RemoteWebDriver log
信息: Executing: isElementSelected [910b6fb9-78a8-fe4b-95b2-d66edd6da9be, isElementSelected {id={8ac68937-0138-8242-8c90-385a6c701a69}}]
三月 23, 2014 4:23:33 下午 org.openqa.selenium.remote.RemoteWebDriver log
信息: Executed: [910b6fb9-78a8-fe4b-95b2-d66edd6da9be, isElementSelected {id={8ac68937-0138-8242-8c90-385a6c701a69}}]
三月 23, 2014 4:23:33 下午 org.openqa.selenium.testing.JUnit4TestBase$1 finished
信息: <<< Finished shouldAllowOptionsToBeDeselectedByReturnedValue(org.openqa.selenium.support.ui.SelectElementTest)
三月 23, 2014 4:23:33 下午 org.openqa.selenium.testing.JUnit4TestBase$1 starting
信息: >>> Starting shouldNotAllowUserToDeselectOptionsByInvisibleText(org.openqa.selenium.support.ui.SelectElementTest)
三月 23, 2014 4:23:33 下午 org.openqa.selenium.remote.RemoteWebDriver log
信息: Executing: get [910b6fb9-78a8-fe4b-95b2-d66edd6da9be, get {url=http://localhost:6461/common/formPage.html}]
三月 23, 2014 4:23:33 下午 org.openqa.selenium.remote.RemoteWebDriver log
信息: Executed: [910b6fb9-78a8-fe4b-95b2-d66edd6da9be, get {url=http://localhost:6461/common/formPage.html}]
三月 23, 2014 4:23:33 下午 org.openqa.selenium.remote.RemoteWebDriver log
信息: Executing: findElement [910b6fb9-78a8-fe4b-95b2-d66edd6da9be, findElement {using=name, value=invisi_select}]
三月 23, 2014 4:23:33 下午 org.openqa.selenium.remote.RemoteWebDriver log
信息: Executed: [910b6fb9-78a8-fe4b-95b2-d66edd6da9be, findElement {using=name, value=invisi_select}]
三月 23, 2014 4:23:33 下午 org.openqa.selenium.testing.JUnit4TestBase$1 finished
信息: <<< Finished shouldNotAllowUserToDeselectOptionsByInvisibleText(org.openqa.selenium.support.ui.SelectElementTest)
三月 23, 2014 4:23:33 下午 org.openqa.selenium.testing.JUnit4TestBase$1 starting
信息: >>> Starting shouldThrowExceptionOnSelectByVisibleTextIfOptionDoesNotExist(org.openqa.selenium.support.ui.SelectElementTest)
三月 23, 2014 4:23:33 下午 org.openqa.selenium.remote.RemoteWebDriver log
信息: Executing: get [910b6fb9-78a8-fe4b-95b2-d66edd6da9be, get {url=http://localhost:6461/common/formPage.html}]
三月 23, 2014 4:23:33 下午 org.openqa.selenium.remote.RemoteWebDriver log
信息: Executed: [910b6fb9-78a8-fe4b-95b2-d66edd6da9be, get {url=http://localhost:6461/common/formPage.html}]
三月 23, 2014 4:23:33 下午 org.openqa.selenium.remote.RemoteWebDriver log
信息: Executing: findElement [910b6fb9-78a8-fe4b-95b2-d66edd6da9be, findElement {using=name, value=select_empty_multiple}]
三月 23, 2014 4:23:33 下午 org.openqa.selenium.remote.RemoteWebDriver log
信息: Executed: [910b6fb9-78a8-fe4b-95b2-d66edd6da9be, findElement {using=name, value=select_empty_multiple}]
三月 23, 2014 4:23:33 下午 org.openqa.selenium.remote.RemoteWebDriver log
信息: Executing: getElementTagName [910b6fb9-78a8-fe4b-95b2-d66edd6da9be, getElementTagName {id={a76f14c5-ed45-5346-aefc-c7c71f7d5481}}]
三月 23, 2014 4:23:33 下午 org.openqa.selenium.remote.RemoteWebDriver log
信息: Executed: [910b6fb9-78a8-fe4b-95b2-d66edd6da9be, getElementTagName {id={a76f14c5-ed45-5346-aefc-c7c71f7d5481}}]
三月 23, 2014 4:23:33 下午 org.openqa.selenium.remote.RemoteWebDriver log
信息: Executing: getElementAttribute [910b6fb9-78a8-fe4b-95b2-d66edd6da9be, getElementAttribute {id={a76f14c5-ed45-5346-aefc-c7c71f7d5481}, name=multiple}]
三月 23, 2014 4:23:33 下午 org.openqa.selenium.remote.RemoteWebDriver log
信息: Executed: [910b6fb9-78a8-fe4b-95b2-d66edd6da9be, getElementAttribute {id={a76f14c5-ed45-5346-aefc-c7c71f7d5481}, name=multiple}]
三月 23, 2014 4:23:33 下午 org.openqa.selenium.remote.RemoteWebDriver log
信息: Executing: findChildElements [910b6fb9-78a8-fe4b-95b2-d66edd6da9be, findChildElements {id={a76f14c5-ed45-5346-aefc-c7c71f7d5481}, using=xpath, value=.//option[normalize-space(.) = "not there"]}]
三月 23, 2014 4:23:33 下午 org.openqa.selenium.remote.RemoteWebDriver log
信息: Executed: [910b6fb9-78a8-fe4b-95b2-d66edd6da9be, findChildElements {id={a76f14c5-ed45-5346-aefc-c7c71f7d5481}, using=xpath, value=.//option[normalize-space(.) = "not there"]}]
三月 23, 2014 4:23:33 下午 org.openqa.selenium.remote.RemoteWebDriver log
信息: Executing: findChildElements [910b6fb9-78a8-fe4b-95b2-d66edd6da9be, findChildElements {id={a76f14c5-ed45-5346-aefc-c7c71f7d5481}, using=xpath, value=.//option[contains(., "there")]}]
三月 23, 2014 4:23:33 下午 org.openqa.selenium.remote.RemoteWebDriver log
信息: Executed: [910b6fb9-78a8-fe4b-95b2-d66edd6da9be, findChildElements {id={a76f14c5-ed45-5346-aefc-c7c71f7d5481}, using=xpath, value=.//option[contains(., "there")]}]
三月 23, 2014 4:23:33 下午 org.openqa.selenium.testing.JUnit4TestBase$1 finished
信息: <<< Finished shouldThrowExceptionOnSelectByVisibleTextIfOptionDoesNotExist(org.openqa.selenium.support.ui.SelectElementTest)
三月 23, 2014 4:23:33 下午 org.openqa.selenium.testing.JUnit4TestBase$1 starting
信息: >>> Starting shouldIndicateThatASelectCanSupportMultipleOptionsWithEmptyMultipleAttribute(org.openqa.selenium.support.ui.SelectElementTest)
三月 23, 2014 4:23:33 下午 org.openqa.selenium.remote.RemoteWebDriver log
信息: Executing: get [910b6fb9-78a8-fe4b-95b2-d66edd6da9be, get {url=http://localhost:6461/common/formPage.html}]
三月 23, 2014 4:23:34 下午 org.openqa.selenium.remote.RemoteWebDriver log
信息: Executed: [910b6fb9-78a8-fe4b-95b2-d66edd6da9be, get {url=http://localhost:6461/common/formPage.html}]
三月 23, 2014 4:23:34 下午 org.openqa.selenium.remote.RemoteWebDriver log
信息: Executing: findElement [910b6fb9-78a8-fe4b-95b2-d66edd6da9be, findElement {using=name, value=select_empty_multiple}]
三月 23, 2014 4:23:34 下午 org.openqa.selenium.remote.RemoteWebDriver log
信息: Executed: [910b6fb9-78a8-fe4b-95b2-d66edd6da9be, findElement {using=name, value=select_empty_multiple}]
三月 23, 2014 4:23:34 下午 org.openqa.selenium.remote.RemoteWebDriver log
信息: Executing: getElementTagName [910b6fb9-78a8-fe4b-95b2-d66edd6da9be, getElementTagName {id={d754d475-5134-5645-99d1-4dfb23c73bb4}}]
三月 23, 2014 4:23:34 下午 org.openqa.selenium.remote.RemoteWebDriver log
信息: Executed: [910b6fb9-78a8-fe4b-95b2-d66edd6da9be, getElementTagName {id={d754d475-5134-5645-99d1-4dfb23c73bb4}}]
三月 23, 2014 4:23:34 下午 org.openqa.selenium.remote.RemoteWebDriver log
信息: Executing: getElementAttribute [910b6fb9-78a8-fe4b-95b2-d66edd6da9be, getElementAttribute {id={d754d475-5134-5645-99d1-4dfb23c73bb4}, name=multiple}]
三月 23, 2014 4:23:34 下午 org.openqa.selenium.remote.RemoteWebDriver log
信息: Executed: [910b6fb9-78a8-fe4b-95b2-d66edd6da9be, getElementAttribute {id={d754d475-5134-5645-99d1-4dfb23c73bb4}, name=multiple}]
三月 23, 2014 4:23:34 下午 org.openqa.selenium.testing.JUnit4TestBase$1 finished
信息: <<< Finished shouldIndicateThatASelectCanSupportMultipleOptionsWithEmptyMultipleAttribute(org.openqa.selenium.support.ui.SelectElementTest)
三月 23, 2014 4:23:34 下午 org.openqa.selenium.testing.JUnit4TestBase$1 starting
信息: >>> Starting shouldThrowAnExceptionIfTheElementIsNotASelectElement(org.openqa.selenium.support.ui.SelectElementTest)
三月 23, 2014 4:23:34 下午 org.openqa.selenium.remote.RemoteWebDriver log
信息: Executing: get [910b6fb9-78a8-fe4b-95b2-d66edd6da9be, get {url=http://localhost:6461/common/formPage.html}]
三月 23, 2014 4:23:34 下午 org.openqa.selenium.remote.RemoteWebDriver log
信息: Executed: [910b6fb9-78a8-fe4b-95b2-d66edd6da9be, get {url=http://localhost:6461/common/formPage.html}]
三月 23, 2014 4:23:34 下午 org.openqa.selenium.remote.RemoteWebDriver log
信息: Executing: findElement [910b6fb9-78a8-fe4b-95b2-d66edd6da9be, findElement {using=name, value=checky}]
三月 23, 2014 4:23:34 下午 org.openqa.selenium.remote.RemoteWebDriver log
信息: Executed: [910b6fb9-78a8-fe4b-95b2-d66edd6da9be, findElement {using=name, value=checky}]
三月 23, 2014 4:23:34 下午 org.openqa.selenium.remote.RemoteWebDriver log
信息: Executing: getElementTagName [910b6fb9-78a8-fe4b-95b2-d66edd6da9be, getElementTagName {id={d0b38978-8d0d-084b-8ead-f805d7a1dea7}}]
三月 23, 2014 4:23:34 下午 org.openqa.selenium.remote.RemoteWebDriver log
信息: Executed: [910b6fb9-78a8-fe4b-95b2-d66edd6da9be, getElementTagName {id={d0b38978-8d0d-084b-8ead-f805d7a1dea7}}]
三月 23, 2014 4:23:34 下午 org.openqa.selenium.testing.JUnit4TestBase$1 finished
信息: <<< Finished shouldThrowAnExceptionIfTheElementIsNotASelectElement(org.openqa.selenium.support.ui.SelectElementTest)
三月 23, 2014 4:23:34 下午 org.openqa.selenium.testing.JUnit4TestBase$1 starting
信息: >>> Starting shouldProvideConcatenatedStringsWhenStringEndsWithQuote(org.openqa.selenium.support.ui.SelectElementTest)
三月 23, 2014 4:23:34 下午 org.openqa.selenium.remote.RemoteWebDriver log
信息: Executing: get [910b6fb9-78a8-fe4b-95b2-d66edd6da9be, get {url=http://localhost:6461/common/formPage.html}]
三月 23, 2014 4:23:34 下午 org.openqa.selenium.remote.RemoteWebDriver log
信息: Executed: [910b6fb9-78a8-fe4b-95b2-d66edd6da9be, get {url=http://localhost:6461/common/formPage.html}]
三月 23, 2014 4:23:34 下午 org.openqa.selenium.remote.RemoteWebDriver log
信息: Executing: findElement [910b6fb9-78a8-fe4b-95b2-d66edd6da9be, findElement {using=name, value=multi}]
三月 23, 2014 4:23:34 下午 org.openqa.selenium.remote.RemoteWebDriver log
信息: Executed: [910b6fb9-78a8-fe4b-95b2-d66edd6da9be, findElement {using=name, value=multi}]
三月 23, 2014 4:23:34 下午 org.openqa.selenium.remote.RemoteWebDriver log
信息: Executing: getElementTagName [910b6fb9-78a8-fe4b-95b2-d66edd6da9be, getElementTagName {id={139aee09-89e6-0541-a8bd-ea5d0516666d}}]
三月 23, 2014 4:23:34 下午 org.openqa.selenium.remote.RemoteWebDriver log
信息: Executed: [910b6fb9-78a8-fe4b-95b2-d66edd6da9be, getElementTagName {id={139aee09-89e6-0541-a8bd-ea5d0516666d}}]
三月 23, 2014 4:23:34 下午 org.openqa.selenium.remote.RemoteWebDriver log
信息: Executing: getElementAttribute [910b6fb9-78a8-fe4b-95b2-d66edd6da9be, getElementAttribute {id={139aee09-89e6-0541-a8bd-ea5d0516666d}, name=multiple}]
三月 23, 2014 4:23:34 下午 org.openqa.selenium.remote.RemoteWebDriver log
信息: Executed: [910b6fb9-78a8-fe4b-95b2-d66edd6da9be, getElementAttribute {id={139aee09-89e6-0541-a8bd-ea5d0516666d}, name=multiple}]
三月 23, 2014 4:23:34 下午 org.openqa.selenium.testing.JUnit4TestBase$1 finished
信息: <<< Finished shouldProvideConcatenatedStringsWhenStringEndsWithQuote(org.openqa.selenium.support.ui.SelectElementTest)
三月 23, 2014 4:23:34 下午 org.openqa.selenium.testing.JUnit4TestBase$1 starting
信息: >>> Starting shouldConvertAStringWithATickIntoOneWithQuotes(org.openqa.selenium.support.ui.SelectElementTest)
三月 23, 2014 4:23:34 下午 org.openqa.selenium.remote.RemoteWebDriver log
信息: Executing: get [910b6fb9-78a8-fe4b-95b2-d66edd6da9be, get {url=http://localhost:6461/common/formPage.html}]
三月 23, 2014 4:23:34 下午 org.openqa.selenium.remote.RemoteWebDriver log
信息: Executed: [910b6fb9-78a8-fe4b-95b2-d66edd6da9be, get {url=http://localhost:6461/common/formPage.html}]
三月 23, 2014 4:23:34 下午 org.openqa.selenium.remote.RemoteWebDriver log
信息: Executing: findElement [910b6fb9-78a8-fe4b-95b2-d66edd6da9be, findElement {using=name, value=multi}]
三月 23, 2014 4:23:34 下午 org.openqa.selenium.remote.RemoteWebDriver log
信息: Executed: [910b6fb9-78a8-fe4b-95b2-d66edd6da9be, findElement {using=name, value=multi}]
三月 23, 2014 4:23:34 下午 org.openqa.selenium.remote.RemoteWebDriver log
信息: Executing: getElementTagName [910b6fb9-78a8-fe4b-95b2-d66edd6da9be, getElementTagName {id={fcf4baa0-ce77-d14e-8fdd-47d38846162f}}]
三月 23, 2014 4:23:34 下午 org.openqa.selenium.remote.RemoteWebDriver log
信息: Executed: [910b6fb9-78a8-fe4b-95b2-d66edd6da9be, getElementTagName {id={fcf4baa0-ce77-d14e-8fdd-47d38846162f}}]
三月 23, 2014 4:23:34 下午 org.openqa.selenium.remote.RemoteWebDriver log
信息: Executing: getElementAttribute [910b6fb9-78a8-fe4b-95b2-d66edd6da9be, getElementAttribute {id={fcf4baa0-ce77-d14e-8fdd-47d38846162f}, name=multiple}]
三月 23, 2014 4:23:34 下午 org.openqa.selenium.remote.RemoteWebDriver log
信息: Executed: [910b6fb9-78a8-fe4b-95b2-d66edd6da9be, getElementAttribute {id={fcf4baa0-ce77-d14e-8fdd-47d38846162f}, name=multiple}]
三月 23, 2014 4:23:34 下午 org.openqa.selenium.testing.JUnit4TestBase$1 finished
信息: <<< Finished shouldConvertAStringWithATickIntoOneWithQuotes(org.openqa.selenium.support.ui.SelectElementTest)
三月 23, 2014 4:23:34 下午 org.openqa.selenium.testing.JUnit4TestBase$1 starting
信息: >>> Starting shouldProvideConcatenatedStringsWhenStringToEscapeContainsTicksAndQuotes(org.openqa.selenium.support.ui.SelectElementTest)
三月 23, 2014 4:23:34 下午 org.openqa.selenium.remote.RemoteWebDriver log
信息: Executing: get [910b6fb9-78a8-fe4b-95b2-d66edd6da9be, get {url=http://localhost:6461/common/formPage.html}]
三月 23, 2014 4:23:34 下午 org.openqa.selenium.remote.RemoteWebDriver log
信息: Executed: [910b6fb9-78a8-fe4b-95b2-d66edd6da9be, get {url=http://localhost:6461/common/formPage.html}]
三月 23, 2014 4:23:34 下午 org.openqa.selenium.remote.RemoteWebDriver log
信息: Executing: findElement [910b6fb9-78a8-fe4b-95b2-d66edd6da9be, findElement {using=name, value=multi}]
三月 23, 2014 4:23:34 下午 org.openqa.selenium.remote.RemoteWebDriver log
信息: Executed: [910b6fb9-78a8-fe4b-95b2-d66edd6da9be, findElement {using=name, value=multi}]
三月 23, 2014 4:23:34 下午 org.openqa.selenium.remote.RemoteWebDriver log
信息: Executing: getElementTagName [910b6fb9-78a8-fe4b-95b2-d66edd6da9be, getElementTagName {id={7e5dd967-ffe0-f748-9c48-c58fd7b79506}}]
三月 23, 2014 4:23:34 下午 org.openqa.selenium.remote.RemoteWebDriver log
信息: Executed: [910b6fb9-78a8-fe4b-95b2-d66edd6da9be, getElementTagName {id={7e5dd967-ffe0-f748-9c48-c58fd7b79506}}]
三月 23, 2014 4:23:34 下午 org.openqa.selenium.remote.RemoteWebDriver log
信息: Executing: getElementAttribute [910b6fb9-78a8-fe4b-95b2-d66edd6da9be, getElementAttribute {id={7e5dd967-ffe0-f748-9c48-c58fd7b79506}, name=multiple}]
三月 23, 2014 4:23:34 下午 org.openqa.selenium.remote.RemoteWebDriver log
信息: Executed: [910b6fb9-78a8-fe4b-95b2-d66edd6da9be, getElementAttribute {id={7e5dd967-ffe0-f748-9c48-c58fd7b79506}, name=multiple}]
三月 23, 2014 4:23:34 下午 org.openqa.selenium.testing.JUnit4TestBase$1 finished
信息: <<< Finished shouldProvideConcatenatedStringsWhenStringToEscapeContainsTicksAndQuotes(org.openqa.selenium.support.ui.SelectElementTest)
三月 23, 2014 4:23:34 下午 org.openqa.selenium.testing.JUnit4TestBase$1 starting
信息: >>> Starting shouldIndicateThatASelectCanSupportMultipleOptionsWithFalseMultipleAttribute(org.openqa.selenium.support.ui.SelectElementTest)
三月 23, 2014 4:23:34 下午 org.openqa.selenium.remote.RemoteWebDriver log
信息: Executing: get [910b6fb9-78a8-fe4b-95b2-d66edd6da9be, get {url=http://localhost:6461/common/formPage.html}]
三月 23, 2014 4:23:34 下午 org.openqa.selenium.remote.RemoteWebDriver log
信息: Executed: [910b6fb9-78a8-fe4b-95b2-d66edd6da9be, get {url=http://localhost:6461/common/formPage.html}]
三月 23, 2014 4:23:34 下午 org.openqa.selenium.remote.RemoteWebDriver log
信息: Executing: findElement [910b6fb9-78a8-fe4b-95b2-d66edd6da9be, findElement {using=name, value=multi_false}]
三月 23, 2014 4:23:34 下午 org.openqa.selenium.remote.RemoteWebDriver log
信息: Executed: [910b6fb9-78a8-fe4b-95b2-d66edd6da9be, findElement {using=name, value=multi_false}]
三月 23, 2014 4:23:34 下午 org.openqa.selenium.remote.RemoteWebDriver log
信息: Executing: getElementTagName [910b6fb9-78a8-fe4b-95b2-d66edd6da9be, getElementTagName {id={06cbdda5-4427-554f-b668-77082e486669}}]
三月 23, 2014 4:23:34 下午 org.openqa.selenium.remote.RemoteWebDriver log
信息: Executed: [910b6fb9-78a8-fe4b-95b2-d66edd6da9be, getElementTagName {id={06cbdda5-4427-554f-b668-77082e486669}}]
三月 23, 2014 4:23:34 下午 org.openqa.selenium.remote.RemoteWebDriver log
信息: Executing: getElementAttribute [910b6fb9-78a8-fe4b-95b2-d66edd6da9be, getElementAttribute {id={06cbdda5-4427-554f-b668-77082e486669}, name=multiple}]
三月 23, 2014 4:23:34 下午 org.openqa.selenium.remote.RemoteWebDriver log
信息: Executed: [910b6fb9-78a8-fe4b-95b2-d66edd6da9be, getElementAttribute {id={06cbdda5-4427-554f-b668-77082e486669}, name=multiple}]
三月 23, 2014 4:23:34 下午 org.openqa.selenium.testing.JUnit4TestBase$1 finished
信息: <<< Finished shouldIndicateThatASelectCanSupportMultipleOptionsWithFalseMultipleAttribute(org.openqa.selenium.support.ui.SelectElementTest)
三月 23, 2014 4:23:34 下午 org.openqa.selenium.testing.JUnit4TestBase$1 starting
信息: >>> Starting shouldThrowANoSuchElementExceptionIfNothingIsSelected(org.openqa.selenium.support.ui.SelectElementTest)
三月 23, 2014 4:23:34 下午 org.openqa.selenium.remote.RemoteWebDriver log
信息: Executing: get [910b6fb9-78a8-fe4b-95b2-d66edd6da9be, get {url=http://localhost:6461/common/formPage.html}]
三月 23, 2014 4:23:34 下午 org.openqa.selenium.remote.RemoteWebDriver log
信息: Executed: [910b6fb9-78a8-fe4b-95b2-d66edd6da9be, get {url=http://localhost:6461/common/formPage.html}]
三月 23, 2014 4:23:34 下午 org.openqa.selenium.remote.RemoteWebDriver log
信息: Executing: findElement [910b6fb9-78a8-fe4b-95b2-d66edd6da9be, findElement {using=name, value=select_empty_multiple}]
三月 23, 2014 4:23:34 下午 org.openqa.selenium.remote.RemoteWebDriver log
信息: Executed: [910b6fb9-78a8-fe4b-95b2-d66edd6da9be, findElement {using=name, value=select_empty_multiple}]
三月 23, 2014 4:23:34 下午 org.openqa.selenium.remote.RemoteWebDriver log
信息: Executing: getElementTagName [910b6fb9-78a8-fe4b-95b2-d66edd6da9be, getElementTagName {id={ab872bf3-5121-5e47-9953-9d0a6237dcf5}}]
三月 23, 2014 4:23:34 下午 org.openqa.selenium.remote.RemoteWebDriver log
信息: Executed: [910b6fb9-78a8-fe4b-95b2-d66edd6da9be, getElementTagName {id={ab872bf3-5121-5e47-9953-9d0a6237dcf5}}]
三月 23, 2014 4:23:34 下午 org.openqa.selenium.remote.RemoteWebDriver log
信息: Executing: getElementAttribute [910b6fb9-78a8-fe4b-95b2-d66edd6da9be, getElementAttribute {id={ab872bf3-5121-5e47-9953-9d0a6237dcf5}, name=multiple}]
三月 23, 2014 4:23:34 下午 org.openqa.selenium.remote.RemoteWebDriver log
信息: Executed: [910b6fb9-78a8-fe4b-95b2-d66edd6da9be, getElementAttribute {id={ab872bf3-5121-5e47-9953-9d0a6237dcf5}, name=multiple}]
三月 23, 2014 4:23:34 下午 org.openqa.selenium.remote.RemoteWebDriver log
信息: Executing: findChildElements [910b6fb9-78a8-fe4b-95b2-d66edd6da9be, findChildElements {id={ab872bf3-5121-5e47-9953-9d0a6237dcf5}, using=tag name, value=option}]
三月 23, 2014 4:23:34 下午 org.openqa.selenium.remote.RemoteWebDriver log
信息: Executed: [910b6fb9-78a8-fe4b-95b2-d66edd6da9be, findChildElements {id={ab872bf3-5121-5e47-9953-9d0a6237dcf5}, using=tag name, value=option}]
三月 23, 2014 4:23:34 下午 org.openqa.selenium.remote.RemoteWebDriver log
信息: Executing: isElementSelected [910b6fb9-78a8-fe4b-95b2-d66edd6da9be, isElementSelected {id={02214d5f-9ccf-954a-a912-a61687f48eb5}}]
三月 23, 2014 4:23:34 下午 org.openqa.selenium.remote.RemoteWebDriver log
信息: Executed: [910b6fb9-78a8-fe4b-95b2-d66edd6da9be, isElementSelected {id={02214d5f-9ccf-954a-a912-a61687f48eb5}}]
三月 23, 2014 4:23:34 下午 org.openqa.selenium.remote.RemoteWebDriver log
信息: Executing: isElementSelected [910b6fb9-78a8-fe4b-95b2-d66edd6da9be, isElementSelected {id={a9f8c899-2648-184f-a4b4-2b03cb109aea}}]
三月 23, 2014 4:23:34 下午 org.openqa.selenium.remote.RemoteWebDriver log
信息: Executed: [910b6fb9-78a8-fe4b-95b2-d66edd6da9be, isElementSelected {id={a9f8c899-2648-184f-a4b4-2b03cb109aea}}]
三月 23, 2014 4:23:34 下午 org.openqa.selenium.remote.RemoteWebDriver log
信息: Executing: isElementSelected [910b6fb9-78a8-fe4b-95b2-d66edd6da9be, isElementSelected {id={ec1c2567-026a-1a4c-a785-8b5e7042b8a6}}]
三月 23, 2014 4:23:34 下午 org.openqa.selenium.remote.RemoteWebDriver log
信息: Executed: [910b6fb9-78a8-fe4b-95b2-d66edd6da9be, isElementSelected {id={ec1c2567-026a-1a4c-a785-8b5e7042b8a6}}]
三月 23, 2014 4:23:34 下午 org.openqa.selenium.remote.RemoteWebDriver log
信息: Executing: isElementSelected [910b6fb9-78a8-fe4b-95b2-d66edd6da9be, isElementSelected {id={dc76f263-6ec9-8e4c-8fb2-25c74a5562e1}}]
三月 23, 2014 4:23:34 下午 org.openqa.selenium.remote.RemoteWebDriver log
信息: Executed: [910b6fb9-78a8-fe4b-95b2-d66edd6da9be, isElementSelected {id={dc76f263-6ec9-8e4c-8fb2-25c74a5562e1}}]
三月 23, 2014 4:23:34 下午 org.openqa.selenium.testing.JUnit4TestBase$1 finished
信息: <<< Finished shouldThrowANoSuchElementExceptionIfNothingIsSelected(org.openqa.selenium.support.ui.SelectElementTest)
三月 23, 2014 4:23:34 下午 org.openqa.selenium.testing.JUnit4TestBase$1 starting
信息: >>> Starting testCanGetValueFromOptionViaAttributeWhenAttributeIsEmptyString(org.openqa.selenium.SelectElementHandlingTest)
三月 23, 2014 4:23:34 下午 org.openqa.selenium.remote.RemoteWebDriver log
信息: Executing: get [910b6fb9-78a8-fe4b-95b2-d66edd6da9be, get {url=http://localhost:6461/common/formPage.html}]
三月 23, 2014 4:23:34 下午 org.openqa.selenium.remote.RemoteWebDriver log
信息: Executed: [910b6fb9-78a8-fe4b-95b2-d66edd6da9be, get {url=http://localhost:6461/common/formPage.html}]
三月 23, 2014 4:23:34 下午 org.openqa.selenium.remote.RemoteWebDriver log
信息: Executing: findElement [910b6fb9-78a8-fe4b-95b2-d66edd6da9be, findElement {using=id, value=optionEmptyValueSet}]
三月 23, 2014 4:23:34 下午 org.openqa.selenium.remote.RemoteWebDriver log
信息: Executed: [910b6fb9-78a8-fe4b-95b2-d66edd6da9be, findElement {using=id, value=optionEmptyValueSet}]
三月 23, 2014 4:23:34 下午 org.openqa.selenium.remote.RemoteWebDriver log
信息: Executing: getElementAttribute [910b6fb9-78a8-fe4b-95b2-d66edd6da9be, getElementAttribute {id={8d6d2a4f-6845-ef47-bdbf-0d62f813b849}, name=value}]
三月 23, 2014 4:23:34 下午 org.openqa.selenium.remote.RemoteWebDriver log
信息: Executed: [910b6fb9-78a8-fe4b-95b2-d66edd6da9be, getElementAttribute {id={8d6d2a4f-6845-ef47-bdbf-0d62f813b849}, name=value}]
三月 23, 2014 4:23:34 下午 org.openqa.selenium.testing.JUnit4TestBase$1 finished
信息: <<< Finished testCanGetValueFromOptionViaAttributeWhenAttributeIsEmptyString(org.openqa.selenium.SelectElementHandlingTest)
三月 23, 2014 4:23:34 下午 org.openqa.selenium.testing.JUnit4TestBase$1 starting
信息: >>> Starting testCanGetValueFromOptionViaAttributeWhenAttributeDoesntExist(org.openqa.selenium.SelectElementHandlingTest)
三月 23, 2014 4:23:34 下午 org.openqa.selenium.remote.RemoteWebDriver log
信息: Executing: get [910b6fb9-78a8-fe4b-95b2-d66edd6da9be, get {url=http://localhost:6461/common/formPage.html}]
三月 23, 2014 4:23:34 下午 org.openqa.selenium.remote.RemoteWebDriver log
信息: Executed: [910b6fb9-78a8-fe4b-95b2-d66edd6da9be, get {url=http://localhost:6461/common/formPage.html}]
三月 23, 2014 4:23:34 下午 org.openqa.selenium.remote.RemoteWebDriver log
信息: Executing: findElement [910b6fb9-78a8-fe4b-95b2-d66edd6da9be, findElement {using=css selector, value=select[name='select-default'] option}]
三月 23, 2014 4:23:34 下午 org.openqa.selenium.remote.RemoteWebDriver log
信息: Executed: [910b6fb9-78a8-fe4b-95b2-d66edd6da9be, findElement {using=css selector, value=select[name='select-default'] option}]
三月 23, 2014 4:23:34 下午 org.openqa.selenium.remote.RemoteWebDriver log
信息: Executing: getElementAttribute [910b6fb9-78a8-fe4b-95b2-d66edd6da9be, getElementAttribute {id={6b8b514d-bcc6-b744-bad6-ad0c69a2eee1}, name=value}]
三月 23, 2014 4:23:34 下午 org.openqa.selenium.remote.RemoteWebDriver log
信息: Executed: [910b6fb9-78a8-fe4b-95b2-d66edd6da9be, getElementAttribute {id={6b8b514d-bcc6-b744-bad6-ad0c69a2eee1}, name=value}]
三月 23, 2014 4:23:34 下午 org.openqa.selenium.remote.RemoteWebDriver log
信息: Executing: findElement [910b6fb9-78a8-fe4b-95b2-d66edd6da9be, findElement {using=id, value=blankOption}]
三月 23, 2014 4:23:34 下午 org.openqa.selenium.remote.RemoteWebDriver log
信息: Executed: [910b6fb9-78a8-fe4b-95b2-d66edd6da9be, findElement {using=id, value=blankOption}]
三月 23, 2014 4:23:34 下午 org.openqa.selenium.remote.RemoteWebDriver log
信息: Executing: getElementAttribute [910b6fb9-78a8-fe4b-95b2-d66edd6da9be, getElementAttribute {id={4b0d98ae-5bff-ce42-81c2-57d35f758d2f}, name=value}]
三月 23, 2014 4:23:34 下午 org.openqa.selenium.remote.RemoteWebDriver log
信息: Executed: [910b6fb9-78a8-fe4b-95b2-d66edd6da9be, getElementAttribute {id={4b0d98ae-5bff-ce42-81c2-57d35f758d2f}, name=value}]
三月 23, 2014 4:23:34 下午 org.openqa.selenium.testing.JUnit4TestBase$1 finished
信息: <<< Finished testCanGetValueFromOptionViaAttributeWhenAttributeDoesntExist(org.openqa.selenium.SelectElementHandlingTest)
三月 23, 2014 4:23:34 下午 org.openqa.selenium.testing.JUnit4TestBase$1 starting
信息: >>> Starting testShouldBeAbleToChangeTheSelectedOptionInASelect(org.openqa.selenium.SelectElementHandlingTest)
三月 23, 2014 4:23:34 下午 org.openqa.selenium.remote.RemoteWebDriver log
信息: Executing: get [910b6fb9-78a8-fe4b-95b2-d66edd6da9be, get {url=http://localhost:6461/common/formPage.html}]
三月 23, 2014 4:23:34 下午 org.openqa.selenium.remote.RemoteWebDriver log
信息: Executed: [910b6fb9-78a8-fe4b-95b2-d66edd6da9be, get {url=http://localhost:6461/common/formPage.html}]
三月 23, 2014 4:23:34 下午 org.openqa.selenium.remote.RemoteWebDriver log
信息: Executing: findElement [910b6fb9-78a8-fe4b-95b2-d66edd6da9be, findElement {using=xpath, value=//select[@name='selectomatic']}]
三月 23, 2014 4:23:34 下午 org.openqa.selenium.remote.RemoteWebDriver log
信息: Executed: [910b6fb9-78a8-fe4b-95b2-d66edd6da9be, findElement {using=xpath, value=//select[@name='selectomatic']}]
三月 23, 2014 4:23:34 下午 org.openqa.selenium.remote.RemoteWebDriver log
信息: Executing: findChildElements [910b6fb9-78a8-fe4b-95b2-d66edd6da9be, findChildElements {id={b0a4c7bb-f608-1248-8934-685299572cf3}, using=tag name, value=option}]
三月 23, 2014 4:23:34 下午 org.openqa.selenium.remote.RemoteWebDriver log
信息: Executed: [910b6fb9-78a8-fe4b-95b2-d66edd6da9be, findChildElements {id={b0a4c7bb-f608-1248-8934-685299572cf3}, using=tag name, value=option}]
三月 23, 2014 4:23:34 下午 org.openqa.selenium.remote.RemoteWebDriver log
信息: Executing: isElementSelected [910b6fb9-78a8-fe4b-95b2-d66edd6da9be, isElementSelected {id={5bb57f71-16f2-ce42-90d7-56092bceb54c}}]
三月 23, 2014 4:23:34 下午 org.openqa.selenium.remote.RemoteWebDriver log
信息: Executed: [910b6fb9-78a8-fe4b-95b2-d66edd6da9be, isElementSelected {id={5bb57f71-16f2-ce42-90d7-56092bceb54c}}]
三月 23, 2014 4:23:34 下午 org.openqa.selenium.remote.RemoteWebDriver log
信息: Executing: isElementSelected [910b6fb9-78a8-fe4b-95b2-d66edd6da9be, isElementSelected {id={2c6ad065-d838-334a-b84a-d382ddd9030c}}]
三月 23, 2014 4:23:34 下午 org.openqa.selenium.remote.RemoteWebDriver log
信息: Executed: [910b6fb9-78a8-fe4b-95b2-d66edd6da9be, isElementSelected {id={2c6ad065-d838-334a-b84a-d382ddd9030c}}]
三月 23, 2014 4:23:34 下午 org.openqa.selenium.remote.RemoteWebDriver log
信息: Executing: clickElement [910b6fb9-78a8-fe4b-95b2-d66edd6da9be, clickElement {id={2c6ad065-d838-334a-b84a-d382ddd9030c}}]
三月 23, 2014 4:23:34 下午 org.openqa.selenium.remote.RemoteWebDriver log
信息: Executed: [910b6fb9-78a8-fe4b-95b2-d66edd6da9be, clickElement {id={2c6ad065-d838-334a-b84a-d382ddd9030c}}]
三月 23, 2014 4:23:34 下午 org.openqa.selenium.remote.RemoteWebDriver log
信息: Executing: isElementSelected [910b6fb9-78a8-fe4b-95b2-d66edd6da9be, isElementSelected {id={5bb57f71-16f2-ce42-90d7-56092bceb54c}}]
三月 23, 2014 4:23:34 下午 org.openqa.selenium.remote.RemoteWebDriver log
信息: Executed: [910b6fb9-78a8-fe4b-95b2-d66edd6da9be, isElementSelected {id={5bb57f71-16f2-ce42-90d7-56092bceb54c}}]
三月 23, 2014 4:23:34 下午 org.openqa.selenium.remote.RemoteWebDriver log
信息: Executing: isElementSelected [910b6fb9-78a8-fe4b-95b2-d66edd6da9be, isElementSelected {id={2c6ad065-d838-334a-b84a-d382ddd9030c}}]
三月 23, 2014 4:23:34 下午 org.openqa.selenium.remote.RemoteWebDriver log
信息: Executed: [910b6fb9-78a8-fe4b-95b2-d66edd6da9be, isElementSelected {id={2c6ad065-d838-334a-b84a-d382ddd9030c}}]
三月 23, 2014 4:23:34 下午 org.openqa.selenium.testing.JUnit4TestBase$1 finished
信息: <<< Finished testShouldBeAbleToChangeTheSelectedOptionInASelect(org.openqa.selenium.SelectElementHandlingTest)
三月 23, 2014 4:23:34 下午 org.openqa.selenium.testing.JUnit4TestBase$1 starting
信息: >>> Starting testShouldBeAbleToSelectMoreThanOneOptionFromASelectWhichAllowsMultipleChoices(org.openqa.selenium.SelectElementHandlingTest)
三月 23, 2014 4:23:34 下午 org.openqa.selenium.remote.RemoteWebDriver log
信息: Executing: get [910b6fb9-78a8-fe4b-95b2-d66edd6da9be, get {url=http://localhost:6461/common/formPage.html}]
三月 23, 2014 4:23:35 下午 org.openqa.selenium.remote.RemoteWebDriver log
信息: Executed: [910b6fb9-78a8-fe4b-95b2-d66edd6da9be, get {url=http://localhost:6461/common/formPage.html}]
三月 23, 2014 4:23:35 下午 org.openqa.selenium.remote.RemoteWebDriver log
信息: Executing: findElement [910b6fb9-78a8-fe4b-95b2-d66edd6da9be, findElement {using=id, value=multi}]
三月 23, 2014 4:23:35 下午 org.openqa.selenium.remote.RemoteWebDriver log
信息: Executed: [910b6fb9-78a8-fe4b-95b2-d66edd6da9be, findElement {using=id, value=multi}]
三月 23, 2014 4:23:35 下午 org.openqa.selenium.remote.RemoteWebDriver log
信息: Executing: findChildElements [910b6fb9-78a8-fe4b-95b2-d66edd6da9be, findChildElements {id={905a2463-bd9a-4a48-b79a-dd4f009e95da}, using=tag name, value=option}]
三月 23, 2014 4:23:35 下午 org.openqa.selenium.remote.RemoteWebDriver log
信息: Executed: [910b6fb9-78a8-fe4b-95b2-d66edd6da9be, findChildElements {id={905a2463-bd9a-4a48-b79a-dd4f009e95da}, using=tag name, value=option}]
三月 23, 2014 4:23:35 下午 org.openqa.selenium.remote.RemoteWebDriver log
信息: Executing: isElementSelected [910b6fb9-78a8-fe4b-95b2-d66edd6da9be, isElementSelected {id={5c06acd9-3126-4b4c-8fc4-e3dc1716e08b}}]
三月 23, 2014 4:23:35 下午 org.openqa.selenium.remote.RemoteWebDriver log
信息: Executed: [910b6fb9-78a8-fe4b-95b2-d66edd6da9be, isElementSelected {id={5c06acd9-3126-4b4c-8fc4-e3dc1716e08b}}]
三月 23, 2014 4:23:35 下午 org.openqa.selenium.remote.RemoteWebDriver log
信息: Executing: isElementSelected [910b6fb9-78a8-fe4b-95b2-d66edd6da9be, isElementSelected {id={06649893-e6b6-bf4c-9295-c9f3cf055d64}}]
三月 23, 2014 4:23:35 下午 org.openqa.selenium.remote.RemoteWebDriver log
信息: Executed: [910b6fb9-78a8-fe4b-95b2-d66edd6da9be, isElementSelected {id={06649893-e6b6-bf4c-9295-c9f3cf055d64}}]
三月 23, 2014 4:23:35 下午 org.openqa.selenium.remote.RemoteWebDriver log
信息: Executing: clickElement [910b6fb9-78a8-fe4b-95b2-d66edd6da9be, clickElement {id={06649893-e6b6-bf4c-9295-c9f3cf055d64}}]
三月 23, 2014 4:23:35 下午 org.openqa.selenium.remote.RemoteWebDriver log
信息: Executed: [910b6fb9-78a8-fe4b-95b2-d66edd6da9be, clickElement {id={06649893-e6b6-bf4c-9295-c9f3cf055d64}}]
三月 23, 2014 4:23:35 下午 org.openqa.selenium.remote.RemoteWebDriver log
信息: Executing: isElementSelected [910b6fb9-78a8-fe4b-95b2-d66edd6da9be, isElementSelected {id={fc211594-f7e2-2b40-b652-5af30c302b14}}]
三月 23, 2014 4:23:35 下午 org.openqa.selenium.remote.RemoteWebDriver log
信息: Executed: [910b6fb9-78a8-fe4b-95b2-d66edd6da9be, isElementSelected {id={fc211594-f7e2-2b40-b652-5af30c302b14}}]
三月 23, 2014 4:23:35 下午 org.openqa.selenium.remote.RemoteWebDriver log
信息: Executing: isElementSelected [910b6fb9-78a8-fe4b-95b2-d66edd6da9be, isElementSelected {id={685b78a0-71fd-3646-b76c-7267523568c2}}]
三月 23, 2014 4:23:35 下午 org.openqa.selenium.remote.RemoteWebDriver log
信息: Executed: [910b6fb9-78a8-fe4b-95b2-d66edd6da9be, isElementSelected {id={685b78a0-71fd-3646-b76c-7267523568c2}}]
三月 23, 2014 4:23:35 下午 org.openqa.selenium.remote.RemoteWebDriver log
信息: Executing: clickElement [910b6fb9-78a8-fe4b-95b2-d66edd6da9be, clickElement {id={685b78a0-71fd-3646-b76c-7267523568c2}}]
三月 23, 2014 4:23:35 下午 org.openqa.selenium.remote.RemoteWebDriver log
信息: Executed: [910b6fb9-78a8-fe4b-95b2-d66edd6da9be, clickElement {id={685b78a0-71fd-3646-b76c-7267523568c2}}]
三月 23, 2014 4:23:35 下午 org.openqa.selenium.remote.RemoteWebDriver log
信息: Executing: isElementSelected [910b6fb9-78a8-fe4b-95b2-d66edd6da9be, isElementSelected {id={5c06acd9-3126-4b4c-8fc4-e3dc1716e08b}}]
三月 23, 2014 4:23:35 下午 org.openqa.selenium.remote.RemoteWebDriver log
信息: Executed: [910b6fb9-78a8-fe4b-95b2-d66edd6da9be, isElementSelected {id={5c06acd9-3126-4b4c-8fc4-e3dc1716e08b}}]
三月 23, 2014 4:23:35 下午 org.openqa.selenium.remote.RemoteWebDriver log
信息: Executing: isElementSelected [910b6fb9-78a8-fe4b-95b2-d66edd6da9be, isElementSelected {id={06649893-e6b6-bf4c-9295-c9f3cf055d64}}]
三月 23, 2014 4:23:35 下午 org.openqa.selenium.remote.RemoteWebDriver log
信息: Executed: [910b6fb9-78a8-fe4b-95b2-d66edd6da9be, isElementSelected {id={06649893-e6b6-bf4c-9295-c9f3cf055d64}}]
三月 23, 2014 4:23:35 下午 org.openqa.selenium.remote.RemoteWebDriver log
信息: Executing: isElementSelected [910b6fb9-78a8-fe4b-95b2-d66edd6da9be, isElementSelected {id={fc211594-f7e2-2b40-b652-5af30c302b14}}]
三月 23, 2014 4:23:35 下午 org.openqa.selenium.remote.RemoteWebDriver log
信息: Executed: [910b6fb9-78a8-fe4b-95b2-d66edd6da9be, isElementSelected {id={fc211594-f7e2-2b40-b652-5af30c302b14}}]
三月 23, 2014 4:23:35 下午 org.openqa.selenium.remote.RemoteWebDriver log
信息: Executing: isElementSelected [910b6fb9-78a8-fe4b-95b2-d66edd6da9be, isElementSelected {id={685b78a0-71fd-3646-b76c-7267523568c2}}]
三月 23, 2014 4:23:35 下午 org.openqa.selenium.remote.RemoteWebDriver log
信息: Executed: [910b6fb9-78a8-fe4b-95b2-d66edd6da9be, isElementSelected {id={685b78a0-71fd-3646-b76c-7267523568c2}}]
三月 23, 2014 4:23:35 下午 org.openqa.selenium.testing.JUnit4TestBase$1 finished
信息: <<< Finished testShouldBeAbleToSelectMoreThanOneOptionFromASelectWhichAllowsMultipleChoices(org.openqa.selenium.SelectElementHandlingTest)
三月 23, 2014 4:23:35 下午 org.openqa.selenium.testing.JUnit4TestBase$1 starting
信息: >>> Starting testShouldSelectFirstOptionByDefaultIfNoneIsSelected(org.openqa.selenium.SelectElementHandlingTest)
三月 23, 2014 4:23:35 下午 org.openqa.selenium.remote.RemoteWebDriver log
信息: Executing: get [910b6fb9-78a8-fe4b-95b2-d66edd6da9be, get {url=http://localhost:6461/common/formPage.html}]
三月 23, 2014 4:23:35 下午 org.openqa.selenium.remote.RemoteWebDriver log
信息: Executed: [910b6fb9-78a8-fe4b-95b2-d66edd6da9be, get {url=http://localhost:6461/common/formPage.html}]
三月 23, 2014 4:23:35 下午 org.openqa.selenium.remote.RemoteWebDriver log
信息: Executing: findElement [910b6fb9-78a8-fe4b-95b2-d66edd6da9be, findElement {using=xpath, value=//select[@name='select-default']}]
三月 23, 2014 4:23:35 下午 org.openqa.selenium.remote.RemoteWebDriver log
信息: Executed: [910b6fb9-78a8-fe4b-95b2-d66edd6da9be, findElement {using=xpath, value=//select[@name='select-default']}]
三月 23, 2014 4:23:35 下午 org.openqa.selenium.remote.RemoteWebDriver log
信息: Executing: findChildElements [910b6fb9-78a8-fe4b-95b2-d66edd6da9be, findChildElements {id={010fb707-3ade-b846-b69f-a805bf0b1877}, using=tag name, value=option}]
三月 23, 2014 4:23:35 下午 org.openqa.selenium.remote.RemoteWebDriver log
信息: Executed: [910b6fb9-78a8-fe4b-95b2-d66edd6da9be, findChildElements {id={010fb707-3ade-b846-b69f-a805bf0b1877}, using=tag name, value=option}]
三月 23, 2014 4:23:35 下午 org.openqa.selenium.remote.RemoteWebDriver log
信息: Executing: isElementSelected [910b6fb9-78a8-fe4b-95b2-d66edd6da9be, isElementSelected {id={a032b3df-6c80-e34c-a37b-cbf2970a5333}}]
三月 23, 2014 4:23:35 下午 org.openqa.selenium.remote.RemoteWebDriver log
信息: Executed: [910b6fb9-78a8-fe4b-95b2-d66edd6da9be, isElementSelected {id={a032b3df-6c80-e34c-a37b-cbf2970a5333}}]
三月 23, 2014 4:23:35 下午 org.openqa.selenium.remote.RemoteWebDriver log
信息: Executing: isElementSelected [910b6fb9-78a8-fe4b-95b2-d66edd6da9be, isElementSelected {id={6d42d69d-75cf-8845-abbd-423d08ad9e61}}]
三月 23, 2014 4:23:35 下午 org.openqa.selenium.remote.RemoteWebDriver log
信息: Executed: [910b6fb9-78a8-fe4b-95b2-d66edd6da9be, isElementSelected {id={6d42d69d-75cf-8845-abbd-423d08ad9e61}}]
三月 23, 2014 4:23:35 下午 org.openqa.selenium.remote.RemoteWebDriver log
信息: Executing: clickElement [910b6fb9-78a8-fe4b-95b2-d66edd6da9be, clickElement {id={6d42d69d-75cf-8845-abbd-423d08ad9e61}}]
三月 23, 2014 4:23:35 下午 org.openqa.selenium.remote.RemoteWebDriver log
信息: Executed: [910b6fb9-78a8-fe4b-95b2-d66edd6da9be, clickElement {id={6d42d69d-75cf-8845-abbd-423d08ad9e61}}]
三月 23, 2014 4:23:35 下午 org.openqa.selenium.remote.RemoteWebDriver log
信息: Executing: isElementSelected [910b6fb9-78a8-fe4b-95b2-d66edd6da9be, isElementSelected {id={a032b3df-6c80-e34c-a37b-cbf2970a5333}}]
三月 23, 2014 4:23:35 下午 org.openqa.selenium.remote.RemoteWebDriver log
信息: Executed: [910b6fb9-78a8-fe4b-95b2-d66edd6da9be, isElementSelected {id={a032b3df-6c80-e34c-a37b-cbf2970a5333}}]
三月 23, 2014 4:23:35 下午 org.openqa.selenium.remote.RemoteWebDriver log
信息: Executing: isElementSelected [910b6fb9-78a8-fe4b-95b2-d66edd6da9be, isElementSelected {id={6d42d69d-75cf-8845-abbd-423d08ad9e61}}]
三月 23, 2014 4:23:35 下午 org.openqa.selenium.remote.RemoteWebDriver log
信息: Executed: [910b6fb9-78a8-fe4b-95b2-d66edd6da9be, isElementSelected {id={6d42d69d-75cf-8845-abbd-423d08ad9e61}}]
三月 23, 2014 4:23:35 下午 org.openqa.selenium.testing.JUnit4TestBase$1 finished
信息: <<< Finished testShouldSelectFirstOptionByDefaultIfNoneIsSelected(org.openqa.selenium.SelectElementHandlingTest)
三月 23, 2014 4:23:35 下午 org.openqa.selenium.testing.JUnit4TestBase$1 starting
信息: >>> Starting testShouldBePossibleToDeselectASingleOptionFromASelectWhichAllowsMultipleChoices(org.openqa.selenium.SelectElementHandlingTest)
三月 23, 2014 4:23:35 下午 org.openqa.selenium.remote.RemoteWebDriver log
信息: Executing: get [910b6fb9-78a8-fe4b-95b2-d66edd6da9be, get {url=http://localhost:6461/common/formPage.html}]
三月 23, 2014 4:23:35 下午 org.openqa.selenium.remote.RemoteWebDriver log
信息: Executed: [910b6fb9-78a8-fe4b-95b2-d66edd6da9be, get {url=http://localhost:6461/common/formPage.html}]
三月 23, 2014 4:23:35 下午 org.openqa.selenium.remote.RemoteWebDriver log
信息: Executing: findElement [910b6fb9-78a8-fe4b-95b2-d66edd6da9be, findElement {using=id, value=multi}]
三月 23, 2014 4:23:35 下午 org.openqa.selenium.remote.RemoteWebDriver log
信息: Executed: [910b6fb9-78a8-fe4b-95b2-d66edd6da9be, findElement {using=id, value=multi}]
三月 23, 2014 4:23:35 下午 org.openqa.selenium.remote.RemoteWebDriver log
信息: Executing: findChildElements [910b6fb9-78a8-fe4b-95b2-d66edd6da9be, findChildElements {id={1074cde9-7326-c247-83e4-3d144495d8c4}, using=tag name, value=option}]
三月 23, 2014 4:23:35 下午 org.openqa.selenium.remote.RemoteWebDriver log
信息: Executed: [910b6fb9-78a8-fe4b-95b2-d66edd6da9be, findChildElements {id={1074cde9-7326-c247-83e4-3d144495d8c4}, using=tag name, value=option}]
三月 23, 2014 4:23:35 下午 org.openqa.selenium.remote.RemoteWebDriver log
信息: Executing: isElementSelected [910b6fb9-78a8-fe4b-95b2-d66edd6da9be, isElementSelected {id={31a91746-916f-c142-95d5-66542092a17a}}]
三月 23, 2014 4:23:35 下午 org.openqa.selenium.remote.RemoteWebDriver log
信息: Executed: [910b6fb9-78a8-fe4b-95b2-d66edd6da9be, isElementSelected {id={31a91746-916f-c142-95d5-66542092a17a}}]
三月 23, 2014 4:23:35 下午 org.openqa.selenium.remote.RemoteWebDriver log
信息: Executing: clickElement [910b6fb9-78a8-fe4b-95b2-d66edd6da9be, clickElement {id={31a91746-916f-c142-95d5-66542092a17a}}]
三月 23, 2014 4:23:35 下午 org.openqa.selenium.remote.RemoteWebDriver log
信息: Executed: [910b6fb9-78a8-fe4b-95b2-d66edd6da9be, clickElement {id={31a91746-916f-c142-95d5-66542092a17a}}]
三月 23, 2014 4:23:35 下午 org.openqa.selenium.remote.RemoteWebDriver log
信息: Executing: isElementSelected [910b6fb9-78a8-fe4b-95b2-d66edd6da9be, isElementSelected {id={31a91746-916f-c142-95d5-66542092a17a}}]
三月 23, 2014 4:23:35 下午 org.openqa.selenium.remote.RemoteWebDriver log
信息: Executed: [910b6fb9-78a8-fe4b-95b2-d66edd6da9be, isElementSelected {id={31a91746-916f-c142-95d5-66542092a17a}}]
三月 23, 2014 4:23:35 下午 org.openqa.selenium.remote.RemoteWebDriver log
信息: Executing: clickElement [910b6fb9-78a8-fe4b-95b2-d66edd6da9be, clickElement {id={31a91746-916f-c142-95d5-66542092a17a}}]
三月 23, 2014 4:23:35 下午 org.openqa.selenium.remote.RemoteWebDriver log
信息: Executed: [910b6fb9-78a8-fe4b-95b2-d66edd6da9be, clickElement {id={31a91746-916f-c142-95d5-66542092a17a}}]
三月 23, 2014 4:23:35 下午 org.openqa.selenium.remote.RemoteWebDriver log
信息: Executing: isElementSelected [910b6fb9-78a8-fe4b-95b2-d66edd6da9be, isElementSelected {id={31a91746-916f-c142-95d5-66542092a17a}}]
三月 23, 2014 4:23:35 下午 org.openqa.selenium.remote.RemoteWebDriver log
信息: Executed: [910b6fb9-78a8-fe4b-95b2-d66edd6da9be, isElementSelected {id={31a91746-916f-c142-95d5-66542092a17a}}]
三月 23, 2014 4:23:35 下午 org.openqa.selenium.remote.RemoteWebDriver log
信息: Executing: isElementSelected [910b6fb9-78a8-fe4b-95b2-d66edd6da9be, isElementSelected {id={24f085d3-0792-5d44-87d4-be017612e23a}}]
三月 23, 2014 4:23:35 下午 org.openqa.selenium.remote.RemoteWebDriver log
信息: Executed: [910b6fb9-78a8-fe4b-95b2-d66edd6da9be, isElementSelected {id={24f085d3-0792-5d44-87d4-be017612e23a}}]
三月 23, 2014 4:23:35 下午 org.openqa.selenium.testing.JUnit4TestBase$1 finished
信息: <<< Finished testShouldBePossibleToDeselectASingleOptionFromASelectWhichAllowsMultipleChoices(org.openqa.selenium.SelectElementHandlingTest)
三月 23, 2014 4:23:35 下午 org.openqa.selenium.testing.JUnit4TestBase$1 starting
信息: >>> Starting testCanSelectElementsInOptGroups(org.openqa.selenium.SelectElementHandlingTest)
三月 23, 2014 4:23:35 下午 org.openqa.selenium.remote.RemoteWebDriver log
信息: Executing: get [910b6fb9-78a8-fe4b-95b2-d66edd6da9be, get {url=http://localhost:6461/common/selectPage.html}]
三月 23, 2014 4:23:35 下午 org.openqa.selenium.remote.RemoteWebDriver log
信息: Executed: [910b6fb9-78a8-fe4b-95b2-d66edd6da9be, get {url=http://localhost:6461/common/selectPage.html}]
三月 23, 2014 4:23:35 下午 org.openqa.selenium.remote.RemoteWebDriver log
信息: Executing: findElement [910b6fb9-78a8-fe4b-95b2-d66edd6da9be, findElement {using=id, value=two-in-group}]
三月 23, 2014 4:23:35 下午 org.openqa.selenium.remote.RemoteWebDriver log
信息: Executed: [910b6fb9-78a8-fe4b-95b2-d66edd6da9be, findElement {using=id, value=two-in-group}]
三月 23, 2014 4:23:35 下午 org.openqa.selenium.remote.RemoteWebDriver log
信息: Executing: clickElement [910b6fb9-78a8-fe4b-95b2-d66edd6da9be, clickElement {id={020a6c2c-9b74-f24c-8ada-b3633b44a11c}}]
三月 23, 2014 4:23:35 下午 org.openqa.selenium.remote.RemoteWebDriver log
信息: Executed: [910b6fb9-78a8-fe4b-95b2-d66edd6da9be, clickElement {id={020a6c2c-9b74-f24c-8ada-b3633b44a11c}}]
三月 23, 2014 4:23:35 下午 org.openqa.selenium.remote.RemoteWebDriver log
信息: Executing: isElementSelected [910b6fb9-78a8-fe4b-95b2-d66edd6da9be, isElementSelected {id={020a6c2c-9b74-f24c-8ada-b3633b44a11c}}]
三月 23, 2014 4:23:35 下午 org.openqa.selenium.remote.RemoteWebDriver log
信息: Executed: [910b6fb9-78a8-fe4b-95b2-d66edd6da9be, isElementSelected {id={020a6c2c-9b74-f24c-8ada-b3633b44a11c}}]
三月 23, 2014 4:23:35 下午 org.openqa.selenium.testing.JUnit4TestBase$1 finished
信息: <<< Finished testCanSelectElementsInOptGroups(org.openqa.selenium.SelectElementHandlingTest)
三月 23, 2014 4:23:37 下午 org.openqa.selenium.remote.RemoteWebDriver log
信息: Executing: quit [5b344702-9b73-d741-b173-f23190257705, quit {}]
三月 23, 2014 4:23:37 下午 org.openqa.selenium.remote.RemoteWebDriver log
信息: Executed: [5b344702-9b73-d741-b173-f23190257705, quit {}]
三月 23, 2014 4:23:37 下午 org.openqa.selenium.remote.RemoteWebDriver log
信息: Executing: getCurrentUrl [null, getCurrentUrl {}]
三月 23, 2014 4:23:39 下午 org.openqa.selenium.remote.RemoteWebDriver log
信息: Executing: quit [c9a7cb04-4ac3-e644-9275-d95a8a8186f2, quit {}]
三月 23, 2014 4:23:39 下午 org.openqa.selenium.remote.RemoteWebDriver log
信息: Executed: [c9a7cb04-4ac3-e644-9275-d95a8a8186f2, quit {}]
三月 23, 2014 4:23:39 下午 org.openqa.selenium.remote.RemoteWebDriver log
信息: Executing: quit [null, quit {}]
三月 23, 2014 4:23:39 下午 org.openqa.selenium.remote.RemoteWebDriver log
信息: Executed: [null, quit {}]
三月 23, 2014 4:23:41 下午 org.openqa.selenium.remote.RemoteWebDriver log
信息: Executing: close [f0b4f234-d7c6-c74d-951a-0ee9b14c6deb, close {}]
三月 23, 2014 4:23:41 下午 org.openqa.selenium.remote.RemoteWebDriver log
信息: Executed: [f0b4f234-d7c6-c74d-951a-0ee9b14c6deb, close {}]
三月 23, 2014 4:23:41 下午 org.openqa.selenium.remote.RemoteWebDriver log
信息: Executing: quit [f0b4f234-d7c6-c74d-951a-0ee9b14c6deb, quit {}]
三月 23, 2014 4:23:41 下午 org.openqa.selenium.remote.RemoteWebDriver log
信息: Executed: [f0b4f234-d7c6-c74d-951a-0ee9b14c6deb, quit {}]
三月 23, 2014 4:23:41 下午 org.openqa.selenium.testing.JUnit4TestBase$1 starting
信息: >>> Starting testRefreshShouldBlockUntilPageLoads(org.openqa.selenium.SlowLoadingPageTest)
三月 23, 2014 4:23:41 下午 org.openqa.selenium.remote.RemoteWebDriver log
信息: Executing: get [910b6fb9-78a8-fe4b-95b2-d66edd6da9be, get {url=http://localhost:6461/common/sleep?time=3}]
三月 23, 2014 4:23:44 下午 org.openqa.selenium.remote.RemoteWebDriver log
信息: Executed: [910b6fb9-78a8-fe4b-95b2-d66edd6da9be, get {url=http://localhost:6461/common/sleep?time=3}]
三月 23, 2014 4:23:44 下午 org.openqa.selenium.remote.RemoteWebDriver log
信息: Executing: refresh [910b6fb9-78a8-fe4b-95b2-d66edd6da9be, refresh {}]
三月 23, 2014 4:23:47 下午 org.openqa.selenium.remote.RemoteWebDriver log
信息: Executed: [910b6fb9-78a8-fe4b-95b2-d66edd6da9be, refresh {}]
三月 23, 2014 4:23:47 下午 org.openqa.selenium.testing.JUnit4TestBase$1 finished
信息: <<< Finished testRefreshShouldBlockUntilPageLoads(org.openqa.selenium.SlowLoadingPageTest)
三月 23, 2014 4:23:47 下午 org.openqa.selenium.testing.JUnit4TestBase$1 starting
信息: >>> Starting testShouldBlockUntilIFramesAreLoaded(org.openqa.selenium.SlowLoadingPageTest)
三月 23, 2014 4:23:47 下午 org.openqa.selenium.remote.RemoteWebDriver log
信息: Executing: get [910b6fb9-78a8-fe4b-95b2-d66edd6da9be, get {url=http://localhost:6461/common/slow_loading_iframes.html}]
三月 23, 2014 4:23:50 下午 org.openqa.selenium.remote.RemoteWebDriver log
信息: Executed: [910b6fb9-78a8-fe4b-95b2-d66edd6da9be, get {url=http://localhost:6461/common/slow_loading_iframes.html}]
三月 23, 2014 4:23:50 下午 org.openqa.selenium.testing.JUnit4TestBase$1 finished
信息: <<< Finished testShouldBlockUntilIFramesAreLoaded(org.openqa.selenium.SlowLoadingPageTest)
三月 23, 2014 4:23:50 下午 org.openqa.selenium.testing.JUnit4TestBase$1 starting
信息: >>> Starting testShouldBlockUntilPageLoads(org.openqa.selenium.SlowLoadingPageTest)
三月 23, 2014 4:23:50 下午 org.openqa.selenium.remote.RemoteWebDriver log
信息: Executing: get [910b6fb9-78a8-fe4b-95b2-d66edd6da9be, get {url=http://localhost:6461/common/sleep?time=3}]
三月 23, 2014 4:23:53 下午 org.openqa.selenium.remote.RemoteWebDriver log
信息: Executed: [910b6fb9-78a8-fe4b-95b2-d66edd6da9be, get {url=http://localhost:6461/common/sleep?time=3}]
三月 23, 2014 4:23:53 下午 org.openqa.selenium.testing.JUnit4TestBase$1 finished
信息: <<< Finished testShouldBlockUntilPageLoads(org.openqa.selenium.SlowLoadingPageTest)
三月 23, 2014 4:23:53 下午 org.openqa.selenium.testing.JUnit4TestBase$1 starting
信息: >>> Starting testRemovingAnElementDynamicallyFromTheDomShouldCauseAStaleRefException(org.openqa.selenium.StaleElementReferenceTest)
三月 23, 2014 4:23:53 下午 org.openqa.selenium.remote.RemoteWebDriver log
信息: Executing: get [910b6fb9-78a8-fe4b-95b2-d66edd6da9be, get {url=http://localhost:6461/common/javascriptPage.html}]
三月 23, 2014 4:23:53 下午 org.openqa.selenium.remote.RemoteWebDriver log
信息: Executed: [910b6fb9-78a8-fe4b-95b2-d66edd6da9be, get {url=http://localhost:6461/common/javascriptPage.html}]
三月 23, 2014 4:23:53 下午 org.openqa.selenium.remote.RemoteWebDriver log
信息: Executing: findElement [910b6fb9-78a8-fe4b-95b2-d66edd6da9be, findElement {using=id, value=deleted}]
三月 23, 2014 4:23:53 下午 org.openqa.selenium.remote.RemoteWebDriver log
信息: Executed: [910b6fb9-78a8-fe4b-95b2-d66edd6da9be, findElement {using=id, value=deleted}]
三月 23, 2014 4:23:53 下午 org.openqa.selenium.remote.RemoteWebDriver log
信息: Executing: isElementDisplayed [910b6fb9-78a8-fe4b-95b2-d66edd6da9be, isElementDisplayed {id={b2ed01a7-c19a-c84d-9447-36cdb412bace}}]
三月 23, 2014 4:23:53 下午 org.openqa.selenium.remote.RemoteWebDriver log
信息: Executed: [910b6fb9-78a8-fe4b-95b2-d66edd6da9be, isElementDisplayed {id={b2ed01a7-c19a-c84d-9447-36cdb412bace}}]
三月 23, 2014 4:23:53 下午 org.openqa.selenium.remote.RemoteWebDriver log
信息: Executing: findElement [910b6fb9-78a8-fe4b-95b2-d66edd6da9be, findElement {using=id, value=delete}]
三月 23, 2014 4:23:53 下午 org.openqa.selenium.remote.RemoteWebDriver log
信息: Executed: [910b6fb9-78a8-fe4b-95b2-d66edd6da9be, findElement {using=id, value=delete}]
三月 23, 2014 4:23:53 下午 org.openqa.selenium.remote.RemoteWebDriver log
信息: Executing: clickElement [910b6fb9-78a8-fe4b-95b2-d66edd6da9be, clickElement {id={8152684e-fe5d-9141-b282-7bd134b03448}}]
三月 23, 2014 4:23:53 下午 org.openqa.selenium.remote.RemoteWebDriver log
信息: Executed: [910b6fb9-78a8-fe4b-95b2-d66edd6da9be, clickElement {id={8152684e-fe5d-9141-b282-7bd134b03448}}]
三月 23, 2014 4:23:53 下午 org.openqa.selenium.remote.RemoteWebDriver log
信息: Executing: isElementEnabled [910b6fb9-78a8-fe4b-95b2-d66edd6da9be, isElementEnabled {id={b2ed01a7-c19a-c84d-9447-36cdb412bace}}]
三月 23, 2014 4:23:53 下午 org.openqa.selenium.remote.RemoteWebDriver log
信息: Executed: [910b6fb9-78a8-fe4b-95b2-d66edd6da9be, isElementEnabled {id={b2ed01a7-c19a-c84d-9447-36cdb412bace}}]
三月 23, 2014 4:23:53 下午 org.openqa.selenium.testing.JUnit4TestBase$1 finished
信息: <<< Finished testRemovingAnElementDynamicallyFromTheDomShouldCauseAStaleRefException(org.openqa.selenium.StaleElementReferenceTest)
三月 23, 2014 4:23:53 下午 org.openqa.selenium.testing.JUnit4TestBase$1 starting
信息: >>> Starting testOldPage(org.openqa.selenium.StaleElementReferenceTest)
三月 23, 2014 4:23:53 下午 org.openqa.selenium.remote.RemoteWebDriver log
信息: Executing: get [910b6fb9-78a8-fe4b-95b2-d66edd6da9be, get {url=http://localhost:6461/common/simpleTest.html}]
三月 23, 2014 4:23:53 下午 org.openqa.selenium.remote.RemoteWebDriver log
信息: Executed: [910b6fb9-78a8-fe4b-95b2-d66edd6da9be, get {url=http://localhost:6461/common/simpleTest.html}]
三月 23, 2014 4:23:53 下午 org.openqa.selenium.remote.RemoteWebDriver log
信息: Executing: findElement [910b6fb9-78a8-fe4b-95b2-d66edd6da9be, findElement {using=id, value=links}]
三月 23, 2014 4:23:53 下午 org.openqa.selenium.remote.RemoteWebDriver log
信息: Executed: [910b6fb9-78a8-fe4b-95b2-d66edd6da9be, findElement {using=id, value=links}]
三月 23, 2014 4:23:53 下午 org.openqa.selenium.remote.RemoteWebDriver log
信息: Executing: get [910b6fb9-78a8-fe4b-95b2-d66edd6da9be, get {url=http://localhost:6461/common/xhtmlTest.html}]
三月 23, 2014 4:23:53 下午 org.openqa.selenium.remote.RemoteWebDriver log
信息: Executed: [910b6fb9-78a8-fe4b-95b2-d66edd6da9be, get {url=http://localhost:6461/common/xhtmlTest.html}]
三月 23, 2014 4:23:53 下午 org.openqa.selenium.remote.RemoteWebDriver log
信息: Executing: clickElement [910b6fb9-78a8-fe4b-95b2-d66edd6da9be, clickElement {id={d40479c5-e97d-8f49-971e-8b5189e82b39}}]
三月 23, 2014 4:23:53 下午 org.openqa.selenium.remote.RemoteWebDriver log
信息: Executed: [910b6fb9-78a8-fe4b-95b2-d66edd6da9be, clickElement {id={d40479c5-e97d-8f49-971e-8b5189e82b39}}]
三月 23, 2014 4:23:53 下午 org.openqa.selenium.testing.JUnit4TestBase$1 finished
信息: <<< Finished testOldPage(org.openqa.selenium.StaleElementReferenceTest)
三月 23, 2014 4:23:53 下午 org.openqa.selenium.testing.JUnit4TestBase$1 starting
信息: >>> Starting testShouldNotCrashWhenQueryingTheAttributeOfAStaleElement(org.openqa.selenium.StaleElementReferenceTest)
三月 23, 2014 4:23:53 下午 org.openqa.selenium.remote.RemoteWebDriver log
信息: Executing: get [910b6fb9-78a8-fe4b-95b2-d66edd6da9be, get {url=http://localhost:6461/common/xhtmlTest.html}]
三月 23, 2014 4:23:53 下午 org.openqa.selenium.remote.RemoteWebDriver log
信息: Executed: [910b6fb9-78a8-fe4b-95b2-d66edd6da9be, get {url=http://localhost:6461/common/xhtmlTest.html}]
三月 23, 2014 4:23:53 下午 org.openqa.selenium.remote.RemoteWebDriver log
信息: Executing: findElement [910b6fb9-78a8-fe4b-95b2-d66edd6da9be, findElement {using=xpath, value=//h1}]
三月 23, 2014 4:23:53 下午 org.openqa.selenium.remote.RemoteWebDriver log
信息: Executed: [910b6fb9-78a8-fe4b-95b2-d66edd6da9be, findElement {using=xpath, value=//h1}]
三月 23, 2014 4:23:53 下午 org.openqa.selenium.remote.RemoteWebDriver log
信息: Executing: get [910b6fb9-78a8-fe4b-95b2-d66edd6da9be, get {url=http://localhost:6461/common/simpleTest.html}]
三月 23, 2014 4:23:53 下午 org.openqa.selenium.remote.RemoteWebDriver log
信息: Executed: [910b6fb9-78a8-fe4b-95b2-d66edd6da9be, get {url=http://localhost:6461/common/simpleTest.html}]
三月 23, 2014 4:23:53 下午 org.openqa.selenium.remote.RemoteWebDriver log
信息: Executing: getElementAttribute [910b6fb9-78a8-fe4b-95b2-d66edd6da9be, getElementAttribute {id={1b507824-e1cd-9f44-87ec-88a9bf66d980}, name=class}]
三月 23, 2014 4:23:53 下午 org.openqa.selenium.remote.RemoteWebDriver log
信息: Executed: [910b6fb9-78a8-fe4b-95b2-d66edd6da9be, getElementAttribute {id={1b507824-e1cd-9f44-87ec-88a9bf66d980}, name=class}]
三月 23, 2014 4:23:53 下午 org.openqa.selenium.testing.JUnit4TestBase$1 finished
信息: <<< Finished testShouldNotCrashWhenQueryingTheAttributeOfAStaleElement(org.openqa.selenium.StaleElementReferenceTest)
三月 23, 2014 4:23:53 下午 org.openqa.selenium.testing.JUnit4TestBase$1 starting
信息: >>> Starting testShouldNotCrashWhenCallingGetSizeOnAnObsoleteElement(org.openqa.selenium.StaleElementReferenceTest)
三月 23, 2014 4:23:53 下午 org.openqa.selenium.remote.RemoteWebDriver log
信息: Executing: get [910b6fb9-78a8-fe4b-95b2-d66edd6da9be, get {url=http://localhost:6461/common/simpleTest.html}]
三月 23, 2014 4:23:53 下午 org.openqa.selenium.remote.RemoteWebDriver log
信息: Executed: [910b6fb9-78a8-fe4b-95b2-d66edd6da9be, get {url=http://localhost:6461/common/simpleTest.html}]
三月 23, 2014 4:23:53 下午 org.openqa.selenium.remote.RemoteWebDriver log
信息: Executing: findElement [910b6fb9-78a8-fe4b-95b2-d66edd6da9be, findElement {using=id, value=links}]
三月 23, 2014 4:23:53 下午 org.openqa.selenium.remote.RemoteWebDriver log
信息: Executed: [910b6fb9-78a8-fe4b-95b2-d66edd6da9be, findElement {using=id, value=links}]
三月 23, 2014 4:23:53 下午 org.openqa.selenium.remote.RemoteWebDriver log
信息: Executing: get [910b6fb9-78a8-fe4b-95b2-d66edd6da9be, get {url=http://localhost:6461/common/xhtmlTest.html}]
三月 23, 2014 4:23:53 下午 org.openqa.selenium.remote.RemoteWebDriver log
信息: Executed: [910b6fb9-78a8-fe4b-95b2-d66edd6da9be, get {url=http://localhost:6461/common/xhtmlTest.html}]
三月 23, 2014 4:23:53 下午 org.openqa.selenium.remote.RemoteWebDriver log
信息: Executing: getElementSize [910b6fb9-78a8-fe4b-95b2-d66edd6da9be, getElementSize {id={4a973822-7820-9c44-8f39-4634e4137e89}}]
三月 23, 2014 4:23:54 下午 org.openqa.selenium.remote.RemoteWebDriver log
信息: Executed: [910b6fb9-78a8-fe4b-95b2-d66edd6da9be, getElementSize {id={4a973822-7820-9c44-8f39-4634e4137e89}}]
三月 23, 2014 4:23:54 下午 org.openqa.selenium.testing.JUnit4TestBase$1 finished
信息: <<< Finished testShouldNotCrashWhenCallingGetSizeOnAnObsoleteElement(org.openqa.selenium.StaleElementReferenceTest)
三月 23, 2014 4:23:54 下午 org.openqa.selenium.testing.JUnit4TestBase$1 starting
信息: >>> Starting testShouldClickOnGraphTextElements(org.openqa.selenium.SvgElementTest)
三月 23, 2014 4:23:54 下午 org.openqa.selenium.remote.RemoteWebDriver log
信息: Executing: executeScript [910b6fb9-78a8-fe4b-95b2-d66edd6da9be, executeScript {script=return navigator.userAgent;, args=[]}]
三月 23, 2014 4:23:54 下午 org.openqa.selenium.remote.RemoteWebDriver log
信息: Executed: [910b6fb9-78a8-fe4b-95b2-d66edd6da9be, executeScript {script=return navigator.userAgent;, args=[]}]
三月 23, 2014 4:23:54 下午 org.openqa.selenium.remote.RemoteWebDriver log
信息: Executing: executeScript [910b6fb9-78a8-fe4b-95b2-d66edd6da9be, executeScript {script=return navigator.userAgent;, args=[]}]
三月 23, 2014 4:23:54 下午 org.openqa.selenium.remote.RemoteWebDriver log
信息: Executed: [910b6fb9-78a8-fe4b-95b2-d66edd6da9be, executeScript {script=return navigator.userAgent;, args=[]}]
三月 23, 2014 4:23:54 下午 org.openqa.selenium.remote.RemoteWebDriver log
信息: Executing: executeScript [910b6fb9-78a8-fe4b-95b2-d66edd6da9be, executeScript {script=return navigator.userAgent;, args=[]}]
三月 23, 2014 4:23:54 下午 org.openqa.selenium.remote.RemoteWebDriver log
信息: Executed: [910b6fb9-78a8-fe4b-95b2-d66edd6da9be, executeScript {script=return navigator.userAgent;, args=[]}]
三月 23, 2014 4:23:54 下午 org.openqa.selenium.remote.RemoteWebDriver log
信息: Executing: get [910b6fb9-78a8-fe4b-95b2-d66edd6da9be, get {url=http://localhost:6461/common/svgPiechart.xhtml}]
三月 23, 2014 4:23:54 下午 org.openqa.selenium.remote.RemoteWebDriver log
信息: Executed: [910b6fb9-78a8-fe4b-95b2-d66edd6da9be, get {url=http://localhost:6461/common/svgPiechart.xhtml}]
三月 23, 2014 4:23:54 下午 org.openqa.selenium.remote.RemoteWebDriver log
信息: Executing: findElement [910b6fb9-78a8-fe4b-95b2-d66edd6da9be, findElement {using=css selector, value=svg}]
三月 23, 2014 4:23:54 下午 org.openqa.selenium.remote.RemoteWebDriver log
信息: Executed: [910b6fb9-78a8-fe4b-95b2-d66edd6da9be, findElement {using=css selector, value=svg}]
三月 23, 2014 4:23:54 下午 org.openqa.selenium.remote.RemoteWebDriver log
信息: Executing: findChildElements [910b6fb9-78a8-fe4b-95b2-d66edd6da9be, findChildElements {id={505421d1-1599-e142-a428-c9c29836ba1d}, using=css selector, value=text}]
三月 23, 2014 4:23:54 下午 org.openqa.selenium.remote.RemoteWebDriver log
信息: Executed: [910b6fb9-78a8-fe4b-95b2-d66edd6da9be, findChildElements {id={505421d1-1599-e142-a428-c9c29836ba1d}, using=css selector, value=text}]
三月 23, 2014 4:23:54 下午 org.openqa.selenium.remote.RemoteWebDriver log
信息: Executing: getElementText [910b6fb9-78a8-fe4b-95b2-d66edd6da9be, getElementText {id={aa031964-def7-d748-a88c-e6233aab4ed9}}]
三月 23, 2014 4:23:54 下午 org.openqa.selenium.remote.RemoteWebDriver log
信息: Executed: [910b6fb9-78a8-fe4b-95b2-d66edd6da9be, getElementText {id={aa031964-def7-d748-a88c-e6233aab4ed9}}]
三月 23, 2014 4:23:54 下午 org.openqa.selenium.remote.RemoteWebDriver log
信息: Executing: getElementText [910b6fb9-78a8-fe4b-95b2-d66edd6da9be, getElementText {id={150a4952-352e-294e-b454-f3da1241f13a}}]
三月 23, 2014 4:23:54 下午 org.openqa.selenium.remote.RemoteWebDriver log
信息: Executed: [910b6fb9-78a8-fe4b-95b2-d66edd6da9be, getElementText {id={150a4952-352e-294e-b454-f3da1241f13a}}]
三月 23, 2014 4:23:54 下午 org.openqa.selenium.remote.RemoteWebDriver log
信息: Executing: clickElement [910b6fb9-78a8-fe4b-95b2-d66edd6da9be, clickElement {id={150a4952-352e-294e-b454-f3da1241f13a}}]
三月 23, 2014 4:23:54 下午 org.openqa.selenium.remote.RemoteWebDriver log
信息: Executed: [910b6fb9-78a8-fe4b-95b2-d66edd6da9be, clickElement {id={150a4952-352e-294e-b454-f3da1241f13a}}]
三月 23, 2014 4:23:54 下午 org.openqa.selenium.remote.RemoteWebDriver log
信息: Executing: findElement [910b6fb9-78a8-fe4b-95b2-d66edd6da9be, findElement {using=id, value=result}]
三月 23, 2014 4:23:54 下午 org.openqa.selenium.remote.RemoteWebDriver log
信息: Executed: [910b6fb9-78a8-fe4b-95b2-d66edd6da9be, findElement {using=id, value=result}]
三月 23, 2014 4:23:54 下午 org.openqa.selenium.remote.RemoteWebDriver log
信息: Executing: getElementText [910b6fb9-78a8-fe4b-95b2-d66edd6da9be, getElementText {id={bebfb7f9-b9ab-8a40-82c5-e32c4b40ca00}}]
三月 23, 2014 4:23:54 下午 org.openqa.selenium.remote.RemoteWebDriver log
信息: Executed: [910b6fb9-78a8-fe4b-95b2-d66edd6da9be, getElementText {id={bebfb7f9-b9ab-8a40-82c5-e32c4b40ca00}}]
三月 23, 2014 4:23:54 下午 org.openqa.selenium.remote.RemoteWebDriver log
信息: Executing: getElementText [910b6fb9-78a8-fe4b-95b2-d66edd6da9be, getElementText {id={bebfb7f9-b9ab-8a40-82c5-e32c4b40ca00}}]
三月 23, 2014 4:23:54 下午 org.openqa.selenium.remote.RemoteWebDriver log
信息: Executed: [910b6fb9-78a8-fe4b-95b2-d66edd6da9be, getElementText {id={bebfb7f9-b9ab-8a40-82c5-e32c4b40ca00}}]
三月 23, 2014 4:23:54 下午 org.openqa.selenium.testing.JUnit4TestBase$1 finished
信息: <<< Finished testShouldClickOnGraphTextElements(org.openqa.selenium.SvgElementTest)
三月 23, 2014 4:23:54 下午 org.openqa.selenium.testing.JUnit4TestBase$1 starting
信息: >>> Starting testShouldClickOnGraphVisualElements(org.openqa.selenium.SvgElementTest)
三月 23, 2014 4:23:54 下午 org.openqa.selenium.remote.RemoteWebDriver log
信息: Executing: executeScript [910b6fb9-78a8-fe4b-95b2-d66edd6da9be, executeScript {script=return navigator.userAgent;, args=[]}]
三月 23, 2014 4:23:54 下午 org.openqa.selenium.remote.RemoteWebDriver log
信息: Executed: [910b6fb9-78a8-fe4b-95b2-d66edd6da9be, executeScript {script=return navigator.userAgent;, args=[]}]
三月 23, 2014 4:23:54 下午 org.openqa.selenium.remote.RemoteWebDriver log
信息: Executing: executeScript [910b6fb9-78a8-fe4b-95b2-d66edd6da9be, executeScript {script=return navigator.userAgent;, args=[]}]
三月 23, 2014 4:23:54 下午 org.openqa.selenium.remote.RemoteWebDriver log
信息: Executed: [910b6fb9-78a8-fe4b-95b2-d66edd6da9be, executeScript {script=return navigator.userAgent;, args=[]}]
三月 23, 2014 4:23:54 下午 org.openqa.selenium.remote.RemoteWebDriver log
信息: Executing: executeScript [910b6fb9-78a8-fe4b-95b2-d66edd6da9be, executeScript {script=return navigator.userAgent;, args=[]}]
三月 23, 2014 4:23:54 下午 org.openqa.selenium.remote.RemoteWebDriver log
信息: Executed: [910b6fb9-78a8-fe4b-95b2-d66edd6da9be, executeScript {script=return navigator.userAgent;, args=[]}]
三月 23, 2014 4:23:54 下午 org.openqa.selenium.remote.RemoteWebDriver log
信息: Executing: get [910b6fb9-78a8-fe4b-95b2-d66edd6da9be, get {url=http://localhost:6461/common/svgPiechart.xhtml}]
三月 23, 2014 4:23:54 下午 org.openqa.selenium.remote.RemoteWebDriver log
信息: Executed: [910b6fb9-78a8-fe4b-95b2-d66edd6da9be, get {url=http://localhost:6461/common/svgPiechart.xhtml}]
三月 23, 2014 4:23:54 下午 org.openqa.selenium.remote.RemoteWebDriver log
信息: Executing: findElement [910b6fb9-78a8-fe4b-95b2-d66edd6da9be, findElement {using=css selector, value=svg}]
三月 23, 2014 4:23:54 下午 org.openqa.selenium.remote.RemoteWebDriver log
信息: Executed: [910b6fb9-78a8-fe4b-95b2-d66edd6da9be, findElement {using=css selector, value=svg}]
三月 23, 2014 4:23:54 下午 org.openqa.selenium.remote.RemoteWebDriver log
信息: Executing: findChildElements [910b6fb9-78a8-fe4b-95b2-d66edd6da9be, findChildElements {id={56dd3fea-7272-534d-b854-c587c6b4488c}, using=css selector, value=g}]
三月 23, 2014 4:23:54 下午 org.openqa.selenium.remote.RemoteWebDriver log
信息: Executed: [910b6fb9-78a8-fe4b-95b2-d66edd6da9be, findChildElements {id={56dd3fea-7272-534d-b854-c587c6b4488c}, using=css selector, value=g}]
三月 23, 2014 4:23:54 下午 org.openqa.selenium.remote.RemoteWebDriver log
信息: Executing: clickElement [910b6fb9-78a8-fe4b-95b2-d66edd6da9be, clickElement {id={baaa4d0d-476a-2a40-940c-89f94d152fca}}]
三月 23, 2014 4:23:54 下午 org.openqa.selenium.remote.RemoteWebDriver log
信息: Executed: [910b6fb9-78a8-fe4b-95b2-d66edd6da9be, clickElement {id={baaa4d0d-476a-2a40-940c-89f94d152fca}}]
三月 23, 2014 4:23:54 下午 org.openqa.selenium.remote.RemoteWebDriver log
信息: Executing: findElement [910b6fb9-78a8-fe4b-95b2-d66edd6da9be, findElement {using=id, value=result}]
三月 23, 2014 4:23:54 下午 org.openqa.selenium.remote.RemoteWebDriver log
信息: Executed: [910b6fb9-78a8-fe4b-95b2-d66edd6da9be, findElement {using=id, value=result}]
三月 23, 2014 4:23:54 下午 org.openqa.selenium.remote.RemoteWebDriver log
信息: Executing: getElementText [910b6fb9-78a8-fe4b-95b2-d66edd6da9be, getElementText {id={602b0442-ba3b-9341-8252-e70aee11b8ae}}]
三月 23, 2014 4:23:54 下午 org.openqa.selenium.remote.RemoteWebDriver log
信息: Executed: [910b6fb9-78a8-fe4b-95b2-d66edd6da9be, getElementText {id={602b0442-ba3b-9341-8252-e70aee11b8ae}}]
三月 23, 2014 4:23:54 下午 org.openqa.selenium.remote.RemoteWebDriver log
信息: Executing: getElementText [910b6fb9-78a8-fe4b-95b2-d66edd6da9be, getElementText {id={602b0442-ba3b-9341-8252-e70aee11b8ae}}]
三月 23, 2014 4:23:54 下午 org.openqa.selenium.remote.RemoteWebDriver log
信息: Executed: [910b6fb9-78a8-fe4b-95b2-d66edd6da9be, getElementText {id={602b0442-ba3b-9341-8252-e70aee11b8ae}}]
三月 23, 2014 4:23:54 下午 org.openqa.selenium.remote.RemoteWebDriver log
信息: Executing: clickElement [910b6fb9-78a8-fe4b-95b2-d66edd6da9be, clickElement {id={bdf8028e-aad7-6140-9900-d9f7d6dd86bb}}]
三月 23, 2014 4:23:54 下午 org.openqa.selenium.remote.RemoteWebDriver log
信息: Executed: [910b6fb9-78a8-fe4b-95b2-d66edd6da9be, clickElement {id={bdf8028e-aad7-6140-9900-d9f7d6dd86bb}}]
三月 23, 2014 4:23:54 下午 org.openqa.selenium.remote.RemoteWebDriver log
信息: Executing: findElement [910b6fb9-78a8-fe4b-95b2-d66edd6da9be, findElement {using=id, value=result}]
三月 23, 2014 4:23:54 下午 org.openqa.selenium.remote.RemoteWebDriver log
信息: Executed: [910b6fb9-78a8-fe4b-95b2-d66edd6da9be, findElement {using=id, value=result}]
三月 23, 2014 4:23:54 下午 org.openqa.selenium.remote.RemoteWebDriver log
信息: Executing: getElementText [910b6fb9-78a8-fe4b-95b2-d66edd6da9be, getElementText {id={602b0442-ba3b-9341-8252-e70aee11b8ae}}]
三月 23, 2014 4:23:54 下午 org.openqa.selenium.remote.RemoteWebDriver log
信息: Executed: [910b6fb9-78a8-fe4b-95b2-d66edd6da9be, getElementText {id={602b0442-ba3b-9341-8252-e70aee11b8ae}}]
三月 23, 2014 4:23:54 下午 org.openqa.selenium.remote.RemoteWebDriver log
信息: Executing: getElementText [910b6fb9-78a8-fe4b-95b2-d66edd6da9be, getElementText {id={602b0442-ba3b-9341-8252-e70aee11b8ae}}]
三月 23, 2014 4:23:54 下午 org.openqa.selenium.remote.RemoteWebDriver log
信息: Executed: [910b6fb9-78a8-fe4b-95b2-d66edd6da9be, getElementText {id={602b0442-ba3b-9341-8252-e70aee11b8ae}}]
三月 23, 2014 4:23:54 下午 org.openqa.selenium.testing.JUnit4TestBase$1 finished
信息: <<< Finished testShouldClickOnGraphVisualElements(org.openqa.selenium.SvgElementTest)
三月 23, 2014 4:23:54 下午 org.openqa.selenium.testing.JUnit4TestBase$1 starting
信息: >>> Starting testExecuteScriptInSvgDocument(org.openqa.selenium.SvgDocumentTest)
三月 23, 2014 4:23:54 下午 org.openqa.selenium.remote.RemoteWebDriver log
信息: Executing: executeScript [910b6fb9-78a8-fe4b-95b2-d66edd6da9be, executeScript {script=return navigator.userAgent;, args=[]}]
三月 23, 2014 4:23:54 下午 org.openqa.selenium.remote.RemoteWebDriver log
信息: Executed: [910b6fb9-78a8-fe4b-95b2-d66edd6da9be, executeScript {script=return navigator.userAgent;, args=[]}]
三月 23, 2014 4:23:54 下午 org.openqa.selenium.remote.RemoteWebDriver log
信息: Executing: get [910b6fb9-78a8-fe4b-95b2-d66edd6da9be, get {url=http://localhost:6461/common/svgTest.svg}]
三月 23, 2014 4:23:54 下午 org.openqa.selenium.remote.RemoteWebDriver log
信息: Executed: [910b6fb9-78a8-fe4b-95b2-d66edd6da9be, get {url=http://localhost:6461/common/svgTest.svg}]
三月 23, 2014 4:23:54 下午 org.openqa.selenium.remote.RemoteWebDriver log
信息: Executing: findElement [910b6fb9-78a8-fe4b-95b2-d66edd6da9be, findElement {using=id, value=rect}]
三月 23, 2014 4:23:54 下午 org.openqa.selenium.remote.RemoteWebDriver log
信息: Executed: [910b6fb9-78a8-fe4b-95b2-d66edd6da9be, findElement {using=id, value=rect}]
三月 23, 2014 4:23:54 下午 org.openqa.selenium.remote.RemoteWebDriver log
信息: Executing: getElementAttribute [910b6fb9-78a8-fe4b-95b2-d66edd6da9be, getElementAttribute {id={c1ec1c72-0c0f-5e41-b024-56a8c00c28dd}, name=fill}]
三月 23, 2014 4:23:54 下午 org.openqa.selenium.remote.RemoteWebDriver log
信息: Executed: [910b6fb9-78a8-fe4b-95b2-d66edd6da9be, getElementAttribute {id={c1ec1c72-0c0f-5e41-b024-56a8c00c28dd}, name=fill}]
三月 23, 2014 4:23:54 下午 org.openqa.selenium.remote.RemoteWebDriver log
信息: Executing: executeScript [910b6fb9-78a8-fe4b-95b2-d66edd6da9be, executeScript {script=document.getElementById('rect').setAttribute('fill', 'yellow');, args=[]}]
三月 23, 2014 4:23:54 下午 org.openqa.selenium.remote.RemoteWebDriver log
信息: Executed: [910b6fb9-78a8-fe4b-95b2-d66edd6da9be, executeScript {script=document.getElementById('rect').setAttribute('fill', 'yellow');, args=[]}]
三月 23, 2014 4:23:54 下午 org.openqa.selenium.remote.RemoteWebDriver log
信息: Executing: getElementAttribute [910b6fb9-78a8-fe4b-95b2-d66edd6da9be, getElementAttribute {id={c1ec1c72-0c0f-5e41-b024-56a8c00c28dd}, name=fill}]
三月 23, 2014 4:23:54 下午 org.openqa.selenium.remote.RemoteWebDriver log
信息: Executed: [910b6fb9-78a8-fe4b-95b2-d66edd6da9be, getElementAttribute {id={c1ec1c72-0c0f-5e41-b024-56a8c00c28dd}, name=fill}]
三月 23, 2014 4:23:54 下午 org.openqa.selenium.testing.JUnit4TestBase$1 finished
信息: <<< Finished testExecuteScriptInSvgDocument(org.openqa.selenium.SvgDocumentTest)
三月 23, 2014 4:23:54 下午 org.openqa.selenium.testing.JUnit4TestBase$1 starting
信息: >>> Starting testClickOnSvgElement(org.openqa.selenium.SvgDocumentTest)
三月 23, 2014 4:23:54 下午 org.openqa.selenium.remote.RemoteWebDriver log
信息: Executing: executeScript [910b6fb9-78a8-fe4b-95b2-d66edd6da9be, executeScript {script=return navigator.userAgent;, args=[]}]
三月 23, 2014 4:23:54 下午 org.openqa.selenium.remote.RemoteWebDriver log
信息: Executed: [910b6fb9-78a8-fe4b-95b2-d66edd6da9be, executeScript {script=return navigator.userAgent;, args=[]}]
三月 23, 2014 4:23:54 下午 org.openqa.selenium.remote.RemoteWebDriver log
信息: Executing: executeScript [910b6fb9-78a8-fe4b-95b2-d66edd6da9be, executeScript {script=return navigator.userAgent;, args=[]}]
三月 23, 2014 4:23:54 下午 org.openqa.selenium.remote.RemoteWebDriver log
信息: Executed: [910b6fb9-78a8-fe4b-95b2-d66edd6da9be, executeScript {script=return navigator.userAgent;, args=[]}]
三月 23, 2014 4:23:54 下午 org.openqa.selenium.remote.RemoteWebDriver log
信息: Executing: executeScript [910b6fb9-78a8-fe4b-95b2-d66edd6da9be, executeScript {script=return navigator.userAgent;, args=[]}]
三月 23, 2014 4:23:54 下午 org.openqa.selenium.remote.RemoteWebDriver log
信息: Executed: [910b6fb9-78a8-fe4b-95b2-d66edd6da9be, executeScript {script=return navigator.userAgent;, args=[]}]
三月 23, 2014 4:23:54 下午 org.openqa.selenium.remote.RemoteWebDriver log
信息: Executing: get [910b6fb9-78a8-fe4b-95b2-d66edd6da9be, get {url=http://localhost:6461/common/svgTest.svg}]
三月 23, 2014 4:23:54 下午 org.openqa.selenium.remote.RemoteWebDriver log
信息: Executed: [910b6fb9-78a8-fe4b-95b2-d66edd6da9be, get {url=http://localhost:6461/common/svgTest.svg}]
三月 23, 2014 4:23:54 下午 org.openqa.selenium.remote.RemoteWebDriver log
信息: Executing: findElement [910b6fb9-78a8-fe4b-95b2-d66edd6da9be, findElement {using=id, value=rect}]
三月 23, 2014 4:23:54 下午 org.openqa.selenium.remote.RemoteWebDriver log
信息: Executed: [910b6fb9-78a8-fe4b-95b2-d66edd6da9be, findElement {using=id, value=rect}]
三月 23, 2014 4:23:54 下午 org.openqa.selenium.remote.RemoteWebDriver log
信息: Executing: getElementAttribute [910b6fb9-78a8-fe4b-95b2-d66edd6da9be, getElementAttribute {id={e43ab844-697b-5f47-bb04-c5172922e9a3}, name=fill}]
三月 23, 2014 4:23:54 下午 org.openqa.selenium.remote.RemoteWebDriver log
信息: Executed: [910b6fb9-78a8-fe4b-95b2-d66edd6da9be, getElementAttribute {id={e43ab844-697b-5f47-bb04-c5172922e9a3}, name=fill}]
三月 23, 2014 4:23:54 下午 org.openqa.selenium.remote.RemoteWebDriver log
信息: Executing: clickElement [910b6fb9-78a8-fe4b-95b2-d66edd6da9be, clickElement {id={e43ab844-697b-5f47-bb04-c5172922e9a3}}]
三月 23, 2014 4:23:54 下午 org.openqa.selenium.remote.RemoteWebDriver log
信息: Executed: [910b6fb9-78a8-fe4b-95b2-d66edd6da9be, clickElement {id={e43ab844-697b-5f47-bb04-c5172922e9a3}}]
三月 23, 2014 4:23:54 下午 org.openqa.selenium.remote.RemoteWebDriver log
信息: Executing: getElementAttribute [910b6fb9-78a8-fe4b-95b2-d66edd6da9be, getElementAttribute {id={e43ab844-697b-5f47-bb04-c5172922e9a3}, name=fill}]
三月 23, 2014 4:23:54 下午 org.openqa.selenium.remote.RemoteWebDriver log
信息: Executed: [910b6fb9-78a8-fe4b-95b2-d66edd6da9be, getElementAttribute {id={e43ab844-697b-5f47-bb04-c5172922e9a3}, name=fill}]
三月 23, 2014 4:23:54 下午 org.openqa.selenium.testing.JUnit4TestBase$1 finished
信息: <<< Finished testClickOnSvgElement(org.openqa.selenium.SvgDocumentTest)
三月 23, 2014 4:23:54 下午 org.openqa.selenium.testing.JUnit4TestBase$1 starting
信息: >>> Starting testShouldCaptureScreenshotOfCurrentViewport(org.openqa.selenium.TakesScreenshotTest)
三月 23, 2014 4:23:54 下午 org.openqa.selenium.remote.RemoteWebDriver log
信息: Executing: get [910b6fb9-78a8-fe4b-95b2-d66edd6da9be, get {url=http://localhost:6461/common/screen/screen.html}]
三月 23, 2014 4:23:54 下午 org.openqa.selenium.remote.RemoteWebDriver log
信息: Executed: [910b6fb9-78a8-fe4b-95b2-d66edd6da9be, get {url=http://localhost:6461/common/screen/screen.html}]
三月 23, 2014 4:23:54 下午 org.openqa.selenium.remote.RemoteWebDriver log
信息: Executing: screenshot [910b6fb9-78a8-fe4b-95b2-d66edd6da9be, screenshot {}]
三月 23, 2014 4:23:54 下午 org.openqa.selenium.remote.RemoteWebDriver log
信息: Executed: [910b6fb9-78a8-fe4b-95b2-d66edd6da9be, screenshot {}]
三月 23, 2014 4:23:55 下午 org.openqa.selenium.testing.JUnit4TestBase$1 finished
信息: <<< Finished testShouldCaptureScreenshotOfCurrentViewport(org.openqa.selenium.TakesScreenshotTest)
三月 23, 2014 4:23:55 下午 org.openqa.selenium.testing.JUnit4TestBase$1 starting
信息: >>> Starting testGetScreenshotAsBase64(org.openqa.selenium.TakesScreenshotTest)
三月 23, 2014 4:23:55 下午 org.openqa.selenium.remote.RemoteWebDriver log
信息: Executing: get [910b6fb9-78a8-fe4b-95b2-d66edd6da9be, get {url=http://localhost:6461/common/simpleTest.html}]
三月 23, 2014 4:23:56 下午 org.openqa.selenium.remote.RemoteWebDriver log
信息: Executed: [910b6fb9-78a8-fe4b-95b2-d66edd6da9be, get {url=http://localhost:6461/common/simpleTest.html}]
三月 23, 2014 4:23:56 下午 org.openqa.selenium.remote.RemoteWebDriver log
信息: Executing: screenshot [910b6fb9-78a8-fe4b-95b2-d66edd6da9be, screenshot {}]
三月 23, 2014 4:23:56 下午 org.openqa.selenium.remote.RemoteWebDriver log
信息: Executed: [910b6fb9-78a8-fe4b-95b2-d66edd6da9be, screenshot {}]
三月 23, 2014 4:23:56 下午 org.openqa.selenium.testing.JUnit4TestBase$1 finished
信息: <<< Finished testGetScreenshotAsBase64(org.openqa.selenium.TakesScreenshotTest)
三月 23, 2014 4:23:56 下午 org.openqa.selenium.testing.JUnit4TestBase$1 starting
信息: >>> Starting testGetScreenshotAsBinary(org.openqa.selenium.TakesScreenshotTest)
三月 23, 2014 4:23:56 下午 org.openqa.selenium.remote.RemoteWebDriver log
信息: Executing: get [910b6fb9-78a8-fe4b-95b2-d66edd6da9be, get {url=http://localhost:6461/common/simpleTest.html}]
三月 23, 2014 4:23:56 下午 org.openqa.selenium.remote.RemoteWebDriver log
信息: Executed: [910b6fb9-78a8-fe4b-95b2-d66edd6da9be, get {url=http://localhost:6461/common/simpleTest.html}]
三月 23, 2014 4:23:56 下午 org.openqa.selenium.remote.RemoteWebDriver log
信息: Executing: screenshot [910b6fb9-78a8-fe4b-95b2-d66edd6da9be, screenshot {}]
三月 23, 2014 4:23:56 下午 org.openqa.selenium.remote.RemoteWebDriver log
信息: Executed: [910b6fb9-78a8-fe4b-95b2-d66edd6da9be, screenshot {}]
三月 23, 2014 4:23:56 下午 org.openqa.selenium.testing.JUnit4TestBase$1 finished
信息: <<< Finished testGetScreenshotAsBinary(org.openqa.selenium.TakesScreenshotTest)
三月 23, 2014 4:23:56 下午 org.openqa.selenium.testing.JUnit4TestBase$1 starting
信息: >>> Starting testShouldCaptureScreenshotAtFramePageAfterSwitching(org.openqa.selenium.TakesScreenshotTest)
三月 23, 2014 4:23:56 下午 org.openqa.selenium.remote.RemoteWebDriver log
信息: Executing: get [910b6fb9-78a8-fe4b-95b2-d66edd6da9be, get {url=http://localhost:6461/common/screen/screen_frames.html}]
三月 23, 2014 4:23:56 下午 org.openqa.selenium.remote.RemoteWebDriver log
信息: Executed: [910b6fb9-78a8-fe4b-95b2-d66edd6da9be, get {url=http://localhost:6461/common/screen/screen_frames.html}]
三月 23, 2014 4:23:56 下午 org.openqa.selenium.remote.RemoteWebDriver log
信息: Executing: findElement [910b6fb9-78a8-fe4b-95b2-d66edd6da9be, findElement {using=id, value=frame2}]
三月 23, 2014 4:23:56 下午 org.openqa.selenium.remote.RemoteWebDriver log
信息: Executed: [910b6fb9-78a8-fe4b-95b2-d66edd6da9be, findElement {using=id, value=frame2}]
三月 23, 2014 4:23:56 下午 org.openqa.selenium.remote.RemoteWebDriver log
信息: Executing: switchToFrame [910b6fb9-78a8-fe4b-95b2-d66edd6da9be, switchToFrame {id={ELEMENT={1d352719-3030-7945-88a0-2a706c746952}}}]
三月 23, 2014 4:23:56 下午 org.openqa.selenium.remote.RemoteWebDriver log
信息: Executed: [910b6fb9-78a8-fe4b-95b2-d66edd6da9be, switchToFrame {id={ELEMENT={1d352719-3030-7945-88a0-2a706c746952}}}]
三月 23, 2014 4:23:56 下午 org.openqa.selenium.remote.RemoteWebDriver log
信息: Executing: screenshot [910b6fb9-78a8-fe4b-95b2-d66edd6da9be, screenshot {}]
三月 23, 2014 4:23:56 下午 org.openqa.selenium.remote.RemoteWebDriver log
信息: Executed: [910b6fb9-78a8-fe4b-95b2-d66edd6da9be, screenshot {}]
三月 23, 2014 4:23:56 下午 org.openqa.selenium.testing.JUnit4TestBase$1 finished
信息: <<< Finished testShouldCaptureScreenshotAtFramePageAfterSwitching(org.openqa.selenium.TakesScreenshotTest)
三月 23, 2014 4:23:56 下午 org.openqa.selenium.testing.JUnit4TestBase$1 starting
信息: >>> Starting testShouldCaptureScreenshotAtIFramePageAfterSwitching(org.openqa.selenium.TakesScreenshotTest)
三月 23, 2014 4:23:56 下午 org.openqa.selenium.remote.RemoteWebDriver log
信息: Executing: get [910b6fb9-78a8-fe4b-95b2-d66edd6da9be, get {url=http://localhost:6461/common/screen/screen_iframes.html}]
三月 23, 2014 4:23:56 下午 org.openqa.selenium.remote.RemoteWebDriver log
信息: Executed: [910b6fb9-78a8-fe4b-95b2-d66edd6da9be, get {url=http://localhost:6461/common/screen/screen_iframes.html}]
三月 23, 2014 4:23:56 下午 org.openqa.selenium.remote.RemoteWebDriver log
信息: Executing: findElement [910b6fb9-78a8-fe4b-95b2-d66edd6da9be, findElement {using=id, value=iframe2}]
三月 23, 2014 4:23:56 下午 org.openqa.selenium.remote.RemoteWebDriver log
信息: Executed: [910b6fb9-78a8-fe4b-95b2-d66edd6da9be, findElement {using=id, value=iframe2}]
三月 23, 2014 4:23:56 下午 org.openqa.selenium.remote.RemoteWebDriver log
信息: Executing: switchToFrame [910b6fb9-78a8-fe4b-95b2-d66edd6da9be, switchToFrame {id={ELEMENT={e3970bba-b5c6-d14f-8962-1200ae681383}}}]
三月 23, 2014 4:23:56 下午 org.openqa.selenium.remote.RemoteWebDriver log
信息: Executed: [910b6fb9-78a8-fe4b-95b2-d66edd6da9be, switchToFrame {id={ELEMENT={e3970bba-b5c6-d14f-8962-1200ae681383}}}]
三月 23, 2014 4:23:56 下午 org.openqa.selenium.remote.RemoteWebDriver log
信息: Executing: screenshot [910b6fb9-78a8-fe4b-95b2-d66edd6da9be, screenshot {}]
三月 23, 2014 4:23:56 下午 org.openqa.selenium.remote.RemoteWebDriver log
信息: Executed: [910b6fb9-78a8-fe4b-95b2-d66edd6da9be, screenshot {}]
三月 23, 2014 4:23:56 下午 org.openqa.selenium.testing.JUnit4TestBase$1 finished
信息: <<< Finished testShouldCaptureScreenshotAtIFramePageAfterSwitching(org.openqa.selenium.TakesScreenshotTest)
三月 23, 2014 4:23:56 下午 org.openqa.selenium.testing.JUnit4TestBase$1 starting
信息: >>> Starting testShouldCaptureScreenshotAtFramePage(org.openqa.selenium.TakesScreenshotTest)
三月 23, 2014 4:23:56 下午 org.openqa.selenium.remote.RemoteWebDriver log
信息: Executing: get [910b6fb9-78a8-fe4b-95b2-d66edd6da9be, get {url=http://localhost:6461/common/screen/screen_frames.html}]
三月 23, 2014 4:23:56 下午 org.openqa.selenium.remote.RemoteWebDriver log
信息: Executed: [910b6fb9-78a8-fe4b-95b2-d66edd6da9be, get {url=http://localhost:6461/common/screen/screen_frames.html}]
三月 23, 2014 4:23:56 下午 org.openqa.selenium.remote.RemoteWebDriver log
信息: Executing: screenshot [910b6fb9-78a8-fe4b-95b2-d66edd6da9be, screenshot {}]
三月 23, 2014 4:23:56 下午 org.openqa.selenium.remote.RemoteWebDriver log
信息: Executed: [910b6fb9-78a8-fe4b-95b2-d66edd6da9be, screenshot {}]
三月 23, 2014 4:23:56 下午 org.openqa.selenium.testing.JUnit4TestBase$1 finished
信息: <<< Finished testShouldCaptureScreenshotAtFramePage(org.openqa.selenium.TakesScreenshotTest)
三月 23, 2014 4:23:56 下午 org.openqa.selenium.testing.JUnit4TestBase$1 starting
信息: >>> Starting testShouldCaptureScreenshotOfPageWithLongX(org.openqa.selenium.TakesScreenshotTest)
三月 23, 2014 4:23:56 下午 org.openqa.selenium.remote.RemoteWebDriver log
信息: Executing: get [910b6fb9-78a8-fe4b-95b2-d66edd6da9be, get {url=http://localhost:6461/common/screen/screen_x_long.html}]
三月 23, 2014 4:23:56 下午 org.openqa.selenium.remote.RemoteWebDriver log
信息: Executed: [910b6fb9-78a8-fe4b-95b2-d66edd6da9be, get {url=http://localhost:6461/common/screen/screen_x_long.html}]
三月 23, 2014 4:23:56 下午 org.openqa.selenium.remote.RemoteWebDriver log
信息: Executing: screenshot [910b6fb9-78a8-fe4b-95b2-d66edd6da9be, screenshot {}]
三月 23, 2014 4:23:57 下午 org.openqa.selenium.remote.RemoteWebDriver log
信息: Executed: [910b6fb9-78a8-fe4b-95b2-d66edd6da9be, screenshot {}]
三月 23, 2014 4:23:57 下午 org.openqa.selenium.testing.JUnit4TestBase$1 finished
信息: <<< Finished testShouldCaptureScreenshotOfPageWithLongX(org.openqa.selenium.TakesScreenshotTest)
三月 23, 2014 4:23:57 下午 org.openqa.selenium.testing.JUnit4TestBase$1 starting
信息: >>> Starting testShouldCaptureScreenshotOfPageWithLongY(org.openqa.selenium.TakesScreenshotTest)
三月 23, 2014 4:23:57 下午 org.openqa.selenium.remote.RemoteWebDriver log
信息: Executing: get [910b6fb9-78a8-fe4b-95b2-d66edd6da9be, get {url=http://localhost:6461/common/screen/screen_y_long.html}]
三月 23, 2014 4:23:57 下午 org.openqa.selenium.remote.RemoteWebDriver log
信息: Executed: [910b6fb9-78a8-fe4b-95b2-d66edd6da9be, get {url=http://localhost:6461/common/screen/screen_y_long.html}]
三月 23, 2014 4:23:57 下午 org.openqa.selenium.remote.RemoteWebDriver log
信息: Executing: screenshot [910b6fb9-78a8-fe4b-95b2-d66edd6da9be, screenshot {}]
三月 23, 2014 4:23:57 下午 org.openqa.selenium.remote.RemoteWebDriver log
信息: Executed: [910b6fb9-78a8-fe4b-95b2-d66edd6da9be, screenshot {}]
三月 23, 2014 4:23:57 下午 org.openqa.selenium.testing.JUnit4TestBase$1 finished
信息: <<< Finished testShouldCaptureScreenshotOfPageWithLongY(org.openqa.selenium.TakesScreenshotTest)
三月 23, 2014 4:23:57 下午 org.openqa.selenium.testing.JUnit4TestBase$1 starting
信息: >>> Starting testShouldCaptureScreenshotAtIFramePage(org.openqa.selenium.TakesScreenshotTest)
三月 23, 2014 4:23:57 下午 org.openqa.selenium.remote.RemoteWebDriver log
信息: Executing: get [910b6fb9-78a8-fe4b-95b2-d66edd6da9be, get {url=http://localhost:6461/common/screen/screen_iframes.html}]
三月 23, 2014 4:23:57 下午 org.openqa.selenium.remote.RemoteWebDriver log
信息: Executed: [910b6fb9-78a8-fe4b-95b2-d66edd6da9be, get {url=http://localhost:6461/common/screen/screen_iframes.html}]
三月 23, 2014 4:23:57 下午 org.openqa.selenium.remote.RemoteWebDriver log
信息: Executing: screenshot [910b6fb9-78a8-fe4b-95b2-d66edd6da9be, screenshot {}]
三月 23, 2014 4:23:57 下午 org.openqa.selenium.remote.RemoteWebDriver log
信息: Executed: [910b6fb9-78a8-fe4b-95b2-d66edd6da9be, screenshot {}]
三月 23, 2014 4:23:57 下午 org.openqa.selenium.testing.JUnit4TestBase$1 finished
信息: <<< Finished testShouldCaptureScreenshotAtIFramePage(org.openqa.selenium.TakesScreenshotTest)
三月 23, 2014 4:23:57 下午 org.openqa.selenium.testing.JUnit4TestBase$1 starting
信息: >>> Starting testGetScreenshotAsFile(org.openqa.selenium.TakesScreenshotTest)
三月 23, 2014 4:23:57 下午 org.openqa.selenium.remote.RemoteWebDriver log
信息: Executing: get [910b6fb9-78a8-fe4b-95b2-d66edd6da9be, get {url=http://localhost:6461/common/simpleTest.html}]
三月 23, 2014 4:23:57 下午 org.openqa.selenium.remote.RemoteWebDriver log
信息: Executed: [910b6fb9-78a8-fe4b-95b2-d66edd6da9be, get {url=http://localhost:6461/common/simpleTest.html}]
三月 23, 2014 4:23:57 下午 org.openqa.selenium.remote.RemoteWebDriver log
信息: Executing: screenshot [910b6fb9-78a8-fe4b-95b2-d66edd6da9be, screenshot {}]
三月 23, 2014 4:23:57 下午 org.openqa.selenium.remote.RemoteWebDriver log
信息: Executed: [910b6fb9-78a8-fe4b-95b2-d66edd6da9be, screenshot {}]
三月 23, 2014 4:23:57 下午 org.openqa.selenium.testing.JUnit4TestBase$1 finished
信息: <<< Finished testGetScreenshotAsFile(org.openqa.selenium.TakesScreenshotTest)
三月 23, 2014 4:23:57 下午 org.openqa.selenium.testing.JUnit4TestBase$1 starting
信息: >>> Starting testShouldNotTrimTrailingNonBreakingSpacesInMultilineText(org.openqa.selenium.TextHandlingTest)
三月 23, 2014 4:23:57 下午 org.openqa.selenium.remote.RemoteWebDriver log
信息: Executing: get [910b6fb9-78a8-fe4b-95b2-d66edd6da9be, get {url=http://localhost:6461/common/simpleTest.html}]
三月 23, 2014 4:23:57 下午 org.openqa.selenium.remote.RemoteWebDriver log
信息: Executed: [910b6fb9-78a8-fe4b-95b2-d66edd6da9be, get {url=http://localhost:6461/common/simpleTest.html}]
三月 23, 2014 4:23:57 下午 org.openqa.selenium.remote.RemoteWebDriver log
信息: Executing: findElement [910b6fb9-78a8-fe4b-95b2-d66edd6da9be, findElement {using=id, value=multilinenbsp}]
三月 23, 2014 4:23:57 下午 org.openqa.selenium.remote.RemoteWebDriver log
信息: Executed: [910b6fb9-78a8-fe4b-95b2-d66edd6da9be, findElement {using=id, value=multilinenbsp}]
三月 23, 2014 4:23:57 下午 org.openqa.selenium.remote.RemoteWebDriver log
信息: Executing: getElementText [910b6fb9-78a8-fe4b-95b2-d66edd6da9be, getElementText {id={6eb38314-0905-ca4a-a6a0-62bda5931e86}}]
三月 23, 2014 4:23:57 下午 org.openqa.selenium.remote.RemoteWebDriver log
信息: Executed: [910b6fb9-78a8-fe4b-95b2-d66edd6da9be, getElementText {id={6eb38314-0905-ca4a-a6a0-62bda5931e86}}]
三月 23, 2014 4:23:57 下午 org.openqa.selenium.testing.JUnit4TestBase$1 finished
信息: <<< Finished testShouldNotTrimTrailingNonBreakingSpacesInMultilineText(org.openqa.selenium.TextHandlingTest)
三月 23, 2014 4:23:57 下午 org.openqa.selenium.testing.JUnit4TestBase$1 starting
信息: >>> Starting testShouldHandleWhitespaceInInlineElements(org.openqa.selenium.TextHandlingTest)
三月 23, 2014 4:23:57 下午 org.openqa.selenium.remote.RemoteWebDriver log
信息: Executing: get [910b6fb9-78a8-fe4b-95b2-d66edd6da9be, get {url=http://localhost:6461/common/simpleTest.html}]
三月 23, 2014 4:23:57 下午 org.openqa.selenium.remote.RemoteWebDriver log
信息: Executed: [910b6fb9-78a8-fe4b-95b2-d66edd6da9be, get {url=http://localhost:6461/common/simpleTest.html}]
三月 23, 2014 4:23:57 下午 org.openqa.selenium.remote.RemoteWebDriver log
信息: Executing: findElement [910b6fb9-78a8-fe4b-95b2-d66edd6da9be, findElement {using=id, value=inlinespan}]
三月 23, 2014 4:23:57 下午 org.openqa.selenium.remote.RemoteWebDriver log
信息: Executed: [910b6fb9-78a8-fe4b-95b2-d66edd6da9be, findElement {using=id, value=inlinespan}]
三月 23, 2014 4:23:57 下午 org.openqa.selenium.remote.RemoteWebDriver log
信息: Executing: getElementText [910b6fb9-78a8-fe4b-95b2-d66edd6da9be, getElementText {id={eb3bc70c-2ee7-474a-93ea-508dcfc24c13}}]
三月 23, 2014 4:23:57 下午 org.openqa.selenium.remote.RemoteWebDriver log
信息: Executed: [910b6fb9-78a8-fe4b-95b2-d66edd6da9be, getElementText {id={eb3bc70c-2ee7-474a-93ea-508dcfc24c13}}]
三月 23, 2014 4:23:57 下午 org.openqa.selenium.testing.JUnit4TestBase$1 finished
信息: <<< Finished testShouldHandleWhitespaceInInlineElements(org.openqa.selenium.TextHandlingTest)
三月 23, 2014 4:23:57 下午 org.openqa.selenium.testing.JUnit4TestBase$1 starting
信息: >>> Starting testShouldRetainTheFormatingOfTextWithinAPreElementThatIsWithinARegularBlock(org.openqa.selenium.TextHandlingTest)
三月 23, 2014 4:23:57 下午 org.openqa.selenium.remote.RemoteWebDriver log
信息: Executing: get [910b6fb9-78a8-fe4b-95b2-d66edd6da9be, get {url=http://localhost:6461/common/simpleTest.html}]
三月 23, 2014 4:23:57 下午 org.openqa.selenium.remote.RemoteWebDriver log
信息: Executed: [910b6fb9-78a8-fe4b-95b2-d66edd6da9be, get {url=http://localhost:6461/common/simpleTest.html}]
三月 23, 2014 4:23:57 下午 org.openqa.selenium.remote.RemoteWebDriver log
信息: Executing: findElement [910b6fb9-78a8-fe4b-95b2-d66edd6da9be, findElement {using=id, value=div-with-pre}]
三月 23, 2014 4:23:58 下午 org.openqa.selenium.remote.RemoteWebDriver log
信息: Executed: [910b6fb9-78a8-fe4b-95b2-d66edd6da9be, findElement {using=id, value=div-with-pre}]
三月 23, 2014 4:23:58 下午 org.openqa.selenium.remote.RemoteWebDriver log
信息: Executing: getElementText [910b6fb9-78a8-fe4b-95b2-d66edd6da9be, getElementText {id={644d9254-bf2f-8e4c-bd25-31aaa05f3dd6}}]
三月 23, 2014 4:23:58 下午 org.openqa.selenium.remote.RemoteWebDriver log
信息: Executed: [910b6fb9-78a8-fe4b-95b2-d66edd6da9be, getElementText {id={644d9254-bf2f-8e4c-bd25-31aaa05f3dd6}}]
三月 23, 2014 4:23:58 下午 org.openqa.selenium.testing.JUnit4TestBase$1 finished
信息: <<< Finished testShouldRetainTheFormatingOfTextWithinAPreElementThatIsWithinARegularBlock(org.openqa.selenium.TextHandlingTest)
三月 23, 2014 4:23:58 下午 org.openqa.selenium.testing.JUnit4TestBase$1 starting
信息: >>> Starting testShouldGetTextWhichIsAValidJSONObject(org.openqa.selenium.TextHandlingTest)
三月 23, 2014 4:23:58 下午 org.openqa.selenium.remote.RemoteWebDriver log
信息: Executing: get [910b6fb9-78a8-fe4b-95b2-d66edd6da9be, get {url=http://localhost:6461/common/simpleTest.html}]
三月 23, 2014 4:23:58 下午 org.openqa.selenium.remote.RemoteWebDriver log
信息: Executed: [910b6fb9-78a8-fe4b-95b2-d66edd6da9be, get {url=http://localhost:6461/common/simpleTest.html}]
三月 23, 2014 4:23:58 下午 org.openqa.selenium.remote.RemoteWebDriver log
信息: Executing: findElement [910b6fb9-78a8-fe4b-95b2-d66edd6da9be, findElement {using=id, value=simpleJsonText}]
三月 23, 2014 4:23:58 下午 org.openqa.selenium.remote.RemoteWebDriver log
信息: Executed: [910b6fb9-78a8-fe4b-95b2-d66edd6da9be, findElement {using=id, value=simpleJsonText}]
三月 23, 2014 4:23:58 下午 org.openqa.selenium.remote.RemoteWebDriver log
信息: Executing: getElementText [910b6fb9-78a8-fe4b-95b2-d66edd6da9be, getElementText {id={641022c8-ebc8-314e-a7cc-d7aebe3e0a31}}]
三月 23, 2014 4:23:58 下午 org.openqa.selenium.remote.RemoteWebDriver log
信息: Executed: [910b6fb9-78a8-fe4b-95b2-d66edd6da9be, getElementText {id={641022c8-ebc8-314e-a7cc-d7aebe3e0a31}}]
三月 23, 2014 4:23:58 下午 org.openqa.selenium.testing.JUnit4TestBase$1 finished
信息: <<< Finished testShouldGetTextWhichIsAValidJSONObject(org.openqa.selenium.TextHandlingTest)
三月 23, 2014 4:23:58 下午 org.openqa.selenium.testing.JUnit4TestBase$1 starting
信息: >>> Starting testShouldHandleSiblingBlockLevelElements(org.openqa.selenium.TextHandlingTest)
三月 23, 2014 4:23:58 下午 org.openqa.selenium.remote.RemoteWebDriver log
信息: Executing: get [910b6fb9-78a8-fe4b-95b2-d66edd6da9be, get {url=http://localhost:6461/common/simpleTest.html}]
三月 23, 2014 4:23:58 下午 org.openqa.selenium.remote.RemoteWebDriver log
信息: Executed: [910b6fb9-78a8-fe4b-95b2-d66edd6da9be, get {url=http://localhost:6461/common/simpleTest.html}]
三月 23, 2014 4:23:58 下午 org.openqa.selenium.remote.RemoteWebDriver log
信息: Executing: findElement [910b6fb9-78a8-fe4b-95b2-d66edd6da9be, findElement {using=id, value=twoblocks}]
三月 23, 2014 4:23:58 下午 org.openqa.selenium.remote.RemoteWebDriver log
信息: Executed: [910b6fb9-78a8-fe4b-95b2-d66edd6da9be, findElement {using=id, value=twoblocks}]
三月 23, 2014 4:23:58 下午 org.openqa.selenium.remote.RemoteWebDriver log
信息: Executing: getElementText [910b6fb9-78a8-fe4b-95b2-d66edd6da9be, getElementText {id={98211e23-837b-5342-889b-7c8bb2a6e606}}]
三月 23, 2014 4:23:58 下午 org.openqa.selenium.remote.RemoteWebDriver log
信息: Executed: [910b6fb9-78a8-fe4b-95b2-d66edd6da9be, getElementText {id={98211e23-837b-5342-889b-7c8bb2a6e606}}]
三月 23, 2014 4:23:58 下午 org.openqa.selenium.testing.JUnit4TestBase$1 finished
信息: <<< Finished testShouldHandleSiblingBlockLevelElements(org.openqa.selenium.TextHandlingTest)
三月 23, 2014 4:23:58 下午 org.openqa.selenium.testing.JUnit4TestBase$1 starting
信息: >>> Starting testShouldReturnEmptyStringWhenTagIsSelfClosing(org.openqa.selenium.TextHandlingTest)
三月 23, 2014 4:23:58 下午 org.openqa.selenium.remote.RemoteWebDriver log
信息: Executing: executeScript [910b6fb9-78a8-fe4b-95b2-d66edd6da9be, executeScript {script=return navigator.userAgent;, args=[]}]
三月 23, 2014 4:23:58 下午 org.openqa.selenium.remote.RemoteWebDriver log
信息: Executed: [910b6fb9-78a8-fe4b-95b2-d66edd6da9be, executeScript {script=return navigator.userAgent;, args=[]}]
三月 23, 2014 4:23:58 下午 org.openqa.selenium.remote.RemoteWebDriver log
信息: Executing: get [910b6fb9-78a8-fe4b-95b2-d66edd6da9be, get {url=http://localhost:6461/common/xhtmlFormPage.xhtml}]
三月 23, 2014 4:23:58 下午 org.openqa.selenium.remote.RemoteWebDriver log
信息: Executed: [910b6fb9-78a8-fe4b-95b2-d66edd6da9be, get {url=http://localhost:6461/common/xhtmlFormPage.xhtml}]
三月 23, 2014 4:23:58 下午 org.openqa.selenium.remote.RemoteWebDriver log
信息: Executing: findElement [910b6fb9-78a8-fe4b-95b2-d66edd6da9be, findElement {using=id, value=self-closed}]
三月 23, 2014 4:23:58 下午 org.openqa.selenium.remote.RemoteWebDriver log
信息: Executed: [910b6fb9-78a8-fe4b-95b2-d66edd6da9be, findElement {using=id, value=self-closed}]
三月 23, 2014 4:23:58 下午 org.openqa.selenium.remote.RemoteWebDriver log
信息: Executing: getElementText [910b6fb9-78a8-fe4b-95b2-d66edd6da9be, getElementText {id={ebcb964f-2edc-5740-b11c-362fe7455cdf}}]
三月 23, 2014 4:23:58 下午 org.openqa.selenium.remote.RemoteWebDriver log
信息: Executed: [910b6fb9-78a8-fe4b-95b2-d66edd6da9be, getElementText {id={ebcb964f-2edc-5740-b11c-362fe7455cdf}}]
三月 23, 2014 4:23:58 下午 org.openqa.selenium.testing.JUnit4TestBase$1 finished
信息: <<< Finished testShouldReturnEmptyStringWhenTagIsSelfClosing(org.openqa.selenium.TextHandlingTest)
三月 23, 2014 4:23:58 下午 org.openqa.selenium.testing.JUnit4TestBase$1 starting
信息: >>> Starting testShouldGetTextFromTableCells(org.openqa.selenium.TextHandlingTest)
三月 23, 2014 4:23:58 下午 org.openqa.selenium.remote.RemoteWebDriver log
信息: Executing: get [910b6fb9-78a8-fe4b-95b2-d66edd6da9be, get {url=http://localhost:6461/common/tables.html}]
三月 23, 2014 4:23:58 下午 org.openqa.selenium.remote.RemoteWebDriver log
信息: Executed: [910b6fb9-78a8-fe4b-95b2-d66edd6da9be, get {url=http://localhost:6461/common/tables.html}]
三月 23, 2014 4:23:58 下午 org.openqa.selenium.remote.RemoteWebDriver log
信息: Executing: findElement [910b6fb9-78a8-fe4b-95b2-d66edd6da9be, findElement {using=id, value=hidden_text}]
三月 23, 2014 4:23:58 下午 org.openqa.selenium.remote.RemoteWebDriver log
信息: Executed: [910b6fb9-78a8-fe4b-95b2-d66edd6da9be, findElement {using=id, value=hidden_text}]
三月 23, 2014 4:23:58 下午 org.openqa.selenium.remote.RemoteWebDriver log
信息: Executing: getElementText [910b6fb9-78a8-fe4b-95b2-d66edd6da9be, getElementText {id={1e9cb628-a095-8a47-9830-2b0fce6f1574}}]
三月 23, 2014 4:23:58 下午 org.openqa.selenium.remote.RemoteWebDriver log
信息: Executed: [910b6fb9-78a8-fe4b-95b2-d66edd6da9be, getElementText {id={1e9cb628-a095-8a47-9830-2b0fce6f1574}}]
三月 23, 2014 4:23:58 下午 org.openqa.selenium.testing.JUnit4TestBase$1 finished
信息: <<< Finished testShouldGetTextFromTableCells(org.openqa.selenium.TextHandlingTest)
三月 23, 2014 4:23:58 下午 org.openqa.selenium.testing.JUnit4TestBase$1 starting
信息: >>> Starting testShouldConvertANonBreakingSpaceIntoANormalSpaceCharacter(org.openqa.selenium.TextHandlingTest)
三月 23, 2014 4:23:58 下午 org.openqa.selenium.remote.RemoteWebDriver log
信息: Executing: get [910b6fb9-78a8-fe4b-95b2-d66edd6da9be, get {url=http://localhost:6461/common/simpleTest.html}]
三月 23, 2014 4:23:58 下午 org.openqa.selenium.remote.RemoteWebDriver log
信息: Executed: [910b6fb9-78a8-fe4b-95b2-d66edd6da9be, get {url=http://localhost:6461/common/simpleTest.html}]
三月 23, 2014 4:23:58 下午 org.openqa.selenium.remote.RemoteWebDriver log
信息: Executing: findElement [910b6fb9-78a8-fe4b-95b2-d66edd6da9be, findElement {using=id, value=nbsp}]
三月 23, 2014 4:23:58 下午 org.openqa.selenium.remote.RemoteWebDriver log
信息: Executed: [910b6fb9-78a8-fe4b-95b2-d66edd6da9be, findElement {using=id, value=nbsp}]
三月 23, 2014 4:23:58 下午 org.openqa.selenium.remote.RemoteWebDriver log
信息: Executing: getElementText [910b6fb9-78a8-fe4b-95b2-d66edd6da9be, getElementText {id={17c851f3-3093-4745-8302-b5fe1a5d9861}}]
三月 23, 2014 4:23:58 下午 org.openqa.selenium.remote.RemoteWebDriver log
信息: Executed: [910b6fb9-78a8-fe4b-95b2-d66edd6da9be, getElementText {id={17c851f3-3093-4745-8302-b5fe1a5d9861}}]
三月 23, 2014 4:23:58 下午 org.openqa.selenium.testing.JUnit4TestBase$1 finished
信息: <<< Finished testShouldConvertANonBreakingSpaceIntoANormalSpaceCharacter(org.openqa.selenium.TextHandlingTest)
三月 23, 2014 4:23:58 下午 org.openqa.selenium.testing.JUnit4TestBase$1 starting
信息: >>> Starting testTextOfATextAreaShouldBeEqualToItsDefaultTextEvenAfterChangingTheValue(org.openqa.selenium.TextHandlingTest)
三月 23, 2014 4:23:58 下午 org.openqa.selenium.remote.RemoteWebDriver log
信息: Executing: get [910b6fb9-78a8-fe4b-95b2-d66edd6da9be, get {url=http://localhost:6461/common/formPage.html}]
三月 23, 2014 4:23:58 下午 org.openqa.selenium.remote.RemoteWebDriver log
信息: Executed: [910b6fb9-78a8-fe4b-95b2-d66edd6da9be, get {url=http://localhost:6461/common/formPage.html}]
三月 23, 2014 4:23:58 下午 org.openqa.selenium.remote.RemoteWebDriver log
信息: Executing: findElement [910b6fb9-78a8-fe4b-95b2-d66edd6da9be, findElement {using=id, value=withText}]
三月 23, 2014 4:23:58 下午 org.openqa.selenium.remote.RemoteWebDriver log
信息: Executed: [910b6fb9-78a8-fe4b-95b2-d66edd6da9be, findElement {using=id, value=withText}]
三月 23, 2014 4:23:58 下午 org.openqa.selenium.remote.RemoteWebDriver log
信息: Executing: getElementAttribute [910b6fb9-78a8-fe4b-95b2-d66edd6da9be, getElementAttribute {id={9c903a53-db73-964f-b8cd-fe90c0b7956f}, name=value}]
三月 23, 2014 4:23:58 下午 org.openqa.selenium.remote.RemoteWebDriver log
信息: Executed: [910b6fb9-78a8-fe4b-95b2-d66edd6da9be, getElementAttribute {id={9c903a53-db73-964f-b8cd-fe90c0b7956f}, name=value}]
三月 23, 2014 4:23:58 下午 org.openqa.selenium.remote.RemoteWebDriver log
信息: Executing: executeScript [910b6fb9-78a8-fe4b-95b2-d66edd6da9be, executeScript {script=arguments[0].value = arguments[1], args=[{ELEMENT={9c903a53-db73-964f-b8cd-fe90c0b7956f}}, New Text]}]
三月 23, 2014 4:23:58 下午 org.openqa.selenium.remote.RemoteWebDriver log
信息: Executed: [910b6fb9-78a8-fe4b-95b2-d66edd6da9be, executeScript {script=arguments[0].value = arguments[1], args=[{ELEMENT={9c903a53-db73-964f-b8cd-fe90c0b7956f}}, New Text]}]
三月 23, 2014 4:23:58 下午 org.openqa.selenium.remote.RemoteWebDriver log
信息: Executing: getElementText [910b6fb9-78a8-fe4b-95b2-d66edd6da9be, getElementText {id={9c903a53-db73-964f-b8cd-fe90c0b7956f}}]
三月 23, 2014 4:23:58 下午 org.openqa.selenium.remote.RemoteWebDriver log
信息: Executed: [910b6fb9-78a8-fe4b-95b2-d66edd6da9be, getElementText {id={9c903a53-db73-964f-b8cd-fe90c0b7956f}}]
三月 23, 2014 4:23:58 下午 org.openqa.selenium.testing.JUnit4TestBase$1 finished
信息: <<< Finished testTextOfATextAreaShouldBeEqualToItsDefaultTextEvenAfterChangingTheValue(org.openqa.selenium.TextHandlingTest)
三月 23, 2014 4:23:58 下午 org.openqa.selenium.testing.JUnit4TestBase$1 starting
信息: >>> Starting testShouldTrimText(org.openqa.selenium.TextHandlingTest)
三月 23, 2014 4:23:58 下午 org.openqa.selenium.remote.RemoteWebDriver log
信息: Executing: get [910b6fb9-78a8-fe4b-95b2-d66edd6da9be, get {url=http://localhost:6461/common/simpleTest.html}]
三月 23, 2014 4:23:58 下午 org.openqa.selenium.remote.RemoteWebDriver log
信息: Executed: [910b6fb9-78a8-fe4b-95b2-d66edd6da9be, get {url=http://localhost:6461/common/simpleTest.html}]
三月 23, 2014 4:23:58 下午 org.openqa.selenium.remote.RemoteWebDriver log
信息: Executing: findElement [910b6fb9-78a8-fe4b-95b2-d66edd6da9be, findElement {using=id, value=multiline}]
三月 23, 2014 4:23:58 下午 org.openqa.selenium.remote.RemoteWebDriver log
信息: Executed: [910b6fb9-78a8-fe4b-95b2-d66edd6da9be, findElement {using=id, value=multiline}]
三月 23, 2014 4:23:58 下午 org.openqa.selenium.remote.RemoteWebDriver log
信息: Executing: getElementText [910b6fb9-78a8-fe4b-95b2-d66edd6da9be, getElementText {id={6cbffc9c-b299-c540-a001-b3383c536fb4}}]
三月 23, 2014 4:23:58 下午 org.openqa.selenium.remote.RemoteWebDriver log
信息: Executed: [910b6fb9-78a8-fe4b-95b2-d66edd6da9be, getElementText {id={6cbffc9c-b299-c540-a001-b3383c536fb4}}]
三月 23, 2014 4:23:58 下午 org.openqa.selenium.testing.JUnit4TestBase$1 finished
信息: <<< Finished testShouldTrimText(org.openqa.selenium.TextHandlingTest)
三月 23, 2014 4:23:58 下午 org.openqa.selenium.testing.JUnit4TestBase$1 starting
信息: >>> Starting testShouldBeAbleToEnterDatesAfterFillingInOtherValuesFirst(org.openqa.selenium.TextHandlingTest)
三月 23, 2014 4:23:58 下午 org.openqa.selenium.remote.RemoteWebDriver log
信息: Executing: get [910b6fb9-78a8-fe4b-95b2-d66edd6da9be, get {url=http://localhost:6461/common/formPage.html}]
三月 23, 2014 4:23:58 下午 org.openqa.selenium.remote.RemoteWebDriver log
信息: Executed: [910b6fb9-78a8-fe4b-95b2-d66edd6da9be, get {url=http://localhost:6461/common/formPage.html}]
三月 23, 2014 4:23:58 下午 org.openqa.selenium.remote.RemoteWebDriver log
信息: Executing: findElement [910b6fb9-78a8-fe4b-95b2-d66edd6da9be, findElement {using=id, value=working}]
三月 23, 2014 4:23:58 下午 org.openqa.selenium.remote.RemoteWebDriver log
信息: Executed: [910b6fb9-78a8-fe4b-95b2-d66edd6da9be, findElement {using=id, value=working}]
三月 23, 2014 4:23:58 下午 org.openqa.selenium.remote.RemoteWebDriver log
信息: Executing: sendKeysToElement [910b6fb9-78a8-fe4b-95b2-d66edd6da9be, sendKeysToElement {id={55445539-c02e-d848-8637-86766140f302}, value=[Ljava.lang.CharSequence;@540eabe7}]
三月 23, 2014 4:23:58 下午 org.openqa.selenium.remote.RemoteWebDriver log
信息: Executed: [910b6fb9-78a8-fe4b-95b2-d66edd6da9be, sendKeysToElement {id={55445539-c02e-d848-8637-86766140f302}, value=[Ljava.lang.CharSequence;@540eabe7}]
三月 23, 2014 4:23:58 下午 org.openqa.selenium.remote.RemoteWebDriver log
信息: Executing: getElementAttribute [910b6fb9-78a8-fe4b-95b2-d66edd6da9be, getElementAttribute {id={55445539-c02e-d848-8637-86766140f302}, name=value}]
三月 23, 2014 4:23:58 下午 org.openqa.selenium.remote.RemoteWebDriver log
信息: Executed: [910b6fb9-78a8-fe4b-95b2-d66edd6da9be, getElementAttribute {id={55445539-c02e-d848-8637-86766140f302}, name=value}]
三月 23, 2014 4:23:58 下午 org.openqa.selenium.testing.JUnit4TestBase$1 finished
信息: <<< Finished testShouldBeAbleToEnterDatesAfterFillingInOtherValuesFirst(org.openqa.selenium.TextHandlingTest)
三月 23, 2014 4:23:58 下午 org.openqa.selenium.testing.JUnit4TestBase$1 starting
信息: >>> Starting testTextOfATextAreaShouldBeEqualToItsDefaultTextEvenAfterTyping(org.openqa.selenium.TextHandlingTest)
三月 23, 2014 4:23:58 下午 org.openqa.selenium.remote.RemoteWebDriver log
信息: Executing: get [910b6fb9-78a8-fe4b-95b2-d66edd6da9be, get {url=http://localhost:6461/common/formPage.html}]
三月 23, 2014 4:23:58 下午 org.openqa.selenium.remote.RemoteWebDriver log
信息: Executed: [910b6fb9-78a8-fe4b-95b2-d66edd6da9be, get {url=http://localhost:6461/common/formPage.html}]
三月 23, 2014 4:23:58 下午 org.openqa.selenium.remote.RemoteWebDriver log
信息: Executing: findElement [910b6fb9-78a8-fe4b-95b2-d66edd6da9be, findElement {using=id, value=withText}]
三月 23, 2014 4:23:58 下午 org.openqa.selenium.remote.RemoteWebDriver log
信息: Executed: [910b6fb9-78a8-fe4b-95b2-d66edd6da9be, findElement {using=id, value=withText}]
三月 23, 2014 4:23:58 下午 org.openqa.selenium.remote.RemoteWebDriver log
信息: Executing: getElementText [910b6fb9-78a8-fe4b-95b2-d66edd6da9be, getElementText {id={0c846af1-a9bd-ea4c-9848-f92824e32547}}]
三月 23, 2014 4:23:58 下午 org.openqa.selenium.remote.RemoteWebDriver log
信息: Executed: [910b6fb9-78a8-fe4b-95b2-d66edd6da9be, getElementText {id={0c846af1-a9bd-ea4c-9848-f92824e32547}}]
三月 23, 2014 4:23:58 下午 org.openqa.selenium.remote.RemoteWebDriver log
信息: Executing: sendKeysToElement [910b6fb9-78a8-fe4b-95b2-d66edd6da9be, sendKeysToElement {id={0c846af1-a9bd-ea4c-9848-f92824e32547}, value=[Ljava.lang.CharSequence;@59328357}]
三月 23, 2014 4:23:58 下午 org.openqa.selenium.remote.RemoteWebDriver log
信息: Executed: [910b6fb9-78a8-fe4b-95b2-d66edd6da9be, sendKeysToElement {id={0c846af1-a9bd-ea4c-9848-f92824e32547}, value=[Ljava.lang.CharSequence;@59328357}]
三月 23, 2014 4:23:58 下午 org.openqa.selenium.remote.RemoteWebDriver log
信息: Executing: getElementText [910b6fb9-78a8-fe4b-95b2-d66edd6da9be, getElementText {id={0c846af1-a9bd-ea4c-9848-f92824e32547}}]
三月 23, 2014 4:23:58 下午 org.openqa.selenium.remote.RemoteWebDriver log
信息: Executed: [910b6fb9-78a8-fe4b-95b2-d66edd6da9be, getElementText {id={0c846af1-a9bd-ea4c-9848-f92824e32547}}]
三月 23, 2014 4:23:58 下午 org.openqa.selenium.testing.JUnit4TestBase$1 finished
信息: <<< Finished testTextOfATextAreaShouldBeEqualToItsDefaultTextEvenAfterTyping(org.openqa.selenium.TextHandlingTest)
三月 23, 2014 4:23:58 下午 org.openqa.selenium.testing.JUnit4TestBase$1 starting
信息: >>> Starting testShouldNotTrimNonBreakingSpacesAtTheStartOfALineInTheMiddleOfText(org.openqa.selenium.TextHandlingTest)
三月 23, 2014 4:23:58 下午 org.openqa.selenium.remote.RemoteWebDriver log
信息: Executing: get [910b6fb9-78a8-fe4b-95b2-d66edd6da9be, get {url=http://localhost:6461/common/simpleTest.html}]
三月 23, 2014 4:23:59 下午 org.openqa.selenium.remote.RemoteWebDriver log
信息: Executed: [910b6fb9-78a8-fe4b-95b2-d66edd6da9be, get {url=http://localhost:6461/common/simpleTest.html}]
三月 23, 2014 4:23:59 下午 org.openqa.selenium.remote.RemoteWebDriver log
信息: Executing: findElement [910b6fb9-78a8-fe4b-95b2-d66edd6da9be, findElement {using=id, value=multilinenbsp}]
三月 23, 2014 4:23:59 下午 org.openqa.selenium.remote.RemoteWebDriver log
信息: Executed: [910b6fb9-78a8-fe4b-95b2-d66edd6da9be, findElement {using=id, value=multilinenbsp}]
三月 23, 2014 4:23:59 下午 org.openqa.selenium.remote.RemoteWebDriver log
信息: Executing: getElementText [910b6fb9-78a8-fe4b-95b2-d66edd6da9be, getElementText {id={a8b1ba72-aacf-3d47-bf59-6c2f3032199b}}]
三月 23, 2014 4:23:59 下午 org.openqa.selenium.remote.RemoteWebDriver log
信息: Executed: [910b6fb9-78a8-fe4b-95b2-d66edd6da9be, getElementText {id={a8b1ba72-aacf-3d47-bf59-6c2f3032199b}}]
三月 23, 2014 4:23:59 下午 org.openqa.selenium.testing.JUnit4TestBase$1 finished
信息: <<< Finished testShouldNotTrimNonBreakingSpacesAtTheStartOfALineInTheMiddleOfText(org.openqa.selenium.TextHandlingTest)
三月 23, 2014 4:23:59 下午 org.openqa.selenium.testing.JUnit4TestBase$1 starting
信息: >>> Starting testShouldNotTrimSpacesWhenLineWraps(org.openqa.selenium.TextHandlingTest)
三月 23, 2014 4:23:59 下午 org.openqa.selenium.remote.RemoteWebDriver log
信息: Executing: get [910b6fb9-78a8-fe4b-95b2-d66edd6da9be, get {url=http://localhost:6461/common/simpleTest.html}]
三月 23, 2014 4:23:59 下午 org.openqa.selenium.remote.RemoteWebDriver log
信息: Executed: [910b6fb9-78a8-fe4b-95b2-d66edd6da9be, get {url=http://localhost:6461/common/simpleTest.html}]
三月 23, 2014 4:23:59 下午 org.openqa.selenium.remote.RemoteWebDriver log
信息: Executing: findElement [910b6fb9-78a8-fe4b-95b2-d66edd6da9be, findElement {using=xpath, value=//table/tbody/tr[1]/td[1]}]
三月 23, 2014 4:23:59 下午 org.openqa.selenium.remote.RemoteWebDriver log
信息: Executed: [910b6fb9-78a8-fe4b-95b2-d66edd6da9be, findElement {using=xpath, value=//table/tbody/tr[1]/td[1]}]
三月 23, 2014 4:23:59 下午 org.openqa.selenium.remote.RemoteWebDriver log
信息: Executing: getElementText [910b6fb9-78a8-fe4b-95b2-d66edd6da9be, getElementText {id={40d6bcef-bf4a-3241-a34a-045002a98cd2}}]
三月 23, 2014 4:23:59 下午 org.openqa.selenium.remote.RemoteWebDriver log
信息: Executed: [910b6fb9-78a8-fe4b-95b2-d66edd6da9be, getElementText {id={40d6bcef-bf4a-3241-a34a-045002a98cd2}}]
三月 23, 2014 4:23:59 下午 org.openqa.selenium.testing.JUnit4TestBase$1 finished
信息: <<< Finished testShouldNotTrimSpacesWhenLineWraps(org.openqa.selenium.TextHandlingTest)
三月 23, 2014 4:23:59 下午 org.openqa.selenium.testing.JUnit4TestBase$1 starting
信息: >>> Starting testHavingInlineElementsShouldNotAffectHowTextIsReturned(org.openqa.selenium.TextHandlingTest)
三月 23, 2014 4:23:59 下午 org.openqa.selenium.remote.RemoteWebDriver log
信息: Executing: get [910b6fb9-78a8-fe4b-95b2-d66edd6da9be, get {url=http://localhost:6461/common/simpleTest.html}]
三月 23, 2014 4:23:59 下午 org.openqa.selenium.remote.RemoteWebDriver log
信息: Executed: [910b6fb9-78a8-fe4b-95b2-d66edd6da9be, get {url=http://localhost:6461/common/simpleTest.html}]
三月 23, 2014 4:23:59 下午 org.openqa.selenium.remote.RemoteWebDriver log
信息: Executing: findElement [910b6fb9-78a8-fe4b-95b2-d66edd6da9be, findElement {using=id, value=inline}]
三月 23, 2014 4:23:59 下午 org.openqa.selenium.remote.RemoteWebDriver log
信息: Executed: [910b6fb9-78a8-fe4b-95b2-d66edd6da9be, findElement {using=id, value=inline}]
三月 23, 2014 4:23:59 下午 org.openqa.selenium.remote.RemoteWebDriver log
信息: Executing: getElementText [910b6fb9-78a8-fe4b-95b2-d66edd6da9be, getElementText {id={3ccf4cdf-8027-a74a-8c97-d0debf8beecb}}]
三月 23, 2014 4:23:59 下午 org.openqa.selenium.remote.RemoteWebDriver log
信息: Executed: [910b6fb9-78a8-fe4b-95b2-d66edd6da9be, getElementText {id={3ccf4cdf-8027-a74a-8c97-d0debf8beecb}}]
三月 23, 2014 4:23:59 下午 org.openqa.selenium.testing.JUnit4TestBase$1 finished
信息: <<< Finished testHavingInlineElementsShouldNotAffectHowTextIsReturned(org.openqa.selenium.TextHandlingTest)
三月 23, 2014 4:23:59 下午 org.openqa.selenium.testing.JUnit4TestBase$1 starting
信息: >>> Starting testShouldRepresentABlockLevelElementAsANewline(org.openqa.selenium.TextHandlingTest)
三月 23, 2014 4:23:59 下午 org.openqa.selenium.remote.RemoteWebDriver log
信息: Executing: get [910b6fb9-78a8-fe4b-95b2-d66edd6da9be, get {url=http://localhost:6461/common/simpleTest.html}]
三月 23, 2014 4:23:59 下午 org.openqa.selenium.remote.RemoteWebDriver log
信息: Executed: [910b6fb9-78a8-fe4b-95b2-d66edd6da9be, get {url=http://localhost:6461/common/simpleTest.html}]
三月 23, 2014 4:23:59 下午 org.openqa.selenium.remote.RemoteWebDriver log
信息: Executing: findElement [910b6fb9-78a8-fe4b-95b2-d66edd6da9be, findElement {using=id, value=multiline}]
三月 23, 2014 4:23:59 下午 org.openqa.selenium.remote.RemoteWebDriver log
信息: Executed: [910b6fb9-78a8-fe4b-95b2-d66edd6da9be, findElement {using=id, value=multiline}]
三月 23, 2014 4:23:59 下午 org.openqa.selenium.remote.RemoteWebDriver log
信息: Executing: getElementText [910b6fb9-78a8-fe4b-95b2-d66edd6da9be, getElementText {id={b1da5d9c-8af8-d348-bbf1-b81d5d415147}}]
三月 23, 2014 4:23:59 下午 org.openqa.selenium.remote.RemoteWebDriver log
信息: Executed: [910b6fb9-78a8-fe4b-95b2-d66edd6da9be, getElementText {id={b1da5d9c-8af8-d348-bbf1-b81d5d415147}}]
三月 23, 2014 4:23:59 下午 org.openqa.selenium.testing.JUnit4TestBase$1 finished
信息: <<< Finished testShouldRepresentABlockLevelElementAsANewline(org.openqa.selenium.TextHandlingTest)
三月 23, 2014 4:23:59 下午 org.openqa.selenium.testing.JUnit4TestBase$1 starting
信息: >>> Starting testShouldIgnoreScriptElements(org.openqa.selenium.TextHandlingTest)
三月 23, 2014 4:23:59 下午 org.openqa.selenium.remote.RemoteWebDriver log
信息: Executing: get [910b6fb9-78a8-fe4b-95b2-d66edd6da9be, get {url=http://localhost:6461/common/javascriptEnhancedForm.html}]
三月 23, 2014 4:23:59 下午 org.openqa.selenium.remote.RemoteWebDriver log
信息: Executed: [910b6fb9-78a8-fe4b-95b2-d66edd6da9be, get {url=http://localhost:6461/common/javascriptEnhancedForm.html}]
三月 23, 2014 4:23:59 下午 org.openqa.selenium.remote.RemoteWebDriver log
信息: Executing: findElement [910b6fb9-78a8-fe4b-95b2-d66edd6da9be, findElement {using=id, value=labelforusername}]
三月 23, 2014 4:23:59 下午 org.openqa.selenium.remote.RemoteWebDriver log
信息: Executed: [910b6fb9-78a8-fe4b-95b2-d66edd6da9be, findElement {using=id, value=labelforusername}]
三月 23, 2014 4:23:59 下午 org.openqa.selenium.remote.RemoteWebDriver log
信息: Executing: getElementText [910b6fb9-78a8-fe4b-95b2-d66edd6da9be, getElementText {id={81429fce-a7d5-9545-a311-f50858cccf02}}]
三月 23, 2014 4:23:59 下午 org.openqa.selenium.remote.RemoteWebDriver log
信息: Executed: [910b6fb9-78a8-fe4b-95b2-d66edd6da9be, getElementText {id={81429fce-a7d5-9545-a311-f50858cccf02}}]
三月 23, 2014 4:23:59 下午 org.openqa.selenium.remote.RemoteWebDriver log
信息: Executing: findChildElements [910b6fb9-78a8-fe4b-95b2-d66edd6da9be, findChildElements {id={81429fce-a7d5-9545-a311-f50858cccf02}, using=tag name, value=script}]
三月 23, 2014 4:23:59 下午 org.openqa.selenium.remote.RemoteWebDriver log
信息: Executed: [910b6fb9-78a8-fe4b-95b2-d66edd6da9be, findChildElements {id={81429fce-a7d5-9545-a311-f50858cccf02}, using=tag name, value=script}]
三月 23, 2014 4:23:59 下午 org.openqa.selenium.testing.JUnit4TestBase$1 finished
信息: <<< Finished testShouldIgnoreScriptElements(org.openqa.selenium.TextHandlingTest)
三月 23, 2014 4:23:59 下午 org.openqa.selenium.testing.JUnit4TestBase$1 starting
信息: >>> Starting testShouldReturnEmptyStringWhenTextIsOnlySpaces(org.openqa.selenium.TextHandlingTest)
三月 23, 2014 4:23:59 下午 org.openqa.selenium.remote.RemoteWebDriver log
信息: Executing: get [910b6fb9-78a8-fe4b-95b2-d66edd6da9be, get {url=http://localhost:6461/common/xhtmlTest.html}]
三月 23, 2014 4:23:59 下午 org.openqa.selenium.remote.RemoteWebDriver log
信息: Executed: [910b6fb9-78a8-fe4b-95b2-d66edd6da9be, get {url=http://localhost:6461/common/xhtmlTest.html}]
三月 23, 2014 4:23:59 下午 org.openqa.selenium.remote.RemoteWebDriver log
信息: Executing: findElement [910b6fb9-78a8-fe4b-95b2-d66edd6da9be, findElement {using=id, value=spaces}]
三月 23, 2014 4:23:59 下午 org.openqa.selenium.remote.RemoteWebDriver log
信息: Executed: [910b6fb9-78a8-fe4b-95b2-d66edd6da9be, findElement {using=id, value=spaces}]
三月 23, 2014 4:23:59 下午 org.openqa.selenium.remote.RemoteWebDriver log
信息: Executing: getElementText [910b6fb9-78a8-fe4b-95b2-d66edd6da9be, getElementText {id={426b9124-4b65-b448-a364-992d1378530c}}]
三月 23, 2014 4:23:59 下午 org.openqa.selenium.remote.RemoteWebDriver log
信息: Executed: [910b6fb9-78a8-fe4b-95b2-d66edd6da9be, getElementText {id={426b9124-4b65-b448-a364-992d1378530c}}]
三月 23, 2014 4:23:59 下午 org.openqa.selenium.testing.JUnit4TestBase$1 finished
信息: <<< Finished testShouldReturnEmptyStringWhenTextIsOnlySpaces(org.openqa.selenium.TextHandlingTest)
三月 23, 2014 4:23:59 下午 org.openqa.selenium.testing.JUnit4TestBase$1 starting
信息: >>> Starting testGetTextWithLineBreakForInlineElement(org.openqa.selenium.TextHandlingTest)
三月 23, 2014 4:23:59 下午 org.openqa.selenium.remote.RemoteWebDriver log
信息: Executing: get [910b6fb9-78a8-fe4b-95b2-d66edd6da9be, get {url=http://localhost:6461/common/simpleTest.html}]
三月 23, 2014 4:23:59 下午 org.openqa.selenium.remote.RemoteWebDriver log
信息: Executed: [910b6fb9-78a8-fe4b-95b2-d66edd6da9be, get {url=http://localhost:6461/common/simpleTest.html}]
三月 23, 2014 4:23:59 下午 org.openqa.selenium.remote.RemoteWebDriver log
信息: Executing: findElement [910b6fb9-78a8-fe4b-95b2-d66edd6da9be, findElement {using=id, value=label1}]
三月 23, 2014 4:23:59 下午 org.openqa.selenium.remote.RemoteWebDriver log
信息: Executed: [910b6fb9-78a8-fe4b-95b2-d66edd6da9be, findElement {using=id, value=label1}]
三月 23, 2014 4:23:59 下午 org.openqa.selenium.remote.RemoteWebDriver log
信息: Executing: getElementText [910b6fb9-78a8-fe4b-95b2-d66edd6da9be, getElementText {id={a5bdfaf5-c3d6-0246-a77e-2ce20c697825}}]
三月 23, 2014 4:23:59 下午 org.openqa.selenium.remote.RemoteWebDriver log
信息: Executed: [910b6fb9-78a8-fe4b-95b2-d66edd6da9be, getElementText {id={a5bdfaf5-c3d6-0246-a77e-2ce20c697825}}]
三月 23, 2014 4:23:59 下午 org.openqa.selenium.testing.JUnit4TestBase$1 finished
信息: <<< Finished testGetTextWithLineBreakForInlineElement(org.openqa.selenium.TextHandlingTest)
三月 23, 2014 4:23:59 下午 org.openqa.selenium.testing.JUnit4TestBase$1 starting
信息: >>> Starting testShouldReturnEmptyStringWhenTextIsEmpty(org.openqa.selenium.TextHandlingTest)
三月 23, 2014 4:23:59 下午 org.openqa.selenium.remote.RemoteWebDriver log
信息: Executing: get [910b6fb9-78a8-fe4b-95b2-d66edd6da9be, get {url=http://localhost:6461/common/xhtmlTest.html}]
三月 23, 2014 4:23:59 下午 org.openqa.selenium.remote.RemoteWebDriver log
信息: Executed: [910b6fb9-78a8-fe4b-95b2-d66edd6da9be, get {url=http://localhost:6461/common/xhtmlTest.html}]
三月 23, 2014 4:23:59 下午 org.openqa.selenium.remote.RemoteWebDriver log
信息: Executing: findElement [910b6fb9-78a8-fe4b-95b2-d66edd6da9be, findElement {using=id, value=empty}]
三月 23, 2014 4:23:59 下午 org.openqa.selenium.remote.RemoteWebDriver log
信息: Executed: [910b6fb9-78a8-fe4b-95b2-d66edd6da9be, findElement {using=id, value=empty}]
三月 23, 2014 4:23:59 下午 org.openqa.selenium.remote.RemoteWebDriver log
信息: Executing: getElementText [910b6fb9-78a8-fe4b-95b2-d66edd6da9be, getElementText {id={822bf0ff-0c39-c74b-b9a8-efe039129236}}]
三月 23, 2014 4:23:59 下午 org.openqa.selenium.remote.RemoteWebDriver log
信息: Executed: [910b6fb9-78a8-fe4b-95b2-d66edd6da9be, getElementText {id={822bf0ff-0c39-c74b-b9a8-efe039129236}}]
三月 23, 2014 4:23:59 下午 org.openqa.selenium.testing.JUnit4TestBase$1 finished
信息: <<< Finished testShouldReturnEmptyStringWhenTextIsEmpty(org.openqa.selenium.TextHandlingTest)
三月 23, 2014 4:23:59 下午 org.openqa.selenium.testing.JUnit4TestBase$1 starting
信息: >>> Starting testShouldHandleNestedBlockLevelElements(org.openqa.selenium.TextHandlingTest)
三月 23, 2014 4:23:59 下午 org.openqa.selenium.remote.RemoteWebDriver log
信息: Executing: get [910b6fb9-78a8-fe4b-95b2-d66edd6da9be, get {url=http://localhost:6461/common/simpleTest.html}]
三月 23, 2014 4:23:59 下午 org.openqa.selenium.remote.RemoteWebDriver log
信息: Executed: [910b6fb9-78a8-fe4b-95b2-d66edd6da9be, get {url=http://localhost:6461/common/simpleTest.html}]
三月 23, 2014 4:23:59 下午 org.openqa.selenium.remote.RemoteWebDriver log
信息: Executing: findElement [910b6fb9-78a8-fe4b-95b2-d66edd6da9be, findElement {using=id, value=nestedblocks}]
三月 23, 2014 4:23:59 下午 org.openqa.selenium.remote.RemoteWebDriver log
信息: Executed: [910b6fb9-78a8-fe4b-95b2-d66edd6da9be, findElement {using=id, value=nestedblocks}]
三月 23, 2014 4:23:59 下午 org.openqa.selenium.remote.RemoteWebDriver log
信息: Executing: getElementText [910b6fb9-78a8-fe4b-95b2-d66edd6da9be, getElementText {id={e8167123-8a0b-544c-ade7-1ce207ed811e}}]
三月 23, 2014 4:23:59 下午 org.openqa.selenium.remote.RemoteWebDriver log
信息: Executed: [910b6fb9-78a8-fe4b-95b2-d66edd6da9be, getElementText {id={e8167123-8a0b-544c-ade7-1ce207ed811e}}]
三月 23, 2014 4:23:59 下午 org.openqa.selenium.testing.JUnit4TestBase$1 finished
信息: <<< Finished testShouldHandleNestedBlockLevelElements(org.openqa.selenium.TextHandlingTest)
三月 23, 2014 4:23:59 下午 org.openqa.selenium.testing.JUnit4TestBase$1 starting
信息: >>> Starting testShouldGetTextWhichIsAValidComplexJSONObject(org.openqa.selenium.TextHandlingTest)
三月 23, 2014 4:23:59 下午 org.openqa.selenium.remote.RemoteWebDriver log
信息: Executing: get [910b6fb9-78a8-fe4b-95b2-d66edd6da9be, get {url=http://localhost:6461/common/simpleTest.html}]
三月 23, 2014 4:23:59 下午 org.openqa.selenium.remote.RemoteWebDriver log
信息: Executed: [910b6fb9-78a8-fe4b-95b2-d66edd6da9be, get {url=http://localhost:6461/common/simpleTest.html}]
三月 23, 2014 4:23:59 下午 org.openqa.selenium.remote.RemoteWebDriver log
信息: Executing: findElement [910b6fb9-78a8-fe4b-95b2-d66edd6da9be, findElement {using=id, value=complexJsonText}]
三月 23, 2014 4:23:59 下午 org.openqa.selenium.remote.RemoteWebDriver log
信息: Executed: [910b6fb9-78a8-fe4b-95b2-d66edd6da9be, findElement {using=id, value=complexJsonText}]
三月 23, 2014 4:23:59 下午 org.openqa.selenium.remote.RemoteWebDriver log
信息: Executing: getElementText [910b6fb9-78a8-fe4b-95b2-d66edd6da9be, getElementText {id={46a8837d-8c1e-1b4b-a490-8587397faf8d}}]
三月 23, 2014 4:23:59 下午 org.openqa.selenium.remote.RemoteWebDriver log
信息: Executed: [910b6fb9-78a8-fe4b-95b2-d66edd6da9be, getElementText {id={46a8837d-8c1e-1b4b-a490-8587397faf8d}}]
三月 23, 2014 4:23:59 下午 org.openqa.selenium.testing.JUnit4TestBase$1 finished
信息: <<< Finished testShouldGetTextWhichIsAValidComplexJSONObject(org.openqa.selenium.TextHandlingTest)
三月 23, 2014 4:23:59 下午 org.openqa.selenium.testing.JUnit4TestBase$1 starting
信息: >>> Starting testTextOfATextAreaShouldBeEqualToItsDefaultText(org.openqa.selenium.TextHandlingTest)
三月 23, 2014 4:23:59 下午 org.openqa.selenium.remote.RemoteWebDriver log
信息: Executing: get [910b6fb9-78a8-fe4b-95b2-d66edd6da9be, get {url=http://localhost:6461/common/formPage.html}]
三月 23, 2014 4:23:59 下午 org.openqa.selenium.remote.RemoteWebDriver log
信息: Executed: [910b6fb9-78a8-fe4b-95b2-d66edd6da9be, get {url=http://localhost:6461/common/formPage.html}]
三月 23, 2014 4:23:59 下午 org.openqa.selenium.remote.RemoteWebDriver log
信息: Executing: findElement [910b6fb9-78a8-fe4b-95b2-d66edd6da9be, findElement {using=id, value=withText}]
三月 23, 2014 4:23:59 下午 org.openqa.selenium.remote.RemoteWebDriver log
信息: Executed: [910b6fb9-78a8-fe4b-95b2-d66edd6da9be, findElement {using=id, value=withText}]
三月 23, 2014 4:23:59 下午 org.openqa.selenium.remote.RemoteWebDriver log
信息: Executing: getElementText [910b6fb9-78a8-fe4b-95b2-d66edd6da9be, getElementText {id={ad4c4de0-4c88-f344-aec2-554c7c3581d7}}]
三月 23, 2014 4:23:59 下午 org.openqa.selenium.remote.RemoteWebDriver log
信息: Executed: [910b6fb9-78a8-fe4b-95b2-d66edd6da9be, getElementText {id={ad4c4de0-4c88-f344-aec2-554c7c3581d7}}]
三月 23, 2014 4:23:59 下午 org.openqa.selenium.testing.JUnit4TestBase$1 finished
信息: <<< Finished testTextOfATextAreaShouldBeEqualToItsDefaultText(org.openqa.selenium.TextHandlingTest)
三月 23, 2014 4:23:59 下午 org.openqa.selenium.testing.JUnit4TestBase$1 starting
信息: >>> Starting testShouldCollapseMultipleWhitespaceCharactersIntoASingleSpace(org.openqa.selenium.TextHandlingTest)
三月 23, 2014 4:23:59 下午 org.openqa.selenium.remote.RemoteWebDriver log
信息: Executing: get [910b6fb9-78a8-fe4b-95b2-d66edd6da9be, get {url=http://localhost:6461/common/simpleTest.html}]
三月 23, 2014 4:23:59 下午 org.openqa.selenium.remote.RemoteWebDriver log
信息: Executed: [910b6fb9-78a8-fe4b-95b2-d66edd6da9be, get {url=http://localhost:6461/common/simpleTest.html}]
三月 23, 2014 4:23:59 下午 org.openqa.selenium.remote.RemoteWebDriver log
信息: Executing: findElement [910b6fb9-78a8-fe4b-95b2-d66edd6da9be, findElement {using=id, value=lotsofspaces}]
三月 23, 2014 4:23:59 下午 org.openqa.selenium.remote.RemoteWebDriver log
信息: Executed: [910b6fb9-78a8-fe4b-95b2-d66edd6da9be, findElement {using=id, value=lotsofspaces}]
三月 23, 2014 4:23:59 下午 org.openqa.selenium.remote.RemoteWebDriver log
信息: Executing: getElementText [910b6fb9-78a8-fe4b-95b2-d66edd6da9be, getElementText {id={72785082-6e39-d94d-990b-bff384635f06}}]
三月 23, 2014 4:23:59 下午 org.openqa.selenium.remote.RemoteWebDriver log
信息: Executed: [910b6fb9-78a8-fe4b-95b2-d66edd6da9be, getElementText {id={72785082-6e39-d94d-990b-bff384635f06}}]
三月 23, 2014 4:23:59 下午 org.openqa.selenium.testing.JUnit4TestBase$1 finished
信息: <<< Finished testShouldCollapseMultipleWhitespaceCharactersIntoASingleSpace(org.openqa.selenium.TextHandlingTest)
三月 23, 2014 4:23:59 下午 org.openqa.selenium.testing.JUnit4TestBase$1 starting
信息: >>> Starting testShouldRetainTheFormatingOfTextWithinAPreElement(org.openqa.selenium.TextHandlingTest)
三月 23, 2014 4:23:59 下午 org.openqa.selenium.remote.RemoteWebDriver log
信息: Executing: get [910b6fb9-78a8-fe4b-95b2-d66edd6da9be, get {url=http://localhost:6461/common/simpleTest.html}]
三月 23, 2014 4:23:59 下午 org.openqa.selenium.remote.RemoteWebDriver log
信息: Executed: [910b6fb9-78a8-fe4b-95b2-d66edd6da9be, get {url=http://localhost:6461/common/simpleTest.html}]
三月 23, 2014 4:23:59 下午 org.openqa.selenium.remote.RemoteWebDriver log
信息: Executing: findElement [910b6fb9-78a8-fe4b-95b2-d66edd6da9be, findElement {using=id, value=preformatted}]
三月 23, 2014 4:24:00 下午 org.openqa.selenium.remote.RemoteWebDriver log
信息: Executed: [910b6fb9-78a8-fe4b-95b2-d66edd6da9be, findElement {using=id, value=preformatted}]
三月 23, 2014 4:24:00 下午 org.openqa.selenium.remote.RemoteWebDriver log
信息: Executing: getElementText [910b6fb9-78a8-fe4b-95b2-d66edd6da9be, getElementText {id={8d816d4f-f6f0-924e-8436-d6572e3023e5}}]
三月 23, 2014 4:24:00 下午 org.openqa.selenium.remote.RemoteWebDriver log
信息: Executed: [910b6fb9-78a8-fe4b-95b2-d66edd6da9be, getElementText {id={8d816d4f-f6f0-924e-8436-d6572e3023e5}}]
三月 23, 2014 4:24:00 下午 org.openqa.selenium.testing.JUnit4TestBase$1 finished
信息: <<< Finished testShouldRetainTheFormatingOfTextWithinAPreElement(org.openqa.selenium.TextHandlingTest)
三月 23, 2014 4:24:00 下午 org.openqa.selenium.testing.JUnit4TestBase$1 starting
信息: >>> Starting testShouldBeAbleToSetMoreThanOneLineOfTextInATextArea(org.openqa.selenium.TextHandlingTest)
三月 23, 2014 4:24:00 下午 org.openqa.selenium.remote.RemoteWebDriver log
信息: Executing: get [910b6fb9-78a8-fe4b-95b2-d66edd6da9be, get {url=http://localhost:6461/common/formPage.html}]
三月 23, 2014 4:24:00 下午 org.openqa.selenium.remote.RemoteWebDriver log
信息: Executed: [910b6fb9-78a8-fe4b-95b2-d66edd6da9be, get {url=http://localhost:6461/common/formPage.html}]
三月 23, 2014 4:24:00 下午 org.openqa.selenium.remote.RemoteWebDriver log
信息: Executing: findElement [910b6fb9-78a8-fe4b-95b2-d66edd6da9be, findElement {using=id, value=withText}]
三月 23, 2014 4:24:00 下午 org.openqa.selenium.remote.RemoteWebDriver log
信息: Executed: [910b6fb9-78a8-fe4b-95b2-d66edd6da9be, findElement {using=id, value=withText}]
三月 23, 2014 4:24:00 下午 org.openqa.selenium.remote.RemoteWebDriver log
信息: Executing: clearElement [910b6fb9-78a8-fe4b-95b2-d66edd6da9be, clearElement {id={7dea17d1-ed5d-2f4e-9505-06f1c4d09cef}}]
三月 23, 2014 4:24:00 下午 org.openqa.selenium.remote.RemoteWebDriver log
信息: Executed: [910b6fb9-78a8-fe4b-95b2-d66edd6da9be, clearElement {id={7dea17d1-ed5d-2f4e-9505-06f1c4d09cef}}]
三月 23, 2014 4:24:00 下午 org.openqa.selenium.remote.RemoteWebDriver log
信息: Executing: getElementAttribute [910b6fb9-78a8-fe4b-95b2-d66edd6da9be, getElementAttribute {id={7dea17d1-ed5d-2f4e-9505-06f1c4d09cef}, name=value}]
三月 23, 2014 4:24:00 下午 org.openqa.selenium.remote.RemoteWebDriver log
信息: Executed: [910b6fb9-78a8-fe4b-95b2-d66edd6da9be, getElementAttribute {id={7dea17d1-ed5d-2f4e-9505-06f1c4d09cef}, name=value}]
三月 23, 2014 4:24:00 下午 org.openqa.selenium.remote.RemoteWebDriver log
信息: Executing: sendKeysToElement [910b6fb9-78a8-fe4b-95b2-d66edd6da9be, sendKeysToElement {id={7dea17d1-ed5d-2f4e-9505-06f1c4d09cef}, value=[Ljava.lang.CharSequence;@418584cd}]
三月 23, 2014 4:24:00 下午 org.openqa.selenium.remote.RemoteWebDriver log
信息: Executed: [910b6fb9-78a8-fe4b-95b2-d66edd6da9be, sendKeysToElement {id={7dea17d1-ed5d-2f4e-9505-06f1c4d09cef}, value=[Ljava.lang.CharSequence;@418584cd}]
三月 23, 2014 4:24:00 下午 org.openqa.selenium.remote.RemoteWebDriver log
信息: Executing: getElementAttribute [910b6fb9-78a8-fe4b-95b2-d66edd6da9be, getElementAttribute {id={7dea17d1-ed5d-2f4e-9505-06f1c4d09cef}, name=value}]
三月 23, 2014 4:24:00 下午 org.openqa.selenium.remote.RemoteWebDriver log
信息: Executed: [910b6fb9-78a8-fe4b-95b2-d66edd6da9be, getElementAttribute {id={7dea17d1-ed5d-2f4e-9505-06f1c4d09cef}, name=value}]
三月 23, 2014 4:24:00 下午 org.openqa.selenium.testing.JUnit4TestBase$1 finished
信息: <<< Finished testShouldBeAbleToSetMoreThanOneLineOfTextInATextArea(org.openqa.selenium.TextHandlingTest)
三月 23, 2014 4:24:00 下午 org.openqa.selenium.testing.JUnit4TestBase$1 starting
信息: >>> Starting testShouldReturnTheEntireTextOfInlineElements(org.openqa.selenium.TextHandlingTest)
三月 23, 2014 4:24:00 下午 org.openqa.selenium.remote.RemoteWebDriver log
信息: Executing: get [910b6fb9-78a8-fe4b-95b2-d66edd6da9be, get {url=http://localhost:6461/common/simpleTest.html}]
三月 23, 2014 4:24:00 下午 org.openqa.selenium.remote.RemoteWebDriver log
信息: Executed: [910b6fb9-78a8-fe4b-95b2-d66edd6da9be, get {url=http://localhost:6461/common/simpleTest.html}]
三月 23, 2014 4:24:00 下午 org.openqa.selenium.remote.RemoteWebDriver log
信息: Executing: findElement [910b6fb9-78a8-fe4b-95b2-d66edd6da9be, findElement {using=id, value=span}]
三月 23, 2014 4:24:00 下午 org.openqa.selenium.remote.RemoteWebDriver log
信息: Executed: [910b6fb9-78a8-fe4b-95b2-d66edd6da9be, findElement {using=id, value=span}]
三月 23, 2014 4:24:00 下午 org.openqa.selenium.remote.RemoteWebDriver log
信息: Executing: getElementText [910b6fb9-78a8-fe4b-95b2-d66edd6da9be, getElementText {id={6145d013-5f35-0a41-a856-a372d39536af}}]
三月 23, 2014 4:24:00 下午 org.openqa.selenium.remote.RemoteWebDriver log
信息: Executed: [910b6fb9-78a8-fe4b-95b2-d66edd6da9be, getElementText {id={6145d013-5f35-0a41-a856-a372d39536af}}]
三月 23, 2014 4:24:00 下午 org.openqa.selenium.testing.JUnit4TestBase$1 finished
信息: <<< Finished testShouldReturnTheEntireTextOfInlineElements(org.openqa.selenium.TextHandlingTest)
三月 23, 2014 4:24:00 下午 org.openqa.selenium.testing.JUnit4TestBase$1 starting
信息: >>> Starting testShouldReturnTheTextContentOfASingleElementWithNoChildren(org.openqa.selenium.TextHandlingTest)
三月 23, 2014 4:24:00 下午 org.openqa.selenium.remote.RemoteWebDriver log
信息: Executing: get [910b6fb9-78a8-fe4b-95b2-d66edd6da9be, get {url=http://localhost:6461/common/simpleTest.html}]
三月 23, 2014 4:24:00 下午 org.openqa.selenium.remote.RemoteWebDriver log
信息: Executed: [910b6fb9-78a8-fe4b-95b2-d66edd6da9be, get {url=http://localhost:6461/common/simpleTest.html}]
三月 23, 2014 4:24:00 下午 org.openqa.selenium.remote.RemoteWebDriver log
信息: Executing: findElement [910b6fb9-78a8-fe4b-95b2-d66edd6da9be, findElement {using=id, value=oneline}]
三月 23, 2014 4:24:00 下午 org.openqa.selenium.remote.RemoteWebDriver log
信息: Executed: [910b6fb9-78a8-fe4b-95b2-d66edd6da9be, findElement {using=id, value=oneline}]
三月 23, 2014 4:24:00 下午 org.openqa.selenium.remote.RemoteWebDriver log
信息: Executing: getElementText [910b6fb9-78a8-fe4b-95b2-d66edd6da9be, getElementText {id={f610b25b-f329-834d-9a07-36919a118881}}]
三月 23, 2014 4:24:00 下午 org.openqa.selenium.remote.RemoteWebDriver log
信息: Executed: [910b6fb9-78a8-fe4b-95b2-d66edd6da9be, getElementText {id={f610b25b-f329-834d-9a07-36919a118881}}]
三月 23, 2014 4:24:00 下午 org.openqa.selenium.remote.RemoteWebDriver log
信息: Executing: findElement [910b6fb9-78a8-fe4b-95b2-d66edd6da9be, findElement {using=id, value=oneline}]
三月 23, 2014 4:24:00 下午 org.openqa.selenium.remote.RemoteWebDriver log
信息: Executed: [910b6fb9-78a8-fe4b-95b2-d66edd6da9be, findElement {using=id, value=oneline}]
三月 23, 2014 4:24:00 下午 org.openqa.selenium.remote.RemoteWebDriver log
信息: Executing: getElementText [910b6fb9-78a8-fe4b-95b2-d66edd6da9be, getElementText {id={f610b25b-f329-834d-9a07-36919a118881}}]
三月 23, 2014 4:24:00 下午 org.openqa.selenium.remote.RemoteWebDriver log
信息: Executed: [910b6fb9-78a8-fe4b-95b2-d66edd6da9be, getElementText {id={f610b25b-f329-834d-9a07-36919a118881}}]
三月 23, 2014 4:24:00 下午 org.openqa.selenium.testing.JUnit4TestBase$1 finished
信息: <<< Finished testShouldReturnTheTextContentOfASingleElementWithNoChildren(org.openqa.selenium.TextHandlingTest)
三月 23, 2014 4:24:00 下午 org.openqa.selenium.testing.JUnit4TestBase$1 starting
信息: >>> Starting testShouldNotCollapseANonBreakingSpaces(org.openqa.selenium.TextHandlingTest)
三月 23, 2014 4:24:00 下午 org.openqa.selenium.remote.RemoteWebDriver log
信息: Executing: get [910b6fb9-78a8-fe4b-95b2-d66edd6da9be, get {url=http://localhost:6461/common/simpleTest.html}]
三月 23, 2014 4:24:00 下午 org.openqa.selenium.remote.RemoteWebDriver log
信息: Executed: [910b6fb9-78a8-fe4b-95b2-d66edd6da9be, get {url=http://localhost:6461/common/simpleTest.html}]
三月 23, 2014 4:24:00 下午 org.openqa.selenium.remote.RemoteWebDriver log
信息: Executing: findElement [910b6fb9-78a8-fe4b-95b2-d66edd6da9be, findElement {using=id, value=nbspandspaces}]
三月 23, 2014 4:24:00 下午 org.openqa.selenium.remote.RemoteWebDriver log
信息: Executed: [910b6fb9-78a8-fe4b-95b2-d66edd6da9be, findElement {using=id, value=nbspandspaces}]
三月 23, 2014 4:24:00 下午 org.openqa.selenium.remote.RemoteWebDriver log
信息: Executing: getElementText [910b6fb9-78a8-fe4b-95b2-d66edd6da9be, getElementText {id={43190f1b-e7c9-3940-9c42-602d254fbdf0}}]
三月 23, 2014 4:24:00 下午 org.openqa.selenium.remote.RemoteWebDriver log
信息: Executed: [910b6fb9-78a8-fe4b-95b2-d66edd6da9be, getElementText {id={43190f1b-e7c9-3940-9c42-602d254fbdf0}}]
三月 23, 2014 4:24:00 下午 org.openqa.selenium.testing.JUnit4TestBase$1 finished
信息: <<< Finished testShouldNotCollapseANonBreakingSpaces(org.openqa.selenium.TextHandlingTest)
三月 23, 2014 4:24:00 下午 org.openqa.selenium.testing.JUnit4TestBase$1 starting
信息: >>> Starting testShouldOnlyIncludeVisibleText(org.openqa.selenium.TextHandlingTest)
三月 23, 2014 4:24:00 下午 org.openqa.selenium.remote.RemoteWebDriver log
信息: Executing: get [910b6fb9-78a8-fe4b-95b2-d66edd6da9be, get {url=http://localhost:6461/common/javascriptPage.html}]
三月 23, 2014 4:24:00 下午 org.openqa.selenium.remote.RemoteWebDriver log
信息: Executed: [910b6fb9-78a8-fe4b-95b2-d66edd6da9be, get {url=http://localhost:6461/common/javascriptPage.html}]
三月 23, 2014 4:24:00 下午 org.openqa.selenium.remote.RemoteWebDriver log
信息: Executing: findElement [910b6fb9-78a8-fe4b-95b2-d66edd6da9be, findElement {using=id, value=suppressedParagraph}]
三月 23, 2014 4:24:00 下午 org.openqa.selenium.remote.RemoteWebDriver log
信息: Executed: [910b6fb9-78a8-fe4b-95b2-d66edd6da9be, findElement {using=id, value=suppressedParagraph}]
三月 23, 2014 4:24:00 下午 org.openqa.selenium.remote.RemoteWebDriver log
信息: Executing: getElementText [910b6fb9-78a8-fe4b-95b2-d66edd6da9be, getElementText {id={f4f3f05c-3728-8b48-9e80-bdd52d349ff6}}]
三月 23, 2014 4:24:00 下午 org.openqa.selenium.remote.RemoteWebDriver log
信息: Executed: [910b6fb9-78a8-fe4b-95b2-d66edd6da9be, getElementText {id={f4f3f05c-3728-8b48-9e80-bdd52d349ff6}}]
三月 23, 2014 4:24:00 下午 org.openqa.selenium.remote.RemoteWebDriver log
信息: Executing: findElement [910b6fb9-78a8-fe4b-95b2-d66edd6da9be, findElement {using=id, value=outer}]
三月 23, 2014 4:24:00 下午 org.openqa.selenium.remote.RemoteWebDriver log
信息: Executed: [910b6fb9-78a8-fe4b-95b2-d66edd6da9be, findElement {using=id, value=outer}]
三月 23, 2014 4:24:00 下午 org.openqa.selenium.remote.RemoteWebDriver log
信息: Executing: getElementText [910b6fb9-78a8-fe4b-95b2-d66edd6da9be, getElementText {id={c5a17717-70d4-1544-884c-6e47bd2f220f}}]
三月 23, 2014 4:24:00 下午 org.openqa.selenium.remote.RemoteWebDriver log
信息: Executed: [910b6fb9-78a8-fe4b-95b2-d66edd6da9be, getElementText {id={c5a17717-70d4-1544-884c-6e47bd2f220f}}]
三月 23, 2014 4:24:00 下午 org.openqa.selenium.testing.JUnit4TestBase$1 finished
信息: <<< Finished testShouldOnlyIncludeVisibleText(org.openqa.selenium.TextHandlingTest)
三月 23, 2014 4:24:00 下午 org.openqa.selenium.testing.JUnit4TestBase$1 starting
信息: >>> Starting testShouldReturnTheEntireTextContentOfChildElements(org.openqa.selenium.TextHandlingTest)
三月 23, 2014 4:24:00 下午 org.openqa.selenium.remote.RemoteWebDriver log
信息: Executing: get [910b6fb9-78a8-fe4b-95b2-d66edd6da9be, get {url=http://localhost:6461/common/simpleTest.html}]
三月 23, 2014 4:24:00 下午 org.openqa.selenium.remote.RemoteWebDriver log
信息: Executed: [910b6fb9-78a8-fe4b-95b2-d66edd6da9be, get {url=http://localhost:6461/common/simpleTest.html}]
三月 23, 2014 4:24:00 下午 org.openqa.selenium.remote.RemoteWebDriver log
信息: Executing: findElement [910b6fb9-78a8-fe4b-95b2-d66edd6da9be, findElement {using=id, value=multiline}]
三月 23, 2014 4:24:00 下午 org.openqa.selenium.remote.RemoteWebDriver log
信息: Executed: [910b6fb9-78a8-fe4b-95b2-d66edd6da9be, findElement {using=id, value=multiline}]
三月 23, 2014 4:24:00 下午 org.openqa.selenium.remote.RemoteWebDriver log
信息: Executing: getElementText [910b6fb9-78a8-fe4b-95b2-d66edd6da9be, getElementText {id={f3271d2f-adad-864c-a2df-b3b3fbce6d0d}}]
三月 23, 2014 4:24:00 下午 org.openqa.selenium.remote.RemoteWebDriver log
信息: Executed: [910b6fb9-78a8-fe4b-95b2-d66edd6da9be, getElementText {id={f3271d2f-adad-864c-a2df-b3b3fbce6d0d}}]
三月 23, 2014 4:24:00 下午 org.openqa.selenium.testing.JUnit4TestBase$1 finished
信息: <<< Finished testShouldReturnTheEntireTextContentOfChildElements(org.openqa.selenium.TextHandlingTest)
三月 23, 2014 4:24:00 下午 org.openqa.selenium.testing.JUnit4TestBase$1 starting
信息: >>> Starting testTextOfAnInputFieldShouldBeEmpty(org.openqa.selenium.TextHandlingTest)
三月 23, 2014 4:24:00 下午 org.openqa.selenium.remote.RemoteWebDriver log
信息: Executing: get [910b6fb9-78a8-fe4b-95b2-d66edd6da9be, get {url=http://localhost:6461/common/formPage.html}]
三月 23, 2014 4:24:00 下午 org.openqa.selenium.remote.RemoteWebDriver log
信息: Executed: [910b6fb9-78a8-fe4b-95b2-d66edd6da9be, get {url=http://localhost:6461/common/formPage.html}]
三月 23, 2014 4:24:00 下午 org.openqa.selenium.remote.RemoteWebDriver log
信息: Executing: findElement [910b6fb9-78a8-fe4b-95b2-d66edd6da9be, findElement {using=id, value=inputWithText}]
三月 23, 2014 4:24:00 下午 org.openqa.selenium.remote.RemoteWebDriver log
信息: Executed: [910b6fb9-78a8-fe4b-95b2-d66edd6da9be, findElement {using=id, value=inputWithText}]
三月 23, 2014 4:24:00 下午 org.openqa.selenium.remote.RemoteWebDriver log
信息: Executing: getElementText [910b6fb9-78a8-fe4b-95b2-d66edd6da9be, getElementText {id={55a6565e-a230-4c41-9fe9-ea503f4095be}}]
三月 23, 2014 4:24:00 下午 org.openqa.selenium.remote.RemoteWebDriver log
信息: Executed: [910b6fb9-78a8-fe4b-95b2-d66edd6da9be, getElementText {id={55a6565e-a230-4c41-9fe9-ea503f4095be}}]
三月 23, 2014 4:24:00 下午 org.openqa.selenium.testing.JUnit4TestBase$1 finished
信息: <<< Finished testTextOfAnInputFieldShouldBeEmpty(org.openqa.selenium.TextHandlingTest)
三月 23, 2014 4:24:00 下午 org.openqa.selenium.testing.JUnit4TestBase$1 starting
信息: >>> Starting testShouldNotTrimNonBreakingSpacesAtTheEndOfALineInTheMiddleOfText(org.openqa.selenium.TextHandlingTest)
三月 23, 2014 4:24:00 下午 org.openqa.selenium.remote.RemoteWebDriver log
信息: Executing: get [910b6fb9-78a8-fe4b-95b2-d66edd6da9be, get {url=http://localhost:6461/common/simpleTest.html}]
三月 23, 2014 4:24:00 下午 org.openqa.selenium.remote.RemoteWebDriver log
信息: Executed: [910b6fb9-78a8-fe4b-95b2-d66edd6da9be, get {url=http://localhost:6461/common/simpleTest.html}]
三月 23, 2014 4:24:00 下午 org.openqa.selenium.remote.RemoteWebDriver log
信息: Executing: findElement [910b6fb9-78a8-fe4b-95b2-d66edd6da9be, findElement {using=id, value=multilinenbsp}]
三月 23, 2014 4:24:00 下午 org.openqa.selenium.remote.RemoteWebDriver log
信息: Executed: [910b6fb9-78a8-fe4b-95b2-d66edd6da9be, findElement {using=id, value=multilinenbsp}]
三月 23, 2014 4:24:00 下午 org.openqa.selenium.remote.RemoteWebDriver log
信息: Executing: getElementText [910b6fb9-78a8-fe4b-95b2-d66edd6da9be, getElementText {id={32e1175a-3a03-9146-8abf-30f7f6ff7e1a}}]
三月 23, 2014 4:24:00 下午 org.openqa.selenium.remote.RemoteWebDriver log
信息: Executed: [910b6fb9-78a8-fe4b-95b2-d66edd6da9be, getElementText {id={32e1175a-3a03-9146-8abf-30f7f6ff7e1a}}]
三月 23, 2014 4:24:00 下午 org.openqa.selenium.testing.JUnit4TestBase$1 finished
信息: <<< Finished testShouldNotTrimNonBreakingSpacesAtTheEndOfALineInTheMiddleOfText(org.openqa.selenium.TextHandlingTest)
三月 23, 2014 4:24:00 下午 org.openqa.selenium.testing.JUnit4TestBase$1 starting
信息: >>> Starting testReadALargeAmountOfData(org.openqa.selenium.TextHandlingTest)
三月 23, 2014 4:24:00 下午 org.openqa.selenium.remote.RemoteWebDriver log
信息: Executing: get [910b6fb9-78a8-fe4b-95b2-d66edd6da9be, get {url=http://localhost:6461/common/macbeth.html}]
三月 23, 2014 4:24:00 下午 org.openqa.selenium.remote.RemoteWebDriver log
信息: Executed: [910b6fb9-78a8-fe4b-95b2-d66edd6da9be, get {url=http://localhost:6461/common/macbeth.html}]
三月 23, 2014 4:24:00 下午 org.openqa.selenium.remote.RemoteWebDriver log
信息: Executing: getPageSource [910b6fb9-78a8-fe4b-95b2-d66edd6da9be, getPageSource {}]
三月 23, 2014 4:24:01 下午 org.openqa.selenium.remote.RemoteWebDriver log
信息: Executed: [910b6fb9-78a8-fe4b-95b2-d66edd6da9be, getPageSource {}]
三月 23, 2014 4:24:01 下午 org.openqa.selenium.testing.JUnit4TestBase$1 finished
信息: <<< Finished testReadALargeAmountOfData(org.openqa.selenium.TextHandlingTest)
三月 23, 2014 4:24:01 下午 org.openqa.selenium.testing.JUnit4TestBase$1 starting
信息: >>> Starting testShouldThrowExceptionWhenAddingCookieToAPageThatIsNotHtml(org.openqa.selenium.TextPagesTest)
三月 23, 2014 4:24:01 下午 org.openqa.selenium.remote.RemoteWebDriver log
信息: Executing: get [910b6fb9-78a8-fe4b-95b2-d66edd6da9be, get {url=http://localhost:6461/common/plain.txt}]
三月 23, 2014 4:24:01 下午 org.openqa.selenium.remote.RemoteWebDriver log
信息: Executed: [910b6fb9-78a8-fe4b-95b2-d66edd6da9be, get {url=http://localhost:6461/common/plain.txt}]
三月 23, 2014 4:24:01 下午 org.openqa.selenium.remote.RemoteWebDriver log
信息: Executing: addCookie [910b6fb9-78a8-fe4b-95b2-d66edd6da9be, addCookie {cookie=hello=goodbye; path=/}]
三月 23, 2014 4:24:01 下午 org.openqa.selenium.remote.RemoteWebDriver log
信息: Executed: [910b6fb9-78a8-fe4b-95b2-d66edd6da9be, addCookie {cookie=hello=goodbye; path=/}]
三月 23, 2014 4:24:01 下午 org.openqa.selenium.testing.JUnit4TestBase$1 finished
信息: <<< Finished testShouldThrowExceptionWhenAddingCookieToAPageThatIsNotHtml(org.openqa.selenium.TextPagesTest)
三月 23, 2014 4:24:01 下午 org.openqa.selenium.testing.JUnit4TestBase$1 starting
信息: >>> Starting testFindingAnElementOnAPlainTextPageWillNeverWork(org.openqa.selenium.TextPagesTest)
三月 23, 2014 4:24:01 下午 org.openqa.selenium.remote.RemoteWebDriver log
信息: Executing: get [910b6fb9-78a8-fe4b-95b2-d66edd6da9be, get {url=http://localhost:6461/common/plain.txt}]
三月 23, 2014 4:24:01 下午 org.openqa.selenium.remote.RemoteWebDriver log
信息: Executed: [910b6fb9-78a8-fe4b-95b2-d66edd6da9be, get {url=http://localhost:6461/common/plain.txt}]
三月 23, 2014 4:24:01 下午 org.openqa.selenium.remote.RemoteWebDriver log
信息: Executing: findElement [910b6fb9-78a8-fe4b-95b2-d66edd6da9be, findElement {using=id, value=foo}]
三月 23, 2014 4:24:01 下午 org.openqa.selenium.remote.RemoteWebDriver log
信息: Executed: [910b6fb9-78a8-fe4b-95b2-d66edd6da9be, findElement {using=id, value=foo}]
三月 23, 2014 4:24:01 下午 org.openqa.selenium.testing.JUnit4TestBase$1 finished
信息: <<< Finished testFindingAnElementOnAPlainTextPageWillNeverWork(org.openqa.selenium.TextPagesTest)
三月 23, 2014 4:24:01 下午 org.openqa.selenium.testing.JUnit4TestBase$1 starting
信息: >>> Starting testShouldFireKeyDownEvents(org.openqa.selenium.TypingTest)
三月 23, 2014 4:24:01 下午 org.openqa.selenium.remote.RemoteWebDriver log
信息: Executing: get [910b6fb9-78a8-fe4b-95b2-d66edd6da9be, get {url=http://localhost:6461/common/javascriptPage.html}]
三月 23, 2014 4:24:01 下午 org.openqa.selenium.remote.RemoteWebDriver log
信息: Executed: [910b6fb9-78a8-fe4b-95b2-d66edd6da9be, get {url=http://localhost:6461/common/javascriptPage.html}]
三月 23, 2014 4:24:01 下午 org.openqa.selenium.remote.RemoteWebDriver log
信息: Executing: findElement [910b6fb9-78a8-fe4b-95b2-d66edd6da9be, findElement {using=id, value=keyReporter}]
三月 23, 2014 4:24:01 下午 org.openqa.selenium.remote.RemoteWebDriver log
信息: Executed: [910b6fb9-78a8-fe4b-95b2-d66edd6da9be, findElement {using=id, value=keyReporter}]
三月 23, 2014 4:24:01 下午 org.openqa.selenium.remote.RemoteWebDriver log
信息: Executing: sendKeysToElement [910b6fb9-78a8-fe4b-95b2-d66edd6da9be, sendKeysToElement {id={944bbdf8-6b60-ab4e-9827-9496ca46f717}, value=[Ljava.lang.CharSequence;@6778921b}]
三月 23, 2014 4:24:01 下午 org.openqa.selenium.remote.RemoteWebDriver log
信息: Executed: [910b6fb9-78a8-fe4b-95b2-d66edd6da9be, sendKeysToElement {id={944bbdf8-6b60-ab4e-9827-9496ca46f717}, value=[Ljava.lang.CharSequence;@6778921b}]
三月 23, 2014 4:24:01 下午 org.openqa.selenium.remote.RemoteWebDriver log
信息: Executing: findElement [910b6fb9-78a8-fe4b-95b2-d66edd6da9be, findElement {using=id, value=result}]
三月 23, 2014 4:24:01 下午 org.openqa.selenium.remote.RemoteWebDriver log
信息: Executed: [910b6fb9-78a8-fe4b-95b2-d66edd6da9be, findElement {using=id, value=result}]
三月 23, 2014 4:24:01 下午 org.openqa.selenium.remote.RemoteWebDriver log
信息: Executing: getElementText [910b6fb9-78a8-fe4b-95b2-d66edd6da9be, getElementText {id={8e445653-c841-524d-a841-b4c4336dddae}}]
三月 23, 2014 4:24:01 下午 org.openqa.selenium.remote.RemoteWebDriver log
信息: Executed: [910b6fb9-78a8-fe4b-95b2-d66edd6da9be, getElementText {id={8e445653-c841-524d-a841-b4c4336dddae}}]
三月 23, 2014 4:24:01 下午 org.openqa.selenium.testing.JUnit4TestBase$1 finished
信息: <<< Finished testShouldFireKeyDownEvents(org.openqa.selenium.TypingTest)
三月 23, 2014 4:24:01 下午 org.openqa.selenium.testing.JUnit4TestBase$1 starting
信息: >>> Starting testNumericNonShiftKeys(org.openqa.selenium.TypingTest)
三月 23, 2014 4:24:01 下午 org.openqa.selenium.remote.RemoteWebDriver log
信息: Executing: get [910b6fb9-78a8-fe4b-95b2-d66edd6da9be, get {url=http://localhost:6461/common/javascriptPage.html}]
三月 23, 2014 4:24:01 下午 org.openqa.selenium.remote.RemoteWebDriver log
信息: Executed: [910b6fb9-78a8-fe4b-95b2-d66edd6da9be, get {url=http://localhost:6461/common/javascriptPage.html}]
三月 23, 2014 4:24:01 下午 org.openqa.selenium.remote.RemoteWebDriver log
信息: Executing: findElement [910b6fb9-78a8-fe4b-95b2-d66edd6da9be, findElement {using=id, value=keyReporter}]
三月 23, 2014 4:24:01 下午 org.openqa.selenium.remote.RemoteWebDriver log
信息: Executed: [910b6fb9-78a8-fe4b-95b2-d66edd6da9be, findElement {using=id, value=keyReporter}]
三月 23, 2014 4:24:01 下午 org.openqa.selenium.remote.RemoteWebDriver log
信息: Executing: sendKeysToElement [910b6fb9-78a8-fe4b-95b2-d66edd6da9be, sendKeysToElement {id={e85a1a55-a420-0247-ae93-9b336b258ec8}, value=[Ljava.lang.CharSequence;@302b65cf}]
三月 23, 2014 4:24:01 下午 org.openqa.selenium.remote.RemoteWebDriver log
信息: Executed: [910b6fb9-78a8-fe4b-95b2-d66edd6da9be, sendKeysToElement {id={e85a1a55-a420-0247-ae93-9b336b258ec8}, value=[Ljava.lang.CharSequence;@302b65cf}]
三月 23, 2014 4:24:01 下午 org.openqa.selenium.remote.RemoteWebDriver log
信息: Executing: getElementAttribute [910b6fb9-78a8-fe4b-95b2-d66edd6da9be, getElementAttribute {id={e85a1a55-a420-0247-ae93-9b336b258ec8}, name=value}]
三月 23, 2014 4:24:01 下午 org.openqa.selenium.remote.RemoteWebDriver log
信息: Executed: [910b6fb9-78a8-fe4b-95b2-d66edd6da9be, getElementAttribute {id={e85a1a55-a420-0247-ae93-9b336b258ec8}, name=value}]
三月 23, 2014 4:24:01 下午 org.openqa.selenium.testing.JUnit4TestBase$1 finished
信息: <<< Finished testNumericNonShiftKeys(org.openqa.selenium.TypingTest)
三月 23, 2014 4:24:01 下午 org.openqa.selenium.testing.JUnit4TestBase$1 starting
信息: >>> Starting testShouldBeAbleToTypeTheAtCharacter(org.openqa.selenium.TypingTest)
三月 23, 2014 4:24:01 下午 org.openqa.selenium.remote.RemoteWebDriver log
信息: Executing: get [910b6fb9-78a8-fe4b-95b2-d66edd6da9be, get {url=http://localhost:6461/common/javascriptPage.html}]
三月 23, 2014 4:24:01 下午 org.openqa.selenium.remote.RemoteWebDriver log
信息: Executed: [910b6fb9-78a8-fe4b-95b2-d66edd6da9be, get {url=http://localhost:6461/common/javascriptPage.html}]
三月 23, 2014 4:24:01 下午 org.openqa.selenium.remote.RemoteWebDriver log
信息: Executing: findElement [910b6fb9-78a8-fe4b-95b2-d66edd6da9be, findElement {using=id, value=keyReporter}]
三月 23, 2014 4:24:01 下午 org.openqa.selenium.remote.RemoteWebDriver log
信息: Executed: [910b6fb9-78a8-fe4b-95b2-d66edd6da9be, findElement {using=id, value=keyReporter}]
三月 23, 2014 4:24:01 下午 org.openqa.selenium.remote.RemoteWebDriver log
信息: Executing: sendKeysToElement [910b6fb9-78a8-fe4b-95b2-d66edd6da9be, sendKeysToElement {id={73713d2f-a21c-6344-a9a7-01e7f80aca4c}, value=[Ljava.lang.CharSequence;@1065d8e1}]
三月 23, 2014 4:24:01 下午 org.openqa.selenium.remote.RemoteWebDriver log
信息: Executed: [910b6fb9-78a8-fe4b-95b2-d66edd6da9be, sendKeysToElement {id={73713d2f-a21c-6344-a9a7-01e7f80aca4c}, value=[Ljava.lang.CharSequence;@1065d8e1}]
三月 23, 2014 4:24:01 下午 org.openqa.selenium.remote.RemoteWebDriver log
信息: Executing: getElementAttribute [910b6fb9-78a8-fe4b-95b2-d66edd6da9be, getElementAttribute {id={73713d2f-a21c-6344-a9a7-01e7f80aca4c}, name=value}]
三月 23, 2014 4:24:01 下午 org.openqa.selenium.remote.RemoteWebDriver log
信息: Executed: [910b6fb9-78a8-fe4b-95b2-d66edd6da9be, getElementAttribute {id={73713d2f-a21c-6344-a9a7-01e7f80aca4c}, name=value}]
三月 23, 2014 4:24:01 下午 org.openqa.selenium.testing.JUnit4TestBase$1 finished
信息: <<< Finished testShouldBeAbleToTypeTheAtCharacter(org.openqa.selenium.TypingTest)
三月 23, 2014 4:24:01 下午 org.openqa.selenium.testing.JUnit4TestBase$1 starting
信息: >>> Starting testShouldFireKeyUpEvents(org.openqa.selenium.TypingTest)
三月 23, 2014 4:24:01 下午 org.openqa.selenium.remote.RemoteWebDriver log
信息: Executing: get [910b6fb9-78a8-fe4b-95b2-d66edd6da9be, get {url=http://localhost:6461/common/javascriptPage.html}]
三月 23, 2014 4:24:01 下午 org.openqa.selenium.remote.RemoteWebDriver log
信息: Executed: [910b6fb9-78a8-fe4b-95b2-d66edd6da9be, get {url=http://localhost:6461/common/javascriptPage.html}]
三月 23, 2014 4:24:01 下午 org.openqa.selenium.remote.RemoteWebDriver log
信息: Executing: findElement [910b6fb9-78a8-fe4b-95b2-d66edd6da9be, findElement {using=id, value=keyReporter}]
三月 23, 2014 4:24:01 下午 org.openqa.selenium.remote.RemoteWebDriver log
信息: Executed: [910b6fb9-78a8-fe4b-95b2-d66edd6da9be, findElement {using=id, value=keyReporter}]
三月 23, 2014 4:24:01 下午 org.openqa.selenium.remote.RemoteWebDriver log
信息: Executing: sendKeysToElement [910b6fb9-78a8-fe4b-95b2-d66edd6da9be, sendKeysToElement {id={7d72ac84-e468-d142-8f7c-12165c009286}, value=[Ljava.lang.CharSequence;@3f1e3206}]
三月 23, 2014 4:24:01 下午 org.openqa.selenium.remote.RemoteWebDriver log
信息: Executed: [910b6fb9-78a8-fe4b-95b2-d66edd6da9be, sendKeysToElement {id={7d72ac84-e468-d142-8f7c-12165c009286}, value=[Ljava.lang.CharSequence;@3f1e3206}]
三月 23, 2014 4:24:01 下午 org.openqa.selenium.remote.RemoteWebDriver log
信息: Executing: findElement [910b6fb9-78a8-fe4b-95b2-d66edd6da9be, findElement {using=id, value=result}]
三月 23, 2014 4:24:01 下午 org.openqa.selenium.remote.RemoteWebDriver log
信息: Executed: [910b6fb9-78a8-fe4b-95b2-d66edd6da9be, findElement {using=id, value=result}]
三月 23, 2014 4:24:01 下午 org.openqa.selenium.remote.RemoteWebDriver log
信息: Executing: getElementText [910b6fb9-78a8-fe4b-95b2-d66edd6da9be, getElementText {id={e9268cd3-41c8-e94d-862e-139bddc02c16}}]
三月 23, 2014 4:24:01 下午 org.openqa.selenium.remote.RemoteWebDriver log
信息: Executed: [910b6fb9-78a8-fe4b-95b2-d66edd6da9be, getElementText {id={e9268cd3-41c8-e94d-862e-139bddc02c16}}]
三月 23, 2014 4:24:01 下午 org.openqa.selenium.testing.JUnit4TestBase$1 finished
信息: <<< Finished testShouldFireKeyUpEvents(org.openqa.selenium.TypingTest)
三月 23, 2014 4:24:01 下午 org.openqa.selenium.testing.JUnit4TestBase$1 starting
信息: >>> Starting testSpecialSpaceKeys(org.openqa.selenium.TypingTest)
三月 23, 2014 4:24:01 下午 org.openqa.selenium.remote.RemoteWebDriver log
信息: Executing: get [910b6fb9-78a8-fe4b-95b2-d66edd6da9be, get {url=http://localhost:6461/common/javascriptPage.html}]
三月 23, 2014 4:24:02 下午 org.openqa.selenium.remote.RemoteWebDriver log
信息: Executed: [910b6fb9-78a8-fe4b-95b2-d66edd6da9be, get {url=http://localhost:6461/common/javascriptPage.html}]
三月 23, 2014 4:24:02 下午 org.openqa.selenium.remote.RemoteWebDriver log
信息: Executing: findElement [910b6fb9-78a8-fe4b-95b2-d66edd6da9be, findElement {using=id, value=keyReporter}]
三月 23, 2014 4:24:02 下午 org.openqa.selenium.remote.RemoteWebDriver log
信息: Executed: [910b6fb9-78a8-fe4b-95b2-d66edd6da9be, findElement {using=id, value=keyReporter}]
三月 23, 2014 4:24:02 下午 org.openqa.selenium.remote.RemoteWebDriver log
信息: Executing: sendKeysToElement [910b6fb9-78a8-fe4b-95b2-d66edd6da9be, sendKeysToElement {id={e0f5d820-32da-8f40-8914-60b5b2fbe834}, value=[Ljava.lang.CharSequence;@224fb106}]
三月 23, 2014 4:24:02 下午 org.openqa.selenium.remote.RemoteWebDriver log
信息: Executed: [910b6fb9-78a8-fe4b-95b2-d66edd6da9be, sendKeysToElement {id={e0f5d820-32da-8f40-8914-60b5b2fbe834}, value=[Ljava.lang.CharSequence;@224fb106}]
三月 23, 2014 4:24:02 下午 org.openqa.selenium.remote.RemoteWebDriver log
信息: Executing: getElementAttribute [910b6fb9-78a8-fe4b-95b2-d66edd6da9be, getElementAttribute {id={e0f5d820-32da-8f40-8914-60b5b2fbe834}, name=value}]
三月 23, 2014 4:24:02 下午 org.openqa.selenium.remote.RemoteWebDriver log
信息: Executed: [910b6fb9-78a8-fe4b-95b2-d66edd6da9be, getElementAttribute {id={e0f5d820-32da-8f40-8914-60b5b2fbe834}, name=value}]
三月 23, 2014 4:24:02 下午 org.openqa.selenium.testing.JUnit4TestBase$1 finished
信息: <<< Finished testSpecialSpaceKeys(org.openqa.selenium.TypingTest)
三月 23, 2014 4:24:02 下午 org.openqa.selenium.testing.JUnit4TestBase$1 starting
信息: >>> Starting testShouldBeAbleToMixUpperAndLowerCaseLetters(org.openqa.selenium.TypingTest)
三月 23, 2014 4:24:02 下午 org.openqa.selenium.remote.RemoteWebDriver log
信息: Executing: get [910b6fb9-78a8-fe4b-95b2-d66edd6da9be, get {url=http://localhost:6461/common/javascriptPage.html}]
三月 23, 2014 4:24:02 下午 org.openqa.selenium.remote.RemoteWebDriver log
信息: Executed: [910b6fb9-78a8-fe4b-95b2-d66edd6da9be, get {url=http://localhost:6461/common/javascriptPage.html}]
三月 23, 2014 4:24:02 下午 org.openqa.selenium.remote.RemoteWebDriver log
信息: Executing: findElement [910b6fb9-78a8-fe4b-95b2-d66edd6da9be, findElement {using=id, value=keyReporter}]
三月 23, 2014 4:24:02 下午 org.openqa.selenium.remote.RemoteWebDriver log
信息: Executed: [910b6fb9-78a8-fe4b-95b2-d66edd6da9be, findElement {using=id, value=keyReporter}]
三月 23, 2014 4:24:02 下午 org.openqa.selenium.remote.RemoteWebDriver log
信息: Executing: sendKeysToElement [910b6fb9-78a8-fe4b-95b2-d66edd6da9be, sendKeysToElement {id={397802f3-1e29-cc49-be35-c7a80f89f310}, value=[Ljava.lang.CharSequence;@a8adcb}]
三月 23, 2014 4:24:02 下午 org.openqa.selenium.remote.RemoteWebDriver log
信息: Executed: [910b6fb9-78a8-fe4b-95b2-d66edd6da9be, sendKeysToElement {id={397802f3-1e29-cc49-be35-c7a80f89f310}, value=[Ljava.lang.CharSequence;@a8adcb}]
三月 23, 2014 4:24:02 下午 org.openqa.selenium.remote.RemoteWebDriver log
信息: Executing: getElementAttribute [910b6fb9-78a8-fe4b-95b2-d66edd6da9be, getElementAttribute {id={397802f3-1e29-cc49-be35-c7a80f89f310}, name=value}]
三月 23, 2014 4:24:02 下午 org.openqa.selenium.remote.RemoteWebDriver log
信息: Executed: [910b6fb9-78a8-fe4b-95b2-d66edd6da9be, getElementAttribute {id={397802f3-1e29-cc49-be35-c7a80f89f310}, name=value}]
三月 23, 2014 4:24:02 下午 org.openqa.selenium.testing.JUnit4TestBase$1 finished
信息: <<< Finished testShouldBeAbleToMixUpperAndLowerCaseLetters(org.openqa.selenium.TypingTest)
三月 23, 2014 4:24:02 下午 org.openqa.selenium.testing.JUnit4TestBase$1 starting
信息: >>> Starting testShouldBeAbleToTypeIntoEmptyContentEditableElement(org.openqa.selenium.TypingTest)
三月 23, 2014 4:24:02 下午 org.openqa.selenium.remote.RemoteWebDriver log
信息: Executing: get [910b6fb9-78a8-fe4b-95b2-d66edd6da9be, get {url=http://localhost:6461/common/readOnlyPage.html}]
三月 23, 2014 4:24:02 下午 org.openqa.selenium.remote.RemoteWebDriver log
信息: Executed: [910b6fb9-78a8-fe4b-95b2-d66edd6da9be, get {url=http://localhost:6461/common/readOnlyPage.html}]
三月 23, 2014 4:24:02 下午 org.openqa.selenium.remote.RemoteWebDriver log
信息: Executing: findElement [910b6fb9-78a8-fe4b-95b2-d66edd6da9be, findElement {using=id, value=content-editable}]
三月 23, 2014 4:24:02 下午 org.openqa.selenium.remote.RemoteWebDriver log
信息: Executed: [910b6fb9-78a8-fe4b-95b2-d66edd6da9be, findElement {using=id, value=content-editable}]
三月 23, 2014 4:24:02 下午 org.openqa.selenium.remote.RemoteWebDriver log
信息: Executing: clearElement [910b6fb9-78a8-fe4b-95b2-d66edd6da9be, clearElement {id={e8648dd3-e7e6-1c44-b26f-4ee1db0721fa}}]
三月 23, 2014 4:24:02 下午 org.openqa.selenium.remote.RemoteWebDriver log
信息: Executed: [910b6fb9-78a8-fe4b-95b2-d66edd6da9be, clearElement {id={e8648dd3-e7e6-1c44-b26f-4ee1db0721fa}}]
三月 23, 2014 4:24:02 下午 org.openqa.selenium.remote.RemoteWebDriver log
信息: Executing: sendKeysToElement [910b6fb9-78a8-fe4b-95b2-d66edd6da9be, sendKeysToElement {id={e8648dd3-e7e6-1c44-b26f-4ee1db0721fa}, value=[Ljava.lang.CharSequence;@45b82cc0}]
三月 23, 2014 4:24:02 下午 org.openqa.selenium.remote.RemoteWebDriver log
信息: Executed: [910b6fb9-78a8-fe4b-95b2-d66edd6da9be, sendKeysToElement {id={e8648dd3-e7e6-1c44-b26f-4ee1db0721fa}, value=[Ljava.lang.CharSequence;@45b82cc0}]
三月 23, 2014 4:24:02 下午 org.openqa.selenium.remote.RemoteWebDriver log
信息: Executing: getElementText [910b6fb9-78a8-fe4b-95b2-d66edd6da9be, getElementText {id={e8648dd3-e7e6-1c44-b26f-4ee1db0721fa}}]
三月 23, 2014 4:24:02 下午 org.openqa.selenium.remote.RemoteWebDriver log
信息: Executed: [910b6fb9-78a8-fe4b-95b2-d66edd6da9be, getElementText {id={e8648dd3-e7e6-1c44-b26f-4ee1db0721fa}}]
三月 23, 2014 4:24:02 下午 org.openqa.selenium.testing.JUnit4TestBase$1 finished
信息: <<< Finished testShouldBeAbleToTypeIntoEmptyContentEditableElement(org.openqa.selenium.TypingTest)
三月 23, 2014 4:24:02 下午 org.openqa.selenium.testing.JUnit4TestBase$1 starting
信息: >>> Starting testWillSimulateAKeyDownWhenEnteringTextIntoInputElements(org.openqa.selenium.TypingTest)
三月 23, 2014 4:24:02 下午 org.openqa.selenium.remote.RemoteWebDriver log
信息: Executing: get [910b6fb9-78a8-fe4b-95b2-d66edd6da9be, get {url=http://localhost:6461/common/javascriptPage.html}]
三月 23, 2014 4:24:02 下午 org.openqa.selenium.remote.RemoteWebDriver log
信息: Executed: [910b6fb9-78a8-fe4b-95b2-d66edd6da9be, get {url=http://localhost:6461/common/javascriptPage.html}]
三月 23, 2014 4:24:02 下午 org.openqa.selenium.remote.RemoteWebDriver log
信息: Executing: findElement [910b6fb9-78a8-fe4b-95b2-d66edd6da9be, findElement {using=id, value=keyDown}]
三月 23, 2014 4:24:02 下午 org.openqa.selenium.remote.RemoteWebDriver log
信息: Executed: [910b6fb9-78a8-fe4b-95b2-d66edd6da9be, findElement {using=id, value=keyDown}]
三月 23, 2014 4:24:02 下午 org.openqa.selenium.remote.RemoteWebDriver log
信息: Executing: sendKeysToElement [910b6fb9-78a8-fe4b-95b2-d66edd6da9be, sendKeysToElement {id={e5a4c9ee-c5ea-1043-9bd3-3c3e3c6b11c1}, value=[Ljava.lang.CharSequence;@5d63a582}]
三月 23, 2014 4:24:02 下午 org.openqa.selenium.remote.RemoteWebDriver log
信息: Executed: [910b6fb9-78a8-fe4b-95b2-d66edd6da9be, sendKeysToElement {id={e5a4c9ee-c5ea-1043-9bd3-3c3e3c6b11c1}, value=[Ljava.lang.CharSequence;@5d63a582}]
三月 23, 2014 4:24:02 下午 org.openqa.selenium.remote.RemoteWebDriver log
信息: Executing: findElement [910b6fb9-78a8-fe4b-95b2-d66edd6da9be, findElement {using=id, value=result}]
三月 23, 2014 4:24:02 下午 org.openqa.selenium.remote.RemoteWebDriver log
信息: Executed: [910b6fb9-78a8-fe4b-95b2-d66edd6da9be, findElement {using=id, value=result}]
三月 23, 2014 4:24:02 下午 org.openqa.selenium.remote.RemoteWebDriver log
信息: Executing: getElementText [910b6fb9-78a8-fe4b-95b2-d66edd6da9be, getElementText {id={a69a130b-553a-cf44-9d4f-8373ce1811ea}}]
三月 23, 2014 4:24:02 下午 org.openqa.selenium.remote.RemoteWebDriver log
信息: Executed: [910b6fb9-78a8-fe4b-95b2-d66edd6da9be, getElementText {id={a69a130b-553a-cf44-9d4f-8373ce1811ea}}]
三月 23, 2014 4:24:02 下午 org.openqa.selenium.testing.JUnit4TestBase$1 finished
信息: <<< Finished testWillSimulateAKeyDownWhenEnteringTextIntoInputElements(org.openqa.selenium.TypingTest)
三月 23, 2014 4:24:02 下午 org.openqa.selenium.testing.JUnit4TestBase$1 starting
信息: >>> Starting testNumericShiftKeys(org.openqa.selenium.TypingTest)
三月 23, 2014 4:24:02 下午 org.openqa.selenium.remote.RemoteWebDriver log
信息: Executing: get [910b6fb9-78a8-fe4b-95b2-d66edd6da9be, get {url=http://localhost:6461/common/javascriptPage.html}]
三月 23, 2014 4:24:02 下午 org.openqa.selenium.remote.RemoteWebDriver log
信息: Executed: [910b6fb9-78a8-fe4b-95b2-d66edd6da9be, get {url=http://localhost:6461/common/javascriptPage.html}]
三月 23, 2014 4:24:02 下午 org.openqa.selenium.remote.RemoteWebDriver log
信息: Executing: findElement [910b6fb9-78a8-fe4b-95b2-d66edd6da9be, findElement {using=id, value=result}]
三月 23, 2014 4:24:02 下午 org.openqa.selenium.remote.RemoteWebDriver log
信息: Executed: [910b6fb9-78a8-fe4b-95b2-d66edd6da9be, findElement {using=id, value=result}]
三月 23, 2014 4:24:02 下午 org.openqa.selenium.remote.RemoteWebDriver log
信息: Executing: findElement [910b6fb9-78a8-fe4b-95b2-d66edd6da9be, findElement {using=id, value=keyReporter}]
三月 23, 2014 4:24:02 下午 org.openqa.selenium.remote.RemoteWebDriver log
信息: Executed: [910b6fb9-78a8-fe4b-95b2-d66edd6da9be, findElement {using=id, value=keyReporter}]
三月 23, 2014 4:24:02 下午 org.openqa.selenium.remote.RemoteWebDriver log
信息: Executing: sendKeysToElement [910b6fb9-78a8-fe4b-95b2-d66edd6da9be, sendKeysToElement {id={4de211a3-0e0b-464b-affb-db5377834e59}, value=[Ljava.lang.CharSequence;@225fd7c0}]
三月 23, 2014 4:24:02 下午 org.openqa.selenium.remote.RemoteWebDriver log
信息: Executed: [910b6fb9-78a8-fe4b-95b2-d66edd6da9be, sendKeysToElement {id={4de211a3-0e0b-464b-affb-db5377834e59}, value=[Ljava.lang.CharSequence;@225fd7c0}]
三月 23, 2014 4:24:02 下午 org.openqa.selenium.remote.RemoteWebDriver log
信息: Executing: getElementAttribute [910b6fb9-78a8-fe4b-95b2-d66edd6da9be, getElementAttribute {id={4de211a3-0e0b-464b-affb-db5377834e59}, name=value}]
三月 23, 2014 4:24:02 下午 org.openqa.selenium.remote.RemoteWebDriver log
信息: Executed: [910b6fb9-78a8-fe4b-95b2-d66edd6da9be, getElementAttribute {id={4de211a3-0e0b-464b-affb-db5377834e59}, name=value}]
三月 23, 2014 4:24:02 下午 org.openqa.selenium.remote.RemoteWebDriver log
信息: Executing: getElementText [910b6fb9-78a8-fe4b-95b2-d66edd6da9be, getElementText {id={45cf4131-c8e6-0a4b-ad0a-6a72d1c7dcf9}}]
三月 23, 2014 4:24:02 下午 org.openqa.selenium.remote.RemoteWebDriver log
信息: Executed: [910b6fb9-78a8-fe4b-95b2-d66edd6da9be, getElementText {id={45cf4131-c8e6-0a4b-ad0a-6a72d1c7dcf9}}]
三月 23, 2014 4:24:02 下午 org.openqa.selenium.testing.JUnit4TestBase$1 finished
信息: <<< Finished testNumericShiftKeys(org.openqa.selenium.TypingTest)
三月 23, 2014 4:24:02 下午 org.openqa.selenium.testing.JUnit4TestBase$1 starting
信息: >>> Starting testTypingIntoAnIFrameWithContentEditableOrDesignModeSet(org.openqa.selenium.TypingTest)
三月 23, 2014 4:24:02 下午 org.openqa.selenium.remote.RemoteWebDriver log
信息: Executing: get [910b6fb9-78a8-fe4b-95b2-d66edd6da9be, get {url=http://localhost:6461/common/rich_text.html}]
三月 23, 2014 4:24:02 下午 org.openqa.selenium.remote.RemoteWebDriver log
信息: Executed: [910b6fb9-78a8-fe4b-95b2-d66edd6da9be, get {url=http://localhost:6461/common/rich_text.html}]
三月 23, 2014 4:24:02 下午 org.openqa.selenium.remote.RemoteWebDriver log
信息: Executing: switchToFrame [910b6fb9-78a8-fe4b-95b2-d66edd6da9be, switchToFrame {id=editFrame}]
三月 23, 2014 4:24:02 下午 org.openqa.selenium.remote.RemoteWebDriver log
信息: Executed: [910b6fb9-78a8-fe4b-95b2-d66edd6da9be, switchToFrame {id=editFrame}]
三月 23, 2014 4:24:02 下午 org.openqa.selenium.remote.RemoteWebDriver log
信息: Executing: getActiveElement [910b6fb9-78a8-fe4b-95b2-d66edd6da9be, getActiveElement {}]
三月 23, 2014 4:24:02 下午 org.openqa.selenium.remote.RemoteWebDriver log
信息: Executed: [910b6fb9-78a8-fe4b-95b2-d66edd6da9be, getActiveElement {}]
三月 23, 2014 4:24:02 下午 org.openqa.selenium.remote.RemoteWebDriver log
信息: Executing: sendKeysToElement [910b6fb9-78a8-fe4b-95b2-d66edd6da9be, sendKeysToElement {id={7d749c71-6b40-8347-a9e1-8f370468ba06}, value=[Ljava.lang.CharSequence;@fc3b79c}]
三月 23, 2014 4:24:02 下午 org.openqa.selenium.remote.RemoteWebDriver log
信息: Executed: [910b6fb9-78a8-fe4b-95b2-d66edd6da9be, sendKeysToElement {id={7d749c71-6b40-8347-a9e1-8f370468ba06}, value=[Ljava.lang.CharSequence;@fc3b79c}]
三月 23, 2014 4:24:02 下午 org.openqa.selenium.remote.RemoteWebDriver log
信息: Executing: switchToFrame [910b6fb9-78a8-fe4b-95b2-d66edd6da9be, switchToFrame {id=null}]
三月 23, 2014 4:24:02 下午 org.openqa.selenium.remote.RemoteWebDriver log
信息: Executed: [910b6fb9-78a8-fe4b-95b2-d66edd6da9be, switchToFrame {id=null}]
三月 23, 2014 4:24:02 下午 org.openqa.selenium.remote.RemoteWebDriver log
信息: Executing: findElement [910b6fb9-78a8-fe4b-95b2-d66edd6da9be, findElement {using=id, value=istrusted}]
三月 23, 2014 4:24:02 下午 org.openqa.selenium.remote.RemoteWebDriver log
信息: Executed: [910b6fb9-78a8-fe4b-95b2-d66edd6da9be, findElement {using=id, value=istrusted}]
三月 23, 2014 4:24:02 下午 org.openqa.selenium.remote.RemoteWebDriver log
信息: Executing: findElement [910b6fb9-78a8-fe4b-95b2-d66edd6da9be, findElement {using=id, value=tagId}]
三月 23, 2014 4:24:02 下午 org.openqa.selenium.remote.RemoteWebDriver log
信息: Executed: [910b6fb9-78a8-fe4b-95b2-d66edd6da9be, findElement {using=id, value=tagId}]
三月 23, 2014 4:24:02 下午 org.openqa.selenium.remote.RemoteWebDriver log
信息: Executing: getElementText [910b6fb9-78a8-fe4b-95b2-d66edd6da9be, getElementText {id={f55c296d-f5af-d841-a33d-61896f655fb2}}]
三月 23, 2014 4:24:02 下午 org.openqa.selenium.remote.RemoteWebDriver log
信息: Executed: [910b6fb9-78a8-fe4b-95b2-d66edd6da9be, getElementText {id={f55c296d-f5af-d841-a33d-61896f655fb2}}]
三月 23, 2014 4:24:02 下午 org.openqa.selenium.remote.RemoteWebDriver log
信息: Executing: getElementText [910b6fb9-78a8-fe4b-95b2-d66edd6da9be, getElementText {id={2d451a0b-21d2-2a4e-8445-85d9d90d757a}}]
三月 23, 2014 4:24:02 下午 org.openqa.selenium.remote.RemoteWebDriver log
信息: Executed: [910b6fb9-78a8-fe4b-95b2-d66edd6da9be, getElementText {id={2d451a0b-21d2-2a4e-8445-85d9d90d757a}}]
三月 23, 2014 4:24:02 下午 org.openqa.selenium.testing.JUnit4TestBase$1 finished
信息: <<< Finished testTypingIntoAnIFrameWithContentEditableOrDesignModeSet(org.openqa.selenium.TypingTest)
三月 23, 2014 4:24:02 下午 org.openqa.selenium.testing.JUnit4TestBase$1 starting
信息: >>> Starting testShouldBeAbleToUseArrowKeys(org.openqa.selenium.TypingTest)
三月 23, 2014 4:24:02 下午 org.openqa.selenium.remote.RemoteWebDriver log
信息: Executing: get [910b6fb9-78a8-fe4b-95b2-d66edd6da9be, get {url=http://localhost:6461/common/javascriptPage.html}]
三月 23, 2014 4:24:02 下午 org.openqa.selenium.remote.RemoteWebDriver log
信息: Executed: [910b6fb9-78a8-fe4b-95b2-d66edd6da9be, get {url=http://localhost:6461/common/javascriptPage.html}]
三月 23, 2014 4:24:02 下午 org.openqa.selenium.remote.RemoteWebDriver log
信息: Executing: findElement [910b6fb9-78a8-fe4b-95b2-d66edd6da9be, findElement {using=id, value=keyReporter}]
三月 23, 2014 4:24:02 下午 org.openqa.selenium.remote.RemoteWebDriver log
信息: Executed: [910b6fb9-78a8-fe4b-95b2-d66edd6da9be, findElement {using=id, value=keyReporter}]
三月 23, 2014 4:24:02 下午 org.openqa.selenium.remote.RemoteWebDriver log
信息: Executing: sendKeysToElement [910b6fb9-78a8-fe4b-95b2-d66edd6da9be, sendKeysToElement {id={91673736-d8e3-0247-9130-cc4f6e37c19f}, value=[Ljava.lang.CharSequence;@7f68d1e9}]
三月 23, 2014 4:24:03 下午 org.openqa.selenium.remote.RemoteWebDriver log
信息: Executed: [910b6fb9-78a8-fe4b-95b2-d66edd6da9be, sendKeysToElement {id={91673736-d8e3-0247-9130-cc4f6e37c19f}, value=[Ljava.lang.CharSequence;@7f68d1e9}]
三月 23, 2014 4:24:03 下午 org.openqa.selenium.remote.RemoteWebDriver log
信息: Executing: getElementAttribute [910b6fb9-78a8-fe4b-95b2-d66edd6da9be, getElementAttribute {id={91673736-d8e3-0247-9130-cc4f6e37c19f}, name=value}]
三月 23, 2014 4:24:03 下午 org.openqa.selenium.remote.RemoteWebDriver log
信息: Executed: [910b6fb9-78a8-fe4b-95b2-d66edd6da9be, getElementAttribute {id={91673736-d8e3-0247-9130-cc4f6e37c19f}, name=value}]
三月 23, 2014 4:24:03 下午 org.openqa.selenium.testing.JUnit4TestBase$1 finished
信息: <<< Finished testShouldBeAbleToUseArrowKeys(org.openqa.selenium.TypingTest)
三月 23, 2014 4:24:03 下午 org.openqa.selenium.testing.JUnit4TestBase$1 starting
信息: >>> Starting testShouldReportKeyCodeOfArrowKeysUpDownEvents(org.openqa.selenium.TypingTest)
三月 23, 2014 4:24:03 下午 org.openqa.selenium.remote.RemoteWebDriver log
信息: Executing: get [910b6fb9-78a8-fe4b-95b2-d66edd6da9be, get {url=http://localhost:6461/common/javascriptPage.html}]
三月 23, 2014 4:24:03 下午 org.openqa.selenium.remote.RemoteWebDriver log
信息: Executed: [910b6fb9-78a8-fe4b-95b2-d66edd6da9be, get {url=http://localhost:6461/common/javascriptPage.html}]
三月 23, 2014 4:24:03 下午 org.openqa.selenium.remote.RemoteWebDriver log
信息: Executing: findElement [910b6fb9-78a8-fe4b-95b2-d66edd6da9be, findElement {using=id, value=result}]
三月 23, 2014 4:24:03 下午 org.openqa.selenium.remote.RemoteWebDriver log
信息: Executed: [910b6fb9-78a8-fe4b-95b2-d66edd6da9be, findElement {using=id, value=result}]
三月 23, 2014 4:24:03 下午 org.openqa.selenium.remote.RemoteWebDriver log
信息: Executing: findElement [910b6fb9-78a8-fe4b-95b2-d66edd6da9be, findElement {using=id, value=keyReporter}]
三月 23, 2014 4:24:03 下午 org.openqa.selenium.remote.RemoteWebDriver log
信息: Executed: [910b6fb9-78a8-fe4b-95b2-d66edd6da9be, findElement {using=id, value=keyReporter}]
三月 23, 2014 4:24:03 下午 org.openqa.selenium.remote.RemoteWebDriver log
信息: Executing: sendKeysToElement [910b6fb9-78a8-fe4b-95b2-d66edd6da9be, sendKeysToElement {id={05307a50-0007-ae4b-910c-f618884c38a9}, value=[Ljava.lang.CharSequence;@3a6bccb6}]
三月 23, 2014 4:24:03 下午 org.openqa.selenium.remote.RemoteWebDriver log
信息: Executed: [910b6fb9-78a8-fe4b-95b2-d66edd6da9be, sendKeysToElement {id={05307a50-0007-ae4b-910c-f618884c38a9}, value=[Ljava.lang.CharSequence;@3a6bccb6}]
三月 23, 2014 4:24:03 下午 org.openqa.selenium.remote.RemoteWebDriver log
信息: Executing: getElementText [910b6fb9-78a8-fe4b-95b2-d66edd6da9be, getElementText {id={b41dc0ab-b4ac-874a-ac2c-84af683c8b5b}}]
三月 23, 2014 4:24:03 下午 org.openqa.selenium.remote.RemoteWebDriver log
信息: Executed: [910b6fb9-78a8-fe4b-95b2-d66edd6da9be, getElementText {id={b41dc0ab-b4ac-874a-ac2c-84af683c8b5b}}]
三月 23, 2014 4:24:03 下午 org.openqa.selenium.remote.RemoteWebDriver log
信息: Executing: getElementText [910b6fb9-78a8-fe4b-95b2-d66edd6da9be, getElementText {id={b41dc0ab-b4ac-874a-ac2c-84af683c8b5b}}]
三月 23, 2014 4:24:03 下午 org.openqa.selenium.remote.RemoteWebDriver log
信息: Executed: [910b6fb9-78a8-fe4b-95b2-d66edd6da9be, getElementText {id={b41dc0ab-b4ac-874a-ac2c-84af683c8b5b}}]
三月 23, 2014 4:24:03 下午 org.openqa.selenium.remote.RemoteWebDriver log
信息: Executing: sendKeysToElement [910b6fb9-78a8-fe4b-95b2-d66edd6da9be, sendKeysToElement {id={05307a50-0007-ae4b-910c-f618884c38a9}, value=[Ljava.lang.CharSequence;@36c1989b}]
三月 23, 2014 4:24:03 下午 org.openqa.selenium.remote.RemoteWebDriver log
信息: Executed: [910b6fb9-78a8-fe4b-95b2-d66edd6da9be, sendKeysToElement {id={05307a50-0007-ae4b-910c-f618884c38a9}, value=[Ljava.lang.CharSequence;@36c1989b}]
三月 23, 2014 4:24:03 下午 org.openqa.selenium.remote.RemoteWebDriver log
信息: Executing: getElementText [910b6fb9-78a8-fe4b-95b2-d66edd6da9be, getElementText {id={b41dc0ab-b4ac-874a-ac2c-84af683c8b5b}}]
三月 23, 2014 4:24:03 下午 org.openqa.selenium.remote.RemoteWebDriver log
信息: Executed: [910b6fb9-78a8-fe4b-95b2-d66edd6da9be, getElementText {id={b41dc0ab-b4ac-874a-ac2c-84af683c8b5b}}]
三月 23, 2014 4:24:03 下午 org.openqa.selenium.remote.RemoteWebDriver log
信息: Executing: getElementText [910b6fb9-78a8-fe4b-95b2-d66edd6da9be, getElementText {id={b41dc0ab-b4ac-874a-ac2c-84af683c8b5b}}]
三月 23, 2014 4:24:03 下午 org.openqa.selenium.remote.RemoteWebDriver log
信息: Executed: [910b6fb9-78a8-fe4b-95b2-d66edd6da9be, getElementText {id={b41dc0ab-b4ac-874a-ac2c-84af683c8b5b}}]
三月 23, 2014 4:24:03 下午 org.openqa.selenium.remote.RemoteWebDriver log
信息: Executing: sendKeysToElement [910b6fb9-78a8-fe4b-95b2-d66edd6da9be, sendKeysToElement {id={05307a50-0007-ae4b-910c-f618884c38a9}, value=[Ljava.lang.CharSequence;@2b9e798a}]
三月 23, 2014 4:24:03 下午 org.openqa.selenium.remote.RemoteWebDriver log
信息: Executed: [910b6fb9-78a8-fe4b-95b2-d66edd6da9be, sendKeysToElement {id={05307a50-0007-ae4b-910c-f618884c38a9}, value=[Ljava.lang.CharSequence;@2b9e798a}]
三月 23, 2014 4:24:03 下午 org.openqa.selenium.remote.RemoteWebDriver log
信息: Executing: getElementText [910b6fb9-78a8-fe4b-95b2-d66edd6da9be, getElementText {id={b41dc0ab-b4ac-874a-ac2c-84af683c8b5b}}]
三月 23, 2014 4:24:03 下午 org.openqa.selenium.remote.RemoteWebDriver log
信息: Executed: [910b6fb9-78a8-fe4b-95b2-d66edd6da9be, getElementText {id={b41dc0ab-b4ac-874a-ac2c-84af683c8b5b}}]
三月 23, 2014 4:24:03 下午 org.openqa.selenium.remote.RemoteWebDriver log
信息: Executing: getElementText [910b6fb9-78a8-fe4b-95b2-d66edd6da9be, getElementText {id={b41dc0ab-b4ac-874a-ac2c-84af683c8b5b}}]
三月 23, 2014 4:24:03 下午 org.openqa.selenium.remote.RemoteWebDriver log
信息: Executed: [910b6fb9-78a8-fe4b-95b2-d66edd6da9be, getElementText {id={b41dc0ab-b4ac-874a-ac2c-84af683c8b5b}}]
三月 23, 2014 4:24:03 下午 org.openqa.selenium.remote.RemoteWebDriver log
信息: Executing: sendKeysToElement [910b6fb9-78a8-fe4b-95b2-d66edd6da9be, sendKeysToElement {id={05307a50-0007-ae4b-910c-f618884c38a9}, value=[Ljava.lang.CharSequence;@5c45e9f3}]
三月 23, 2014 4:24:03 下午 org.openqa.selenium.remote.RemoteWebDriver log
信息: Executed: [910b6fb9-78a8-fe4b-95b2-d66edd6da9be, sendKeysToElement {id={05307a50-0007-ae4b-910c-f618884c38a9}, value=[Ljava.lang.CharSequence;@5c45e9f3}]
三月 23, 2014 4:24:03 下午 org.openqa.selenium.remote.RemoteWebDriver log
信息: Executing: getElementText [910b6fb9-78a8-fe4b-95b2-d66edd6da9be, getElementText {id={b41dc0ab-b4ac-874a-ac2c-84af683c8b5b}}]
三月 23, 2014 4:24:03 下午 org.openqa.selenium.remote.RemoteWebDriver log
信息: Executed: [910b6fb9-78a8-fe4b-95b2-d66edd6da9be, getElementText {id={b41dc0ab-b4ac-874a-ac2c-84af683c8b5b}}]
三月 23, 2014 4:24:03 下午 org.openqa.selenium.remote.RemoteWebDriver log
信息: Executing: getElementText [910b6fb9-78a8-fe4b-95b2-d66edd6da9be, getElementText {id={b41dc0ab-b4ac-874a-ac2c-84af683c8b5b}}]
三月 23, 2014 4:24:03 下午 org.openqa.selenium.remote.RemoteWebDriver log
信息: Executed: [910b6fb9-78a8-fe4b-95b2-d66edd6da9be, getElementText {id={b41dc0ab-b4ac-874a-ac2c-84af683c8b5b}}]
三月 23, 2014 4:24:03 下午 org.openqa.selenium.remote.RemoteWebDriver log
信息: Executing: getElementAttribute [910b6fb9-78a8-fe4b-95b2-d66edd6da9be, getElementAttribute {id={05307a50-0007-ae4b-910c-f618884c38a9}, name=value}]
三月 23, 2014 4:24:03 下午 org.openqa.selenium.remote.RemoteWebDriver log
信息: Executed: [910b6fb9-78a8-fe4b-95b2-d66edd6da9be, getElementAttribute {id={05307a50-0007-ae4b-910c-f618884c38a9}, name=value}]
三月 23, 2014 4:24:03 下午 org.openqa.selenium.testing.JUnit4TestBase$1 finished
信息: <<< Finished testShouldReportKeyCodeOfArrowKeysUpDownEvents(org.openqa.selenium.TypingTest)
三月 23, 2014 4:24:03 下午 org.openqa.selenium.testing.JUnit4TestBase$1 starting
信息: >>> Starting testGenerateKeyPressEventEvenWhenElementPreventsDefault(org.openqa.selenium.TypingTest)
三月 23, 2014 4:24:03 下午 org.openqa.selenium.remote.RemoteWebDriver log
信息: Executing: executeScript [910b6fb9-78a8-fe4b-95b2-d66edd6da9be, executeScript {script=return navigator.userAgent;, args=[]}]
三月 23, 2014 4:24:03 下午 org.openqa.selenium.remote.RemoteWebDriver log
信息: Executed: [910b6fb9-78a8-fe4b-95b2-d66edd6da9be, executeScript {script=return navigator.userAgent;, args=[]}]
三月 23, 2014 4:24:03 下午 org.openqa.selenium.remote.RemoteWebDriver log
信息: Executing: executeScript [910b6fb9-78a8-fe4b-95b2-d66edd6da9be, executeScript {script=return navigator.userAgent;, args=[]}]
三月 23, 2014 4:24:03 下午 org.openqa.selenium.remote.RemoteWebDriver log
信息: Executed: [910b6fb9-78a8-fe4b-95b2-d66edd6da9be, executeScript {script=return navigator.userAgent;, args=[]}]
三月 23, 2014 4:24:03 下午 org.openqa.selenium.testing.JUnit4TestBase$1 finished
信息: <<< Finished testGenerateKeyPressEventEvenWhenElementPreventsDefault(org.openqa.selenium.TypingTest)
三月 23, 2014 4:24:03 下午 org.openqa.selenium.testing.JUnit4TestBase$1 starting
信息: >>> Starting testShouldFireKeyPressEvents(org.openqa.selenium.TypingTest)
三月 23, 2014 4:24:03 下午 org.openqa.selenium.remote.RemoteWebDriver log
信息: Executing: get [910b6fb9-78a8-fe4b-95b2-d66edd6da9be, get {url=http://localhost:6461/common/javascriptPage.html}]
三月 23, 2014 4:24:03 下午 org.openqa.selenium.remote.RemoteWebDriver log
信息: Executed: [910b6fb9-78a8-fe4b-95b2-d66edd6da9be, get {url=http://localhost:6461/common/javascriptPage.html}]
三月 23, 2014 4:24:03 下午 org.openqa.selenium.remote.RemoteWebDriver log
信息: Executing: findElement [910b6fb9-78a8-fe4b-95b2-d66edd6da9be, findElement {using=id, value=keyReporter}]
三月 23, 2014 4:24:03 下午 org.openqa.selenium.remote.RemoteWebDriver log
信息: Executed: [910b6fb9-78a8-fe4b-95b2-d66edd6da9be, findElement {using=id, value=keyReporter}]
三月 23, 2014 4:24:03 下午 org.openqa.selenium.remote.RemoteWebDriver log
信息: Executing: sendKeysToElement [910b6fb9-78a8-fe4b-95b2-d66edd6da9be, sendKeysToElement {id={e35375ee-8827-b44d-8dec-2457de900452}, value=[Ljava.lang.CharSequence;@db03ddc}]
三月 23, 2014 4:24:03 下午 org.openqa.selenium.remote.RemoteWebDriver log
信息: Executed: [910b6fb9-78a8-fe4b-95b2-d66edd6da9be, sendKeysToElement {id={e35375ee-8827-b44d-8dec-2457de900452}, value=[Ljava.lang.CharSequence;@db03ddc}]
三月 23, 2014 4:24:03 下午 org.openqa.selenium.remote.RemoteWebDriver log
信息: Executing: findElement [910b6fb9-78a8-fe4b-95b2-d66edd6da9be, findElement {using=id, value=result}]
三月 23, 2014 4:24:03 下午 org.openqa.selenium.remote.RemoteWebDriver log
信息: Executed: [910b6fb9-78a8-fe4b-95b2-d66edd6da9be, findElement {using=id, value=result}]
三月 23, 2014 4:24:03 下午 org.openqa.selenium.remote.RemoteWebDriver log
信息: Executing: getElementText [910b6fb9-78a8-fe4b-95b2-d66edd6da9be, getElementText {id={6693d68f-3449-a640-adef-d7895eae7b26}}]
三月 23, 2014 4:24:03 下午 org.openqa.selenium.remote.RemoteWebDriver log
信息: Executed: [910b6fb9-78a8-fe4b-95b2-d66edd6da9be, getElementText {id={6693d68f-3449-a640-adef-d7895eae7b26}}]
三月 23, 2014 4:24:03 下午 org.openqa.selenium.testing.JUnit4TestBase$1 finished
信息: <<< Finished testShouldFireKeyPressEvents(org.openqa.selenium.TypingTest)
三月 23, 2014 4:24:03 下午 org.openqa.selenium.testing.JUnit4TestBase$1 starting
信息: >>> Starting testArrowKeysShouldNotBePrintable(org.openqa.selenium.TypingTest)
三月 23, 2014 4:24:03 下午 org.openqa.selenium.remote.RemoteWebDriver log
信息: Executing: get [910b6fb9-78a8-fe4b-95b2-d66edd6da9be, get {url=http://localhost:6461/common/javascriptPage.html}]
三月 23, 2014 4:24:03 下午 org.openqa.selenium.remote.RemoteWebDriver log
信息: Executed: [910b6fb9-78a8-fe4b-95b2-d66edd6da9be, get {url=http://localhost:6461/common/javascriptPage.html}]
三月 23, 2014 4:24:03 下午 org.openqa.selenium.remote.RemoteWebDriver log
信息: Executing: findElement [910b6fb9-78a8-fe4b-95b2-d66edd6da9be, findElement {using=id, value=keyReporter}]
三月 23, 2014 4:24:03 下午 org.openqa.selenium.remote.RemoteWebDriver log
信息: Executed: [910b6fb9-78a8-fe4b-95b2-d66edd6da9be, findElement {using=id, value=keyReporter}]
三月 23, 2014 4:24:03 下午 org.openqa.selenium.remote.RemoteWebDriver log
信息: Executing: sendKeysToElement [910b6fb9-78a8-fe4b-95b2-d66edd6da9be, sendKeysToElement {id={6dd4df53-1390-df49-bbca-38e11eb4968f}, value=[Ljava.lang.CharSequence;@2cf514af}]
三月 23, 2014 4:24:03 下午 org.openqa.selenium.remote.RemoteWebDriver log
信息: Executed: [910b6fb9-78a8-fe4b-95b2-d66edd6da9be, sendKeysToElement {id={6dd4df53-1390-df49-bbca-38e11eb4968f}, value=[Ljava.lang.CharSequence;@2cf514af}]
三月 23, 2014 4:24:03 下午 org.openqa.selenium.remote.RemoteWebDriver log
信息: Executing: getElementAttribute [910b6fb9-78a8-fe4b-95b2-d66edd6da9be, getElementAttribute {id={6dd4df53-1390-df49-bbca-38e11eb4968f}, name=value}]
三月 23, 2014 4:24:03 下午 org.openqa.selenium.remote.RemoteWebDriver log
信息: Executed: [910b6fb9-78a8-fe4b-95b2-d66edd6da9be, getElementAttribute {id={6dd4df53-1390-df49-bbca-38e11eb4968f}, name=value}]
三月 23, 2014 4:24:03 下午 org.openqa.selenium.testing.JUnit4TestBase$1 finished
信息: <<< Finished testArrowKeysShouldNotBePrintable(org.openqa.selenium.TypingTest)
三月 23, 2014 4:24:03 下午 org.openqa.selenium.testing.JUnit4TestBase$1 starting
信息: >>> Starting testWillSimulateAKeyPressWhenEnteringTextIntoInputElements(org.openqa.selenium.TypingTest)
三月 23, 2014 4:24:03 下午 org.openqa.selenium.remote.RemoteWebDriver log
信息: Executing: get [910b6fb9-78a8-fe4b-95b2-d66edd6da9be, get {url=http://localhost:6461/common/javascriptPage.html}]
三月 23, 2014 4:24:03 下午 org.openqa.selenium.remote.RemoteWebDriver log
信息: Executed: [910b6fb9-78a8-fe4b-95b2-d66edd6da9be, get {url=http://localhost:6461/common/javascriptPage.html}]
三月 23, 2014 4:24:03 下午 org.openqa.selenium.remote.RemoteWebDriver log
信息: Executing: findElement [910b6fb9-78a8-fe4b-95b2-d66edd6da9be, findElement {using=id, value=keyPress}]
三月 23, 2014 4:24:03 下午 org.openqa.selenium.remote.RemoteWebDriver log
信息: Executed: [910b6fb9-78a8-fe4b-95b2-d66edd6da9be, findElement {using=id, value=keyPress}]
三月 23, 2014 4:24:03 下午 org.openqa.selenium.remote.RemoteWebDriver log
信息: Executing: sendKeysToElement [910b6fb9-78a8-fe4b-95b2-d66edd6da9be, sendKeysToElement {id={927b0cc8-912f-3444-bc81-a38c89f9f59b}, value=[Ljava.lang.CharSequence;@21f4c881}]
三月 23, 2014 4:24:03 下午 org.openqa.selenium.remote.RemoteWebDriver log
信息: Executed: [910b6fb9-78a8-fe4b-95b2-d66edd6da9be, sendKeysToElement {id={927b0cc8-912f-3444-bc81-a38c89f9f59b}, value=[Ljava.lang.CharSequence;@21f4c881}]
三月 23, 2014 4:24:03 下午 org.openqa.selenium.remote.RemoteWebDriver log
信息: Executing: findElement [910b6fb9-78a8-fe4b-95b2-d66edd6da9be, findElement {using=id, value=result}]
三月 23, 2014 4:24:03 下午 org.openqa.selenium.remote.RemoteWebDriver log
信息: Executed: [910b6fb9-78a8-fe4b-95b2-d66edd6da9be, findElement {using=id, value=result}]
三月 23, 2014 4:24:03 下午 org.openqa.selenium.remote.RemoteWebDriver log
信息: Executing: getElementText [910b6fb9-78a8-fe4b-95b2-d66edd6da9be, getElementText {id={b5520bcd-b6eb-1045-bcb3-70249b312e18}}]
三月 23, 2014 4:24:03 下午 org.openqa.selenium.remote.RemoteWebDriver log
信息: Executed: [910b6fb9-78a8-fe4b-95b2-d66edd6da9be, getElementText {id={b5520bcd-b6eb-1045-bcb3-70249b312e18}}]
三月 23, 2014 4:24:03 下午 org.openqa.selenium.testing.JUnit4TestBase$1 finished
信息: <<< Finished testWillSimulateAKeyPressWhenEnteringTextIntoInputElements(org.openqa.selenium.TypingTest)
三月 23, 2014 4:24:03 下午 org.openqa.selenium.testing.JUnit4TestBase$1 starting
信息: >>> Starting testShouldReportKeyCodeOfArrowKeys(org.openqa.selenium.TypingTest)
三月 23, 2014 4:24:03 下午 org.openqa.selenium.remote.RemoteWebDriver log
信息: Executing: get [910b6fb9-78a8-fe4b-95b2-d66edd6da9be, get {url=http://localhost:6461/common/javascriptPage.html}]
三月 23, 2014 4:24:03 下午 org.openqa.selenium.remote.RemoteWebDriver log
信息: Executed: [910b6fb9-78a8-fe4b-95b2-d66edd6da9be, get {url=http://localhost:6461/common/javascriptPage.html}]
三月 23, 2014 4:24:03 下午 org.openqa.selenium.remote.RemoteWebDriver log
信息: Executing: findElement [910b6fb9-78a8-fe4b-95b2-d66edd6da9be, findElement {using=id, value=result}]
三月 23, 2014 4:24:03 下午 org.openqa.selenium.remote.RemoteWebDriver log
信息: Executed: [910b6fb9-78a8-fe4b-95b2-d66edd6da9be, findElement {using=id, value=result}]
三月 23, 2014 4:24:03 下午 org.openqa.selenium.remote.RemoteWebDriver log
信息: Executing: findElement [910b6fb9-78a8-fe4b-95b2-d66edd6da9be, findElement {using=id, value=keyReporter}]
三月 23, 2014 4:24:03 下午 org.openqa.selenium.remote.RemoteWebDriver log
信息: Executed: [910b6fb9-78a8-fe4b-95b2-d66edd6da9be, findElement {using=id, value=keyReporter}]
三月 23, 2014 4:24:03 下午 org.openqa.selenium.remote.RemoteWebDriver log
信息: Executing: sendKeysToElement [910b6fb9-78a8-fe4b-95b2-d66edd6da9be, sendKeysToElement {id={19ed1155-8b4b-8e4f-8233-efa826ec9533}, value=[Ljava.lang.CharSequence;@145db24a}]
三月 23, 2014 4:24:03 下午 org.openqa.selenium.remote.RemoteWebDriver log
信息: Executed: [910b6fb9-78a8-fe4b-95b2-d66edd6da9be, sendKeysToElement {id={19ed1155-8b4b-8e4f-8233-efa826ec9533}, value=[Ljava.lang.CharSequence;@145db24a}]
三月 23, 2014 4:24:03 下午 org.openqa.selenium.remote.RemoteWebDriver log
信息: Executing: getElementText [910b6fb9-78a8-fe4b-95b2-d66edd6da9be, getElementText {id={ddb53df3-02f0-b34b-8ac2-e401d8ea594f}}]
三月 23, 2014 4:24:03 下午 org.openqa.selenium.remote.RemoteWebDriver log
信息: Executed: [910b6fb9-78a8-fe4b-95b2-d66edd6da9be, getElementText {id={ddb53df3-02f0-b34b-8ac2-e401d8ea594f}}]
三月 23, 2014 4:24:03 下午 org.openqa.selenium.remote.RemoteWebDriver log
信息: Executing: sendKeysToElement [910b6fb9-78a8-fe4b-95b2-d66edd6da9be, sendKeysToElement {id={19ed1155-8b4b-8e4f-8233-efa826ec9533}, value=[Ljava.lang.CharSequence;@797f57e6}]
三月 23, 2014 4:24:03 下午 org.openqa.selenium.remote.RemoteWebDriver log
信息: Executed: [910b6fb9-78a8-fe4b-95b2-d66edd6da9be, sendKeysToElement {id={19ed1155-8b4b-8e4f-8233-efa826ec9533}, value=[Ljava.lang.CharSequence;@797f57e6}]
三月 23, 2014 4:24:03 下午 org.openqa.selenium.remote.RemoteWebDriver log
信息: Executing: getElementText [910b6fb9-78a8-fe4b-95b2-d66edd6da9be, getElementText {id={ddb53df3-02f0-b34b-8ac2-e401d8ea594f}}]
三月 23, 2014 4:24:03 下午 org.openqa.selenium.remote.RemoteWebDriver log
信息: Executed: [910b6fb9-78a8-fe4b-95b2-d66edd6da9be, getElementText {id={ddb53df3-02f0-b34b-8ac2-e401d8ea594f}}]
三月 23, 2014 4:24:03 下午 org.openqa.selenium.remote.RemoteWebDriver log
信息: Executing: sendKeysToElement [910b6fb9-78a8-fe4b-95b2-d66edd6da9be, sendKeysToElement {id={19ed1155-8b4b-8e4f-8233-efa826ec9533}, value=[Ljava.lang.CharSequence;@7d37e403}]
三月 23, 2014 4:24:03 下午 org.openqa.selenium.remote.RemoteWebDriver log
信息: Executed: [910b6fb9-78a8-fe4b-95b2-d66edd6da9be, sendKeysToElement {id={19ed1155-8b4b-8e4f-8233-efa826ec9533}, value=[Ljava.lang.CharSequence;@7d37e403}]
三月 23, 2014 4:24:03 下午 org.openqa.selenium.remote.RemoteWebDriver log
信息: Executing: getElementText [910b6fb9-78a8-fe4b-95b2-d66edd6da9be, getElementText {id={ddb53df3-02f0-b34b-8ac2-e401d8ea594f}}]
三月 23, 2014 4:24:03 下午 org.openqa.selenium.remote.RemoteWebDriver log
信息: Executed: [910b6fb9-78a8-fe4b-95b2-d66edd6da9be, getElementText {id={ddb53df3-02f0-b34b-8ac2-e401d8ea594f}}]
三月 23, 2014 4:24:03 下午 org.openqa.selenium.remote.RemoteWebDriver log
信息: Executing: sendKeysToElement [910b6fb9-78a8-fe4b-95b2-d66edd6da9be, sendKeysToElement {id={19ed1155-8b4b-8e4f-8233-efa826ec9533}, value=[Ljava.lang.CharSequence;@2e54e48d}]
三月 23, 2014 4:24:04 下午 org.openqa.selenium.remote.RemoteWebDriver log
信息: Executed: [910b6fb9-78a8-fe4b-95b2-d66edd6da9be, sendKeysToElement {id={19ed1155-8b4b-8e4f-8233-efa826ec9533}, value=[Ljava.lang.CharSequence;@2e54e48d}]
三月 23, 2014 4:24:04 下午 org.openqa.selenium.remote.RemoteWebDriver log
信息: Executing: getElementText [910b6fb9-78a8-fe4b-95b2-d66edd6da9be, getElementText {id={ddb53df3-02f0-b34b-8ac2-e401d8ea594f}}]
三月 23, 2014 4:24:04 下午 org.openqa.selenium.remote.RemoteWebDriver log
信息: Executed: [910b6fb9-78a8-fe4b-95b2-d66edd6da9be, getElementText {id={ddb53df3-02f0-b34b-8ac2-e401d8ea594f}}]
三月 23, 2014 4:24:04 下午 org.openqa.selenium.remote.RemoteWebDriver log
信息: Executing: getElementAttribute [910b6fb9-78a8-fe4b-95b2-d66edd6da9be, getElementAttribute {id={19ed1155-8b4b-8e4f-8233-efa826ec9533}, name=value}]
三月 23, 2014 4:24:04 下午 org.openqa.selenium.remote.RemoteWebDriver log
信息: Executed: [910b6fb9-78a8-fe4b-95b2-d66edd6da9be, getElementAttribute {id={19ed1155-8b4b-8e4f-8233-efa826ec9533}, name=value}]
三月 23, 2014 4:24:04 下午 org.openqa.selenium.testing.JUnit4TestBase$1 finished
信息: <<< Finished testShouldReportKeyCodeOfArrowKeys(org.openqa.selenium.TypingTest)
三月 23, 2014 4:24:04 下午 org.openqa.selenium.testing.JUnit4TestBase$1 starting
信息: >>> Starting testShouldTypeLowerCaseLetters(org.openqa.selenium.TypingTest)
三月 23, 2014 4:24:04 下午 org.openqa.selenium.remote.RemoteWebDriver log
信息: Executing: get [910b6fb9-78a8-fe4b-95b2-d66edd6da9be, get {url=http://localhost:6461/common/javascriptPage.html}]
三月 23, 2014 4:24:04 下午 org.openqa.selenium.remote.RemoteWebDriver log
信息: Executed: [910b6fb9-78a8-fe4b-95b2-d66edd6da9be, get {url=http://localhost:6461/common/javascriptPage.html}]
三月 23, 2014 4:24:04 下午 org.openqa.selenium.remote.RemoteWebDriver log
信息: Executing: findElement [910b6fb9-78a8-fe4b-95b2-d66edd6da9be, findElement {using=id, value=keyReporter}]
三月 23, 2014 4:24:04 下午 org.openqa.selenium.remote.RemoteWebDriver log
信息: Executed: [910b6fb9-78a8-fe4b-95b2-d66edd6da9be, findElement {using=id, value=keyReporter}]
三月 23, 2014 4:24:04 下午 org.openqa.selenium.remote.RemoteWebDriver log
信息: Executing: sendKeysToElement [910b6fb9-78a8-fe4b-95b2-d66edd6da9be, sendKeysToElement {id={ea345240-23d8-e14f-afc1-e1cbfc19f7a6}, value=[Ljava.lang.CharSequence;@75560ab3}]
三月 23, 2014 4:24:04 下午 org.openqa.selenium.remote.RemoteWebDriver log
信息: Executed: [910b6fb9-78a8-fe4b-95b2-d66edd6da9be, sendKeysToElement {id={ea345240-23d8-e14f-afc1-e1cbfc19f7a6}, value=[Ljava.lang.CharSequence;@75560ab3}]
三月 23, 2014 4:24:04 下午 org.openqa.selenium.remote.RemoteWebDriver log
信息: Executing: getElementAttribute [910b6fb9-78a8-fe4b-95b2-d66edd6da9be, getElementAttribute {id={ea345240-23d8-e14f-afc1-e1cbfc19f7a6}, name=value}]
三月 23, 2014 4:24:04 下午 org.openqa.selenium.remote.RemoteWebDriver log
信息: Executed: [910b6fb9-78a8-fe4b-95b2-d66edd6da9be, getElementAttribute {id={ea345240-23d8-e14f-afc1-e1cbfc19f7a6}, name=value}]
三月 23, 2014 4:24:04 下午 org.openqa.selenium.testing.JUnit4TestBase$1 finished
信息: <<< Finished testShouldTypeLowerCaseLetters(org.openqa.selenium.TypingTest)
三月 23, 2014 4:24:04 下午 org.openqa.selenium.testing.JUnit4TestBase$1 starting
信息: >>> Starting testChordControlHomeShiftEndDelete(org.openqa.selenium.TypingTest)
三月 23, 2014 4:24:04 下午 org.openqa.selenium.testing.JUnit4TestBase$1 finished
信息: <<< Finished testChordControlHomeShiftEndDelete(org.openqa.selenium.TypingTest)
三月 23, 2014 4:24:04 下午 org.openqa.selenium.testing.JUnit4TestBase$1 starting
信息: >>> Starting testNumberpadKeys(org.openqa.selenium.TypingTest)
三月 23, 2014 4:24:04 下午 org.openqa.selenium.remote.RemoteWebDriver log
信息: Executing: get [910b6fb9-78a8-fe4b-95b2-d66edd6da9be, get {url=http://localhost:6461/common/javascriptPage.html}]
三月 23, 2014 4:24:04 下午 org.openqa.selenium.remote.RemoteWebDriver log
信息: Executed: [910b6fb9-78a8-fe4b-95b2-d66edd6da9be, get {url=http://localhost:6461/common/javascriptPage.html}]
三月 23, 2014 4:24:04 下午 org.openqa.selenium.remote.RemoteWebDriver log
信息: Executing: findElement [910b6fb9-78a8-fe4b-95b2-d66edd6da9be, findElement {using=id, value=keyReporter}]
三月 23, 2014 4:24:04 下午 org.openqa.selenium.remote.RemoteWebDriver log
信息: Executed: [910b6fb9-78a8-fe4b-95b2-d66edd6da9be, findElement {using=id, value=keyReporter}]
三月 23, 2014 4:24:04 下午 org.openqa.selenium.remote.RemoteWebDriver log
信息: Executing: sendKeysToElement [910b6fb9-78a8-fe4b-95b2-d66edd6da9be, sendKeysToElement {id={98409c02-ec62-f047-bfff-2510fdff78a6}, value=[Ljava.lang.CharSequence;@278c71d6}]
三月 23, 2014 4:24:04 下午 org.openqa.selenium.remote.RemoteWebDriver log
信息: Executed: [910b6fb9-78a8-fe4b-95b2-d66edd6da9be, sendKeysToElement {id={98409c02-ec62-f047-bfff-2510fdff78a6}, value=[Ljava.lang.CharSequence;@278c71d6}]
三月 23, 2014 4:24:04 下午 org.openqa.selenium.remote.RemoteWebDriver log
信息: Executing: getElementAttribute [910b6fb9-78a8-fe4b-95b2-d66edd6da9be, getElementAttribute {id={98409c02-ec62-f047-bfff-2510fdff78a6}, name=value}]
三月 23, 2014 4:24:04 下午 org.openqa.selenium.remote.RemoteWebDriver log
信息: Executed: [910b6fb9-78a8-fe4b-95b2-d66edd6da9be, getElementAttribute {id={98409c02-ec62-f047-bfff-2510fdff78a6}, name=value}]
三月 23, 2014 4:24:04 下午 org.openqa.selenium.testing.JUnit4TestBase$1 finished
信息: <<< Finished testNumberpadKeys(org.openqa.selenium.TypingTest)
三月 23, 2014 4:24:04 下午 org.openqa.selenium.testing.JUnit4TestBase$1 starting
信息: >>> Starting testChordReveseShiftHomeSelectionDeletes(org.openqa.selenium.TypingTest)
三月 23, 2014 4:24:04 下午 org.openqa.selenium.testing.JUnit4TestBase$1 finished
信息: <<< Finished testChordReveseShiftHomeSelectionDeletes(org.openqa.selenium.TypingTest)
三月 23, 2014 4:24:04 下午 org.openqa.selenium.testing.JUnit4TestBase$1 starting
信息: >>> Starting testAllPrintableKeys(org.openqa.selenium.TypingTest)
三月 23, 2014 4:24:04 下午 org.openqa.selenium.remote.RemoteWebDriver log
信息: Executing: get [910b6fb9-78a8-fe4b-95b2-d66edd6da9be, get {url=http://localhost:6461/common/javascriptPage.html}]
三月 23, 2014 4:24:04 下午 org.openqa.selenium.remote.RemoteWebDriver log
信息: Executed: [910b6fb9-78a8-fe4b-95b2-d66edd6da9be, get {url=http://localhost:6461/common/javascriptPage.html}]
三月 23, 2014 4:24:04 下午 org.openqa.selenium.remote.RemoteWebDriver log
信息: Executing: findElement [910b6fb9-78a8-fe4b-95b2-d66edd6da9be, findElement {using=id, value=result}]
三月 23, 2014 4:24:04 下午 org.openqa.selenium.remote.RemoteWebDriver log
信息: Executed: [910b6fb9-78a8-fe4b-95b2-d66edd6da9be, findElement {using=id, value=result}]
三月 23, 2014 4:24:04 下午 org.openqa.selenium.remote.RemoteWebDriver log
信息: Executing: findElement [910b6fb9-78a8-fe4b-95b2-d66edd6da9be, findElement {using=id, value=keyReporter}]
三月 23, 2014 4:24:04 下午 org.openqa.selenium.remote.RemoteWebDriver log
信息: Executed: [910b6fb9-78a8-fe4b-95b2-d66edd6da9be, findElement {using=id, value=keyReporter}]
三月 23, 2014 4:24:04 下午 org.openqa.selenium.remote.RemoteWebDriver log
信息: Executing: sendKeysToElement [910b6fb9-78a8-fe4b-95b2-d66edd6da9be, sendKeysToElement {id={0f735a55-e119-964c-90be-6b0596f6608e}, value=[Ljava.lang.CharSequence;@a0992a}]
三月 23, 2014 4:24:04 下午 org.openqa.selenium.remote.RemoteWebDriver log
信息: Executed: [910b6fb9-78a8-fe4b-95b2-d66edd6da9be, sendKeysToElement {id={0f735a55-e119-964c-90be-6b0596f6608e}, value=[Ljava.lang.CharSequence;@a0992a}]
三月 23, 2014 4:24:04 下午 org.openqa.selenium.remote.RemoteWebDriver log
信息: Executing: getElementAttribute [910b6fb9-78a8-fe4b-95b2-d66edd6da9be, getElementAttribute {id={0f735a55-e119-964c-90be-6b0596f6608e}, name=value}]
三月 23, 2014 4:24:04 下午 org.openqa.selenium.remote.RemoteWebDriver log
信息: Executed: [910b6fb9-78a8-fe4b-95b2-d66edd6da9be, getElementAttribute {id={0f735a55-e119-964c-90be-6b0596f6608e}, name=value}]
三月 23, 2014 4:24:04 下午 org.openqa.selenium.remote.RemoteWebDriver log
信息: Executing: getElementText [910b6fb9-78a8-fe4b-95b2-d66edd6da9be, getElementText {id={a36ce0e4-3514-7446-925b-d907cdfddc74}}]
三月 23, 2014 4:24:04 下午 org.openqa.selenium.remote.RemoteWebDriver log
信息: Executed: [910b6fb9-78a8-fe4b-95b2-d66edd6da9be, getElementText {id={a36ce0e4-3514-7446-925b-d907cdfddc74}}]
三月 23, 2014 4:24:04 下午 org.openqa.selenium.testing.JUnit4TestBase$1 finished
信息: <<< Finished testAllPrintableKeys(org.openqa.selenium.TypingTest)
三月 23, 2014 4:24:04 下午 org.openqa.selenium.testing.JUnit4TestBase$1 starting
信息: >>> Starting testWillSimulateAKeyUpWhenEnteringTextIntoTextAreas(org.openqa.selenium.TypingTest)
三月 23, 2014 4:24:04 下午 org.openqa.selenium.remote.RemoteWebDriver log
信息: Executing: get [910b6fb9-78a8-fe4b-95b2-d66edd6da9be, get {url=http://localhost:6461/common/javascriptPage.html}]
三月 23, 2014 4:24:04 下午 org.openqa.selenium.remote.RemoteWebDriver log
信息: Executed: [910b6fb9-78a8-fe4b-95b2-d66edd6da9be, get {url=http://localhost:6461/common/javascriptPage.html}]
三月 23, 2014 4:24:04 下午 org.openqa.selenium.remote.RemoteWebDriver log
信息: Executing: findElement [910b6fb9-78a8-fe4b-95b2-d66edd6da9be, findElement {using=id, value=keyUpArea}]
三月 23, 2014 4:24:04 下午 org.openqa.selenium.remote.RemoteWebDriver log
信息: Executed: [910b6fb9-78a8-fe4b-95b2-d66edd6da9be, findElement {using=id, value=keyUpArea}]
三月 23, 2014 4:24:04 下午 org.openqa.selenium.remote.RemoteWebDriver log
信息: Executing: sendKeysToElement [910b6fb9-78a8-fe4b-95b2-d66edd6da9be, sendKeysToElement {id={5d877d2a-29bd-c246-9a08-0ec913172809}, value=[Ljava.lang.CharSequence;@16501597}]
三月 23, 2014 4:24:04 下午 org.openqa.selenium.remote.RemoteWebDriver log
信息: Executed: [910b6fb9-78a8-fe4b-95b2-d66edd6da9be, sendKeysToElement {id={5d877d2a-29bd-c246-9a08-0ec913172809}, value=[Ljava.lang.CharSequence;@16501597}]
三月 23, 2014 4:24:04 下午 org.openqa.selenium.remote.RemoteWebDriver log
信息: Executing: findElement [910b6fb9-78a8-fe4b-95b2-d66edd6da9be, findElement {using=id, value=result}]
三月 23, 2014 4:24:04 下午 org.openqa.selenium.remote.RemoteWebDriver log
信息: Executed: [910b6fb9-78a8-fe4b-95b2-d66edd6da9be, findElement {using=id, value=result}]
三月 23, 2014 4:24:04 下午 org.openqa.selenium.remote.RemoteWebDriver log
信息: Executing: getElementText [910b6fb9-78a8-fe4b-95b2-d66edd6da9be, getElementText {id={efeb500b-2a3d-fe47-929f-81ab3df4f9f1}}]
三月 23, 2014 4:24:04 下午 org.openqa.selenium.remote.RemoteWebDriver log
信息: Executed: [910b6fb9-78a8-fe4b-95b2-d66edd6da9be, getElementText {id={efeb500b-2a3d-fe47-929f-81ab3df4f9f1}}]
三月 23, 2014 4:24:04 下午 org.openqa.selenium.testing.JUnit4TestBase$1 finished
信息: <<< Finished testWillSimulateAKeyUpWhenEnteringTextIntoTextAreas(org.openqa.selenium.TypingTest)
三月 23, 2014 4:24:04 下午 org.openqa.selenium.testing.JUnit4TestBase$1 starting
信息: >>> Starting testWillSimulateAKeyDownWhenEnteringTextIntoTextAreas(org.openqa.selenium.TypingTest)
三月 23, 2014 4:24:04 下午 org.openqa.selenium.remote.RemoteWebDriver log
信息: Executing: get [910b6fb9-78a8-fe4b-95b2-d66edd6da9be, get {url=http://localhost:6461/common/javascriptPage.html}]
三月 23, 2014 4:24:04 下午 org.openqa.selenium.remote.RemoteWebDriver log
信息: Executed: [910b6fb9-78a8-fe4b-95b2-d66edd6da9be, get {url=http://localhost:6461/common/javascriptPage.html}]
三月 23, 2014 4:24:04 下午 org.openqa.selenium.remote.RemoteWebDriver log
信息: Executing: findElement [910b6fb9-78a8-fe4b-95b2-d66edd6da9be, findElement {using=id, value=keyDownArea}]
三月 23, 2014 4:24:04 下午 org.openqa.selenium.remote.RemoteWebDriver log
信息: Executed: [910b6fb9-78a8-fe4b-95b2-d66edd6da9be, findElement {using=id, value=keyDownArea}]
三月 23, 2014 4:24:04 下午 org.openqa.selenium.remote.RemoteWebDriver log
信息: Executing: sendKeysToElement [910b6fb9-78a8-fe4b-95b2-d66edd6da9be, sendKeysToElement {id={d59510ce-9e38-6648-b119-a2d55e268bdd}, value=[Ljava.lang.CharSequence;@368bb272}]
三月 23, 2014 4:24:04 下午 org.openqa.selenium.remote.RemoteWebDriver log
信息: Executed: [910b6fb9-78a8-fe4b-95b2-d66edd6da9be, sendKeysToElement {id={d59510ce-9e38-6648-b119-a2d55e268bdd}, value=[Ljava.lang.CharSequence;@368bb272}]
三月 23, 2014 4:24:04 下午 org.openqa.selenium.remote.RemoteWebDriver log
信息: Executing: findElement [910b6fb9-78a8-fe4b-95b2-d66edd6da9be, findElement {using=id, value=result}]
三月 23, 2014 4:24:04 下午 org.openqa.selenium.remote.RemoteWebDriver log
信息: Executed: [910b6fb9-78a8-fe4b-95b2-d66edd6da9be, findElement {using=id, value=result}]
三月 23, 2014 4:24:04 下午 org.openqa.selenium.remote.RemoteWebDriver log
信息: Executing: getElementText [910b6fb9-78a8-fe4b-95b2-d66edd6da9be, getElementText {id={d70fb360-2100-8145-b8b3-857f214175fb}}]
三月 23, 2014 4:24:04 下午 org.openqa.selenium.remote.RemoteWebDriver log
信息: Executed: [910b6fb9-78a8-fe4b-95b2-d66edd6da9be, getElementText {id={d70fb360-2100-8145-b8b3-857f214175fb}}]
三月 23, 2014 4:24:04 下午 org.openqa.selenium.testing.JUnit4TestBase$1 finished
信息: <<< Finished testWillSimulateAKeyDownWhenEnteringTextIntoTextAreas(org.openqa.selenium.TypingTest)
三月 23, 2014 4:24:04 下午 org.openqa.selenium.testing.JUnit4TestBase$1 starting
信息: >>> Starting testShouldNotTypeIntoElementsThatPreventKeyDownEvents(org.openqa.selenium.TypingTest)
三月 23, 2014 4:24:04 下午 org.openqa.selenium.remote.RemoteWebDriver log
信息: Executing: get [910b6fb9-78a8-fe4b-95b2-d66edd6da9be, get {url=http://localhost:6461/common/javascriptPage.html}]
三月 23, 2014 4:24:04 下午 org.openqa.selenium.remote.RemoteWebDriver log
信息: Executed: [910b6fb9-78a8-fe4b-95b2-d66edd6da9be, get {url=http://localhost:6461/common/javascriptPage.html}]
三月 23, 2014 4:24:04 下午 org.openqa.selenium.remote.RemoteWebDriver log
信息: Executing: findElement [910b6fb9-78a8-fe4b-95b2-d66edd6da9be, findElement {using=name, value=suppress}]
三月 23, 2014 4:24:04 下午 org.openqa.selenium.remote.RemoteWebDriver log
信息: Executed: [910b6fb9-78a8-fe4b-95b2-d66edd6da9be, findElement {using=name, value=suppress}]
三月 23, 2014 4:24:04 下午 org.openqa.selenium.remote.RemoteWebDriver log
信息: Executing: sendKeysToElement [910b6fb9-78a8-fe4b-95b2-d66edd6da9be, sendKeysToElement {id={f23bba9f-bf86-8941-9342-f08fe167e45e}, value=[Ljava.lang.CharSequence;@2da4b6e1}]
三月 23, 2014 4:24:04 下午 org.openqa.selenium.remote.RemoteWebDriver log
信息: Executed: [910b6fb9-78a8-fe4b-95b2-d66edd6da9be, sendKeysToElement {id={f23bba9f-bf86-8941-9342-f08fe167e45e}, value=[Ljava.lang.CharSequence;@2da4b6e1}]
三月 23, 2014 4:24:04 下午 org.openqa.selenium.remote.RemoteWebDriver log
信息: Executing: getElementAttribute [910b6fb9-78a8-fe4b-95b2-d66edd6da9be, getElementAttribute {id={f23bba9f-bf86-8941-9342-f08fe167e45e}, name=value}]
三月 23, 2014 4:24:04 下午 org.openqa.selenium.remote.RemoteWebDriver log
信息: Executed: [910b6fb9-78a8-fe4b-95b2-d66edd6da9be, getElementAttribute {id={f23bba9f-bf86-8941-9342-f08fe167e45e}, name=value}]
三月 23, 2014 4:24:04 下午 org.openqa.selenium.testing.JUnit4TestBase$1 finished
信息: <<< Finished testShouldNotTypeIntoElementsThatPreventKeyDownEvents(org.openqa.selenium.TypingTest)
三月 23, 2014 4:24:04 下午 org.openqa.selenium.testing.JUnit4TestBase$1 starting
信息: >>> Starting testShouldTypeIntoInputElementsThatHaveNoTypeAttribute(org.openqa.selenium.TypingTest)
三月 23, 2014 4:24:04 下午 org.openqa.selenium.remote.RemoteWebDriver log
信息: Executing: get [910b6fb9-78a8-fe4b-95b2-d66edd6da9be, get {url=http://localhost:6461/common/formPage.html}]
三月 23, 2014 4:24:05 下午 org.openqa.selenium.remote.RemoteWebDriver log
信息: Executed: [910b6fb9-78a8-fe4b-95b2-d66edd6da9be, get {url=http://localhost:6461/common/formPage.html}]
三月 23, 2014 4:24:05 下午 org.openqa.selenium.remote.RemoteWebDriver log
信息: Executing: findElement [910b6fb9-78a8-fe4b-95b2-d66edd6da9be, findElement {using=id, value=no-type}]
三月 23, 2014 4:24:05 下午 org.openqa.selenium.remote.RemoteWebDriver log
信息: Executed: [910b6fb9-78a8-fe4b-95b2-d66edd6da9be, findElement {using=id, value=no-type}]
三月 23, 2014 4:24:05 下午 org.openqa.selenium.remote.RemoteWebDriver log
信息: Executing: sendKeysToElement [910b6fb9-78a8-fe4b-95b2-d66edd6da9be, sendKeysToElement {id={1e4316d7-782c-be4a-a8bb-f073284b8b28}, value=[Ljava.lang.CharSequence;@5baef385}]
三月 23, 2014 4:24:05 下午 org.openqa.selenium.remote.RemoteWebDriver log
信息: Executed: [910b6fb9-78a8-fe4b-95b2-d66edd6da9be, sendKeysToElement {id={1e4316d7-782c-be4a-a8bb-f073284b8b28}, value=[Ljava.lang.CharSequence;@5baef385}]
三月 23, 2014 4:24:05 下午 org.openqa.selenium.remote.RemoteWebDriver log
信息: Executing: getElementAttribute [910b6fb9-78a8-fe4b-95b2-d66edd6da9be, getElementAttribute {id={1e4316d7-782c-be4a-a8bb-f073284b8b28}, name=value}]
三月 23, 2014 4:24:05 下午 org.openqa.selenium.remote.RemoteWebDriver log
信息: Executed: [910b6fb9-78a8-fe4b-95b2-d66edd6da9be, getElementAttribute {id={1e4316d7-782c-be4a-a8bb-f073284b8b28}, name=value}]
三月 23, 2014 4:24:05 下午 org.openqa.selenium.testing.JUnit4TestBase$1 finished
信息: <<< Finished testShouldTypeIntoInputElementsThatHaveNoTypeAttribute(org.openqa.selenium.TypingTest)
三月 23, 2014 4:24:05 下午 org.openqa.selenium.testing.JUnit4TestBase$1 starting
信息: >>> Starting testArrowKeysAndPageUpAndDown(org.openqa.selenium.TypingTest)
三月 23, 2014 4:24:05 下午 org.openqa.selenium.remote.RemoteWebDriver log
信息: Executing: get [910b6fb9-78a8-fe4b-95b2-d66edd6da9be, get {url=http://localhost:6461/common/javascriptPage.html}]
三月 23, 2014 4:24:05 下午 org.openqa.selenium.remote.RemoteWebDriver log
信息: Executed: [910b6fb9-78a8-fe4b-95b2-d66edd6da9be, get {url=http://localhost:6461/common/javascriptPage.html}]
三月 23, 2014 4:24:05 下午 org.openqa.selenium.remote.RemoteWebDriver log
信息: Executing: findElement [910b6fb9-78a8-fe4b-95b2-d66edd6da9be, findElement {using=id, value=keyReporter}]
三月 23, 2014 4:24:05 下午 org.openqa.selenium.remote.RemoteWebDriver log
信息: Executed: [910b6fb9-78a8-fe4b-95b2-d66edd6da9be, findElement {using=id, value=keyReporter}]
三月 23, 2014 4:24:05 下午 org.openqa.selenium.remote.RemoteWebDriver log
信息: Executing: sendKeysToElement [910b6fb9-78a8-fe4b-95b2-d66edd6da9be, sendKeysToElement {id={10627253-ae51-a14c-b3bb-3800103ab521}, value=[Ljava.lang.CharSequence;@713eb015}]
三月 23, 2014 4:24:05 下午 org.openqa.selenium.remote.RemoteWebDriver log
信息: Executed: [910b6fb9-78a8-fe4b-95b2-d66edd6da9be, sendKeysToElement {id={10627253-ae51-a14c-b3bb-3800103ab521}, value=[Ljava.lang.CharSequence;@713eb015}]
三月 23, 2014 4:24:05 下午 org.openqa.selenium.remote.RemoteWebDriver log
信息: Executing: getElementAttribute [910b6fb9-78a8-fe4b-95b2-d66edd6da9be, getElementAttribute {id={10627253-ae51-a14c-b3bb-3800103ab521}, name=value}]
三月 23, 2014 4:24:05 下午 org.openqa.selenium.remote.RemoteWebDriver log
信息: Executed: [910b6fb9-78a8-fe4b-95b2-d66edd6da9be, getElementAttribute {id={10627253-ae51-a14c-b3bb-3800103ab521}, name=value}]
三月 23, 2014 4:24:05 下午 org.openqa.selenium.testing.JUnit4TestBase$1 finished
信息: <<< Finished testArrowKeysAndPageUpAndDown(org.openqa.selenium.TypingTest)
三月 23, 2014 4:24:05 下午 org.openqa.selenium.testing.JUnit4TestBase$1 starting
信息: >>> Starting testChordControlCutAndPaste(org.openqa.selenium.TypingTest)
三月 23, 2014 4:24:05 下午 org.openqa.selenium.testing.JUnit4TestBase$1 finished
信息: <<< Finished testChordControlCutAndPaste(org.openqa.selenium.TypingTest)
三月 23, 2014 4:24:05 下午 org.openqa.selenium.testing.JUnit4TestBase$1 starting
信息: >>> Starting testFunctionKeys(org.openqa.selenium.TypingTest)
三月 23, 2014 4:24:05 下午 org.openqa.selenium.remote.RemoteWebDriver log
信息: Executing: get [910b6fb9-78a8-fe4b-95b2-d66edd6da9be, get {url=http://localhost:6461/common/javascriptPage.html}]
三月 23, 2014 4:24:05 下午 org.openqa.selenium.remote.RemoteWebDriver log
信息: Executed: [910b6fb9-78a8-fe4b-95b2-d66edd6da9be, get {url=http://localhost:6461/common/javascriptPage.html}]
三月 23, 2014 4:24:05 下午 org.openqa.selenium.remote.RemoteWebDriver log
信息: Executing: findElement [910b6fb9-78a8-fe4b-95b2-d66edd6da9be, findElement {using=id, value=keyReporter}]
三月 23, 2014 4:24:05 下午 org.openqa.selenium.remote.RemoteWebDriver log
信息: Executed: [910b6fb9-78a8-fe4b-95b2-d66edd6da9be, findElement {using=id, value=keyReporter}]
三月 23, 2014 4:24:05 下午 org.openqa.selenium.remote.RemoteWebDriver log
信息: Executing: sendKeysToElement [910b6fb9-78a8-fe4b-95b2-d66edd6da9be, sendKeysToElement {id={afd18a26-3bf7-974e-831e-baa9d9ff50a4}, value=[Ljava.lang.CharSequence;@464d12cc}]
三月 23, 2014 4:24:05 下午 org.openqa.selenium.remote.RemoteWebDriver log
信息: Executed: [910b6fb9-78a8-fe4b-95b2-d66edd6da9be, sendKeysToElement {id={afd18a26-3bf7-974e-831e-baa9d9ff50a4}, value=[Ljava.lang.CharSequence;@464d12cc}]
三月 23, 2014 4:24:05 下午 org.openqa.selenium.remote.RemoteWebDriver log
信息: Executing: sendKeysToElement [910b6fb9-78a8-fe4b-95b2-d66edd6da9be, sendKeysToElement {id={afd18a26-3bf7-974e-831e-baa9d9ff50a4}, value=[Ljava.lang.CharSequence;@249835a0}]
三月 23, 2014 4:24:05 下午 org.openqa.selenium.remote.RemoteWebDriver log
信息: Executed: [910b6fb9-78a8-fe4b-95b2-d66edd6da9be, sendKeysToElement {id={afd18a26-3bf7-974e-831e-baa9d9ff50a4}, value=[Ljava.lang.CharSequence;@249835a0}]
三月 23, 2014 4:24:05 下午 org.openqa.selenium.remote.RemoteWebDriver log
信息: Executing: getElementAttribute [910b6fb9-78a8-fe4b-95b2-d66edd6da9be, getElementAttribute {id={afd18a26-3bf7-974e-831e-baa9d9ff50a4}, name=value}]
三月 23, 2014 4:24:05 下午 org.openqa.selenium.remote.RemoteWebDriver log
信息: Executed: [910b6fb9-78a8-fe4b-95b2-d66edd6da9be, getElementAttribute {id={afd18a26-3bf7-974e-831e-baa9d9ff50a4}, name=value}]
三月 23, 2014 4:24:05 下午 org.openqa.selenium.testing.JUnit4TestBase$1 finished
信息: <<< Finished testFunctionKeys(org.openqa.selenium.TypingTest)
三月 23, 2014 4:24:05 下午 org.openqa.selenium.testing.JUnit4TestBase$1 starting
信息: >>> Starting testUppercaseAlphaKeys(org.openqa.selenium.TypingTest)
三月 23, 2014 4:24:05 下午 org.openqa.selenium.remote.RemoteWebDriver log
信息: Executing: get [910b6fb9-78a8-fe4b-95b2-d66edd6da9be, get {url=http://localhost:6461/common/javascriptPage.html}]
三月 23, 2014 4:24:05 下午 org.openqa.selenium.remote.RemoteWebDriver log
信息: Executed: [910b6fb9-78a8-fe4b-95b2-d66edd6da9be, get {url=http://localhost:6461/common/javascriptPage.html}]
三月 23, 2014 4:24:05 下午 org.openqa.selenium.remote.RemoteWebDriver log
信息: Executing: findElement [910b6fb9-78a8-fe4b-95b2-d66edd6da9be, findElement {using=id, value=result}]
三月 23, 2014 4:24:05 下午 org.openqa.selenium.remote.RemoteWebDriver log
信息: Executed: [910b6fb9-78a8-fe4b-95b2-d66edd6da9be, findElement {using=id, value=result}]
三月 23, 2014 4:24:05 下午 org.openqa.selenium.remote.RemoteWebDriver log
信息: Executing: findElement [910b6fb9-78a8-fe4b-95b2-d66edd6da9be, findElement {using=id, value=keyReporter}]
三月 23, 2014 4:24:05 下午 org.openqa.selenium.remote.RemoteWebDriver log
信息: Executed: [910b6fb9-78a8-fe4b-95b2-d66edd6da9be, findElement {using=id, value=keyReporter}]
三月 23, 2014 4:24:05 下午 org.openqa.selenium.remote.RemoteWebDriver log
信息: Executing: sendKeysToElement [910b6fb9-78a8-fe4b-95b2-d66edd6da9be, sendKeysToElement {id={0ee960e0-59cb-e94c-9a57-de33628a0156}, value=[Ljava.lang.CharSequence;@1c04b84c}]
三月 23, 2014 4:24:05 下午 org.openqa.selenium.remote.RemoteWebDriver log
信息: Executed: [910b6fb9-78a8-fe4b-95b2-d66edd6da9be, sendKeysToElement {id={0ee960e0-59cb-e94c-9a57-de33628a0156}, value=[Ljava.lang.CharSequence;@1c04b84c}]
三月 23, 2014 4:24:05 下午 org.openqa.selenium.remote.RemoteWebDriver log
信息: Executing: getElementAttribute [910b6fb9-78a8-fe4b-95b2-d66edd6da9be, getElementAttribute {id={0ee960e0-59cb-e94c-9a57-de33628a0156}, name=value}]
三月 23, 2014 4:24:05 下午 org.openqa.selenium.remote.RemoteWebDriver log
信息: Executed: [910b6fb9-78a8-fe4b-95b2-d66edd6da9be, getElementAttribute {id={0ee960e0-59cb-e94c-9a57-de33628a0156}, name=value}]
三月 23, 2014 4:24:05 下午 org.openqa.selenium.remote.RemoteWebDriver log
信息: Executing: getElementText [910b6fb9-78a8-fe4b-95b2-d66edd6da9be, getElementText {id={951d2b0d-d460-9b4d-b7b8-bd4c53594b73}}]
三月 23, 2014 4:24:05 下午 org.openqa.selenium.remote.RemoteWebDriver log
信息: Executed: [910b6fb9-78a8-fe4b-95b2-d66edd6da9be, getElementText {id={951d2b0d-d460-9b4d-b7b8-bd4c53594b73}}]
三月 23, 2014 4:24:05 下午 org.openqa.selenium.testing.JUnit4TestBase$1 finished
信息: <<< Finished testUppercaseAlphaKeys(org.openqa.selenium.TypingTest)
三月 23, 2014 4:24:05 下午 org.openqa.selenium.testing.JUnit4TestBase$1 starting
信息: >>> Starting testShouldBeAbleToTypeCapitalLetters(org.openqa.selenium.TypingTest)
三月 23, 2014 4:24:05 下午 org.openqa.selenium.remote.RemoteWebDriver log
信息: Executing: get [910b6fb9-78a8-fe4b-95b2-d66edd6da9be, get {url=http://localhost:6461/common/javascriptPage.html}]
三月 23, 2014 4:24:05 下午 org.openqa.selenium.remote.RemoteWebDriver log
信息: Executed: [910b6fb9-78a8-fe4b-95b2-d66edd6da9be, get {url=http://localhost:6461/common/javascriptPage.html}]
三月 23, 2014 4:24:05 下午 org.openqa.selenium.remote.RemoteWebDriver log
信息: Executing: findElement [910b6fb9-78a8-fe4b-95b2-d66edd6da9be, findElement {using=id, value=keyReporter}]
三月 23, 2014 4:24:05 下午 org.openqa.selenium.remote.RemoteWebDriver log
信息: Executed: [910b6fb9-78a8-fe4b-95b2-d66edd6da9be, findElement {using=id, value=keyReporter}]
三月 23, 2014 4:24:05 下午 org.openqa.selenium.remote.RemoteWebDriver log
信息: Executing: sendKeysToElement [910b6fb9-78a8-fe4b-95b2-d66edd6da9be, sendKeysToElement {id={52d9b178-e41b-4146-a033-07612ea852e8}, value=[Ljava.lang.CharSequence;@25031837}]
三月 23, 2014 4:24:05 下午 org.openqa.selenium.remote.RemoteWebDriver log
信息: Executed: [910b6fb9-78a8-fe4b-95b2-d66edd6da9be, sendKeysToElement {id={52d9b178-e41b-4146-a033-07612ea852e8}, value=[Ljava.lang.CharSequence;@25031837}]
三月 23, 2014 4:24:05 下午 org.openqa.selenium.remote.RemoteWebDriver log
信息: Executing: getElementAttribute [910b6fb9-78a8-fe4b-95b2-d66edd6da9be, getElementAttribute {id={52d9b178-e41b-4146-a033-07612ea852e8}, name=value}]
三月 23, 2014 4:24:05 下午 org.openqa.selenium.remote.RemoteWebDriver log
信息: Executed: [910b6fb9-78a8-fe4b-95b2-d66edd6da9be, getElementAttribute {id={52d9b178-e41b-4146-a033-07612ea852e8}, name=value}]
三月 23, 2014 4:24:05 下午 org.openqa.selenium.testing.JUnit4TestBase$1 finished
信息: <<< Finished testShouldBeAbleToTypeCapitalLetters(org.openqa.selenium.TypingTest)
三月 23, 2014 4:24:05 下午 org.openqa.selenium.testing.JUnit4TestBase$1 starting
信息: >>> Starting testDeleteAndBackspaceKeys(org.openqa.selenium.TypingTest)
三月 23, 2014 4:24:05 下午 org.openqa.selenium.remote.RemoteWebDriver log
信息: Executing: get [910b6fb9-78a8-fe4b-95b2-d66edd6da9be, get {url=http://localhost:6461/common/javascriptPage.html}]
三月 23, 2014 4:24:05 下午 org.openqa.selenium.remote.RemoteWebDriver log
信息: Executed: [910b6fb9-78a8-fe4b-95b2-d66edd6da9be, get {url=http://localhost:6461/common/javascriptPage.html}]
三月 23, 2014 4:24:05 下午 org.openqa.selenium.remote.RemoteWebDriver log
信息: Executing: findElement [910b6fb9-78a8-fe4b-95b2-d66edd6da9be, findElement {using=id, value=keyReporter}]
三月 23, 2014 4:24:05 下午 org.openqa.selenium.remote.RemoteWebDriver log
信息: Executed: [910b6fb9-78a8-fe4b-95b2-d66edd6da9be, findElement {using=id, value=keyReporter}]
三月 23, 2014 4:24:05 下午 org.openqa.selenium.remote.RemoteWebDriver log
信息: Executing: sendKeysToElement [910b6fb9-78a8-fe4b-95b2-d66edd6da9be, sendKeysToElement {id={a51ff729-adaf-1346-83a0-1669fb978ec3}, value=[Ljava.lang.CharSequence;@2a6e69ac}]
三月 23, 2014 4:24:05 下午 org.openqa.selenium.remote.RemoteWebDriver log
信息: Executed: [910b6fb9-78a8-fe4b-95b2-d66edd6da9be, sendKeysToElement {id={a51ff729-adaf-1346-83a0-1669fb978ec3}, value=[Ljava.lang.CharSequence;@2a6e69ac}]
三月 23, 2014 4:24:05 下午 org.openqa.selenium.remote.RemoteWebDriver log
信息: Executing: getElementAttribute [910b6fb9-78a8-fe4b-95b2-d66edd6da9be, getElementAttribute {id={a51ff729-adaf-1346-83a0-1669fb978ec3}, name=value}]
三月 23, 2014 4:24:05 下午 org.openqa.selenium.remote.RemoteWebDriver log
信息: Executed: [910b6fb9-78a8-fe4b-95b2-d66edd6da9be, getElementAttribute {id={a51ff729-adaf-1346-83a0-1669fb978ec3}, name=value}]
三月 23, 2014 4:24:05 下午 org.openqa.selenium.remote.RemoteWebDriver log
信息: Executing: sendKeysToElement [910b6fb9-78a8-fe4b-95b2-d66edd6da9be, sendKeysToElement {id={a51ff729-adaf-1346-83a0-1669fb978ec3}, value=[Ljava.lang.CharSequence;@509ad534}]
三月 23, 2014 4:24:05 下午 org.openqa.selenium.remote.RemoteWebDriver log
信息: Executed: [910b6fb9-78a8-fe4b-95b2-d66edd6da9be, sendKeysToElement {id={a51ff729-adaf-1346-83a0-1669fb978ec3}, value=[Ljava.lang.CharSequence;@509ad534}]
三月 23, 2014 4:24:05 下午 org.openqa.selenium.remote.RemoteWebDriver log
信息: Executing: getElementAttribute [910b6fb9-78a8-fe4b-95b2-d66edd6da9be, getElementAttribute {id={a51ff729-adaf-1346-83a0-1669fb978ec3}, name=value}]
三月 23, 2014 4:24:05 下午 org.openqa.selenium.remote.RemoteWebDriver log
信息: Executed: [910b6fb9-78a8-fe4b-95b2-d66edd6da9be, getElementAttribute {id={a51ff729-adaf-1346-83a0-1669fb978ec3}, name=value}]
三月 23, 2014 4:24:05 下午 org.openqa.selenium.remote.RemoteWebDriver log
信息: Executing: sendKeysToElement [910b6fb9-78a8-fe4b-95b2-d66edd6da9be, sendKeysToElement {id={a51ff729-adaf-1346-83a0-1669fb978ec3}, value=[Ljava.lang.CharSequence;@7f917330}]
三月 23, 2014 4:24:05 下午 org.openqa.selenium.remote.RemoteWebDriver log
信息: Executed: [910b6fb9-78a8-fe4b-95b2-d66edd6da9be, sendKeysToElement {id={a51ff729-adaf-1346-83a0-1669fb978ec3}, value=[Ljava.lang.CharSequence;@7f917330}]
三月 23, 2014 4:24:05 下午 org.openqa.selenium.remote.RemoteWebDriver log
信息: Executing: getElementAttribute [910b6fb9-78a8-fe4b-95b2-d66edd6da9be, getElementAttribute {id={a51ff729-adaf-1346-83a0-1669fb978ec3}, name=value}]
三月 23, 2014 4:24:05 下午 org.openqa.selenium.remote.RemoteWebDriver log
信息: Executed: [910b6fb9-78a8-fe4b-95b2-d66edd6da9be, getElementAttribute {id={a51ff729-adaf-1346-83a0-1669fb978ec3}, name=value}]
三月 23, 2014 4:24:05 下午 org.openqa.selenium.testing.JUnit4TestBase$1 finished
信息: <<< Finished testDeleteAndBackspaceKeys(org.openqa.selenium.TypingTest)
三月 23, 2014 4:24:05 下午 org.openqa.selenium.testing.JUnit4TestBase$1 starting
信息: >>> Starting canSafelyTypeOnElementThatIsRemovedFromTheDomOnKeyPress(org.openqa.selenium.TypingTest)
三月 23, 2014 4:24:05 下午 org.openqa.selenium.remote.RemoteWebDriver log
信息: Executing: get [910b6fb9-78a8-fe4b-95b2-d66edd6da9be, get {url=http://localhost:6461/common/key_tests/remove_on_keypress.html}]
三月 23, 2014 4:24:05 下午 org.openqa.selenium.remote.RemoteWebDriver log
信息: Executed: [910b6fb9-78a8-fe4b-95b2-d66edd6da9be, get {url=http://localhost:6461/common/key_tests/remove_on_keypress.html}]
三月 23, 2014 4:24:05 下午 org.openqa.selenium.remote.RemoteWebDriver log
信息: Executing: findElement [910b6fb9-78a8-fe4b-95b2-d66edd6da9be, findElement {using=id, value=target}]
三月 23, 2014 4:24:05 下午 org.openqa.selenium.remote.RemoteWebDriver log
信息: Executed: [910b6fb9-78a8-fe4b-95b2-d66edd6da9be, findElement {using=id, value=target}]
三月 23, 2014 4:24:05 下午 org.openqa.selenium.remote.RemoteWebDriver log
信息: Executing: findElement [910b6fb9-78a8-fe4b-95b2-d66edd6da9be, findElement {using=id, value=log}]
三月 23, 2014 4:24:05 下午 org.openqa.selenium.remote.RemoteWebDriver log
信息: Executed: [910b6fb9-78a8-fe4b-95b2-d66edd6da9be, findElement {using=id, value=log}]
三月 23, 2014 4:24:05 下午 org.openqa.selenium.remote.RemoteWebDriver log
信息: Executing: getElementAttribute [910b6fb9-78a8-fe4b-95b2-d66edd6da9be, getElementAttribute {id={12b8a0b4-df30-ef43-87c5-71c08c849b9c}, name=value}]
三月 23, 2014 4:24:05 下午 org.openqa.selenium.remote.RemoteWebDriver log
信息: Executed: [910b6fb9-78a8-fe4b-95b2-d66edd6da9be, getElementAttribute {id={12b8a0b4-df30-ef43-87c5-71c08c849b9c}, name=value}]
三月 23, 2014 4:24:05 下午 org.openqa.selenium.remote.RemoteWebDriver log
信息: Executing: sendKeysToElement [910b6fb9-78a8-fe4b-95b2-d66edd6da9be, sendKeysToElement {id={3838da28-8ad5-9e47-b486-1b18bb96bc81}, value=[Ljava.lang.CharSequence;@2fe6f732}]
三月 23, 2014 4:24:05 下午 org.openqa.selenium.remote.RemoteWebDriver log
信息: Executed: [910b6fb9-78a8-fe4b-95b2-d66edd6da9be, sendKeysToElement {id={3838da28-8ad5-9e47-b486-1b18bb96bc81}, value=[Ljava.lang.CharSequence;@2fe6f732}]
三月 23, 2014 4:24:05 下午 org.openqa.selenium.remote.RemoteWebDriver log
信息: Executing: getElementAttribute [910b6fb9-78a8-fe4b-95b2-d66edd6da9be, getElementAttribute {id={12b8a0b4-df30-ef43-87c5-71c08c849b9c}, name=value}]
三月 23, 2014 4:24:05 下午 org.openqa.selenium.remote.RemoteWebDriver log
信息: Executed: [910b6fb9-78a8-fe4b-95b2-d66edd6da9be, getElementAttribute {id={12b8a0b4-df30-ef43-87c5-71c08c849b9c}, name=value}]
三月 23, 2014 4:24:05 下午 org.openqa.selenium.remote.RemoteWebDriver log
信息: Executing: sendKeysToElement [910b6fb9-78a8-fe4b-95b2-d66edd6da9be, sendKeysToElement {id={3838da28-8ad5-9e47-b486-1b18bb96bc81}, value=[Ljava.lang.CharSequence;@61cd17ac}]
三月 23, 2014 4:24:06 下午 org.openqa.selenium.remote.RemoteWebDriver log
信息: Executed: [910b6fb9-78a8-fe4b-95b2-d66edd6da9be, sendKeysToElement {id={3838da28-8ad5-9e47-b486-1b18bb96bc81}, value=[Ljava.lang.CharSequence;@61cd17ac}]
三月 23, 2014 4:24:06 下午 org.openqa.selenium.remote.RemoteWebDriver log
信息: Executing: getElementAttribute [910b6fb9-78a8-fe4b-95b2-d66edd6da9be, getElementAttribute {id={12b8a0b4-df30-ef43-87c5-71c08c849b9c}, name=value}]
三月 23, 2014 4:24:06 下午 org.openqa.selenium.remote.RemoteWebDriver log
信息: Executed: [910b6fb9-78a8-fe4b-95b2-d66edd6da9be, getElementAttribute {id={12b8a0b4-df30-ef43-87c5-71c08c849b9c}, name=value}]
三月 23, 2014 4:24:06 下午 org.openqa.selenium.testing.JUnit4TestBase$1 finished
信息: <<< Finished canSafelyTypeOnElementThatIsRemovedFromTheDomOnKeyPress(org.openqa.selenium.TypingTest)
三月 23, 2014 4:24:06 下午 org.openqa.selenium.testing.JUnit4TestBase$1 starting
信息: >>> Starting testShiftSelectionDeletes(org.openqa.selenium.TypingTest)
三月 23, 2014 4:24:06 下午 org.openqa.selenium.remote.RemoteWebDriver log
信息: Executing: get [910b6fb9-78a8-fe4b-95b2-d66edd6da9be, get {url=http://localhost:6461/common/javascriptPage.html}]
三月 23, 2014 4:24:06 下午 org.openqa.selenium.remote.RemoteWebDriver log
信息: Executed: [910b6fb9-78a8-fe4b-95b2-d66edd6da9be, get {url=http://localhost:6461/common/javascriptPage.html}]
三月 23, 2014 4:24:06 下午 org.openqa.selenium.remote.RemoteWebDriver log
信息: Executing: findElement [910b6fb9-78a8-fe4b-95b2-d66edd6da9be, findElement {using=id, value=keyReporter}]
三月 23, 2014 4:24:06 下午 org.openqa.selenium.remote.RemoteWebDriver log
信息: Executed: [910b6fb9-78a8-fe4b-95b2-d66edd6da9be, findElement {using=id, value=keyReporter}]
三月 23, 2014 4:24:06 下午 org.openqa.selenium.remote.RemoteWebDriver log
信息: Executing: sendKeysToElement [910b6fb9-78a8-fe4b-95b2-d66edd6da9be, sendKeysToElement {id={03762778-d508-a243-8de0-b303d26479b5}, value=[Ljava.lang.CharSequence;@1d51055}]
三月 23, 2014 4:24:06 下午 org.openqa.selenium.remote.RemoteWebDriver log
信息: Executed: [910b6fb9-78a8-fe4b-95b2-d66edd6da9be, sendKeysToElement {id={03762778-d508-a243-8de0-b303d26479b5}, value=[Ljava.lang.CharSequence;@1d51055}]
三月 23, 2014 4:24:06 下午 org.openqa.selenium.remote.RemoteWebDriver log
信息: Executing: getElementAttribute [910b6fb9-78a8-fe4b-95b2-d66edd6da9be, getElementAttribute {id={03762778-d508-a243-8de0-b303d26479b5}, name=value}]
三月 23, 2014 4:24:06 下午 org.openqa.selenium.remote.RemoteWebDriver log
信息: Executed: [910b6fb9-78a8-fe4b-95b2-d66edd6da9be, getElementAttribute {id={03762778-d508-a243-8de0-b303d26479b5}, name=value}]
三月 23, 2014 4:24:06 下午 org.openqa.selenium.remote.RemoteWebDriver log
信息: Executing: sendKeysToElement [910b6fb9-78a8-fe4b-95b2-d66edd6da9be, sendKeysToElement {id={03762778-d508-a243-8de0-b303d26479b5}, value=[Ljava.lang.CharSequence;@42b96163}]
三月 23, 2014 4:24:06 下午 org.openqa.selenium.remote.RemoteWebDriver log
信息: Executed: [910b6fb9-78a8-fe4b-95b2-d66edd6da9be, sendKeysToElement {id={03762778-d508-a243-8de0-b303d26479b5}, value=[Ljava.lang.CharSequence;@42b96163}]
三月 23, 2014 4:24:06 下午 org.openqa.selenium.remote.RemoteWebDriver log
信息: Executing: sendKeysToElement [910b6fb9-78a8-fe4b-95b2-d66edd6da9be, sendKeysToElement {id={03762778-d508-a243-8de0-b303d26479b5}, value=[Ljava.lang.CharSequence;@721df507}]
三月 23, 2014 4:24:06 下午 org.openqa.selenium.remote.RemoteWebDriver log
信息: Executed: [910b6fb9-78a8-fe4b-95b2-d66edd6da9be, sendKeysToElement {id={03762778-d508-a243-8de0-b303d26479b5}, value=[Ljava.lang.CharSequence;@721df507}]
三月 23, 2014 4:24:06 下午 org.openqa.selenium.remote.RemoteWebDriver log
信息: Executing: getElementAttribute [910b6fb9-78a8-fe4b-95b2-d66edd6da9be, getElementAttribute {id={03762778-d508-a243-8de0-b303d26479b5}, name=value}]
三月 23, 2014 4:24:06 下午 org.openqa.selenium.remote.RemoteWebDriver log
信息: Executed: [910b6fb9-78a8-fe4b-95b2-d66edd6da9be, getElementAttribute {id={03762778-d508-a243-8de0-b303d26479b5}, name=value}]
三月 23, 2014 4:24:06 下午 org.openqa.selenium.testing.JUnit4TestBase$1 finished
信息: <<< Finished testShiftSelectionDeletes(org.openqa.selenium.TypingTest)
三月 23, 2014 4:24:06 下午 org.openqa.selenium.testing.JUnit4TestBase$1 starting
信息: >>> Starting testLowerCaseAlphaKeys(org.openqa.selenium.TypingTest)
三月 23, 2014 4:24:06 下午 org.openqa.selenium.remote.RemoteWebDriver log
信息: Executing: get [910b6fb9-78a8-fe4b-95b2-d66edd6da9be, get {url=http://localhost:6461/common/javascriptPage.html}]
三月 23, 2014 4:24:06 下午 org.openqa.selenium.remote.RemoteWebDriver log
信息: Executed: [910b6fb9-78a8-fe4b-95b2-d66edd6da9be, get {url=http://localhost:6461/common/javascriptPage.html}]
三月 23, 2014 4:24:06 下午 org.openqa.selenium.remote.RemoteWebDriver log
信息: Executing: findElement [910b6fb9-78a8-fe4b-95b2-d66edd6da9be, findElement {using=id, value=keyReporter}]
三月 23, 2014 4:24:06 下午 org.openqa.selenium.remote.RemoteWebDriver log
信息: Executed: [910b6fb9-78a8-fe4b-95b2-d66edd6da9be, findElement {using=id, value=keyReporter}]
三月 23, 2014 4:24:06 下午 org.openqa.selenium.remote.RemoteWebDriver log
信息: Executing: sendKeysToElement [910b6fb9-78a8-fe4b-95b2-d66edd6da9be, sendKeysToElement {id={f1b8c765-a64e-274d-8d4a-283116685c69}, value=[Ljava.lang.CharSequence;@45360d86}]
三月 23, 2014 4:24:06 下午 org.openqa.selenium.remote.RemoteWebDriver log
信息: Executed: [910b6fb9-78a8-fe4b-95b2-d66edd6da9be, sendKeysToElement {id={f1b8c765-a64e-274d-8d4a-283116685c69}, value=[Ljava.lang.CharSequence;@45360d86}]
三月 23, 2014 4:24:06 下午 org.openqa.selenium.remote.RemoteWebDriver log
信息: Executing: getElementAttribute [910b6fb9-78a8-fe4b-95b2-d66edd6da9be, getElementAttribute {id={f1b8c765-a64e-274d-8d4a-283116685c69}, name=value}]
三月 23, 2014 4:24:06 下午 org.openqa.selenium.remote.RemoteWebDriver log
信息: Executed: [910b6fb9-78a8-fe4b-95b2-d66edd6da9be, getElementAttribute {id={f1b8c765-a64e-274d-8d4a-283116685c69}, name=value}]
三月 23, 2014 4:24:06 下午 org.openqa.selenium.testing.JUnit4TestBase$1 finished
信息: <<< Finished testLowerCaseAlphaKeys(org.openqa.selenium.TypingTest)
三月 23, 2014 4:24:06 下午 org.openqa.selenium.testing.JUnit4TestBase$1 starting
信息: >>> Starting testWillSimulateAKeyUpWhenEnteringTextIntoInputElements(org.openqa.selenium.TypingTest)
三月 23, 2014 4:24:06 下午 org.openqa.selenium.remote.RemoteWebDriver log
信息: Executing: get [910b6fb9-78a8-fe4b-95b2-d66edd6da9be, get {url=http://localhost:6461/common/javascriptPage.html}]
三月 23, 2014 4:24:06 下午 org.openqa.selenium.remote.RemoteWebDriver log
信息: Executed: [910b6fb9-78a8-fe4b-95b2-d66edd6da9be, get {url=http://localhost:6461/common/javascriptPage.html}]
三月 23, 2014 4:24:06 下午 org.openqa.selenium.remote.RemoteWebDriver log
信息: Executing: findElement [910b6fb9-78a8-fe4b-95b2-d66edd6da9be, findElement {using=id, value=keyUp}]
三月 23, 2014 4:24:06 下午 org.openqa.selenium.remote.RemoteWebDriver log
信息: Executed: [910b6fb9-78a8-fe4b-95b2-d66edd6da9be, findElement {using=id, value=keyUp}]
三月 23, 2014 4:24:06 下午 org.openqa.selenium.remote.RemoteWebDriver log
信息: Executing: sendKeysToElement [910b6fb9-78a8-fe4b-95b2-d66edd6da9be, sendKeysToElement {id={66d5de36-2518-3345-9ced-cafa4f59cc37}, value=[Ljava.lang.CharSequence;@220a347a}]
三月 23, 2014 4:24:06 下午 org.openqa.selenium.remote.RemoteWebDriver log
信息: Executed: [910b6fb9-78a8-fe4b-95b2-d66edd6da9be, sendKeysToElement {id={66d5de36-2518-3345-9ced-cafa4f59cc37}, value=[Ljava.lang.CharSequence;@220a347a}]
三月 23, 2014 4:24:06 下午 org.openqa.selenium.remote.RemoteWebDriver log
信息: Executing: findElement [910b6fb9-78a8-fe4b-95b2-d66edd6da9be, findElement {using=id, value=result}]
三月 23, 2014 4:24:06 下午 org.openqa.selenium.remote.RemoteWebDriver log
信息: Executed: [910b6fb9-78a8-fe4b-95b2-d66edd6da9be, findElement {using=id, value=result}]
三月 23, 2014 4:24:06 下午 org.openqa.selenium.remote.RemoteWebDriver log
信息: Executing: getElementText [910b6fb9-78a8-fe4b-95b2-d66edd6da9be, getElementText {id={0f1974ce-d506-b646-a820-6591bfb27909}}]
三月 23, 2014 4:24:06 下午 org.openqa.selenium.remote.RemoteWebDriver log
信息: Executed: [910b6fb9-78a8-fe4b-95b2-d66edd6da9be, getElementText {id={0f1974ce-d506-b646-a820-6591bfb27909}}]
三月 23, 2014 4:24:06 下午 org.openqa.selenium.testing.JUnit4TestBase$1 finished
信息: <<< Finished testWillSimulateAKeyUpWhenEnteringTextIntoInputElements(org.openqa.selenium.TypingTest)
三月 23, 2014 4:24:06 下午 org.openqa.selenium.testing.JUnit4TestBase$1 starting
信息: >>> Starting testHomeAndEndAndPageUpAndPageDownKeys(org.openqa.selenium.TypingTest)
三月 23, 2014 4:24:06 下午 org.openqa.selenium.testing.JUnit4TestBase$1 finished
信息: <<< Finished testHomeAndEndAndPageUpAndPageDownKeys(org.openqa.selenium.TypingTest)
三月 23, 2014 4:24:06 下午 org.openqa.selenium.testing.JUnit4TestBase$1 starting
信息: >>> Starting testWillSimulateAKeyPressWhenEnteringTextIntoTextAreas(org.openqa.selenium.TypingTest)
三月 23, 2014 4:24:06 下午 org.openqa.selenium.remote.RemoteWebDriver log
信息: Executing: get [910b6fb9-78a8-fe4b-95b2-d66edd6da9be, get {url=http://localhost:6461/common/javascriptPage.html}]
三月 23, 2014 4:24:06 下午 org.openqa.selenium.remote.RemoteWebDriver log
信息: Executed: [910b6fb9-78a8-fe4b-95b2-d66edd6da9be, get {url=http://localhost:6461/common/javascriptPage.html}]
三月 23, 2014 4:24:06 下午 org.openqa.selenium.remote.RemoteWebDriver log
信息: Executing: findElement [910b6fb9-78a8-fe4b-95b2-d66edd6da9be, findElement {using=id, value=keyPressArea}]
三月 23, 2014 4:24:06 下午 org.openqa.selenium.remote.RemoteWebDriver log
信息: Executed: [910b6fb9-78a8-fe4b-95b2-d66edd6da9be, findElement {using=id, value=keyPressArea}]
三月 23, 2014 4:24:06 下午 org.openqa.selenium.remote.RemoteWebDriver log
信息: Executing: sendKeysToElement [910b6fb9-78a8-fe4b-95b2-d66edd6da9be, sendKeysToElement {id={9bed7f7a-1a22-c844-a8f3-81617d5993c5}, value=[Ljava.lang.CharSequence;@26361f38}]
三月 23, 2014 4:24:06 下午 org.openqa.selenium.remote.RemoteWebDriver log
信息: Executed: [910b6fb9-78a8-fe4b-95b2-d66edd6da9be, sendKeysToElement {id={9bed7f7a-1a22-c844-a8f3-81617d5993c5}, value=[Ljava.lang.CharSequence;@26361f38}]
三月 23, 2014 4:24:06 下午 org.openqa.selenium.remote.RemoteWebDriver log
信息: Executing: findElement [910b6fb9-78a8-fe4b-95b2-d66edd6da9be, findElement {using=id, value=result}]
三月 23, 2014 4:24:06 下午 org.openqa.selenium.remote.RemoteWebDriver log
信息: Executed: [910b6fb9-78a8-fe4b-95b2-d66edd6da9be, findElement {using=id, value=result}]
三月 23, 2014 4:24:06 下午 org.openqa.selenium.remote.RemoteWebDriver log
信息: Executing: getElementText [910b6fb9-78a8-fe4b-95b2-d66edd6da9be, getElementText {id={88f8ca41-7ddc-e948-985f-4aff9c9c6e2a}}]
三月 23, 2014 4:24:06 下午 org.openqa.selenium.remote.RemoteWebDriver log
信息: Executed: [910b6fb9-78a8-fe4b-95b2-d66edd6da9be, getElementText {id={88f8ca41-7ddc-e948-985f-4aff9c9c6e2a}}]
三月 23, 2014 4:24:06 下午 org.openqa.selenium.testing.JUnit4TestBase$1 finished
信息: <<< Finished testWillSimulateAKeyPressWhenEnteringTextIntoTextAreas(org.openqa.selenium.TypingTest)
三月 23, 2014 4:24:06 下午 org.openqa.selenium.testing.JUnit4TestBase$1 starting
信息: >>> Starting testShouldBeAbleToTypeOnAnEmailInputField(org.openqa.selenium.TypingTest)
三月 23, 2014 4:24:06 下午 org.openqa.selenium.remote.RemoteWebDriver log
信息: Executing: get [910b6fb9-78a8-fe4b-95b2-d66edd6da9be, get {url=http://localhost:6461/common/formPage.html}]
三月 23, 2014 4:24:06 下午 org.openqa.selenium.remote.RemoteWebDriver log
信息: Executed: [910b6fb9-78a8-fe4b-95b2-d66edd6da9be, get {url=http://localhost:6461/common/formPage.html}]
三月 23, 2014 4:24:06 下午 org.openqa.selenium.remote.RemoteWebDriver log
信息: Executing: findElement [910b6fb9-78a8-fe4b-95b2-d66edd6da9be, findElement {using=id, value=email}]
三月 23, 2014 4:24:06 下午 org.openqa.selenium.remote.RemoteWebDriver log
信息: Executed: [910b6fb9-78a8-fe4b-95b2-d66edd6da9be, findElement {using=id, value=email}]
三月 23, 2014 4:24:06 下午 org.openqa.selenium.remote.RemoteWebDriver log
信息: Executing: sendKeysToElement [910b6fb9-78a8-fe4b-95b2-d66edd6da9be, sendKeysToElement {id={57980c86-b41b-8a47-b325-c0d15159cb37}, value=[Ljava.lang.CharSequence;@30df9978}]
三月 23, 2014 4:24:06 下午 org.openqa.selenium.remote.RemoteWebDriver log
信息: Executed: [910b6fb9-78a8-fe4b-95b2-d66edd6da9be, sendKeysToElement {id={57980c86-b41b-8a47-b325-c0d15159cb37}, value=[Ljava.lang.CharSequence;@30df9978}]
三月 23, 2014 4:24:06 下午 org.openqa.selenium.remote.RemoteWebDriver log
信息: Executing: getElementAttribute [910b6fb9-78a8-fe4b-95b2-d66edd6da9be, getElementAttribute {id={57980c86-b41b-8a47-b325-c0d15159cb37}, name=value}]
三月 23, 2014 4:24:06 下午 org.openqa.selenium.remote.RemoteWebDriver log
信息: Executed: [910b6fb9-78a8-fe4b-95b2-d66edd6da9be, getElementAttribute {id={57980c86-b41b-8a47-b325-c0d15159cb37}, name=value}]
三月 23, 2014 4:24:06 下午 org.openqa.selenium.testing.JUnit4TestBase$1 finished
信息: <<< Finished testShouldBeAbleToTypeOnAnEmailInputField(org.openqa.selenium.TypingTest)
三月 23, 2014 4:24:06 下午 org.openqa.selenium.testing.JUnit4TestBase$1 starting
信息: >>> Starting testShouldBeAbleToTypeQuoteMarks(org.openqa.selenium.TypingTest)
三月 23, 2014 4:24:06 下午 org.openqa.selenium.remote.RemoteWebDriver log
信息: Executing: get [910b6fb9-78a8-fe4b-95b2-d66edd6da9be, get {url=http://localhost:6461/common/javascriptPage.html}]
三月 23, 2014 4:24:06 下午 org.openqa.selenium.remote.RemoteWebDriver log
信息: Executed: [910b6fb9-78a8-fe4b-95b2-d66edd6da9be, get {url=http://localhost:6461/common/javascriptPage.html}]
三月 23, 2014 4:24:06 下午 org.openqa.selenium.remote.RemoteWebDriver log
信息: Executing: findElement [910b6fb9-78a8-fe4b-95b2-d66edd6da9be, findElement {using=id, value=keyReporter}]
三月 23, 2014 4:24:06 下午 org.openqa.selenium.remote.RemoteWebDriver log
信息: Executed: [910b6fb9-78a8-fe4b-95b2-d66edd6da9be, findElement {using=id, value=keyReporter}]
三月 23, 2014 4:24:06 下午 org.openqa.selenium.remote.RemoteWebDriver log
信息: Executing: sendKeysToElement [910b6fb9-78a8-fe4b-95b2-d66edd6da9be, sendKeysToElement {id={aa1821f6-f480-1446-945d-ade0f51e8c5d}, value=[Ljava.lang.CharSequence;@5ae39d56}]
三月 23, 2014 4:24:06 下午 org.openqa.selenium.remote.RemoteWebDriver log
信息: Executed: [910b6fb9-78a8-fe4b-95b2-d66edd6da9be, sendKeysToElement {id={aa1821f6-f480-1446-945d-ade0f51e8c5d}, value=[Ljava.lang.CharSequence;@5ae39d56}]
三月 23, 2014 4:24:06 下午 org.openqa.selenium.remote.RemoteWebDriver log
信息: Executing: getElementAttribute [910b6fb9-78a8-fe4b-95b2-d66edd6da9be, getElementAttribute {id={aa1821f6-f480-1446-945d-ade0f51e8c5d}, name=value}]
三月 23, 2014 4:24:06 下午 org.openqa.selenium.remote.RemoteWebDriver log
信息: Executed: [910b6fb9-78a8-fe4b-95b2-d66edd6da9be, getElementAttribute {id={aa1821f6-f480-1446-945d-ade0f51e8c5d}, name=value}]
三月 23, 2014 4:24:06 下午 org.openqa.selenium.testing.JUnit4TestBase$1 finished
信息: <<< Finished testShouldBeAbleToTypeQuoteMarks(org.openqa.selenium.TypingTest)
三月 23, 2014 4:24:06 下午 org.openqa.selenium.testing.JUnit4TestBase$1 starting
信息: >>> Starting canDismissUnhandledAlert(org.openqa.selenium.UnexpectedAlertBehaviorTest)
三月 23, 2014 4:24:08 下午 org.openqa.selenium.remote.RemoteWebDriver log
信息: Executing: get [7fe8b6e4-8b1d-b749-8873-7e405861b10a, get {url=http://localhost:6461/common/alerts.html}]
三月 23, 2014 4:24:08 下午 org.openqa.selenium.remote.RemoteWebDriver log
信息: Executed: [7fe8b6e4-8b1d-b749-8873-7e405861b10a, get {url=http://localhost:6461/common/alerts.html}]
三月 23, 2014 4:24:08 下午 org.openqa.selenium.remote.RemoteWebDriver log
信息: Executing: findElement [7fe8b6e4-8b1d-b749-8873-7e405861b10a, findElement {using=id, value=prompt-with-default}]
三月 23, 2014 4:24:08 下午 org.openqa.selenium.remote.RemoteWebDriver log
信息: Executed: [7fe8b6e4-8b1d-b749-8873-7e405861b10a, findElement {using=id, value=prompt-with-default}]
三月 23, 2014 4:24:08 下午 org.openqa.selenium.remote.RemoteWebDriver log
信息: Executing: clickElement [7fe8b6e4-8b1d-b749-8873-7e405861b10a, clickElement {id={69ff5212-ec6c-8e42-aeef-c1957b4384d8}}]
三月 23, 2014 4:24:08 下午 org.openqa.selenium.remote.RemoteWebDriver log
信息: Executed: [7fe8b6e4-8b1d-b749-8873-7e405861b10a, clickElement {id={69ff5212-ec6c-8e42-aeef-c1957b4384d8}}]
三月 23, 2014 4:24:08 下午 org.openqa.selenium.remote.RemoteWebDriver log
信息: Executing: findElement [7fe8b6e4-8b1d-b749-8873-7e405861b10a, findElement {using=id, value=text}]
三月 23, 2014 4:24:09 下午 org.openqa.selenium.remote.RemoteWebDriver log
信息: Executed: [7fe8b6e4-8b1d-b749-8873-7e405861b10a, findElement {using=id, value=text}]
三月 23, 2014 4:24:09 下午 org.openqa.selenium.remote.RemoteWebDriver log
信息: Executing: findElement [7fe8b6e4-8b1d-b749-8873-7e405861b10a, findElement {using=id, value=text}]
三月 23, 2014 4:24:09 下午 org.openqa.selenium.remote.RemoteWebDriver log
信息: Executed: [7fe8b6e4-8b1d-b749-8873-7e405861b10a, findElement {using=id, value=text}]
三月 23, 2014 4:24:09 下午 org.openqa.selenium.remote.RemoteWebDriver log
信息: Executing: getElementText [7fe8b6e4-8b1d-b749-8873-7e405861b10a, getElementText {id={fbe83add-b35f-0b43-87ec-cc7009b17130}}]
三月 23, 2014 4:24:09 下午 org.openqa.selenium.remote.RemoteWebDriver log
信息: Executed: [7fe8b6e4-8b1d-b749-8873-7e405861b10a, getElementText {id={fbe83add-b35f-0b43-87ec-cc7009b17130}}]
三月 23, 2014 4:24:09 下午 org.openqa.selenium.remote.RemoteWebDriver log
信息: Executing: quit [7fe8b6e4-8b1d-b749-8873-7e405861b10a, quit {}]
三月 23, 2014 4:24:09 下午 org.openqa.selenium.remote.RemoteWebDriver log
信息: Executed: [7fe8b6e4-8b1d-b749-8873-7e405861b10a, quit {}]
三月 23, 2014 4:24:09 下午 org.openqa.selenium.testing.JUnit4TestBase$1 finished
信息: <<< Finished canDismissUnhandledAlert(org.openqa.selenium.UnexpectedAlertBehaviorTest)
三月 23, 2014 4:24:09 下午 org.openqa.selenium.testing.JUnit4TestBase$1 starting
信息: >>> Starting dismissUnhandledAlertsByDefault(org.openqa.selenium.UnexpectedAlertBehaviorTest)
三月 23, 2014 4:24:11 下午 org.openqa.selenium.remote.RemoteWebDriver log
信息: Executing: get [cc7f132d-99d5-804b-be7f-b151e62c1eac, get {url=http://localhost:6461/common/alerts.html}]
三月 23, 2014 4:24:11 下午 org.openqa.selenium.remote.RemoteWebDriver log
信息: Executed: [cc7f132d-99d5-804b-be7f-b151e62c1eac, get {url=http://localhost:6461/common/alerts.html}]
三月 23, 2014 4:24:11 下午 org.openqa.selenium.remote.RemoteWebDriver log
信息: Executing: findElement [cc7f132d-99d5-804b-be7f-b151e62c1eac, findElement {using=id, value=prompt-with-default}]
三月 23, 2014 4:24:11 下午 org.openqa.selenium.remote.RemoteWebDriver log
信息: Executed: [cc7f132d-99d5-804b-be7f-b151e62c1eac, findElement {using=id, value=prompt-with-default}]
三月 23, 2014 4:24:11 下午 org.openqa.selenium.remote.RemoteWebDriver log
信息: Executing: clickElement [cc7f132d-99d5-804b-be7f-b151e62c1eac, clickElement {id={3ec3d531-7fd2-bf48-83a6-ee21337c02dc}}]
三月 23, 2014 4:24:11 下午 org.openqa.selenium.remote.RemoteWebDriver log
信息: Executed: [cc7f132d-99d5-804b-be7f-b151e62c1eac, clickElement {id={3ec3d531-7fd2-bf48-83a6-ee21337c02dc}}]
三月 23, 2014 4:24:11 下午 org.openqa.selenium.remote.RemoteWebDriver log
信息: Executing: findElement [cc7f132d-99d5-804b-be7f-b151e62c1eac, findElement {using=id, value=text}]
三月 23, 2014 4:24:12 下午 org.openqa.selenium.remote.RemoteWebDriver log
信息: Executed: [cc7f132d-99d5-804b-be7f-b151e62c1eac, findElement {using=id, value=text}]
三月 23, 2014 4:24:12 下午 org.openqa.selenium.remote.RemoteWebDriver log
信息: Executing: findElement [cc7f132d-99d5-804b-be7f-b151e62c1eac, findElement {using=id, value=text}]
三月 23, 2014 4:24:12 下午 org.openqa.selenium.remote.RemoteWebDriver log
信息: Executed: [cc7f132d-99d5-804b-be7f-b151e62c1eac, findElement {using=id, value=text}]
三月 23, 2014 4:24:12 下午 org.openqa.selenium.remote.RemoteWebDriver log
信息: Executing: getElementText [cc7f132d-99d5-804b-be7f-b151e62c1eac, getElementText {id={9f6ebcb1-be63-b54a-977f-43a2e12f5b10}}]
三月 23, 2014 4:24:12 下午 org.openqa.selenium.remote.RemoteWebDriver log
信息: Executed: [cc7f132d-99d5-804b-be7f-b151e62c1eac, getElementText {id={9f6ebcb1-be63-b54a-977f-43a2e12f5b10}}]
三月 23, 2014 4:24:12 下午 org.openqa.selenium.remote.RemoteWebDriver log
信息: Executing: quit [cc7f132d-99d5-804b-be7f-b151e62c1eac, quit {}]
三月 23, 2014 4:24:12 下午 org.openqa.selenium.remote.RemoteWebDriver log
信息: Executed: [cc7f132d-99d5-804b-be7f-b151e62c1eac, quit {}]
三月 23, 2014 4:24:12 下午 org.openqa.selenium.testing.JUnit4TestBase$1 finished
信息: <<< Finished dismissUnhandledAlertsByDefault(org.openqa.selenium.UnexpectedAlertBehaviorTest)
三月 23, 2014 4:24:12 下午 org.openqa.selenium.testing.JUnit4TestBase$1 starting
信息: >>> Starting canAcceptUnhandledAlert(org.openqa.selenium.UnexpectedAlertBehaviorTest)
三月 23, 2014 4:24:14 下午 org.openqa.selenium.remote.RemoteWebDriver log
信息: Executing: get [0ef018f5-60a7-be41-9ae1-46fef4ac77ba, get {url=http://localhost:6461/common/alerts.html}]
三月 23, 2014 4:24:14 下午 org.openqa.selenium.remote.RemoteWebDriver log
信息: Executed: [0ef018f5-60a7-be41-9ae1-46fef4ac77ba, get {url=http://localhost:6461/common/alerts.html}]
三月 23, 2014 4:24:14 下午 org.openqa.selenium.remote.RemoteWebDriver log
信息: Executing: findElement [0ef018f5-60a7-be41-9ae1-46fef4ac77ba, findElement {using=id, value=prompt-with-default}]
三月 23, 2014 4:24:14 下午 org.openqa.selenium.remote.RemoteWebDriver log
信息: Executed: [0ef018f5-60a7-be41-9ae1-46fef4ac77ba, findElement {using=id, value=prompt-with-default}]
三月 23, 2014 4:24:14 下午 org.openqa.selenium.remote.RemoteWebDriver log
信息: Executing: clickElement [0ef018f5-60a7-be41-9ae1-46fef4ac77ba, clickElement {id={6e1e38c2-b3bb-d54e-9350-408dc6e60553}}]
三月 23, 2014 4:24:14 下午 org.openqa.selenium.remote.RemoteWebDriver log
信息: Executed: [0ef018f5-60a7-be41-9ae1-46fef4ac77ba, clickElement {id={6e1e38c2-b3bb-d54e-9350-408dc6e60553}}]
三月 23, 2014 4:24:14 下午 org.openqa.selenium.remote.RemoteWebDriver log
信息: Executing: findElement [0ef018f5-60a7-be41-9ae1-46fef4ac77ba, findElement {using=id, value=text}]
三月 23, 2014 4:24:15 下午 org.openqa.selenium.remote.RemoteWebDriver log
信息: Executed: [0ef018f5-60a7-be41-9ae1-46fef4ac77ba, findElement {using=id, value=text}]
三月 23, 2014 4:24:15 下午 org.openqa.selenium.remote.RemoteWebDriver log
信息: Executing: findElement [0ef018f5-60a7-be41-9ae1-46fef4ac77ba, findElement {using=id, value=text}]
三月 23, 2014 4:24:15 下午 org.openqa.selenium.remote.RemoteWebDriver log
信息: Executed: [0ef018f5-60a7-be41-9ae1-46fef4ac77ba, findElement {using=id, value=text}]
三月 23, 2014 4:24:15 下午 org.openqa.selenium.remote.RemoteWebDriver log
信息: Executing: getElementText [0ef018f5-60a7-be41-9ae1-46fef4ac77ba, getElementText {id={6d8824de-060b-7d47-ac05-baec662cebc1}}]
三月 23, 2014 4:24:15 下午 org.openqa.selenium.remote.RemoteWebDriver log
信息: Executed: [0ef018f5-60a7-be41-9ae1-46fef4ac77ba, getElementText {id={6d8824de-060b-7d47-ac05-baec662cebc1}}]
三月 23, 2014 4:24:15 下午 org.openqa.selenium.remote.RemoteWebDriver log
信息: Executing: quit [0ef018f5-60a7-be41-9ae1-46fef4ac77ba, quit {}]
三月 23, 2014 4:24:15 下午 org.openqa.selenium.remote.RemoteWebDriver log
信息: Executed: [0ef018f5-60a7-be41-9ae1-46fef4ac77ba, quit {}]
三月 23, 2014 4:24:15 下午 org.openqa.selenium.testing.JUnit4TestBase$1 finished
信息: <<< Finished canAcceptUnhandledAlert(org.openqa.selenium.UnexpectedAlertBehaviorTest)
三月 23, 2014 4:24:15 下午 org.openqa.selenium.testing.JUnit4TestBase$1 starting
信息: >>> Starting canSpecifyUnhandledAlertBehaviourUsingCapabilities(org.openqa.selenium.UnexpectedAlertBehaviorTest)
三月 23, 2014 4:24:16 下午 org.openqa.selenium.remote.RemoteWebDriver log
信息: Executing: get [ba0a2df1-6291-6d4d-89a0-486e75fec6cf, get {url=http://localhost:6461/common/alerts.html}]
三月 23, 2014 4:24:17 下午 org.openqa.selenium.remote.RemoteWebDriver log
信息: Executed: [ba0a2df1-6291-6d4d-89a0-486e75fec6cf, get {url=http://localhost:6461/common/alerts.html}]
三月 23, 2014 4:24:17 下午 org.openqa.selenium.remote.RemoteWebDriver log
信息: Executing: findElement [ba0a2df1-6291-6d4d-89a0-486e75fec6cf, findElement {using=id, value=prompt-with-default}]
三月 23, 2014 4:24:17 下午 org.openqa.selenium.remote.RemoteWebDriver log
信息: Executed: [ba0a2df1-6291-6d4d-89a0-486e75fec6cf, findElement {using=id, value=prompt-with-default}]
三月 23, 2014 4:24:17 下午 org.openqa.selenium.remote.RemoteWebDriver log
信息: Executing: clickElement [ba0a2df1-6291-6d4d-89a0-486e75fec6cf, clickElement {id={6b556fe8-c6a6-194e-99b9-4fe4648f2ec6}}]
三月 23, 2014 4:24:17 下午 org.openqa.selenium.remote.RemoteWebDriver log
信息: Executed: [ba0a2df1-6291-6d4d-89a0-486e75fec6cf, clickElement {id={6b556fe8-c6a6-194e-99b9-4fe4648f2ec6}}]
三月 23, 2014 4:24:17 下午 org.openqa.selenium.remote.RemoteWebDriver log
信息: Executing: findElement [ba0a2df1-6291-6d4d-89a0-486e75fec6cf, findElement {using=id, value=text}]
三月 23, 2014 4:24:17 下午 org.openqa.selenium.remote.RemoteWebDriver log
信息: Executed: [ba0a2df1-6291-6d4d-89a0-486e75fec6cf, findElement {using=id, value=text}]
三月 23, 2014 4:24:17 下午 org.openqa.selenium.remote.RemoteWebDriver log
信息: Executing: findElement [ba0a2df1-6291-6d4d-89a0-486e75fec6cf, findElement {using=id, value=text}]
三月 23, 2014 4:24:17 下午 org.openqa.selenium.remote.RemoteWebDriver log
信息: Executed: [ba0a2df1-6291-6d4d-89a0-486e75fec6cf, findElement {using=id, value=text}]
三月 23, 2014 4:24:17 下午 org.openqa.selenium.remote.RemoteWebDriver log
信息: Executing: getElementText [ba0a2df1-6291-6d4d-89a0-486e75fec6cf, getElementText {id={db22b62f-7436-bd45-bf9b-d4319c795570}}]
三月 23, 2014 4:24:17 下午 org.openqa.selenium.remote.RemoteWebDriver log
信息: Executed: [ba0a2df1-6291-6d4d-89a0-486e75fec6cf, getElementText {id={db22b62f-7436-bd45-bf9b-d4319c795570}}]
三月 23, 2014 4:24:17 下午 org.openqa.selenium.remote.RemoteWebDriver log
信息: Executing: quit [ba0a2df1-6291-6d4d-89a0-486e75fec6cf, quit {}]
三月 23, 2014 4:24:17 下午 org.openqa.selenium.remote.RemoteWebDriver log
信息: Executed: [ba0a2df1-6291-6d4d-89a0-486e75fec6cf, quit {}]
三月 23, 2014 4:24:17 下午 org.openqa.selenium.testing.JUnit4TestBase$1 finished
信息: <<< Finished canSpecifyUnhandledAlertBehaviourUsingCapabilities(org.openqa.selenium.UnexpectedAlertBehaviorTest)
三月 23, 2014 4:24:17 下午 org.openqa.selenium.testing.JUnit4TestBase$1 starting
信息: >>> Starting requiredUnhandledAlertCapabilityHasPriorityOverDesired(org.openqa.selenium.UnexpectedAlertBehaviorTest)
三月 23, 2014 4:24:19 下午 org.openqa.selenium.remote.RemoteWebDriver log
信息: Executing: get [f2f9375a-223d-8042-935f-a46586700c04, get {url=http://localhost:6461/common/alerts.html}]
三月 23, 2014 4:24:19 下午 org.openqa.selenium.remote.RemoteWebDriver log
信息: Executed: [f2f9375a-223d-8042-935f-a46586700c04, get {url=http://localhost:6461/common/alerts.html}]
三月 23, 2014 4:24:19 下午 org.openqa.selenium.remote.RemoteWebDriver log
信息: Executing: findElement [f2f9375a-223d-8042-935f-a46586700c04, findElement {using=id, value=prompt-with-default}]
三月 23, 2014 4:24:19 下午 org.openqa.selenium.remote.RemoteWebDriver log
信息: Executed: [f2f9375a-223d-8042-935f-a46586700c04, findElement {using=id, value=prompt-with-default}]
三月 23, 2014 4:24:19 下午 org.openqa.selenium.remote.RemoteWebDriver log
信息: Executing: clickElement [f2f9375a-223d-8042-935f-a46586700c04, clickElement {id={5e5342b1-d0eb-4640-a6bf-f2f506917f45}}]
三月 23, 2014 4:24:19 下午 org.openqa.selenium.remote.RemoteWebDriver log
信息: Executed: [f2f9375a-223d-8042-935f-a46586700c04, clickElement {id={5e5342b1-d0eb-4640-a6bf-f2f506917f45}}]
三月 23, 2014 4:24:19 下午 org.openqa.selenium.remote.RemoteWebDriver log
信息: Executing: findElement [f2f9375a-223d-8042-935f-a46586700c04, findElement {using=id, value=text}]
三月 23, 2014 4:24:20 下午 org.openqa.selenium.remote.RemoteWebDriver log
信息: Executed: [f2f9375a-223d-8042-935f-a46586700c04, findElement {using=id, value=text}]
三月 23, 2014 4:24:20 下午 org.openqa.selenium.remote.RemoteWebDriver log
信息: Executing: findElement [f2f9375a-223d-8042-935f-a46586700c04, findElement {using=id, value=text}]
三月 23, 2014 4:24:20 下午 org.openqa.selenium.remote.RemoteWebDriver log
信息: Executed: [f2f9375a-223d-8042-935f-a46586700c04, findElement {using=id, value=text}]
三月 23, 2014 4:24:20 下午 org.openqa.selenium.remote.RemoteWebDriver log
信息: Executing: getElementText [f2f9375a-223d-8042-935f-a46586700c04, getElementText {id={e326a69a-be78-9543-989b-7a521adcd979}}]
三月 23, 2014 4:24:20 下午 org.openqa.selenium.remote.RemoteWebDriver log
信息: Executed: [f2f9375a-223d-8042-935f-a46586700c04, getElementText {id={e326a69a-be78-9543-989b-7a521adcd979}}]
三月 23, 2014 4:24:20 下午 org.openqa.selenium.remote.RemoteWebDriver log
信息: Executing: quit [f2f9375a-223d-8042-935f-a46586700c04, quit {}]
三月 23, 2014 4:24:20 下午 org.openqa.selenium.remote.RemoteWebDriver log
信息: Executed: [f2f9375a-223d-8042-935f-a46586700c04, quit {}]
三月 23, 2014 4:24:20 下午 org.openqa.selenium.testing.JUnit4TestBase$1 finished
信息: <<< Finished requiredUnhandledAlertCapabilityHasPriorityOverDesired(org.openqa.selenium.UnexpectedAlertBehaviorTest)
三月 23, 2014 4:24:20 下午 org.openqa.selenium.testing.JUnit4TestBase$1 starting
信息: >>> Starting canIgnoreUnhandledAlert(org.openqa.selenium.UnexpectedAlertBehaviorTest)
三月 23, 2014 4:24:22 下午 org.openqa.selenium.remote.RemoteWebDriver log
信息: Executing: get [ae5bf23a-39e9-f240-9db2-14ecc5c2ce36, get {url=http://localhost:6461/common/alerts.html}]
三月 23, 2014 4:24:22 下午 org.openqa.selenium.remote.RemoteWebDriver log
信息: Executed: [ae5bf23a-39e9-f240-9db2-14ecc5c2ce36, get {url=http://localhost:6461/common/alerts.html}]
三月 23, 2014 4:24:22 下午 org.openqa.selenium.remote.RemoteWebDriver log
信息: Executing: findElement [ae5bf23a-39e9-f240-9db2-14ecc5c2ce36, findElement {using=id, value=prompt-with-default}]
三月 23, 2014 4:24:22 下午 org.openqa.selenium.remote.RemoteWebDriver log
信息: Executed: [ae5bf23a-39e9-f240-9db2-14ecc5c2ce36, findElement {using=id, value=prompt-with-default}]
三月 23, 2014 4:24:22 下午 org.openqa.selenium.remote.RemoteWebDriver log
信息: Executing: clickElement [ae5bf23a-39e9-f240-9db2-14ecc5c2ce36, clickElement {id={116803cd-684a-084a-9ca8-6159612a7033}}]
三月 23, 2014 4:24:22 下午 org.openqa.selenium.remote.RemoteWebDriver log
信息: Executed: [ae5bf23a-39e9-f240-9db2-14ecc5c2ce36, clickElement {id={116803cd-684a-084a-9ca8-6159612a7033}}]
三月 23, 2014 4:24:22 下午 org.openqa.selenium.remote.RemoteWebDriver log
信息: Executing: findElement [ae5bf23a-39e9-f240-9db2-14ecc5c2ce36, findElement {using=id, value=text}]
三月 23, 2014 4:24:22 下午 org.openqa.selenium.remote.RemoteWebDriver log
信息: Executed: [ae5bf23a-39e9-f240-9db2-14ecc5c2ce36, findElement {using=id, value=text}]
三月 23, 2014 4:24:22 下午 org.openqa.selenium.remote.RemoteWebDriver log
信息: Executing: findElement [ae5bf23a-39e9-f240-9db2-14ecc5c2ce36, findElement {using=id, value=text}]
三月 23, 2014 4:24:22 下午 org.openqa.selenium.remote.RemoteWebDriver log
信息: Executed: [ae5bf23a-39e9-f240-9db2-14ecc5c2ce36, findElement {using=id, value=text}]
三月 23, 2014 4:24:22 下午 org.openqa.selenium.remote.RemoteWebDriver log
信息: Executing: getAlertText [ae5bf23a-39e9-f240-9db2-14ecc5c2ce36, getAlertText {}]
三月 23, 2014 4:24:22 下午 org.openqa.selenium.remote.RemoteWebDriver log
信息: Executed: [ae5bf23a-39e9-f240-9db2-14ecc5c2ce36, getAlertText {}]
三月 23, 2014 4:24:22 下午 org.openqa.selenium.remote.RemoteWebDriver log
信息: Executing: dismissAlert [ae5bf23a-39e9-f240-9db2-14ecc5c2ce36, dismissAlert {}]
三月 23, 2014 4:24:22 下午 org.openqa.selenium.remote.RemoteWebDriver log
信息: Executed: [ae5bf23a-39e9-f240-9db2-14ecc5c2ce36, dismissAlert {}]
三月 23, 2014 4:24:22 下午 org.openqa.selenium.remote.RemoteWebDriver log
信息: Executing: quit [ae5bf23a-39e9-f240-9db2-14ecc5c2ce36, quit {}]
三月 23, 2014 4:24:22 下午 org.openqa.selenium.remote.RemoteWebDriver log
信息: Executed: [ae5bf23a-39e9-f240-9db2-14ecc5c2ce36, quit {}]
三月 23, 2014 4:24:23 下午 org.openqa.selenium.testing.JUnit4TestBase$1 finished
信息: <<< Finished canIgnoreUnhandledAlert(org.openqa.selenium.UnexpectedAlertBehaviorTest)
三月 23, 2014 4:24:23 下午 org.openqa.selenium.testing.JUnit4TestBase$1 starting
信息: >>> Starting testFileUploading(org.openqa.selenium.UploadTest)
三月 23, 2014 4:24:23 下午 org.openqa.selenium.remote.RemoteWebDriver log
信息: Executing: get [910b6fb9-78a8-fe4b-95b2-d66edd6da9be, get {url=http://localhost:6461/common/upload.html}]
三月 23, 2014 4:24:23 下午 org.openqa.selenium.remote.RemoteWebDriver log
信息: Executed: [910b6fb9-78a8-fe4b-95b2-d66edd6da9be, get {url=http://localhost:6461/common/upload.html}]
三月 23, 2014 4:24:23 下午 org.openqa.selenium.remote.RemoteWebDriver log
信息: Executing: findElement [910b6fb9-78a8-fe4b-95b2-d66edd6da9be, findElement {using=id, value=upload}]
三月 23, 2014 4:24:23 下午 org.openqa.selenium.remote.RemoteWebDriver log
信息: Executed: [910b6fb9-78a8-fe4b-95b2-d66edd6da9be, findElement {using=id, value=upload}]
三月 23, 2014 4:24:23 下午 org.openqa.selenium.remote.RemoteWebDriver log
信息: Executing: sendKeysToElement [910b6fb9-78a8-fe4b-95b2-d66edd6da9be, sendKeysToElement {id={fa32b5a4-7756-7f41-bfa3-e2ac7ecd3d95}, value=[Ljava.lang.CharSequence;@46c3e167}]
三月 23, 2014 4:24:23 下午 org.openqa.selenium.remote.RemoteWebDriver log
信息: Executed: [910b6fb9-78a8-fe4b-95b2-d66edd6da9be, sendKeysToElement {id={fa32b5a4-7756-7f41-bfa3-e2ac7ecd3d95}, value=[Ljava.lang.CharSequence;@46c3e167}]
三月 23, 2014 4:24:23 下午 org.openqa.selenium.remote.RemoteWebDriver log
信息: Executing: findElement [910b6fb9-78a8-fe4b-95b2-d66edd6da9be, findElement {using=id, value=go}]
三月 23, 2014 4:24:23 下午 org.openqa.selenium.remote.RemoteWebDriver log
信息: Executed: [910b6fb9-78a8-fe4b-95b2-d66edd6da9be, findElement {using=id, value=go}]
三月 23, 2014 4:24:23 下午 org.openqa.selenium.remote.RemoteWebDriver log
信息: Executing: submitElement [910b6fb9-78a8-fe4b-95b2-d66edd6da9be, submitElement {id={91533d2d-1ee4-7745-80dc-1add497b1b23}}]
三月 23, 2014 4:24:25 下午 org.openqa.selenium.remote.RemoteWebDriver log
信息: Executed: [910b6fb9-78a8-fe4b-95b2-d66edd6da9be, submitElement {id={91533d2d-1ee4-7745-80dc-1add497b1b23}}]
三月 23, 2014 4:24:25 下午 org.openqa.selenium.remote.RemoteWebDriver log
信息: Executing: findElement [910b6fb9-78a8-fe4b-95b2-d66edd6da9be, findElement {using=id, value=upload_label}]
三月 23, 2014 4:24:25 下午 org.openqa.selenium.remote.RemoteWebDriver log
信息: Executed: [910b6fb9-78a8-fe4b-95b2-d66edd6da9be, findElement {using=id, value=upload_label}]
三月 23, 2014 4:24:25 下午 org.openqa.selenium.remote.RemoteWebDriver log
信息: Executing: isElementDisplayed [910b6fb9-78a8-fe4b-95b2-d66edd6da9be, isElementDisplayed {id={caf4cfe5-3763-e64d-b77e-241ac1da5a86}}]
三月 23, 2014 4:24:25 下午 org.openqa.selenium.remote.RemoteWebDriver log
信息: Executed: [910b6fb9-78a8-fe4b-95b2-d66edd6da9be, isElementDisplayed {id={caf4cfe5-3763-e64d-b77e-241ac1da5a86}}]
三月 23, 2014 4:24:25 下午 org.openqa.selenium.remote.RemoteWebDriver log
信息: Executing: switchToFrame [910b6fb9-78a8-fe4b-95b2-d66edd6da9be, switchToFrame {id=upload_target}]
三月 23, 2014 4:24:25 下午 org.openqa.selenium.remote.RemoteWebDriver log
信息: Executed: [910b6fb9-78a8-fe4b-95b2-d66edd6da9be, switchToFrame {id=upload_target}]
三月 23, 2014 4:24:25 下午 org.openqa.selenium.remote.RemoteWebDriver log
信息: Executing: findElement [910b6fb9-78a8-fe4b-95b2-d66edd6da9be, findElement {using=xpath, value=//body}]
三月 23, 2014 4:24:25 下午 org.openqa.selenium.remote.RemoteWebDriver log
信息: Executed: [910b6fb9-78a8-fe4b-95b2-d66edd6da9be, findElement {using=xpath, value=//body}]
三月 23, 2014 4:24:25 下午 org.openqa.selenium.remote.RemoteWebDriver log
信息: Executing: getElementText [910b6fb9-78a8-fe4b-95b2-d66edd6da9be, getElementText {id={42cd2662-3f2c-5a4a-9643-d669bdb3aa8f}}]
三月 23, 2014 4:24:25 下午 org.openqa.selenium.remote.RemoteWebDriver log
信息: Executed: [910b6fb9-78a8-fe4b-95b2-d66edd6da9be, getElementText {id={42cd2662-3f2c-5a4a-9643-d669bdb3aa8f}}]
三月 23, 2014 4:24:25 下午 org.openqa.selenium.testing.JUnit4TestBase$1 finished
信息: <<< Finished testFileUploading(org.openqa.selenium.UploadTest)
三月 23, 2014 4:24:25 下午 org.openqa.selenium.testing.JUnit4TestBase$1 starting
信息: >>> Starting testShouldModifyTheVisibilityOfAnElementDynamically(org.openqa.selenium.VisibilityTest)
三月 23, 2014 4:24:25 下午 org.openqa.selenium.remote.RemoteWebDriver log
信息: Executing: get [910b6fb9-78a8-fe4b-95b2-d66edd6da9be, get {url=http://localhost:6461/common/javascriptPage.html}]
三月 23, 2014 4:24:25 下午 org.openqa.selenium.remote.RemoteWebDriver log
信息: Executed: [910b6fb9-78a8-fe4b-95b2-d66edd6da9be, get {url=http://localhost:6461/common/javascriptPage.html}]
三月 23, 2014 4:24:25 下午 org.openqa.selenium.remote.RemoteWebDriver log
信息: Executing: findElement [910b6fb9-78a8-fe4b-95b2-d66edd6da9be, findElement {using=id, value=hideMe}]
三月 23, 2014 4:24:25 下午 org.openqa.selenium.remote.RemoteWebDriver log
信息: Executed: [910b6fb9-78a8-fe4b-95b2-d66edd6da9be, findElement {using=id, value=hideMe}]
三月 23, 2014 4:24:25 下午 org.openqa.selenium.remote.RemoteWebDriver log
信息: Executing: isElementDisplayed [910b6fb9-78a8-fe4b-95b2-d66edd6da9be, isElementDisplayed {id={5874deba-8373-a040-b268-820159b71d7e}}]
三月 23, 2014 4:24:25 下午 org.openqa.selenium.remote.RemoteWebDriver log
信息: Executed: [910b6fb9-78a8-fe4b-95b2-d66edd6da9be, isElementDisplayed {id={5874deba-8373-a040-b268-820159b71d7e}}]
三月 23, 2014 4:24:25 下午 org.openqa.selenium.remote.RemoteWebDriver log
信息: Executing: clickElement [910b6fb9-78a8-fe4b-95b2-d66edd6da9be, clickElement {id={5874deba-8373-a040-b268-820159b71d7e}}]
三月 23, 2014 4:24:25 下午 org.openqa.selenium.remote.RemoteWebDriver log
信息: Executed: [910b6fb9-78a8-fe4b-95b2-d66edd6da9be, clickElement {id={5874deba-8373-a040-b268-820159b71d7e}}]
三月 23, 2014 4:24:25 下午 org.openqa.selenium.remote.RemoteWebDriver log
信息: Executing: isElementDisplayed [910b6fb9-78a8-fe4b-95b2-d66edd6da9be, isElementDisplayed {id={5874deba-8373-a040-b268-820159b71d7e}}]
三月 23, 2014 4:24:25 下午 org.openqa.selenium.remote.RemoteWebDriver log
信息: Executed: [910b6fb9-78a8-fe4b-95b2-d66edd6da9be, isElementDisplayed {id={5874deba-8373-a040-b268-820159b71d7e}}]
三月 23, 2014 4:24:25 下午 org.openqa.selenium.remote.RemoteWebDriver log
信息: Executing: isElementDisplayed [910b6fb9-78a8-fe4b-95b2-d66edd6da9be, isElementDisplayed {id={5874deba-8373-a040-b268-820159b71d7e}}]
三月 23, 2014 4:24:25 下午 org.openqa.selenium.remote.RemoteWebDriver log
信息: Executed: [910b6fb9-78a8-fe4b-95b2-d66edd6da9be, isElementDisplayed {id={5874deba-8373-a040-b268-820159b71d7e}}]
三月 23, 2014 4:24:25 下午 org.openqa.selenium.testing.JUnit4TestBase$1 finished
信息: <<< Finished testShouldModifyTheVisibilityOfAnElementDynamically(org.openqa.selenium.VisibilityTest)
三月 23, 2014 4:24:25 下午 org.openqa.selenium.testing.JUnit4TestBase$1 starting
信息: >>> Starting testCorrectlyDetectMapElementsAreShown(org.openqa.selenium.VisibilityTest)
三月 23, 2014 4:24:25 下午 org.openqa.selenium.remote.RemoteWebDriver log
信息: Executing: get [910b6fb9-78a8-fe4b-95b2-d66edd6da9be, get {url=http://localhost:6461/common/map_visibility.html}]
三月 23, 2014 4:24:25 下午 org.openqa.selenium.remote.RemoteWebDriver log
信息: Executed: [910b6fb9-78a8-fe4b-95b2-d66edd6da9be, get {url=http://localhost:6461/common/map_visibility.html}]
三月 23, 2014 4:24:25 下午 org.openqa.selenium.remote.RemoteWebDriver log
信息: Executing: findElement [910b6fb9-78a8-fe4b-95b2-d66edd6da9be, findElement {using=id, value=mtgt_unnamed_0}]
三月 23, 2014 4:24:25 下午 org.openqa.selenium.remote.RemoteWebDriver log
信息: Executed: [910b6fb9-78a8-fe4b-95b2-d66edd6da9be, findElement {using=id, value=mtgt_unnamed_0}]
三月 23, 2014 4:24:25 下午 org.openqa.selenium.remote.RemoteWebDriver log
信息: Executing: isElementDisplayed [910b6fb9-78a8-fe4b-95b2-d66edd6da9be, isElementDisplayed {id={74f4de99-712c-f346-a74a-1e08f061236c}}]
三月 23, 2014 4:24:25 下午 org.openqa.selenium.remote.RemoteWebDriver log
信息: Executed: [910b6fb9-78a8-fe4b-95b2-d66edd6da9be, isElementDisplayed {id={74f4de99-712c-f346-a74a-1e08f061236c}}]
三月 23, 2014 4:24:25 下午 org.openqa.selenium.testing.JUnit4TestBase$1 finished
信息: <<< Finished testCorrectlyDetectMapElementsAreShown(org.openqa.selenium.VisibilityTest)
三月 23, 2014 4:24:25 下午 org.openqa.selenium.testing.JUnit4TestBase$1 starting
信息: >>> Starting parentNodeVisibleWhenAllChildrenAreAbsolutelyPositionedAndOverflowIsHidden(org.openqa.selenium.VisibilityTest)
三月 23, 2014 4:24:25 下午 org.openqa.selenium.remote.RemoteWebDriver log
信息: Executing: get [910b6fb9-78a8-fe4b-95b2-d66edd6da9be, get {url=http://localhost:6461/common/visibility-css.html}]
三月 23, 2014 4:24:26 下午 org.openqa.selenium.remote.RemoteWebDriver log
信息: Executed: [910b6fb9-78a8-fe4b-95b2-d66edd6da9be, get {url=http://localhost:6461/common/visibility-css.html}]
三月 23, 2014 4:24:26 下午 org.openqa.selenium.remote.RemoteWebDriver log
信息: Executing: findElement [910b6fb9-78a8-fe4b-95b2-d66edd6da9be, findElement {using=id, value=suggest}]
三月 23, 2014 4:24:26 下午 org.openqa.selenium.remote.RemoteWebDriver log
信息: Executed: [910b6fb9-78a8-fe4b-95b2-d66edd6da9be, findElement {using=id, value=suggest}]
三月 23, 2014 4:24:26 下午 org.openqa.selenium.remote.RemoteWebDriver log
信息: Executing: isElementDisplayed [910b6fb9-78a8-fe4b-95b2-d66edd6da9be, isElementDisplayed {id={9a5f8e34-e3c9-5e4b-ad5a-3fb4aa9a1e0a}}]
三月 23, 2014 4:24:26 下午 org.openqa.selenium.remote.RemoteWebDriver log
信息: Executed: [910b6fb9-78a8-fe4b-95b2-d66edd6da9be, isElementDisplayed {id={9a5f8e34-e3c9-5e4b-ad5a-3fb4aa9a1e0a}}]
三月 23, 2014 4:24:26 下午 org.openqa.selenium.testing.JUnit4TestBase$1 finished
信息: <<< Finished parentNodeVisibleWhenAllChildrenAreAbsolutelyPositionedAndOverflowIsHidden(org.openqa.selenium.VisibilityTest)
三月 23, 2014 4:24:26 下午 org.openqa.selenium.testing.JUnit4TestBase$1 starting
信息: >>> Starting shouldShowElementNotVisibleWithHiddenAttribute(org.openqa.selenium.VisibilityTest)
三月 23, 2014 4:24:26 下午 org.openqa.selenium.remote.RemoteWebDriver log
信息: Executing: get [910b6fb9-78a8-fe4b-95b2-d66edd6da9be, get {url=http://localhost:6461/common/hidden.html}]
三月 23, 2014 4:24:26 下午 org.openqa.selenium.remote.RemoteWebDriver log
信息: Executed: [910b6fb9-78a8-fe4b-95b2-d66edd6da9be, get {url=http://localhost:6461/common/hidden.html}]
三月 23, 2014 4:24:26 下午 org.openqa.selenium.remote.RemoteWebDriver log
信息: Executing: findElement [910b6fb9-78a8-fe4b-95b2-d66edd6da9be, findElement {using=id, value=singleHidden}]
三月 23, 2014 4:24:26 下午 org.openqa.selenium.remote.RemoteWebDriver log
信息: Executed: [910b6fb9-78a8-fe4b-95b2-d66edd6da9be, findElement {using=id, value=singleHidden}]
三月 23, 2014 4:24:26 下午 org.openqa.selenium.remote.RemoteWebDriver log
信息: Executing: isElementDisplayed [910b6fb9-78a8-fe4b-95b2-d66edd6da9be, isElementDisplayed {id={3356b2cf-954c-b54d-bb67-c8626d355ff5}}]
三月 23, 2014 4:24:26 下午 org.openqa.selenium.remote.RemoteWebDriver log
信息: Executed: [910b6fb9-78a8-fe4b-95b2-d66edd6da9be, isElementDisplayed {id={3356b2cf-954c-b54d-bb67-c8626d355ff5}}]
三月 23, 2014 4:24:26 下午 org.openqa.selenium.testing.JUnit4TestBase$1 finished
信息: <<< Finished shouldShowElementNotVisibleWithHiddenAttribute(org.openqa.selenium.VisibilityTest)
三月 23, 2014 4:24:26 下午 org.openqa.selenium.testing.JUnit4TestBase$1 starting
信息: >>> Starting testElementScrollableByOverflowYIsVisible(org.openqa.selenium.VisibilityTest)
三月 23, 2014 4:24:26 下午 org.openqa.selenium.remote.RemoteWebDriver log
信息: Executing: get [910b6fb9-78a8-fe4b-95b2-d66edd6da9be, get {url=http://localhost:6461/common/overflow/x_hidden_y_scroll.html}]
三月 23, 2014 4:24:26 下午 org.openqa.selenium.remote.RemoteWebDriver log
信息: Executed: [910b6fb9-78a8-fe4b-95b2-d66edd6da9be, get {url=http://localhost:6461/common/overflow/x_hidden_y_scroll.html}]
三月 23, 2014 4:24:26 下午 org.openqa.selenium.remote.RemoteWebDriver log
信息: Executing: findElement [910b6fb9-78a8-fe4b-95b2-d66edd6da9be, findElement {using=id, value=bottom}]
三月 23, 2014 4:24:26 下午 org.openqa.selenium.remote.RemoteWebDriver log
信息: Executed: [910b6fb9-78a8-fe4b-95b2-d66edd6da9be, findElement {using=id, value=bottom}]
三月 23, 2014 4:24:26 下午 org.openqa.selenium.remote.RemoteWebDriver log
信息: Executing: isElementDisplayed [910b6fb9-78a8-fe4b-95b2-d66edd6da9be, isElementDisplayed {id={9f924d26-da11-214e-a5ff-509222518794}}]
三月 23, 2014 4:24:26 下午 org.openqa.selenium.remote.RemoteWebDriver log
信息: Executed: [910b6fb9-78a8-fe4b-95b2-d66edd6da9be, isElementDisplayed {id={9f924d26-da11-214e-a5ff-509222518794}}]
三月 23, 2014 4:24:26 下午 org.openqa.selenium.remote.RemoteWebDriver log
信息: Executing: get [910b6fb9-78a8-fe4b-95b2-d66edd6da9be, get {url=http://localhost:6461/common/overflow/x_scroll_y_scroll.html}]
三月 23, 2014 4:24:26 下午 org.openqa.selenium.remote.RemoteWebDriver log
信息: Executed: [910b6fb9-78a8-fe4b-95b2-d66edd6da9be, get {url=http://localhost:6461/common/overflow/x_scroll_y_scroll.html}]
三月 23, 2014 4:24:26 下午 org.openqa.selenium.remote.RemoteWebDriver log
信息: Executing: findElement [910b6fb9-78a8-fe4b-95b2-d66edd6da9be, findElement {using=id, value=bottom}]
三月 23, 2014 4:24:26 下午 org.openqa.selenium.remote.RemoteWebDriver log
信息: Executed: [910b6fb9-78a8-fe4b-95b2-d66edd6da9be, findElement {using=id, value=bottom}]
三月 23, 2014 4:24:26 下午 org.openqa.selenium.remote.RemoteWebDriver log
信息: Executing: isElementDisplayed [910b6fb9-78a8-fe4b-95b2-d66edd6da9be, isElementDisplayed {id={9d45c038-0048-934b-a85f-a43561d9129d}}]
三月 23, 2014 4:24:26 下午 org.openqa.selenium.remote.RemoteWebDriver log
信息: Executed: [910b6fb9-78a8-fe4b-95b2-d66edd6da9be, isElementDisplayed {id={9d45c038-0048-934b-a85f-a43561d9129d}}]
三月 23, 2014 4:24:26 下午 org.openqa.selenium.remote.RemoteWebDriver log
信息: Executing: get [910b6fb9-78a8-fe4b-95b2-d66edd6da9be, get {url=http://localhost:6461/common/overflow/x_auto_y_scroll.html}]
三月 23, 2014 4:24:26 下午 org.openqa.selenium.remote.RemoteWebDriver log
信息: Executed: [910b6fb9-78a8-fe4b-95b2-d66edd6da9be, get {url=http://localhost:6461/common/overflow/x_auto_y_scroll.html}]
三月 23, 2014 4:24:26 下午 org.openqa.selenium.remote.RemoteWebDriver log
信息: Executing: findElement [910b6fb9-78a8-fe4b-95b2-d66edd6da9be, findElement {using=id, value=bottom}]
三月 23, 2014 4:24:26 下午 org.openqa.selenium.remote.RemoteWebDriver log
信息: Executed: [910b6fb9-78a8-fe4b-95b2-d66edd6da9be, findElement {using=id, value=bottom}]
三月 23, 2014 4:24:26 下午 org.openqa.selenium.remote.RemoteWebDriver log
信息: Executing: isElementDisplayed [910b6fb9-78a8-fe4b-95b2-d66edd6da9be, isElementDisplayed {id={a6e68fa9-2d86-0242-a021-a732b4a090db}}]
三月 23, 2014 4:24:26 下午 org.openqa.selenium.remote.RemoteWebDriver log
信息: Executed: [910b6fb9-78a8-fe4b-95b2-d66edd6da9be, isElementDisplayed {id={a6e68fa9-2d86-0242-a021-a732b4a090db}}]
三月 23, 2014 4:24:26 下午 org.openqa.selenium.remote.RemoteWebDriver log
信息: Executing: get [910b6fb9-78a8-fe4b-95b2-d66edd6da9be, get {url=http://localhost:6461/common/overflow/x_hidden_y_auto.html}]
三月 23, 2014 4:24:26 下午 org.openqa.selenium.remote.RemoteWebDriver log
信息: Executed: [910b6fb9-78a8-fe4b-95b2-d66edd6da9be, get {url=http://localhost:6461/common/overflow/x_hidden_y_auto.html}]
三月 23, 2014 4:24:26 下午 org.openqa.selenium.remote.RemoteWebDriver log
信息: Executing: findElement [910b6fb9-78a8-fe4b-95b2-d66edd6da9be, findElement {using=id, value=bottom}]
三月 23, 2014 4:24:26 下午 org.openqa.selenium.remote.RemoteWebDriver log
信息: Executed: [910b6fb9-78a8-fe4b-95b2-d66edd6da9be, findElement {using=id, value=bottom}]
三月 23, 2014 4:24:26 下午 org.openqa.selenium.remote.RemoteWebDriver log
信息: Executing: isElementDisplayed [910b6fb9-78a8-fe4b-95b2-d66edd6da9be, isElementDisplayed {id={6f35c723-73ac-8143-a316-2ffda1586bb7}}]
三月 23, 2014 4:24:26 下午 org.openqa.selenium.remote.RemoteWebDriver log
信息: Executed: [910b6fb9-78a8-fe4b-95b2-d66edd6da9be, isElementDisplayed {id={6f35c723-73ac-8143-a316-2ffda1586bb7}}]
三月 23, 2014 4:24:26 下午 org.openqa.selenium.remote.RemoteWebDriver log
信息: Executing: get [910b6fb9-78a8-fe4b-95b2-d66edd6da9be, get {url=http://localhost:6461/common/overflow/x_scroll_y_auto.html}]
三月 23, 2014 4:24:26 下午 org.openqa.selenium.remote.RemoteWebDriver log
信息: Executed: [910b6fb9-78a8-fe4b-95b2-d66edd6da9be, get {url=http://localhost:6461/common/overflow/x_scroll_y_auto.html}]
三月 23, 2014 4:24:26 下午 org.openqa.selenium.remote.RemoteWebDriver log
信息: Executing: findElement [910b6fb9-78a8-fe4b-95b2-d66edd6da9be, findElement {using=id, value=bottom}]
三月 23, 2014 4:24:26 下午 org.openqa.selenium.remote.RemoteWebDriver log
信息: Executed: [910b6fb9-78a8-fe4b-95b2-d66edd6da9be, findElement {using=id, value=bottom}]
三月 23, 2014 4:24:26 下午 org.openqa.selenium.remote.RemoteWebDriver log
信息: Executing: isElementDisplayed [910b6fb9-78a8-fe4b-95b2-d66edd6da9be, isElementDisplayed {id={f8883792-5abe-504e-a781-cdb62f5c2680}}]
三月 23, 2014 4:24:26 下午 org.openqa.selenium.remote.RemoteWebDriver log
信息: Executed: [910b6fb9-78a8-fe4b-95b2-d66edd6da9be, isElementDisplayed {id={f8883792-5abe-504e-a781-cdb62f5c2680}}]
三月 23, 2014 4:24:26 下午 org.openqa.selenium.remote.RemoteWebDriver log
信息: Executing: get [910b6fb9-78a8-fe4b-95b2-d66edd6da9be, get {url=http://localhost:6461/common/overflow/x_auto_y_auto.html}]
三月 23, 2014 4:24:26 下午 org.openqa.selenium.remote.RemoteWebDriver log
信息: Executed: [910b6fb9-78a8-fe4b-95b2-d66edd6da9be, get {url=http://localhost:6461/common/overflow/x_auto_y_auto.html}]
三月 23, 2014 4:24:26 下午 org.openqa.selenium.remote.RemoteWebDriver log
信息: Executing: findElement [910b6fb9-78a8-fe4b-95b2-d66edd6da9be, findElement {using=id, value=bottom}]
三月 23, 2014 4:24:26 下午 org.openqa.selenium.remote.RemoteWebDriver log
信息: Executed: [910b6fb9-78a8-fe4b-95b2-d66edd6da9be, findElement {using=id, value=bottom}]
三月 23, 2014 4:24:26 下午 org.openqa.selenium.remote.RemoteWebDriver log
信息: Executing: isElementDisplayed [910b6fb9-78a8-fe4b-95b2-d66edd6da9be, isElementDisplayed {id={5c537c97-f027-2a4c-a39b-950dbfb30e2e}}]
三月 23, 2014 4:24:26 下午 org.openqa.selenium.remote.RemoteWebDriver log
信息: Executed: [910b6fb9-78a8-fe4b-95b2-d66edd6da9be, isElementDisplayed {id={5c537c97-f027-2a4c-a39b-950dbfb30e2e}}]
三月 23, 2014 4:24:26 下午 org.openqa.selenium.testing.JUnit4TestBase$1 finished
信息: <<< Finished testElementScrollableByOverflowYIsVisible(org.openqa.selenium.VisibilityTest)
三月 23, 2014 4:24:26 下午 org.openqa.selenium.testing.JUnit4TestBase$1 starting
信息: >>> Starting testHiddenInputElementsAreNeverVisible(org.openqa.selenium.VisibilityTest)
三月 23, 2014 4:24:26 下午 org.openqa.selenium.remote.RemoteWebDriver log
信息: Executing: get [910b6fb9-78a8-fe4b-95b2-d66edd6da9be, get {url=http://localhost:6461/common/javascriptPage.html}]
三月 23, 2014 4:24:26 下午 org.openqa.selenium.remote.RemoteWebDriver log
信息: Executed: [910b6fb9-78a8-fe4b-95b2-d66edd6da9be, get {url=http://localhost:6461/common/javascriptPage.html}]
三月 23, 2014 4:24:26 下午 org.openqa.selenium.remote.RemoteWebDriver log
信息: Executing: findElement [910b6fb9-78a8-fe4b-95b2-d66edd6da9be, findElement {using=name, value=hidden}]
三月 23, 2014 4:24:26 下午 org.openqa.selenium.remote.RemoteWebDriver log
信息: Executed: [910b6fb9-78a8-fe4b-95b2-d66edd6da9be, findElement {using=name, value=hidden}]
三月 23, 2014 4:24:26 下午 org.openqa.selenium.remote.RemoteWebDriver log
信息: Executing: isElementDisplayed [910b6fb9-78a8-fe4b-95b2-d66edd6da9be, isElementDisplayed {id={2b0fa291-45e4-8b41-992c-80dd795f61d3}}]
三月 23, 2014 4:24:26 下午 org.openqa.selenium.remote.RemoteWebDriver log
信息: Executed: [910b6fb9-78a8-fe4b-95b2-d66edd6da9be, isElementDisplayed {id={2b0fa291-45e4-8b41-992c-80dd795f61d3}}]
三月 23, 2014 4:24:26 下午 org.openqa.selenium.testing.JUnit4TestBase$1 finished
信息: <<< Finished testHiddenInputElementsAreNeverVisible(org.openqa.selenium.VisibilityTest)
三月 23, 2014 4:24:26 下午 org.openqa.selenium.testing.JUnit4TestBase$1 starting
信息: >>> Starting testElementScrollableByOverflowXIsVisible(org.openqa.selenium.VisibilityTest)
三月 23, 2014 4:24:26 下午 org.openqa.selenium.remote.RemoteWebDriver log
信息: Executing: get [910b6fb9-78a8-fe4b-95b2-d66edd6da9be, get {url=http://localhost:6461/common/overflow/x_scroll_y_hidden.html}]
三月 23, 2014 4:24:26 下午 org.openqa.selenium.remote.RemoteWebDriver log
信息: Executed: [910b6fb9-78a8-fe4b-95b2-d66edd6da9be, get {url=http://localhost:6461/common/overflow/x_scroll_y_hidden.html}]
三月 23, 2014 4:24:26 下午 org.openqa.selenium.remote.RemoteWebDriver log
信息: Executing: findElement [910b6fb9-78a8-fe4b-95b2-d66edd6da9be, findElement {using=id, value=right}]
三月 23, 2014 4:24:26 下午 org.openqa.selenium.remote.RemoteWebDriver log
信息: Executed: [910b6fb9-78a8-fe4b-95b2-d66edd6da9be, findElement {using=id, value=right}]
三月 23, 2014 4:24:26 下午 org.openqa.selenium.remote.RemoteWebDriver log
信息: Executing: isElementDisplayed [910b6fb9-78a8-fe4b-95b2-d66edd6da9be, isElementDisplayed {id={99deaf9a-267c-8040-b6a6-2ef749a522cf}}]
三月 23, 2014 4:24:26 下午 org.openqa.selenium.remote.RemoteWebDriver log
信息: Executed: [910b6fb9-78a8-fe4b-95b2-d66edd6da9be, isElementDisplayed {id={99deaf9a-267c-8040-b6a6-2ef749a522cf}}]
三月 23, 2014 4:24:26 下午 org.openqa.selenium.remote.RemoteWebDriver log
信息: Executing: get [910b6fb9-78a8-fe4b-95b2-d66edd6da9be, get {url=http://localhost:6461/common/overflow/x_scroll_y_scroll.html}]
三月 23, 2014 4:24:26 下午 org.openqa.selenium.remote.RemoteWebDriver log
信息: Executed: [910b6fb9-78a8-fe4b-95b2-d66edd6da9be, get {url=http://localhost:6461/common/overflow/x_scroll_y_scroll.html}]
三月 23, 2014 4:24:26 下午 org.openqa.selenium.remote.RemoteWebDriver log
信息: Executing: findElement [910b6fb9-78a8-fe4b-95b2-d66edd6da9be, findElement {using=id, value=right}]
三月 23, 2014 4:24:26 下午 org.openqa.selenium.remote.RemoteWebDriver log
信息: Executed: [910b6fb9-78a8-fe4b-95b2-d66edd6da9be, findElement {using=id, value=right}]
三月 23, 2014 4:24:26 下午 org.openqa.selenium.remote.RemoteWebDriver log
信息: Executing: isElementDisplayed [910b6fb9-78a8-fe4b-95b2-d66edd6da9be, isElementDisplayed {id={784e3d2c-d5cb-ee49-b958-4fa0c51fe48b}}]
三月 23, 2014 4:24:26 下午 org.openqa.selenium.remote.RemoteWebDriver log
信息: Executed: [910b6fb9-78a8-fe4b-95b2-d66edd6da9be, isElementDisplayed {id={784e3d2c-d5cb-ee49-b958-4fa0c51fe48b}}]
三月 23, 2014 4:24:26 下午 org.openqa.selenium.remote.RemoteWebDriver log
信息: Executing: get [910b6fb9-78a8-fe4b-95b2-d66edd6da9be, get {url=http://localhost:6461/common/overflow/x_scroll_y_auto.html}]
三月 23, 2014 4:24:26 下午 org.openqa.selenium.remote.RemoteWebDriver log
信息: Executed: [910b6fb9-78a8-fe4b-95b2-d66edd6da9be, get {url=http://localhost:6461/common/overflow/x_scroll_y_auto.html}]
三月 23, 2014 4:24:26 下午 org.openqa.selenium.remote.RemoteWebDriver log
信息: Executing: findElement [910b6fb9-78a8-fe4b-95b2-d66edd6da9be, findElement {using=id, value=right}]
三月 23, 2014 4:24:26 下午 org.openqa.selenium.remote.RemoteWebDriver log
信息: Executed: [910b6fb9-78a8-fe4b-95b2-d66edd6da9be, findElement {using=id, value=right}]
三月 23, 2014 4:24:26 下午 org.openqa.selenium.remote.RemoteWebDriver log
信息: Executing: isElementDisplayed [910b6fb9-78a8-fe4b-95b2-d66edd6da9be, isElementDisplayed {id={96da819c-19f5-6349-91aa-48e69a915e8f}}]
三月 23, 2014 4:24:26 下午 org.openqa.selenium.remote.RemoteWebDriver log
信息: Executed: [910b6fb9-78a8-fe4b-95b2-d66edd6da9be, isElementDisplayed {id={96da819c-19f5-6349-91aa-48e69a915e8f}}]
三月 23, 2014 4:24:26 下午 org.openqa.selenium.remote.RemoteWebDriver log
信息: Executing: get [910b6fb9-78a8-fe4b-95b2-d66edd6da9be, get {url=http://localhost:6461/common/overflow/x_auto_y_hidden.html}]
三月 23, 2014 4:24:26 下午 org.openqa.selenium.remote.RemoteWebDriver log
信息: Executed: [910b6fb9-78a8-fe4b-95b2-d66edd6da9be, get {url=http://localhost:6461/common/overflow/x_auto_y_hidden.html}]
三月 23, 2014 4:24:26 下午 org.openqa.selenium.remote.RemoteWebDriver log
信息: Executing: findElement [910b6fb9-78a8-fe4b-95b2-d66edd6da9be, findElement {using=id, value=right}]
三月 23, 2014 4:24:26 下午 org.openqa.selenium.remote.RemoteWebDriver log
信息: Executed: [910b6fb9-78a8-fe4b-95b2-d66edd6da9be, findElement {using=id, value=right}]
三月 23, 2014 4:24:26 下午 org.openqa.selenium.remote.RemoteWebDriver log
信息: Executing: isElementDisplayed [910b6fb9-78a8-fe4b-95b2-d66edd6da9be, isElementDisplayed {id={a1001629-21ed-1b44-a5a3-291196f9c063}}]
三月 23, 2014 4:24:26 下午 org.openqa.selenium.remote.RemoteWebDriver log
信息: Executed: [910b6fb9-78a8-fe4b-95b2-d66edd6da9be, isElementDisplayed {id={a1001629-21ed-1b44-a5a3-291196f9c063}}]
三月 23, 2014 4:24:26 下午 org.openqa.selenium.remote.RemoteWebDriver log
信息: Executing: get [910b6fb9-78a8-fe4b-95b2-d66edd6da9be, get {url=http://localhost:6461/common/overflow/x_auto_y_scroll.html}]
三月 23, 2014 4:24:26 下午 org.openqa.selenium.remote.RemoteWebDriver log
信息: Executed: [910b6fb9-78a8-fe4b-95b2-d66edd6da9be, get {url=http://localhost:6461/common/overflow/x_auto_y_scroll.html}]
三月 23, 2014 4:24:26 下午 org.openqa.selenium.remote.RemoteWebDriver log
信息: Executing: findElement [910b6fb9-78a8-fe4b-95b2-d66edd6da9be, findElement {using=id, value=right}]
三月 23, 2014 4:24:26 下午 org.openqa.selenium.remote.RemoteWebDriver log
信息: Executed: [910b6fb9-78a8-fe4b-95b2-d66edd6da9be, findElement {using=id, value=right}]
三月 23, 2014 4:24:26 下午 org.openqa.selenium.remote.RemoteWebDriver log
信息: Executing: isElementDisplayed [910b6fb9-78a8-fe4b-95b2-d66edd6da9be, isElementDisplayed {id={79f759a3-e966-034b-9584-ab3edb5c1752}}]
三月 23, 2014 4:24:26 下午 org.openqa.selenium.remote.RemoteWebDriver log
信息: Executed: [910b6fb9-78a8-fe4b-95b2-d66edd6da9be, isElementDisplayed {id={79f759a3-e966-034b-9584-ab3edb5c1752}}]
三月 23, 2014 4:24:26 下午 org.openqa.selenium.remote.RemoteWebDriver log
信息: Executing: get [910b6fb9-78a8-fe4b-95b2-d66edd6da9be, get {url=http://localhost:6461/common/overflow/x_auto_y_auto.html}]
三月 23, 2014 4:24:27 下午 org.openqa.selenium.remote.RemoteWebDriver log
信息: Executed: [910b6fb9-78a8-fe4b-95b2-d66edd6da9be, get {url=http://localhost:6461/common/overflow/x_auto_y_auto.html}]
三月 23, 2014 4:24:27 下午 org.openqa.selenium.remote.RemoteWebDriver log
信息: Executing: findElement [910b6fb9-78a8-fe4b-95b2-d66edd6da9be, findElement {using=id, value=right}]
三月 23, 2014 4:24:27 下午 org.openqa.selenium.remote.RemoteWebDriver log
信息: Executed: [910b6fb9-78a8-fe4b-95b2-d66edd6da9be, findElement {using=id, value=right}]
三月 23, 2014 4:24:27 下午 org.openqa.selenium.remote.RemoteWebDriver log
信息: Executing: isElementDisplayed [910b6fb9-78a8-fe4b-95b2-d66edd6da9be, isElementDisplayed {id={5bedf428-e002-404e-b509-6704259c2df6}}]
三月 23, 2014 4:24:27 下午 org.openqa.selenium.remote.RemoteWebDriver log
信息: Executed: [910b6fb9-78a8-fe4b-95b2-d66edd6da9be, isElementDisplayed {id={5bedf428-e002-404e-b509-6704259c2df6}}]
三月 23, 2014 4:24:27 下午 org.openqa.selenium.testing.JUnit4TestBase$1 finished
信息: <<< Finished testElementScrollableByOverflowXIsVisible(org.openqa.selenium.VisibilityTest)
三月 23, 2014 4:24:27 下午 org.openqa.selenium.testing.JUnit4TestBase$1 starting
信息: >>> Starting testVisibilityShouldTakeIntoAccountParentVisibility(org.openqa.selenium.VisibilityTest)
三月 23, 2014 4:24:27 下午 org.openqa.selenium.remote.RemoteWebDriver log
信息: Executing: get [910b6fb9-78a8-fe4b-95b2-d66edd6da9be, get {url=http://localhost:6461/common/javascriptPage.html}]
三月 23, 2014 4:24:27 下午 org.openqa.selenium.remote.RemoteWebDriver log
信息: Executed: [910b6fb9-78a8-fe4b-95b2-d66edd6da9be, get {url=http://localhost:6461/common/javascriptPage.html}]
三月 23, 2014 4:24:27 下午 org.openqa.selenium.remote.RemoteWebDriver log
信息: Executing: findElement [910b6fb9-78a8-fe4b-95b2-d66edd6da9be, findElement {using=id, value=hiddenchild}]
三月 23, 2014 4:24:27 下午 org.openqa.selenium.remote.RemoteWebDriver log
信息: Executed: [910b6fb9-78a8-fe4b-95b2-d66edd6da9be, findElement {using=id, value=hiddenchild}]
三月 23, 2014 4:24:27 下午 org.openqa.selenium.remote.RemoteWebDriver log
信息: Executing: findElement [910b6fb9-78a8-fe4b-95b2-d66edd6da9be, findElement {using=id, value=hiddenlink}]
三月 23, 2014 4:24:27 下午 org.openqa.selenium.remote.RemoteWebDriver log
信息: Executed: [910b6fb9-78a8-fe4b-95b2-d66edd6da9be, findElement {using=id, value=hiddenlink}]
三月 23, 2014 4:24:27 下午 org.openqa.selenium.remote.RemoteWebDriver log
信息: Executing: isElementDisplayed [910b6fb9-78a8-fe4b-95b2-d66edd6da9be, isElementDisplayed {id={8db711f6-cfc3-134c-8b37-00ed4a87ec8c}}]
三月 23, 2014 4:24:27 下午 org.openqa.selenium.remote.RemoteWebDriver log
信息: Executed: [910b6fb9-78a8-fe4b-95b2-d66edd6da9be, isElementDisplayed {id={8db711f6-cfc3-134c-8b37-00ed4a87ec8c}}]
三月 23, 2014 4:24:27 下午 org.openqa.selenium.remote.RemoteWebDriver log
信息: Executing: isElementDisplayed [910b6fb9-78a8-fe4b-95b2-d66edd6da9be, isElementDisplayed {id={f25f39fd-3f38-7d45-a562-91e98ef4df85}}]
三月 23, 2014 4:24:27 下午 org.openqa.selenium.remote.RemoteWebDriver log
信息: Executed: [910b6fb9-78a8-fe4b-95b2-d66edd6da9be, isElementDisplayed {id={f25f39fd-3f38-7d45-a562-91e98ef4df85}}]
三月 23, 2014 4:24:27 下午 org.openqa.selenium.testing.JUnit4TestBase$1 finished
信息: <<< Finished testVisibilityShouldTakeIntoAccountParentVisibility(org.openqa.selenium.VisibilityTest)
三月 23, 2014 4:24:27 下午 org.openqa.selenium.testing.JUnit4TestBase$1 starting
信息: >>> Starting testShouldBeAbleToSelectOptionsFromAnInvisibleSelect(org.openqa.selenium.VisibilityTest)
三月 23, 2014 4:24:27 下午 org.openqa.selenium.remote.RemoteWebDriver log
信息: Executing: get [910b6fb9-78a8-fe4b-95b2-d66edd6da9be, get {url=http://localhost:6461/common/formPage.html}]
三月 23, 2014 4:24:27 下午 org.openqa.selenium.remote.RemoteWebDriver log
信息: Executed: [910b6fb9-78a8-fe4b-95b2-d66edd6da9be, get {url=http://localhost:6461/common/formPage.html}]
三月 23, 2014 4:24:27 下午 org.openqa.selenium.remote.RemoteWebDriver log
信息: Executing: findElement [910b6fb9-78a8-fe4b-95b2-d66edd6da9be, findElement {using=id, value=invisi_select}]
三月 23, 2014 4:24:27 下午 org.openqa.selenium.remote.RemoteWebDriver log
信息: Executed: [910b6fb9-78a8-fe4b-95b2-d66edd6da9be, findElement {using=id, value=invisi_select}]
三月 23, 2014 4:24:27 下午 org.openqa.selenium.remote.RemoteWebDriver log
信息: Executing: findChildElements [910b6fb9-78a8-fe4b-95b2-d66edd6da9be, findChildElements {id={a0ac199c-fe5d-a444-a15d-767a2162ca08}, using=tag name, value=option}]
三月 23, 2014 4:24:27 下午 org.openqa.selenium.remote.RemoteWebDriver log
信息: Executed: [910b6fb9-78a8-fe4b-95b2-d66edd6da9be, findChildElements {id={a0ac199c-fe5d-a444-a15d-767a2162ca08}, using=tag name, value=option}]
三月 23, 2014 4:24:27 下午 org.openqa.selenium.remote.RemoteWebDriver log
信息: Executing: isElementSelected [910b6fb9-78a8-fe4b-95b2-d66edd6da9be, isElementSelected {id={13e92b43-73cd-ed4f-b3e9-852519693e0b}}]
三月 23, 2014 4:24:27 下午 org.openqa.selenium.remote.RemoteWebDriver log
信息: Executed: [910b6fb9-78a8-fe4b-95b2-d66edd6da9be, isElementSelected {id={13e92b43-73cd-ed4f-b3e9-852519693e0b}}]
三月 23, 2014 4:24:27 下午 org.openqa.selenium.remote.RemoteWebDriver log
信息: Executing: isElementSelected [910b6fb9-78a8-fe4b-95b2-d66edd6da9be, isElementSelected {id={a474faa9-c446-ca4d-bc19-b5177d3473b7}}]
三月 23, 2014 4:24:27 下午 org.openqa.selenium.remote.RemoteWebDriver log
信息: Executed: [910b6fb9-78a8-fe4b-95b2-d66edd6da9be, isElementSelected {id={a474faa9-c446-ca4d-bc19-b5177d3473b7}}]
三月 23, 2014 4:24:27 下午 org.openqa.selenium.remote.RemoteWebDriver log
信息: Executing: clickElement [910b6fb9-78a8-fe4b-95b2-d66edd6da9be, clickElement {id={a474faa9-c446-ca4d-bc19-b5177d3473b7}}]
三月 23, 2014 4:24:27 下午 org.openqa.selenium.remote.RemoteWebDriver log
信息: Executed: [910b6fb9-78a8-fe4b-95b2-d66edd6da9be, clickElement {id={a474faa9-c446-ca4d-bc19-b5177d3473b7}}]
三月 23, 2014 4:24:27 下午 org.openqa.selenium.remote.RemoteWebDriver log
信息: Executing: isElementSelected [910b6fb9-78a8-fe4b-95b2-d66edd6da9be, isElementSelected {id={13e92b43-73cd-ed4f-b3e9-852519693e0b}}]
三月 23, 2014 4:24:27 下午 org.openqa.selenium.remote.RemoteWebDriver log
信息: Executed: [910b6fb9-78a8-fe4b-95b2-d66edd6da9be, isElementSelected {id={13e92b43-73cd-ed4f-b3e9-852519693e0b}}]
三月 23, 2014 4:24:27 下午 org.openqa.selenium.remote.RemoteWebDriver log
信息: Executing: isElementSelected [910b6fb9-78a8-fe4b-95b2-d66edd6da9be, isElementSelected {id={a474faa9-c446-ca4d-bc19-b5177d3473b7}}]
三月 23, 2014 4:24:27 下午 org.openqa.selenium.remote.RemoteWebDriver log
信息: Executed: [910b6fb9-78a8-fe4b-95b2-d66edd6da9be, isElementSelected {id={a474faa9-c446-ca4d-bc19-b5177d3473b7}}]
三月 23, 2014 4:24:27 下午 org.openqa.selenium.testing.JUnit4TestBase$1 finished
信息: <<< Finished testShouldBeAbleToSelectOptionsFromAnInvisibleSelect(org.openqa.selenium.VisibilityTest)
三月 23, 2014 4:24:27 下午 org.openqa.selenium.testing.JUnit4TestBase$1 starting
信息: >>> Starting testShouldCountElementsAsVisibleIfStylePropertyHasBeenSet(org.openqa.selenium.VisibilityTest)
三月 23, 2014 4:24:27 下午 org.openqa.selenium.remote.RemoteWebDriver log
信息: Executing: get [910b6fb9-78a8-fe4b-95b2-d66edd6da9be, get {url=http://localhost:6461/common/javascriptPage.html}]
三月 23, 2014 4:24:27 下午 org.openqa.selenium.remote.RemoteWebDriver log
信息: Executed: [910b6fb9-78a8-fe4b-95b2-d66edd6da9be, get {url=http://localhost:6461/common/javascriptPage.html}]
三月 23, 2014 4:24:27 下午 org.openqa.selenium.remote.RemoteWebDriver log
信息: Executing: findElement [910b6fb9-78a8-fe4b-95b2-d66edd6da9be, findElement {using=id, value=visibleSubElement}]
三月 23, 2014 4:24:27 下午 org.openqa.selenium.remote.RemoteWebDriver log
信息: Executed: [910b6fb9-78a8-fe4b-95b2-d66edd6da9be, findElement {using=id, value=visibleSubElement}]
三月 23, 2014 4:24:27 下午 org.openqa.selenium.remote.RemoteWebDriver log
信息: Executing: isElementDisplayed [910b6fb9-78a8-fe4b-95b2-d66edd6da9be, isElementDisplayed {id={6ddcf286-bd48-5c4f-b207-161e34ba9f08}}]
三月 23, 2014 4:24:27 下午 org.openqa.selenium.remote.RemoteWebDriver log
信息: Executed: [910b6fb9-78a8-fe4b-95b2-d66edd6da9be, isElementDisplayed {id={6ddcf286-bd48-5c4f-b207-161e34ba9f08}}]
三月 23, 2014 4:24:27 下午 org.openqa.selenium.testing.JUnit4TestBase$1 finished
信息: <<< Finished testShouldCountElementsAsVisibleIfStylePropertyHasBeenSet(org.openqa.selenium.VisibilityTest)
三月 23, 2014 4:24:27 下午 org.openqa.selenium.testing.JUnit4TestBase$1 starting
信息: >>> Starting testShouldBeAbleToClickOnElementsWithOpacityZero(org.openqa.selenium.VisibilityTest)
三月 23, 2014 4:24:27 下午 org.openqa.selenium.remote.RemoteWebDriver log
信息: Executing: get [910b6fb9-78a8-fe4b-95b2-d66edd6da9be, get {url=http://localhost:6461/common/click_jacker.html}]
三月 23, 2014 4:24:27 下午 org.openqa.selenium.remote.RemoteWebDriver log
信息: Executed: [910b6fb9-78a8-fe4b-95b2-d66edd6da9be, get {url=http://localhost:6461/common/click_jacker.html}]
三月 23, 2014 4:24:27 下午 org.openqa.selenium.remote.RemoteWebDriver log
信息: Executing: findElement [910b6fb9-78a8-fe4b-95b2-d66edd6da9be, findElement {using=id, value=clickJacker}]
三月 23, 2014 4:24:27 下午 org.openqa.selenium.remote.RemoteWebDriver log
信息: Executed: [910b6fb9-78a8-fe4b-95b2-d66edd6da9be, findElement {using=id, value=clickJacker}]
三月 23, 2014 4:24:27 下午 org.openqa.selenium.remote.RemoteWebDriver log
信息: Executing: getElementValueOfCssProperty [910b6fb9-78a8-fe4b-95b2-d66edd6da9be, getElementValueOfCssProperty {id={3ce4cdb1-d879-3b4e-a243-cc525bea7935}, propertyName=opacity}]
三月 23, 2014 4:24:27 下午 org.openqa.selenium.remote.RemoteWebDriver log
信息: Executed: [910b6fb9-78a8-fe4b-95b2-d66edd6da9be, getElementValueOfCssProperty {id={3ce4cdb1-d879-3b4e-a243-cc525bea7935}, propertyName=opacity}]
三月 23, 2014 4:24:27 下午 org.openqa.selenium.remote.RemoteWebDriver log
信息: Executing: clickElement [910b6fb9-78a8-fe4b-95b2-d66edd6da9be, clickElement {id={3ce4cdb1-d879-3b4e-a243-cc525bea7935}}]
三月 23, 2014 4:24:27 下午 org.openqa.selenium.remote.RemoteWebDriver log
信息: Executed: [910b6fb9-78a8-fe4b-95b2-d66edd6da9be, clickElement {id={3ce4cdb1-d879-3b4e-a243-cc525bea7935}}]
三月 23, 2014 4:24:27 下午 org.openqa.selenium.remote.RemoteWebDriver log
信息: Executing: getElementValueOfCssProperty [910b6fb9-78a8-fe4b-95b2-d66edd6da9be, getElementValueOfCssProperty {id={3ce4cdb1-d879-3b4e-a243-cc525bea7935}, propertyName=opacity}]
三月 23, 2014 4:24:27 下午 org.openqa.selenium.remote.RemoteWebDriver log
信息: Executed: [910b6fb9-78a8-fe4b-95b2-d66edd6da9be, getElementValueOfCssProperty {id={3ce4cdb1-d879-3b4e-a243-cc525bea7935}, propertyName=opacity}]
三月 23, 2014 4:24:27 下午 org.openqa.selenium.testing.JUnit4TestBase$1 finished
信息: <<< Finished testShouldBeAbleToClickOnElementsWithOpacityZero(org.openqa.selenium.VisibilityTest)
三月 23, 2014 4:24:27 下午 org.openqa.selenium.testing.JUnit4TestBase$1 starting
信息: >>> Starting testShouldNotBeAbleToClickOnAnElementThatIsNotDisplayed(org.openqa.selenium.VisibilityTest)
三月 23, 2014 4:24:27 下午 org.openqa.selenium.remote.RemoteWebDriver log
信息: Executing: get [910b6fb9-78a8-fe4b-95b2-d66edd6da9be, get {url=http://localhost:6461/common/javascriptPage.html}]
三月 23, 2014 4:24:27 下午 org.openqa.selenium.remote.RemoteWebDriver log
信息: Executed: [910b6fb9-78a8-fe4b-95b2-d66edd6da9be, get {url=http://localhost:6461/common/javascriptPage.html}]
三月 23, 2014 4:24:27 下午 org.openqa.selenium.remote.RemoteWebDriver log
信息: Executing: findElement [910b6fb9-78a8-fe4b-95b2-d66edd6da9be, findElement {using=id, value=unclickable}]
三月 23, 2014 4:24:27 下午 org.openqa.selenium.remote.RemoteWebDriver log
信息: Executed: [910b6fb9-78a8-fe4b-95b2-d66edd6da9be, findElement {using=id, value=unclickable}]
三月 23, 2014 4:24:27 下午 org.openqa.selenium.remote.RemoteWebDriver log
信息: Executing: clickElement [910b6fb9-78a8-fe4b-95b2-d66edd6da9be, clickElement {id={0a7b3547-312e-1b4a-a2f4-92e7834ed953}}]
三月 23, 2014 4:24:27 下午 org.openqa.selenium.remote.RemoteWebDriver log
信息: Executed: [910b6fb9-78a8-fe4b-95b2-d66edd6da9be, clickElement {id={0a7b3547-312e-1b4a-a2f4-92e7834ed953}}]
三月 23, 2014 4:24:27 下午 org.openqa.selenium.testing.JUnit4TestBase$1 finished
信息: <<< Finished testShouldNotBeAbleToClickOnAnElementThatIsNotDisplayed(org.openqa.selenium.VisibilityTest)
三月 23, 2014 4:24:27 下午 org.openqa.selenium.testing.JUnit4TestBase$1 starting
信息: >>> Starting testShouldNotBeAbleToTypeAnElementThatIsNotDisplayed(org.openqa.selenium.VisibilityTest)
三月 23, 2014 4:24:27 下午 org.openqa.selenium.remote.RemoteWebDriver log
信息: Executing: get [910b6fb9-78a8-fe4b-95b2-d66edd6da9be, get {url=http://localhost:6461/common/javascriptPage.html}]
三月 23, 2014 4:24:27 下午 org.openqa.selenium.remote.RemoteWebDriver log
信息: Executed: [910b6fb9-78a8-fe4b-95b2-d66edd6da9be, get {url=http://localhost:6461/common/javascriptPage.html}]
三月 23, 2014 4:24:27 下午 org.openqa.selenium.remote.RemoteWebDriver log
信息: Executing: findElement [910b6fb9-78a8-fe4b-95b2-d66edd6da9be, findElement {using=id, value=unclickable}]
三月 23, 2014 4:24:27 下午 org.openqa.selenium.remote.RemoteWebDriver log
信息: Executed: [910b6fb9-78a8-fe4b-95b2-d66edd6da9be, findElement {using=id, value=unclickable}]
三月 23, 2014 4:24:27 下午 org.openqa.selenium.remote.RemoteWebDriver log
信息: Executing: sendKeysToElement [910b6fb9-78a8-fe4b-95b2-d66edd6da9be, sendKeysToElement {id={61e93bca-73f2-3047-81c3-b9192a0c8bf5}, value=[Ljava.lang.CharSequence;@7d6a0cb3}]
三月 23, 2014 4:24:27 下午 org.openqa.selenium.remote.RemoteWebDriver log
信息: Executed: [910b6fb9-78a8-fe4b-95b2-d66edd6da9be, sendKeysToElement {id={61e93bca-73f2-3047-81c3-b9192a0c8bf5}, value=[Ljava.lang.CharSequence;@7d6a0cb3}]
三月 23, 2014 4:24:27 下午 org.openqa.selenium.remote.RemoteWebDriver log
信息: Executing: getElementAttribute [910b6fb9-78a8-fe4b-95b2-d66edd6da9be, getElementAttribute {id={61e93bca-73f2-3047-81c3-b9192a0c8bf5}, name=value}]
三月 23, 2014 4:24:27 下午 org.openqa.selenium.remote.RemoteWebDriver log
信息: Executed: [910b6fb9-78a8-fe4b-95b2-d66edd6da9be, getElementAttribute {id={61e93bca-73f2-3047-81c3-b9192a0c8bf5}, name=value}]
三月 23, 2014 4:24:27 下午 org.openqa.selenium.testing.JUnit4TestBase$1 finished
信息: <<< Finished testShouldNotBeAbleToTypeAnElementThatIsNotDisplayed(org.openqa.selenium.VisibilityTest)
三月 23, 2014 4:24:27 下午 org.openqa.selenium.testing.JUnit4TestBase$1 starting
信息: >>> Starting testElementScrollableByOverflowXAndYIsVisible(org.openqa.selenium.VisibilityTest)
三月 23, 2014 4:24:27 下午 org.openqa.selenium.remote.RemoteWebDriver log
信息: Executing: get [910b6fb9-78a8-fe4b-95b2-d66edd6da9be, get {url=http://localhost:6461/common/overflow/x_scroll_y_scroll.html}]
三月 23, 2014 4:24:27 下午 org.openqa.selenium.remote.RemoteWebDriver log
信息: Executed: [910b6fb9-78a8-fe4b-95b2-d66edd6da9be, get {url=http://localhost:6461/common/overflow/x_scroll_y_scroll.html}]
三月 23, 2014 4:24:27 下午 org.openqa.selenium.remote.RemoteWebDriver log
信息: Executing: findElement [910b6fb9-78a8-fe4b-95b2-d66edd6da9be, findElement {using=id, value=bottom-right}]
三月 23, 2014 4:24:27 下午 org.openqa.selenium.remote.RemoteWebDriver log
信息: Executed: [910b6fb9-78a8-fe4b-95b2-d66edd6da9be, findElement {using=id, value=bottom-right}]
三月 23, 2014 4:24:27 下午 org.openqa.selenium.remote.RemoteWebDriver log
信息: Executing: isElementDisplayed [910b6fb9-78a8-fe4b-95b2-d66edd6da9be, isElementDisplayed {id={53b74bd9-a315-cc43-97bc-08842cb1fc6f}}]
三月 23, 2014 4:24:27 下午 org.openqa.selenium.remote.RemoteWebDriver log
信息: Executed: [910b6fb9-78a8-fe4b-95b2-d66edd6da9be, isElementDisplayed {id={53b74bd9-a315-cc43-97bc-08842cb1fc6f}}]
三月 23, 2014 4:24:27 下午 org.openqa.selenium.remote.RemoteWebDriver log
信息: Executing: get [910b6fb9-78a8-fe4b-95b2-d66edd6da9be, get {url=http://localhost:6461/common/overflow/x_scroll_y_auto.html}]
三月 23, 2014 4:24:27 下午 org.openqa.selenium.remote.RemoteWebDriver log
信息: Executed: [910b6fb9-78a8-fe4b-95b2-d66edd6da9be, get {url=http://localhost:6461/common/overflow/x_scroll_y_auto.html}]
三月 23, 2014 4:24:27 下午 org.openqa.selenium.remote.RemoteWebDriver log
信息: Executing: findElement [910b6fb9-78a8-fe4b-95b2-d66edd6da9be, findElement {using=id, value=bottom-right}]
三月 23, 2014 4:24:27 下午 org.openqa.selenium.remote.RemoteWebDriver log
信息: Executed: [910b6fb9-78a8-fe4b-95b2-d66edd6da9be, findElement {using=id, value=bottom-right}]
三月 23, 2014 4:24:27 下午 org.openqa.selenium.remote.RemoteWebDriver log
信息: Executing: isElementDisplayed [910b6fb9-78a8-fe4b-95b2-d66edd6da9be, isElementDisplayed {id={f98a332d-c57b-7a40-9b72-82d2b105d7d8}}]
三月 23, 2014 4:24:27 下午 org.openqa.selenium.remote.RemoteWebDriver log
信息: Executed: [910b6fb9-78a8-fe4b-95b2-d66edd6da9be, isElementDisplayed {id={f98a332d-c57b-7a40-9b72-82d2b105d7d8}}]
三月 23, 2014 4:24:27 下午 org.openqa.selenium.remote.RemoteWebDriver log
信息: Executing: get [910b6fb9-78a8-fe4b-95b2-d66edd6da9be, get {url=http://localhost:6461/common/overflow/x_auto_y_scroll.html}]
三月 23, 2014 4:24:27 下午 org.openqa.selenium.remote.RemoteWebDriver log
信息: Executed: [910b6fb9-78a8-fe4b-95b2-d66edd6da9be, get {url=http://localhost:6461/common/overflow/x_auto_y_scroll.html}]
三月 23, 2014 4:24:27 下午 org.openqa.selenium.remote.RemoteWebDriver log
信息: Executing: findElement [910b6fb9-78a8-fe4b-95b2-d66edd6da9be, findElement {using=id, value=bottom-right}]
三月 23, 2014 4:24:27 下午 org.openqa.selenium.remote.RemoteWebDriver log
信息: Executed: [910b6fb9-78a8-fe4b-95b2-d66edd6da9be, findElement {using=id, value=bottom-right}]
三月 23, 2014 4:24:27 下午 org.openqa.selenium.remote.RemoteWebDriver log
信息: Executing: isElementDisplayed [910b6fb9-78a8-fe4b-95b2-d66edd6da9be, isElementDisplayed {id={9f367263-8b64-aa4d-9f10-b564151c1de6}}]
三月 23, 2014 4:24:27 下午 org.openqa.selenium.remote.RemoteWebDriver log
信息: Executed: [910b6fb9-78a8-fe4b-95b2-d66edd6da9be, isElementDisplayed {id={9f367263-8b64-aa4d-9f10-b564151c1de6}}]
三月 23, 2014 4:24:27 下午 org.openqa.selenium.remote.RemoteWebDriver log
信息: Executing: get [910b6fb9-78a8-fe4b-95b2-d66edd6da9be, get {url=http://localhost:6461/common/overflow/x_auto_y_auto.html}]
三月 23, 2014 4:24:28 下午 org.openqa.selenium.remote.RemoteWebDriver log
信息: Executed: [910b6fb9-78a8-fe4b-95b2-d66edd6da9be, get {url=http://localhost:6461/common/overflow/x_auto_y_auto.html}]
三月 23, 2014 4:24:28 下午 org.openqa.selenium.remote.RemoteWebDriver log
信息: Executing: findElement [910b6fb9-78a8-fe4b-95b2-d66edd6da9be, findElement {using=id, value=bottom-right}]
三月 23, 2014 4:24:28 下午 org.openqa.selenium.remote.RemoteWebDriver log
信息: Executed: [910b6fb9-78a8-fe4b-95b2-d66edd6da9be, findElement {using=id, value=bottom-right}]
三月 23, 2014 4:24:28 下午 org.openqa.selenium.remote.RemoteWebDriver log
信息: Executing: isElementDisplayed [910b6fb9-78a8-fe4b-95b2-d66edd6da9be, isElementDisplayed {id={958fcc48-95ba-df43-bfbe-f3dda4f430dc}}]
三月 23, 2014 4:24:28 下午 org.openqa.selenium.remote.RemoteWebDriver log
信息: Executed: [910b6fb9-78a8-fe4b-95b2-d66edd6da9be, isElementDisplayed {id={958fcc48-95ba-df43-bfbe-f3dda4f430dc}}]
三月 23, 2014 4:24:28 下午 org.openqa.selenium.testing.JUnit4TestBase$1 finished
信息: <<< Finished testElementScrollableByOverflowXAndYIsVisible(org.openqa.selenium.VisibilityTest)
三月 23, 2014 4:24:28 下午 org.openqa.selenium.testing.JUnit4TestBase$1 starting
信息: >>> Starting testElementHiddenByOverflowYIsNotVisible(org.openqa.selenium.VisibilityTest)
三月 23, 2014 4:24:28 下午 org.openqa.selenium.remote.RemoteWebDriver log
信息: Executing: get [910b6fb9-78a8-fe4b-95b2-d66edd6da9be, get {url=http://localhost:6461/common/overflow/x_hidden_y_hidden.html}]
三月 23, 2014 4:24:28 下午 org.openqa.selenium.remote.RemoteWebDriver log
信息: Executed: [910b6fb9-78a8-fe4b-95b2-d66edd6da9be, get {url=http://localhost:6461/common/overflow/x_hidden_y_hidden.html}]
三月 23, 2014 4:24:28 下午 org.openqa.selenium.remote.RemoteWebDriver log
信息: Executing: findElement [910b6fb9-78a8-fe4b-95b2-d66edd6da9be, findElement {using=id, value=bottom}]
三月 23, 2014 4:24:28 下午 org.openqa.selenium.remote.RemoteWebDriver log
信息: Executed: [910b6fb9-78a8-fe4b-95b2-d66edd6da9be, findElement {using=id, value=bottom}]
三月 23, 2014 4:24:28 下午 org.openqa.selenium.remote.RemoteWebDriver log
信息: Executing: isElementDisplayed [910b6fb9-78a8-fe4b-95b2-d66edd6da9be, isElementDisplayed {id={1b371d3d-feb7-0143-9a34-88adcdf39a8b}}]
三月 23, 2014 4:24:28 下午 org.openqa.selenium.remote.RemoteWebDriver log
信息: Executed: [910b6fb9-78a8-fe4b-95b2-d66edd6da9be, isElementDisplayed {id={1b371d3d-feb7-0143-9a34-88adcdf39a8b}}]
三月 23, 2014 4:24:28 下午 org.openqa.selenium.remote.RemoteWebDriver log
信息: Executing: findElement [910b6fb9-78a8-fe4b-95b2-d66edd6da9be, findElement {using=id, value=bottom-right}]
三月 23, 2014 4:24:28 下午 org.openqa.selenium.remote.RemoteWebDriver log
信息: Executed: [910b6fb9-78a8-fe4b-95b2-d66edd6da9be, findElement {using=id, value=bottom-right}]
三月 23, 2014 4:24:28 下午 org.openqa.selenium.remote.RemoteWebDriver log
信息: Executing: isElementDisplayed [910b6fb9-78a8-fe4b-95b2-d66edd6da9be, isElementDisplayed {id={5c06bf87-d130-114d-989c-6d809fa607ef}}]
三月 23, 2014 4:24:28 下午 org.openqa.selenium.remote.RemoteWebDriver log
信息: Executed: [910b6fb9-78a8-fe4b-95b2-d66edd6da9be, isElementDisplayed {id={5c06bf87-d130-114d-989c-6d809fa607ef}}]
三月 23, 2014 4:24:28 下午 org.openqa.selenium.remote.RemoteWebDriver log
信息: Executing: get [910b6fb9-78a8-fe4b-95b2-d66edd6da9be, get {url=http://localhost:6461/common/overflow/x_scroll_y_hidden.html}]
三月 23, 2014 4:24:28 下午 org.openqa.selenium.remote.RemoteWebDriver log
信息: Executed: [910b6fb9-78a8-fe4b-95b2-d66edd6da9be, get {url=http://localhost:6461/common/overflow/x_scroll_y_hidden.html}]
三月 23, 2014 4:24:28 下午 org.openqa.selenium.remote.RemoteWebDriver log
信息: Executing: findElement [910b6fb9-78a8-fe4b-95b2-d66edd6da9be, findElement {using=id, value=bottom}]
三月 23, 2014 4:24:28 下午 org.openqa.selenium.remote.RemoteWebDriver log
信息: Executed: [910b6fb9-78a8-fe4b-95b2-d66edd6da9be, findElement {using=id, value=bottom}]
三月 23, 2014 4:24:28 下午 org.openqa.selenium.remote.RemoteWebDriver log
信息: Executing: isElementDisplayed [910b6fb9-78a8-fe4b-95b2-d66edd6da9be, isElementDisplayed {id={956416c8-b6f2-fb47-93ae-383318f52134}}]
三月 23, 2014 4:24:28 下午 org.openqa.selenium.remote.RemoteWebDriver log
信息: Executed: [910b6fb9-78a8-fe4b-95b2-d66edd6da9be, isElementDisplayed {id={956416c8-b6f2-fb47-93ae-383318f52134}}]
三月 23, 2014 4:24:28 下午 org.openqa.selenium.remote.RemoteWebDriver log
信息: Executing: findElement [910b6fb9-78a8-fe4b-95b2-d66edd6da9be, findElement {using=id, value=bottom-right}]
三月 23, 2014 4:24:28 下午 org.openqa.selenium.remote.RemoteWebDriver log
信息: Executed: [910b6fb9-78a8-fe4b-95b2-d66edd6da9be, findElement {using=id, value=bottom-right}]
三月 23, 2014 4:24:28 下午 org.openqa.selenium.remote.RemoteWebDriver log
信息: Executing: isElementDisplayed [910b6fb9-78a8-fe4b-95b2-d66edd6da9be, isElementDisplayed {id={fd2d8c40-661a-9c47-9632-7b7c16f923f8}}]
三月 23, 2014 4:24:28 下午 org.openqa.selenium.remote.RemoteWebDriver log
信息: Executed: [910b6fb9-78a8-fe4b-95b2-d66edd6da9be, isElementDisplayed {id={fd2d8c40-661a-9c47-9632-7b7c16f923f8}}]
三月 23, 2014 4:24:28 下午 org.openqa.selenium.remote.RemoteWebDriver log
信息: Executing: get [910b6fb9-78a8-fe4b-95b2-d66edd6da9be, get {url=http://localhost:6461/common/overflow/x_auto_y_hidden.html}]
三月 23, 2014 4:24:28 下午 org.openqa.selenium.remote.RemoteWebDriver log
信息: Executed: [910b6fb9-78a8-fe4b-95b2-d66edd6da9be, get {url=http://localhost:6461/common/overflow/x_auto_y_hidden.html}]
三月 23, 2014 4:24:28 下午 org.openqa.selenium.remote.RemoteWebDriver log
信息: Executing: findElement [910b6fb9-78a8-fe4b-95b2-d66edd6da9be, findElement {using=id, value=bottom}]
三月 23, 2014 4:24:28 下午 org.openqa.selenium.remote.RemoteWebDriver log
信息: Executed: [910b6fb9-78a8-fe4b-95b2-d66edd6da9be, findElement {using=id, value=bottom}]
三月 23, 2014 4:24:28 下午 org.openqa.selenium.remote.RemoteWebDriver log
信息: Executing: isElementDisplayed [910b6fb9-78a8-fe4b-95b2-d66edd6da9be, isElementDisplayed {id={6d6c5953-dee0-7d4c-94ef-955bfdaea1cf}}]
三月 23, 2014 4:24:28 下午 org.openqa.selenium.remote.RemoteWebDriver log
信息: Executed: [910b6fb9-78a8-fe4b-95b2-d66edd6da9be, isElementDisplayed {id={6d6c5953-dee0-7d4c-94ef-955bfdaea1cf}}]
三月 23, 2014 4:24:28 下午 org.openqa.selenium.remote.RemoteWebDriver log
信息: Executing: findElement [910b6fb9-78a8-fe4b-95b2-d66edd6da9be, findElement {using=id, value=bottom-right}]
三月 23, 2014 4:24:28 下午 org.openqa.selenium.remote.RemoteWebDriver log
信息: Executed: [910b6fb9-78a8-fe4b-95b2-d66edd6da9be, findElement {using=id, value=bottom-right}]
三月 23, 2014 4:24:28 下午 org.openqa.selenium.remote.RemoteWebDriver log
信息: Executing: isElementDisplayed [910b6fb9-78a8-fe4b-95b2-d66edd6da9be, isElementDisplayed {id={c352dfc3-d459-2c48-9fca-de8d6f7d5265}}]
三月 23, 2014 4:24:28 下午 org.openqa.selenium.remote.RemoteWebDriver log
信息: Executed: [910b6fb9-78a8-fe4b-95b2-d66edd6da9be, isElementDisplayed {id={c352dfc3-d459-2c48-9fca-de8d6f7d5265}}]
三月 23, 2014 4:24:28 下午 org.openqa.selenium.testing.JUnit4TestBase$1 finished
信息: <<< Finished testElementHiddenByOverflowYIsNotVisible(org.openqa.selenium.VisibilityTest)
三月 23, 2014 4:24:28 下午 org.openqa.selenium.testing.JUnit4TestBase$1 starting
信息: >>> Starting testZeroSizedDivIsShownIfDescendantHasSize(org.openqa.selenium.VisibilityTest)
三月 23, 2014 4:24:28 下午 org.openqa.selenium.remote.RemoteWebDriver log
信息: Executing: get [910b6fb9-78a8-fe4b-95b2-d66edd6da9be, get {url=http://localhost:6461/common/javascriptPage.html}]
三月 23, 2014 4:24:28 下午 org.openqa.selenium.remote.RemoteWebDriver log
信息: Executed: [910b6fb9-78a8-fe4b-95b2-d66edd6da9be, get {url=http://localhost:6461/common/javascriptPage.html}]
三月 23, 2014 4:24:28 下午 org.openqa.selenium.remote.RemoteWebDriver log
信息: Executing: findElement [910b6fb9-78a8-fe4b-95b2-d66edd6da9be, findElement {using=id, value=zero}]
三月 23, 2014 4:24:28 下午 org.openqa.selenium.remote.RemoteWebDriver log
信息: Executed: [910b6fb9-78a8-fe4b-95b2-d66edd6da9be, findElement {using=id, value=zero}]
三月 23, 2014 4:24:28 下午 org.openqa.selenium.remote.RemoteWebDriver log
信息: Executing: getElementSize [910b6fb9-78a8-fe4b-95b2-d66edd6da9be, getElementSize {id={55b37f26-ec1f-6843-9b1d-4a4ca36cf4cb}}]
三月 23, 2014 4:24:28 下午 org.openqa.selenium.remote.RemoteWebDriver log
信息: Executed: [910b6fb9-78a8-fe4b-95b2-d66edd6da9be, getElementSize {id={55b37f26-ec1f-6843-9b1d-4a4ca36cf4cb}}]
三月 23, 2014 4:24:28 下午 org.openqa.selenium.remote.RemoteWebDriver log
信息: Executing: isElementDisplayed [910b6fb9-78a8-fe4b-95b2-d66edd6da9be, isElementDisplayed {id={55b37f26-ec1f-6843-9b1d-4a4ca36cf4cb}}]
三月 23, 2014 4:24:28 下午 org.openqa.selenium.remote.RemoteWebDriver log
信息: Executed: [910b6fb9-78a8-fe4b-95b2-d66edd6da9be, isElementDisplayed {id={55b37f26-ec1f-6843-9b1d-4a4ca36cf4cb}}]
三月 23, 2014 4:24:28 下午 org.openqa.selenium.testing.JUnit4TestBase$1 finished
信息: <<< Finished testZeroSizedDivIsShownIfDescendantHasSize(org.openqa.selenium.VisibilityTest)
三月 23, 2014 4:24:28 下午 org.openqa.selenium.testing.JUnit4TestBase$1 starting
信息: >>> Starting testShouldAllowTheUserToTellIfAnElementIsDisplayedOrNot(org.openqa.selenium.VisibilityTest)
三月 23, 2014 4:24:28 下午 org.openqa.selenium.remote.RemoteWebDriver log
信息: Executing: get [910b6fb9-78a8-fe4b-95b2-d66edd6da9be, get {url=http://localhost:6461/common/javascriptPage.html}]
三月 23, 2014 4:24:28 下午 org.openqa.selenium.remote.RemoteWebDriver log
信息: Executed: [910b6fb9-78a8-fe4b-95b2-d66edd6da9be, get {url=http://localhost:6461/common/javascriptPage.html}]
三月 23, 2014 4:24:28 下午 org.openqa.selenium.remote.RemoteWebDriver log
信息: Executing: findElement [910b6fb9-78a8-fe4b-95b2-d66edd6da9be, findElement {using=id, value=displayed}]
三月 23, 2014 4:24:28 下午 org.openqa.selenium.remote.RemoteWebDriver log
信息: Executed: [910b6fb9-78a8-fe4b-95b2-d66edd6da9be, findElement {using=id, value=displayed}]
三月 23, 2014 4:24:28 下午 org.openqa.selenium.remote.RemoteWebDriver log
信息: Executing: isElementDisplayed [910b6fb9-78a8-fe4b-95b2-d66edd6da9be, isElementDisplayed {id={12b53f5b-f2b6-b24c-95db-dbbbe4f2bb02}}]
三月 23, 2014 4:24:28 下午 org.openqa.selenium.remote.RemoteWebDriver log
信息: Executed: [910b6fb9-78a8-fe4b-95b2-d66edd6da9be, isElementDisplayed {id={12b53f5b-f2b6-b24c-95db-dbbbe4f2bb02}}]
三月 23, 2014 4:24:28 下午 org.openqa.selenium.remote.RemoteWebDriver log
信息: Executing: findElement [910b6fb9-78a8-fe4b-95b2-d66edd6da9be, findElement {using=id, value=none}]
三月 23, 2014 4:24:28 下午 org.openqa.selenium.remote.RemoteWebDriver log
信息: Executed: [910b6fb9-78a8-fe4b-95b2-d66edd6da9be, findElement {using=id, value=none}]
三月 23, 2014 4:24:28 下午 org.openqa.selenium.remote.RemoteWebDriver log
信息: Executing: isElementDisplayed [910b6fb9-78a8-fe4b-95b2-d66edd6da9be, isElementDisplayed {id={37f2ba0b-6146-ac45-9d68-9197c1f111e1}}]
三月 23, 2014 4:24:28 下午 org.openqa.selenium.remote.RemoteWebDriver log
信息: Executed: [910b6fb9-78a8-fe4b-95b2-d66edd6da9be, isElementDisplayed {id={37f2ba0b-6146-ac45-9d68-9197c1f111e1}}]
三月 23, 2014 4:24:28 下午 org.openqa.selenium.remote.RemoteWebDriver log
信息: Executing: findElement [910b6fb9-78a8-fe4b-95b2-d66edd6da9be, findElement {using=id, value=suppressedParagraph}]
三月 23, 2014 4:24:28 下午 org.openqa.selenium.remote.RemoteWebDriver log
信息: Executed: [910b6fb9-78a8-fe4b-95b2-d66edd6da9be, findElement {using=id, value=suppressedParagraph}]
三月 23, 2014 4:24:28 下午 org.openqa.selenium.remote.RemoteWebDriver log
信息: Executing: isElementDisplayed [910b6fb9-78a8-fe4b-95b2-d66edd6da9be, isElementDisplayed {id={3c1ff9aa-775b-f848-8e3d-91d5de8cab10}}]
三月 23, 2014 4:24:28 下午 org.openqa.selenium.remote.RemoteWebDriver log
信息: Executed: [910b6fb9-78a8-fe4b-95b2-d66edd6da9be, isElementDisplayed {id={3c1ff9aa-775b-f848-8e3d-91d5de8cab10}}]
三月 23, 2014 4:24:28 下午 org.openqa.selenium.remote.RemoteWebDriver log
信息: Executing: findElement [910b6fb9-78a8-fe4b-95b2-d66edd6da9be, findElement {using=id, value=hidden}]
三月 23, 2014 4:24:28 下午 org.openqa.selenium.remote.RemoteWebDriver log
信息: Executed: [910b6fb9-78a8-fe4b-95b2-d66edd6da9be, findElement {using=id, value=hidden}]
三月 23, 2014 4:24:28 下午 org.openqa.selenium.remote.RemoteWebDriver log
信息: Executing: isElementDisplayed [910b6fb9-78a8-fe4b-95b2-d66edd6da9be, isElementDisplayed {id={7febb7c7-1173-414b-8158-dbeebf054a7c}}]
三月 23, 2014 4:24:28 下午 org.openqa.selenium.remote.RemoteWebDriver log
信息: Executed: [910b6fb9-78a8-fe4b-95b2-d66edd6da9be, isElementDisplayed {id={7febb7c7-1173-414b-8158-dbeebf054a7c}}]
三月 23, 2014 4:24:28 下午 org.openqa.selenium.testing.JUnit4TestBase$1 finished
信息: <<< Finished testShouldAllowTheUserToTellIfAnElementIsDisplayedOrNot(org.openqa.selenium.VisibilityTest)
三月 23, 2014 4:24:28 下午 org.openqa.selenium.testing.JUnit4TestBase$1 starting
信息: >>> Starting testElementHiddenByOverflowXIsNotVisible(org.openqa.selenium.VisibilityTest)
三月 23, 2014 4:24:28 下午 org.openqa.selenium.remote.RemoteWebDriver log
信息: Executing: get [910b6fb9-78a8-fe4b-95b2-d66edd6da9be, get {url=http://localhost:6461/common/overflow/x_hidden_y_hidden.html}]
三月 23, 2014 4:24:28 下午 org.openqa.selenium.remote.RemoteWebDriver log
信息: Executed: [910b6fb9-78a8-fe4b-95b2-d66edd6da9be, get {url=http://localhost:6461/common/overflow/x_hidden_y_hidden.html}]
三月 23, 2014 4:24:28 下午 org.openqa.selenium.remote.RemoteWebDriver log
信息: Executing: findElement [910b6fb9-78a8-fe4b-95b2-d66edd6da9be, findElement {using=id, value=right}]
三月 23, 2014 4:24:28 下午 org.openqa.selenium.remote.RemoteWebDriver log
信息: Executed: [910b6fb9-78a8-fe4b-95b2-d66edd6da9be, findElement {using=id, value=right}]
三月 23, 2014 4:24:28 下午 org.openqa.selenium.remote.RemoteWebDriver log
信息: Executing: isElementDisplayed [910b6fb9-78a8-fe4b-95b2-d66edd6da9be, isElementDisplayed {id={d5e8a51b-1f73-3043-80e9-184d0633650a}}]
三月 23, 2014 4:24:28 下午 org.openqa.selenium.remote.RemoteWebDriver log
信息: Executed: [910b6fb9-78a8-fe4b-95b2-d66edd6da9be, isElementDisplayed {id={d5e8a51b-1f73-3043-80e9-184d0633650a}}]
三月 23, 2014 4:24:28 下午 org.openqa.selenium.remote.RemoteWebDriver log
信息: Executing: findElement [910b6fb9-78a8-fe4b-95b2-d66edd6da9be, findElement {using=id, value=bottom-right}]
三月 23, 2014 4:24:28 下午 org.openqa.selenium.remote.RemoteWebDriver log
信息: Executed: [910b6fb9-78a8-fe4b-95b2-d66edd6da9be, findElement {using=id, value=bottom-right}]
三月 23, 2014 4:24:28 下午 org.openqa.selenium.remote.RemoteWebDriver log
信息: Executing: isElementDisplayed [910b6fb9-78a8-fe4b-95b2-d66edd6da9be, isElementDisplayed {id={7e6de1f2-be93-d648-a7f9-df90eb38e7c4}}]
三月 23, 2014 4:24:28 下午 org.openqa.selenium.remote.RemoteWebDriver log
信息: Executed: [910b6fb9-78a8-fe4b-95b2-d66edd6da9be, isElementDisplayed {id={7e6de1f2-be93-d648-a7f9-df90eb38e7c4}}]
三月 23, 2014 4:24:28 下午 org.openqa.selenium.remote.RemoteWebDriver log
信息: Executing: get [910b6fb9-78a8-fe4b-95b2-d66edd6da9be, get {url=http://localhost:6461/common/overflow/x_hidden_y_scroll.html}]
三月 23, 2014 4:24:28 下午 org.openqa.selenium.remote.RemoteWebDriver log
信息: Executed: [910b6fb9-78a8-fe4b-95b2-d66edd6da9be, get {url=http://localhost:6461/common/overflow/x_hidden_y_scroll.html}]
三月 23, 2014 4:24:28 下午 org.openqa.selenium.remote.RemoteWebDriver log
信息: Executing: findElement [910b6fb9-78a8-fe4b-95b2-d66edd6da9be, findElement {using=id, value=right}]
三月 23, 2014 4:24:28 下午 org.openqa.selenium.remote.RemoteWebDriver log
信息: Executed: [910b6fb9-78a8-fe4b-95b2-d66edd6da9be, findElement {using=id, value=right}]
三月 23, 2014 4:24:28 下午 org.openqa.selenium.remote.RemoteWebDriver log
信息: Executing: isElementDisplayed [910b6fb9-78a8-fe4b-95b2-d66edd6da9be, isElementDisplayed {id={71017a98-31b5-c14b-8aee-449dc2388a8b}}]
三月 23, 2014 4:24:28 下午 org.openqa.selenium.remote.RemoteWebDriver log
信息: Executed: [910b6fb9-78a8-fe4b-95b2-d66edd6da9be, isElementDisplayed {id={71017a98-31b5-c14b-8aee-449dc2388a8b}}]
三月 23, 2014 4:24:28 下午 org.openqa.selenium.remote.RemoteWebDriver log
信息: Executing: findElement [910b6fb9-78a8-fe4b-95b2-d66edd6da9be, findElement {using=id, value=bottom-right}]
三月 23, 2014 4:24:28 下午 org.openqa.selenium.remote.RemoteWebDriver log
信息: Executed: [910b6fb9-78a8-fe4b-95b2-d66edd6da9be, findElement {using=id, value=bottom-right}]
三月 23, 2014 4:24:28 下午 org.openqa.selenium.remote.RemoteWebDriver log
信息: Executing: isElementDisplayed [910b6fb9-78a8-fe4b-95b2-d66edd6da9be, isElementDisplayed {id={b643a99a-85c8-6945-b71b-2be78a804a77}}]
三月 23, 2014 4:24:28 下午 org.openqa.selenium.remote.RemoteWebDriver log
信息: Executed: [910b6fb9-78a8-fe4b-95b2-d66edd6da9be, isElementDisplayed {id={b643a99a-85c8-6945-b71b-2be78a804a77}}]
三月 23, 2014 4:24:28 下午 org.openqa.selenium.remote.RemoteWebDriver log
信息: Executing: get [910b6fb9-78a8-fe4b-95b2-d66edd6da9be, get {url=http://localhost:6461/common/overflow/x_hidden_y_auto.html}]
三月 23, 2014 4:24:28 下午 org.openqa.selenium.remote.RemoteWebDriver log
信息: Executed: [910b6fb9-78a8-fe4b-95b2-d66edd6da9be, get {url=http://localhost:6461/common/overflow/x_hidden_y_auto.html}]
三月 23, 2014 4:24:28 下午 org.openqa.selenium.remote.RemoteWebDriver log
信息: Executing: findElement [910b6fb9-78a8-fe4b-95b2-d66edd6da9be, findElement {using=id, value=right}]
三月 23, 2014 4:24:28 下午 org.openqa.selenium.remote.RemoteWebDriver log
信息: Executed: [910b6fb9-78a8-fe4b-95b2-d66edd6da9be, findElement {using=id, value=right}]
三月 23, 2014 4:24:28 下午 org.openqa.selenium.remote.RemoteWebDriver log
信息: Executing: isElementDisplayed [910b6fb9-78a8-fe4b-95b2-d66edd6da9be, isElementDisplayed {id={1b33ae79-35fb-4047-9ac8-73921a4e9b95}}]
三月 23, 2014 4:24:28 下午 org.openqa.selenium.remote.RemoteWebDriver log
信息: Executed: [910b6fb9-78a8-fe4b-95b2-d66edd6da9be, isElementDisplayed {id={1b33ae79-35fb-4047-9ac8-73921a4e9b95}}]
三月 23, 2014 4:24:28 下午 org.openqa.selenium.remote.RemoteWebDriver log
信息: Executing: findElement [910b6fb9-78a8-fe4b-95b2-d66edd6da9be, findElement {using=id, value=bottom-right}]
三月 23, 2014 4:24:28 下午 org.openqa.selenium.remote.RemoteWebDriver log
信息: Executed: [910b6fb9-78a8-fe4b-95b2-d66edd6da9be, findElement {using=id, value=bottom-right}]
三月 23, 2014 4:24:28 下午 org.openqa.selenium.remote.RemoteWebDriver log
信息: Executing: isElementDisplayed [910b6fb9-78a8-fe4b-95b2-d66edd6da9be, isElementDisplayed {id={9b46e994-1133-c546-99bf-b43d00755ccf}}]
三月 23, 2014 4:24:28 下午 org.openqa.selenium.remote.RemoteWebDriver log
信息: Executed: [910b6fb9-78a8-fe4b-95b2-d66edd6da9be, isElementDisplayed {id={9b46e994-1133-c546-99bf-b43d00755ccf}}]
三月 23, 2014 4:24:28 下午 org.openqa.selenium.testing.JUnit4TestBase$1 finished
信息: <<< Finished testElementHiddenByOverflowXIsNotVisible(org.openqa.selenium.VisibilityTest)
三月 23, 2014 4:24:28 下午 org.openqa.selenium.testing.JUnit4TestBase$1 starting
信息: >>> Starting tooSmallAWindowWithOverflowHiddenIsNotAProblem(org.openqa.selenium.VisibilityTest)
三月 23, 2014 4:24:28 下午 org.openqa.selenium.remote.RemoteWebDriver log
信息: Executing: getWindowSize [910b6fb9-78a8-fe4b-95b2-d66edd6da9be, getWindowSize {windowHandle=current}]
三月 23, 2014 4:24:28 下午 org.openqa.selenium.remote.RemoteWebDriver log
信息: Executed: [910b6fb9-78a8-fe4b-95b2-d66edd6da9be, getWindowSize {windowHandle=current}]
三月 23, 2014 4:24:28 下午 org.openqa.selenium.remote.RemoteWebDriver log
信息: Executing: setWindowSize [910b6fb9-78a8-fe4b-95b2-d66edd6da9be, setWindowSize {windowHandle=current, width=1024, height=500}]
三月 23, 2014 4:24:28 下午 org.openqa.selenium.remote.RemoteWebDriver log
信息: Executed: [910b6fb9-78a8-fe4b-95b2-d66edd6da9be, setWindowSize {windowHandle=current, width=1024, height=500}]
三月 23, 2014 4:24:28 下午 org.openqa.selenium.remote.RemoteWebDriver log
信息: Executing: get [910b6fb9-78a8-fe4b-95b2-d66edd6da9be, get {url=http://localhost:6461/common/overflow-body.html}]
三月 23, 2014 4:24:28 下午 org.openqa.selenium.remote.RemoteWebDriver log
信息: Executed: [910b6fb9-78a8-fe4b-95b2-d66edd6da9be, get {url=http://localhost:6461/common/overflow-body.html}]
三月 23, 2014 4:24:28 下午 org.openqa.selenium.remote.RemoteWebDriver log
信息: Executing: findElement [910b6fb9-78a8-fe4b-95b2-d66edd6da9be, findElement {using=name, value=resultsFrame}]
三月 23, 2014 4:24:28 下午 org.openqa.selenium.remote.RemoteWebDriver log
信息: Executed: [910b6fb9-78a8-fe4b-95b2-d66edd6da9be, findElement {using=name, value=resultsFrame}]
三月 23, 2014 4:24:28 下午 org.openqa.selenium.remote.RemoteWebDriver log
信息: Executing: isElementDisplayed [910b6fb9-78a8-fe4b-95b2-d66edd6da9be, isElementDisplayed {id={4c636f18-6c8e-f74e-b322-7904e15c23ee}}]
三月 23, 2014 4:24:28 下午 org.openqa.selenium.remote.RemoteWebDriver log
信息: Executed: [910b6fb9-78a8-fe4b-95b2-d66edd6da9be, isElementDisplayed {id={4c636f18-6c8e-f74e-b322-7904e15c23ee}}]
三月 23, 2014 4:24:28 下午 org.openqa.selenium.remote.RemoteWebDriver log
信息: Executing: setWindowSize [910b6fb9-78a8-fe4b-95b2-d66edd6da9be, setWindowSize {windowHandle=current, width=960, height=542}]
三月 23, 2014 4:24:28 下午 org.openqa.selenium.remote.RemoteWebDriver log
信息: Executed: [910b6fb9-78a8-fe4b-95b2-d66edd6da9be, setWindowSize {windowHandle=current, width=960, height=542}]
三月 23, 2014 4:24:28 下午 org.openqa.selenium.testing.JUnit4TestBase$1 finished
信息: <<< Finished tooSmallAWindowWithOverflowHiddenIsNotAProblem(org.openqa.selenium.VisibilityTest)
三月 23, 2014 4:24:28 下午 org.openqa.selenium.testing.JUnit4TestBase$1 starting
信息: >>> Starting testShouldShowElementNotVisibleWhenParentElementHasHiddenAttribute(org.openqa.selenium.VisibilityTest)
三月 23, 2014 4:24:28 下午 org.openqa.selenium.remote.RemoteWebDriver log
信息: Executing: get [910b6fb9-78a8-fe4b-95b2-d66edd6da9be, get {url=http://localhost:6461/common/hidden.html}]
三月 23, 2014 4:24:29 下午 org.openqa.selenium.remote.RemoteWebDriver log
信息: Executed: [910b6fb9-78a8-fe4b-95b2-d66edd6da9be, get {url=http://localhost:6461/common/hidden.html}]
三月 23, 2014 4:24:29 下午 org.openqa.selenium.remote.RemoteWebDriver log
信息: Executing: findElement [910b6fb9-78a8-fe4b-95b2-d66edd6da9be, findElement {using=id, value=child}]
三月 23, 2014 4:24:29 下午 org.openqa.selenium.remote.RemoteWebDriver log
信息: Executed: [910b6fb9-78a8-fe4b-95b2-d66edd6da9be, findElement {using=id, value=child}]
三月 23, 2014 4:24:29 下午 org.openqa.selenium.remote.RemoteWebDriver log
信息: Executing: isElementDisplayed [910b6fb9-78a8-fe4b-95b2-d66edd6da9be, isElementDisplayed {id={a49852fc-f11e-e748-9248-ed728dacd08e}}]
三月 23, 2014 4:24:29 下午 org.openqa.selenium.remote.RemoteWebDriver log
信息: Executed: [910b6fb9-78a8-fe4b-95b2-d66edd6da9be, isElementDisplayed {id={a49852fc-f11e-e748-9248-ed728dacd08e}}]
三月 23, 2014 4:24:29 下午 org.openqa.selenium.testing.JUnit4TestBase$1 finished
信息: <<< Finished testShouldShowElementNotVisibleWhenParentElementHasHiddenAttribute(org.openqa.selenium.VisibilityTest)
三月 23, 2014 4:24:29 下午 org.openqa.selenium.testing.JUnit4TestBase$1 starting
信息: >>> Starting testElementImplementsWrapsDriver(org.openqa.selenium.WebElementTest)
三月 23, 2014 4:24:29 下午 org.openqa.selenium.remote.RemoteWebDriver log
信息: Executing: get [910b6fb9-78a8-fe4b-95b2-d66edd6da9be, get {url=http://localhost:6461/common/simpleTest.html}]
三月 23, 2014 4:24:29 下午 org.openqa.selenium.remote.RemoteWebDriver log
信息: Executed: [910b6fb9-78a8-fe4b-95b2-d66edd6da9be, get {url=http://localhost:6461/common/simpleTest.html}]
三月 23, 2014 4:24:29 下午 org.openqa.selenium.remote.RemoteWebDriver log
信息: Executing: findElement [910b6fb9-78a8-fe4b-95b2-d66edd6da9be, findElement {using=id, value=containsSomeDiv}]
三月 23, 2014 4:24:29 下午 org.openqa.selenium.remote.RemoteWebDriver log
信息: Executed: [910b6fb9-78a8-fe4b-95b2-d66edd6da9be, findElement {using=id, value=containsSomeDiv}]
三月 23, 2014 4:24:29 下午 org.openqa.selenium.testing.JUnit4TestBase$1 finished
信息: <<< Finished testElementImplementsWrapsDriver(org.openqa.selenium.WebElementTest)
三月 23, 2014 4:24:29 下午 org.openqa.selenium.testing.JUnit4TestBase$1 starting
信息: >>> Starting testElementReturnsOriginDriver(org.openqa.selenium.WebElementTest)
三月 23, 2014 4:24:29 下午 org.openqa.selenium.remote.RemoteWebDriver log
信息: Executing: get [910b6fb9-78a8-fe4b-95b2-d66edd6da9be, get {url=http://localhost:6461/common/simpleTest.html}]
三月 23, 2014 4:24:29 下午 org.openqa.selenium.remote.RemoteWebDriver log
信息: Executed: [910b6fb9-78a8-fe4b-95b2-d66edd6da9be, get {url=http://localhost:6461/common/simpleTest.html}]
三月 23, 2014 4:24:29 下午 org.openqa.selenium.remote.RemoteWebDriver log
信息: Executing: findElement [910b6fb9-78a8-fe4b-95b2-d66edd6da9be, findElement {using=id, value=containsSomeDiv}]
三月 23, 2014 4:24:29 下午 org.openqa.selenium.remote.RemoteWebDriver log
信息: Executed: [910b6fb9-78a8-fe4b-95b2-d66edd6da9be, findElement {using=id, value=containsSomeDiv}]
三月 23, 2014 4:24:29 下午 org.openqa.selenium.testing.JUnit4TestBase$1 finished
信息: <<< Finished testElementReturnsOriginDriver(org.openqa.selenium.WebElementTest)
三月 23, 2014 4:24:29 下午 org.openqa.selenium.testing.JUnit4TestBase$1 starting
信息: >>> Starting testShouldThrowNoSuchWindowExceptionOnAnyElementOperationIfAWindowIsClosed(org.openqa.selenium.WindowSwitchingTest)
三月 23, 2014 4:24:29 下午 org.openqa.selenium.remote.RemoteWebDriver log
信息: Executing: get [910b6fb9-78a8-fe4b-95b2-d66edd6da9be, get {url=http://localhost:6461/common/xhtmlTest.html}]
三月 23, 2014 4:24:29 下午 org.openqa.selenium.remote.RemoteWebDriver log
信息: Executed: [910b6fb9-78a8-fe4b-95b2-d66edd6da9be, get {url=http://localhost:6461/common/xhtmlTest.html}]
三月 23, 2014 4:24:29 下午 org.openqa.selenium.remote.RemoteWebDriver log
信息: Executing: getCurrentWindowHandle [910b6fb9-78a8-fe4b-95b2-d66edd6da9be, getCurrentWindowHandle {}]
三月 23, 2014 4:24:29 下午 org.openqa.selenium.remote.RemoteWebDriver log
信息: Executed: [910b6fb9-78a8-fe4b-95b2-d66edd6da9be, getCurrentWindowHandle {}]
三月 23, 2014 4:24:29 下午 org.openqa.selenium.remote.RemoteWebDriver log
信息: Executing: getWindowHandles [910b6fb9-78a8-fe4b-95b2-d66edd6da9be, getWindowHandles {}]
三月 23, 2014 4:24:29 下午 org.openqa.selenium.remote.RemoteWebDriver log
信息: Executed: [910b6fb9-78a8-fe4b-95b2-d66edd6da9be, getWindowHandles {}]
三月 23, 2014 4:24:29 下午 org.openqa.selenium.remote.RemoteWebDriver log
信息: Executing: findElement [910b6fb9-78a8-fe4b-95b2-d66edd6da9be, findElement {using=link text, value=Open new window}]
三月 23, 2014 4:24:29 下午 org.openqa.selenium.remote.RemoteWebDriver log
信息: Executed: [910b6fb9-78a8-fe4b-95b2-d66edd6da9be, findElement {using=link text, value=Open new window}]
三月 23, 2014 4:24:29 下午 org.openqa.selenium.remote.RemoteWebDriver log
信息: Executing: clickElement [910b6fb9-78a8-fe4b-95b2-d66edd6da9be, clickElement {id={f729dfa7-bfd5-764c-8527-630828653cdf}}]
三月 23, 2014 4:24:29 下午 org.openqa.selenium.remote.RemoteWebDriver log
信息: Executed: [910b6fb9-78a8-fe4b-95b2-d66edd6da9be, clickElement {id={f729dfa7-bfd5-764c-8527-630828653cdf}}]
三月 23, 2014 4:24:29 下午 org.openqa.selenium.remote.RemoteWebDriver log
信息: Executing: getWindowHandles [910b6fb9-78a8-fe4b-95b2-d66edd6da9be, getWindowHandles {}]
三月 23, 2014 4:24:29 下午 org.openqa.selenium.remote.RemoteWebDriver log
信息: Executed: [910b6fb9-78a8-fe4b-95b2-d66edd6da9be, getWindowHandles {}]
三月 23, 2014 4:24:29 下午 org.openqa.selenium.remote.RemoteWebDriver log
信息: Executing: switchToWindow [910b6fb9-78a8-fe4b-95b2-d66edd6da9be, switchToWindow {name=result}]
三月 23, 2014 4:24:29 下午 org.openqa.selenium.remote.RemoteWebDriver log
信息: Executed: [910b6fb9-78a8-fe4b-95b2-d66edd6da9be, switchToWindow {name=result}]
三月 23, 2014 4:24:29 下午 org.openqa.selenium.remote.RemoteWebDriver log
信息: Executing: findElement [910b6fb9-78a8-fe4b-95b2-d66edd6da9be, findElement {using=tag name, value=body}]
三月 23, 2014 4:24:29 下午 org.openqa.selenium.remote.RemoteWebDriver log
信息: Executed: [910b6fb9-78a8-fe4b-95b2-d66edd6da9be, findElement {using=tag name, value=body}]
三月 23, 2014 4:24:29 下午 org.openqa.selenium.remote.RemoteWebDriver log
信息: Executing: close [910b6fb9-78a8-fe4b-95b2-d66edd6da9be, close {}]
三月 23, 2014 4:24:29 下午 org.openqa.selenium.remote.RemoteWebDriver log
信息: Executed: [910b6fb9-78a8-fe4b-95b2-d66edd6da9be, close {}]
三月 23, 2014 4:24:29 下午 org.openqa.selenium.remote.RemoteWebDriver log
信息: Executing: getElementText [910b6fb9-78a8-fe4b-95b2-d66edd6da9be, getElementText {id={c252bc86-0856-894f-b8df-d6cc0cb0a3e0}}]
三月 23, 2014 4:24:29 下午 org.openqa.selenium.remote.RemoteWebDriver log
信息: Executed: [910b6fb9-78a8-fe4b-95b2-d66edd6da9be, getElementText {id={c252bc86-0856-894f-b8df-d6cc0cb0a3e0}}]
三月 23, 2014 4:24:29 下午 org.openqa.selenium.remote.RemoteWebDriver log
信息: Executing: switchToWindow [910b6fb9-78a8-fe4b-95b2-d66edd6da9be, switchToWindow {name={37e7a63f-f53f-b344-a806-d642cebfa87e}}]
三月 23, 2014 4:24:29 下午 org.openqa.selenium.remote.RemoteWebDriver log
信息: Executed: [910b6fb9-78a8-fe4b-95b2-d66edd6da9be, switchToWindow {name={37e7a63f-f53f-b344-a806-d642cebfa87e}}]
三月 23, 2014 4:24:29 下午 org.openqa.selenium.testing.JUnit4TestBase$1 finished
信息: <<< Finished testShouldThrowNoSuchWindowExceptionOnAnyElementOperationIfAWindowIsClosed(org.openqa.selenium.WindowSwitchingTest)
三月 23, 2014 4:24:29 下午 org.openqa.selenium.remote.RemoteWebDriver log
信息: Executing: quit [910b6fb9-78a8-fe4b-95b2-d66edd6da9be, quit {}]
三月 23, 2014 4:24:29 下午 org.openqa.selenium.remote.RemoteWebDriver log
信息: Executed: [910b6fb9-78a8-fe4b-95b2-d66edd6da9be, quit {}]
三月 23, 2014 4:24:31 下午 org.openqa.selenium.testing.JUnit4TestBase$1 starting
信息: >>> Starting testShouldBeAbleToIterateOverAllOpenWindows(org.openqa.selenium.WindowSwitchingTest)
三月 23, 2014 4:24:31 下午 org.openqa.selenium.remote.RemoteWebDriver log
信息: Executing: get [16fcfae1-79ce-fa4f-86a9-ea179fd72b65, get {url=http://localhost:6461/common/xhtmlTest.html}]
三月 23, 2014 4:24:31 下午 org.openqa.selenium.remote.RemoteWebDriver log
信息: Executed: [16fcfae1-79ce-fa4f-86a9-ea179fd72b65, get {url=http://localhost:6461/common/xhtmlTest.html}]
三月 23, 2014 4:24:31 下午 org.openqa.selenium.remote.RemoteWebDriver log
信息: Executing: findElement [16fcfae1-79ce-fa4f-86a9-ea179fd72b65, findElement {using=name, value=windowOne}]
三月 23, 2014 4:24:31 下午 org.openqa.selenium.remote.RemoteWebDriver log
信息: Executed: [16fcfae1-79ce-fa4f-86a9-ea179fd72b65, findElement {using=name, value=windowOne}]
三月 23, 2014 4:24:31 下午 org.openqa.selenium.remote.RemoteWebDriver log
信息: Executing: clickElement [16fcfae1-79ce-fa4f-86a9-ea179fd72b65, clickElement {id={cee43a31-d930-2b48-a0c3-707803993a43}}]
三月 23, 2014 4:24:31 下午 org.openqa.selenium.remote.RemoteWebDriver log
信息: Executed: [16fcfae1-79ce-fa4f-86a9-ea179fd72b65, clickElement {id={cee43a31-d930-2b48-a0c3-707803993a43}}]
三月 23, 2014 4:24:32 下午 org.openqa.selenium.remote.RemoteWebDriver log
信息: Executing: findElement [16fcfae1-79ce-fa4f-86a9-ea179fd72b65, findElement {using=name, value=windowTwo}]
三月 23, 2014 4:24:32 下午 org.openqa.selenium.remote.RemoteWebDriver log
信息: Executed: [16fcfae1-79ce-fa4f-86a9-ea179fd72b65, findElement {using=name, value=windowTwo}]
三月 23, 2014 4:24:32 下午 org.openqa.selenium.remote.RemoteWebDriver log
信息: Executing: clickElement [16fcfae1-79ce-fa4f-86a9-ea179fd72b65, clickElement {id={6de8c776-bee9-254f-b402-6918990817d2}}]
三月 23, 2014 4:24:32 下午 org.openqa.selenium.remote.RemoteWebDriver log
信息: Executed: [16fcfae1-79ce-fa4f-86a9-ea179fd72b65, clickElement {id={6de8c776-bee9-254f-b402-6918990817d2}}]
三月 23, 2014 4:24:32 下午 org.openqa.selenium.remote.RemoteWebDriver log
信息: Executing: getWindowHandles [16fcfae1-79ce-fa4f-86a9-ea179fd72b65, getWindowHandles {}]
三月 23, 2014 4:24:32 下午 org.openqa.selenium.remote.RemoteWebDriver log
信息: Executed: [16fcfae1-79ce-fa4f-86a9-ea179fd72b65, getWindowHandles {}]
三月 23, 2014 4:24:32 下午 org.openqa.selenium.remote.RemoteWebDriver log
信息: Executing: getWindowHandles [16fcfae1-79ce-fa4f-86a9-ea179fd72b65, getWindowHandles {}]
三月 23, 2014 4:24:32 下午 org.openqa.selenium.remote.RemoteWebDriver log
信息: Executed: [16fcfae1-79ce-fa4f-86a9-ea179fd72b65, getWindowHandles {}]
三月 23, 2014 4:24:32 下午 org.openqa.selenium.remote.RemoteWebDriver log
信息: Executing: switchToWindow [16fcfae1-79ce-fa4f-86a9-ea179fd72b65, switchToWindow {name={688e1d05-c3b0-754a-875e-764ccf1f2ad9}}]
三月 23, 2014 4:24:32 下午 org.openqa.selenium.remote.RemoteWebDriver log
信息: Executed: [16fcfae1-79ce-fa4f-86a9-ea179fd72b65, switchToWindow {name={688e1d05-c3b0-754a-875e-764ccf1f2ad9}}]
三月 23, 2014 4:24:32 下午 org.openqa.selenium.remote.RemoteWebDriver log
信息: Executing: switchToWindow [16fcfae1-79ce-fa4f-86a9-ea179fd72b65, switchToWindow {name={5450b8ce-eea5-844b-8bef-23b49f4e38ed}}]
三月 23, 2014 4:24:32 下午 org.openqa.selenium.remote.RemoteWebDriver log
信息: Executed: [16fcfae1-79ce-fa4f-86a9-ea179fd72b65, switchToWindow {name={5450b8ce-eea5-844b-8bef-23b49f4e38ed}}]
三月 23, 2014 4:24:32 下午 org.openqa.selenium.remote.RemoteWebDriver log
信息: Executing: switchToWindow [16fcfae1-79ce-fa4f-86a9-ea179fd72b65, switchToWindow {name={097eaaba-c33b-8944-bd9c-763a159c5dab}}]
三月 23, 2014 4:24:32 下午 org.openqa.selenium.remote.RemoteWebDriver log
信息: Executed: [16fcfae1-79ce-fa4f-86a9-ea179fd72b65, switchToWindow {name={097eaaba-c33b-8944-bd9c-763a159c5dab}}]
三月 23, 2014 4:24:32 下午 org.openqa.selenium.testing.JUnit4TestBase$1 finished
信息: <<< Finished testShouldBeAbleToIterateOverAllOpenWindows(org.openqa.selenium.WindowSwitchingTest)
三月 23, 2014 4:24:32 下午 org.openqa.selenium.remote.RemoteWebDriver log
信息: Executing: quit [16fcfae1-79ce-fa4f-86a9-ea179fd72b65, quit {}]
三月 23, 2014 4:24:32 下午 org.openqa.selenium.remote.RemoteWebDriver log
信息: Executed: [16fcfae1-79ce-fa4f-86a9-ea179fd72b65, quit {}]
三月 23, 2014 4:24:34 下午 org.openqa.selenium.testing.JUnit4TestBase$1 starting
信息: >>> Starting testShouldFocusOnTheTopMostFrameAfterSwitchingToAWindow(org.openqa.selenium.WindowSwitchingTest)
三月 23, 2014 4:24:34 下午 org.openqa.selenium.remote.RemoteWebDriver log
信息: Executing: get [bbf476b7-79d9-fb46-8ad1-df13d258adf9, get {url=http://localhost:6461/common/window_switching_tests/page_with_frame.html}]
三月 23, 2014 4:24:34 下午 org.openqa.selenium.remote.RemoteWebDriver log
信息: Executed: [bbf476b7-79d9-fb46-8ad1-df13d258adf9, get {url=http://localhost:6461/common/window_switching_tests/page_with_frame.html}]
三月 23, 2014 4:24:34 下午 org.openqa.selenium.remote.RemoteWebDriver log
信息: Executing: getWindowHandles [bbf476b7-79d9-fb46-8ad1-df13d258adf9, getWindowHandles {}]
三月 23, 2014 4:24:34 下午 org.openqa.selenium.remote.RemoteWebDriver log
信息: Executed: [bbf476b7-79d9-fb46-8ad1-df13d258adf9, getWindowHandles {}]
三月 23, 2014 4:24:34 下午 org.openqa.selenium.remote.RemoteWebDriver log
信息: Executing: getCurrentWindowHandle [bbf476b7-79d9-fb46-8ad1-df13d258adf9, getCurrentWindowHandle {}]
三月 23, 2014 4:24:34 下午 org.openqa.selenium.remote.RemoteWebDriver log
信息: Executed: [bbf476b7-79d9-fb46-8ad1-df13d258adf9, getCurrentWindowHandle {}]
三月 23, 2014 4:24:34 下午 org.openqa.selenium.remote.RemoteWebDriver log
信息: Executing: findElement [bbf476b7-79d9-fb46-8ad1-df13d258adf9, findElement {using=id, value=a-link-that-opens-a-new-window}]
三月 23, 2014 4:24:34 下午 org.openqa.selenium.remote.RemoteWebDriver log
信息: Executed: [bbf476b7-79d9-fb46-8ad1-df13d258adf9, findElement {using=id, value=a-link-that-opens-a-new-window}]
三月 23, 2014 4:24:34 下午 org.openqa.selenium.remote.RemoteWebDriver log
信息: Executing: clickElement [bbf476b7-79d9-fb46-8ad1-df13d258adf9, clickElement {id={be27f870-d1a6-814a-977c-9867fd8fb0ea}}]
三月 23, 2014 4:24:35 下午 org.openqa.selenium.remote.RemoteWebDriver log
信息: Executed: [bbf476b7-79d9-fb46-8ad1-df13d258adf9, clickElement {id={be27f870-d1a6-814a-977c-9867fd8fb0ea}}]
三月 23, 2014 4:24:35 下午 org.openqa.selenium.remote.RemoteWebDriver log
信息: Executing: getWindowHandles [bbf476b7-79d9-fb46-8ad1-df13d258adf9, getWindowHandles {}]
三月 23, 2014 4:24:35 下午 org.openqa.selenium.remote.RemoteWebDriver log
信息: Executed: [bbf476b7-79d9-fb46-8ad1-df13d258adf9, getWindowHandles {}]
三月 23, 2014 4:24:35 下午 org.openqa.selenium.remote.RemoteWebDriver log
信息: Executing: switchToFrame [bbf476b7-79d9-fb46-8ad1-df13d258adf9, switchToFrame {id=myframe}]
三月 23, 2014 4:24:35 下午 org.openqa.selenium.remote.RemoteWebDriver log
信息: Executed: [bbf476b7-79d9-fb46-8ad1-df13d258adf9, switchToFrame {id=myframe}]
三月 23, 2014 4:24:35 下午 org.openqa.selenium.remote.RemoteWebDriver log
信息: Executing: switchToWindow [bbf476b7-79d9-fb46-8ad1-df13d258adf9, switchToWindow {name=newWindow}]
三月 23, 2014 4:24:35 下午 org.openqa.selenium.remote.RemoteWebDriver log
信息: Executed: [bbf476b7-79d9-fb46-8ad1-df13d258adf9, switchToWindow {name=newWindow}]
三月 23, 2014 4:24:35 下午 org.openqa.selenium.remote.RemoteWebDriver log
信息: Executing: close [bbf476b7-79d9-fb46-8ad1-df13d258adf9, close {}]
三月 23, 2014 4:24:35 下午 org.openqa.selenium.remote.RemoteWebDriver log
信息: Executed: [bbf476b7-79d9-fb46-8ad1-df13d258adf9, close {}]
三月 23, 2014 4:24:35 下午 org.openqa.selenium.remote.RemoteWebDriver log
信息: Executing: switchToWindow [bbf476b7-79d9-fb46-8ad1-df13d258adf9, switchToWindow {name={31c6b8e2-368e-f94c-8e78-87b45930f05b}}]
三月 23, 2014 4:24:35 下午 org.openqa.selenium.remote.RemoteWebDriver log
信息: Executed: [bbf476b7-79d9-fb46-8ad1-df13d258adf9, switchToWindow {name={31c6b8e2-368e-f94c-8e78-87b45930f05b}}]
三月 23, 2014 4:24:35 下午 org.openqa.selenium.remote.RemoteWebDriver log
信息: Executing: findElement [bbf476b7-79d9-fb46-8ad1-df13d258adf9, findElement {using=name, value=myframe}]
三月 23, 2014 4:24:35 下午 org.openqa.selenium.remote.RemoteWebDriver log
信息: Executed: [bbf476b7-79d9-fb46-8ad1-df13d258adf9, findElement {using=name, value=myframe}]
三月 23, 2014 4:24:35 下午 org.openqa.selenium.testing.JUnit4TestBase$1 finished
信息: <<< Finished testShouldFocusOnTheTopMostFrameAfterSwitchingToAWindow(org.openqa.selenium.WindowSwitchingTest)
三月 23, 2014 4:24:35 下午 org.openqa.selenium.remote.RemoteWebDriver log
信息: Executing: quit [bbf476b7-79d9-fb46-8ad1-df13d258adf9, quit {}]
三月 23, 2014 4:24:35 下午 org.openqa.selenium.remote.RemoteWebDriver log
信息: Executed: [bbf476b7-79d9-fb46-8ad1-df13d258adf9, quit {}]
三月 23, 2014 4:24:35 下午 org.openqa.selenium.testing.JUnit4TestBase$1 starting
信息: >>> Starting testShouldThrowNoSuchWindowExceptionOnAnyOperationIfAWindowIsClosed(org.openqa.selenium.WindowSwitchingTest)
三月 23, 2014 4:24:37 下午 org.openqa.selenium.remote.RemoteWebDriver log
信息: Executing: get [1cc86791-adfb-754f-9c59-4e8e5ddebfb7, get {url=http://localhost:6461/common/xhtmlTest.html}]
三月 23, 2014 4:24:37 下午 org.openqa.selenium.remote.RemoteWebDriver log
信息: Executed: [1cc86791-adfb-754f-9c59-4e8e5ddebfb7, get {url=http://localhost:6461/common/xhtmlTest.html}]
三月 23, 2014 4:24:37 下午 org.openqa.selenium.remote.RemoteWebDriver log
信息: Executing: getCurrentWindowHandle [1cc86791-adfb-754f-9c59-4e8e5ddebfb7, getCurrentWindowHandle {}]
三月 23, 2014 4:24:37 下午 org.openqa.selenium.remote.RemoteWebDriver log
信息: Executed: [1cc86791-adfb-754f-9c59-4e8e5ddebfb7, getCurrentWindowHandle {}]
三月 23, 2014 4:24:37 下午 org.openqa.selenium.remote.RemoteWebDriver log
信息: Executing: getWindowHandles [1cc86791-adfb-754f-9c59-4e8e5ddebfb7, getWindowHandles {}]
三月 23, 2014 4:24:37 下午 org.openqa.selenium.remote.RemoteWebDriver log
信息: Executed: [1cc86791-adfb-754f-9c59-4e8e5ddebfb7, getWindowHandles {}]
三月 23, 2014 4:24:37 下午 org.openqa.selenium.remote.RemoteWebDriver log
信息: Executing: findElement [1cc86791-adfb-754f-9c59-4e8e5ddebfb7, findElement {using=link text, value=Open new window}]
三月 23, 2014 4:24:37 下午 org.openqa.selenium.remote.RemoteWebDriver log
信息: Executed: [1cc86791-adfb-754f-9c59-4e8e5ddebfb7, findElement {using=link text, value=Open new window}]
三月 23, 2014 4:24:37 下午 org.openqa.selenium.remote.RemoteWebDriver log
信息: Executing: clickElement [1cc86791-adfb-754f-9c59-4e8e5ddebfb7, clickElement {id={b5cc91be-e826-6c42-b8a1-9b98e68c74d2}}]
三月 23, 2014 4:24:37 下午 org.openqa.selenium.remote.RemoteWebDriver log
信息: Executed: [1cc86791-adfb-754f-9c59-4e8e5ddebfb7, clickElement {id={b5cc91be-e826-6c42-b8a1-9b98e68c74d2}}]
三月 23, 2014 4:24:37 下午 org.openqa.selenium.remote.RemoteWebDriver log
信息: Executing: getWindowHandles [1cc86791-adfb-754f-9c59-4e8e5ddebfb7, getWindowHandles {}]
三月 23, 2014 4:24:37 下午 org.openqa.selenium.remote.RemoteWebDriver log
信息: Executed: [1cc86791-adfb-754f-9c59-4e8e5ddebfb7, getWindowHandles {}]
三月 23, 2014 4:24:37 下午 org.openqa.selenium.remote.RemoteWebDriver log
信息: Executing: switchToWindow [1cc86791-adfb-754f-9c59-4e8e5ddebfb7, switchToWindow {name=result}]
三月 23, 2014 4:24:37 下午 org.openqa.selenium.remote.RemoteWebDriver log
信息: Executed: [1cc86791-adfb-754f-9c59-4e8e5ddebfb7, switchToWindow {name=result}]
三月 23, 2014 4:24:37 下午 org.openqa.selenium.remote.RemoteWebDriver log
信息: Executing: close [1cc86791-adfb-754f-9c59-4e8e5ddebfb7, close {}]
三月 23, 2014 4:24:37 下午 org.openqa.selenium.remote.RemoteWebDriver log
信息: Executed: [1cc86791-adfb-754f-9c59-4e8e5ddebfb7, close {}]
三月 23, 2014 4:24:37 下午 org.openqa.selenium.remote.RemoteWebDriver log
信息: Executing: getTitle [1cc86791-adfb-754f-9c59-4e8e5ddebfb7, getTitle {}]
三月 23, 2014 4:24:37 下午 org.openqa.selenium.remote.RemoteWebDriver log
信息: Executed: [1cc86791-adfb-754f-9c59-4e8e5ddebfb7, getTitle {}]
三月 23, 2014 4:24:37 下午 org.openqa.selenium.remote.RemoteWebDriver log
信息: Executing: findElement [1cc86791-adfb-754f-9c59-4e8e5ddebfb7, findElement {using=tag name, value=body}]
三月 23, 2014 4:24:37 下午 org.openqa.selenium.remote.RemoteWebDriver log
信息: Executed: [1cc86791-adfb-754f-9c59-4e8e5ddebfb7, findElement {using=tag name, value=body}]
三月 23, 2014 4:24:37 下午 org.openqa.selenium.remote.RemoteWebDriver log
信息: Executing: switchToWindow [1cc86791-adfb-754f-9c59-4e8e5ddebfb7, switchToWindow {name={cdc680dc-4c84-8945-9c45-106ec273af26}}]
三月 23, 2014 4:24:37 下午 org.openqa.selenium.remote.RemoteWebDriver log
信息: Executed: [1cc86791-adfb-754f-9c59-4e8e5ddebfb7, switchToWindow {name={cdc680dc-4c84-8945-9c45-106ec273af26}}]
三月 23, 2014 4:24:37 下午 org.openqa.selenium.testing.JUnit4TestBase$1 finished
信息: <<< Finished testShouldThrowNoSuchWindowExceptionOnAnyOperationIfAWindowIsClosed(org.openqa.selenium.WindowSwitchingTest)
三月 23, 2014 4:24:37 下午 org.openqa.selenium.testing.JUnit4TestBase$1 starting
信息: >>> Starting testShouldSwitchFocusToANewWindowWhenItIsOpenedAndNotStopFutureOperations(org.openqa.selenium.WindowSwitchingTest)
三月 23, 2014 4:24:37 下午 org.openqa.selenium.remote.RemoteWebDriver log
信息: Executing: get [1cc86791-adfb-754f-9c59-4e8e5ddebfb7, get {url=http://localhost:6461/common/xhtmlTest.html}]
三月 23, 2014 4:24:37 下午 org.openqa.selenium.remote.RemoteWebDriver log
信息: Executed: [1cc86791-adfb-754f-9c59-4e8e5ddebfb7, get {url=http://localhost:6461/common/xhtmlTest.html}]
三月 23, 2014 4:24:37 下午 org.openqa.selenium.remote.RemoteWebDriver log
信息: Executing: getCurrentWindowHandle [1cc86791-adfb-754f-9c59-4e8e5ddebfb7, getCurrentWindowHandle {}]
三月 23, 2014 4:24:37 下午 org.openqa.selenium.remote.RemoteWebDriver log
信息: Executed: [1cc86791-adfb-754f-9c59-4e8e5ddebfb7, getCurrentWindowHandle {}]
三月 23, 2014 4:24:37 下午 org.openqa.selenium.remote.RemoteWebDriver log
信息: Executing: getWindowHandles [1cc86791-adfb-754f-9c59-4e8e5ddebfb7, getWindowHandles {}]
三月 23, 2014 4:24:37 下午 org.openqa.selenium.remote.RemoteWebDriver log
信息: Executed: [1cc86791-adfb-754f-9c59-4e8e5ddebfb7, getWindowHandles {}]
三月 23, 2014 4:24:37 下午 org.openqa.selenium.remote.RemoteWebDriver log
信息: Executing: findElement [1cc86791-adfb-754f-9c59-4e8e5ddebfb7, findElement {using=link text, value=Open new window}]
三月 23, 2014 4:24:37 下午 org.openqa.selenium.remote.RemoteWebDriver log
信息: Executed: [1cc86791-adfb-754f-9c59-4e8e5ddebfb7, findElement {using=link text, value=Open new window}]
三月 23, 2014 4:24:37 下午 org.openqa.selenium.remote.RemoteWebDriver log
信息: Executing: clickElement [1cc86791-adfb-754f-9c59-4e8e5ddebfb7, clickElement {id={12bda9de-e446-ab43-a51e-a679bf90429b}}]
三月 23, 2014 4:24:38 下午 org.openqa.selenium.remote.RemoteWebDriver log
信息: Executed: [1cc86791-adfb-754f-9c59-4e8e5ddebfb7, clickElement {id={12bda9de-e446-ab43-a51e-a679bf90429b}}]
三月 23, 2014 4:24:38 下午 org.openqa.selenium.remote.RemoteWebDriver log
信息: Executing: getWindowHandles [1cc86791-adfb-754f-9c59-4e8e5ddebfb7, getWindowHandles {}]
三月 23, 2014 4:24:38 下午 org.openqa.selenium.remote.RemoteWebDriver log
信息: Executed: [1cc86791-adfb-754f-9c59-4e8e5ddebfb7, getWindowHandles {}]
三月 23, 2014 4:24:38 下午 org.openqa.selenium.remote.RemoteWebDriver log
信息: Executing: getTitle [1cc86791-adfb-754f-9c59-4e8e5ddebfb7, getTitle {}]
三月 23, 2014 4:24:38 下午 org.openqa.selenium.remote.RemoteWebDriver log
信息: Executed: [1cc86791-adfb-754f-9c59-4e8e5ddebfb7, getTitle {}]
三月 23, 2014 4:24:38 下午 org.openqa.selenium.remote.RemoteWebDriver log
信息: Executing: switchToWindow [1cc86791-adfb-754f-9c59-4e8e5ddebfb7, switchToWindow {name=result}]
三月 23, 2014 4:24:38 下午 org.openqa.selenium.remote.RemoteWebDriver log
信息: Executed: [1cc86791-adfb-754f-9c59-4e8e5ddebfb7, switchToWindow {name=result}]
三月 23, 2014 4:24:38 下午 org.openqa.selenium.remote.RemoteWebDriver log
信息: Executing: getTitle [1cc86791-adfb-754f-9c59-4e8e5ddebfb7, getTitle {}]
三月 23, 2014 4:24:38 下午 org.openqa.selenium.remote.RemoteWebDriver log
信息: Executed: [1cc86791-adfb-754f-9c59-4e8e5ddebfb7, getTitle {}]
三月 23, 2014 4:24:38 下午 org.openqa.selenium.remote.RemoteWebDriver log
信息: Executing: get [1cc86791-adfb-754f-9c59-4e8e5ddebfb7, get {url=http://localhost:6461/common/iframes.html}]
三月 23, 2014 4:24:38 下午 org.openqa.selenium.remote.RemoteWebDriver log
信息: Executed: [1cc86791-adfb-754f-9c59-4e8e5ddebfb7, get {url=http://localhost:6461/common/iframes.html}]
三月 23, 2014 4:24:38 下午 org.openqa.selenium.remote.RemoteWebDriver log
信息: Executing: getCurrentWindowHandle [1cc86791-adfb-754f-9c59-4e8e5ddebfb7, getCurrentWindowHandle {}]
三月 23, 2014 4:24:38 下午 org.openqa.selenium.remote.RemoteWebDriver log
信息: Executed: [1cc86791-adfb-754f-9c59-4e8e5ddebfb7, getCurrentWindowHandle {}]
三月 23, 2014 4:24:38 下午 org.openqa.selenium.remote.RemoteWebDriver log
信息: Executing: findElement [1cc86791-adfb-754f-9c59-4e8e5ddebfb7, findElement {using=id, value=iframe_page_heading}]
三月 23, 2014 4:24:38 下午 org.openqa.selenium.remote.RemoteWebDriver log
信息: Executed: [1cc86791-adfb-754f-9c59-4e8e5ddebfb7, findElement {using=id, value=iframe_page_heading}]
三月 23, 2014 4:24:38 下午 org.openqa.selenium.remote.RemoteWebDriver log
信息: Executing: switchToFrame [1cc86791-adfb-754f-9c59-4e8e5ddebfb7, switchToFrame {id=iframe1}]
三月 23, 2014 4:24:38 下午 org.openqa.selenium.remote.RemoteWebDriver log
信息: Executed: [1cc86791-adfb-754f-9c59-4e8e5ddebfb7, switchToFrame {id=iframe1}]
三月 23, 2014 4:24:38 下午 org.openqa.selenium.remote.RemoteWebDriver log
信息: Executing: getCurrentWindowHandle [1cc86791-adfb-754f-9c59-4e8e5ddebfb7, getCurrentWindowHandle {}]
三月 23, 2014 4:24:38 下午 org.openqa.selenium.remote.RemoteWebDriver log
信息: Executed: [1cc86791-adfb-754f-9c59-4e8e5ddebfb7, getCurrentWindowHandle {}]
三月 23, 2014 4:24:38 下午 org.openqa.selenium.remote.RemoteWebDriver log
信息: Executing: close [1cc86791-adfb-754f-9c59-4e8e5ddebfb7, close {}]
三月 23, 2014 4:24:38 下午 org.openqa.selenium.remote.RemoteWebDriver log
信息: Executed: [1cc86791-adfb-754f-9c59-4e8e5ddebfb7, close {}]
三月 23, 2014 4:24:38 下午 org.openqa.selenium.remote.RemoteWebDriver log
信息: Executing: switchToWindow [1cc86791-adfb-754f-9c59-4e8e5ddebfb7, switchToWindow {name={cdc680dc-4c84-8945-9c45-106ec273af26}}]
三月 23, 2014 4:24:38 下午 org.openqa.selenium.remote.RemoteWebDriver log
信息: Executed: [1cc86791-adfb-754f-9c59-4e8e5ddebfb7, switchToWindow {name={cdc680dc-4c84-8945-9c45-106ec273af26}}]
三月 23, 2014 4:24:38 下午 org.openqa.selenium.testing.JUnit4TestBase$1 finished
信息: <<< Finished testShouldSwitchFocusToANewWindowWhenItIsOpenedAndNotStopFutureOperations(org.openqa.selenium.WindowSwitchingTest)
三月 23, 2014 4:24:38 下午 org.openqa.selenium.testing.JUnit4TestBase$1 starting
信息: >>> Starting testClickingOnAButtonThatClosesAnOpenWindowDoesNotCauseTheBrowserToHang(org.openqa.selenium.WindowSwitchingTest)
三月 23, 2014 4:24:38 下午 org.openqa.selenium.remote.RemoteWebDriver log
信息: Executing: get [1cc86791-adfb-754f-9c59-4e8e5ddebfb7, get {url=http://localhost:6461/common/xhtmlTest.html}]
三月 23, 2014 4:24:38 下午 org.openqa.selenium.remote.RemoteWebDriver log
信息: Executed: [1cc86791-adfb-754f-9c59-4e8e5ddebfb7, get {url=http://localhost:6461/common/xhtmlTest.html}]
三月 23, 2014 4:24:38 下午 org.openqa.selenium.remote.RemoteWebDriver log
信息: Executing: executeScript [1cc86791-adfb-754f-9c59-4e8e5ddebfb7, executeScript {script=return navigator.userAgent;, args=[]}]
三月 23, 2014 4:24:38 下午 org.openqa.selenium.remote.RemoteWebDriver log
信息: Executed: [1cc86791-adfb-754f-9c59-4e8e5ddebfb7, executeScript {script=return navigator.userAgent;, args=[]}]
三月 23, 2014 4:24:38 下午 org.openqa.selenium.remote.RemoteWebDriver log
信息: Executing: executeScript [1cc86791-adfb-754f-9c59-4e8e5ddebfb7, executeScript {script=return navigator.userAgent;, args=[]}]
三月 23, 2014 4:24:38 下午 org.openqa.selenium.remote.RemoteWebDriver log
信息: Executed: [1cc86791-adfb-754f-9c59-4e8e5ddebfb7, executeScript {script=return navigator.userAgent;, args=[]}]
三月 23, 2014 4:24:38 下午 org.openqa.selenium.remote.RemoteWebDriver log
信息: Executing: getCurrentWindowHandle [1cc86791-adfb-754f-9c59-4e8e5ddebfb7, getCurrentWindowHandle {}]
三月 23, 2014 4:24:38 下午 org.openqa.selenium.remote.RemoteWebDriver log
信息: Executed: [1cc86791-adfb-754f-9c59-4e8e5ddebfb7, getCurrentWindowHandle {}]
三月 23, 2014 4:24:38 下午 org.openqa.selenium.remote.RemoteWebDriver log
信息: Executing: getWindowHandles [1cc86791-adfb-754f-9c59-4e8e5ddebfb7, getWindowHandles {}]
三月 23, 2014 4:24:38 下午 org.openqa.selenium.remote.RemoteWebDriver log
信息: Executed: [1cc86791-adfb-754f-9c59-4e8e5ddebfb7, getWindowHandles {}]
三月 23, 2014 4:24:38 下午 org.openqa.selenium.remote.RemoteWebDriver log
信息: Executing: findElement [1cc86791-adfb-754f-9c59-4e8e5ddebfb7, findElement {using=name, value=windowThree}]
三月 23, 2014 4:24:38 下午 org.openqa.selenium.remote.RemoteWebDriver log
信息: Executed: [1cc86791-adfb-754f-9c59-4e8e5ddebfb7, findElement {using=name, value=windowThree}]
三月 23, 2014 4:24:38 下午 org.openqa.selenium.remote.RemoteWebDriver log
信息: Executing: clickElement [1cc86791-adfb-754f-9c59-4e8e5ddebfb7, clickElement {id={e0802ef6-9463-b041-a7d2-b15b7a017ab4}}]
三月 23, 2014 4:24:38 下午 org.openqa.selenium.remote.RemoteWebDriver log
信息: Executed: [1cc86791-adfb-754f-9c59-4e8e5ddebfb7, clickElement {id={e0802ef6-9463-b041-a7d2-b15b7a017ab4}}]
三月 23, 2014 4:24:38 下午 org.openqa.selenium.remote.RemoteWebDriver log
信息: Executing: getWindowHandles [1cc86791-adfb-754f-9c59-4e8e5ddebfb7, getWindowHandles {}]
三月 23, 2014 4:24:38 下午 org.openqa.selenium.remote.RemoteWebDriver log
信息: Executed: [1cc86791-adfb-754f-9c59-4e8e5ddebfb7, getWindowHandles {}]
三月 23, 2014 4:24:38 下午 org.openqa.selenium.remote.RemoteWebDriver log
信息: Executing: switchToWindow [1cc86791-adfb-754f-9c59-4e8e5ddebfb7, switchToWindow {name=result}]
三月 23, 2014 4:24:38 下午 org.openqa.selenium.remote.RemoteWebDriver log
信息: Executed: [1cc86791-adfb-754f-9c59-4e8e5ddebfb7, switchToWindow {name=result}]
三月 23, 2014 4:24:38 下午 org.openqa.selenium.remote.RemoteWebDriver log
信息: Executing: findElement [1cc86791-adfb-754f-9c59-4e8e5ddebfb7, findElement {using=id, value=close}]
三月 23, 2014 4:24:38 下午 org.openqa.selenium.remote.RemoteWebDriver log
信息: Executed: [1cc86791-adfb-754f-9c59-4e8e5ddebfb7, findElement {using=id, value=close}]
三月 23, 2014 4:24:38 下午 org.openqa.selenium.remote.RemoteWebDriver log
信息: Executing: findElement [1cc86791-adfb-754f-9c59-4e8e5ddebfb7, findElement {using=id, value=close}]
三月 23, 2014 4:24:38 下午 org.openqa.selenium.remote.RemoteWebDriver log
信息: Executed: [1cc86791-adfb-754f-9c59-4e8e5ddebfb7, findElement {using=id, value=close}]
三月 23, 2014 4:24:38 下午 org.openqa.selenium.remote.RemoteWebDriver log
信息: Executing: clickElement [1cc86791-adfb-754f-9c59-4e8e5ddebfb7, clickElement {id={e7751335-8f97-eb48-a076-a0197e64b572}}]
三月 23, 2014 4:24:38 下午 org.openqa.selenium.remote.RemoteWebDriver log
信息: Executed: [1cc86791-adfb-754f-9c59-4e8e5ddebfb7, clickElement {id={e7751335-8f97-eb48-a076-a0197e64b572}}]
三月 23, 2014 4:24:38 下午 org.openqa.selenium.remote.RemoteWebDriver log
信息: Executing: switchToWindow [1cc86791-adfb-754f-9c59-4e8e5ddebfb7, switchToWindow {name={cdc680dc-4c84-8945-9c45-106ec273af26}}]
三月 23, 2014 4:24:39 下午 org.openqa.selenium.remote.RemoteWebDriver log
信息: Executed: [1cc86791-adfb-754f-9c59-4e8e5ddebfb7, switchToWindow {name={cdc680dc-4c84-8945-9c45-106ec273af26}}]
三月 23, 2014 4:24:39 下午 org.openqa.selenium.remote.RemoteWebDriver log
信息: Executing: findElement [1cc86791-adfb-754f-9c59-4e8e5ddebfb7, findElement {using=id, value=linkId}]
三月 23, 2014 4:24:39 下午 org.openqa.selenium.remote.RemoteWebDriver log
信息: Executed: [1cc86791-adfb-754f-9c59-4e8e5ddebfb7, findElement {using=id, value=linkId}]
三月 23, 2014 4:24:39 下午 org.openqa.selenium.testing.JUnit4TestBase$1 finished
信息: <<< Finished testClickingOnAButtonThatClosesAnOpenWindowDoesNotCauseTheBrowserToHang(org.openqa.selenium.WindowSwitchingTest)
三月 23, 2014 4:24:39 下午 org.openqa.selenium.remote.RemoteWebDriver log
信息: Executing: quit [1cc86791-adfb-754f-9c59-4e8e5ddebfb7, quit {}]
三月 23, 2014 4:24:39 下午 org.openqa.selenium.remote.RemoteWebDriver log
信息: Executed: [1cc86791-adfb-754f-9c59-4e8e5ddebfb7, quit {}]
三月 23, 2014 4:24:40 下午 org.openqa.selenium.testing.JUnit4TestBase$1 starting
信息: >>> Starting testCanCloseWindowWhenMultipleWindowsAreOpen(org.openqa.selenium.WindowSwitchingTest)
三月 23, 2014 4:24:40 下午 org.openqa.selenium.remote.RemoteWebDriver log
信息: Executing: get [eb550165-c9a3-6243-9ffe-6ecb2d37249b, get {url=http://localhost:6461/common/xhtmlTest.html}]
三月 23, 2014 4:24:41 下午 org.openqa.selenium.remote.RemoteWebDriver log
信息: Executed: [eb550165-c9a3-6243-9ffe-6ecb2d37249b, get {url=http://localhost:6461/common/xhtmlTest.html}]
三月 23, 2014 4:24:41 下午 org.openqa.selenium.remote.RemoteWebDriver log
信息: Executing: getWindowHandles [eb550165-c9a3-6243-9ffe-6ecb2d37249b, getWindowHandles {}]
三月 23, 2014 4:24:41 下午 org.openqa.selenium.remote.RemoteWebDriver log
信息: Executed: [eb550165-c9a3-6243-9ffe-6ecb2d37249b, getWindowHandles {}]
三月 23, 2014 4:24:41 下午 org.openqa.selenium.remote.RemoteWebDriver log
信息: Executing: findElement [eb550165-c9a3-6243-9ffe-6ecb2d37249b, findElement {using=name, value=windowOne}]
三月 23, 2014 4:24:41 下午 org.openqa.selenium.remote.RemoteWebDriver log
信息: Executed: [eb550165-c9a3-6243-9ffe-6ecb2d37249b, findElement {using=name, value=windowOne}]
三月 23, 2014 4:24:41 下午 org.openqa.selenium.remote.RemoteWebDriver log
信息: Executing: clickElement [eb550165-c9a3-6243-9ffe-6ecb2d37249b, clickElement {id={0ec455a7-9892-e843-94ac-8c5f1176bfb7}}]
三月 23, 2014 4:24:41 下午 org.openqa.selenium.remote.RemoteWebDriver log
信息: Executed: [eb550165-c9a3-6243-9ffe-6ecb2d37249b, clickElement {id={0ec455a7-9892-e843-94ac-8c5f1176bfb7}}]
三月 23, 2014 4:24:41 下午 org.openqa.selenium.remote.RemoteWebDriver log
信息: Executing: getWindowHandles [eb550165-c9a3-6243-9ffe-6ecb2d37249b, getWindowHandles {}]
三月 23, 2014 4:24:41 下午 org.openqa.selenium.remote.RemoteWebDriver log
信息: Executed: [eb550165-c9a3-6243-9ffe-6ecb2d37249b, getWindowHandles {}]
三月 23, 2014 4:24:41 下午 org.openqa.selenium.remote.RemoteWebDriver log
信息: Executing: getWindowHandles [eb550165-c9a3-6243-9ffe-6ecb2d37249b, getWindowHandles {}]
三月 23, 2014 4:24:41 下午 org.openqa.selenium.remote.RemoteWebDriver log
信息: Executed: [eb550165-c9a3-6243-9ffe-6ecb2d37249b, getWindowHandles {}]
三月 23, 2014 4:24:41 下午 org.openqa.selenium.remote.RemoteWebDriver log
信息: Executing: switchToWindow [eb550165-c9a3-6243-9ffe-6ecb2d37249b, switchToWindow {name={5d4c2f10-c5e2-d14d-a7bf-72ab423c1a41}}]
三月 23, 2014 4:24:41 下午 org.openqa.selenium.remote.RemoteWebDriver log
信息: Executed: [eb550165-c9a3-6243-9ffe-6ecb2d37249b, switchToWindow {name={5d4c2f10-c5e2-d14d-a7bf-72ab423c1a41}}]
三月 23, 2014 4:24:41 下午 org.openqa.selenium.remote.RemoteWebDriver log
信息: Executing: close [eb550165-c9a3-6243-9ffe-6ecb2d37249b, close {}]
三月 23, 2014 4:24:41 下午 org.openqa.selenium.remote.RemoteWebDriver log
信息: Executed: [eb550165-c9a3-6243-9ffe-6ecb2d37249b, close {}]
三月 23, 2014 4:24:41 下午 org.openqa.selenium.remote.RemoteWebDriver log
信息: Executing: getWindowHandles [eb550165-c9a3-6243-9ffe-6ecb2d37249b, getWindowHandles {}]
三月 23, 2014 4:24:41 下午 org.openqa.selenium.remote.RemoteWebDriver log
信息: Executed: [eb550165-c9a3-6243-9ffe-6ecb2d37249b, getWindowHandles {}]
三月 23, 2014 4:24:41 下午 org.openqa.selenium.testing.JUnit4TestBase$1 finished
信息: <<< Finished testCanCloseWindowWhenMultipleWindowsAreOpen(org.openqa.selenium.WindowSwitchingTest)
三月 23, 2014 4:24:41 下午 org.openqa.selenium.remote.RemoteWebDriver log
信息: Executing: quit [eb550165-c9a3-6243-9ffe-6ecb2d37249b, quit {}]
三月 23, 2014 4:24:41 下午 org.openqa.selenium.remote.RemoteWebDriver log
信息: Executed: [eb550165-c9a3-6243-9ffe-6ecb2d37249b, quit {}]
三月 23, 2014 4:24:41 下午 org.openqa.selenium.testing.JUnit4TestBase$1 starting
信息: >>> Starting testShouldThrowNoSuchWindowException(org.openqa.selenium.WindowSwitchingTest)
三月 23, 2014 4:24:43 下午 org.openqa.selenium.remote.RemoteWebDriver log
信息: Executing: get [7a55d640-c1ad-ed44-b18b-f4d8e9dcdd5c, get {url=http://localhost:6461/common/xhtmlTest.html}]
三月 23, 2014 4:24:43 下午 org.openqa.selenium.remote.RemoteWebDriver log
信息: Executed: [7a55d640-c1ad-ed44-b18b-f4d8e9dcdd5c, get {url=http://localhost:6461/common/xhtmlTest.html}]
三月 23, 2014 4:24:43 下午 org.openqa.selenium.remote.RemoteWebDriver log
信息: Executing: getCurrentWindowHandle [7a55d640-c1ad-ed44-b18b-f4d8e9dcdd5c, getCurrentWindowHandle {}]
三月 23, 2014 4:24:43 下午 org.openqa.selenium.remote.RemoteWebDriver log
信息: Executed: [7a55d640-c1ad-ed44-b18b-f4d8e9dcdd5c, getCurrentWindowHandle {}]
三月 23, 2014 4:24:43 下午 org.openqa.selenium.remote.RemoteWebDriver log
信息: Executing: switchToWindow [7a55d640-c1ad-ed44-b18b-f4d8e9dcdd5c, switchToWindow {name=invalid name}]
三月 23, 2014 4:24:45 下午 org.openqa.selenium.remote.RemoteWebDriver log
信息: Executed: [7a55d640-c1ad-ed44-b18b-f4d8e9dcdd5c, switchToWindow {name=invalid name}]
三月 23, 2014 4:24:45 下午 org.openqa.selenium.remote.RemoteWebDriver log
信息: Executing: switchToWindow [7a55d640-c1ad-ed44-b18b-f4d8e9dcdd5c, switchToWindow {name={63f22692-9258-a743-8212-9368d609b741}}]
三月 23, 2014 4:24:45 下午 org.openqa.selenium.remote.RemoteWebDriver log
信息: Executed: [7a55d640-c1ad-ed44-b18b-f4d8e9dcdd5c, switchToWindow {name={63f22692-9258-a743-8212-9368d609b741}}]
三月 23, 2014 4:24:45 下午 org.openqa.selenium.testing.JUnit4TestBase$1 finished
信息: <<< Finished testShouldThrowNoSuchWindowException(org.openqa.selenium.WindowSwitchingTest)
三月 23, 2014 4:24:45 下午 org.openqa.selenium.remote.RemoteWebDriver log
信息: Executing: quit [7a55d640-c1ad-ed44-b18b-f4d8e9dcdd5c, quit {}]
三月 23, 2014 4:24:45 下午 org.openqa.selenium.remote.RemoteWebDriver log
信息: Executed: [7a55d640-c1ad-ed44-b18b-f4d8e9dcdd5c, quit {}]
三月 23, 2014 4:24:47 下午 org.openqa.selenium.testing.JUnit4TestBase$1 starting
信息: >>> Starting testCanCloseWindowAndSwitchBackToMainWindow(org.openqa.selenium.WindowSwitchingTest)
三月 23, 2014 4:24:47 下午 org.openqa.selenium.remote.RemoteWebDriver log
信息: Executing: get [43cbb99b-7a48-554a-a5ae-10acf6f7c408, get {url=http://localhost:6461/common/xhtmlTest.html}]
三月 23, 2014 4:24:47 下午 org.openqa.selenium.remote.RemoteWebDriver log
信息: Executed: [43cbb99b-7a48-554a-a5ae-10acf6f7c408, get {url=http://localhost:6461/common/xhtmlTest.html}]
三月 23, 2014 4:24:47 下午 org.openqa.selenium.remote.RemoteWebDriver log
信息: Executing: getWindowHandles [43cbb99b-7a48-554a-a5ae-10acf6f7c408, getWindowHandles {}]
三月 23, 2014 4:24:47 下午 org.openqa.selenium.remote.RemoteWebDriver log
信息: Executed: [43cbb99b-7a48-554a-a5ae-10acf6f7c408, getWindowHandles {}]
三月 23, 2014 4:24:47 下午 org.openqa.selenium.remote.RemoteWebDriver log
信息: Executing: findElement [43cbb99b-7a48-554a-a5ae-10acf6f7c408, findElement {using=name, value=windowOne}]
三月 23, 2014 4:24:47 下午 org.openqa.selenium.remote.RemoteWebDriver log
信息: Executed: [43cbb99b-7a48-554a-a5ae-10acf6f7c408, findElement {using=name, value=windowOne}]
三月 23, 2014 4:24:47 下午 org.openqa.selenium.remote.RemoteWebDriver log
信息: Executing: clickElement [43cbb99b-7a48-554a-a5ae-10acf6f7c408, clickElement {id={7f31ec3a-b23a-994d-8a29-6dd6d5251d10}}]
三月 23, 2014 4:24:47 下午 org.openqa.selenium.remote.RemoteWebDriver log
信息: Executed: [43cbb99b-7a48-554a-a5ae-10acf6f7c408, clickElement {id={7f31ec3a-b23a-994d-8a29-6dd6d5251d10}}]
三月 23, 2014 4:24:47 下午 org.openqa.selenium.remote.RemoteWebDriver log
信息: Executing: getWindowHandles [43cbb99b-7a48-554a-a5ae-10acf6f7c408, getWindowHandles {}]
三月 23, 2014 4:24:47 下午 org.openqa.selenium.remote.RemoteWebDriver log
信息: Executed: [43cbb99b-7a48-554a-a5ae-10acf6f7c408, getWindowHandles {}]
三月 23, 2014 4:24:47 下午 org.openqa.selenium.remote.RemoteWebDriver log
信息: Executing: getWindowHandles [43cbb99b-7a48-554a-a5ae-10acf6f7c408, getWindowHandles {}]
三月 23, 2014 4:24:47 下午 org.openqa.selenium.remote.RemoteWebDriver log
信息: Executed: [43cbb99b-7a48-554a-a5ae-10acf6f7c408, getWindowHandles {}]
三月 23, 2014 4:24:47 下午 org.openqa.selenium.remote.RemoteWebDriver log
信息: Executing: switchToWindow [43cbb99b-7a48-554a-a5ae-10acf6f7c408, switchToWindow {name={31ebac3b-8496-d048-b624-0d56f1992abf}}]
三月 23, 2014 4:24:47 下午 org.openqa.selenium.remote.RemoteWebDriver log
信息: Executed: [43cbb99b-7a48-554a-a5ae-10acf6f7c408, switchToWindow {name={31ebac3b-8496-d048-b624-0d56f1992abf}}]
三月 23, 2014 4:24:47 下午 org.openqa.selenium.remote.RemoteWebDriver log
信息: Executing: close [43cbb99b-7a48-554a-a5ae-10acf6f7c408, close {}]
三月 23, 2014 4:24:47 下午 org.openqa.selenium.remote.RemoteWebDriver log
信息: Executed: [43cbb99b-7a48-554a-a5ae-10acf6f7c408, close {}]
三月 23, 2014 4:24:47 下午 org.openqa.selenium.remote.RemoteWebDriver log
信息: Executing: switchToWindow [43cbb99b-7a48-554a-a5ae-10acf6f7c408, switchToWindow {name={50a70fc7-a9cd-a94f-9754-178a78f5fac0}}]
三月 23, 2014 4:24:47 下午 org.openqa.selenium.remote.RemoteWebDriver log
信息: Executed: [43cbb99b-7a48-554a-a5ae-10acf6f7c408, switchToWindow {name={50a70fc7-a9cd-a94f-9754-178a78f5fac0}}]
三月 23, 2014 4:24:47 下午 org.openqa.selenium.remote.RemoteWebDriver log
信息: Executing: getCurrentWindowHandle [43cbb99b-7a48-554a-a5ae-10acf6f7c408, getCurrentWindowHandle {}]
三月 23, 2014 4:24:47 下午 org.openqa.selenium.remote.RemoteWebDriver log
信息: Executed: [43cbb99b-7a48-554a-a5ae-10acf6f7c408, getCurrentWindowHandle {}]
三月 23, 2014 4:24:47 下午 org.openqa.selenium.testing.JUnit4TestBase$1 finished
信息: <<< Finished testCanCloseWindowAndSwitchBackToMainWindow(org.openqa.selenium.WindowSwitchingTest)
三月 23, 2014 4:24:47 下午 org.openqa.selenium.remote.RemoteWebDriver log
信息: Executing: quit [43cbb99b-7a48-554a-a5ae-10acf6f7c408, quit {}]
三月 23, 2014 4:24:47 下午 org.openqa.selenium.remote.RemoteWebDriver log
信息: Executed: [43cbb99b-7a48-554a-a5ae-10acf6f7c408, quit {}]
三月 23, 2014 4:24:47 下午 org.openqa.selenium.testing.JUnit4TestBase$1 starting
信息: >>> Starting testFailingToSwitchToAWindowLeavesTheCurrentWindowAsIs(org.openqa.selenium.WindowSwitchingTest)
三月 23, 2014 4:24:49 下午 org.openqa.selenium.remote.RemoteWebDriver log
信息: Executing: get [dd88e150-4f55-3e44-87e6-871748fe8968, get {url=http://localhost:6461/common/xhtmlTest.html}]
三月 23, 2014 4:24:49 下午 org.openqa.selenium.remote.RemoteWebDriver log
信息: Executed: [dd88e150-4f55-3e44-87e6-871748fe8968, get {url=http://localhost:6461/common/xhtmlTest.html}]
三月 23, 2014 4:24:49 下午 org.openqa.selenium.remote.RemoteWebDriver log
信息: Executing: getCurrentWindowHandle [dd88e150-4f55-3e44-87e6-871748fe8968, getCurrentWindowHandle {}]
三月 23, 2014 4:24:49 下午 org.openqa.selenium.remote.RemoteWebDriver log
信息: Executed: [dd88e150-4f55-3e44-87e6-871748fe8968, getCurrentWindowHandle {}]
三月 23, 2014 4:24:49 下午 org.openqa.selenium.remote.RemoteWebDriver log
信息: Executing: switchToWindow [dd88e150-4f55-3e44-87e6-871748fe8968, switchToWindow {name=i will never exist}]
三月 23, 2014 4:24:51 下午 org.openqa.selenium.remote.RemoteWebDriver log
信息: Executed: [dd88e150-4f55-3e44-87e6-871748fe8968, switchToWindow {name=i will never exist}]
三月 23, 2014 4:24:51 下午 org.openqa.selenium.remote.RemoteWebDriver log
信息: Executing: getCurrentWindowHandle [dd88e150-4f55-3e44-87e6-871748fe8968, getCurrentWindowHandle {}]
三月 23, 2014 4:24:51 下午 org.openqa.selenium.remote.RemoteWebDriver log
信息: Executed: [dd88e150-4f55-3e44-87e6-871748fe8968, getCurrentWindowHandle {}]
三月 23, 2014 4:24:51 下午 org.openqa.selenium.testing.JUnit4TestBase$1 finished
信息: <<< Finished testFailingToSwitchToAWindowLeavesTheCurrentWindowAsIs(org.openqa.selenium.WindowSwitchingTest)
三月 23, 2014 4:24:51 下午 org.openqa.selenium.testing.JUnit4TestBase$1 starting
信息: >>> Starting testShouldThrowNoSuchWindowExceptionOnAnAttemptToGetItsHandle(org.openqa.selenium.WindowSwitchingTest)
三月 23, 2014 4:24:51 下午 org.openqa.selenium.remote.RemoteWebDriver log
信息: Executing: get [dd88e150-4f55-3e44-87e6-871748fe8968, get {url=http://localhost:6461/common/xhtmlTest.html}]
三月 23, 2014 4:24:51 下午 org.openqa.selenium.remote.RemoteWebDriver log
信息: Executed: [dd88e150-4f55-3e44-87e6-871748fe8968, get {url=http://localhost:6461/common/xhtmlTest.html}]
三月 23, 2014 4:24:51 下午 org.openqa.selenium.remote.RemoteWebDriver log
信息: Executing: getCurrentWindowHandle [dd88e150-4f55-3e44-87e6-871748fe8968, getCurrentWindowHandle {}]
三月 23, 2014 4:24:51 下午 org.openqa.selenium.remote.RemoteWebDriver log
信息: Executed: [dd88e150-4f55-3e44-87e6-871748fe8968, getCurrentWindowHandle {}]
三月 23, 2014 4:24:51 下午 org.openqa.selenium.remote.RemoteWebDriver log
信息: Executing: getWindowHandles [dd88e150-4f55-3e44-87e6-871748fe8968, getWindowHandles {}]
三月 23, 2014 4:24:51 下午 org.openqa.selenium.remote.RemoteWebDriver log
信息: Executed: [dd88e150-4f55-3e44-87e6-871748fe8968, getWindowHandles {}]
三月 23, 2014 4:24:51 下午 org.openqa.selenium.remote.RemoteWebDriver log
信息: Executing: findElement [dd88e150-4f55-3e44-87e6-871748fe8968, findElement {using=link text, value=Open new window}]
三月 23, 2014 4:24:51 下午 org.openqa.selenium.remote.RemoteWebDriver log
信息: Executed: [dd88e150-4f55-3e44-87e6-871748fe8968, findElement {using=link text, value=Open new window}]
三月 23, 2014 4:24:51 下午 org.openqa.selenium.remote.RemoteWebDriver log
信息: Executing: clickElement [dd88e150-4f55-3e44-87e6-871748fe8968, clickElement {id={7bab0595-27b8-464c-a2ab-e6e15ccd4165}}]
三月 23, 2014 4:24:52 下午 org.openqa.selenium.remote.RemoteWebDriver log
信息: Executed: [dd88e150-4f55-3e44-87e6-871748fe8968, clickElement {id={7bab0595-27b8-464c-a2ab-e6e15ccd4165}}]
三月 23, 2014 4:24:52 下午 org.openqa.selenium.remote.RemoteWebDriver log
信息: Executing: getWindowHandles [dd88e150-4f55-3e44-87e6-871748fe8968, getWindowHandles {}]
三月 23, 2014 4:24:52 下午 org.openqa.selenium.remote.RemoteWebDriver log
信息: Executed: [dd88e150-4f55-3e44-87e6-871748fe8968, getWindowHandles {}]
三月 23, 2014 4:24:52 下午 org.openqa.selenium.remote.RemoteWebDriver log
信息: Executing: switchToWindow [dd88e150-4f55-3e44-87e6-871748fe8968, switchToWindow {name=result}]
三月 23, 2014 4:24:52 下午 org.openqa.selenium.remote.RemoteWebDriver log
信息: Executed: [dd88e150-4f55-3e44-87e6-871748fe8968, switchToWindow {name=result}]
三月 23, 2014 4:24:52 下午 org.openqa.selenium.remote.RemoteWebDriver log
信息: Executing: close [dd88e150-4f55-3e44-87e6-871748fe8968, close {}]
三月 23, 2014 4:24:52 下午 org.openqa.selenium.remote.RemoteWebDriver log
信息: Executed: [dd88e150-4f55-3e44-87e6-871748fe8968, close {}]
三月 23, 2014 4:24:52 下午 org.openqa.selenium.remote.RemoteWebDriver log
信息: Executing: getCurrentWindowHandle [dd88e150-4f55-3e44-87e6-871748fe8968, getCurrentWindowHandle {}]
三月 23, 2014 4:24:52 下午 org.openqa.selenium.remote.RemoteWebDriver log
信息: Executed: [dd88e150-4f55-3e44-87e6-871748fe8968, getCurrentWindowHandle {}]
三月 23, 2014 4:24:52 下午 org.openqa.selenium.remote.RemoteWebDriver log
信息: Executing: switchToWindow [dd88e150-4f55-3e44-87e6-871748fe8968, switchToWindow {name={4248e531-7c6a-724d-ba0e-f566241121b9}}]
三月 23, 2014 4:24:52 下午 org.openqa.selenium.remote.RemoteWebDriver log
信息: Executed: [dd88e150-4f55-3e44-87e6-871748fe8968, switchToWindow {name={4248e531-7c6a-724d-ba0e-f566241121b9}}]
三月 23, 2014 4:24:52 下午 org.openqa.selenium.testing.JUnit4TestBase$1 finished
信息: <<< Finished testShouldThrowNoSuchWindowExceptionOnAnAttemptToGetItsHandle(org.openqa.selenium.WindowSwitchingTest)
三月 23, 2014 4:24:52 下午 org.openqa.selenium.testing.JUnit4TestBase$1 starting
信息: >>> Starting testCanObtainAWindowHandle(org.openqa.selenium.WindowSwitchingTest)
三月 23, 2014 4:24:52 下午 org.openqa.selenium.remote.RemoteWebDriver log
信息: Executing: get [dd88e150-4f55-3e44-87e6-871748fe8968, get {url=http://localhost:6461/common/xhtmlTest.html}]
三月 23, 2014 4:24:52 下午 org.openqa.selenium.remote.RemoteWebDriver log
信息: Executed: [dd88e150-4f55-3e44-87e6-871748fe8968, get {url=http://localhost:6461/common/xhtmlTest.html}]
三月 23, 2014 4:24:52 下午 org.openqa.selenium.remote.RemoteWebDriver log
信息: Executing: getCurrentWindowHandle [dd88e150-4f55-3e44-87e6-871748fe8968, getCurrentWindowHandle {}]
三月 23, 2014 4:24:52 下午 org.openqa.selenium.remote.RemoteWebDriver log
信息: Executed: [dd88e150-4f55-3e44-87e6-871748fe8968, getCurrentWindowHandle {}]
三月 23, 2014 4:24:52 下午 org.openqa.selenium.testing.JUnit4TestBase$1 finished
信息: <<< Finished testCanObtainAWindowHandle(org.openqa.selenium.WindowSwitchingTest)
三月 23, 2014 4:24:52 下午 org.openqa.selenium.remote.RemoteWebDriver log
信息: Executing: quit [dd88e150-4f55-3e44-87e6-871748fe8968, quit {}]
三月 23, 2014 4:24:52 下午 org.openqa.selenium.remote.RemoteWebDriver log
信息: Executed: [dd88e150-4f55-3e44-87e6-871748fe8968, quit {}]
三月 23, 2014 4:24:54 下午 org.openqa.selenium.testing.JUnit4TestBase$1 starting
信息: >>> Starting testClosingOnlyWindowShouldNotCauseTheBrowserToHang(org.openqa.selenium.WindowSwitchingTest)
三月 23, 2014 4:24:54 下午 org.openqa.selenium.remote.RemoteWebDriver log
信息: Executing: get [9794ae95-26ba-c847-9d9d-92e186790896, get {url=http://localhost:6461/common/xhtmlTest.html}]
三月 23, 2014 4:24:54 下午 org.openqa.selenium.remote.RemoteWebDriver log
信息: Executed: [9794ae95-26ba-c847-9d9d-92e186790896, get {url=http://localhost:6461/common/xhtmlTest.html}]
三月 23, 2014 4:24:54 下午 org.openqa.selenium.remote.RemoteWebDriver log
信息: Executing: close [9794ae95-26ba-c847-9d9d-92e186790896, close {}]
三月 23, 2014 4:24:54 下午 org.openqa.selenium.remote.RemoteWebDriver log
信息: Executed: [9794ae95-26ba-c847-9d9d-92e186790896, close {}]
三月 23, 2014 4:24:54 下午 org.openqa.selenium.testing.JUnit4TestBase$1 finished
信息: <<< Finished testClosingOnlyWindowShouldNotCauseTheBrowserToHang(org.openqa.selenium.WindowSwitchingTest)
三月 23, 2014 4:24:54 下午 org.openqa.selenium.remote.RemoteWebDriver log
信息: Executing: quit [9794ae95-26ba-c847-9d9d-92e186790896, quit {}]
三月 23, 2014 4:24:54 下午 org.openqa.selenium.remote.RemoteWebDriver log
信息: Executed: [9794ae95-26ba-c847-9d9d-92e186790896, quit {}]
三月 23, 2014 4:24:54 下午 org.openqa.selenium.testing.JUnit4TestBase$1 starting
信息: >>> Starting testCanCallGetWindowHandlesAfterClosingAWindow(org.openqa.selenium.WindowSwitchingTest)
三月 23, 2014 4:24:56 下午 org.openqa.selenium.remote.RemoteWebDriver log
信息: Executing: get [eec5e729-ee5b-3541-ada6-235e519df858, get {url=http://localhost:6461/common/xhtmlTest.html}]
三月 23, 2014 4:24:56 下午 org.openqa.selenium.remote.RemoteWebDriver log
信息: Executed: [eec5e729-ee5b-3541-ada6-235e519df858, get {url=http://localhost:6461/common/xhtmlTest.html}]
三月 23, 2014 4:24:56 下午 org.openqa.selenium.remote.RemoteWebDriver log
信息: Executing: executeScript [eec5e729-ee5b-3541-ada6-235e519df858, executeScript {script=return navigator.userAgent;, args=[]}]
三月 23, 2014 4:24:56 下午 org.openqa.selenium.remote.RemoteWebDriver log
信息: Executed: [eec5e729-ee5b-3541-ada6-235e519df858, executeScript {script=return navigator.userAgent;, args=[]}]
三月 23, 2014 4:24:56 下午 org.openqa.selenium.remote.RemoteWebDriver log
信息: Executing: executeScript [eec5e729-ee5b-3541-ada6-235e519df858, executeScript {script=return navigator.userAgent;, args=[]}]
三月 23, 2014 4:24:56 下午 org.openqa.selenium.remote.RemoteWebDriver log
信息: Executed: [eec5e729-ee5b-3541-ada6-235e519df858, executeScript {script=return navigator.userAgent;, args=[]}]
三月 23, 2014 4:24:56 下午 org.openqa.selenium.remote.RemoteWebDriver log
信息: Executing: getCurrentWindowHandle [eec5e729-ee5b-3541-ada6-235e519df858, getCurrentWindowHandle {}]
三月 23, 2014 4:24:56 下午 org.openqa.selenium.remote.RemoteWebDriver log
信息: Executed: [eec5e729-ee5b-3541-ada6-235e519df858, getCurrentWindowHandle {}]
三月 23, 2014 4:24:56 下午 org.openqa.selenium.remote.RemoteWebDriver log
信息: Executing: getWindowHandles [eec5e729-ee5b-3541-ada6-235e519df858, getWindowHandles {}]
三月 23, 2014 4:24:56 下午 org.openqa.selenium.remote.RemoteWebDriver log
信息: Executed: [eec5e729-ee5b-3541-ada6-235e519df858, getWindowHandles {}]
三月 23, 2014 4:24:56 下午 org.openqa.selenium.remote.RemoteWebDriver log
信息: Executing: findElement [eec5e729-ee5b-3541-ada6-235e519df858, findElement {using=name, value=windowThree}]
三月 23, 2014 4:24:56 下午 org.openqa.selenium.remote.RemoteWebDriver log
信息: Executed: [eec5e729-ee5b-3541-ada6-235e519df858, findElement {using=name, value=windowThree}]
三月 23, 2014 4:24:56 下午 org.openqa.selenium.remote.RemoteWebDriver log
信息: Executing: clickElement [eec5e729-ee5b-3541-ada6-235e519df858, clickElement {id={26fa0a84-0822-de41-945e-0e6551d24a6e}}]
三月 23, 2014 4:24:56 下午 org.openqa.selenium.remote.RemoteWebDriver log
信息: Executed: [eec5e729-ee5b-3541-ada6-235e519df858, clickElement {id={26fa0a84-0822-de41-945e-0e6551d24a6e}}]
三月 23, 2014 4:24:56 下午 org.openqa.selenium.remote.RemoteWebDriver log
信息: Executing: getWindowHandles [eec5e729-ee5b-3541-ada6-235e519df858, getWindowHandles {}]
三月 23, 2014 4:24:56 下午 org.openqa.selenium.remote.RemoteWebDriver log
信息: Executed: [eec5e729-ee5b-3541-ada6-235e519df858, getWindowHandles {}]
三月 23, 2014 4:24:56 下午 org.openqa.selenium.remote.RemoteWebDriver log
信息: Executing: switchToWindow [eec5e729-ee5b-3541-ada6-235e519df858, switchToWindow {name=result}]
三月 23, 2014 4:24:56 下午 org.openqa.selenium.remote.RemoteWebDriver log
信息: Executed: [eec5e729-ee5b-3541-ada6-235e519df858, switchToWindow {name=result}]
三月 23, 2014 4:24:56 下午 org.openqa.selenium.remote.RemoteWebDriver log
信息: Executing: getWindowHandles [eec5e729-ee5b-3541-ada6-235e519df858, getWindowHandles {}]
三月 23, 2014 4:24:56 下午 org.openqa.selenium.remote.RemoteWebDriver log
信息: Executed: [eec5e729-ee5b-3541-ada6-235e519df858, getWindowHandles {}]
三月 23, 2014 4:24:56 下午 org.openqa.selenium.remote.RemoteWebDriver log
信息: Executing: findElement [eec5e729-ee5b-3541-ada6-235e519df858, findElement {using=id, value=close}]
三月 23, 2014 4:24:56 下午 org.openqa.selenium.remote.RemoteWebDriver log
信息: Executed: [eec5e729-ee5b-3541-ada6-235e519df858, findElement {using=id, value=close}]
三月 23, 2014 4:24:56 下午 org.openqa.selenium.remote.RemoteWebDriver log
信息: Executing: clickElement [eec5e729-ee5b-3541-ada6-235e519df858, clickElement {id={e2663ba1-794e-8c49-b47d-340982b3bd3d}}]
三月 23, 2014 4:24:56 下午 org.openqa.selenium.remote.RemoteWebDriver log
信息: Executed: [eec5e729-ee5b-3541-ada6-235e519df858, clickElement {id={e2663ba1-794e-8c49-b47d-340982b3bd3d}}]
三月 23, 2014 4:24:56 下午 org.openqa.selenium.remote.RemoteWebDriver log
信息: Executing: getWindowHandles [eec5e729-ee5b-3541-ada6-235e519df858, getWindowHandles {}]
三月 23, 2014 4:24:56 下午 org.openqa.selenium.remote.RemoteWebDriver log
信息: Executed: [eec5e729-ee5b-3541-ada6-235e519df858, getWindowHandles {}]
三月 23, 2014 4:24:56 下午 org.openqa.selenium.remote.RemoteWebDriver log
信息: Executing: switchToWindow [eec5e729-ee5b-3541-ada6-235e519df858, switchToWindow {name={60657aa1-75b1-9f41-afe1-2320f91890ca}}]
三月 23, 2014 4:24:56 下午 org.openqa.selenium.remote.RemoteWebDriver log
信息: Executed: [eec5e729-ee5b-3541-ada6-235e519df858, switchToWindow {name={60657aa1-75b1-9f41-afe1-2320f91890ca}}]
三月 23, 2014 4:24:56 下午 org.openqa.selenium.testing.JUnit4TestBase$1 finished
信息: <<< Finished testCanCallGetWindowHandlesAfterClosingAWindow(org.openqa.selenium.WindowSwitchingTest)
三月 23, 2014 4:24:56 下午 org.openqa.selenium.testing.JUnit4TestBase$1 starting
信息: >>> Starting testShouldNotBeAbleToGetContextHandle(org.openqa.selenium.ContextSwitchingTest)
三月 23, 2014 4:24:56 下午 org.openqa.selenium.testing.JUnit4TestBase$1 finished
信息: <<< Finished testShouldNotBeAbleToGetContextHandle(org.openqa.selenium.ContextSwitchingTest)
三月 23, 2014 4:24:56 下午 org.openqa.selenium.testing.JUnit4TestBase$1 starting
信息: >>> Starting testShouldNotBeAbleToGetContextHandles(org.openqa.selenium.ContextSwitchingTest)
三月 23, 2014 4:24:56 下午 org.openqa.selenium.testing.JUnit4TestBase$1 finished
信息: <<< Finished testShouldNotBeAbleToGetContextHandles(org.openqa.selenium.ContextSwitchingTest)
三月 23, 2014 4:24:56 下午 org.openqa.selenium.testing.JUnit4TestBase$1 starting
信息: >>> Starting testShouldNotBeAbleToSwitchContext(org.openqa.selenium.ContextSwitchingTest)
三月 23, 2014 4:24:56 下午 org.openqa.selenium.testing.JUnit4TestBase$1 finished
信息: <<< Finished testShouldNotBeAbleToSwitchContext(org.openqa.selenium.ContextSwitchingTest)
三月 23, 2014 4:24:56 下午 org.openqa.selenium.testing.JUnit4TestBase$1 starting
信息: >>> Starting testSetsTheSizeOfTheCurrentWindowFromIframe(org.openqa.selenium.WindowTest)
三月 23, 2014 4:24:56 下午 org.openqa.selenium.remote.RemoteWebDriver log
信息: Executing: get [eec5e729-ee5b-3541-ada6-235e519df858, get {url=http://localhost:6461/common/iframes.html}]
三月 23, 2014 4:24:56 下午 org.openqa.selenium.remote.RemoteWebDriver log
信息: Executed: [eec5e729-ee5b-3541-ada6-235e519df858, get {url=http://localhost:6461/common/iframes.html}]
三月 23, 2014 4:24:56 下午 org.openqa.selenium.remote.RemoteWebDriver log
信息: Executing: switchToFrame [eec5e729-ee5b-3541-ada6-235e519df858, switchToFrame {id=iframe1-name}]
三月 23, 2014 4:24:56 下午 org.openqa.selenium.remote.RemoteWebDriver log
信息: Executed: [eec5e729-ee5b-3541-ada6-235e519df858, switchToFrame {id=iframe1-name}]
三月 23, 2014 4:24:56 下午 org.openqa.selenium.remote.RemoteWebDriver log
信息: Executing: getWindowSize [eec5e729-ee5b-3541-ada6-235e519df858, getWindowSize {windowHandle=current}]
三月 23, 2014 4:24:56 下午 org.openqa.selenium.remote.RemoteWebDriver log
信息: Executed: [eec5e729-ee5b-3541-ada6-235e519df858, getWindowSize {windowHandle=current}]
三月 23, 2014 4:24:56 下午 org.openqa.selenium.remote.RemoteWebDriver log
信息: Executing: setWindowSize [eec5e729-ee5b-3541-ada6-235e519df858, setWindowSize {windowHandle=current, width=940, height=523}]
三月 23, 2014 4:24:56 下午 org.openqa.selenium.remote.RemoteWebDriver log
信息: Executed: [eec5e729-ee5b-3541-ada6-235e519df858, setWindowSize {windowHandle=current, width=940, height=523}]
三月 23, 2014 4:24:56 下午 org.openqa.selenium.remote.RemoteWebDriver log
信息: Executing: getWindowSize [eec5e729-ee5b-3541-ada6-235e519df858, getWindowSize {windowHandle=current}]
三月 23, 2014 4:24:57 下午 org.openqa.selenium.remote.RemoteWebDriver log
信息: Executed: [eec5e729-ee5b-3541-ada6-235e519df858, getWindowSize {windowHandle=current}]
三月 23, 2014 4:24:57 下午 org.openqa.selenium.remote.RemoteWebDriver log
信息: Executing: switchToFrame [eec5e729-ee5b-3541-ada6-235e519df858, switchToFrame {id=null}]
三月 23, 2014 4:24:57 下午 org.openqa.selenium.remote.RemoteWebDriver log
信息: Executed: [eec5e729-ee5b-3541-ada6-235e519df858, switchToFrame {id=null}]
三月 23, 2014 4:24:57 下午 org.openqa.selenium.testing.JUnit4TestBase$1 finished
信息: <<< Finished testSetsTheSizeOfTheCurrentWindowFromIframe(org.openqa.selenium.WindowTest)
三月 23, 2014 4:24:57 下午 org.openqa.selenium.testing.JUnit4TestBase$1 starting
信息: >>> Starting testSetsThePositionOfTheCurrentWindow(org.openqa.selenium.WindowTest)
三月 23, 2014 4:24:57 下午 org.openqa.selenium.remote.RemoteWebDriver log
信息: Executing: getWindowPosition [eec5e729-ee5b-3541-ada6-235e519df858, getWindowPosition {windowHandle=current}]
三月 23, 2014 4:24:57 下午 org.openqa.selenium.remote.RemoteWebDriver log
信息: Executed: [eec5e729-ee5b-3541-ada6-235e519df858, getWindowPosition {windowHandle=current}]
三月 23, 2014 4:24:57 下午 org.openqa.selenium.remote.RemoteWebDriver log
信息: Executing: getWindowSize [eec5e729-ee5b-3541-ada6-235e519df858, getWindowSize {windowHandle=current}]
三月 23, 2014 4:24:57 下午 org.openqa.selenium.remote.RemoteWebDriver log
信息: Executed: [eec5e729-ee5b-3541-ada6-235e519df858, getWindowSize {windowHandle=current}]
三月 23, 2014 4:24:57 下午 org.openqa.selenium.remote.RemoteWebDriver log
信息: Executing: setWindowSize [eec5e729-ee5b-3541-ada6-235e519df858, setWindowSize {windowHandle=current, width=200, height=200}]
三月 23, 2014 4:24:57 下午 org.openqa.selenium.remote.RemoteWebDriver log
信息: Executed: [eec5e729-ee5b-3541-ada6-235e519df858, setWindowSize {windowHandle=current, width=200, height=200}]
三月 23, 2014 4:24:57 下午 org.openqa.selenium.remote.RemoteWebDriver log
信息: Executing: setWindowPosition [eec5e729-ee5b-3541-ada6-235e519df858, setWindowPosition {windowHandle=current, x=14, y=32}]
三月 23, 2014 4:24:57 下午 org.openqa.selenium.remote.RemoteWebDriver log
信息: Executed: [eec5e729-ee5b-3541-ada6-235e519df858, setWindowPosition {windowHandle=current, x=14, y=32}]
三月 23, 2014 4:24:57 下午 org.openqa.selenium.remote.RemoteWebDriver log
信息: Executing: getWindowPosition [eec5e729-ee5b-3541-ada6-235e519df858, getWindowPosition {windowHandle=current}]
三月 23, 2014 4:24:57 下午 org.openqa.selenium.remote.RemoteWebDriver log
信息: Executed: [eec5e729-ee5b-3541-ada6-235e519df858, getWindowPosition {windowHandle=current}]
三月 23, 2014 4:24:57 下午 org.openqa.selenium.remote.RemoteWebDriver log
信息: Executing: getWindowPosition [eec5e729-ee5b-3541-ada6-235e519df858, getWindowPosition {windowHandle=current}]
三月 23, 2014 4:24:57 下午 org.openqa.selenium.remote.RemoteWebDriver log
信息: Executed: [eec5e729-ee5b-3541-ada6-235e519df858, getWindowPosition {windowHandle=current}]
三月 23, 2014 4:24:57 下午 org.openqa.selenium.remote.RemoteWebDriver log
信息: Executing: setWindowSize [eec5e729-ee5b-3541-ada6-235e519df858, setWindowSize {windowHandle=current, width=940, height=523}]
三月 23, 2014 4:24:57 下午 org.openqa.selenium.remote.RemoteWebDriver log
信息: Executed: [eec5e729-ee5b-3541-ada6-235e519df858, setWindowSize {windowHandle=current, width=940, height=523}]
三月 23, 2014 4:24:57 下午 org.openqa.selenium.testing.JUnit4TestBase$1 finished
信息: <<< Finished testSetsThePositionOfTheCurrentWindow(org.openqa.selenium.WindowTest)
三月 23, 2014 4:24:57 下午 org.openqa.selenium.testing.JUnit4TestBase$1 starting
信息: >>> Starting testGetsThePositionOfTheCurrentWindow(org.openqa.selenium.WindowTest)
三月 23, 2014 4:24:57 下午 org.openqa.selenium.remote.RemoteWebDriver log
信息: Executing: getWindowPosition [eec5e729-ee5b-3541-ada6-235e519df858, getWindowPosition {windowHandle=current}]
三月 23, 2014 4:24:57 下午 org.openqa.selenium.remote.RemoteWebDriver log
信息: Executed: [eec5e729-ee5b-3541-ada6-235e519df858, getWindowPosition {windowHandle=current}]
三月 23, 2014 4:24:57 下午 org.openqa.selenium.testing.JUnit4TestBase$1 finished
信息: <<< Finished testGetsThePositionOfTheCurrentWindow(org.openqa.selenium.WindowTest)
三月 23, 2014 4:24:57 下午 org.openqa.selenium.testing.JUnit4TestBase$1 starting
信息: >>> Starting testSetsTheSizeOfTheCurrentWindowFromFrame(org.openqa.selenium.WindowTest)
三月 23, 2014 4:24:57 下午 org.openqa.selenium.remote.RemoteWebDriver log
信息: Executing: get [eec5e729-ee5b-3541-ada6-235e519df858, get {url=http://localhost:6461/common/frameset.html}]
三月 23, 2014 4:24:57 下午 org.openqa.selenium.remote.RemoteWebDriver log
信息: Executed: [eec5e729-ee5b-3541-ada6-235e519df858, get {url=http://localhost:6461/common/frameset.html}]
三月 23, 2014 4:24:57 下午 org.openqa.selenium.remote.RemoteWebDriver log
信息: Executing: switchToFrame [eec5e729-ee5b-3541-ada6-235e519df858, switchToFrame {id=fourth}]
三月 23, 2014 4:24:57 下午 org.openqa.selenium.remote.RemoteWebDriver log
信息: Executed: [eec5e729-ee5b-3541-ada6-235e519df858, switchToFrame {id=fourth}]
三月 23, 2014 4:24:57 下午 org.openqa.selenium.remote.RemoteWebDriver log
信息: Executing: getWindowSize [eec5e729-ee5b-3541-ada6-235e519df858, getWindowSize {windowHandle=current}]
三月 23, 2014 4:24:57 下午 org.openqa.selenium.remote.RemoteWebDriver log
信息: Executed: [eec5e729-ee5b-3541-ada6-235e519df858, getWindowSize {windowHandle=current}]
三月 23, 2014 4:24:57 下午 org.openqa.selenium.remote.RemoteWebDriver log
信息: Executing: setWindowSize [eec5e729-ee5b-3541-ada6-235e519df858, setWindowSize {windowHandle=current, width=920, height=503}]
三月 23, 2014 4:24:57 下午 org.openqa.selenium.remote.RemoteWebDriver log
信息: Executed: [eec5e729-ee5b-3541-ada6-235e519df858, setWindowSize {windowHandle=current, width=920, height=503}]
三月 23, 2014 4:24:57 下午 org.openqa.selenium.remote.RemoteWebDriver log
信息: Executing: getWindowSize [eec5e729-ee5b-3541-ada6-235e519df858, getWindowSize {windowHandle=current}]
三月 23, 2014 4:24:57 下午 org.openqa.selenium.remote.RemoteWebDriver log
信息: Executed: [eec5e729-ee5b-3541-ada6-235e519df858, getWindowSize {windowHandle=current}]
三月 23, 2014 4:24:57 下午 org.openqa.selenium.remote.RemoteWebDriver log
信息: Executing: switchToFrame [eec5e729-ee5b-3541-ada6-235e519df858, switchToFrame {id=null}]
三月 23, 2014 4:24:57 下午 org.openqa.selenium.remote.RemoteWebDriver log
信息: Executed: [eec5e729-ee5b-3541-ada6-235e519df858, switchToFrame {id=null}]
三月 23, 2014 4:24:57 下午 org.openqa.selenium.testing.JUnit4TestBase$1 finished
信息: <<< Finished testSetsTheSizeOfTheCurrentWindowFromFrame(org.openqa.selenium.WindowTest)
三月 23, 2014 4:24:57 下午 org.openqa.selenium.testing.JUnit4TestBase$1 starting
信息: >>> Starting testCanMaximizeTheWindowFromFrame(org.openqa.selenium.WindowTest)
三月 23, 2014 4:24:57 下午 org.openqa.selenium.remote.RemoteWebDriver log
信息: Executing: get [eec5e729-ee5b-3541-ada6-235e519df858, get {url=http://localhost:6461/common/frameset.html}]
三月 23, 2014 4:24:58 下午 org.openqa.selenium.remote.RemoteWebDriver log
信息: Executed: [eec5e729-ee5b-3541-ada6-235e519df858, get {url=http://localhost:6461/common/frameset.html}]
三月 23, 2014 4:24:58 下午 org.openqa.selenium.remote.RemoteWebDriver log
信息: Executing: setWindowSize [eec5e729-ee5b-3541-ada6-235e519df858, setWindowSize {windowHandle=current, width=450, height=275}]
三月 23, 2014 4:24:58 下午 org.openqa.selenium.remote.RemoteWebDriver log
信息: Executed: [eec5e729-ee5b-3541-ada6-235e519df858, setWindowSize {windowHandle=current, width=450, height=275}]
三月 23, 2014 4:24:58 下午 org.openqa.selenium.remote.RemoteWebDriver log
信息: Executing: getWindowSize [eec5e729-ee5b-3541-ada6-235e519df858, getWindowSize {windowHandle=current}]
三月 23, 2014 4:24:58 下午 org.openqa.selenium.remote.RemoteWebDriver log
信息: Executed: [eec5e729-ee5b-3541-ada6-235e519df858, getWindowSize {windowHandle=current}]
三月 23, 2014 4:24:58 下午 org.openqa.selenium.remote.RemoteWebDriver log
信息: Executing: switchToFrame [eec5e729-ee5b-3541-ada6-235e519df858, switchToFrame {id=fourth}]
三月 23, 2014 4:24:58 下午 org.openqa.selenium.remote.RemoteWebDriver log
信息: Executed: [eec5e729-ee5b-3541-ada6-235e519df858, switchToFrame {id=fourth}]
三月 23, 2014 4:24:58 下午 org.openqa.selenium.remote.RemoteWebDriver log
信息: Executing: getWindowSize [eec5e729-ee5b-3541-ada6-235e519df858, getWindowSize {windowHandle=current}]
三月 23, 2014 4:24:58 下午 org.openqa.selenium.remote.RemoteWebDriver log
信息: Executed: [eec5e729-ee5b-3541-ada6-235e519df858, getWindowSize {windowHandle=current}]
三月 23, 2014 4:24:58 下午 org.openqa.selenium.remote.RemoteWebDriver log
信息: Executing: maximizeWindow [eec5e729-ee5b-3541-ada6-235e519df858, maximizeWindow {windowHandle=current}]
三月 23, 2014 4:24:59 下午 org.openqa.selenium.remote.RemoteWebDriver log
信息: Executed: [eec5e729-ee5b-3541-ada6-235e519df858, maximizeWindow {windowHandle=current}]
三月 23, 2014 4:24:59 下午 org.openqa.selenium.remote.RemoteWebDriver log
信息: Executing: getWindowSize [eec5e729-ee5b-3541-ada6-235e519df858, getWindowSize {windowHandle=current}]
三月 23, 2014 4:24:59 下午 org.openqa.selenium.remote.RemoteWebDriver log
信息: Executed: [eec5e729-ee5b-3541-ada6-235e519df858, getWindowSize {windowHandle=current}]
三月 23, 2014 4:24:59 下午 org.openqa.selenium.WindowTest$2 apply
信息: waiting for width, Current dimensions are (1280, 724)
三月 23, 2014 4:24:59 下午 org.openqa.selenium.remote.RemoteWebDriver log
信息: Executing: getWindowSize [eec5e729-ee5b-3541-ada6-235e519df858, getWindowSize {windowHandle=current}]
三月 23, 2014 4:24:59 下午 org.openqa.selenium.remote.RemoteWebDriver log
信息: Executed: [eec5e729-ee5b-3541-ada6-235e519df858, getWindowSize {windowHandle=current}]
三月 23, 2014 4:24:59 下午 org.openqa.selenium.WindowTest$3 apply
信息: waiting for height, Current dimensions are (1280, 724)
三月 23, 2014 4:24:59 下午 org.openqa.selenium.remote.RemoteWebDriver log
信息: Executing: switchToFrame [eec5e729-ee5b-3541-ada6-235e519df858, switchToFrame {id=null}]
三月 23, 2014 4:24:59 下午 org.openqa.selenium.remote.RemoteWebDriver log
信息: Executed: [eec5e729-ee5b-3541-ada6-235e519df858, switchToFrame {id=null}]
三月 23, 2014 4:24:59 下午 org.openqa.selenium.testing.JUnit4TestBase$1 finished
信息: <<< Finished testCanMaximizeTheWindowFromFrame(org.openqa.selenium.WindowTest)
三月 23, 2014 4:24:59 下午 org.openqa.selenium.testing.JUnit4TestBase$1 starting
信息: >>> Starting testCanMaximizeTheWindowFromIframe(org.openqa.selenium.WindowTest)
三月 23, 2014 4:24:59 下午 org.openqa.selenium.remote.RemoteWebDriver log
信息: Executing: get [eec5e729-ee5b-3541-ada6-235e519df858, get {url=http://localhost:6461/common/iframes.html}]
三月 23, 2014 4:24:59 下午 org.openqa.selenium.remote.RemoteWebDriver log
信息: Executed: [eec5e729-ee5b-3541-ada6-235e519df858, get {url=http://localhost:6461/common/iframes.html}]
三月 23, 2014 4:24:59 下午 org.openqa.selenium.remote.RemoteWebDriver log
信息: Executing: setWindowSize [eec5e729-ee5b-3541-ada6-235e519df858, setWindowSize {windowHandle=current, width=450, height=275}]
三月 23, 2014 4:24:59 下午 org.openqa.selenium.remote.RemoteWebDriver log
信息: Executed: [eec5e729-ee5b-3541-ada6-235e519df858, setWindowSize {windowHandle=current, width=450, height=275}]
三月 23, 2014 4:24:59 下午 org.openqa.selenium.remote.RemoteWebDriver log
信息: Executing: getWindowSize [eec5e729-ee5b-3541-ada6-235e519df858, getWindowSize {windowHandle=current}]
三月 23, 2014 4:24:59 下午 org.openqa.selenium.remote.RemoteWebDriver log
信息: Executed: [eec5e729-ee5b-3541-ada6-235e519df858, getWindowSize {windowHandle=current}]
三月 23, 2014 4:24:59 下午 org.openqa.selenium.remote.RemoteWebDriver log
信息: Executing: switchToFrame [eec5e729-ee5b-3541-ada6-235e519df858, switchToFrame {id=iframe1-name}]
三月 23, 2014 4:24:59 下午 org.openqa.selenium.remote.RemoteWebDriver log
信息: Executed: [eec5e729-ee5b-3541-ada6-235e519df858, switchToFrame {id=iframe1-name}]
三月 23, 2014 4:24:59 下午 org.openqa.selenium.remote.RemoteWebDriver log
信息: Executing: getWindowSize [eec5e729-ee5b-3541-ada6-235e519df858, getWindowSize {windowHandle=current}]
三月 23, 2014 4:24:59 下午 org.openqa.selenium.remote.RemoteWebDriver log
信息: Executed: [eec5e729-ee5b-3541-ada6-235e519df858, getWindowSize {windowHandle=current}]
三月 23, 2014 4:24:59 下午 org.openqa.selenium.remote.RemoteWebDriver log
信息: Executing: maximizeWindow [eec5e729-ee5b-3541-ada6-235e519df858, maximizeWindow {windowHandle=current}]
三月 23, 2014 4:25:00 下午 org.openqa.selenium.remote.RemoteWebDriver log
信息: Executed: [eec5e729-ee5b-3541-ada6-235e519df858, maximizeWindow {windowHandle=current}]
三月 23, 2014 4:25:00 下午 org.openqa.selenium.remote.RemoteWebDriver log
信息: Executing: getWindowSize [eec5e729-ee5b-3541-ada6-235e519df858, getWindowSize {windowHandle=current}]
三月 23, 2014 4:25:00 下午 org.openqa.selenium.remote.RemoteWebDriver log
信息: Executed: [eec5e729-ee5b-3541-ada6-235e519df858, getWindowSize {windowHandle=current}]
三月 23, 2014 4:25:00 下午 org.openqa.selenium.WindowTest$2 apply
信息: waiting for width, Current dimensions are (1280, 724)
三月 23, 2014 4:25:00 下午 org.openqa.selenium.remote.RemoteWebDriver log
信息: Executing: getWindowSize [eec5e729-ee5b-3541-ada6-235e519df858, getWindowSize {windowHandle=current}]
三月 23, 2014 4:25:00 下午 org.openqa.selenium.remote.RemoteWebDriver log
信息: Executed: [eec5e729-ee5b-3541-ada6-235e519df858, getWindowSize {windowHandle=current}]
三月 23, 2014 4:25:00 下午 org.openqa.selenium.WindowTest$3 apply
信息: waiting for height, Current dimensions are (1280, 724)
三月 23, 2014 4:25:00 下午 org.openqa.selenium.remote.RemoteWebDriver log
信息: Executing: switchToFrame [eec5e729-ee5b-3541-ada6-235e519df858, switchToFrame {id=null}]
三月 23, 2014 4:25:00 下午 org.openqa.selenium.remote.RemoteWebDriver log
信息: Executed: [eec5e729-ee5b-3541-ada6-235e519df858, switchToFrame {id=null}]
三月 23, 2014 4:25:00 下午 org.openqa.selenium.testing.JUnit4TestBase$1 finished
信息: <<< Finished testCanMaximizeTheWindowFromIframe(org.openqa.selenium.WindowTest)
三月 23, 2014 4:25:00 下午 org.openqa.selenium.testing.JUnit4TestBase$1 starting
信息: >>> Starting testSetsTheSizeOfTheCurrentWindow(org.openqa.selenium.WindowTest)
三月 23, 2014 4:25:00 下午 org.openqa.selenium.remote.RemoteWebDriver log
信息: Executing: getWindowSize [eec5e729-ee5b-3541-ada6-235e519df858, getWindowSize {windowHandle=current}]
三月 23, 2014 4:25:00 下午 org.openqa.selenium.remote.RemoteWebDriver log
信息: Executed: [eec5e729-ee5b-3541-ada6-235e519df858, getWindowSize {windowHandle=current}]
三月 23, 2014 4:25:00 下午 org.openqa.selenium.remote.RemoteWebDriver log
信息: Executing: setWindowSize [eec5e729-ee5b-3541-ada6-235e519df858, setWindowSize {windowHandle=current, width=1260, height=704}]
三月 23, 2014 4:25:00 下午 org.openqa.selenium.remote.RemoteWebDriver log
信息: Executed: [eec5e729-ee5b-3541-ada6-235e519df858, setWindowSize {windowHandle=current, width=1260, height=704}]
三月 23, 2014 4:25:00 下午 org.openqa.selenium.remote.RemoteWebDriver log
信息: Executing: getWindowSize [eec5e729-ee5b-3541-ada6-235e519df858, getWindowSize {windowHandle=current}]
三月 23, 2014 4:25:00 下午 org.openqa.selenium.remote.RemoteWebDriver log
信息: Executed: [eec5e729-ee5b-3541-ada6-235e519df858, getWindowSize {windowHandle=current}]
三月 23, 2014 4:25:00 下午 org.openqa.selenium.testing.JUnit4TestBase$1 finished
信息: <<< Finished testSetsTheSizeOfTheCurrentWindow(org.openqa.selenium.WindowTest)
三月 23, 2014 4:25:00 下午 org.openqa.selenium.testing.JUnit4TestBase$1 starting
信息: >>> Starting testGetsTheSizeOfTheCurrentWindow(org.openqa.selenium.WindowTest)
三月 23, 2014 4:25:00 下午 org.openqa.selenium.remote.RemoteWebDriver log
信息: Executing: getWindowSize [eec5e729-ee5b-3541-ada6-235e519df858, getWindowSize {windowHandle=current}]
三月 23, 2014 4:25:00 下午 org.openqa.selenium.remote.RemoteWebDriver log
信息: Executed: [eec5e729-ee5b-3541-ada6-235e519df858, getWindowSize {windowHandle=current}]
三月 23, 2014 4:25:00 下午 org.openqa.selenium.testing.JUnit4TestBase$1 finished
信息: <<< Finished testGetsTheSizeOfTheCurrentWindow(org.openqa.selenium.WindowTest)
三月 23, 2014 4:25:00 下午 org.openqa.selenium.testing.JUnit4TestBase$1 starting
信息: >>> Starting testCanMaximizeTheWindow(org.openqa.selenium.WindowTest)
三月 23, 2014 4:25:00 下午 org.openqa.selenium.remote.RemoteWebDriver log
信息: Executing: setWindowSize [eec5e729-ee5b-3541-ada6-235e519df858, setWindowSize {windowHandle=current, width=450, height=275}]
三月 23, 2014 4:25:00 下午 org.openqa.selenium.remote.RemoteWebDriver log
信息: Executed: [eec5e729-ee5b-3541-ada6-235e519df858, setWindowSize {windowHandle=current, width=450, height=275}]
三月 23, 2014 4:25:00 下午 org.openqa.selenium.remote.RemoteWebDriver log
信息: Executing: getWindowSize [eec5e729-ee5b-3541-ada6-235e519df858, getWindowSize {windowHandle=current}]
三月 23, 2014 4:25:00 下午 org.openqa.selenium.remote.RemoteWebDriver log
信息: Executed: [eec5e729-ee5b-3541-ada6-235e519df858, getWindowSize {windowHandle=current}]
三月 23, 2014 4:25:00 下午 org.openqa.selenium.remote.RemoteWebDriver log
信息: Executing: getWindowSize [eec5e729-ee5b-3541-ada6-235e519df858, getWindowSize {windowHandle=current}]
三月 23, 2014 4:25:00 下午 org.openqa.selenium.remote.RemoteWebDriver log
信息: Executed: [eec5e729-ee5b-3541-ada6-235e519df858, getWindowSize {windowHandle=current}]
三月 23, 2014 4:25:00 下午 org.openqa.selenium.remote.RemoteWebDriver log
信息: Executing: maximizeWindow [eec5e729-ee5b-3541-ada6-235e519df858, maximizeWindow {windowHandle=current}]
三月 23, 2014 4:25:01 下午 org.openqa.selenium.remote.RemoteWebDriver log
信息: Executed: [eec5e729-ee5b-3541-ada6-235e519df858, maximizeWindow {windowHandle=current}]
三月 23, 2014 4:25:01 下午 org.openqa.selenium.remote.RemoteWebDriver log
信息: Executing: getWindowSize [eec5e729-ee5b-3541-ada6-235e519df858, getWindowSize {windowHandle=current}]
三月 23, 2014 4:25:01 下午 org.openqa.selenium.remote.RemoteWebDriver log
信息: Executed: [eec5e729-ee5b-3541-ada6-235e519df858, getWindowSize {windowHandle=current}]
三月 23, 2014 4:25:01 下午 org.openqa.selenium.WindowTest$2 apply
信息: waiting for width, Current dimensions are (1280, 724)
三月 23, 2014 4:25:01 下午 org.openqa.selenium.remote.RemoteWebDriver log
信息: Executing: getWindowSize [eec5e729-ee5b-3541-ada6-235e519df858, getWindowSize {windowHandle=current}]
三月 23, 2014 4:25:01 下午 org.openqa.selenium.remote.RemoteWebDriver log
信息: Executed: [eec5e729-ee5b-3541-ada6-235e519df858, getWindowSize {windowHandle=current}]
三月 23, 2014 4:25:01 下午 org.openqa.selenium.WindowTest$3 apply
信息: waiting for height, Current dimensions are (1280, 724)
三月 23, 2014 4:25:01 下午 org.openqa.selenium.testing.JUnit4TestBase$1 finished
信息: <<< Finished testCanMaximizeTheWindow(org.openqa.selenium.WindowTest)
三月 23, 2014 4:25:01 下午 org.openqa.selenium.testing.JUnit4TestBase$1 starting
信息: >>> Starting testAppCacheStatus(org.openqa.selenium.html5.AppCacheTest)
三月 23, 2014 4:25:01 下午 org.openqa.selenium.testing.JUnit4TestBase$1 finished
信息: <<< Finished testAppCacheStatus(org.openqa.selenium.html5.AppCacheTest)
三月 23, 2014 4:25:01 下午 org.openqa.selenium.testing.JUnit4TestBase$1 starting
信息: >>> Starting testBrowserLoadsFromCacheWhenOffline(org.openqa.selenium.html5.AppCacheTest)
三月 23, 2014 4:25:01 下午 org.openqa.selenium.testing.JUnit4TestBase$1 finished
信息: <<< Finished testBrowserLoadsFromCacheWhenOffline(org.openqa.selenium.html5.AppCacheTest)
三月 23, 2014 4:25:01 下午 org.openqa.selenium.testing.JUnit4TestBase$1 starting
信息: >>> Starting testShouldSetBrowserOffline(org.openqa.selenium.html5.BrowserConnectionTest)
三月 23, 2014 4:25:01 下午 org.openqa.selenium.testing.JUnit4TestBase$1 finished
信息: <<< Finished testShouldSetBrowserOffline(org.openqa.selenium.html5.BrowserConnectionTest)
三月 23, 2014 4:25:01 下午 org.openqa.selenium.testing.JUnit4TestBase$1 starting
信息: >>> Starting disableApplicationCacheCapability(org.openqa.selenium.html5.Html5CapabilitiesTest)
三月 23, 2014 4:25:01 下午 org.openqa.selenium.remote.RemoteWebDriver log
信息: Executing: executeScript [eec5e729-ee5b-3541-ada6-235e519df858, executeScript {script=return navigator.userAgent;, args=[]}]
三月 23, 2014 4:25:01 下午 org.openqa.selenium.remote.RemoteWebDriver log
信息: Executed: [eec5e729-ee5b-3541-ada6-235e519df858, executeScript {script=return navigator.userAgent;, args=[]}]
三月 23, 2014 4:25:02 下午 org.openqa.selenium.remote.RemoteWebDriver log
信息: Executing: quit [7fcd1ad3-af21-f14d-a0dc-2d286a7d7497, quit {}]
三月 23, 2014 4:25:02 下午 org.openqa.selenium.remote.RemoteWebDriver log
信息: Executed: [7fcd1ad3-af21-f14d-a0dc-2d286a7d7497, quit {}]
三月 23, 2014 4:25:03 下午 org.openqa.selenium.testing.JUnit4TestBase$1 finished
信息: <<< Finished disableApplicationCacheCapability(org.openqa.selenium.html5.Html5CapabilitiesTest)
三月 23, 2014 4:25:03 下午 org.openqa.selenium.testing.JUnit4TestBase$1 starting
信息: >>> Starting enableBrowserConnCapability(org.openqa.selenium.html5.Html5CapabilitiesTest)
三月 23, 2014 4:25:03 下午 org.openqa.selenium.remote.RemoteWebDriver log
信息: Executing: executeScript [eec5e729-ee5b-3541-ada6-235e519df858, executeScript {script=return navigator.userAgent;, args=[]}]
三月 23, 2014 4:25:03 下午 org.openqa.selenium.remote.RemoteWebDriver log
信息: Executed: [eec5e729-ee5b-3541-ada6-235e519df858, executeScript {script=return navigator.userAgent;, args=[]}]
三月 23, 2014 4:25:04 下午 org.openqa.selenium.remote.RemoteWebDriver log
信息: Executing: quit [8951579d-0c1a-b84f-896f-d583c22a264e, quit {}]
三月 23, 2014 4:25:04 下午 org.openqa.selenium.remote.RemoteWebDriver log
信息: Executed: [8951579d-0c1a-b84f-896f-d583c22a264e, quit {}]
三月 23, 2014 4:25:04 下午 org.openqa.selenium.testing.JUnit4TestBase$1 finished
信息: <<< Finished enableBrowserConnCapability(org.openqa.selenium.html5.Html5CapabilitiesTest)
三月 23, 2014 4:25:04 下午 org.openqa.selenium.testing.JUnit4TestBase$1 starting
信息: >>> Starting disableBrowserConnCapability(org.openqa.selenium.html5.Html5CapabilitiesTest)
三月 23, 2014 4:25:04 下午 org.openqa.selenium.remote.RemoteWebDriver log
信息: Executing: executeScript [eec5e729-ee5b-3541-ada6-235e519df858, executeScript {script=return navigator.userAgent;, args=[]}]
三月 23, 2014 4:25:04 下午 org.openqa.selenium.remote.RemoteWebDriver log
信息: Executed: [eec5e729-ee5b-3541-ada6-235e519df858, executeScript {script=return navigator.userAgent;, args=[]}]
三月 23, 2014 4:25:06 下午 org.openqa.selenium.remote.RemoteWebDriver log
信息: Executing: quit [d8ed276e-f469-9b4b-aaf9-c3af1c0fb20d, quit {}]
三月 23, 2014 4:25:06 下午 org.openqa.selenium.remote.RemoteWebDriver log
信息: Executed: [d8ed276e-f469-9b4b-aaf9-c3af1c0fb20d, quit {}]
三月 23, 2014 4:25:06 下午 org.openqa.selenium.testing.JUnit4TestBase$1 finished
信息: <<< Finished disableBrowserConnCapability(org.openqa.selenium.html5.Html5CapabilitiesTest)
三月 23, 2014 4:25:06 下午 org.openqa.selenium.testing.JUnit4TestBase$1 starting
信息: >>> Starting enableWebStorageCapability(org.openqa.selenium.html5.Html5CapabilitiesTest)
三月 23, 2014 4:25:06 下午 org.openqa.selenium.remote.RemoteWebDriver log
信息: Executing: executeScript [eec5e729-ee5b-3541-ada6-235e519df858, executeScript {script=return navigator.userAgent;, args=[]}]
三月 23, 2014 4:25:06 下午 org.openqa.selenium.remote.RemoteWebDriver log
信息: Executed: [eec5e729-ee5b-3541-ada6-235e519df858, executeScript {script=return navigator.userAgent;, args=[]}]
三月 23, 2014 4:25:08 下午 org.openqa.selenium.remote.RemoteWebDriver log
信息: Executing: get [8ad5d8b1-0dd8-a443-965e-92ab6cdd9128, get {url=http://localhost:6461/common/html5Page.html}]
三月 23, 2014 4:25:08 下午 org.openqa.selenium.remote.RemoteWebDriver log
信息: Executed: [8ad5d8b1-0dd8-a443-965e-92ab6cdd9128, get {url=http://localhost:6461/common/html5Page.html}]
三月 23, 2014 4:25:08 下午 org.openqa.selenium.remote.RemoteWebDriver log
信息: Executing: executeScript [8ad5d8b1-0dd8-a443-965e-92ab6cdd9128, executeScript {script=return !!window.localStorage, args=[]}]
三月 23, 2014 4:25:08 下午 org.openqa.selenium.remote.RemoteWebDriver log
信息: Executed: [8ad5d8b1-0dd8-a443-965e-92ab6cdd9128, executeScript {script=return !!window.localStorage, args=[]}]
三月 23, 2014 4:25:08 下午 org.openqa.selenium.remote.RemoteWebDriver log
信息: Executing: quit [8ad5d8b1-0dd8-a443-965e-92ab6cdd9128, quit {}]
三月 23, 2014 4:25:08 下午 org.openqa.selenium.remote.RemoteWebDriver log
信息: Executed: [8ad5d8b1-0dd8-a443-965e-92ab6cdd9128, quit {}]
三月 23, 2014 4:25:09 下午 org.openqa.selenium.testing.JUnit4TestBase$1 finished
信息: <<< Finished enableWebStorageCapability(org.openqa.selenium.html5.Html5CapabilitiesTest)
三月 23, 2014 4:25:09 下午 org.openqa.selenium.testing.JUnit4TestBase$1 starting
信息: >>> Starting disableWebStorageCapability(org.openqa.selenium.html5.Html5CapabilitiesTest)
三月 23, 2014 4:25:09 下午 org.openqa.selenium.remote.RemoteWebDriver log
信息: Executing: executeScript [eec5e729-ee5b-3541-ada6-235e519df858, executeScript {script=return navigator.userAgent;, args=[]}]
三月 23, 2014 4:25:09 下午 org.openqa.selenium.remote.RemoteWebDriver log
信息: Executed: [eec5e729-ee5b-3541-ada6-235e519df858, executeScript {script=return navigator.userAgent;, args=[]}]
三月 23, 2014 4:25:10 下午 org.openqa.selenium.remote.RemoteWebDriver log
信息: Executing: get [169f4434-379e-2649-8382-002a13a661a5, get {url=http://localhost:6461/common/html5Page.html}]
三月 23, 2014 4:25:11 下午 org.openqa.selenium.remote.RemoteWebDriver log
信息: Executed: [169f4434-379e-2649-8382-002a13a661a5, get {url=http://localhost:6461/common/html5Page.html}]
三月 23, 2014 4:25:11 下午 org.openqa.selenium.remote.RemoteWebDriver log
信息: Executing: executeScript [169f4434-379e-2649-8382-002a13a661a5, executeScript {script=return !!window.localStorage, args=[]}]
三月 23, 2014 4:25:11 下午 org.openqa.selenium.remote.RemoteWebDriver log
信息: Executed: [169f4434-379e-2649-8382-002a13a661a5, executeScript {script=return !!window.localStorage, args=[]}]
三月 23, 2014 4:25:11 下午 org.openqa.selenium.remote.RemoteWebDriver log
信息: Executing: quit [169f4434-379e-2649-8382-002a13a661a5, quit {}]
三月 23, 2014 4:25:11 下午 org.openqa.selenium.remote.RemoteWebDriver log
信息: Executed: [169f4434-379e-2649-8382-002a13a661a5, quit {}]
三月 23, 2014 4:25:11 下午 org.openqa.selenium.testing.JUnit4TestBase$1 finished
信息: <<< Finished disableWebStorageCapability(org.openqa.selenium.html5.Html5CapabilitiesTest)
三月 23, 2014 4:25:11 下午 org.openqa.selenium.testing.JUnit4TestBase$1 starting
信息: >>> Starting disableLocationContextCapability(org.openqa.selenium.html5.Html5CapabilitiesTest)
三月 23, 2014 4:25:11 下午 org.openqa.selenium.remote.RemoteWebDriver log
信息: Executing: executeScript [eec5e729-ee5b-3541-ada6-235e519df858, executeScript {script=return navigator.userAgent;, args=[]}]
三月 23, 2014 4:25:11 下午 org.openqa.selenium.remote.RemoteWebDriver log
信息: Executed: [eec5e729-ee5b-3541-ada6-235e519df858, executeScript {script=return navigator.userAgent;, args=[]}]
三月 23, 2014 4:25:13 下午 org.openqa.selenium.remote.RemoteWebDriver log
信息: Executing: quit [948b76ca-998f-a848-8581-db2ed1cdb528, quit {}]
三月 23, 2014 4:25:13 下午 org.openqa.selenium.remote.RemoteWebDriver log
信息: Executed: [948b76ca-998f-a848-8581-db2ed1cdb528, quit {}]
三月 23, 2014 4:25:13 下午 org.openqa.selenium.testing.JUnit4TestBase$1 finished
信息: <<< Finished disableLocationContextCapability(org.openqa.selenium.html5.Html5CapabilitiesTest)
三月 23, 2014 4:25:13 下午 org.openqa.selenium.testing.JUnit4TestBase$1 starting
信息: >>> Starting requiredLocationCapabilityShouldHavePriority(org.openqa.selenium.html5.Html5CapabilitiesTest)
三月 23, 2014 4:25:13 下午 org.openqa.selenium.remote.RemoteWebDriver log
信息: Executing: executeScript [eec5e729-ee5b-3541-ada6-235e519df858, executeScript {script=return navigator.userAgent;, args=[]}]
三月 23, 2014 4:25:13 下午 org.openqa.selenium.remote.RemoteWebDriver log
信息: Executed: [eec5e729-ee5b-3541-ada6-235e519df858, executeScript {script=return navigator.userAgent;, args=[]}]
三月 23, 2014 4:25:14 下午 org.openqa.selenium.remote.RemoteWebDriver log
信息: Executing: quit [5093046a-fc56-ec43-8955-bad123386346, quit {}]
三月 23, 2014 4:25:14 下午 org.openqa.selenium.remote.RemoteWebDriver log
信息: Executed: [5093046a-fc56-ec43-8955-bad123386346, quit {}]
三月 23, 2014 4:25:14 下午 org.openqa.selenium.testing.JUnit4TestBase$1 finished
信息: <<< Finished requiredLocationCapabilityShouldHavePriority(org.openqa.selenium.html5.Html5CapabilitiesTest)
三月 23, 2014 4:25:14 下午 org.openqa.selenium.testing.JUnit4TestBase$1 starting
信息: >>> Starting enableApplicationCacheCapability(org.openqa.selenium.html5.Html5CapabilitiesTest)
三月 23, 2014 4:25:14 下午 org.openqa.selenium.remote.RemoteWebDriver log
信息: Executing: executeScript [eec5e729-ee5b-3541-ada6-235e519df858, executeScript {script=return navigator.userAgent;, args=[]}]
三月 23, 2014 4:25:14 下午 org.openqa.selenium.remote.RemoteWebDriver log
信息: Executed: [eec5e729-ee5b-3541-ada6-235e519df858, executeScript {script=return navigator.userAgent;, args=[]}]
三月 23, 2014 4:25:16 下午 org.openqa.selenium.remote.RemoteWebDriver log
信息: Executing: quit [98eb71ff-87af-434a-8401-ac9ab78b782e, quit {}]
三月 23, 2014 4:25:16 下午 org.openqa.selenium.remote.RemoteWebDriver log
信息: Executed: [98eb71ff-87af-434a-8401-ac9ab78b782e, quit {}]
三月 23, 2014 4:25:16 下午 org.openqa.selenium.testing.JUnit4TestBase$1 finished
信息: <<< Finished enableApplicationCacheCapability(org.openqa.selenium.html5.Html5CapabilitiesTest)
三月 23, 2014 4:25:16 下午 org.openqa.selenium.testing.JUnit4TestBase$1 starting
信息: >>> Starting requiredDatabaseCapabilityShouldHavePriority(org.openqa.selenium.html5.Html5CapabilitiesTest)
三月 23, 2014 4:25:16 下午 org.openqa.selenium.remote.RemoteWebDriver log
信息: Executing: executeScript [eec5e729-ee5b-3541-ada6-235e519df858, executeScript {script=return navigator.userAgent;, args=[]}]
三月 23, 2014 4:25:16 下午 org.openqa.selenium.remote.RemoteWebDriver log
信息: Executed: [eec5e729-ee5b-3541-ada6-235e519df858, executeScript {script=return navigator.userAgent;, args=[]}]
三月 23, 2014 4:25:18 下午 org.openqa.selenium.remote.RemoteWebDriver log
信息: Executing: quit [ee36c790-698d-9b4f-942c-5ea4404577d8, quit {}]
三月 23, 2014 4:25:18 下午 org.openqa.selenium.remote.RemoteWebDriver log
信息: Executed: [ee36c790-698d-9b4f-942c-5ea4404577d8, quit {}]
三月 23, 2014 4:25:18 下午 org.openqa.selenium.testing.JUnit4TestBase$1 finished
信息: <<< Finished requiredDatabaseCapabilityShouldHavePriority(org.openqa.selenium.html5.Html5CapabilitiesTest)
三月 23, 2014 4:25:18 下午 org.openqa.selenium.testing.JUnit4TestBase$1 starting
信息: >>> Starting requiredWebStorageCapabilityShouldHavePriority(org.openqa.selenium.html5.Html5CapabilitiesTest)
三月 23, 2014 4:25:18 下午 org.openqa.selenium.remote.RemoteWebDriver log
信息: Executing: executeScript [eec5e729-ee5b-3541-ada6-235e519df858, executeScript {script=return navigator.userAgent;, args=[]}]
三月 23, 2014 4:25:18 下午 org.openqa.selenium.remote.RemoteWebDriver log
信息: Executed: [eec5e729-ee5b-3541-ada6-235e519df858, executeScript {script=return navigator.userAgent;, args=[]}]
三月 23, 2014 4:25:20 下午 org.openqa.selenium.remote.RemoteWebDriver log
信息: Executing: quit [a80e5bfb-67de-934f-b0d4-5c0a105b092f, quit {}]
三月 23, 2014 4:25:20 下午 org.openqa.selenium.remote.RemoteWebDriver log
信息: Executed: [a80e5bfb-67de-934f-b0d4-5c0a105b092f, quit {}]
三月 23, 2014 4:25:20 下午 org.openqa.selenium.testing.JUnit4TestBase$1 finished
信息: <<< Finished requiredWebStorageCapabilityShouldHavePriority(org.openqa.selenium.html5.Html5CapabilitiesTest)
三月 23, 2014 4:25:20 下午 org.openqa.selenium.testing.JUnit4TestBase$1 starting
信息: >>> Starting requiredConnectionCapabilityShouldHavePriority(org.openqa.selenium.html5.Html5CapabilitiesTest)
三月 23, 2014 4:25:20 下午 org.openqa.selenium.remote.RemoteWebDriver log
信息: Executing: executeScript [eec5e729-ee5b-3541-ada6-235e519df858, executeScript {script=return navigator.userAgent;, args=[]}]
三月 23, 2014 4:25:20 下午 org.openqa.selenium.remote.RemoteWebDriver log
信息: Executed: [eec5e729-ee5b-3541-ada6-235e519df858, executeScript {script=return navigator.userAgent;, args=[]}]
三月 23, 2014 4:25:21 下午 org.openqa.selenium.remote.RemoteWebDriver log
信息: Executing: quit [3d64a02f-0614-844a-92e3-968e2330986f, quit {}]
三月 23, 2014 4:25:21 下午 org.openqa.selenium.remote.RemoteWebDriver log
信息: Executed: [3d64a02f-0614-844a-92e3-968e2330986f, quit {}]
三月 23, 2014 4:25:22 下午 org.openqa.selenium.testing.JUnit4TestBase$1 finished
信息: <<< Finished requiredConnectionCapabilityShouldHavePriority(org.openqa.selenium.html5.Html5CapabilitiesTest)
三月 23, 2014 4:25:22 下午 org.openqa.selenium.testing.JUnit4TestBase$1 starting
信息: >>> Starting enableLocationContextCapability(org.openqa.selenium.html5.Html5CapabilitiesTest)
三月 23, 2014 4:25:22 下午 org.openqa.selenium.remote.RemoteWebDriver log
信息: Executing: executeScript [eec5e729-ee5b-3541-ada6-235e519df858, executeScript {script=return navigator.userAgent;, args=[]}]
三月 23, 2014 4:25:22 下午 org.openqa.selenium.remote.RemoteWebDriver log
信息: Executed: [eec5e729-ee5b-3541-ada6-235e519df858, executeScript {script=return navigator.userAgent;, args=[]}]
三月 23, 2014 4:25:23 下午 org.openqa.selenium.remote.RemoteWebDriver log
信息: Executing: quit [3417740d-5546-f948-b631-dabee6122a9c, quit {}]
三月 23, 2014 4:25:23 下午 org.openqa.selenium.remote.RemoteWebDriver log
信息: Executed: [3417740d-5546-f948-b631-dabee6122a9c, quit {}]
三月 23, 2014 4:25:23 下午 org.openqa.selenium.testing.JUnit4TestBase$1 finished
信息: <<< Finished enableLocationContextCapability(org.openqa.selenium.html5.Html5CapabilitiesTest)
三月 23, 2014 4:25:23 下午 org.openqa.selenium.testing.JUnit4TestBase$1 starting
信息: >>> Starting enableDatabaseCapability(org.openqa.selenium.html5.Html5CapabilitiesTest)
三月 23, 2014 4:25:23 下午 org.openqa.selenium.remote.RemoteWebDriver log
信息: Executing: executeScript [eec5e729-ee5b-3541-ada6-235e519df858, executeScript {script=return navigator.userAgent;, args=[]}]
三月 23, 2014 4:25:23 下午 org.openqa.selenium.remote.RemoteWebDriver log
信息: Executed: [eec5e729-ee5b-3541-ada6-235e519df858, executeScript {script=return navigator.userAgent;, args=[]}]
三月 23, 2014 4:25:25 下午 org.openqa.selenium.remote.RemoteWebDriver log
信息: Executing: quit [dd3ad2cd-e6d1-8344-9cb0-0cbc49a3345e, quit {}]
三月 23, 2014 4:25:25 下午 org.openqa.selenium.remote.RemoteWebDriver log
信息: Executed: [dd3ad2cd-e6d1-8344-9cb0-0cbc49a3345e, quit {}]
三月 23, 2014 4:25:25 下午 org.openqa.selenium.testing.JUnit4TestBase$1 finished
信息: <<< Finished enableDatabaseCapability(org.openqa.selenium.html5.Html5CapabilitiesTest)
三月 23, 2014 4:25:25 下午 org.openqa.selenium.testing.JUnit4TestBase$1 starting
信息: >>> Starting disableDatabaseCapability(org.openqa.selenium.html5.Html5CapabilitiesTest)
三月 23, 2014 4:25:25 下午 org.openqa.selenium.remote.RemoteWebDriver log
信息: Executing: executeScript [eec5e729-ee5b-3541-ada6-235e519df858, executeScript {script=return navigator.userAgent;, args=[]}]
三月 23, 2014 4:25:25 下午 org.openqa.selenium.remote.RemoteWebDriver log
信息: Executed: [eec5e729-ee5b-3541-ada6-235e519df858, executeScript {script=return navigator.userAgent;, args=[]}]
三月 23, 2014 4:25:27 下午 org.openqa.selenium.remote.RemoteWebDriver log
信息: Executing: quit [30262204-334f-1a40-abea-bb35b4f91b9e, quit {}]
三月 23, 2014 4:25:27 下午 org.openqa.selenium.remote.RemoteWebDriver log
信息: Executed: [30262204-334f-1a40-abea-bb35b4f91b9e, quit {}]
三月 23, 2014 4:25:27 下午 org.openqa.selenium.testing.JUnit4TestBase$1 finished
信息: <<< Finished disableDatabaseCapability(org.openqa.selenium.html5.Html5CapabilitiesTest)
三月 23, 2014 4:25:27 下午 org.openqa.selenium.testing.JUnit4TestBase$1 starting
信息: >>> Starting requiredApplicatonCacheCapabilityShouldHavePriority(org.openqa.selenium.html5.Html5CapabilitiesTest)
三月 23, 2014 4:25:27 下午 org.openqa.selenium.remote.RemoteWebDriver log
信息: Executing: executeScript [eec5e729-ee5b-3541-ada6-235e519df858, executeScript {script=return navigator.userAgent;, args=[]}]
三月 23, 2014 4:25:27 下午 org.openqa.selenium.remote.RemoteWebDriver log
信息: Executed: [eec5e729-ee5b-3541-ada6-235e519df858, executeScript {script=return navigator.userAgent;, args=[]}]
三月 23, 2014 4:25:28 下午 org.openqa.selenium.remote.RemoteWebDriver log
信息: Executing: quit [9383b23c-e805-354f-8981-264ec110be84, quit {}]
三月 23, 2014 4:25:29 下午 org.openqa.selenium.remote.RemoteWebDriver log
信息: Executed: [9383b23c-e805-354f-8981-264ec110be84, quit {}]
三月 23, 2014 4:25:29 下午 org.openqa.selenium.testing.JUnit4TestBase$1 finished
信息: <<< Finished requiredApplicatonCacheCapabilityShouldHavePriority(org.openqa.selenium.html5.Html5CapabilitiesTest)
三月 23, 2014 4:25:29 下午 org.openqa.selenium.testing.JUnit4TestBase$1 starting
信息: >>> Starting testLocalStorageKeySet(org.openqa.selenium.html5.LocalStorageTest)
三月 23, 2014 4:25:29 下午 org.openqa.selenium.testing.JUnit4TestBase$1 finished
信息: <<< Finished testLocalStorageKeySet(org.openqa.selenium.html5.LocalStorageTest)
三月 23, 2014 4:25:29 下午 org.openqa.selenium.testing.JUnit4TestBase$1 starting
信息: >>> Starting testLocalAndSessionStorageDontInterfereWithEachOther(org.openqa.selenium.html5.LocalStorageTest)
三月 23, 2014 4:25:29 下午 org.openqa.selenium.testing.JUnit4TestBase$1 finished
信息: <<< Finished testLocalAndSessionStorageDontInterfereWithEachOther(org.openqa.selenium.html5.LocalStorageTest)
三月 23, 2014 4:25:29 下午 org.openqa.selenium.testing.JUnit4TestBase$1 starting
信息: >>> Starting testClearLocalStorage(org.openqa.selenium.html5.LocalStorageTest)
三月 23, 2014 4:25:29 下午 org.openqa.selenium.testing.JUnit4TestBase$1 finished
信息: <<< Finished testClearLocalStorage(org.openqa.selenium.html5.LocalStorageTest)
三月 23, 2014 4:25:29 下午 org.openqa.selenium.testing.JUnit4TestBase$1 starting
信息: >>> Starting testLocalStorageRemoveItem(org.openqa.selenium.html5.LocalStorageTest)
三月 23, 2014 4:25:29 下午 org.openqa.selenium.testing.JUnit4TestBase$1 finished
信息: <<< Finished testLocalStorageRemoveItem(org.openqa.selenium.html5.LocalStorageTest)
三月 23, 2014 4:25:29 下午 org.openqa.selenium.testing.JUnit4TestBase$1 starting
信息: >>> Starting testLocalStorageSetAndGetItem(org.openqa.selenium.html5.LocalStorageTest)
三月 23, 2014 4:25:29 下午 org.openqa.selenium.testing.JUnit4TestBase$1 finished
信息: <<< Finished testLocalStorageSetAndGetItem(org.openqa.selenium.html5.LocalStorageTest)
三月 23, 2014 4:25:29 下午 org.openqa.selenium.testing.JUnit4TestBase$1 starting
信息: >>> Starting testShouldSetAndGetLocation(org.openqa.selenium.html5.LocationContextTest)
三月 23, 2014 4:25:29 下午 org.openqa.selenium.testing.JUnit4TestBase$1 finished
信息: <<< Finished testShouldSetAndGetLocation(org.openqa.selenium.html5.LocationContextTest)
三月 23, 2014 4:25:29 下午 org.openqa.selenium.testing.JUnit4TestBase$1 starting
信息: >>> Starting testSessionStorageRemoveItem(org.openqa.selenium.html5.SessionStorageTest)
三月 23, 2014 4:25:29 下午 org.openqa.selenium.testing.JUnit4TestBase$1 finished
信息: <<< Finished testSessionStorageRemoveItem(org.openqa.selenium.html5.SessionStorageTest)
三月 23, 2014 4:25:29 下午 org.openqa.selenium.testing.JUnit4TestBase$1 starting
信息: >>> Starting testClearSessionStorage(org.openqa.selenium.html5.SessionStorageTest)
三月 23, 2014 4:25:29 下午 org.openqa.selenium.testing.JUnit4TestBase$1 finished
信息: <<< Finished testClearSessionStorage(org.openqa.selenium.html5.SessionStorageTest)
三月 23, 2014 4:25:29 下午 org.openqa.selenium.testing.JUnit4TestBase$1 starting
信息: >>> Starting testSessionStorageSetAndGetItem(org.openqa.selenium.html5.SessionStorageTest)
三月 23, 2014 4:25:29 下午 org.openqa.selenium.testing.JUnit4TestBase$1 finished
信息: <<< Finished testSessionStorageSetAndGetItem(org.openqa.selenium.html5.SessionStorageTest)
三月 23, 2014 4:25:29 下午 org.openqa.selenium.testing.JUnit4TestBase$1 starting
信息: >>> Starting testSessionStorageKeySet(org.openqa.selenium.html5.SessionStorageTest)
三月 23, 2014 4:25:29 下午 org.openqa.selenium.testing.JUnit4TestBase$1 finished
信息: <<< Finished testSessionStorageKeySet(org.openqa.selenium.html5.SessionStorageTest)
三月 23, 2014 4:25:29 下午 org.openqa.selenium.testing.JUnit4TestBase$1 starting
信息: >>> Starting testResultSetsReturnPositiveLastInsertedRowId(org.openqa.selenium.html5.SqlDatabaseTest)
三月 23, 2014 4:25:29 下午 org.openqa.selenium.testing.JUnit4TestBase$1 finished
信息: <<< Finished testResultSetsReturnPositiveLastInsertedRowId(org.openqa.selenium.html5.SqlDatabaseTest)
三月 23, 2014 4:25:29 下午 org.openqa.selenium.testing.JUnit4TestBase$1 starting
信息: >>> Starting testResultSetRowsContainsInsertedRows(org.openqa.selenium.html5.SqlDatabaseTest)
三月 23, 2014 4:25:29 下午 org.openqa.selenium.testing.JUnit4TestBase$1 finished
信息: <<< Finished testResultSetRowsContainsInsertedRows(org.openqa.selenium.html5.SqlDatabaseTest)
三月 23, 2014 4:25:29 下午 org.openqa.selenium.testing.JUnit4TestBase$1 starting
信息: >>> Starting testResultSetsReturnNegativeLastInsertedRowId(org.openqa.selenium.html5.SqlDatabaseTest)
三月 23, 2014 4:25:29 下午 org.openqa.selenium.testing.JUnit4TestBase$1 finished
信息: <<< Finished testResultSetsReturnNegativeLastInsertedRowId(org.openqa.selenium.html5.SqlDatabaseTest)
三月 23, 2014 4:25:29 下午 org.openqa.selenium.testing.JUnit4TestBase$1 starting
信息: >>> Starting testResultSetsNumberOfRowsAffected(org.openqa.selenium.html5.SqlDatabaseTest)
三月 23, 2014 4:25:29 下午 org.openqa.selenium.testing.JUnit4TestBase$1 finished
信息: <<< Finished testResultSetsNumberOfRowsAffected(org.openqa.selenium.html5.SqlDatabaseTest)
三月 23, 2014 4:25:29 下午 org.openqa.selenium.testing.JUnit4TestBase$1 starting
信息: >>> Starting testBasicKeyboardInput(org.openqa.selenium.interactions.BasicKeyboardInterfaceTest)
三月 23, 2014 4:25:29 下午 org.openqa.selenium.remote.RemoteWebDriver log
信息: Executing: get [eec5e729-ee5b-3541-ada6-235e519df858, get {url=http://localhost:6461/common/javascriptPage.html}]
三月 23, 2014 4:25:29 下午 org.openqa.selenium.remote.RemoteWebDriver log
信息: Executed: [eec5e729-ee5b-3541-ada6-235e519df858, get {url=http://localhost:6461/common/javascriptPage.html}]
三月 23, 2014 4:25:29 下午 org.openqa.selenium.remote.RemoteWebDriver log
信息: Executing: findElement [eec5e729-ee5b-3541-ada6-235e519df858, findElement {using=id, value=keyReporter}]
三月 23, 2014 4:25:29 下午 org.openqa.selenium.remote.RemoteWebDriver log
信息: Executed: [eec5e729-ee5b-3541-ada6-235e519df858, findElement {using=id, value=keyReporter}]
三月 23, 2014 4:25:29 下午 org.openqa.selenium.remote.RemoteWebDriver log
信息: Executing: mouseMoveTo [eec5e729-ee5b-3541-ada6-235e519df858, mouseMoveTo {element={6a5f31b2-3f41-da4a-9f4d-dc385c6bb045}}]
三月 23, 2014 4:25:29 下午 org.openqa.selenium.remote.RemoteWebDriver log
信息: Executed: [eec5e729-ee5b-3541-ada6-235e519df858, mouseMoveTo {element={6a5f31b2-3f41-da4a-9f4d-dc385c6bb045}}]
三月 23, 2014 4:25:29 下午 org.openqa.selenium.remote.RemoteWebDriver log
信息: Executing: mouseClick [eec5e729-ee5b-3541-ada6-235e519df858, mouseClick {button=0}]
三月 23, 2014 4:25:29 下午 org.openqa.selenium.remote.RemoteWebDriver log
信息: Executed: [eec5e729-ee5b-3541-ada6-235e519df858, mouseClick {button=0}]
三月 23, 2014 4:25:29 下午 org.openqa.selenium.remote.RemoteWebDriver log
信息: Executing: sendKeysToActiveElement [eec5e729-ee5b-3541-ada6-235e519df858, sendKeysToActiveElement {value=[Ljava.lang.CharSequence;@55efeb51}]
三月 23, 2014 4:25:29 下午 org.openqa.selenium.remote.RemoteWebDriver log
信息: Executed: [eec5e729-ee5b-3541-ada6-235e519df858, sendKeysToActiveElement {value=[Ljava.lang.CharSequence;@55efeb51}]
三月 23, 2014 4:25:29 下午 org.openqa.selenium.remote.RemoteWebDriver log
信息: Executing: getElementAttribute [eec5e729-ee5b-3541-ada6-235e519df858, getElementAttribute {id={6a5f31b2-3f41-da4a-9f4d-dc385c6bb045}, name=value}]
三月 23, 2014 4:25:29 下午 org.openqa.selenium.remote.RemoteWebDriver log
信息: Executed: [eec5e729-ee5b-3541-ada6-235e519df858, getElementAttribute {id={6a5f31b2-3f41-da4a-9f4d-dc385c6bb045}, name=value}]
三月 23, 2014 4:25:29 下午 org.openqa.selenium.testing.JUnit4TestBase$1 finished
信息: <<< Finished testBasicKeyboardInput(org.openqa.selenium.interactions.BasicKeyboardInterfaceTest)
三月 23, 2014 4:25:29 下午 org.openqa.selenium.testing.JUnit4TestBase$1 starting
信息: >>> Starting testSendingKeysToActiveElement(org.openqa.selenium.interactions.BasicKeyboardInterfaceTest)
三月 23, 2014 4:25:29 下午 org.openqa.selenium.remote.RemoteWebDriver log
信息: Executing: executeScript [eec5e729-ee5b-3541-ada6-235e519df858, executeScript {script=return navigator.userAgent;, args=[]}]
三月 23, 2014 4:25:29 下午 org.openqa.selenium.remote.RemoteWebDriver log
信息: Executed: [eec5e729-ee5b-3541-ada6-235e519df858, executeScript {script=return navigator.userAgent;, args=[]}]
三月 23, 2014 4:25:29 下午 org.openqa.selenium.remote.RemoteWebDriver log
信息: Executing: executeScript [eec5e729-ee5b-3541-ada6-235e519df858, executeScript {script=return navigator.userAgent;, args=[]}]
三月 23, 2014 4:25:29 下午 org.openqa.selenium.remote.RemoteWebDriver log
信息: Executed: [eec5e729-ee5b-3541-ada6-235e519df858, executeScript {script=return navigator.userAgent;, args=[]}]
三月 23, 2014 4:25:29 下午 org.openqa.selenium.remote.RemoteWebDriver log
信息: Executing: get [eec5e729-ee5b-3541-ada6-235e519df858, get {url=http://localhost:6461/common/bodyTypingTest.html}]
三月 23, 2014 4:25:29 下午 org.openqa.selenium.remote.RemoteWebDriver log
信息: Executed: [eec5e729-ee5b-3541-ada6-235e519df858, get {url=http://localhost:6461/common/bodyTypingTest.html}]
三月 23, 2014 4:25:29 下午 org.openqa.selenium.remote.RemoteWebDriver log
信息: Executing: sendKeysToActiveElement [eec5e729-ee5b-3541-ada6-235e519df858, sendKeysToActiveElement {value=[Ljava.lang.CharSequence;@199574a6}]
三月 23, 2014 4:25:29 下午 org.openqa.selenium.remote.RemoteWebDriver log
信息: Executed: [eec5e729-ee5b-3541-ada6-235e519df858, sendKeysToActiveElement {value=[Ljava.lang.CharSequence;@199574a6}]
三月 23, 2014 4:25:29 下午 org.openqa.selenium.remote.RemoteWebDriver log
信息: Executing: findElement [eec5e729-ee5b-3541-ada6-235e519df858, findElement {using=id, value=body_result}]
三月 23, 2014 4:25:29 下午 org.openqa.selenium.remote.RemoteWebDriver log
信息: Executed: [eec5e729-ee5b-3541-ada6-235e519df858, findElement {using=id, value=body_result}]
三月 23, 2014 4:25:29 下午 org.openqa.selenium.remote.RemoteWebDriver log
信息: Executing: getElementText [eec5e729-ee5b-3541-ada6-235e519df858, getElementText {id={07bf12b9-e420-fd4d-8657-823e69ddaef5}}]
三月 23, 2014 4:25:29 下午 org.openqa.selenium.remote.RemoteWebDriver log
信息: Executed: [eec5e729-ee5b-3541-ada6-235e519df858, getElementText {id={07bf12b9-e420-fd4d-8657-823e69ddaef5}}]
三月 23, 2014 4:25:29 下午 org.openqa.selenium.remote.RemoteWebDriver log
信息: Executing: findElement [eec5e729-ee5b-3541-ada6-235e519df858, findElement {using=id, value=result}]
三月 23, 2014 4:25:29 下午 org.openqa.selenium.remote.RemoteWebDriver log
信息: Executed: [eec5e729-ee5b-3541-ada6-235e519df858, findElement {using=id, value=result}]
三月 23, 2014 4:25:29 下午 org.openqa.selenium.remote.RemoteWebDriver log
信息: Executing: getElementText [eec5e729-ee5b-3541-ada6-235e519df858, getElementText {id={a6a1abca-6a45-324b-a3a2-7f53d8a830be}}]
三月 23, 2014 4:25:29 下午 org.openqa.selenium.remote.RemoteWebDriver log
信息: Executed: [eec5e729-ee5b-3541-ada6-235e519df858, getElementText {id={a6a1abca-6a45-324b-a3a2-7f53d8a830be}}]
三月 23, 2014 4:25:29 下午 org.openqa.selenium.testing.JUnit4TestBase$1 finished
信息: <<< Finished testSendingKeysToActiveElement(org.openqa.selenium.interactions.BasicKeyboardInterfaceTest)
三月 23, 2014 4:25:29 下午 org.openqa.selenium.testing.JUnit4TestBase$1 starting
信息: >>> Starting testSendingKeysWithShiftPressed(org.openqa.selenium.interactions.BasicKeyboardInterfaceTest)
三月 23, 2014 4:25:29 下午 org.openqa.selenium.remote.RemoteWebDriver log
信息: Executing: get [eec5e729-ee5b-3541-ada6-235e519df858, get {url=http://localhost:6461/common/javascriptPage.html}]
三月 23, 2014 4:25:29 下午 org.openqa.selenium.remote.RemoteWebDriver log
信息: Executed: [eec5e729-ee5b-3541-ada6-235e519df858, get {url=http://localhost:6461/common/javascriptPage.html}]
三月 23, 2014 4:25:29 下午 org.openqa.selenium.remote.RemoteWebDriver log
信息: Executing: findElement [eec5e729-ee5b-3541-ada6-235e519df858, findElement {using=id, value=theworks}]
三月 23, 2014 4:25:29 下午 org.openqa.selenium.remote.RemoteWebDriver log
信息: Executed: [eec5e729-ee5b-3541-ada6-235e519df858, findElement {using=id, value=theworks}]
三月 23, 2014 4:25:29 下午 org.openqa.selenium.remote.RemoteWebDriver log
信息: Executing: clickElement [eec5e729-ee5b-3541-ada6-235e519df858, clickElement {id={14b8fe87-d1e1-0e42-b142-22291e39f9f1}}]
三月 23, 2014 4:25:29 下午 org.openqa.selenium.remote.RemoteWebDriver log
信息: Executed: [eec5e729-ee5b-3541-ada6-235e519df858, clickElement {id={14b8fe87-d1e1-0e42-b142-22291e39f9f1}}]
三月 23, 2014 4:25:29 下午 org.openqa.selenium.remote.RemoteWebDriver log
信息: Executing: findElement [eec5e729-ee5b-3541-ada6-235e519df858, findElement {using=id, value=result}]
三月 23, 2014 4:25:29 下午 org.openqa.selenium.remote.RemoteWebDriver log
信息: Executed: [eec5e729-ee5b-3541-ada6-235e519df858, findElement {using=id, value=result}]
三月 23, 2014 4:25:29 下午 org.openqa.selenium.remote.RemoteWebDriver log
信息: Executing: getElementText [eec5e729-ee5b-3541-ada6-235e519df858, getElementText {id={007a2906-9a9d-3849-bb02-d392856134de}}]
三月 23, 2014 4:25:29 下午 org.openqa.selenium.remote.RemoteWebDriver log
信息: Executed: [eec5e729-ee5b-3541-ada6-235e519df858, getElementText {id={007a2906-9a9d-3849-bb02-d392856134de}}]
三月 23, 2014 4:25:29 下午 org.openqa.selenium.remote.RemoteWebDriver log
信息: Executing: mouseMoveTo [eec5e729-ee5b-3541-ada6-235e519df858, mouseMoveTo {element={14b8fe87-d1e1-0e42-b142-22291e39f9f1}}]
三月 23, 2014 4:25:29 下午 org.openqa.selenium.remote.RemoteWebDriver log
信息: Executed: [eec5e729-ee5b-3541-ada6-235e519df858, mouseMoveTo {element={14b8fe87-d1e1-0e42-b142-22291e39f9f1}}]
三月 23, 2014 4:25:29 下午 org.openqa.selenium.remote.RemoteWebDriver log
信息: Executing: mouseClick [eec5e729-ee5b-3541-ada6-235e519df858, mouseClick {button=0}]
三月 23, 2014 4:25:29 下午 org.openqa.selenium.remote.RemoteWebDriver log
信息: Executed: [eec5e729-ee5b-3541-ada6-235e519df858, mouseClick {button=0}]
三月 23, 2014 4:25:29 下午 org.openqa.selenium.remote.RemoteWebDriver log
信息: Executing: sendKeysToActiveElement [eec5e729-ee5b-3541-ada6-235e519df858, sendKeysToActiveElement {value=[Ljava.lang.CharSequence;@3fa56a3e}]
三月 23, 2014 4:25:29 下午 org.openqa.selenium.remote.RemoteWebDriver log
信息: Executed: [eec5e729-ee5b-3541-ada6-235e519df858, sendKeysToActiveElement {value=[Ljava.lang.CharSequence;@3fa56a3e}]
三月 23, 2014 4:25:29 下午 org.openqa.selenium.remote.RemoteWebDriver log
信息: Executing: mouseMoveTo [eec5e729-ee5b-3541-ada6-235e519df858, mouseMoveTo {element={14b8fe87-d1e1-0e42-b142-22291e39f9f1}}]
三月 23, 2014 4:25:29 下午 org.openqa.selenium.remote.RemoteWebDriver log
信息: Executed: [eec5e729-ee5b-3541-ada6-235e519df858, mouseMoveTo {element={14b8fe87-d1e1-0e42-b142-22291e39f9f1}}]
三月 23, 2014 4:25:29 下午 org.openqa.selenium.remote.RemoteWebDriver log
信息: Executing: mouseClick [eec5e729-ee5b-3541-ada6-235e519df858, mouseClick {button=0}]
三月 23, 2014 4:25:29 下午 org.openqa.selenium.remote.RemoteWebDriver log
信息: Executed: [eec5e729-ee5b-3541-ada6-235e519df858, mouseClick {button=0}]
三月 23, 2014 4:25:29 下午 org.openqa.selenium.remote.RemoteWebDriver log
信息: Executing: sendKeysToActiveElement [eec5e729-ee5b-3541-ada6-235e519df858, sendKeysToActiveElement {value=[Ljava.lang.CharSequence;@79255044}]
三月 23, 2014 4:25:30 下午 org.openqa.selenium.remote.RemoteWebDriver log
信息: Executed: [eec5e729-ee5b-3541-ada6-235e519df858, sendKeysToActiveElement {value=[Ljava.lang.CharSequence;@79255044}]
三月 23, 2014 4:25:30 下午 org.openqa.selenium.remote.RemoteWebDriver log
信息: Executing: mouseMoveTo [eec5e729-ee5b-3541-ada6-235e519df858, mouseMoveTo {element={14b8fe87-d1e1-0e42-b142-22291e39f9f1}}]
三月 23, 2014 4:25:30 下午 org.openqa.selenium.remote.RemoteWebDriver log
信息: Executed: [eec5e729-ee5b-3541-ada6-235e519df858, mouseMoveTo {element={14b8fe87-d1e1-0e42-b142-22291e39f9f1}}]
三月 23, 2014 4:25:30 下午 org.openqa.selenium.remote.RemoteWebDriver log
信息: Executing: mouseClick [eec5e729-ee5b-3541-ada6-235e519df858, mouseClick {button=0}]
三月 23, 2014 4:25:30 下午 org.openqa.selenium.remote.RemoteWebDriver log
信息: Executed: [eec5e729-ee5b-3541-ada6-235e519df858, mouseClick {button=0}]
三月 23, 2014 4:25:30 下午 org.openqa.selenium.remote.RemoteWebDriver log
信息: Executing: sendKeysToActiveElement [eec5e729-ee5b-3541-ada6-235e519df858, sendKeysToActiveElement {value=[Ljava.lang.CharSequence;@5ee23f23}]
三月 23, 2014 4:25:30 下午 org.openqa.selenium.remote.RemoteWebDriver log
信息: Executed: [eec5e729-ee5b-3541-ada6-235e519df858, sendKeysToActiveElement {value=[Ljava.lang.CharSequence;@5ee23f23}]
三月 23, 2014 4:25:30 下午 org.openqa.selenium.remote.RemoteWebDriver log
信息: Executing: findElement [eec5e729-ee5b-3541-ada6-235e519df858, findElement {using=id, value=result}]
三月 23, 2014 4:25:30 下午 org.openqa.selenium.remote.RemoteWebDriver log
信息: Executed: [eec5e729-ee5b-3541-ada6-235e519df858, findElement {using=id, value=result}]
三月 23, 2014 4:25:30 下午 org.openqa.selenium.remote.RemoteWebDriver log
信息: Executing: getElementText [eec5e729-ee5b-3541-ada6-235e519df858, getElementText {id={007a2906-9a9d-3849-bb02-d392856134de}}]
三月 23, 2014 4:25:30 下午 org.openqa.selenium.remote.RemoteWebDriver log
信息: Executed: [eec5e729-ee5b-3541-ada6-235e519df858, getElementText {id={007a2906-9a9d-3849-bb02-d392856134de}}]
三月 23, 2014 4:25:30 下午 org.openqa.selenium.remote.RemoteWebDriver log
信息: Executing: getElementAttribute [eec5e729-ee5b-3541-ada6-235e519df858, getElementAttribute {id={14b8fe87-d1e1-0e42-b142-22291e39f9f1}, name=value}]
三月 23, 2014 4:25:30 下午 org.openqa.selenium.remote.RemoteWebDriver log
信息: Executed: [eec5e729-ee5b-3541-ada6-235e519df858, getElementAttribute {id={14b8fe87-d1e1-0e42-b142-22291e39f9f1}, name=value}]
三月 23, 2014 4:25:30 下午 org.openqa.selenium.testing.JUnit4TestBase$1 finished
信息: <<< Finished testSendingKeysWithShiftPressed(org.openqa.selenium.interactions.BasicKeyboardInterfaceTest)
三月 23, 2014 4:25:30 下午 org.openqa.selenium.testing.JUnit4TestBase$1 starting
信息: >>> Starting testBasicKeyboardInputOnActiveElement(org.openqa.selenium.interactions.BasicKeyboardInterfaceTest)
三月 23, 2014 4:25:30 下午 org.openqa.selenium.remote.RemoteWebDriver log
信息: Executing: get [eec5e729-ee5b-3541-ada6-235e519df858, get {url=http://localhost:6461/common/javascriptPage.html}]
三月 23, 2014 4:25:30 下午 org.openqa.selenium.remote.RemoteWebDriver log
信息: Executed: [eec5e729-ee5b-3541-ada6-235e519df858, get {url=http://localhost:6461/common/javascriptPage.html}]
三月 23, 2014 4:25:30 下午 org.openqa.selenium.remote.RemoteWebDriver log
信息: Executing: findElement [eec5e729-ee5b-3541-ada6-235e519df858, findElement {using=id, value=keyReporter}]
三月 23, 2014 4:25:30 下午 org.openqa.selenium.remote.RemoteWebDriver log
信息: Executed: [eec5e729-ee5b-3541-ada6-235e519df858, findElement {using=id, value=keyReporter}]
三月 23, 2014 4:25:30 下午 org.openqa.selenium.remote.RemoteWebDriver log
信息: Executing: clickElement [eec5e729-ee5b-3541-ada6-235e519df858, clickElement {id={64677296-d821-1643-afa0-cdd964ac34a4}}]
三月 23, 2014 4:25:30 下午 org.openqa.selenium.remote.RemoteWebDriver log
信息: Executed: [eec5e729-ee5b-3541-ada6-235e519df858, clickElement {id={64677296-d821-1643-afa0-cdd964ac34a4}}]
三月 23, 2014 4:25:30 下午 org.openqa.selenium.remote.RemoteWebDriver log
信息: Executing: sendKeysToActiveElement [eec5e729-ee5b-3541-ada6-235e519df858, sendKeysToActiveElement {value=[Ljava.lang.CharSequence;@4f7b3a21}]
三月 23, 2014 4:25:30 下午 org.openqa.selenium.remote.RemoteWebDriver log
信息: Executed: [eec5e729-ee5b-3541-ada6-235e519df858, sendKeysToActiveElement {value=[Ljava.lang.CharSequence;@4f7b3a21}]
三月 23, 2014 4:25:30 下午 org.openqa.selenium.remote.RemoteWebDriver log
信息: Executing: getElementAttribute [eec5e729-ee5b-3541-ada6-235e519df858, getElementAttribute {id={64677296-d821-1643-afa0-cdd964ac34a4}, name=value}]
三月 23, 2014 4:25:30 下午 org.openqa.selenium.remote.RemoteWebDriver log
信息: Executed: [eec5e729-ee5b-3541-ada6-235e519df858, getElementAttribute {id={64677296-d821-1643-afa0-cdd964ac34a4}, name=value}]
三月 23, 2014 4:25:30 下午 org.openqa.selenium.testing.JUnit4TestBase$1 finished
信息: <<< Finished testBasicKeyboardInputOnActiveElement(org.openqa.selenium.interactions.BasicKeyboardInterfaceTest)
三月 23, 2014 4:25:30 下午 org.openqa.selenium.testing.JUnit4TestBase$1 starting
信息: >>> Starting testSendingKeyUp(org.openqa.selenium.interactions.BasicKeyboardInterfaceTest)
三月 23, 2014 4:25:30 下午 org.openqa.selenium.remote.RemoteWebDriver log
信息: Executing: get [eec5e729-ee5b-3541-ada6-235e519df858, get {url=http://localhost:6461/common/javascriptPage.html}]
三月 23, 2014 4:25:30 下午 org.openqa.selenium.remote.RemoteWebDriver log
信息: Executed: [eec5e729-ee5b-3541-ada6-235e519df858, get {url=http://localhost:6461/common/javascriptPage.html}]
三月 23, 2014 4:25:30 下午 org.openqa.selenium.remote.RemoteWebDriver log
信息: Executing: findElement [eec5e729-ee5b-3541-ada6-235e519df858, findElement {using=id, value=theworks}]
三月 23, 2014 4:25:30 下午 org.openqa.selenium.remote.RemoteWebDriver log
信息: Executed: [eec5e729-ee5b-3541-ada6-235e519df858, findElement {using=id, value=theworks}]
三月 23, 2014 4:25:30 下午 org.openqa.selenium.remote.RemoteWebDriver log
信息: Executing: mouseMoveTo [eec5e729-ee5b-3541-ada6-235e519df858, mouseMoveTo {element={a474b379-d72f-6d41-ae00-492d5b835910}}]
三月 23, 2014 4:25:30 下午 org.openqa.selenium.remote.RemoteWebDriver log
信息: Executed: [eec5e729-ee5b-3541-ada6-235e519df858, mouseMoveTo {element={a474b379-d72f-6d41-ae00-492d5b835910}}]
三月 23, 2014 4:25:30 下午 org.openqa.selenium.remote.RemoteWebDriver log
信息: Executing: mouseClick [eec5e729-ee5b-3541-ada6-235e519df858, mouseClick {button=0}]
三月 23, 2014 4:25:30 下午 org.openqa.selenium.remote.RemoteWebDriver log
信息: Executed: [eec5e729-ee5b-3541-ada6-235e519df858, mouseClick {button=0}]
三月 23, 2014 4:25:30 下午 org.openqa.selenium.remote.RemoteWebDriver log
信息: Executing: sendKeysToActiveElement [eec5e729-ee5b-3541-ada6-235e519df858, sendKeysToActiveElement {value=[Ljava.lang.CharSequence;@7cc8d976}]
三月 23, 2014 4:25:30 下午 org.openqa.selenium.remote.RemoteWebDriver log
信息: Executed: [eec5e729-ee5b-3541-ada6-235e519df858, sendKeysToActiveElement {value=[Ljava.lang.CharSequence;@7cc8d976}]
三月 23, 2014 4:25:30 下午 org.openqa.selenium.remote.RemoteWebDriver log
信息: Executing: findElement [eec5e729-ee5b-3541-ada6-235e519df858, findElement {using=id, value=result}]
三月 23, 2014 4:25:30 下午 org.openqa.selenium.remote.RemoteWebDriver log
信息: Executed: [eec5e729-ee5b-3541-ada6-235e519df858, findElement {using=id, value=result}]
三月 23, 2014 4:25:30 下午 org.openqa.selenium.remote.RemoteWebDriver log
信息: Executing: getElementText [eec5e729-ee5b-3541-ada6-235e519df858, getElementText {id={bd517e2b-a152-8642-861f-c982ca1c3870}}]
三月 23, 2014 4:25:30 下午 org.openqa.selenium.remote.RemoteWebDriver log
信息: Executed: [eec5e729-ee5b-3541-ada6-235e519df858, getElementText {id={bd517e2b-a152-8642-861f-c982ca1c3870}}]
三月 23, 2014 4:25:30 下午 org.openqa.selenium.remote.RemoteWebDriver log
信息: Executing: mouseMoveTo [eec5e729-ee5b-3541-ada6-235e519df858, mouseMoveTo {element={a474b379-d72f-6d41-ae00-492d5b835910}}]
三月 23, 2014 4:25:30 下午 org.openqa.selenium.remote.RemoteWebDriver log
信息: Executed: [eec5e729-ee5b-3541-ada6-235e519df858, mouseMoveTo {element={a474b379-d72f-6d41-ae00-492d5b835910}}]
三月 23, 2014 4:25:30 下午 org.openqa.selenium.remote.RemoteWebDriver log
信息: Executing: mouseClick [eec5e729-ee5b-3541-ada6-235e519df858, mouseClick {button=0}]
三月 23, 2014 4:25:30 下午 org.openqa.selenium.remote.RemoteWebDriver log
信息: Executed: [eec5e729-ee5b-3541-ada6-235e519df858, mouseClick {button=0}]
三月 23, 2014 4:25:30 下午 org.openqa.selenium.remote.RemoteWebDriver log
信息: Executing: sendKeysToActiveElement [eec5e729-ee5b-3541-ada6-235e519df858, sendKeysToActiveElement {value=[Ljava.lang.CharSequence;@222efe75}]
三月 23, 2014 4:25:30 下午 org.openqa.selenium.remote.RemoteWebDriver log
信息: Executed: [eec5e729-ee5b-3541-ada6-235e519df858, sendKeysToActiveElement {value=[Ljava.lang.CharSequence;@222efe75}]
三月 23, 2014 4:25:30 下午 org.openqa.selenium.remote.RemoteWebDriver log
信息: Executing: getElementText [eec5e729-ee5b-3541-ada6-235e519df858, getElementText {id={bd517e2b-a152-8642-861f-c982ca1c3870}}]
三月 23, 2014 4:25:30 下午 org.openqa.selenium.remote.RemoteWebDriver log
信息: Executed: [eec5e729-ee5b-3541-ada6-235e519df858, getElementText {id={bd517e2b-a152-8642-861f-c982ca1c3870}}]
三月 23, 2014 4:25:30 下午 org.openqa.selenium.testing.JUnit4TestBase$1 finished
信息: <<< Finished testSendingKeyUp(org.openqa.selenium.interactions.BasicKeyboardInterfaceTest)
三月 23, 2014 4:25:30 下午 org.openqa.selenium.testing.JUnit4TestBase$1 starting
信息: >>> Starting testSendingKeyDownOnly(org.openqa.selenium.interactions.BasicKeyboardInterfaceTest)
三月 23, 2014 4:25:30 下午 org.openqa.selenium.remote.RemoteWebDriver log
信息: Executing: get [eec5e729-ee5b-3541-ada6-235e519df858, get {url=http://localhost:6461/common/javascriptPage.html}]
三月 23, 2014 4:25:30 下午 org.openqa.selenium.remote.RemoteWebDriver log
信息: Executed: [eec5e729-ee5b-3541-ada6-235e519df858, get {url=http://localhost:6461/common/javascriptPage.html}]
三月 23, 2014 4:25:30 下午 org.openqa.selenium.remote.RemoteWebDriver log
信息: Executing: findElement [eec5e729-ee5b-3541-ada6-235e519df858, findElement {using=id, value=theworks}]
三月 23, 2014 4:25:30 下午 org.openqa.selenium.remote.RemoteWebDriver log
信息: Executed: [eec5e729-ee5b-3541-ada6-235e519df858, findElement {using=id, value=theworks}]
三月 23, 2014 4:25:30 下午 org.openqa.selenium.remote.RemoteWebDriver log
信息: Executing: mouseMoveTo [eec5e729-ee5b-3541-ada6-235e519df858, mouseMoveTo {element={8959830f-a704-6c42-acf7-665842622a28}}]
三月 23, 2014 4:25:30 下午 org.openqa.selenium.remote.RemoteWebDriver log
信息: Executed: [eec5e729-ee5b-3541-ada6-235e519df858, mouseMoveTo {element={8959830f-a704-6c42-acf7-665842622a28}}]
三月 23, 2014 4:25:30 下午 org.openqa.selenium.remote.RemoteWebDriver log
信息: Executing: mouseClick [eec5e729-ee5b-3541-ada6-235e519df858, mouseClick {button=0}]
三月 23, 2014 4:25:30 下午 org.openqa.selenium.remote.RemoteWebDriver log
信息: Executed: [eec5e729-ee5b-3541-ada6-235e519df858, mouseClick {button=0}]
三月 23, 2014 4:25:30 下午 org.openqa.selenium.remote.RemoteWebDriver log
信息: Executing: sendKeysToActiveElement [eec5e729-ee5b-3541-ada6-235e519df858, sendKeysToActiveElement {value=[Ljava.lang.CharSequence;@157052cb}]
三月 23, 2014 4:25:30 下午 org.openqa.selenium.remote.RemoteWebDriver log
信息: Executed: [eec5e729-ee5b-3541-ada6-235e519df858, sendKeysToActiveElement {value=[Ljava.lang.CharSequence;@157052cb}]
三月 23, 2014 4:25:30 下午 org.openqa.selenium.remote.RemoteWebDriver log
信息: Executing: findElement [eec5e729-ee5b-3541-ada6-235e519df858, findElement {using=id, value=result}]
三月 23, 2014 4:25:30 下午 org.openqa.selenium.remote.RemoteWebDriver log
信息: Executed: [eec5e729-ee5b-3541-ada6-235e519df858, findElement {using=id, value=result}]
三月 23, 2014 4:25:30 下午 org.openqa.selenium.remote.RemoteWebDriver log
信息: Executing: getElementText [eec5e729-ee5b-3541-ada6-235e519df858, getElementText {id={677eec4e-8cf4-8f49-aff5-be68b3628e20}}]
三月 23, 2014 4:25:30 下午 org.openqa.selenium.remote.RemoteWebDriver log
信息: Executed: [eec5e729-ee5b-3541-ada6-235e519df858, getElementText {id={677eec4e-8cf4-8f49-aff5-be68b3628e20}}]
三月 23, 2014 4:25:30 下午 org.openqa.selenium.remote.RemoteWebDriver log
信息: Executing: mouseMoveTo [eec5e729-ee5b-3541-ada6-235e519df858, mouseMoveTo {element={8959830f-a704-6c42-acf7-665842622a28}}]
三月 23, 2014 4:25:30 下午 org.openqa.selenium.remote.RemoteWebDriver log
信息: Executed: [eec5e729-ee5b-3541-ada6-235e519df858, mouseMoveTo {element={8959830f-a704-6c42-acf7-665842622a28}}]
三月 23, 2014 4:25:30 下午 org.openqa.selenium.remote.RemoteWebDriver log
信息: Executing: mouseClick [eec5e729-ee5b-3541-ada6-235e519df858, mouseClick {button=0}]
三月 23, 2014 4:25:30 下午 org.openqa.selenium.remote.RemoteWebDriver log
信息: Executed: [eec5e729-ee5b-3541-ada6-235e519df858, mouseClick {button=0}]
三月 23, 2014 4:25:30 下午 org.openqa.selenium.remote.RemoteWebDriver log
信息: Executing: sendKeysToActiveElement [eec5e729-ee5b-3541-ada6-235e519df858, sendKeysToActiveElement {value=[Ljava.lang.CharSequence;@fb5449d}]
三月 23, 2014 4:25:30 下午 org.openqa.selenium.remote.RemoteWebDriver log
信息: Executed: [eec5e729-ee5b-3541-ada6-235e519df858, sendKeysToActiveElement {value=[Ljava.lang.CharSequence;@fb5449d}]
三月 23, 2014 4:25:30 下午 org.openqa.selenium.testing.JUnit4TestBase$1 finished
信息: <<< Finished testSendingKeyDownOnly(org.openqa.selenium.interactions.BasicKeyboardInterfaceTest)
三月 23, 2014 4:25:30 下午 org.openqa.selenium.testing.JUnit4TestBase$1 starting
信息: >>> Starting canGenerateKeyboardShortcuts(org.openqa.selenium.interactions.BasicKeyboardInterfaceTest)
三月 23, 2014 4:25:30 下午 org.openqa.selenium.remote.RemoteWebDriver log
信息: Executing: executeScript [eec5e729-ee5b-3541-ada6-235e519df858, executeScript {script=return navigator.userAgent;, args=[]}]
三月 23, 2014 4:25:30 下午 org.openqa.selenium.remote.RemoteWebDriver log
信息: Executed: [eec5e729-ee5b-3541-ada6-235e519df858, executeScript {script=return navigator.userAgent;, args=[]}]
三月 23, 2014 4:25:30 下午 org.openqa.selenium.remote.RemoteWebDriver log
信息: Executing: get [eec5e729-ee5b-3541-ada6-235e519df858, get {url=http://localhost:6461/common/keyboard_shortcut.html}]
三月 23, 2014 4:25:30 下午 org.openqa.selenium.remote.RemoteWebDriver log
信息: Executed: [eec5e729-ee5b-3541-ada6-235e519df858, get {url=http://localhost:6461/common/keyboard_shortcut.html}]
三月 23, 2014 4:25:30 下午 org.openqa.selenium.remote.RemoteWebDriver log
信息: Executing: findElement [eec5e729-ee5b-3541-ada6-235e519df858, findElement {using=xpath, value=//body}]
三月 23, 2014 4:25:30 下午 org.openqa.selenium.remote.RemoteWebDriver log
信息: Executed: [eec5e729-ee5b-3541-ada6-235e519df858, findElement {using=xpath, value=//body}]
三月 23, 2014 4:25:31 下午 org.openqa.selenium.remote.RemoteWebDriver log
信息: Executing: getElementValueOfCssProperty [eec5e729-ee5b-3541-ada6-235e519df858, getElementValueOfCssProperty {id={6ed89fd7-d55f-6645-9d18-ac101c8e32c5}, propertyName=background-color}]
三月 23, 2014 4:25:31 下午 org.openqa.selenium.remote.RemoteWebDriver log
信息: Executed: [eec5e729-ee5b-3541-ada6-235e519df858, getElementValueOfCssProperty {id={6ed89fd7-d55f-6645-9d18-ac101c8e32c5}, propertyName=background-color}]
三月 23, 2014 4:25:31 下午 org.openqa.selenium.remote.RemoteWebDriver log
信息: Executing: sendKeysToActiveElement [eec5e729-ee5b-3541-ada6-235e519df858, sendKeysToActiveElement {value=[Ljava.lang.CharSequence;@4c623b03}]
三月 23, 2014 4:25:31 下午 org.openqa.selenium.remote.RemoteWebDriver log
信息: Executed: [eec5e729-ee5b-3541-ada6-235e519df858, sendKeysToActiveElement {value=[Ljava.lang.CharSequence;@4c623b03}]
三月 23, 2014 4:25:31 下午 org.openqa.selenium.remote.RemoteWebDriver log
信息: Executing: sendKeysToActiveElement [eec5e729-ee5b-3541-ada6-235e519df858, sendKeysToActiveElement {value=[Ljava.lang.CharSequence;@38665a9a}]
三月 23, 2014 4:25:31 下午 org.openqa.selenium.remote.RemoteWebDriver log
信息: Executed: [eec5e729-ee5b-3541-ada6-235e519df858, sendKeysToActiveElement {value=[Ljava.lang.CharSequence;@38665a9a}]
三月 23, 2014 4:25:31 下午 org.openqa.selenium.remote.RemoteWebDriver log
信息: Executing: sendKeysToActiveElement [eec5e729-ee5b-3541-ada6-235e519df858, sendKeysToActiveElement {value=[Ljava.lang.CharSequence;@4255f6fc}]
三月 23, 2014 4:25:31 下午 org.openqa.selenium.remote.RemoteWebDriver log
信息: Executed: [eec5e729-ee5b-3541-ada6-235e519df858, sendKeysToActiveElement {value=[Ljava.lang.CharSequence;@4255f6fc}]
三月 23, 2014 4:25:31 下午 org.openqa.selenium.remote.RemoteWebDriver log
信息: Executing: getElementValueOfCssProperty [eec5e729-ee5b-3541-ada6-235e519df858, getElementValueOfCssProperty {id={6ed89fd7-d55f-6645-9d18-ac101c8e32c5}, propertyName=background-color}]
三月 23, 2014 4:25:31 下午 org.openqa.selenium.remote.RemoteWebDriver log
信息: Executed: [eec5e729-ee5b-3541-ada6-235e519df858, getElementValueOfCssProperty {id={6ed89fd7-d55f-6645-9d18-ac101c8e32c5}, propertyName=background-color}]
三月 23, 2014 4:25:31 下午 org.openqa.selenium.remote.RemoteWebDriver log
信息: Executing: sendKeysToActiveElement [eec5e729-ee5b-3541-ada6-235e519df858, sendKeysToActiveElement {value=[Ljava.lang.CharSequence;@3d135554}]
三月 23, 2014 4:25:31 下午 org.openqa.selenium.remote.RemoteWebDriver log
信息: Executed: [eec5e729-ee5b-3541-ada6-235e519df858, sendKeysToActiveElement {value=[Ljava.lang.CharSequence;@3d135554}]
三月 23, 2014 4:25:31 下午 org.openqa.selenium.remote.RemoteWebDriver log
信息: Executing: sendKeysToActiveElement [eec5e729-ee5b-3541-ada6-235e519df858, sendKeysToActiveElement {value=[Ljava.lang.CharSequence;@7cc8ff30}]
三月 23, 2014 4:25:31 下午 org.openqa.selenium.remote.RemoteWebDriver log
信息: Executed: [eec5e729-ee5b-3541-ada6-235e519df858, sendKeysToActiveElement {value=[Ljava.lang.CharSequence;@7cc8ff30}]
三月 23, 2014 4:25:31 下午 org.openqa.selenium.remote.RemoteWebDriver log
信息: Executing: sendKeysToActiveElement [eec5e729-ee5b-3541-ada6-235e519df858, sendKeysToActiveElement {value=[Ljava.lang.CharSequence;@65931596}]
三月 23, 2014 4:25:31 下午 org.openqa.selenium.remote.RemoteWebDriver log
信息: Executed: [eec5e729-ee5b-3541-ada6-235e519df858, sendKeysToActiveElement {value=[Ljava.lang.CharSequence;@65931596}]
三月 23, 2014 4:25:31 下午 org.openqa.selenium.remote.RemoteWebDriver log
信息: Executing: getElementValueOfCssProperty [eec5e729-ee5b-3541-ada6-235e519df858, getElementValueOfCssProperty {id={6ed89fd7-d55f-6645-9d18-ac101c8e32c5}, propertyName=background-color}]
三月 23, 2014 4:25:31 下午 org.openqa.selenium.remote.RemoteWebDriver log
信息: Executed: [eec5e729-ee5b-3541-ada6-235e519df858, getElementValueOfCssProperty {id={6ed89fd7-d55f-6645-9d18-ac101c8e32c5}, propertyName=background-color}]
三月 23, 2014 4:25:31 下午 org.openqa.selenium.remote.RemoteWebDriver log
信息: Executing: sendKeysToActiveElement [eec5e729-ee5b-3541-ada6-235e519df858, sendKeysToActiveElement {value=[Ljava.lang.CharSequence;@672825c9}]
三月 23, 2014 4:25:31 下午 org.openqa.selenium.remote.RemoteWebDriver log
信息: Executed: [eec5e729-ee5b-3541-ada6-235e519df858, sendKeysToActiveElement {value=[Ljava.lang.CharSequence;@672825c9}]
三月 23, 2014 4:25:31 下午 org.openqa.selenium.remote.RemoteWebDriver log
信息: Executing: sendKeysToActiveElement [eec5e729-ee5b-3541-ada6-235e519df858, sendKeysToActiveElement {value=[Ljava.lang.CharSequence;@68f2c791}]
三月 23, 2014 4:25:31 下午 org.openqa.selenium.remote.RemoteWebDriver log
信息: Executed: [eec5e729-ee5b-3541-ada6-235e519df858, sendKeysToActiveElement {value=[Ljava.lang.CharSequence;@68f2c791}]
三月 23, 2014 4:25:31 下午 org.openqa.selenium.remote.RemoteWebDriver log
信息: Executing: sendKeysToActiveElement [eec5e729-ee5b-3541-ada6-235e519df858, sendKeysToActiveElement {value=[Ljava.lang.CharSequence;@3ec8b8ac}]
三月 23, 2014 4:25:31 下午 org.openqa.selenium.remote.RemoteWebDriver log
信息: Executed: [eec5e729-ee5b-3541-ada6-235e519df858, sendKeysToActiveElement {value=[Ljava.lang.CharSequence;@3ec8b8ac}]
三月 23, 2014 4:25:31 下午 org.openqa.selenium.remote.RemoteWebDriver log
信息: Executing: sendKeysToActiveElement [eec5e729-ee5b-3541-ada6-235e519df858, sendKeysToActiveElement {value=[Ljava.lang.CharSequence;@3cd6fd7f}]
三月 23, 2014 4:25:31 下午 org.openqa.selenium.remote.RemoteWebDriver log
信息: Executed: [eec5e729-ee5b-3541-ada6-235e519df858, sendKeysToActiveElement {value=[Ljava.lang.CharSequence;@3cd6fd7f}]
三月 23, 2014 4:25:31 下午 org.openqa.selenium.remote.RemoteWebDriver log
信息: Executing: sendKeysToActiveElement [eec5e729-ee5b-3541-ada6-235e519df858, sendKeysToActiveElement {value=[Ljava.lang.CharSequence;@5bfe1db2}]
三月 23, 2014 4:25:31 下午 org.openqa.selenium.remote.RemoteWebDriver log
信息: Executed: [eec5e729-ee5b-3541-ada6-235e519df858, sendKeysToActiveElement {value=[Ljava.lang.CharSequence;@5bfe1db2}]
三月 23, 2014 4:25:31 下午 org.openqa.selenium.remote.RemoteWebDriver log
信息: Executing: getElementValueOfCssProperty [eec5e729-ee5b-3541-ada6-235e519df858, getElementValueOfCssProperty {id={6ed89fd7-d55f-6645-9d18-ac101c8e32c5}, propertyName=background-color}]
三月 23, 2014 4:25:31 下午 org.openqa.selenium.remote.RemoteWebDriver log
信息: Executed: [eec5e729-ee5b-3541-ada6-235e519df858, getElementValueOfCssProperty {id={6ed89fd7-d55f-6645-9d18-ac101c8e32c5}, propertyName=background-color}]
三月 23, 2014 4:25:31 下午 org.openqa.selenium.testing.JUnit4TestBase$1 finished
信息: <<< Finished canGenerateKeyboardShortcuts(org.openqa.selenium.interactions.BasicKeyboardInterfaceTest)
三月 23, 2014 4:25:31 下午 org.openqa.selenium.testing.JUnit4TestBase$1 starting
信息: >>> Starting testMovingMouseByRelativeOffset(org.openqa.selenium.interactions.BasicMouseInterfaceTest)
三月 23, 2014 4:25:31 下午 org.openqa.selenium.remote.RemoteWebDriver log
信息: Executing: get [eec5e729-ee5b-3541-ada6-235e519df858, get {url=http://localhost:6461/common/mousePositionTracker.html}]
三月 23, 2014 4:25:31 下午 org.openqa.selenium.remote.RemoteWebDriver log
信息: Executed: [eec5e729-ee5b-3541-ada6-235e519df858, get {url=http://localhost:6461/common/mousePositionTracker.html}]
三月 23, 2014 4:25:31 下午 org.openqa.selenium.remote.RemoteWebDriver log
信息: Executing: findElement [eec5e729-ee5b-3541-ada6-235e519df858, findElement {using=id, value=mousetracker}]
三月 23, 2014 4:25:31 下午 org.openqa.selenium.remote.RemoteWebDriver log
信息: Executed: [eec5e729-ee5b-3541-ada6-235e519df858, findElement {using=id, value=mousetracker}]
三月 23, 2014 4:25:31 下午 org.openqa.selenium.remote.RemoteWebDriver log
信息: Executing: mouseMoveTo [eec5e729-ee5b-3541-ada6-235e519df858, mouseMoveTo {element={f168ef02-bb6f-5246-90c7-85fc46ebf2cb}}]
三月 23, 2014 4:25:31 下午 org.openqa.selenium.remote.RemoteWebDriver log
信息: Executed: [eec5e729-ee5b-3541-ada6-235e519df858, mouseMoveTo {element={f168ef02-bb6f-5246-90c7-85fc46ebf2cb}}]
三月 23, 2014 4:25:31 下午 org.openqa.selenium.remote.RemoteWebDriver log
信息: Executing: findElement [eec5e729-ee5b-3541-ada6-235e519df858, findElement {using=id, value=status}]
三月 23, 2014 4:25:31 下午 org.openqa.selenium.remote.RemoteWebDriver log
信息: Executed: [eec5e729-ee5b-3541-ada6-235e519df858, findElement {using=id, value=status}]
三月 23, 2014 4:25:31 下午 org.openqa.selenium.remote.RemoteWebDriver log
信息: Executing: getElementText [eec5e729-ee5b-3541-ada6-235e519df858, getElementText {id={18003284-52dc-e846-a653-dd88bfa87acf}}]
三月 23, 2014 4:25:31 下午 org.openqa.selenium.remote.RemoteWebDriver log
信息: Executed: [eec5e729-ee5b-3541-ada6-235e519df858, getElementText {id={18003284-52dc-e846-a653-dd88bfa87acf}}]
三月 23, 2014 4:25:31 下午 org.openqa.selenium.remote.RemoteWebDriver log
信息: Executing: mouseMoveTo [eec5e729-ee5b-3541-ada6-235e519df858, mouseMoveTo {xoffset=10, yoffset=20}]
三月 23, 2014 4:25:31 下午 org.openqa.selenium.remote.RemoteWebDriver log
信息: Executed: [eec5e729-ee5b-3541-ada6-235e519df858, mouseMoveTo {xoffset=10, yoffset=20}]
三月 23, 2014 4:25:31 下午 org.openqa.selenium.remote.RemoteWebDriver log
信息: Executing: getElementText [eec5e729-ee5b-3541-ada6-235e519df858, getElementText {id={18003284-52dc-e846-a653-dd88bfa87acf}}]
三月 23, 2014 4:25:31 下午 org.openqa.selenium.remote.RemoteWebDriver log
信息: Executed: [eec5e729-ee5b-3541-ada6-235e519df858, getElementText {id={18003284-52dc-e846-a653-dd88bfa87acf}}]
三月 23, 2014 4:25:31 下午 org.openqa.selenium.testing.JUnit4TestBase$1 finished
信息: <<< Finished testMovingMouseByRelativeOffset(org.openqa.selenium.interactions.BasicMouseInterfaceTest)
三月 23, 2014 4:25:31 下午 org.openqa.selenium.remote.RemoteWebDriver log
信息: Executing: quit [eec5e729-ee5b-3541-ada6-235e519df858, quit {}]
三月 23, 2014 4:25:31 下午 org.openqa.selenium.remote.RemoteWebDriver log
信息: Executed: [eec5e729-ee5b-3541-ada6-235e519df858, quit {}]
三月 23, 2014 4:25:33 下午 org.openqa.selenium.testing.JUnit4TestBase$1 starting
信息: >>> Starting testMoveRelativeToBody(org.openqa.selenium.interactions.BasicMouseInterfaceTest)
三月 23, 2014 4:25:33 下午 org.openqa.selenium.remote.RemoteWebDriver log
信息: Executing: get [1d61d657-5111-4a45-a761-32cfd5db145b, get {url=http://localhost:6461/common/mousePositionTracker.html}]
三月 23, 2014 4:25:33 下午 org.openqa.selenium.remote.RemoteWebDriver log
信息: Executed: [1d61d657-5111-4a45-a761-32cfd5db145b, get {url=http://localhost:6461/common/mousePositionTracker.html}]
三月 23, 2014 4:25:33 下午 org.openqa.selenium.remote.RemoteWebDriver log
信息: Executing: mouseMoveTo [1d61d657-5111-4a45-a761-32cfd5db145b, mouseMoveTo {xoffset=50, yoffset=100}]
三月 23, 2014 4:25:33 下午 org.openqa.selenium.remote.RemoteWebDriver log
信息: Executed: [1d61d657-5111-4a45-a761-32cfd5db145b, mouseMoveTo {xoffset=50, yoffset=100}]
三月 23, 2014 4:25:33 下午 org.openqa.selenium.remote.RemoteWebDriver log
信息: Executing: findElement [1d61d657-5111-4a45-a761-32cfd5db145b, findElement {using=id, value=status}]
三月 23, 2014 4:25:33 下午 org.openqa.selenium.remote.RemoteWebDriver log
信息: Executed: [1d61d657-5111-4a45-a761-32cfd5db145b, findElement {using=id, value=status}]
三月 23, 2014 4:25:33 下午 org.openqa.selenium.remote.RemoteWebDriver log
信息: Executing: getElementText [1d61d657-5111-4a45-a761-32cfd5db145b, getElementText {id={ac4d23b9-5b69-354a-bad1-6f15ce711dc8}}]
三月 23, 2014 4:25:33 下午 org.openqa.selenium.remote.RemoteWebDriver log
信息: Executed: [1d61d657-5111-4a45-a761-32cfd5db145b, getElementText {id={ac4d23b9-5b69-354a-bad1-6f15ce711dc8}}]
三月 23, 2014 4:25:33 下午 org.openqa.selenium.remote.RemoteWebDriver log
信息: Executing: mouseMoveTo [1d61d657-5111-4a45-a761-32cfd5db145b, mouseMoveTo {xoffset=-50, yoffset=-100}]
三月 23, 2014 4:25:33 下午 org.openqa.selenium.remote.RemoteWebDriver log
信息: Executed: [1d61d657-5111-4a45-a761-32cfd5db145b, mouseMoveTo {xoffset=-50, yoffset=-100}]
三月 23, 2014 4:25:33 下午 org.openqa.selenium.testing.JUnit4TestBase$1 finished
信息: <<< Finished testMoveRelativeToBody(org.openqa.selenium.interactions.BasicMouseInterfaceTest)
三月 23, 2014 4:25:33 下午 org.openqa.selenium.testing.JUnit4TestBase$1 starting
信息: >>> Starting testShouldAllowUsersToHoverOverElements(org.openqa.selenium.interactions.BasicMouseInterfaceTest)
三月 23, 2014 4:25:33 下午 org.openqa.selenium.remote.RemoteWebDriver log
信息: Executing: get [1d61d657-5111-4a45-a761-32cfd5db145b, get {url=http://localhost:6461/common/javascriptPage.html}]
三月 23, 2014 4:25:33 下午 org.openqa.selenium.remote.RemoteWebDriver log
信息: Executed: [1d61d657-5111-4a45-a761-32cfd5db145b, get {url=http://localhost:6461/common/javascriptPage.html}]
三月 23, 2014 4:25:33 下午 org.openqa.selenium.remote.RemoteWebDriver log
信息: Executing: findElement [1d61d657-5111-4a45-a761-32cfd5db145b, findElement {using=id, value=menu1}]
三月 23, 2014 4:25:33 下午 org.openqa.selenium.remote.RemoteWebDriver log
信息: Executed: [1d61d657-5111-4a45-a761-32cfd5db145b, findElement {using=id, value=menu1}]
三月 23, 2014 4:25:33 下午 org.openqa.selenium.remote.RemoteWebDriver log
信息: Executing: findElement [1d61d657-5111-4a45-a761-32cfd5db145b, findElement {using=id, value=item1}]
三月 23, 2014 4:25:33 下午 org.openqa.selenium.remote.RemoteWebDriver log
信息: Executed: [1d61d657-5111-4a45-a761-32cfd5db145b, findElement {using=id, value=item1}]
三月 23, 2014 4:25:33 下午 org.openqa.selenium.remote.RemoteWebDriver log
信息: Executing: getElementText [1d61d657-5111-4a45-a761-32cfd5db145b, getElementText {id={d3a68a74-6cf9-de44-8d7b-ca5bcfc05df4}}]
三月 23, 2014 4:25:33 下午 org.openqa.selenium.remote.RemoteWebDriver log
信息: Executed: [1d61d657-5111-4a45-a761-32cfd5db145b, getElementText {id={d3a68a74-6cf9-de44-8d7b-ca5bcfc05df4}}]
三月 23, 2014 4:25:33 下午 org.openqa.selenium.remote.RemoteWebDriver log
信息: Executing: executeScript [1d61d657-5111-4a45-a761-32cfd5db145b, executeScript {script=arguments[0].style.background = 'green', args=[{ELEMENT={76009a77-c95f-2f46-ae59-2a6a052a8ec8}}]}]
三月 23, 2014 4:25:33 下午 org.openqa.selenium.remote.RemoteWebDriver log
信息: Executed: [1d61d657-5111-4a45-a761-32cfd5db145b, executeScript {script=arguments[0].style.background = 'green', args=[{ELEMENT={76009a77-c95f-2f46-ae59-2a6a052a8ec8}}]}]
三月 23, 2014 4:25:33 下午 org.openqa.selenium.remote.RemoteWebDriver log
信息: Executing: mouseMoveTo [1d61d657-5111-4a45-a761-32cfd5db145b, mouseMoveTo {element={76009a77-c95f-2f46-ae59-2a6a052a8ec8}}]
三月 23, 2014 4:25:33 下午 org.openqa.selenium.remote.RemoteWebDriver log
信息: Executed: [1d61d657-5111-4a45-a761-32cfd5db145b, mouseMoveTo {element={76009a77-c95f-2f46-ae59-2a6a052a8ec8}}]
三月 23, 2014 4:25:33 下午 org.openqa.selenium.remote.RemoteWebDriver log
信息: Executing: getElementText [1d61d657-5111-4a45-a761-32cfd5db145b, getElementText {id={d3a68a74-6cf9-de44-8d7b-ca5bcfc05df4}}]
三月 23, 2014 4:25:33 下午 org.openqa.selenium.remote.RemoteWebDriver log
信息: Executed: [1d61d657-5111-4a45-a761-32cfd5db145b, getElementText {id={d3a68a74-6cf9-de44-8d7b-ca5bcfc05df4}}]
三月 23, 2014 4:25:33 下午 org.openqa.selenium.remote.RemoteWebDriver log
信息: Executing: getElementText [1d61d657-5111-4a45-a761-32cfd5db145b, getElementText {id={d3a68a74-6cf9-de44-8d7b-ca5bcfc05df4}}]
三月 23, 2014 4:25:33 下午 org.openqa.selenium.remote.RemoteWebDriver log
信息: Executed: [1d61d657-5111-4a45-a761-32cfd5db145b, getElementText {id={d3a68a74-6cf9-de44-8d7b-ca5bcfc05df4}}]
三月 23, 2014 4:25:33 下午 org.openqa.selenium.testing.JUnit4TestBase$1 finished
信息: <<< Finished testShouldAllowUsersToHoverOverElements(org.openqa.selenium.interactions.BasicMouseInterfaceTest)
三月 23, 2014 4:25:33 下午 org.openqa.selenium.testing.JUnit4TestBase$1 starting
信息: >>> Starting testMovingMouseToRelativeElementOffset(org.openqa.selenium.interactions.BasicMouseInterfaceTest)
三月 23, 2014 4:25:33 下午 org.openqa.selenium.remote.RemoteWebDriver log
信息: Executing: get [1d61d657-5111-4a45-a761-32cfd5db145b, get {url=http://localhost:6461/common/mousePositionTracker.html}]
三月 23, 2014 4:25:33 下午 org.openqa.selenium.remote.RemoteWebDriver log
信息: Executed: [1d61d657-5111-4a45-a761-32cfd5db145b, get {url=http://localhost:6461/common/mousePositionTracker.html}]
三月 23, 2014 4:25:33 下午 org.openqa.selenium.remote.RemoteWebDriver log
信息: Executing: findElement [1d61d657-5111-4a45-a761-32cfd5db145b, findElement {using=id, value=mousetracker}]
三月 23, 2014 4:25:33 下午 org.openqa.selenium.remote.RemoteWebDriver log
信息: Executed: [1d61d657-5111-4a45-a761-32cfd5db145b, findElement {using=id, value=mousetracker}]
三月 23, 2014 4:25:33 下午 org.openqa.selenium.remote.RemoteWebDriver log
信息: Executing: mouseMoveTo [1d61d657-5111-4a45-a761-32cfd5db145b, mouseMoveTo {element={eb8d8bde-0452-0745-9db3-289976b8dfb9}, xoffset=95, yoffset=195}]
三月 23, 2014 4:25:33 下午 org.openqa.selenium.remote.RemoteWebDriver log
信息: Executed: [1d61d657-5111-4a45-a761-32cfd5db145b, mouseMoveTo {element={eb8d8bde-0452-0745-9db3-289976b8dfb9}, xoffset=95, yoffset=195}]
三月 23, 2014 4:25:33 下午 org.openqa.selenium.remote.RemoteWebDriver log
信息: Executing: findElement [1d61d657-5111-4a45-a761-32cfd5db145b, findElement {using=id, value=status}]
三月 23, 2014 4:25:33 下午 org.openqa.selenium.remote.RemoteWebDriver log
信息: Executed: [1d61d657-5111-4a45-a761-32cfd5db145b, findElement {using=id, value=status}]
三月 23, 2014 4:25:33 下午 org.openqa.selenium.remote.RemoteWebDriver log
信息: Executing: getElementText [1d61d657-5111-4a45-a761-32cfd5db145b, getElementText {id={647f8b01-6c31-0942-8411-eb06e5cbdf27}}]
三月 23, 2014 4:25:33 下午 org.openqa.selenium.remote.RemoteWebDriver log
信息: Executed: [1d61d657-5111-4a45-a761-32cfd5db145b, getElementText {id={647f8b01-6c31-0942-8411-eb06e5cbdf27}}]
三月 23, 2014 4:25:33 下午 org.openqa.selenium.testing.JUnit4TestBase$1 finished
信息: <<< Finished testMovingMouseToRelativeElementOffset(org.openqa.selenium.interactions.BasicMouseInterfaceTest)
三月 23, 2014 4:25:33 下午 org.openqa.selenium.testing.JUnit4TestBase$1 starting
信息: >>> Starting testHoverPersists(org.openqa.selenium.interactions.BasicMouseInterfaceTest)
三月 23, 2014 4:25:33 下午 org.openqa.selenium.remote.RemoteWebDriver log
信息: Executing: get [1d61d657-5111-4a45-a761-32cfd5db145b, get {url=http://localhost:6461/common/javascriptPage.html}]
三月 23, 2014 4:25:33 下午 org.openqa.selenium.remote.RemoteWebDriver log
信息: Executed: [1d61d657-5111-4a45-a761-32cfd5db145b, get {url=http://localhost:6461/common/javascriptPage.html}]
三月 23, 2014 4:25:33 下午 org.openqa.selenium.remote.RemoteWebDriver log
信息: Executing: findElement [1d61d657-5111-4a45-a761-32cfd5db145b, findElement {using=id, value=dynamo}]
三月 23, 2014 4:25:33 下午 org.openqa.selenium.remote.RemoteWebDriver log
信息: Executed: [1d61d657-5111-4a45-a761-32cfd5db145b, findElement {using=id, value=dynamo}]
三月 23, 2014 4:25:33 下午 org.openqa.selenium.remote.RemoteWebDriver log
信息: Executing: mouseMoveTo [1d61d657-5111-4a45-a761-32cfd5db145b, mouseMoveTo {element={ae3ed3b6-b36b-d947-91f5-81287a7b9096}}]
三月 23, 2014 4:25:33 下午 org.openqa.selenium.remote.RemoteWebDriver log
信息: Executed: [1d61d657-5111-4a45-a761-32cfd5db145b, mouseMoveTo {element={ae3ed3b6-b36b-d947-91f5-81287a7b9096}}]
三月 23, 2014 4:25:33 下午 org.openqa.selenium.remote.RemoteWebDriver log
信息: Executing: findElement [1d61d657-5111-4a45-a761-32cfd5db145b, findElement {using=id, value=menu1}]
三月 23, 2014 4:25:33 下午 org.openqa.selenium.remote.RemoteWebDriver log
信息: Executed: [1d61d657-5111-4a45-a761-32cfd5db145b, findElement {using=id, value=menu1}]
三月 23, 2014 4:25:33 下午 org.openqa.selenium.remote.RemoteWebDriver log
信息: Executing: findElement [1d61d657-5111-4a45-a761-32cfd5db145b, findElement {using=id, value=item1}]
三月 23, 2014 4:25:33 下午 org.openqa.selenium.remote.RemoteWebDriver log
信息: Executed: [1d61d657-5111-4a45-a761-32cfd5db145b, findElement {using=id, value=item1}]
三月 23, 2014 4:25:33 下午 org.openqa.selenium.remote.RemoteWebDriver log
信息: Executing: getElementText [1d61d657-5111-4a45-a761-32cfd5db145b, getElementText {id={d14b2977-a321-3147-8d97-7a5b28bb1ff7}}]
三月 23, 2014 4:25:33 下午 org.openqa.selenium.remote.RemoteWebDriver log
信息: Executed: [1d61d657-5111-4a45-a761-32cfd5db145b, getElementText {id={d14b2977-a321-3147-8d97-7a5b28bb1ff7}}]
三月 23, 2014 4:25:33 下午 org.openqa.selenium.remote.RemoteWebDriver log
信息: Executing: executeScript [1d61d657-5111-4a45-a761-32cfd5db145b, executeScript {script=arguments[0].style.background = 'green', args=[{ELEMENT={9afa9280-bbb8-334a-809c-9f335f4699b8}}]}]
三月 23, 2014 4:25:33 下午 org.openqa.selenium.remote.RemoteWebDriver log
信息: Executed: [1d61d657-5111-4a45-a761-32cfd5db145b, executeScript {script=arguments[0].style.background = 'green', args=[{ELEMENT={9afa9280-bbb8-334a-809c-9f335f4699b8}}]}]
三月 23, 2014 4:25:33 下午 org.openqa.selenium.remote.RemoteWebDriver log
信息: Executing: mouseMoveTo [1d61d657-5111-4a45-a761-32cfd5db145b, mouseMoveTo {element={9afa9280-bbb8-334a-809c-9f335f4699b8}}]
三月 23, 2014 4:25:33 下午 org.openqa.selenium.remote.RemoteWebDriver log
信息: Executed: [1d61d657-5111-4a45-a761-32cfd5db145b, mouseMoveTo {element={9afa9280-bbb8-334a-809c-9f335f4699b8}}]
三月 23, 2014 4:25:35 下午 org.openqa.selenium.remote.RemoteWebDriver log
信息: Executing: getElementText [1d61d657-5111-4a45-a761-32cfd5db145b, getElementText {id={d14b2977-a321-3147-8d97-7a5b28bb1ff7}}]
三月 23, 2014 4:25:35 下午 org.openqa.selenium.remote.RemoteWebDriver log
信息: Executed: [1d61d657-5111-4a45-a761-32cfd5db145b, getElementText {id={d14b2977-a321-3147-8d97-7a5b28bb1ff7}}]
三月 23, 2014 4:25:35 下午 org.openqa.selenium.remote.RemoteWebDriver log
信息: Executing: getElementText [1d61d657-5111-4a45-a761-32cfd5db145b, getElementText {id={d14b2977-a321-3147-8d97-7a5b28bb1ff7}}]
三月 23, 2014 4:25:35 下午 org.openqa.selenium.remote.RemoteWebDriver log
信息: Executed: [1d61d657-5111-4a45-a761-32cfd5db145b, getElementText {id={d14b2977-a321-3147-8d97-7a5b28bb1ff7}}]
三月 23, 2014 4:25:35 下午 org.openqa.selenium.testing.JUnit4TestBase$1 finished
信息: <<< Finished testHoverPersists(org.openqa.selenium.interactions.BasicMouseInterfaceTest)
三月 23, 2014 4:25:35 下午 org.openqa.selenium.testing.JUnit4TestBase$1 starting
信息: >>> Starting canMouseOverAndOutOfAnElement(org.openqa.selenium.interactions.BasicMouseInterfaceTest)
三月 23, 2014 4:25:35 下午 org.openqa.selenium.remote.RemoteWebDriver log
信息: Executing: get [1d61d657-5111-4a45-a761-32cfd5db145b, get {url=http://localhost:6461/common/mouseOver.html}]
三月 23, 2014 4:25:35 下午 org.openqa.selenium.remote.RemoteWebDriver log
信息: Executed: [1d61d657-5111-4a45-a761-32cfd5db145b, get {url=http://localhost:6461/common/mouseOver.html}]
三月 23, 2014 4:25:35 下午 org.openqa.selenium.remote.RemoteWebDriver log
信息: Executing: findElement [1d61d657-5111-4a45-a761-32cfd5db145b, findElement {using=id, value=greenbox}]
三月 23, 2014 4:25:36 下午 org.openqa.selenium.remote.RemoteWebDriver log
信息: Executed: [1d61d657-5111-4a45-a761-32cfd5db145b, findElement {using=id, value=greenbox}]
三月 23, 2014 4:25:36 下午 org.openqa.selenium.remote.RemoteWebDriver log
信息: Executing: findElement [1d61d657-5111-4a45-a761-32cfd5db145b, findElement {using=id, value=redbox}]
三月 23, 2014 4:25:36 下午 org.openqa.selenium.remote.RemoteWebDriver log
信息: Executed: [1d61d657-5111-4a45-a761-32cfd5db145b, findElement {using=id, value=redbox}]
三月 23, 2014 4:25:36 下午 org.openqa.selenium.remote.RemoteWebDriver log
信息: Executing: getElementSize [1d61d657-5111-4a45-a761-32cfd5db145b, getElementSize {id={9879878c-7862-5349-b688-c0e178cac0f1}}]
三月 23, 2014 4:25:36 下午 org.openqa.selenium.remote.RemoteWebDriver log
信息: Executed: [1d61d657-5111-4a45-a761-32cfd5db145b, getElementSize {id={9879878c-7862-5349-b688-c0e178cac0f1}}]
三月 23, 2014 4:25:36 下午 org.openqa.selenium.remote.RemoteWebDriver log
信息: Executing: mouseMoveTo [1d61d657-5111-4a45-a761-32cfd5db145b, mouseMoveTo {element={1575272f-7e4f-2641-a641-dd2c20b9e85f}, xoffset=1, yoffset=1}]
三月 23, 2014 4:25:36 下午 org.openqa.selenium.remote.RemoteWebDriver log
信息: Executed: [1d61d657-5111-4a45-a761-32cfd5db145b, mouseMoveTo {element={1575272f-7e4f-2641-a641-dd2c20b9e85f}, xoffset=1, yoffset=1}]
三月 23, 2014 4:25:36 下午 org.openqa.selenium.remote.RemoteWebDriver log
信息: Executing: getElementValueOfCssProperty [1d61d657-5111-4a45-a761-32cfd5db145b, getElementValueOfCssProperty {id={9879878c-7862-5349-b688-c0e178cac0f1}, propertyName=background-color}]
三月 23, 2014 4:25:36 下午 org.openqa.selenium.remote.RemoteWebDriver log
信息: Executed: [1d61d657-5111-4a45-a761-32cfd5db145b, getElementValueOfCssProperty {id={9879878c-7862-5349-b688-c0e178cac0f1}, propertyName=background-color}]
三月 23, 2014 4:25:36 下午 org.openqa.selenium.remote.RemoteWebDriver log
信息: Executing: mouseMoveTo [1d61d657-5111-4a45-a761-32cfd5db145b, mouseMoveTo {element={9879878c-7862-5349-b688-c0e178cac0f1}}]
三月 23, 2014 4:25:36 下午 org.openqa.selenium.remote.RemoteWebDriver log
信息: Executed: [1d61d657-5111-4a45-a761-32cfd5db145b, mouseMoveTo {element={9879878c-7862-5349-b688-c0e178cac0f1}}]
三月 23, 2014 4:25:36 下午 org.openqa.selenium.remote.RemoteWebDriver log
信息: Executing: getElementValueOfCssProperty [1d61d657-5111-4a45-a761-32cfd5db145b, getElementValueOfCssProperty {id={9879878c-7862-5349-b688-c0e178cac0f1}, propertyName=background-color}]
三月 23, 2014 4:25:36 下午 org.openqa.selenium.remote.RemoteWebDriver log
信息: Executed: [1d61d657-5111-4a45-a761-32cfd5db145b, getElementValueOfCssProperty {id={9879878c-7862-5349-b688-c0e178cac0f1}, propertyName=background-color}]
三月 23, 2014 4:25:36 下午 org.openqa.selenium.remote.RemoteWebDriver log
信息: Executing: mouseMoveTo [1d61d657-5111-4a45-a761-32cfd5db145b, mouseMoveTo {element={9879878c-7862-5349-b688-c0e178cac0f1}, xoffset=77, yoffset=77}]
三月 23, 2014 4:25:36 下午 org.openqa.selenium.remote.RemoteWebDriver log
信息: Executed: [1d61d657-5111-4a45-a761-32cfd5db145b, mouseMoveTo {element={9879878c-7862-5349-b688-c0e178cac0f1}, xoffset=77, yoffset=77}]
三月 23, 2014 4:25:36 下午 org.openqa.selenium.remote.RemoteWebDriver log
信息: Executing: getElementValueOfCssProperty [1d61d657-5111-4a45-a761-32cfd5db145b, getElementValueOfCssProperty {id={9879878c-7862-5349-b688-c0e178cac0f1}, propertyName=background-color}]
三月 23, 2014 4:25:36 下午 org.openqa.selenium.remote.RemoteWebDriver log
信息: Executed: [1d61d657-5111-4a45-a761-32cfd5db145b, getElementValueOfCssProperty {id={9879878c-7862-5349-b688-c0e178cac0f1}, propertyName=background-color}]
三月 23, 2014 4:25:36 下午 org.openqa.selenium.testing.JUnit4TestBase$1 finished
信息: <<< Finished canMouseOverAndOutOfAnElement(org.openqa.selenium.interactions.BasicMouseInterfaceTest)
三月 23, 2014 4:25:36 下午 org.openqa.selenium.remote.RemoteWebDriver log
信息: Executing: quit [1d61d657-5111-4a45-a761-32cfd5db145b, quit {}]
三月 23, 2014 4:25:36 下午 org.openqa.selenium.remote.RemoteWebDriver log
信息: Executed: [1d61d657-5111-4a45-a761-32cfd5db145b, quit {}]
三月 23, 2014 4:25:36 下午 org.openqa.selenium.testing.JUnit4TestBase$1 starting
信息: >>> Starting testMovingMousePastViewPort(org.openqa.selenium.interactions.BasicMouseInterfaceTest)
三月 23, 2014 4:25:37 下午 org.openqa.selenium.testing.JUnit4TestBase$1 finished
信息: <<< Finished testMovingMousePastViewPort(org.openqa.selenium.interactions.BasicMouseInterfaceTest)
三月 23, 2014 4:25:37 下午 org.openqa.selenium.testing.JUnit4TestBase$1 starting
信息: >>> Starting testDragAndDrop(org.openqa.selenium.interactions.BasicMouseInterfaceTest)
三月 23, 2014 4:25:37 下午 org.openqa.selenium.remote.RemoteWebDriver log
信息: Executing: get [6124c54c-c62f-7d43-b0e5-cc76c414f1ea, get {url=http://localhost:6461/common/droppableItems.html}]
三月 23, 2014 4:25:38 下午 org.openqa.selenium.remote.RemoteWebDriver log
信息: Executed: [6124c54c-c62f-7d43-b0e5-cc76c414f1ea, get {url=http://localhost:6461/common/droppableItems.html}]
三月 23, 2014 4:25:38 下午 org.openqa.selenium.remote.RemoteWebDriver log
信息: Executing: findElement [6124c54c-c62f-7d43-b0e5-cc76c414f1ea, findElement {using=id, value=draggable}]
三月 23, 2014 4:25:38 下午 org.openqa.selenium.remote.RemoteWebDriver log
信息: Executed: [6124c54c-c62f-7d43-b0e5-cc76c414f1ea, findElement {using=id, value=draggable}]
三月 23, 2014 4:25:38 下午 org.openqa.selenium.remote.RemoteWebDriver log
信息: Executing: findElement [6124c54c-c62f-7d43-b0e5-cc76c414f1ea, findElement {using=id, value=draggable}]
三月 23, 2014 4:25:38 下午 org.openqa.selenium.remote.RemoteWebDriver log
信息: Executed: [6124c54c-c62f-7d43-b0e5-cc76c414f1ea, findElement {using=id, value=draggable}]
三月 23, 2014 4:25:38 下午 org.openqa.selenium.remote.RemoteWebDriver log
信息: Executing: findElement [6124c54c-c62f-7d43-b0e5-cc76c414f1ea, findElement {using=id, value=draggable}]
三月 23, 2014 4:25:38 下午 org.openqa.selenium.remote.RemoteWebDriver log
信息: Executed: [6124c54c-c62f-7d43-b0e5-cc76c414f1ea, findElement {using=id, value=draggable}]
三月 23, 2014 4:25:38 下午 org.openqa.selenium.remote.RemoteWebDriver log
信息: Executing: findElement [6124c54c-c62f-7d43-b0e5-cc76c414f1ea, findElement {using=id, value=droppable}]
三月 23, 2014 4:25:38 下午 org.openqa.selenium.remote.RemoteWebDriver log
信息: Executed: [6124c54c-c62f-7d43-b0e5-cc76c414f1ea, findElement {using=id, value=droppable}]
三月 23, 2014 4:25:38 下午 org.openqa.selenium.remote.RemoteWebDriver log
信息: Executing: mouseMoveTo [6124c54c-c62f-7d43-b0e5-cc76c414f1ea, mouseMoveTo {element={7fec9f57-e1e2-ce4f-9962-573879373a03}}]
三月 23, 2014 4:25:38 下午 org.openqa.selenium.remote.RemoteWebDriver log
信息: Executed: [6124c54c-c62f-7d43-b0e5-cc76c414f1ea, mouseMoveTo {element={7fec9f57-e1e2-ce4f-9962-573879373a03}}]
三月 23, 2014 4:25:38 下午 org.openqa.selenium.remote.RemoteWebDriver log
信息: Executing: mouseMoveTo [6124c54c-c62f-7d43-b0e5-cc76c414f1ea, mouseMoveTo {element={7fec9f57-e1e2-ce4f-9962-573879373a03}}]
三月 23, 2014 4:25:38 下午 org.openqa.selenium.remote.RemoteWebDriver log
信息: Executed: [6124c54c-c62f-7d43-b0e5-cc76c414f1ea, mouseMoveTo {element={7fec9f57-e1e2-ce4f-9962-573879373a03}}]
三月 23, 2014 4:25:38 下午 org.openqa.selenium.remote.RemoteWebDriver log
信息: Executing: mouseButtonDown [6124c54c-c62f-7d43-b0e5-cc76c414f1ea, mouseButtonDown {}]
三月 23, 2014 4:25:38 下午 org.openqa.selenium.remote.RemoteWebDriver log
信息: Executed: [6124c54c-c62f-7d43-b0e5-cc76c414f1ea, mouseButtonDown {}]
三月 23, 2014 4:25:38 下午 org.openqa.selenium.remote.RemoteWebDriver log
信息: Executing: mouseMoveTo [6124c54c-c62f-7d43-b0e5-cc76c414f1ea, mouseMoveTo {element={80855689-0a36-b448-aa00-663e255d9d96}}]
三月 23, 2014 4:25:38 下午 org.openqa.selenium.remote.RemoteWebDriver log
信息: Executed: [6124c54c-c62f-7d43-b0e5-cc76c414f1ea, mouseMoveTo {element={80855689-0a36-b448-aa00-663e255d9d96}}]
三月 23, 2014 4:25:38 下午 org.openqa.selenium.remote.RemoteWebDriver log
信息: Executing: mouseMoveTo [6124c54c-c62f-7d43-b0e5-cc76c414f1ea, mouseMoveTo {element={80855689-0a36-b448-aa00-663e255d9d96}}]
三月 23, 2014 4:25:38 下午 org.openqa.selenium.remote.RemoteWebDriver log
信息: Executed: [6124c54c-c62f-7d43-b0e5-cc76c414f1ea, mouseMoveTo {element={80855689-0a36-b448-aa00-663e255d9d96}}]
三月 23, 2014 4:25:38 下午 org.openqa.selenium.remote.RemoteWebDriver log
信息: Executing: mouseMoveTo [6124c54c-c62f-7d43-b0e5-cc76c414f1ea, mouseMoveTo {element={80855689-0a36-b448-aa00-663e255d9d96}}]
三月 23, 2014 4:25:38 下午 org.openqa.selenium.remote.RemoteWebDriver log
信息: Executed: [6124c54c-c62f-7d43-b0e5-cc76c414f1ea, mouseMoveTo {element={80855689-0a36-b448-aa00-663e255d9d96}}]
三月 23, 2014 4:25:38 下午 org.openqa.selenium.remote.RemoteWebDriver log
信息: Executing: mouseButtonUp [6124c54c-c62f-7d43-b0e5-cc76c414f1ea, mouseButtonUp {}]
三月 23, 2014 4:25:38 下午 org.openqa.selenium.remote.RemoteWebDriver log
信息: Executed: [6124c54c-c62f-7d43-b0e5-cc76c414f1ea, mouseButtonUp {}]
三月 23, 2014 4:25:38 下午 org.openqa.selenium.remote.RemoteWebDriver log
信息: Executing: findElement [6124c54c-c62f-7d43-b0e5-cc76c414f1ea, findElement {using=id, value=droppable}]
三月 23, 2014 4:25:38 下午 org.openqa.selenium.remote.RemoteWebDriver log
信息: Executed: [6124c54c-c62f-7d43-b0e5-cc76c414f1ea, findElement {using=id, value=droppable}]
三月 23, 2014 4:25:38 下午 org.openqa.selenium.remote.RemoteWebDriver log
信息: Executing: findChildElement [6124c54c-c62f-7d43-b0e5-cc76c414f1ea, findChildElement {id={80855689-0a36-b448-aa00-663e255d9d96}, using=tag name, value=p}]
三月 23, 2014 4:25:38 下午 org.openqa.selenium.remote.RemoteWebDriver log
信息: Executed: [6124c54c-c62f-7d43-b0e5-cc76c414f1ea, findChildElement {id={80855689-0a36-b448-aa00-663e255d9d96}, using=tag name, value=p}]
三月 23, 2014 4:25:38 下午 org.openqa.selenium.remote.RemoteWebDriver log
信息: Executing: getElementText [6124c54c-c62f-7d43-b0e5-cc76c414f1ea, getElementText {id={ef73c1ac-fb4d-cd49-86fa-bc705253aba5}}]
三月 23, 2014 4:25:38 下午 org.openqa.selenium.remote.RemoteWebDriver log
信息: Executed: [6124c54c-c62f-7d43-b0e5-cc76c414f1ea, getElementText {id={ef73c1ac-fb4d-cd49-86fa-bc705253aba5}}]
三月 23, 2014 4:25:38 下午 org.openqa.selenium.testing.JUnit4TestBase$1 finished
信息: <<< Finished testDragAndDrop(org.openqa.selenium.interactions.BasicMouseInterfaceTest)
三月 23, 2014 4:25:38 下午 org.openqa.selenium.testing.JUnit4TestBase$1 starting
信息: >>> Starting testMoveAndClick(org.openqa.selenium.interactions.BasicMouseInterfaceTest)
三月 23, 2014 4:25:38 下午 org.openqa.selenium.remote.RemoteWebDriver log
信息: Executing: get [6124c54c-c62f-7d43-b0e5-cc76c414f1ea, get {url=http://localhost:6461/common/javascriptPage.html}]
三月 23, 2014 4:25:38 下午 org.openqa.selenium.remote.RemoteWebDriver log
信息: Executed: [6124c54c-c62f-7d43-b0e5-cc76c414f1ea, get {url=http://localhost:6461/common/javascriptPage.html}]
三月 23, 2014 4:25:38 下午 org.openqa.selenium.remote.RemoteWebDriver log
信息: Executing: findElement [6124c54c-c62f-7d43-b0e5-cc76c414f1ea, findElement {using=id, value=clickField}]
三月 23, 2014 4:25:38 下午 org.openqa.selenium.remote.RemoteWebDriver log
信息: Executed: [6124c54c-c62f-7d43-b0e5-cc76c414f1ea, findElement {using=id, value=clickField}]
三月 23, 2014 4:25:38 下午 org.openqa.selenium.remote.RemoteWebDriver log
信息: Executing: mouseMoveTo [6124c54c-c62f-7d43-b0e5-cc76c414f1ea, mouseMoveTo {element={c113679f-542a-f64e-89da-9120a1b64fdc}}]
三月 23, 2014 4:25:38 下午 org.openqa.selenium.remote.RemoteWebDriver log
信息: Executed: [6124c54c-c62f-7d43-b0e5-cc76c414f1ea, mouseMoveTo {element={c113679f-542a-f64e-89da-9120a1b64fdc}}]
三月 23, 2014 4:25:38 下午 org.openqa.selenium.remote.RemoteWebDriver log
信息: Executing: mouseClick [6124c54c-c62f-7d43-b0e5-cc76c414f1ea, mouseClick {button=0}]
三月 23, 2014 4:25:38 下午 org.openqa.selenium.remote.RemoteWebDriver log
信息: Executed: [6124c54c-c62f-7d43-b0e5-cc76c414f1ea, mouseClick {button=0}]
三月 23, 2014 4:25:38 下午 org.openqa.selenium.remote.RemoteWebDriver log
信息: Executing: getElementAttribute [6124c54c-c62f-7d43-b0e5-cc76c414f1ea, getElementAttribute {id={c113679f-542a-f64e-89da-9120a1b64fdc}, name=value}]
三月 23, 2014 4:25:38 下午 org.openqa.selenium.remote.RemoteWebDriver log
信息: Executed: [6124c54c-c62f-7d43-b0e5-cc76c414f1ea, getElementAttribute {id={c113679f-542a-f64e-89da-9120a1b64fdc}, name=value}]
三月 23, 2014 4:25:38 下午 org.openqa.selenium.remote.RemoteWebDriver log
信息: Executing: getElementAttribute [6124c54c-c62f-7d43-b0e5-cc76c414f1ea, getElementAttribute {id={c113679f-542a-f64e-89da-9120a1b64fdc}, name=value}]
三月 23, 2014 4:25:38 下午 org.openqa.selenium.remote.RemoteWebDriver log
信息: Executed: [6124c54c-c62f-7d43-b0e5-cc76c414f1ea, getElementAttribute {id={c113679f-542a-f64e-89da-9120a1b64fdc}, name=value}]
三月 23, 2014 4:25:38 下午 org.openqa.selenium.testing.JUnit4TestBase$1 finished
信息: <<< Finished testMoveAndClick(org.openqa.selenium.interactions.BasicMouseInterfaceTest)
三月 23, 2014 4:25:38 下午 org.openqa.selenium.testing.JUnit4TestBase$1 starting
信息: >>> Starting testShouldClickElementInIFrame(org.openqa.selenium.interactions.BasicMouseInterfaceTest)
三月 23, 2014 4:25:38 下午 org.openqa.selenium.remote.RemoteWebDriver log
信息: Executing: get [6124c54c-c62f-7d43-b0e5-cc76c414f1ea, get {url=http://localhost:6461/common/clicks.html}]
三月 23, 2014 4:25:38 下午 org.openqa.selenium.remote.RemoteWebDriver log
信息: Executed: [6124c54c-c62f-7d43-b0e5-cc76c414f1ea, get {url=http://localhost:6461/common/clicks.html}]
三月 23, 2014 4:25:38 下午 org.openqa.selenium.remote.RemoteWebDriver log
信息: Executing: switchToFrame [6124c54c-c62f-7d43-b0e5-cc76c414f1ea, switchToFrame {id=source}]
三月 23, 2014 4:25:38 下午 org.openqa.selenium.remote.RemoteWebDriver log
信息: Executed: [6124c54c-c62f-7d43-b0e5-cc76c414f1ea, switchToFrame {id=source}]
三月 23, 2014 4:25:38 下午 org.openqa.selenium.remote.RemoteWebDriver log
信息: Executing: findElement [6124c54c-c62f-7d43-b0e5-cc76c414f1ea, findElement {using=id, value=otherframe}]
三月 23, 2014 4:25:38 下午 org.openqa.selenium.remote.RemoteWebDriver log
信息: Executed: [6124c54c-c62f-7d43-b0e5-cc76c414f1ea, findElement {using=id, value=otherframe}]
三月 23, 2014 4:25:38 下午 org.openqa.selenium.remote.RemoteWebDriver log
信息: Executing: mouseMoveTo [6124c54c-c62f-7d43-b0e5-cc76c414f1ea, mouseMoveTo {element={358f6b27-1e50-9249-b7cc-287bc6402ad6}}]
三月 23, 2014 4:25:38 下午 org.openqa.selenium.remote.RemoteWebDriver log
信息: Executed: [6124c54c-c62f-7d43-b0e5-cc76c414f1ea, mouseMoveTo {element={358f6b27-1e50-9249-b7cc-287bc6402ad6}}]
三月 23, 2014 4:25:38 下午 org.openqa.selenium.remote.RemoteWebDriver log
信息: Executing: mouseClick [6124c54c-c62f-7d43-b0e5-cc76c414f1ea, mouseClick {button=0}]
三月 23, 2014 4:25:38 下午 org.openqa.selenium.remote.RemoteWebDriver log
信息: Executed: [6124c54c-c62f-7d43-b0e5-cc76c414f1ea, mouseClick {button=0}]
三月 23, 2014 4:25:38 下午 org.openqa.selenium.remote.RemoteWebDriver log
信息: Executing: switchToFrame [6124c54c-c62f-7d43-b0e5-cc76c414f1ea, switchToFrame {id=null}]
三月 23, 2014 4:25:38 下午 org.openqa.selenium.remote.RemoteWebDriver log
信息: Executed: [6124c54c-c62f-7d43-b0e5-cc76c414f1ea, switchToFrame {id=null}]
三月 23, 2014 4:25:38 下午 org.openqa.selenium.remote.RemoteWebDriver log
信息: Executing: switchToFrame [6124c54c-c62f-7d43-b0e5-cc76c414f1ea, switchToFrame {id=target}]
三月 23, 2014 4:25:38 下午 org.openqa.selenium.remote.RemoteWebDriver log
信息: Executed: [6124c54c-c62f-7d43-b0e5-cc76c414f1ea, switchToFrame {id=target}]
三月 23, 2014 4:25:38 下午 org.openqa.selenium.remote.RemoteWebDriver log
信息: Executing: findElement [6124c54c-c62f-7d43-b0e5-cc76c414f1ea, findElement {using=id, value=span}]
三月 23, 2014 4:25:38 下午 org.openqa.selenium.remote.RemoteWebDriver log
信息: Executed: [6124c54c-c62f-7d43-b0e5-cc76c414f1ea, findElement {using=id, value=span}]
三月 23, 2014 4:25:38 下午 org.openqa.selenium.remote.RemoteWebDriver log
信息: Executing: getElementText [6124c54c-c62f-7d43-b0e5-cc76c414f1ea, getElementText {id={e32824e7-d8c5-b94a-8dca-65d38afbf79b}}]
三月 23, 2014 4:25:38 下午 org.openqa.selenium.remote.RemoteWebDriver log
信息: Executed: [6124c54c-c62f-7d43-b0e5-cc76c414f1ea, getElementText {id={e32824e7-d8c5-b94a-8dca-65d38afbf79b}}]
三月 23, 2014 4:25:38 下午 org.openqa.selenium.remote.RemoteWebDriver log
信息: Executing: switchToFrame [6124c54c-c62f-7d43-b0e5-cc76c414f1ea, switchToFrame {id=null}]
三月 23, 2014 4:25:38 下午 org.openqa.selenium.remote.RemoteWebDriver log
信息: Executed: [6124c54c-c62f-7d43-b0e5-cc76c414f1ea, switchToFrame {id=null}]
三月 23, 2014 4:25:38 下午 org.openqa.selenium.testing.JUnit4TestBase$1 finished
信息: <<< Finished testShouldClickElementInIFrame(org.openqa.selenium.interactions.BasicMouseInterfaceTest)
三月 23, 2014 4:25:38 下午 org.openqa.selenium.testing.JUnit4TestBase$1 starting
信息: >>> Starting testMovingMouseBackAndForthPastViewPort(org.openqa.selenium.interactions.BasicMouseInterfaceTest)
三月 23, 2014 4:25:38 下午 org.openqa.selenium.remote.RemoteWebDriver log
信息: Executing: executeScript [6124c54c-c62f-7d43-b0e5-cc76c414f1ea, executeScript {script=return navigator.userAgent;, args=[]}]
三月 23, 2014 4:25:38 下午 org.openqa.selenium.remote.RemoteWebDriver log
信息: Executed: [6124c54c-c62f-7d43-b0e5-cc76c414f1ea, executeScript {script=return navigator.userAgent;, args=[]}]
三月 23, 2014 4:25:38 下午 org.openqa.selenium.testing.JUnit4TestBase$1 finished
信息: <<< Finished testMovingMouseBackAndForthPastViewPort(org.openqa.selenium.interactions.BasicMouseInterfaceTest)
三月 23, 2014 4:25:38 下午 org.openqa.selenium.testing.JUnit4TestBase$1 starting
信息: >>> Starting testDraggingElementWithMouseFiresEvents(org.openqa.selenium.interactions.BasicMouseInterfaceTest)
三月 23, 2014 4:25:38 下午 org.openqa.selenium.remote.RemoteWebDriver log
信息: Executing: get [6124c54c-c62f-7d43-b0e5-cc76c414f1ea, get {url=http://localhost:6461/common/draggableLists.html}]
三月 23, 2014 4:25:38 下午 org.openqa.selenium.remote.RemoteWebDriver log
信息: Executed: [6124c54c-c62f-7d43-b0e5-cc76c414f1ea, get {url=http://localhost:6461/common/draggableLists.html}]
三月 23, 2014 4:25:38 下午 org.openqa.selenium.remote.RemoteWebDriver log
信息: Executing: findElement [6124c54c-c62f-7d43-b0e5-cc76c414f1ea, findElement {using=id, value=dragging_reports}]
三月 23, 2014 4:25:38 下午 org.openqa.selenium.remote.RemoteWebDriver log
信息: Executed: [6124c54c-c62f-7d43-b0e5-cc76c414f1ea, findElement {using=id, value=dragging_reports}]
三月 23, 2014 4:25:38 下午 org.openqa.selenium.remote.RemoteWebDriver log
信息: Executing: findElement [6124c54c-c62f-7d43-b0e5-cc76c414f1ea, findElement {using=id, value=rightitem-3}]
三月 23, 2014 4:25:38 下午 org.openqa.selenium.remote.RemoteWebDriver log
信息: Executed: [6124c54c-c62f-7d43-b0e5-cc76c414f1ea, findElement {using=id, value=rightitem-3}]
三月 23, 2014 4:25:38 下午 org.openqa.selenium.remote.RemoteWebDriver log
信息: Executing: findElement [6124c54c-c62f-7d43-b0e5-cc76c414f1ea, findElement {using=id, value=sortable1}]
三月 23, 2014 4:25:38 下午 org.openqa.selenium.remote.RemoteWebDriver log
信息: Executed: [6124c54c-c62f-7d43-b0e5-cc76c414f1ea, findElement {using=id, value=sortable1}]
三月 23, 2014 4:25:38 下午 org.openqa.selenium.remote.RemoteWebDriver log
信息: Executing: findElement [6124c54c-c62f-7d43-b0e5-cc76c414f1ea, findElement {using=id, value=leftitem-4}]
三月 23, 2014 4:25:38 下午 org.openqa.selenium.remote.RemoteWebDriver log
信息: Executed: [6124c54c-c62f-7d43-b0e5-cc76c414f1ea, findElement {using=id, value=leftitem-4}]
三月 23, 2014 4:25:38 下午 org.openqa.selenium.remote.RemoteWebDriver log
信息: Executing: getElementText [6124c54c-c62f-7d43-b0e5-cc76c414f1ea, getElementText {id={c0547ab3-5c47-cb49-aaa1-584a62a9064c}}]
三月 23, 2014 4:25:38 下午 org.openqa.selenium.remote.RemoteWebDriver log
信息: Executed: [6124c54c-c62f-7d43-b0e5-cc76c414f1ea, getElementText {id={c0547ab3-5c47-cb49-aaa1-584a62a9064c}}]
三月 23, 2014 4:25:38 下午 org.openqa.selenium.remote.RemoteWebDriver log
信息: Executing: mouseMoveTo [6124c54c-c62f-7d43-b0e5-cc76c414f1ea, mouseMoveTo {element={88136df4-aed6-1944-acd3-4dfac3d09f17}}]
三月 23, 2014 4:25:38 下午 org.openqa.selenium.remote.RemoteWebDriver log
信息: Executed: [6124c54c-c62f-7d43-b0e5-cc76c414f1ea, mouseMoveTo {element={88136df4-aed6-1944-acd3-4dfac3d09f17}}]
三月 23, 2014 4:25:38 下午 org.openqa.selenium.remote.RemoteWebDriver log
信息: Executing: mouseMoveTo [6124c54c-c62f-7d43-b0e5-cc76c414f1ea, mouseMoveTo {element={88136df4-aed6-1944-acd3-4dfac3d09f17}}]
三月 23, 2014 4:25:38 下午 org.openqa.selenium.remote.RemoteWebDriver log
信息: Executed: [6124c54c-c62f-7d43-b0e5-cc76c414f1ea, mouseMoveTo {element={88136df4-aed6-1944-acd3-4dfac3d09f17}}]
三月 23, 2014 4:25:38 下午 org.openqa.selenium.remote.RemoteWebDriver log
信息: Executing: mouseButtonDown [6124c54c-c62f-7d43-b0e5-cc76c414f1ea, mouseButtonDown {}]
三月 23, 2014 4:25:38 下午 org.openqa.selenium.remote.RemoteWebDriver log
信息: Executed: [6124c54c-c62f-7d43-b0e5-cc76c414f1ea, mouseButtonDown {}]
三月 23, 2014 4:25:38 下午 org.openqa.selenium.remote.RemoteWebDriver log
信息: Executing: mouseMoveTo [6124c54c-c62f-7d43-b0e5-cc76c414f1ea, mouseMoveTo {element={6d7af297-d51a-8946-8e3f-bf9cead4103b}}]
三月 23, 2014 4:25:38 下午 org.openqa.selenium.remote.RemoteWebDriver log
信息: Executed: [6124c54c-c62f-7d43-b0e5-cc76c414f1ea, mouseMoveTo {element={6d7af297-d51a-8946-8e3f-bf9cead4103b}}]
三月 23, 2014 4:25:38 下午 org.openqa.selenium.remote.RemoteWebDriver log
信息: Executing: mouseMoveTo [6124c54c-c62f-7d43-b0e5-cc76c414f1ea, mouseMoveTo {element={529a9b06-d286-704d-87eb-f947221b80b2}}]
三月 23, 2014 4:25:38 下午 org.openqa.selenium.remote.RemoteWebDriver log
信息: Executed: [6124c54c-c62f-7d43-b0e5-cc76c414f1ea, mouseMoveTo {element={529a9b06-d286-704d-87eb-f947221b80b2}}]
三月 23, 2014 4:25:38 下午 org.openqa.selenium.remote.RemoteWebDriver log
信息: Executing: getElementText [6124c54c-c62f-7d43-b0e5-cc76c414f1ea, getElementText {id={c0547ab3-5c47-cb49-aaa1-584a62a9064c}}]
三月 23, 2014 4:25:38 下午 org.openqa.selenium.remote.RemoteWebDriver log
信息: Executed: [6124c54c-c62f-7d43-b0e5-cc76c414f1ea, getElementText {id={c0547ab3-5c47-cb49-aaa1-584a62a9064c}}]
三月 23, 2014 4:25:38 下午 org.openqa.selenium.remote.RemoteWebDriver log
信息: Executing: mouseMoveTo [6124c54c-c62f-7d43-b0e5-cc76c414f1ea, mouseMoveTo {element={529a9b06-d286-704d-87eb-f947221b80b2}}]
三月 23, 2014 4:25:38 下午 org.openqa.selenium.remote.RemoteWebDriver log
信息: Executed: [6124c54c-c62f-7d43-b0e5-cc76c414f1ea, mouseMoveTo {element={529a9b06-d286-704d-87eb-f947221b80b2}}]
三月 23, 2014 4:25:38 下午 org.openqa.selenium.remote.RemoteWebDriver log
信息: Executing: mouseMoveTo [6124c54c-c62f-7d43-b0e5-cc76c414f1ea, mouseMoveTo {element={529a9b06-d286-704d-87eb-f947221b80b2}}]
三月 23, 2014 4:25:39 下午 org.openqa.selenium.remote.RemoteWebDriver log
信息: Executed: [6124c54c-c62f-7d43-b0e5-cc76c414f1ea, mouseMoveTo {element={529a9b06-d286-704d-87eb-f947221b80b2}}]
三月 23, 2014 4:25:39 下午 org.openqa.selenium.remote.RemoteWebDriver log
信息: Executing: mouseButtonUp [6124c54c-c62f-7d43-b0e5-cc76c414f1ea, mouseButtonUp {}]
三月 23, 2014 4:25:39 下午 org.openqa.selenium.remote.RemoteWebDriver log
信息: Executed: [6124c54c-c62f-7d43-b0e5-cc76c414f1ea, mouseButtonUp {}]
三月 23, 2014 4:25:39 下午 org.openqa.selenium.remote.RemoteWebDriver log
信息: Executing: findElement [6124c54c-c62f-7d43-b0e5-cc76c414f1ea, findElement {using=id, value=dragging_reports}]
三月 23, 2014 4:25:39 下午 org.openqa.selenium.remote.RemoteWebDriver log
信息: Executed: [6124c54c-c62f-7d43-b0e5-cc76c414f1ea, findElement {using=id, value=dragging_reports}]
三月 23, 2014 4:25:39 下午 org.openqa.selenium.remote.RemoteWebDriver log
信息: Executing: getElementText [6124c54c-c62f-7d43-b0e5-cc76c414f1ea, getElementText {id={c0547ab3-5c47-cb49-aaa1-584a62a9064c}}]
三月 23, 2014 4:25:39 下午 org.openqa.selenium.remote.RemoteWebDriver log
信息: Executed: [6124c54c-c62f-7d43-b0e5-cc76c414f1ea, getElementText {id={c0547ab3-5c47-cb49-aaa1-584a62a9064c}}]
三月 23, 2014 4:25:39 下午 org.openqa.selenium.testing.JUnit4TestBase$1 finished
信息: <<< Finished testDraggingElementWithMouseFiresEvents(org.openqa.selenium.interactions.BasicMouseInterfaceTest)
三月 23, 2014 4:25:39 下午 org.openqa.selenium.testing.JUnit4TestBase$1 starting
信息: >>> Starting testDoubleClickThenGet(org.openqa.selenium.interactions.BasicMouseInterfaceTest)
三月 23, 2014 4:25:39 下午 org.openqa.selenium.remote.RemoteWebDriver log
信息: Executing: get [6124c54c-c62f-7d43-b0e5-cc76c414f1ea, get {url=http://localhost:6461/common/javascriptPage.html}]
三月 23, 2014 4:25:39 下午 org.openqa.selenium.remote.RemoteWebDriver log
信息: Executed: [6124c54c-c62f-7d43-b0e5-cc76c414f1ea, get {url=http://localhost:6461/common/javascriptPage.html}]
三月 23, 2014 4:25:39 下午 org.openqa.selenium.remote.RemoteWebDriver log
信息: Executing: findElement [6124c54c-c62f-7d43-b0e5-cc76c414f1ea, findElement {using=id, value=clickField}]
三月 23, 2014 4:25:39 下午 org.openqa.selenium.remote.RemoteWebDriver log
信息: Executed: [6124c54c-c62f-7d43-b0e5-cc76c414f1ea, findElement {using=id, value=clickField}]
三月 23, 2014 4:25:39 下午 org.openqa.selenium.remote.RemoteWebDriver log
信息: Executing: mouseMoveTo [6124c54c-c62f-7d43-b0e5-cc76c414f1ea, mouseMoveTo {element={2f55baf4-1e16-d346-b348-b088441ec2c8}}]
三月 23, 2014 4:25:39 下午 org.openqa.selenium.remote.RemoteWebDriver log
信息: Executed: [6124c54c-c62f-7d43-b0e5-cc76c414f1ea, mouseMoveTo {element={2f55baf4-1e16-d346-b348-b088441ec2c8}}]
三月 23, 2014 4:25:39 下午 org.openqa.selenium.remote.RemoteWebDriver log
信息: Executing: mouseMoveTo [6124c54c-c62f-7d43-b0e5-cc76c414f1ea, mouseMoveTo {element={2f55baf4-1e16-d346-b348-b088441ec2c8}}]
三月 23, 2014 4:25:39 下午 org.openqa.selenium.remote.RemoteWebDriver log
信息: Executed: [6124c54c-c62f-7d43-b0e5-cc76c414f1ea, mouseMoveTo {element={2f55baf4-1e16-d346-b348-b088441ec2c8}}]
三月 23, 2014 4:25:39 下午 org.openqa.selenium.remote.RemoteWebDriver log
信息: Executing: mouseDoubleClick [6124c54c-c62f-7d43-b0e5-cc76c414f1ea, mouseDoubleClick {}]
三月 23, 2014 4:25:39 下午 org.openqa.selenium.remote.RemoteWebDriver log
信息: Executed: [6124c54c-c62f-7d43-b0e5-cc76c414f1ea, mouseDoubleClick {}]
三月 23, 2014 4:25:39 下午 org.openqa.selenium.remote.RemoteWebDriver log
信息: Executing: get [6124c54c-c62f-7d43-b0e5-cc76c414f1ea, get {url=http://localhost:6461/common/droppableItems.html}]
三月 23, 2014 4:25:39 下午 org.openqa.selenium.remote.RemoteWebDriver log
信息: Executed: [6124c54c-c62f-7d43-b0e5-cc76c414f1ea, get {url=http://localhost:6461/common/droppableItems.html}]
三月 23, 2014 4:25:39 下午 org.openqa.selenium.testing.JUnit4TestBase$1 finished
信息: <<< Finished testDoubleClickThenGet(org.openqa.selenium.interactions.BasicMouseInterfaceTest)
三月 23, 2014 4:25:39 下午 org.openqa.selenium.testing.JUnit4TestBase$1 starting
信息: >>> Starting testDraggingElementWithMouseMovesItToAnotherList(org.openqa.selenium.interactions.BasicMouseInterfaceTest)
三月 23, 2014 4:25:39 下午 org.openqa.selenium.remote.RemoteWebDriver log
信息: Executing: get [6124c54c-c62f-7d43-b0e5-cc76c414f1ea, get {url=http://localhost:6461/common/draggableLists.html}]
三月 23, 2014 4:25:39 下午 org.openqa.selenium.remote.RemoteWebDriver log
信息: Executed: [6124c54c-c62f-7d43-b0e5-cc76c414f1ea, get {url=http://localhost:6461/common/draggableLists.html}]
三月 23, 2014 4:25:39 下午 org.openqa.selenium.remote.RemoteWebDriver log
信息: Executing: findElement [6124c54c-c62f-7d43-b0e5-cc76c414f1ea, findElement {using=id, value=dragging_reports}]
三月 23, 2014 4:25:39 下午 org.openqa.selenium.remote.RemoteWebDriver log
信息: Executed: [6124c54c-c62f-7d43-b0e5-cc76c414f1ea, findElement {using=id, value=dragging_reports}]
三月 23, 2014 4:25:39 下午 org.openqa.selenium.remote.RemoteWebDriver log
信息: Executing: findElement [6124c54c-c62f-7d43-b0e5-cc76c414f1ea, findElement {using=id, value=rightitem-3}]
三月 23, 2014 4:25:39 下午 org.openqa.selenium.remote.RemoteWebDriver log
信息: Executed: [6124c54c-c62f-7d43-b0e5-cc76c414f1ea, findElement {using=id, value=rightitem-3}]
三月 23, 2014 4:25:39 下午 org.openqa.selenium.remote.RemoteWebDriver log
信息: Executing: findElement [6124c54c-c62f-7d43-b0e5-cc76c414f1ea, findElement {using=id, value=sortable1}]
三月 23, 2014 4:25:39 下午 org.openqa.selenium.remote.RemoteWebDriver log
信息: Executed: [6124c54c-c62f-7d43-b0e5-cc76c414f1ea, findElement {using=id, value=sortable1}]
三月 23, 2014 4:25:39 下午 org.openqa.selenium.remote.RemoteWebDriver log
信息: Executing: findElement [6124c54c-c62f-7d43-b0e5-cc76c414f1ea, findElement {using=id, value=leftitem-4}]
三月 23, 2014 4:25:39 下午 org.openqa.selenium.remote.RemoteWebDriver log
信息: Executed: [6124c54c-c62f-7d43-b0e5-cc76c414f1ea, findElement {using=id, value=leftitem-4}]
三月 23, 2014 4:25:39 下午 org.openqa.selenium.remote.RemoteWebDriver log
信息: Executing: getElementText [6124c54c-c62f-7d43-b0e5-cc76c414f1ea, getElementText {id={17994042-823c-5240-9f20-48df65dc7c63}}]
三月 23, 2014 4:25:39 下午 org.openqa.selenium.remote.RemoteWebDriver log
信息: Executed: [6124c54c-c62f-7d43-b0e5-cc76c414f1ea, getElementText {id={17994042-823c-5240-9f20-48df65dc7c63}}]
三月 23, 2014 4:25:39 下午 org.openqa.selenium.remote.RemoteWebDriver log
信息: Executing: mouseMoveTo [6124c54c-c62f-7d43-b0e5-cc76c414f1ea, mouseMoveTo {element={f6445108-0af4-3449-87cc-d5c04f01c42b}}]
三月 23, 2014 4:25:39 下午 org.openqa.selenium.remote.RemoteWebDriver log
信息: Executed: [6124c54c-c62f-7d43-b0e5-cc76c414f1ea, mouseMoveTo {element={f6445108-0af4-3449-87cc-d5c04f01c42b}}]
三月 23, 2014 4:25:39 下午 org.openqa.selenium.remote.RemoteWebDriver log
信息: Executing: mouseMoveTo [6124c54c-c62f-7d43-b0e5-cc76c414f1ea, mouseMoveTo {element={f6445108-0af4-3449-87cc-d5c04f01c42b}}]
三月 23, 2014 4:25:39 下午 org.openqa.selenium.remote.RemoteWebDriver log
信息: Executed: [6124c54c-c62f-7d43-b0e5-cc76c414f1ea, mouseMoveTo {element={f6445108-0af4-3449-87cc-d5c04f01c42b}}]
三月 23, 2014 4:25:39 下午 org.openqa.selenium.remote.RemoteWebDriver log
信息: Executing: mouseButtonDown [6124c54c-c62f-7d43-b0e5-cc76c414f1ea, mouseButtonDown {}]
三月 23, 2014 4:25:39 下午 org.openqa.selenium.remote.RemoteWebDriver log
信息: Executed: [6124c54c-c62f-7d43-b0e5-cc76c414f1ea, mouseButtonDown {}]
三月 23, 2014 4:25:39 下午 org.openqa.selenium.remote.RemoteWebDriver log
信息: Executing: mouseMoveTo [6124c54c-c62f-7d43-b0e5-cc76c414f1ea, mouseMoveTo {element={202e264b-2b21-b34d-8dda-6c35dc3c5ad9}}]
三月 23, 2014 4:25:39 下午 org.openqa.selenium.remote.RemoteWebDriver log
信息: Executed: [6124c54c-c62f-7d43-b0e5-cc76c414f1ea, mouseMoveTo {element={202e264b-2b21-b34d-8dda-6c35dc3c5ad9}}]
三月 23, 2014 4:25:39 下午 org.openqa.selenium.remote.RemoteWebDriver log
信息: Executing: mouseMoveTo [6124c54c-c62f-7d43-b0e5-cc76c414f1ea, mouseMoveTo {element={8def7028-bd6c-6147-bf94-e38657e15a64}}]
三月 23, 2014 4:25:39 下午 org.openqa.selenium.remote.RemoteWebDriver log
信息: Executed: [6124c54c-c62f-7d43-b0e5-cc76c414f1ea, mouseMoveTo {element={8def7028-bd6c-6147-bf94-e38657e15a64}}]
三月 23, 2014 4:25:39 下午 org.openqa.selenium.remote.RemoteWebDriver log
信息: Executing: getElementText [6124c54c-c62f-7d43-b0e5-cc76c414f1ea, getElementText {id={17994042-823c-5240-9f20-48df65dc7c63}}]
三月 23, 2014 4:25:39 下午 org.openqa.selenium.remote.RemoteWebDriver log
信息: Executed: [6124c54c-c62f-7d43-b0e5-cc76c414f1ea, getElementText {id={17994042-823c-5240-9f20-48df65dc7c63}}]
三月 23, 2014 4:25:39 下午 org.openqa.selenium.remote.RemoteWebDriver log
信息: Executing: mouseMoveTo [6124c54c-c62f-7d43-b0e5-cc76c414f1ea, mouseMoveTo {element={8def7028-bd6c-6147-bf94-e38657e15a64}}]
三月 23, 2014 4:25:39 下午 org.openqa.selenium.remote.RemoteWebDriver log
信息: Executed: [6124c54c-c62f-7d43-b0e5-cc76c414f1ea, mouseMoveTo {element={8def7028-bd6c-6147-bf94-e38657e15a64}}]
三月 23, 2014 4:25:39 下午 org.openqa.selenium.remote.RemoteWebDriver log
信息: Executing: mouseMoveTo [6124c54c-c62f-7d43-b0e5-cc76c414f1ea, mouseMoveTo {element={8def7028-bd6c-6147-bf94-e38657e15a64}}]
三月 23, 2014 4:25:39 下午 org.openqa.selenium.remote.RemoteWebDriver log
信息: Executed: [6124c54c-c62f-7d43-b0e5-cc76c414f1ea, mouseMoveTo {element={8def7028-bd6c-6147-bf94-e38657e15a64}}]
三月 23, 2014 4:25:39 下午 org.openqa.selenium.remote.RemoteWebDriver log
信息: Executing: mouseButtonUp [6124c54c-c62f-7d43-b0e5-cc76c414f1ea, mouseButtonUp {}]
三月 23, 2014 4:25:39 下午 org.openqa.selenium.remote.RemoteWebDriver log
信息: Executed: [6124c54c-c62f-7d43-b0e5-cc76c414f1ea, mouseButtonUp {}]
三月 23, 2014 4:25:39 下午 org.openqa.selenium.remote.RemoteWebDriver log
信息: Executing: findElement [6124c54c-c62f-7d43-b0e5-cc76c414f1ea, findElement {using=id, value=sortable1}]
三月 23, 2014 4:25:39 下午 org.openqa.selenium.remote.RemoteWebDriver log
信息: Executed: [6124c54c-c62f-7d43-b0e5-cc76c414f1ea, findElement {using=id, value=sortable1}]
三月 23, 2014 4:25:39 下午 org.openqa.selenium.remote.RemoteWebDriver log
信息: Executing: findChildElements [6124c54c-c62f-7d43-b0e5-cc76c414f1ea, findChildElements {id={8def7028-bd6c-6147-bf94-e38657e15a64}, using=tag name, value=li}]
三月 23, 2014 4:25:39 下午 org.openqa.selenium.remote.RemoteWebDriver log
信息: Executed: [6124c54c-c62f-7d43-b0e5-cc76c414f1ea, findChildElements {id={8def7028-bd6c-6147-bf94-e38657e15a64}, using=tag name, value=li}]
三月 23, 2014 4:25:39 下午 org.openqa.selenium.testing.JUnit4TestBase$1 finished
信息: <<< Finished testDraggingElementWithMouseMovesItToAnotherList(org.openqa.selenium.interactions.BasicMouseInterfaceTest)
三月 23, 2014 4:25:39 下午 org.openqa.selenium.testing.JUnit4TestBase$1 starting
信息: >>> Starting testCannotMoveToANullLocator(org.openqa.selenium.interactions.BasicMouseInterfaceTest)
三月 23, 2014 4:25:39 下午 org.openqa.selenium.remote.RemoteWebDriver log
信息: Executing: get [6124c54c-c62f-7d43-b0e5-cc76c414f1ea, get {url=http://localhost:6461/common/javascriptPage.html}]
三月 23, 2014 4:25:39 下午 org.openqa.selenium.remote.RemoteWebDriver log
信息: Executed: [6124c54c-c62f-7d43-b0e5-cc76c414f1ea, get {url=http://localhost:6461/common/javascriptPage.html}]
三月 23, 2014 4:25:39 下午 org.openqa.selenium.testing.JUnit4TestBase$1 finished
信息: <<< Finished testCannotMoveToANullLocator(org.openqa.selenium.interactions.BasicMouseInterfaceTest)
三月 23, 2014 4:25:39 下午 org.openqa.selenium.testing.JUnit4TestBase$1 starting
信息: >>> Starting testMovingIntoAnImageEnclosedInALink(org.openqa.selenium.interactions.BasicMouseInterfaceTest)
三月 23, 2014 4:25:39 下午 org.openqa.selenium.remote.RemoteWebDriver log
信息: Executing: executeScript [6124c54c-c62f-7d43-b0e5-cc76c414f1ea, executeScript {script=return navigator.userAgent;, args=[]}]
三月 23, 2014 4:25:39 下午 org.openqa.selenium.remote.RemoteWebDriver log
信息: Executed: [6124c54c-c62f-7d43-b0e5-cc76c414f1ea, executeScript {script=return navigator.userAgent;, args=[]}]
三月 23, 2014 4:25:39 下午 org.openqa.selenium.remote.RemoteWebDriver log
信息: Executing: executeScript [6124c54c-c62f-7d43-b0e5-cc76c414f1ea, executeScript {script=return navigator.userAgent;, args=[]}]
三月 23, 2014 4:25:39 下午 org.openqa.selenium.remote.RemoteWebDriver log
信息: Executed: [6124c54c-c62f-7d43-b0e5-cc76c414f1ea, executeScript {script=return navigator.userAgent;, args=[]}]
三月 23, 2014 4:25:39 下午 org.openqa.selenium.remote.RemoteWebDriver log
信息: Executing: executeScript [6124c54c-c62f-7d43-b0e5-cc76c414f1ea, executeScript {script=return navigator.userAgent;, args=[]}]
三月 23, 2014 4:25:39 下午 org.openqa.selenium.remote.RemoteWebDriver log
信息: Executed: [6124c54c-c62f-7d43-b0e5-cc76c414f1ea, executeScript {script=return navigator.userAgent;, args=[]}]
三月 23, 2014 4:25:39 下午 org.openqa.selenium.remote.RemoteWebDriver log
信息: Executing: executeScript [6124c54c-c62f-7d43-b0e5-cc76c414f1ea, executeScript {script=return navigator.userAgent;, args=[]}]
三月 23, 2014 4:25:39 下午 org.openqa.selenium.remote.RemoteWebDriver log
信息: Executed: [6124c54c-c62f-7d43-b0e5-cc76c414f1ea, executeScript {script=return navigator.userAgent;, args=[]}]
三月 23, 2014 4:25:39 下午 org.openqa.selenium.remote.RemoteWebDriver log
信息: Executing: executeScript [6124c54c-c62f-7d43-b0e5-cc76c414f1ea, executeScript {script=return navigator.userAgent;, args=[]}]
三月 23, 2014 4:25:39 下午 org.openqa.selenium.remote.RemoteWebDriver log
信息: Executed: [6124c54c-c62f-7d43-b0e5-cc76c414f1ea, executeScript {script=return navigator.userAgent;, args=[]}]
三月 23, 2014 4:25:39 下午 org.openqa.selenium.remote.RemoteWebDriver log
信息: Executing: get [6124c54c-c62f-7d43-b0e5-cc76c414f1ea, get {url=http://localhost:6461/common/linked_image.html}]
三月 23, 2014 4:25:39 下午 org.openqa.selenium.remote.RemoteWebDriver log
信息: Executed: [6124c54c-c62f-7d43-b0e5-cc76c414f1ea, get {url=http://localhost:6461/common/linked_image.html}]
三月 23, 2014 4:25:39 下午 org.openqa.selenium.remote.RemoteWebDriver log
信息: Executing: findElement [6124c54c-c62f-7d43-b0e5-cc76c414f1ea, findElement {using=id, value=linkToAnchorOnThisPage}]
三月 23, 2014 4:25:39 下午 org.openqa.selenium.remote.RemoteWebDriver log
信息: Executed: [6124c54c-c62f-7d43-b0e5-cc76c414f1ea, findElement {using=id, value=linkToAnchorOnThisPage}]
三月 23, 2014 4:25:39 下午 org.openqa.selenium.remote.RemoteWebDriver log
信息: Executing: clickElement [6124c54c-c62f-7d43-b0e5-cc76c414f1ea, clickElement {id={944b0baa-55f1-d346-81b6-12391c98087e}}]
三月 23, 2014 4:25:39 下午 org.openqa.selenium.remote.RemoteWebDriver log
信息: Executed: [6124c54c-c62f-7d43-b0e5-cc76c414f1ea, clickElement {id={944b0baa-55f1-d346-81b6-12391c98087e}}]
三月 23, 2014 4:25:39 下午 org.openqa.selenium.remote.RemoteWebDriver log
信息: Executing: findElement [6124c54c-c62f-7d43-b0e5-cc76c414f1ea, findElement {using=id, value=linkWithEnclosedImage}]
三月 23, 2014 4:25:39 下午 org.openqa.selenium.remote.RemoteWebDriver log
信息: Executed: [6124c54c-c62f-7d43-b0e5-cc76c414f1ea, findElement {using=id, value=linkWithEnclosedImage}]
三月 23, 2014 4:25:39 下午 org.openqa.selenium.remote.RemoteWebDriver log
信息: Executing: mouseMoveTo [6124c54c-c62f-7d43-b0e5-cc76c414f1ea, mouseMoveTo {element={174e0546-ed9f-6c46-9d39-b82ee7d5a473}, xoffset=500, yoffset=30}]
三月 23, 2014 4:25:39 下午 org.openqa.selenium.remote.RemoteWebDriver log
信息: Executed: [6124c54c-c62f-7d43-b0e5-cc76c414f1ea, mouseMoveTo {element={174e0546-ed9f-6c46-9d39-b82ee7d5a473}, xoffset=500, yoffset=30}]
三月 23, 2014 4:25:39 下午 org.openqa.selenium.remote.RemoteWebDriver log
信息: Executing: mouseClick [6124c54c-c62f-7d43-b0e5-cc76c414f1ea, mouseClick {button=0}]
三月 23, 2014 4:25:39 下午 org.openqa.selenium.remote.RemoteWebDriver log
信息: Executed: [6124c54c-c62f-7d43-b0e5-cc76c414f1ea, mouseClick {button=0}]
三月 23, 2014 4:25:39 下午 org.openqa.selenium.remote.RemoteWebDriver log
信息: Executing: getTitle [6124c54c-c62f-7d43-b0e5-cc76c414f1ea, getTitle {}]
三月 23, 2014 4:25:39 下午 org.openqa.selenium.remote.RemoteWebDriver log
信息: Executed: [6124c54c-c62f-7d43-b0e5-cc76c414f1ea, getTitle {}]
三月 23, 2014 4:25:39 下午 org.openqa.selenium.testing.JUnit4TestBase$1 finished
信息: <<< Finished testMovingIntoAnImageEnclosedInALink(org.openqa.selenium.interactions.BasicMouseInterfaceTest)
三月 23, 2014 4:25:39 下午 org.openqa.selenium.testing.JUnit4TestBase$1 starting
信息: >>> Starting testMovingMouseToRelativeZeroElementOffset(org.openqa.selenium.interactions.BasicMouseInterfaceTest)
三月 23, 2014 4:25:39 下午 org.openqa.selenium.remote.RemoteWebDriver log
信息: Executing: get [6124c54c-c62f-7d43-b0e5-cc76c414f1ea, get {url=http://localhost:6461/common/mousePositionTracker.html}]
三月 23, 2014 4:25:39 下午 org.openqa.selenium.remote.RemoteWebDriver log
信息: Executed: [6124c54c-c62f-7d43-b0e5-cc76c414f1ea, get {url=http://localhost:6461/common/mousePositionTracker.html}]
三月 23, 2014 4:25:39 下午 org.openqa.selenium.remote.RemoteWebDriver log
信息: Executing: findElement [6124c54c-c62f-7d43-b0e5-cc76c414f1ea, findElement {using=id, value=mousetracker}]
三月 23, 2014 4:25:39 下午 org.openqa.selenium.remote.RemoteWebDriver log
信息: Executed: [6124c54c-c62f-7d43-b0e5-cc76c414f1ea, findElement {using=id, value=mousetracker}]
三月 23, 2014 4:25:39 下午 org.openqa.selenium.remote.RemoteWebDriver log
信息: Executing: mouseMoveTo [6124c54c-c62f-7d43-b0e5-cc76c414f1ea, mouseMoveTo {element={a0091365-4d4f-0f40-8bcd-1cb2c8fe9e52}, xoffset=0, yoffset=0}]
三月 23, 2014 4:25:39 下午 org.openqa.selenium.remote.RemoteWebDriver log
信息: Executed: [6124c54c-c62f-7d43-b0e5-cc76c414f1ea, mouseMoveTo {element={a0091365-4d4f-0f40-8bcd-1cb2c8fe9e52}, xoffset=0, yoffset=0}]
三月 23, 2014 4:25:39 下午 org.openqa.selenium.remote.RemoteWebDriver log
信息: Executing: findElement [6124c54c-c62f-7d43-b0e5-cc76c414f1ea, findElement {using=id, value=status}]
三月 23, 2014 4:25:39 下午 org.openqa.selenium.remote.RemoteWebDriver log
信息: Executed: [6124c54c-c62f-7d43-b0e5-cc76c414f1ea, findElement {using=id, value=status}]
三月 23, 2014 4:25:39 下午 org.openqa.selenium.remote.RemoteWebDriver log
信息: Executing: getElementText [6124c54c-c62f-7d43-b0e5-cc76c414f1ea, getElementText {id={150a39a3-8985-674c-909e-6773b22f58af}}]
三月 23, 2014 4:25:39 下午 org.openqa.selenium.remote.RemoteWebDriver log
信息: Executed: [6124c54c-c62f-7d43-b0e5-cc76c414f1ea, getElementText {id={150a39a3-8985-674c-909e-6773b22f58af}}]
三月 23, 2014 4:25:39 下午 org.openqa.selenium.testing.JUnit4TestBase$1 finished
信息: <<< Finished testMovingMouseToRelativeZeroElementOffset(org.openqa.selenium.interactions.BasicMouseInterfaceTest)
三月 23, 2014 4:25:39 下午 org.openqa.selenium.testing.JUnit4TestBase$1 starting
信息: >>> Starting testDoubleClick(org.openqa.selenium.interactions.BasicMouseInterfaceTest)
三月 23, 2014 4:25:39 下午 org.openqa.selenium.remote.RemoteWebDriver log
信息: Executing: get [6124c54c-c62f-7d43-b0e5-cc76c414f1ea, get {url=http://localhost:6461/common/javascriptPage.html}]
三月 23, 2014 4:25:40 下午 org.openqa.selenium.remote.RemoteWebDriver log
信息: Executed: [6124c54c-c62f-7d43-b0e5-cc76c414f1ea, get {url=http://localhost:6461/common/javascriptPage.html}]
三月 23, 2014 4:25:40 下午 org.openqa.selenium.remote.RemoteWebDriver log
信息: Executing: findElement [6124c54c-c62f-7d43-b0e5-cc76c414f1ea, findElement {using=id, value=doubleClickField}]
三月 23, 2014 4:25:40 下午 org.openqa.selenium.remote.RemoteWebDriver log
信息: Executed: [6124c54c-c62f-7d43-b0e5-cc76c414f1ea, findElement {using=id, value=doubleClickField}]
三月 23, 2014 4:25:40 下午 org.openqa.selenium.remote.RemoteWebDriver log
信息: Executing: mouseMoveTo [6124c54c-c62f-7d43-b0e5-cc76c414f1ea, mouseMoveTo {element={36f60811-967b-c84d-a2f5-7ca01e19c07d}}]
三月 23, 2014 4:25:40 下午 org.openqa.selenium.remote.RemoteWebDriver log
信息: Executed: [6124c54c-c62f-7d43-b0e5-cc76c414f1ea, mouseMoveTo {element={36f60811-967b-c84d-a2f5-7ca01e19c07d}}]
三月 23, 2014 4:25:40 下午 org.openqa.selenium.remote.RemoteWebDriver log
信息: Executing: mouseMoveTo [6124c54c-c62f-7d43-b0e5-cc76c414f1ea, mouseMoveTo {element={36f60811-967b-c84d-a2f5-7ca01e19c07d}}]
三月 23, 2014 4:25:40 下午 org.openqa.selenium.remote.RemoteWebDriver log
信息: Executed: [6124c54c-c62f-7d43-b0e5-cc76c414f1ea, mouseMoveTo {element={36f60811-967b-c84d-a2f5-7ca01e19c07d}}]
三月 23, 2014 4:25:40 下午 org.openqa.selenium.remote.RemoteWebDriver log
信息: Executing: mouseDoubleClick [6124c54c-c62f-7d43-b0e5-cc76c414f1ea, mouseDoubleClick {}]
三月 23, 2014 4:25:40 下午 org.openqa.selenium.remote.RemoteWebDriver log
信息: Executed: [6124c54c-c62f-7d43-b0e5-cc76c414f1ea, mouseDoubleClick {}]
三月 23, 2014 4:25:40 下午 org.openqa.selenium.remote.RemoteWebDriver log
信息: Executing: getElementAttribute [6124c54c-c62f-7d43-b0e5-cc76c414f1ea, getElementAttribute {id={36f60811-967b-c84d-a2f5-7ca01e19c07d}, name=value}]
三月 23, 2014 4:25:40 下午 org.openqa.selenium.remote.RemoteWebDriver log
信息: Executed: [6124c54c-c62f-7d43-b0e5-cc76c414f1ea, getElementAttribute {id={36f60811-967b-c84d-a2f5-7ca01e19c07d}, name=value}]
三月 23, 2014 4:25:40 下午 org.openqa.selenium.testing.JUnit4TestBase$1 finished
信息: <<< Finished testDoubleClick(org.openqa.selenium.interactions.BasicMouseInterfaceTest)
三月 23, 2014 4:25:40 下午 org.openqa.selenium.testing.JUnit4TestBase$1 starting
信息: >>> Starting testContextClick(org.openqa.selenium.interactions.BasicMouseInterfaceTest)
三月 23, 2014 4:25:40 下午 org.openqa.selenium.remote.RemoteWebDriver log
信息: Executing: get [6124c54c-c62f-7d43-b0e5-cc76c414f1ea, get {url=http://localhost:6461/common/javascriptPage.html}]
三月 23, 2014 4:25:40 下午 org.openqa.selenium.remote.RemoteWebDriver log
信息: Executed: [6124c54c-c62f-7d43-b0e5-cc76c414f1ea, get {url=http://localhost:6461/common/javascriptPage.html}]
三月 23, 2014 4:25:40 下午 org.openqa.selenium.remote.RemoteWebDriver log
信息: Executing: findElement [6124c54c-c62f-7d43-b0e5-cc76c414f1ea, findElement {using=id, value=doubleClickField}]
三月 23, 2014 4:25:40 下午 org.openqa.selenium.remote.RemoteWebDriver log
信息: Executed: [6124c54c-c62f-7d43-b0e5-cc76c414f1ea, findElement {using=id, value=doubleClickField}]
三月 23, 2014 4:25:40 下午 org.openqa.selenium.remote.RemoteWebDriver log
信息: Executing: mouseMoveTo [6124c54c-c62f-7d43-b0e5-cc76c414f1ea, mouseMoveTo {element={9cc2765d-25fa-a840-af81-888078f67eb3}}]
三月 23, 2014 4:25:40 下午 org.openqa.selenium.remote.RemoteWebDriver log
信息: Executed: [6124c54c-c62f-7d43-b0e5-cc76c414f1ea, mouseMoveTo {element={9cc2765d-25fa-a840-af81-888078f67eb3}}]
三月 23, 2014 4:25:40 下午 org.openqa.selenium.remote.RemoteWebDriver log
信息: Executing: mouseMoveTo [6124c54c-c62f-7d43-b0e5-cc76c414f1ea, mouseMoveTo {element={9cc2765d-25fa-a840-af81-888078f67eb3}}]
三月 23, 2014 4:25:40 下午 org.openqa.selenium.remote.RemoteWebDriver log
信息: Executed: [6124c54c-c62f-7d43-b0e5-cc76c414f1ea, mouseMoveTo {element={9cc2765d-25fa-a840-af81-888078f67eb3}}]
三月 23, 2014 4:25:40 下午 org.openqa.selenium.remote.RemoteWebDriver log
信息: Executing: mouseClick [6124c54c-c62f-7d43-b0e5-cc76c414f1ea, mouseClick {button=2}]
三月 23, 2014 4:25:40 下午 org.openqa.selenium.remote.RemoteWebDriver log
信息: Executed: [6124c54c-c62f-7d43-b0e5-cc76c414f1ea, mouseClick {button=2}]
三月 23, 2014 4:25:40 下午 org.openqa.selenium.remote.RemoteWebDriver log
信息: Executing: getElementAttribute [6124c54c-c62f-7d43-b0e5-cc76c414f1ea, getElementAttribute {id={9cc2765d-25fa-a840-af81-888078f67eb3}, name=value}]
三月 23, 2014 4:25:40 下午 org.openqa.selenium.remote.RemoteWebDriver log
信息: Executed: [6124c54c-c62f-7d43-b0e5-cc76c414f1ea, getElementAttribute {id={9cc2765d-25fa-a840-af81-888078f67eb3}, name=value}]
三月 23, 2014 4:25:40 下午 org.openqa.selenium.testing.JUnit4TestBase$1 finished
信息: <<< Finished testContextClick(org.openqa.selenium.interactions.BasicMouseInterfaceTest)
三月 23, 2014 4:25:40 下午 org.openqa.selenium.testing.JUnit4TestBase$1 starting
信息: >>> Starting testCanClickOnLinks(org.openqa.selenium.interactions.CombinedInputActionsTest)
三月 23, 2014 4:25:40 下午 org.openqa.selenium.remote.RemoteWebDriver log
信息: Executing: get [6124c54c-c62f-7d43-b0e5-cc76c414f1ea, get {url=http://localhost:6461/common/clicks.html}]
三月 23, 2014 4:25:40 下午 org.openqa.selenium.remote.RemoteWebDriver log
信息: Executed: [6124c54c-c62f-7d43-b0e5-cc76c414f1ea, get {url=http://localhost:6461/common/clicks.html}]
三月 23, 2014 4:25:40 下午 org.openqa.selenium.remote.RemoteWebDriver log
信息: Executing: findElement [6124c54c-c62f-7d43-b0e5-cc76c414f1ea, findElement {using=id, value=normal}]
三月 23, 2014 4:25:40 下午 org.openqa.selenium.remote.RemoteWebDriver log
信息: Executed: [6124c54c-c62f-7d43-b0e5-cc76c414f1ea, findElement {using=id, value=normal}]
三月 23, 2014 4:25:40 下午 org.openqa.selenium.remote.RemoteWebDriver log
信息: Executing: findElement [6124c54c-c62f-7d43-b0e5-cc76c414f1ea, findElement {using=id, value=normal}]
三月 23, 2014 4:25:40 下午 org.openqa.selenium.remote.RemoteWebDriver log
信息: Executed: [6124c54c-c62f-7d43-b0e5-cc76c414f1ea, findElement {using=id, value=normal}]
三月 23, 2014 4:25:40 下午 org.openqa.selenium.remote.RemoteWebDriver log
信息: Executing: mouseMoveTo [6124c54c-c62f-7d43-b0e5-cc76c414f1ea, mouseMoveTo {element={d0e9af68-3c5a-6645-82d5-3ab3ca8f41e0}}]
三月 23, 2014 4:25:40 下午 org.openqa.selenium.remote.RemoteWebDriver log
信息: Executed: [6124c54c-c62f-7d43-b0e5-cc76c414f1ea, mouseMoveTo {element={d0e9af68-3c5a-6645-82d5-3ab3ca8f41e0}}]
三月 23, 2014 4:25:40 下午 org.openqa.selenium.remote.RemoteWebDriver log
信息: Executing: mouseMoveTo [6124c54c-c62f-7d43-b0e5-cc76c414f1ea, mouseMoveTo {element={d0e9af68-3c5a-6645-82d5-3ab3ca8f41e0}}]
三月 23, 2014 4:25:40 下午 org.openqa.selenium.remote.RemoteWebDriver log
信息: Executed: [6124c54c-c62f-7d43-b0e5-cc76c414f1ea, mouseMoveTo {element={d0e9af68-3c5a-6645-82d5-3ab3ca8f41e0}}]
三月 23, 2014 4:25:40 下午 org.openqa.selenium.remote.RemoteWebDriver log
信息: Executing: mouseClick [6124c54c-c62f-7d43-b0e5-cc76c414f1ea, mouseClick {button=0}]
三月 23, 2014 4:25:40 下午 org.openqa.selenium.remote.RemoteWebDriver log
信息: Executed: [6124c54c-c62f-7d43-b0e5-cc76c414f1ea, mouseClick {button=0}]
三月 23, 2014 4:25:40 下午 org.openqa.selenium.remote.RemoteWebDriver log
信息: Executing: getTitle [6124c54c-c62f-7d43-b0e5-cc76c414f1ea, getTitle {}]
三月 23, 2014 4:25:40 下午 org.openqa.selenium.remote.RemoteWebDriver log
信息: Executed: [6124c54c-c62f-7d43-b0e5-cc76c414f1ea, getTitle {}]
三月 23, 2014 4:25:40 下午 org.openqa.selenium.testing.JUnit4TestBase$1 finished
信息: <<< Finished testCanClickOnLinks(org.openqa.selenium.interactions.CombinedInputActionsTest)
三月 23, 2014 4:25:40 下午 org.openqa.selenium.testing.JUnit4TestBase$1 starting
信息: >>> Starting testControlClickingOnMultiSelectionList(org.openqa.selenium.interactions.CombinedInputActionsTest)
三月 23, 2014 4:25:40 下午 org.openqa.selenium.testing.JUnit4TestBase$1 finished
信息: <<< Finished testControlClickingOnMultiSelectionList(org.openqa.selenium.interactions.CombinedInputActionsTest)
三月 23, 2014 4:25:40 下午 org.openqa.selenium.testing.JUnit4TestBase$1 starting
信息: >>> Starting testCanClickOnSuckerFishMenuItem(org.openqa.selenium.interactions.CombinedInputActionsTest)
三月 23, 2014 4:25:40 下午 org.openqa.selenium.remote.RemoteWebDriver log
信息: Executing: get [6124c54c-c62f-7d43-b0e5-cc76c414f1ea, get {url=http://localhost:6461/common/javascriptPage.html}]
三月 23, 2014 4:25:40 下午 org.openqa.selenium.remote.RemoteWebDriver log
信息: Executed: [6124c54c-c62f-7d43-b0e5-cc76c414f1ea, get {url=http://localhost:6461/common/javascriptPage.html}]
三月 23, 2014 4:25:40 下午 org.openqa.selenium.remote.RemoteWebDriver log
信息: Executing: findElement [6124c54c-c62f-7d43-b0e5-cc76c414f1ea, findElement {using=id, value=menu1}]
三月 23, 2014 4:25:40 下午 org.openqa.selenium.remote.RemoteWebDriver log
信息: Executed: [6124c54c-c62f-7d43-b0e5-cc76c414f1ea, findElement {using=id, value=menu1}]
三月 23, 2014 4:25:40 下午 org.openqa.selenium.remote.RemoteWebDriver log
信息: Executing: mouseMoveTo [6124c54c-c62f-7d43-b0e5-cc76c414f1ea, mouseMoveTo {element={900c4556-2d3d-3b49-b442-70fafd52369a}}]
三月 23, 2014 4:25:40 下午 org.openqa.selenium.remote.RemoteWebDriver log
信息: Executed: [6124c54c-c62f-7d43-b0e5-cc76c414f1ea, mouseMoveTo {element={900c4556-2d3d-3b49-b442-70fafd52369a}}]
三月 23, 2014 4:25:40 下午 org.openqa.selenium.remote.RemoteWebDriver log
信息: Executing: findElement [6124c54c-c62f-7d43-b0e5-cc76c414f1ea, findElement {using=id, value=item1}]
三月 23, 2014 4:25:40 下午 org.openqa.selenium.remote.RemoteWebDriver log
信息: Executed: [6124c54c-c62f-7d43-b0e5-cc76c414f1ea, findElement {using=id, value=item1}]
三月 23, 2014 4:25:40 下午 org.openqa.selenium.remote.RemoteWebDriver log
信息: Executing: isElementDisplayed [6124c54c-c62f-7d43-b0e5-cc76c414f1ea, isElementDisplayed {id={fb33f965-add1-824a-be9f-52ce48f133cf}}]
三月 23, 2014 4:25:40 下午 org.openqa.selenium.remote.RemoteWebDriver log
信息: Executed: [6124c54c-c62f-7d43-b0e5-cc76c414f1ea, isElementDisplayed {id={fb33f965-add1-824a-be9f-52ce48f133cf}}]
三月 23, 2014 4:25:40 下午 org.openqa.selenium.remote.RemoteWebDriver log
信息: Executing: clickElement [6124c54c-c62f-7d43-b0e5-cc76c414f1ea, clickElement {id={fb33f965-add1-824a-be9f-52ce48f133cf}}]
三月 23, 2014 4:25:40 下午 org.openqa.selenium.remote.RemoteWebDriver log
信息: Executed: [6124c54c-c62f-7d43-b0e5-cc76c414f1ea, clickElement {id={fb33f965-add1-824a-be9f-52ce48f133cf}}]
三月 23, 2014 4:25:40 下午 org.openqa.selenium.remote.RemoteWebDriver log
信息: Executing: findElement [6124c54c-c62f-7d43-b0e5-cc76c414f1ea, findElement {using=id, value=result}]
三月 23, 2014 4:25:40 下午 org.openqa.selenium.remote.RemoteWebDriver log
信息: Executed: [6124c54c-c62f-7d43-b0e5-cc76c414f1ea, findElement {using=id, value=result}]
三月 23, 2014 4:25:40 下午 org.openqa.selenium.remote.RemoteWebDriver log
信息: Executing: getElementText [6124c54c-c62f-7d43-b0e5-cc76c414f1ea, getElementText {id={4d3ed769-e6aa-114c-9cb1-703be02f8860}}]
三月 23, 2014 4:25:40 下午 org.openqa.selenium.remote.RemoteWebDriver log
信息: Executed: [6124c54c-c62f-7d43-b0e5-cc76c414f1ea, getElementText {id={4d3ed769-e6aa-114c-9cb1-703be02f8860}}]
三月 23, 2014 4:25:40 下午 org.openqa.selenium.testing.JUnit4TestBase$1 finished
信息: <<< Finished testCanClickOnSuckerFishMenuItem(org.openqa.selenium.interactions.CombinedInputActionsTest)
三月 23, 2014 4:25:40 下午 org.openqa.selenium.testing.JUnit4TestBase$1 starting
信息: >>> Starting testCanClickOnLinksWithAnOffset(org.openqa.selenium.interactions.CombinedInputActionsTest)
三月 23, 2014 4:25:40 下午 org.openqa.selenium.remote.RemoteWebDriver log
信息: Executing: get [6124c54c-c62f-7d43-b0e5-cc76c414f1ea, get {url=http://localhost:6461/common/clicks.html}]
三月 23, 2014 4:25:40 下午 org.openqa.selenium.remote.RemoteWebDriver log
信息: Executed: [6124c54c-c62f-7d43-b0e5-cc76c414f1ea, get {url=http://localhost:6461/common/clicks.html}]
三月 23, 2014 4:25:40 下午 org.openqa.selenium.remote.RemoteWebDriver log
信息: Executing: findElement [6124c54c-c62f-7d43-b0e5-cc76c414f1ea, findElement {using=id, value=normal}]
三月 23, 2014 4:25:40 下午 org.openqa.selenium.remote.RemoteWebDriver log
信息: Executed: [6124c54c-c62f-7d43-b0e5-cc76c414f1ea, findElement {using=id, value=normal}]
三月 23, 2014 4:25:40 下午 org.openqa.selenium.remote.RemoteWebDriver log
信息: Executing: findElement [6124c54c-c62f-7d43-b0e5-cc76c414f1ea, findElement {using=id, value=normal}]
三月 23, 2014 4:25:40 下午 org.openqa.selenium.remote.RemoteWebDriver log
信息: Executed: [6124c54c-c62f-7d43-b0e5-cc76c414f1ea, findElement {using=id, value=normal}]
三月 23, 2014 4:25:40 下午 org.openqa.selenium.remote.RemoteWebDriver log
信息: Executing: mouseMoveTo [6124c54c-c62f-7d43-b0e5-cc76c414f1ea, mouseMoveTo {element={e0c45ff6-3af9-fc47-a4d9-db3569fde8eb}, xoffset=1, yoffset=1}]
三月 23, 2014 4:25:40 下午 org.openqa.selenium.remote.RemoteWebDriver log
信息: Executed: [6124c54c-c62f-7d43-b0e5-cc76c414f1ea, mouseMoveTo {element={e0c45ff6-3af9-fc47-a4d9-db3569fde8eb}, xoffset=1, yoffset=1}]
三月 23, 2014 4:25:40 下午 org.openqa.selenium.remote.RemoteWebDriver log
信息: Executing: mouseClick [6124c54c-c62f-7d43-b0e5-cc76c414f1ea, mouseClick {button=0}]
三月 23, 2014 4:25:40 下午 org.openqa.selenium.remote.RemoteWebDriver log
信息: Executed: [6124c54c-c62f-7d43-b0e5-cc76c414f1ea, mouseClick {button=0}]
三月 23, 2014 4:25:40 下午 org.openqa.selenium.remote.RemoteWebDriver log
信息: Executing: getTitle [6124c54c-c62f-7d43-b0e5-cc76c414f1ea, getTitle {}]
三月 23, 2014 4:25:40 下午 org.openqa.selenium.remote.RemoteWebDriver log
信息: Executed: [6124c54c-c62f-7d43-b0e5-cc76c414f1ea, getTitle {}]
三月 23, 2014 4:25:40 下午 org.openqa.selenium.testing.JUnit4TestBase$1 finished
信息: <<< Finished testCanClickOnLinksWithAnOffset(org.openqa.selenium.interactions.CombinedInputActionsTest)
三月 23, 2014 4:25:40 下午 org.openqa.selenium.testing.JUnit4TestBase$1 starting
信息: >>> Starting testShiftClickingOnMultiSelectionList(org.openqa.selenium.interactions.CombinedInputActionsTest)
三月 23, 2014 4:25:40 下午 org.openqa.selenium.testing.JUnit4TestBase$1 finished
信息: <<< Finished testShiftClickingOnMultiSelectionList(org.openqa.selenium.interactions.CombinedInputActionsTest)
三月 23, 2014 4:25:40 下午 org.openqa.selenium.testing.JUnit4TestBase$1 starting
信息: >>> Starting testPlainClickingOnMultiSelectionList(org.openqa.selenium.interactions.CombinedInputActionsTest)
三月 23, 2014 4:25:40 下午 org.openqa.selenium.testing.JUnit4TestBase$1 finished
信息: <<< Finished testPlainClickingOnMultiSelectionList(org.openqa.selenium.interactions.CombinedInputActionsTest)
三月 23, 2014 4:25:40 下午 org.openqa.selenium.testing.JUnit4TestBase$1 starting
信息: >>> Starting testControlClickingOnCustomMultiSelectionList(org.openqa.selenium.interactions.CombinedInputActionsTest)
三月 23, 2014 4:25:40 下午 org.openqa.selenium.remote.RemoteWebDriver log
信息: Executing: get [6124c54c-c62f-7d43-b0e5-cc76c414f1ea, get {url=http://localhost:6461/common/selectableItems.html}]
三月 23, 2014 4:25:40 下午 org.openqa.selenium.remote.RemoteWebDriver log
信息: Executed: [6124c54c-c62f-7d43-b0e5-cc76c414f1ea, get {url=http://localhost:6461/common/selectableItems.html}]
三月 23, 2014 4:25:40 下午 org.openqa.selenium.remote.RemoteWebDriver log
信息: Executing: findElement [6124c54c-c62f-7d43-b0e5-cc76c414f1ea, findElement {using=id, value=infodiv}]
三月 23, 2014 4:25:40 下午 org.openqa.selenium.remote.RemoteWebDriver log
信息: Executed: [6124c54c-c62f-7d43-b0e5-cc76c414f1ea, findElement {using=id, value=infodiv}]
三月 23, 2014 4:25:40 下午 org.openqa.selenium.remote.RemoteWebDriver log
信息: Executing: getElementText [6124c54c-c62f-7d43-b0e5-cc76c414f1ea, getElementText {id={36106967-ad5a-1a40-be1f-be2fa6460952}}]
三月 23, 2014 4:25:40 下午 org.openqa.selenium.remote.RemoteWebDriver log
信息: Executed: [6124c54c-c62f-7d43-b0e5-cc76c414f1ea, getElementText {id={36106967-ad5a-1a40-be1f-be2fa6460952}}]
三月 23, 2014 4:25:40 下午 org.openqa.selenium.remote.RemoteWebDriver log
信息: Executing: findElements [6124c54c-c62f-7d43-b0e5-cc76c414f1ea, findElements {using=tag name, value=li}]
三月 23, 2014 4:25:40 下午 org.openqa.selenium.remote.RemoteWebDriver log
信息: Executed: [6124c54c-c62f-7d43-b0e5-cc76c414f1ea, findElements {using=tag name, value=li}]
三月 23, 2014 4:25:40 下午 org.openqa.selenium.remote.RemoteWebDriver log
信息: Executing: sendKeysToActiveElement [6124c54c-c62f-7d43-b0e5-cc76c414f1ea, sendKeysToActiveElement {value=[Ljava.lang.CharSequence;@19ac1e25}]
三月 23, 2014 4:25:40 下午 org.openqa.selenium.remote.RemoteWebDriver log
信息: Executed: [6124c54c-c62f-7d43-b0e5-cc76c414f1ea, sendKeysToActiveElement {value=[Ljava.lang.CharSequence;@19ac1e25}]
三月 23, 2014 4:25:40 下午 org.openqa.selenium.remote.RemoteWebDriver log
信息: Executing: mouseMoveTo [6124c54c-c62f-7d43-b0e5-cc76c414f1ea, mouseMoveTo {element={dd778b0d-d208-6b45-9ddf-6b58d62de620}}]
三月 23, 2014 4:25:40 下午 org.openqa.selenium.remote.RemoteWebDriver log
信息: Executed: [6124c54c-c62f-7d43-b0e5-cc76c414f1ea, mouseMoveTo {element={dd778b0d-d208-6b45-9ddf-6b58d62de620}}]
三月 23, 2014 4:25:40 下午 org.openqa.selenium.remote.RemoteWebDriver log
信息: Executing: mouseMoveTo [6124c54c-c62f-7d43-b0e5-cc76c414f1ea, mouseMoveTo {element={dd778b0d-d208-6b45-9ddf-6b58d62de620}}]
三月 23, 2014 4:25:40 下午 org.openqa.selenium.remote.RemoteWebDriver log
信息: Executed: [6124c54c-c62f-7d43-b0e5-cc76c414f1ea, mouseMoveTo {element={dd778b0d-d208-6b45-9ddf-6b58d62de620}}]
三月 23, 2014 4:25:40 下午 org.openqa.selenium.remote.RemoteWebDriver log
信息: Executing: mouseClick [6124c54c-c62f-7d43-b0e5-cc76c414f1ea, mouseClick {button=0}]
三月 23, 2014 4:25:40 下午 org.openqa.selenium.remote.RemoteWebDriver log
信息: Executed: [6124c54c-c62f-7d43-b0e5-cc76c414f1ea, mouseClick {button=0}]
三月 23, 2014 4:25:40 下午 org.openqa.selenium.remote.RemoteWebDriver log
信息: Executing: mouseMoveTo [6124c54c-c62f-7d43-b0e5-cc76c414f1ea, mouseMoveTo {element={31c1ca01-2b6f-0c43-9816-d5f132b0add4}}]
三月 23, 2014 4:25:40 下午 org.openqa.selenium.remote.RemoteWebDriver log
信息: Executed: [6124c54c-c62f-7d43-b0e5-cc76c414f1ea, mouseMoveTo {element={31c1ca01-2b6f-0c43-9816-d5f132b0add4}}]
三月 23, 2014 4:25:40 下午 org.openqa.selenium.remote.RemoteWebDriver log
信息: Executing: mouseMoveTo [6124c54c-c62f-7d43-b0e5-cc76c414f1ea, mouseMoveTo {element={31c1ca01-2b6f-0c43-9816-d5f132b0add4}}]
三月 23, 2014 4:25:40 下午 org.openqa.selenium.remote.RemoteWebDriver log
信息: Executed: [6124c54c-c62f-7d43-b0e5-cc76c414f1ea, mouseMoveTo {element={31c1ca01-2b6f-0c43-9816-d5f132b0add4}}]
三月 23, 2014 4:25:40 下午 org.openqa.selenium.remote.RemoteWebDriver log
信息: Executing: mouseClick [6124c54c-c62f-7d43-b0e5-cc76c414f1ea, mouseClick {button=0}]
三月 23, 2014 4:25:40 下午 org.openqa.selenium.remote.RemoteWebDriver log
信息: Executed: [6124c54c-c62f-7d43-b0e5-cc76c414f1ea, mouseClick {button=0}]
三月 23, 2014 4:25:40 下午 org.openqa.selenium.remote.RemoteWebDriver log
信息: Executing: mouseMoveTo [6124c54c-c62f-7d43-b0e5-cc76c414f1ea, mouseMoveTo {element={c8c628e1-76bd-5c43-92d1-e0c2a773d542}}]
三月 23, 2014 4:25:41 下午 org.openqa.selenium.remote.RemoteWebDriver log
信息: Executed: [6124c54c-c62f-7d43-b0e5-cc76c414f1ea, mouseMoveTo {element={c8c628e1-76bd-5c43-92d1-e0c2a773d542}}]
三月 23, 2014 4:25:41 下午 org.openqa.selenium.remote.RemoteWebDriver log
信息: Executing: mouseMoveTo [6124c54c-c62f-7d43-b0e5-cc76c414f1ea, mouseMoveTo {element={c8c628e1-76bd-5c43-92d1-e0c2a773d542}}]
三月 23, 2014 4:25:41 下午 org.openqa.selenium.remote.RemoteWebDriver log
信息: Executed: [6124c54c-c62f-7d43-b0e5-cc76c414f1ea, mouseMoveTo {element={c8c628e1-76bd-5c43-92d1-e0c2a773d542}}]
三月 23, 2014 4:25:41 下午 org.openqa.selenium.remote.RemoteWebDriver log
信息: Executing: mouseClick [6124c54c-c62f-7d43-b0e5-cc76c414f1ea, mouseClick {button=0}]
三月 23, 2014 4:25:41 下午 org.openqa.selenium.remote.RemoteWebDriver log
信息: Executed: [6124c54c-c62f-7d43-b0e5-cc76c414f1ea, mouseClick {button=0}]
三月 23, 2014 4:25:41 下午 org.openqa.selenium.remote.RemoteWebDriver log
信息: Executing: sendKeysToActiveElement [6124c54c-c62f-7d43-b0e5-cc76c414f1ea, sendKeysToActiveElement {value=[Ljava.lang.CharSequence;@261e49b2}]
三月 23, 2014 4:25:41 下午 org.openqa.selenium.remote.RemoteWebDriver log
信息: Executed: [6124c54c-c62f-7d43-b0e5-cc76c414f1ea, sendKeysToActiveElement {value=[Ljava.lang.CharSequence;@261e49b2}]
三月 23, 2014 4:25:41 下午 org.openqa.selenium.remote.RemoteWebDriver log
信息: Executing: getElementText [6124c54c-c62f-7d43-b0e5-cc76c414f1ea, getElementText {id={36106967-ad5a-1a40-be1f-be2fa6460952}}]
三月 23, 2014 4:25:41 下午 org.openqa.selenium.remote.RemoteWebDriver log
信息: Executed: [6124c54c-c62f-7d43-b0e5-cc76c414f1ea, getElementText {id={36106967-ad5a-1a40-be1f-be2fa6460952}}]
三月 23, 2014 4:25:41 下午 org.openqa.selenium.remote.RemoteWebDriver log
信息: Executing: mouseMoveTo [6124c54c-c62f-7d43-b0e5-cc76c414f1ea, mouseMoveTo {element={7c6d7f69-e7bb-a142-9a23-599518029c46}}]
三月 23, 2014 4:25:41 下午 org.openqa.selenium.remote.RemoteWebDriver log
信息: Executed: [6124c54c-c62f-7d43-b0e5-cc76c414f1ea, mouseMoveTo {element={7c6d7f69-e7bb-a142-9a23-599518029c46}}]
三月 23, 2014 4:25:41 下午 org.openqa.selenium.remote.RemoteWebDriver log
信息: Executing: mouseMoveTo [6124c54c-c62f-7d43-b0e5-cc76c414f1ea, mouseMoveTo {element={7c6d7f69-e7bb-a142-9a23-599518029c46}}]
三月 23, 2014 4:25:41 下午 org.openqa.selenium.remote.RemoteWebDriver log
信息: Executed: [6124c54c-c62f-7d43-b0e5-cc76c414f1ea, mouseMoveTo {element={7c6d7f69-e7bb-a142-9a23-599518029c46}}]
三月 23, 2014 4:25:41 下午 org.openqa.selenium.remote.RemoteWebDriver log
信息: Executing: mouseClick [6124c54c-c62f-7d43-b0e5-cc76c414f1ea, mouseClick {button=0}]
三月 23, 2014 4:25:41 下午 org.openqa.selenium.remote.RemoteWebDriver log
信息: Executed: [6124c54c-c62f-7d43-b0e5-cc76c414f1ea, mouseClick {button=0}]
三月 23, 2014 4:25:41 下午 org.openqa.selenium.remote.RemoteWebDriver log
信息: Executing: getElementText [6124c54c-c62f-7d43-b0e5-cc76c414f1ea, getElementText {id={36106967-ad5a-1a40-be1f-be2fa6460952}}]
三月 23, 2014 4:25:41 下午 org.openqa.selenium.remote.RemoteWebDriver log
信息: Executed: [6124c54c-c62f-7d43-b0e5-cc76c414f1ea, getElementText {id={36106967-ad5a-1a40-be1f-be2fa6460952}}]
三月 23, 2014 4:25:41 下午 org.openqa.selenium.testing.JUnit4TestBase$1 finished
信息: <<< Finished testControlClickingOnCustomMultiSelectionList(org.openqa.selenium.interactions.CombinedInputActionsTest)
三月 23, 2014 4:25:41 下午 org.openqa.selenium.testing.JUnit4TestBase$1 starting
信息: >>> Starting canClickOnASuckerFishStyleMenu(org.openqa.selenium.interactions.CombinedInputActionsTest)
三月 23, 2014 4:25:41 下午 org.openqa.selenium.remote.RemoteWebDriver log
信息: Executing: get [6124c54c-c62f-7d43-b0e5-cc76c414f1ea, get {url=http://localhost:6461/common/javascriptPage.html}]
三月 23, 2014 4:25:41 下午 org.openqa.selenium.remote.RemoteWebDriver log
信息: Executed: [6124c54c-c62f-7d43-b0e5-cc76c414f1ea, get {url=http://localhost:6461/common/javascriptPage.html}]
三月 23, 2014 4:25:41 下午 org.openqa.selenium.remote.RemoteWebDriver log
信息: Executing: findElement [6124c54c-c62f-7d43-b0e5-cc76c414f1ea, findElement {using=id, value=dynamo}]
三月 23, 2014 4:25:41 下午 org.openqa.selenium.remote.RemoteWebDriver log
信息: Executed: [6124c54c-c62f-7d43-b0e5-cc76c414f1ea, findElement {using=id, value=dynamo}]
三月 23, 2014 4:25:41 下午 org.openqa.selenium.remote.RemoteWebDriver log
信息: Executing: mouseMoveTo [6124c54c-c62f-7d43-b0e5-cc76c414f1ea, mouseMoveTo {element={e87840c9-bb1f-e041-94aa-616a600f8189}}]
三月 23, 2014 4:25:41 下午 org.openqa.selenium.remote.RemoteWebDriver log
信息: Executed: [6124c54c-c62f-7d43-b0e5-cc76c414f1ea, mouseMoveTo {element={e87840c9-bb1f-e041-94aa-616a600f8189}}]
三月 23, 2014 4:25:41 下午 org.openqa.selenium.remote.RemoteWebDriver log
信息: Executing: findElement [6124c54c-c62f-7d43-b0e5-cc76c414f1ea, findElement {using=id, value=menu1}]
三月 23, 2014 4:25:41 下午 org.openqa.selenium.remote.RemoteWebDriver log
信息: Executed: [6124c54c-c62f-7d43-b0e5-cc76c414f1ea, findElement {using=id, value=menu1}]
三月 23, 2014 4:25:41 下午 org.openqa.selenium.remote.RemoteWebDriver log
信息: Executing: findElement [6124c54c-c62f-7d43-b0e5-cc76c414f1ea, findElement {using=id, value=item1}]
三月 23, 2014 4:25:41 下午 org.openqa.selenium.remote.RemoteWebDriver log
信息: Executed: [6124c54c-c62f-7d43-b0e5-cc76c414f1ea, findElement {using=id, value=item1}]
三月 23, 2014 4:25:41 下午 org.openqa.selenium.remote.RemoteWebDriver log
信息: Executing: getElementText [6124c54c-c62f-7d43-b0e5-cc76c414f1ea, getElementText {id={85b69c13-071f-f242-9f3a-c0921fcd1f65}}]
三月 23, 2014 4:25:41 下午 org.openqa.selenium.remote.RemoteWebDriver log
信息: Executed: [6124c54c-c62f-7d43-b0e5-cc76c414f1ea, getElementText {id={85b69c13-071f-f242-9f3a-c0921fcd1f65}}]
三月 23, 2014 4:25:41 下午 org.openqa.selenium.remote.RemoteWebDriver log
信息: Executing: executeScript [6124c54c-c62f-7d43-b0e5-cc76c414f1ea, executeScript {script=arguments[0].style.background = 'green', args=[{ELEMENT={16aa2320-e5ce-7441-94e2-428dcd51cfa6}}]}]
三月 23, 2014 4:25:41 下午 org.openqa.selenium.remote.RemoteWebDriver log
信息: Executed: [6124c54c-c62f-7d43-b0e5-cc76c414f1ea, executeScript {script=arguments[0].style.background = 'green', args=[{ELEMENT={16aa2320-e5ce-7441-94e2-428dcd51cfa6}}]}]
三月 23, 2014 4:25:41 下午 org.openqa.selenium.remote.RemoteWebDriver log
信息: Executing: mouseMoveTo [6124c54c-c62f-7d43-b0e5-cc76c414f1ea, mouseMoveTo {element={16aa2320-e5ce-7441-94e2-428dcd51cfa6}}]
三月 23, 2014 4:25:41 下午 org.openqa.selenium.remote.RemoteWebDriver log
信息: Executed: [6124c54c-c62f-7d43-b0e5-cc76c414f1ea, mouseMoveTo {element={16aa2320-e5ce-7441-94e2-428dcd51cfa6}}]
三月 23, 2014 4:25:43 下午 org.openqa.selenium.remote.RemoteWebDriver log
信息: Executing: clickElement [6124c54c-c62f-7d43-b0e5-cc76c414f1ea, clickElement {id={85b69c13-071f-f242-9f3a-c0921fcd1f65}}]
三月 23, 2014 4:25:43 下午 org.openqa.selenium.remote.RemoteWebDriver log
信息: Executed: [6124c54c-c62f-7d43-b0e5-cc76c414f1ea, clickElement {id={85b69c13-071f-f242-9f3a-c0921fcd1f65}}]
三月 23, 2014 4:25:43 下午 org.openqa.selenium.remote.RemoteWebDriver log
信息: Executing: findElement [6124c54c-c62f-7d43-b0e5-cc76c414f1ea, findElement {using=id, value=result}]
三月 23, 2014 4:25:43 下午 org.openqa.selenium.remote.RemoteWebDriver log
信息: Executed: [6124c54c-c62f-7d43-b0e5-cc76c414f1ea, findElement {using=id, value=result}]
三月 23, 2014 4:25:43 下午 org.openqa.selenium.remote.RemoteWebDriver log
信息: Executing: getElementText [6124c54c-c62f-7d43-b0e5-cc76c414f1ea, getElementText {id={a894e2b3-fbf3-bd41-9506-d24fd41bfbb1}}]
三月 23, 2014 4:25:43 下午 org.openqa.selenium.remote.RemoteWebDriver log
信息: Executed: [6124c54c-c62f-7d43-b0e5-cc76c414f1ea, getElementText {id={a894e2b3-fbf3-bd41-9506-d24fd41bfbb1}}]
三月 23, 2014 4:25:43 下午 org.openqa.selenium.testing.JUnit4TestBase$1 finished
信息: <<< Finished canClickOnASuckerFishStyleMenu(org.openqa.selenium.interactions.CombinedInputActionsTest)
三月 23, 2014 4:25:43 下午 org.openqa.selenium.testing.JUnit4TestBase$1 starting
信息: >>> Starting testHoldingDownShiftKeyWhileClicking(org.openqa.selenium.interactions.CombinedInputActionsTest)
三月 23, 2014 4:25:43 下午 org.openqa.selenium.remote.RemoteWebDriver log
信息: Executing: get [6124c54c-c62f-7d43-b0e5-cc76c414f1ea, get {url=http://localhost:6461/common/clickEventPage.html}]
三月 23, 2014 4:25:43 下午 org.openqa.selenium.remote.RemoteWebDriver log
信息: Executed: [6124c54c-c62f-7d43-b0e5-cc76c414f1ea, get {url=http://localhost:6461/common/clickEventPage.html}]
三月 23, 2014 4:25:43 下午 org.openqa.selenium.remote.RemoteWebDriver log
信息: Executing: findElement [6124c54c-c62f-7d43-b0e5-cc76c414f1ea, findElement {using=id, value=eventish}]
三月 23, 2014 4:25:43 下午 org.openqa.selenium.remote.RemoteWebDriver log
信息: Executed: [6124c54c-c62f-7d43-b0e5-cc76c414f1ea, findElement {using=id, value=eventish}]
三月 23, 2014 4:25:43 下午 org.openqa.selenium.remote.RemoteWebDriver log
信息: Executing: sendKeysToActiveElement [6124c54c-c62f-7d43-b0e5-cc76c414f1ea, sendKeysToActiveElement {value=[Ljava.lang.CharSequence;@7fe184a1}]
三月 23, 2014 4:25:43 下午 org.openqa.selenium.remote.RemoteWebDriver log
信息: Executed: [6124c54c-c62f-7d43-b0e5-cc76c414f1ea, sendKeysToActiveElement {value=[Ljava.lang.CharSequence;@7fe184a1}]
三月 23, 2014 4:25:43 下午 org.openqa.selenium.remote.RemoteWebDriver log
信息: Executing: mouseMoveTo [6124c54c-c62f-7d43-b0e5-cc76c414f1ea, mouseMoveTo {element={f566f1f4-ba99-a542-ba55-8a1247f08b06}}]
三月 23, 2014 4:25:43 下午 org.openqa.selenium.remote.RemoteWebDriver log
信息: Executed: [6124c54c-c62f-7d43-b0e5-cc76c414f1ea, mouseMoveTo {element={f566f1f4-ba99-a542-ba55-8a1247f08b06}}]
三月 23, 2014 4:25:43 下午 org.openqa.selenium.remote.RemoteWebDriver log
信息: Executing: mouseMoveTo [6124c54c-c62f-7d43-b0e5-cc76c414f1ea, mouseMoveTo {element={f566f1f4-ba99-a542-ba55-8a1247f08b06}}]
三月 23, 2014 4:25:43 下午 org.openqa.selenium.remote.RemoteWebDriver log
信息: Executed: [6124c54c-c62f-7d43-b0e5-cc76c414f1ea, mouseMoveTo {element={f566f1f4-ba99-a542-ba55-8a1247f08b06}}]
三月 23, 2014 4:25:43 下午 org.openqa.selenium.remote.RemoteWebDriver log
信息: Executing: mouseClick [6124c54c-c62f-7d43-b0e5-cc76c414f1ea, mouseClick {button=0}]
三月 23, 2014 4:25:43 下午 org.openqa.selenium.remote.RemoteWebDriver log
信息: Executed: [6124c54c-c62f-7d43-b0e5-cc76c414f1ea, mouseClick {button=0}]
三月 23, 2014 4:25:43 下午 org.openqa.selenium.remote.RemoteWebDriver log
信息: Executing: sendKeysToActiveElement [6124c54c-c62f-7d43-b0e5-cc76c414f1ea, sendKeysToActiveElement {value=[Ljava.lang.CharSequence;@1146eae3}]
三月 23, 2014 4:25:43 下午 org.openqa.selenium.remote.RemoteWebDriver log
信息: Executed: [6124c54c-c62f-7d43-b0e5-cc76c414f1ea, sendKeysToActiveElement {value=[Ljava.lang.CharSequence;@1146eae3}]
三月 23, 2014 4:25:43 下午 org.openqa.selenium.remote.RemoteWebDriver log
信息: Executing: findElement [6124c54c-c62f-7d43-b0e5-cc76c414f1ea, findElement {using=id, value=shiftKey}]
三月 23, 2014 4:25:43 下午 org.openqa.selenium.remote.RemoteWebDriver log
信息: Executed: [6124c54c-c62f-7d43-b0e5-cc76c414f1ea, findElement {using=id, value=shiftKey}]
三月 23, 2014 4:25:43 下午 org.openqa.selenium.remote.RemoteWebDriver log
信息: Executing: getElementText [6124c54c-c62f-7d43-b0e5-cc76c414f1ea, getElementText {id={db8a5e8c-c39b-6349-8f3b-7c0c286d1c6a}}]
三月 23, 2014 4:25:43 下午 org.openqa.selenium.remote.RemoteWebDriver log
信息: Executed: [6124c54c-c62f-7d43-b0e5-cc76c414f1ea, getElementText {id={db8a5e8c-c39b-6349-8f3b-7c0c286d1c6a}}]
三月 23, 2014 4:25:43 下午 org.openqa.selenium.testing.JUnit4TestBase$1 finished
信息: <<< Finished testHoldingDownShiftKeyWhileClicking(org.openqa.selenium.interactions.CombinedInputActionsTest)
三月 23, 2014 4:25:43 下午 org.openqa.selenium.testing.JUnit4TestBase$1 starting
信息: >>> Starting testCombiningShiftAndClickResultsInANewWindow(org.openqa.selenium.interactions.CombinedInputActionsTest)
三月 23, 2014 4:25:43 下午 org.openqa.selenium.remote.RemoteWebDriver log
信息: Executing: get [6124c54c-c62f-7d43-b0e5-cc76c414f1ea, get {url=http://localhost:6461/common/linked_image.html}]
三月 23, 2014 4:25:43 下午 org.openqa.selenium.remote.RemoteWebDriver log
信息: Executed: [6124c54c-c62f-7d43-b0e5-cc76c414f1ea, get {url=http://localhost:6461/common/linked_image.html}]
三月 23, 2014 4:25:43 下午 org.openqa.selenium.remote.RemoteWebDriver log
信息: Executing: findElement [6124c54c-c62f-7d43-b0e5-cc76c414f1ea, findElement {using=id, value=link}]
三月 23, 2014 4:25:43 下午 org.openqa.selenium.remote.RemoteWebDriver log
信息: Executed: [6124c54c-c62f-7d43-b0e5-cc76c414f1ea, findElement {using=id, value=link}]
三月 23, 2014 4:25:43 下午 org.openqa.selenium.remote.RemoteWebDriver log
信息: Executing: getTitle [6124c54c-c62f-7d43-b0e5-cc76c414f1ea, getTitle {}]
三月 23, 2014 4:25:43 下午 org.openqa.selenium.remote.RemoteWebDriver log
信息: Executed: [6124c54c-c62f-7d43-b0e5-cc76c414f1ea, getTitle {}]
三月 23, 2014 4:25:43 下午 org.openqa.selenium.remote.RemoteWebDriver log
信息: Executing: getWindowHandles [6124c54c-c62f-7d43-b0e5-cc76c414f1ea, getWindowHandles {}]
三月 23, 2014 4:25:43 下午 org.openqa.selenium.remote.RemoteWebDriver log
信息: Executed: [6124c54c-c62f-7d43-b0e5-cc76c414f1ea, getWindowHandles {}]
三月 23, 2014 4:25:43 下午 org.openqa.selenium.remote.RemoteWebDriver log
信息: Executing: mouseMoveTo [6124c54c-c62f-7d43-b0e5-cc76c414f1ea, mouseMoveTo {element={0c06be65-2774-be44-9507-1f1fa55e9879}}]
三月 23, 2014 4:25:43 下午 org.openqa.selenium.remote.RemoteWebDriver log
信息: Executed: [6124c54c-c62f-7d43-b0e5-cc76c414f1ea, mouseMoveTo {element={0c06be65-2774-be44-9507-1f1fa55e9879}}]
三月 23, 2014 4:25:43 下午 org.openqa.selenium.remote.RemoteWebDriver log
信息: Executing: sendKeysToActiveElement [6124c54c-c62f-7d43-b0e5-cc76c414f1ea, sendKeysToActiveElement {value=[Ljava.lang.CharSequence;@5c924417}]
三月 23, 2014 4:25:43 下午 org.openqa.selenium.remote.RemoteWebDriver log
信息: Executed: [6124c54c-c62f-7d43-b0e5-cc76c414f1ea, sendKeysToActiveElement {value=[Ljava.lang.CharSequence;@5c924417}]
三月 23, 2014 4:25:43 下午 org.openqa.selenium.remote.RemoteWebDriver log
信息: Executing: mouseClick [6124c54c-c62f-7d43-b0e5-cc76c414f1ea, mouseClick {button=0}]
三月 23, 2014 4:25:43 下午 org.openqa.selenium.remote.RemoteWebDriver log
信息: Executed: [6124c54c-c62f-7d43-b0e5-cc76c414f1ea, mouseClick {button=0}]
三月 23, 2014 4:25:43 下午 org.openqa.selenium.remote.RemoteWebDriver log
信息: Executing: sendKeysToActiveElement [6124c54c-c62f-7d43-b0e5-cc76c414f1ea, sendKeysToActiveElement {value=[Ljava.lang.CharSequence;@501eb4af}]
三月 23, 2014 4:25:43 下午 org.openqa.selenium.remote.RemoteWebDriver log
信息: Executed: [6124c54c-c62f-7d43-b0e5-cc76c414f1ea, sendKeysToActiveElement {value=[Ljava.lang.CharSequence;@501eb4af}]
三月 23, 2014 4:25:43 下午 org.openqa.selenium.remote.RemoteWebDriver log
信息: Executing: getWindowHandles [6124c54c-c62f-7d43-b0e5-cc76c414f1ea, getWindowHandles {}]
三月 23, 2014 4:25:43 下午 org.openqa.selenium.remote.RemoteWebDriver log
信息: Executed: [6124c54c-c62f-7d43-b0e5-cc76c414f1ea, getWindowHandles {}]
三月 23, 2014 4:25:43 下午 org.openqa.selenium.remote.RemoteWebDriver log
信息: Executing: getTitle [6124c54c-c62f-7d43-b0e5-cc76c414f1ea, getTitle {}]
三月 23, 2014 4:25:43 下午 org.openqa.selenium.remote.RemoteWebDriver log
信息: Executed: [6124c54c-c62f-7d43-b0e5-cc76c414f1ea, getTitle {}]
三月 23, 2014 4:25:43 下午 org.openqa.selenium.testing.JUnit4TestBase$1 finished
信息: <<< Finished testCombiningShiftAndClickResultsInANewWindow(org.openqa.selenium.interactions.CombinedInputActionsTest)
三月 23, 2014 4:25:43 下午 org.openqa.selenium.testing.JUnit4TestBase$1 starting
信息: >>> Starting testChordControlCutAndPaste(org.openqa.selenium.interactions.CombinedInputActionsTest)
三月 23, 2014 4:25:43 下午 org.openqa.selenium.testing.JUnit4TestBase$1 finished
信息: <<< Finished testChordControlCutAndPaste(org.openqa.selenium.interactions.CombinedInputActionsTest)
三月 23, 2014 4:25:43 下午 org.openqa.selenium.testing.JUnit4TestBase$1 starting
信息: >>> Starting testMouseMovementWorksWhenNavigatingToAnotherPage(org.openqa.selenium.interactions.CombinedInputActionsTest)
三月 23, 2014 4:25:43 下午 org.openqa.selenium.remote.RemoteWebDriver log
信息: Executing: get [6124c54c-c62f-7d43-b0e5-cc76c414f1ea, get {url=http://localhost:6461/common/clicks.html}]
三月 23, 2014 4:25:43 下午 org.openqa.selenium.remote.RemoteWebDriver log
信息: Executed: [6124c54c-c62f-7d43-b0e5-cc76c414f1ea, get {url=http://localhost:6461/common/clicks.html}]
三月 23, 2014 4:25:43 下午 org.openqa.selenium.remote.RemoteWebDriver log
信息: Executing: findElement [6124c54c-c62f-7d43-b0e5-cc76c414f1ea, findElement {using=id, value=normal}]
三月 23, 2014 4:25:43 下午 org.openqa.selenium.remote.RemoteWebDriver log
信息: Executed: [6124c54c-c62f-7d43-b0e5-cc76c414f1ea, findElement {using=id, value=normal}]
三月 23, 2014 4:25:43 下午 org.openqa.selenium.remote.RemoteWebDriver log
信息: Executing: findElement [6124c54c-c62f-7d43-b0e5-cc76c414f1ea, findElement {using=id, value=normal}]
三月 23, 2014 4:25:44 下午 org.openqa.selenium.remote.RemoteWebDriver log
信息: Executed: [6124c54c-c62f-7d43-b0e5-cc76c414f1ea, findElement {using=id, value=normal}]
三月 23, 2014 4:25:44 下午 org.openqa.selenium.remote.RemoteWebDriver log
信息: Executing: mouseMoveTo [6124c54c-c62f-7d43-b0e5-cc76c414f1ea, mouseMoveTo {element={0a08b052-fcf2-414f-88e5-073a12950e9f}}]
三月 23, 2014 4:25:44 下午 org.openqa.selenium.remote.RemoteWebDriver log
信息: Executed: [6124c54c-c62f-7d43-b0e5-cc76c414f1ea, mouseMoveTo {element={0a08b052-fcf2-414f-88e5-073a12950e9f}}]
三月 23, 2014 4:25:44 下午 org.openqa.selenium.remote.RemoteWebDriver log
信息: Executing: mouseMoveTo [6124c54c-c62f-7d43-b0e5-cc76c414f1ea, mouseMoveTo {element={0a08b052-fcf2-414f-88e5-073a12950e9f}}]
三月 23, 2014 4:25:44 下午 org.openqa.selenium.remote.RemoteWebDriver log
信息: Executed: [6124c54c-c62f-7d43-b0e5-cc76c414f1ea, mouseMoveTo {element={0a08b052-fcf2-414f-88e5-073a12950e9f}}]
三月 23, 2014 4:25:44 下午 org.openqa.selenium.remote.RemoteWebDriver log
信息: Executing: mouseClick [6124c54c-c62f-7d43-b0e5-cc76c414f1ea, mouseClick {button=0}]
三月 23, 2014 4:25:44 下午 org.openqa.selenium.remote.RemoteWebDriver log
信息: Executed: [6124c54c-c62f-7d43-b0e5-cc76c414f1ea, mouseClick {button=0}]
三月 23, 2014 4:25:44 下午 org.openqa.selenium.remote.RemoteWebDriver log
信息: Executing: getTitle [6124c54c-c62f-7d43-b0e5-cc76c414f1ea, getTitle {}]
三月 23, 2014 4:25:44 下午 org.openqa.selenium.remote.RemoteWebDriver log
信息: Executed: [6124c54c-c62f-7d43-b0e5-cc76c414f1ea, getTitle {}]
三月 23, 2014 4:25:44 下午 org.openqa.selenium.remote.RemoteWebDriver log
信息: Executing: findElement [6124c54c-c62f-7d43-b0e5-cc76c414f1ea, findElement {using=id, value=linkId}]
三月 23, 2014 4:25:44 下午 org.openqa.selenium.remote.RemoteWebDriver log
信息: Executed: [6124c54c-c62f-7d43-b0e5-cc76c414f1ea, findElement {using=id, value=linkId}]
三月 23, 2014 4:25:44 下午 org.openqa.selenium.remote.RemoteWebDriver log
信息: Executing: mouseMoveTo [6124c54c-c62f-7d43-b0e5-cc76c414f1ea, mouseMoveTo {element={41d9b4e4-bb57-4b4e-9ff0-54501bb2c33a}, xoffset=1, yoffset=1}]
三月 23, 2014 4:25:44 下午 org.openqa.selenium.remote.RemoteWebDriver log
信息: Executed: [6124c54c-c62f-7d43-b0e5-cc76c414f1ea, mouseMoveTo {element={41d9b4e4-bb57-4b4e-9ff0-54501bb2c33a}, xoffset=1, yoffset=1}]
三月 23, 2014 4:25:44 下午 org.openqa.selenium.remote.RemoteWebDriver log
信息: Executing: mouseClick [6124c54c-c62f-7d43-b0e5-cc76c414f1ea, mouseClick {button=0}]
三月 23, 2014 4:25:44 下午 org.openqa.selenium.remote.RemoteWebDriver log
信息: Executed: [6124c54c-c62f-7d43-b0e5-cc76c414f1ea, mouseClick {button=0}]
三月 23, 2014 4:25:44 下午 org.openqa.selenium.remote.RemoteWebDriver log
信息: Executing: getTitle [6124c54c-c62f-7d43-b0e5-cc76c414f1ea, getTitle {}]
三月 23, 2014 4:25:44 下午 org.openqa.selenium.remote.RemoteWebDriver log
信息: Executed: [6124c54c-c62f-7d43-b0e5-cc76c414f1ea, getTitle {}]
三月 23, 2014 4:25:44 下午 org.openqa.selenium.testing.JUnit4TestBase$1 finished
信息: <<< Finished testMouseMovementWorksWhenNavigatingToAnotherPage(org.openqa.selenium.interactions.CombinedInputActionsTest)
三月 23, 2014 4:25:44 下午 org.openqa.selenium.testing.JUnit4TestBase$1 starting
信息: >>> Starting testDragTooFar(org.openqa.selenium.interactions.DragAndDropTest)
三月 23, 2014 4:25:44 下午 org.openqa.selenium.testing.JUnit4TestBase$1 finished
信息: <<< Finished testDragTooFar(org.openqa.selenium.interactions.DragAndDropTest)
三月 23, 2014 4:25:44 下午 org.openqa.selenium.testing.JUnit4TestBase$1 starting
信息: >>> Starting testDragAndDropElementWithOffsetInScrolledDiv(org.openqa.selenium.interactions.DragAndDropTest)
三月 23, 2014 4:25:44 下午 org.openqa.selenium.remote.RemoteWebDriver log
信息: Executing: get [6124c54c-c62f-7d43-b0e5-cc76c414f1ea, get {url=http://localhost:6461/common/dragAndDropInsideScrolledDiv.html}]
三月 23, 2014 4:25:44 下午 org.openqa.selenium.remote.RemoteWebDriver log
信息: Executed: [6124c54c-c62f-7d43-b0e5-cc76c414f1ea, get {url=http://localhost:6461/common/dragAndDropInsideScrolledDiv.html}]
三月 23, 2014 4:25:44 下午 org.openqa.selenium.remote.RemoteWebDriver log
信息: Executing: findElement [6124c54c-c62f-7d43-b0e5-cc76c414f1ea, findElement {using=id, value=test1}]
三月 23, 2014 4:25:44 下午 org.openqa.selenium.remote.RemoteWebDriver log
信息: Executed: [6124c54c-c62f-7d43-b0e5-cc76c414f1ea, findElement {using=id, value=test1}]
三月 23, 2014 4:25:44 下午 org.openqa.selenium.remote.RemoteWebDriver log
信息: Executing: getElementLocation [6124c54c-c62f-7d43-b0e5-cc76c414f1ea, getElementLocation {id={4dc96799-9018-db4e-b7d6-4864976d09cf}}]
三月 23, 2014 4:25:44 下午 org.openqa.selenium.remote.RemoteWebDriver log
信息: Executed: [6124c54c-c62f-7d43-b0e5-cc76c414f1ea, getElementLocation {id={4dc96799-9018-db4e-b7d6-4864976d09cf}}]
三月 23, 2014 4:25:44 下午 org.openqa.selenium.remote.RemoteWebDriver log
信息: Executing: mouseMoveTo [6124c54c-c62f-7d43-b0e5-cc76c414f1ea, mouseMoveTo {element={4dc96799-9018-db4e-b7d6-4864976d09cf}}]
三月 23, 2014 4:25:44 下午 org.openqa.selenium.remote.RemoteWebDriver log
信息: Executed: [6124c54c-c62f-7d43-b0e5-cc76c414f1ea, mouseMoveTo {element={4dc96799-9018-db4e-b7d6-4864976d09cf}}]
三月 23, 2014 4:25:44 下午 org.openqa.selenium.remote.RemoteWebDriver log
信息: Executing: mouseMoveTo [6124c54c-c62f-7d43-b0e5-cc76c414f1ea, mouseMoveTo {element={4dc96799-9018-db4e-b7d6-4864976d09cf}}]
三月 23, 2014 4:25:44 下午 org.openqa.selenium.remote.RemoteWebDriver log
信息: Executed: [6124c54c-c62f-7d43-b0e5-cc76c414f1ea, mouseMoveTo {element={4dc96799-9018-db4e-b7d6-4864976d09cf}}]
三月 23, 2014 4:25:44 下午 org.openqa.selenium.remote.RemoteWebDriver log
信息: Executing: mouseButtonDown [6124c54c-c62f-7d43-b0e5-cc76c414f1ea, mouseButtonDown {}]
三月 23, 2014 4:25:44 下午 org.openqa.selenium.remote.RemoteWebDriver log
信息: Executed: [6124c54c-c62f-7d43-b0e5-cc76c414f1ea, mouseButtonDown {}]
三月 23, 2014 4:25:44 下午 org.openqa.selenium.remote.RemoteWebDriver log
信息: Executing: mouseMoveTo [6124c54c-c62f-7d43-b0e5-cc76c414f1ea, mouseMoveTo {xoffset=3700, yoffset=3700}]
三月 23, 2014 4:25:44 下午 org.openqa.selenium.remote.RemoteWebDriver log
信息: Executed: [6124c54c-c62f-7d43-b0e5-cc76c414f1ea, mouseMoveTo {xoffset=3700, yoffset=3700}]
三月 23, 2014 4:25:44 下午 org.openqa.selenium.remote.RemoteWebDriver log
信息: Executing: mouseButtonUp [6124c54c-c62f-7d43-b0e5-cc76c414f1ea, mouseButtonUp {}]
三月 23, 2014 4:25:44 下午 org.openqa.selenium.remote.RemoteWebDriver log
信息: Executed: [6124c54c-c62f-7d43-b0e5-cc76c414f1ea, mouseButtonUp {}]
三月 23, 2014 4:25:44 下午 org.openqa.selenium.remote.RemoteWebDriver log
信息: Executing: getElementLocation [6124c54c-c62f-7d43-b0e5-cc76c414f1ea, getElementLocation {id={4dc96799-9018-db4e-b7d6-4864976d09cf}}]
三月 23, 2014 4:25:44 下午 org.openqa.selenium.remote.RemoteWebDriver log
信息: Executed: [6124c54c-c62f-7d43-b0e5-cc76c414f1ea, getElementLocation {id={4dc96799-9018-db4e-b7d6-4864976d09cf}}]
三月 23, 2014 4:25:44 下午 org.openqa.selenium.testing.JUnit4TestBase$1 finished
信息: <<< Finished testDragAndDropElementWithOffsetInScrolledDiv(org.openqa.selenium.interactions.DragAndDropTest)
三月 23, 2014 4:25:44 下午 org.openqa.selenium.testing.JUnit4TestBase$1 starting
信息: >>> Starting testDragAndDropToElement(org.openqa.selenium.interactions.DragAndDropTest)
三月 23, 2014 4:25:44 下午 org.openqa.selenium.remote.RemoteWebDriver log
信息: Executing: get [6124c54c-c62f-7d43-b0e5-cc76c414f1ea, get {url=http://localhost:6461/common/dragAndDropTest.html}]
三月 23, 2014 4:25:44 下午 org.openqa.selenium.remote.RemoteWebDriver log
信息: Executed: [6124c54c-c62f-7d43-b0e5-cc76c414f1ea, get {url=http://localhost:6461/common/dragAndDropTest.html}]
三月 23, 2014 4:25:44 下午 org.openqa.selenium.remote.RemoteWebDriver log
信息: Executing: findElement [6124c54c-c62f-7d43-b0e5-cc76c414f1ea, findElement {using=id, value=test1}]
三月 23, 2014 4:25:44 下午 org.openqa.selenium.remote.RemoteWebDriver log
信息: Executed: [6124c54c-c62f-7d43-b0e5-cc76c414f1ea, findElement {using=id, value=test1}]
三月 23, 2014 4:25:44 下午 org.openqa.selenium.remote.RemoteWebDriver log
信息: Executing: findElement [6124c54c-c62f-7d43-b0e5-cc76c414f1ea, findElement {using=id, value=test2}]
三月 23, 2014 4:25:44 下午 org.openqa.selenium.remote.RemoteWebDriver log
信息: Executed: [6124c54c-c62f-7d43-b0e5-cc76c414f1ea, findElement {using=id, value=test2}]
三月 23, 2014 4:25:44 下午 org.openqa.selenium.remote.RemoteWebDriver log
信息: Executing: mouseMoveTo [6124c54c-c62f-7d43-b0e5-cc76c414f1ea, mouseMoveTo {element={852526f6-b5ff-6041-8d0d-0079b6e8f2a0}}]
三月 23, 2014 4:25:44 下午 org.openqa.selenium.remote.RemoteWebDriver log
信息: Executed: [6124c54c-c62f-7d43-b0e5-cc76c414f1ea, mouseMoveTo {element={852526f6-b5ff-6041-8d0d-0079b6e8f2a0}}]
三月 23, 2014 4:25:44 下午 org.openqa.selenium.remote.RemoteWebDriver log
信息: Executing: mouseMoveTo [6124c54c-c62f-7d43-b0e5-cc76c414f1ea, mouseMoveTo {element={852526f6-b5ff-6041-8d0d-0079b6e8f2a0}}]
三月 23, 2014 4:25:44 下午 org.openqa.selenium.remote.RemoteWebDriver log
信息: Executed: [6124c54c-c62f-7d43-b0e5-cc76c414f1ea, mouseMoveTo {element={852526f6-b5ff-6041-8d0d-0079b6e8f2a0}}]
三月 23, 2014 4:25:44 下午 org.openqa.selenium.remote.RemoteWebDriver log
信息: Executing: mouseButtonDown [6124c54c-c62f-7d43-b0e5-cc76c414f1ea, mouseButtonDown {}]
三月 23, 2014 4:25:44 下午 org.openqa.selenium.remote.RemoteWebDriver log
信息: Executed: [6124c54c-c62f-7d43-b0e5-cc76c414f1ea, mouseButtonDown {}]
三月 23, 2014 4:25:44 下午 org.openqa.selenium.remote.RemoteWebDriver log
信息: Executing: mouseMoveTo [6124c54c-c62f-7d43-b0e5-cc76c414f1ea, mouseMoveTo {element={ece11c72-c1d8-6a45-9f77-2c644025628f}}]
三月 23, 2014 4:25:44 下午 org.openqa.selenium.remote.RemoteWebDriver log
信息: Executed: [6124c54c-c62f-7d43-b0e5-cc76c414f1ea, mouseMoveTo {element={ece11c72-c1d8-6a45-9f77-2c644025628f}}]
三月 23, 2014 4:25:44 下午 org.openqa.selenium.remote.RemoteWebDriver log
信息: Executing: mouseMoveTo [6124c54c-c62f-7d43-b0e5-cc76c414f1ea, mouseMoveTo {element={ece11c72-c1d8-6a45-9f77-2c644025628f}}]
三月 23, 2014 4:25:44 下午 org.openqa.selenium.remote.RemoteWebDriver log
信息: Executed: [6124c54c-c62f-7d43-b0e5-cc76c414f1ea, mouseMoveTo {element={ece11c72-c1d8-6a45-9f77-2c644025628f}}]
三月 23, 2014 4:25:44 下午 org.openqa.selenium.remote.RemoteWebDriver log
信息: Executing: mouseMoveTo [6124c54c-c62f-7d43-b0e5-cc76c414f1ea, mouseMoveTo {element={ece11c72-c1d8-6a45-9f77-2c644025628f}}]
三月 23, 2014 4:25:44 下午 org.openqa.selenium.remote.RemoteWebDriver log
信息: Executed: [6124c54c-c62f-7d43-b0e5-cc76c414f1ea, mouseMoveTo {element={ece11c72-c1d8-6a45-9f77-2c644025628f}}]
三月 23, 2014 4:25:44 下午 org.openqa.selenium.remote.RemoteWebDriver log
信息: Executing: mouseButtonUp [6124c54c-c62f-7d43-b0e5-cc76c414f1ea, mouseButtonUp {}]
三月 23, 2014 4:25:44 下午 org.openqa.selenium.remote.RemoteWebDriver log
信息: Executed: [6124c54c-c62f-7d43-b0e5-cc76c414f1ea, mouseButtonUp {}]
三月 23, 2014 4:25:44 下午 org.openqa.selenium.remote.RemoteWebDriver log
信息: Executing: getElementLocation [6124c54c-c62f-7d43-b0e5-cc76c414f1ea, getElementLocation {id={ece11c72-c1d8-6a45-9f77-2c644025628f}}]
三月 23, 2014 4:25:44 下午 org.openqa.selenium.remote.RemoteWebDriver log
信息: Executed: [6124c54c-c62f-7d43-b0e5-cc76c414f1ea, getElementLocation {id={ece11c72-c1d8-6a45-9f77-2c644025628f}}]
三月 23, 2014 4:25:44 下午 org.openqa.selenium.remote.RemoteWebDriver log
信息: Executing: getElementLocation [6124c54c-c62f-7d43-b0e5-cc76c414f1ea, getElementLocation {id={852526f6-b5ff-6041-8d0d-0079b6e8f2a0}}]
三月 23, 2014 4:25:44 下午 org.openqa.selenium.remote.RemoteWebDriver log
信息: Executed: [6124c54c-c62f-7d43-b0e5-cc76c414f1ea, getElementLocation {id={852526f6-b5ff-6041-8d0d-0079b6e8f2a0}}]
三月 23, 2014 4:25:44 下午 org.openqa.selenium.testing.JUnit4TestBase$1 finished
信息: <<< Finished testDragAndDropToElement(org.openqa.selenium.interactions.DragAndDropTest)
三月 23, 2014 4:25:44 下午 org.openqa.selenium.testing.JUnit4TestBase$1 starting
信息: >>> Starting testDragAndDropElementWithOffsetInIframeAtBottom(org.openqa.selenium.interactions.DragAndDropTest)
三月 23, 2014 4:25:44 下午 org.openqa.selenium.testing.JUnit4TestBase$1 finished
信息: <<< Finished testDragAndDropElementWithOffsetInIframeAtBottom(org.openqa.selenium.interactions.DragAndDropTest)
三月 23, 2014 4:25:44 下午 org.openqa.selenium.testing.JUnit4TestBase$1 starting
信息: >>> Starting testDragAndDropRelative(org.openqa.selenium.interactions.DragAndDropTest)
三月 23, 2014 4:25:44 下午 org.openqa.selenium.testing.JUnit4TestBase$1 finished
信息: <<< Finished testDragAndDropRelative(org.openqa.selenium.interactions.DragAndDropTest)
三月 23, 2014 4:25:44 下午 org.openqa.selenium.testing.JUnit4TestBase$1 starting
信息: >>> Starting testElementInDiv(org.openqa.selenium.interactions.DragAndDropTest)
三月 23, 2014 4:25:44 下午 org.openqa.selenium.testing.JUnit4TestBase$1 finished
信息: <<< Finished testElementInDiv(org.openqa.selenium.interactions.DragAndDropTest)
三月 23, 2014 4:25:44 下午 org.openqa.selenium.testing.JUnit4TestBase$1 starting
信息: >>> Starting testShouldAllowUsersToDragAndDropToElementsOffTheCurrentViewPort(org.openqa.selenium.interactions.DragAndDropTest)
三月 23, 2014 4:25:44 下午 org.openqa.selenium.remote.RemoteWebDriver log
信息: Executing: get [6124c54c-c62f-7d43-b0e5-cc76c414f1ea, get {url=http://localhost:6461/common/dragAndDropTest.html}]
三月 23, 2014 4:25:44 下午 org.openqa.selenium.remote.RemoteWebDriver log
信息: Executed: [6124c54c-c62f-7d43-b0e5-cc76c414f1ea, get {url=http://localhost:6461/common/dragAndDropTest.html}]
三月 23, 2014 4:25:44 下午 org.openqa.selenium.remote.RemoteWebDriver log
信息: Executing: executeScript [6124c54c-c62f-7d43-b0e5-cc76c414f1ea, executeScript {script=window.resizeTo(300, 300);, args=[]}]
三月 23, 2014 4:25:44 下午 org.openqa.selenium.remote.RemoteWebDriver log
信息: Executed: [6124c54c-c62f-7d43-b0e5-cc76c414f1ea, executeScript {script=window.resizeTo(300, 300);, args=[]}]
三月 23, 2014 4:25:44 下午 org.openqa.selenium.remote.RemoteWebDriver log
信息: Executing: get [6124c54c-c62f-7d43-b0e5-cc76c414f1ea, get {url=http://localhost:6461/common/dragAndDropTest.html}]
三月 23, 2014 4:25:44 下午 org.openqa.selenium.remote.RemoteWebDriver log
信息: Executed: [6124c54c-c62f-7d43-b0e5-cc76c414f1ea, get {url=http://localhost:6461/common/dragAndDropTest.html}]
三月 23, 2014 4:25:44 下午 org.openqa.selenium.remote.RemoteWebDriver log
信息: Executing: findElement [6124c54c-c62f-7d43-b0e5-cc76c414f1ea, findElement {using=id, value=test3}]
三月 23, 2014 4:25:44 下午 org.openqa.selenium.remote.RemoteWebDriver log
信息: Executed: [6124c54c-c62f-7d43-b0e5-cc76c414f1ea, findElement {using=id, value=test3}]
三月 23, 2014 4:25:44 下午 org.openqa.selenium.remote.RemoteWebDriver log
信息: Executing: getElementLocation [6124c54c-c62f-7d43-b0e5-cc76c414f1ea, getElementLocation {id={909dd9f4-6c1c-b549-94f5-612477a2efa7}}]
三月 23, 2014 4:25:44 下午 org.openqa.selenium.remote.RemoteWebDriver log
信息: Executed: [6124c54c-c62f-7d43-b0e5-cc76c414f1ea, getElementLocation {id={909dd9f4-6c1c-b549-94f5-612477a2efa7}}]
三月 23, 2014 4:25:44 下午 org.openqa.selenium.remote.RemoteWebDriver log
信息: Executing: mouseMoveTo [6124c54c-c62f-7d43-b0e5-cc76c414f1ea, mouseMoveTo {element={909dd9f4-6c1c-b549-94f5-612477a2efa7}}]
三月 23, 2014 4:25:44 下午 org.openqa.selenium.remote.RemoteWebDriver log
信息: Executed: [6124c54c-c62f-7d43-b0e5-cc76c414f1ea, mouseMoveTo {element={909dd9f4-6c1c-b549-94f5-612477a2efa7}}]
三月 23, 2014 4:25:44 下午 org.openqa.selenium.remote.RemoteWebDriver log
信息: Executing: mouseMoveTo [6124c54c-c62f-7d43-b0e5-cc76c414f1ea, mouseMoveTo {element={909dd9f4-6c1c-b549-94f5-612477a2efa7}}]
三月 23, 2014 4:25:44 下午 org.openqa.selenium.remote.RemoteWebDriver log
信息: Executed: [6124c54c-c62f-7d43-b0e5-cc76c414f1ea, mouseMoveTo {element={909dd9f4-6c1c-b549-94f5-612477a2efa7}}]
三月 23, 2014 4:25:44 下午 org.openqa.selenium.remote.RemoteWebDriver log
信息: Executing: mouseButtonDown [6124c54c-c62f-7d43-b0e5-cc76c414f1ea, mouseButtonDown {}]
三月 23, 2014 4:25:44 下午 org.openqa.selenium.remote.RemoteWebDriver log
信息: Executed: [6124c54c-c62f-7d43-b0e5-cc76c414f1ea, mouseButtonDown {}]
三月 23, 2014 4:25:44 下午 org.openqa.selenium.remote.RemoteWebDriver log
信息: Executing: mouseMoveTo [6124c54c-c62f-7d43-b0e5-cc76c414f1ea, mouseMoveTo {xoffset=100, yoffset=100}]
三月 23, 2014 4:25:44 下午 org.openqa.selenium.remote.RemoteWebDriver log
信息: Executed: [6124c54c-c62f-7d43-b0e5-cc76c414f1ea, mouseMoveTo {xoffset=100, yoffset=100}]
三月 23, 2014 4:25:44 下午 org.openqa.selenium.remote.RemoteWebDriver log
信息: Executing: mouseButtonUp [6124c54c-c62f-7d43-b0e5-cc76c414f1ea, mouseButtonUp {}]
三月 23, 2014 4:25:44 下午 org.openqa.selenium.remote.RemoteWebDriver log
信息: Executed: [6124c54c-c62f-7d43-b0e5-cc76c414f1ea, mouseButtonUp {}]
三月 23, 2014 4:25:44 下午 org.openqa.selenium.remote.RemoteWebDriver log
信息: Executing: getElementLocation [6124c54c-c62f-7d43-b0e5-cc76c414f1ea, getElementLocation {id={909dd9f4-6c1c-b549-94f5-612477a2efa7}}]
三月 23, 2014 4:25:44 下午 org.openqa.selenium.remote.RemoteWebDriver log
信息: Executed: [6124c54c-c62f-7d43-b0e5-cc76c414f1ea, getElementLocation {id={909dd9f4-6c1c-b549-94f5-612477a2efa7}}]
三月 23, 2014 4:25:44 下午 org.openqa.selenium.testing.JUnit4TestBase$1 finished
信息: <<< Finished testShouldAllowUsersToDragAndDropToElementsOffTheCurrentViewPort(org.openqa.selenium.interactions.DragAndDropTest)
三月 23, 2014 4:25:44 下午 org.openqa.selenium.remote.RemoteWebDriver log
信息: Executing: quit [6124c54c-c62f-7d43-b0e5-cc76c414f1ea, quit {}]
三月 23, 2014 4:25:44 下午 org.openqa.selenium.remote.RemoteWebDriver log
信息: Executed: [6124c54c-c62f-7d43-b0e5-cc76c414f1ea, quit {}]
三月 23, 2014 4:25:44 下午 org.openqa.selenium.testing.JUnit4TestBase$1 starting
信息: >>> Starting testDragAndDropToElementInIframe(org.openqa.selenium.interactions.DragAndDropTest)
三月 23, 2014 4:25:46 下午 org.openqa.selenium.remote.RemoteWebDriver log
信息: Executing: get [59f5822f-6658-984d-8200-844f5ac6a965, get {url=http://localhost:6461/common/iframes.html}]
三月 23, 2014 4:25:46 下午 org.openqa.selenium.remote.RemoteWebDriver log
信息: Executed: [59f5822f-6658-984d-8200-844f5ac6a965, get {url=http://localhost:6461/common/iframes.html}]
三月 23, 2014 4:25:46 下午 org.openqa.selenium.remote.RemoteWebDriver log
信息: Executing: findElement [59f5822f-6658-984d-8200-844f5ac6a965, findElement {using=tag name, value=iframe}]
三月 23, 2014 4:25:46 下午 org.openqa.selenium.remote.RemoteWebDriver log
信息: Executed: [59f5822f-6658-984d-8200-844f5ac6a965, findElement {using=tag name, value=iframe}]
三月 23, 2014 4:25:46 下午 org.openqa.selenium.remote.RemoteWebDriver log
信息: Executing: executeScript [59f5822f-6658-984d-8200-844f5ac6a965, executeScript {script=arguments[0].src = arguments[1], args=[{ELEMENT={341fb8df-e7f0-6346-8ab2-70058f6c3fb9}}, http://localhost:6461/common/dragAndDropTest.html]}]
三月 23, 2014 4:25:46 下午 org.openqa.selenium.remote.RemoteWebDriver log
信息: Executed: [59f5822f-6658-984d-8200-844f5ac6a965, executeScript {script=arguments[0].src = arguments[1], args=[{ELEMENT={341fb8df-e7f0-6346-8ab2-70058f6c3fb9}}, http://localhost:6461/common/dragAndDropTest.html]}]
三月 23, 2014 4:25:46 下午 org.openqa.selenium.remote.RemoteWebDriver log
信息: Executing: switchToFrame [59f5822f-6658-984d-8200-844f5ac6a965, switchToFrame {id=0}]
三月 23, 2014 4:25:46 下午 org.openqa.selenium.remote.RemoteWebDriver log
信息: Executed: [59f5822f-6658-984d-8200-844f5ac6a965, switchToFrame {id=0}]
三月 23, 2014 4:25:46 下午 org.openqa.selenium.remote.RemoteWebDriver log
信息: Executing: findElement [59f5822f-6658-984d-8200-844f5ac6a965, findElement {using=id, value=test1}]
三月 23, 2014 4:25:46 下午 org.openqa.selenium.remote.RemoteWebDriver log
信息: Executed: [59f5822f-6658-984d-8200-844f5ac6a965, findElement {using=id, value=test1}]
三月 23, 2014 4:25:46 下午 org.openqa.selenium.remote.RemoteWebDriver log
信息: Executing: findElement [59f5822f-6658-984d-8200-844f5ac6a965, findElement {using=id, value=test2}]
三月 23, 2014 4:25:46 下午 org.openqa.selenium.remote.RemoteWebDriver log
信息: Executed: [59f5822f-6658-984d-8200-844f5ac6a965, findElement {using=id, value=test2}]
三月 23, 2014 4:25:46 下午 org.openqa.selenium.remote.RemoteWebDriver log
信息: Executing: mouseMoveTo [59f5822f-6658-984d-8200-844f5ac6a965, mouseMoveTo {element={c0dcda78-846b-6f4f-8f89-4ea9f3b0de10}}]
三月 23, 2014 4:25:46 下午 org.openqa.selenium.remote.RemoteWebDriver log
信息: Executed: [59f5822f-6658-984d-8200-844f5ac6a965, mouseMoveTo {element={c0dcda78-846b-6f4f-8f89-4ea9f3b0de10}}]
三月 23, 2014 4:25:46 下午 org.openqa.selenium.remote.RemoteWebDriver log
信息: Executing: mouseMoveTo [59f5822f-6658-984d-8200-844f5ac6a965, mouseMoveTo {element={c0dcda78-846b-6f4f-8f89-4ea9f3b0de10}}]
三月 23, 2014 4:25:46 下午 org.openqa.selenium.remote.RemoteWebDriver log
信息: Executed: [59f5822f-6658-984d-8200-844f5ac6a965, mouseMoveTo {element={c0dcda78-846b-6f4f-8f89-4ea9f3b0de10}}]
三月 23, 2014 4:25:46 下午 org.openqa.selenium.remote.RemoteWebDriver log
信息: Executing: mouseButtonDown [59f5822f-6658-984d-8200-844f5ac6a965, mouseButtonDown {}]
三月 23, 2014 4:25:46 下午 org.openqa.selenium.remote.RemoteWebDriver log
信息: Executed: [59f5822f-6658-984d-8200-844f5ac6a965, mouseButtonDown {}]
三月 23, 2014 4:25:46 下午 org.openqa.selenium.remote.RemoteWebDriver log
信息: Executing: mouseMoveTo [59f5822f-6658-984d-8200-844f5ac6a965, mouseMoveTo {element={4d16956e-7cd1-5d43-abb3-7ab2e89b9b74}}]
三月 23, 2014 4:25:47 下午 org.openqa.selenium.remote.RemoteWebDriver log
信息: Executed: [59f5822f-6658-984d-8200-844f5ac6a965, mouseMoveTo {element={4d16956e-7cd1-5d43-abb3-7ab2e89b9b74}}]
三月 23, 2014 4:25:47 下午 org.openqa.selenium.remote.RemoteWebDriver log
信息: Executing: mouseMoveTo [59f5822f-6658-984d-8200-844f5ac6a965, mouseMoveTo {element={4d16956e-7cd1-5d43-abb3-7ab2e89b9b74}}]
三月 23, 2014 4:25:47 下午 org.openqa.selenium.remote.RemoteWebDriver log
信息: Executed: [59f5822f-6658-984d-8200-844f5ac6a965, mouseMoveTo {element={4d16956e-7cd1-5d43-abb3-7ab2e89b9b74}}]
三月 23, 2014 4:25:47 下午 org.openqa.selenium.remote.RemoteWebDriver log
信息: Executing: mouseMoveTo [59f5822f-6658-984d-8200-844f5ac6a965, mouseMoveTo {element={4d16956e-7cd1-5d43-abb3-7ab2e89b9b74}}]
三月 23, 2014 4:25:47 下午 org.openqa.selenium.remote.RemoteWebDriver log
信息: Executed: [59f5822f-6658-984d-8200-844f5ac6a965, mouseMoveTo {element={4d16956e-7cd1-5d43-abb3-7ab2e89b9b74}}]
三月 23, 2014 4:25:47 下午 org.openqa.selenium.remote.RemoteWebDriver log
信息: Executing: mouseButtonUp [59f5822f-6658-984d-8200-844f5ac6a965, mouseButtonUp {}]
三月 23, 2014 4:25:47 下午 org.openqa.selenium.remote.RemoteWebDriver log
信息: Executed: [59f5822f-6658-984d-8200-844f5ac6a965, mouseButtonUp {}]
三月 23, 2014 4:25:47 下午 org.openqa.selenium.remote.RemoteWebDriver log
信息: Executing: getElementLocation [59f5822f-6658-984d-8200-844f5ac6a965, getElementLocation {id={4d16956e-7cd1-5d43-abb3-7ab2e89b9b74}}]
三月 23, 2014 4:25:47 下午 org.openqa.selenium.remote.RemoteWebDriver log
信息: Executed: [59f5822f-6658-984d-8200-844f5ac6a965, getElementLocation {id={4d16956e-7cd1-5d43-abb3-7ab2e89b9b74}}]
三月 23, 2014 4:25:47 下午 org.openqa.selenium.remote.RemoteWebDriver log
信息: Executing: getElementLocation [59f5822f-6658-984d-8200-844f5ac6a965, getElementLocation {id={c0dcda78-846b-6f4f-8f89-4ea9f3b0de10}}]
三月 23, 2014 4:25:47 下午 org.openqa.selenium.remote.RemoteWebDriver log
信息: Executed: [59f5822f-6658-984d-8200-844f5ac6a965, getElementLocation {id={c0dcda78-846b-6f4f-8f89-4ea9f3b0de10}}]
三月 23, 2014 4:25:47 下午 org.openqa.selenium.testing.JUnit4TestBase$1 finished
信息: <<< Finished testDragAndDropToElementInIframe(org.openqa.selenium.interactions.DragAndDropTest)
三月 23, 2014 4:25:47 下午 org.openqa.selenium.testing.JUnit4TestBase$1 starting
信息: >>> Starting canDragAnElementNotVisibleInTheCurrentViewportDueToAParentOverflow(org.openqa.selenium.interactions.DragAndDropTest)
三月 23, 2014 4:25:47 下午 org.openqa.selenium.remote.RemoteWebDriver log
信息: Executing: get [59f5822f-6658-984d-8200-844f5ac6a965, get {url=http://localhost:6461/common/dragDropOverflow.html}]
三月 23, 2014 4:25:47 下午 org.openqa.selenium.remote.RemoteWebDriver log
信息: Executed: [59f5822f-6658-984d-8200-844f5ac6a965, get {url=http://localhost:6461/common/dragDropOverflow.html}]
三月 23, 2014 4:25:47 下午 org.openqa.selenium.remote.RemoteWebDriver log
信息: Executing: findElement [59f5822f-6658-984d-8200-844f5ac6a965, findElement {using=id, value=time-marker}]
三月 23, 2014 4:25:47 下午 org.openqa.selenium.remote.RemoteWebDriver log
信息: Executed: [59f5822f-6658-984d-8200-844f5ac6a965, findElement {using=id, value=time-marker}]
三月 23, 2014 4:25:47 下午 org.openqa.selenium.remote.RemoteWebDriver log
信息: Executing: findElement [59f5822f-6658-984d-8200-844f5ac6a965, findElement {using=id, value=11am}]
三月 23, 2014 4:25:47 下午 org.openqa.selenium.remote.RemoteWebDriver log
信息: Executed: [59f5822f-6658-984d-8200-844f5ac6a965, findElement {using=id, value=11am}]
三月 23, 2014 4:25:47 下午 org.openqa.selenium.remote.RemoteWebDriver log
信息: Executing: getElementLocation [59f5822f-6658-984d-8200-844f5ac6a965, getElementLocation {id={600ce307-65de-b742-b18c-15e86c3855ca}}]
三月 23, 2014 4:25:47 下午 org.openqa.selenium.remote.RemoteWebDriver log
信息: Executed: [59f5822f-6658-984d-8200-844f5ac6a965, getElementLocation {id={600ce307-65de-b742-b18c-15e86c3855ca}}]
三月 23, 2014 4:25:47 下午 org.openqa.selenium.remote.RemoteWebDriver log
信息: Executing: getElementLocation [59f5822f-6658-984d-8200-844f5ac6a965, getElementLocation {id={bd77555c-dadd-5b42-af57-8b7a165c85c3}}]
三月 23, 2014 4:25:47 下午 org.openqa.selenium.remote.RemoteWebDriver log
信息: Executed: [59f5822f-6658-984d-8200-844f5ac6a965, getElementLocation {id={bd77555c-dadd-5b42-af57-8b7a165c85c3}}]
三月 23, 2014 4:25:47 下午 org.openqa.selenium.remote.RemoteWebDriver log
信息: Executing: mouseMoveTo [59f5822f-6658-984d-8200-844f5ac6a965, mouseMoveTo {element={600ce307-65de-b742-b18c-15e86c3855ca}}]
三月 23, 2014 4:25:47 下午 org.openqa.selenium.remote.RemoteWebDriver log
信息: Executed: [59f5822f-6658-984d-8200-844f5ac6a965, mouseMoveTo {element={600ce307-65de-b742-b18c-15e86c3855ca}}]
三月 23, 2014 4:25:47 下午 org.openqa.selenium.remote.RemoteWebDriver log
信息: Executing: mouseMoveTo [59f5822f-6658-984d-8200-844f5ac6a965, mouseMoveTo {element={600ce307-65de-b742-b18c-15e86c3855ca}}]
三月 23, 2014 4:25:47 下午 org.openqa.selenium.remote.RemoteWebDriver log
信息: Executed: [59f5822f-6658-984d-8200-844f5ac6a965, mouseMoveTo {element={600ce307-65de-b742-b18c-15e86c3855ca}}]
三月 23, 2014 4:25:47 下午 org.openqa.selenium.remote.RemoteWebDriver log
信息: Executing: mouseButtonDown [59f5822f-6658-984d-8200-844f5ac6a965, mouseButtonDown {}]
三月 23, 2014 4:25:47 下午 org.openqa.selenium.remote.RemoteWebDriver log
信息: Executed: [59f5822f-6658-984d-8200-844f5ac6a965, mouseButtonDown {}]
三月 23, 2014 4:25:47 下午 org.openqa.selenium.remote.RemoteWebDriver log
信息: Executing: mouseMoveTo [59f5822f-6658-984d-8200-844f5ac6a965, mouseMoveTo {xoffset=0, yoffset=96}]
三月 23, 2014 4:25:47 下午 org.openqa.selenium.remote.RemoteWebDriver log
信息: Executed: [59f5822f-6658-984d-8200-844f5ac6a965, mouseMoveTo {xoffset=0, yoffset=96}]
三月 23, 2014 4:25:47 下午 org.openqa.selenium.remote.RemoteWebDriver log
信息: Executing: mouseButtonUp [59f5822f-6658-984d-8200-844f5ac6a965, mouseButtonUp {}]
三月 23, 2014 4:25:47 下午 org.openqa.selenium.remote.RemoteWebDriver log
信息: Executed: [59f5822f-6658-984d-8200-844f5ac6a965, mouseButtonUp {}]
三月 23, 2014 4:25:47 下午 org.openqa.selenium.remote.RemoteWebDriver log
信息: Executing: getElementLocation [59f5822f-6658-984d-8200-844f5ac6a965, getElementLocation {id={bd77555c-dadd-5b42-af57-8b7a165c85c3}}]
三月 23, 2014 4:25:47 下午 org.openqa.selenium.remote.RemoteWebDriver log
信息: Executed: [59f5822f-6658-984d-8200-844f5ac6a965, getElementLocation {id={bd77555c-dadd-5b42-af57-8b7a165c85c3}}]
三月 23, 2014 4:25:47 下午 org.openqa.selenium.remote.RemoteWebDriver log
信息: Executing: getElementLocation [59f5822f-6658-984d-8200-844f5ac6a965, getElementLocation {id={600ce307-65de-b742-b18c-15e86c3855ca}}]
三月 23, 2014 4:25:47 下午 org.openqa.selenium.remote.RemoteWebDriver log
信息: Executed: [59f5822f-6658-984d-8200-844f5ac6a965, getElementLocation {id={600ce307-65de-b742-b18c-15e86c3855ca}}]
三月 23, 2014 4:25:47 下午 org.openqa.selenium.testing.JUnit4TestBase$1 finished
信息: <<< Finished canDragAnElementNotVisibleInTheCurrentViewportDueToAParentOverflow(org.openqa.selenium.interactions.DragAndDropTest)
三月 23, 2014 4:25:47 下午 org.openqa.selenium.testing.JUnit4TestBase$1 starting
信息: >>> Starting testDragAndDropOnJQueryItems(org.openqa.selenium.interactions.DragAndDropTest)
三月 23, 2014 4:25:47 下午 org.openqa.selenium.remote.RemoteWebDriver log
信息: Executing: get [59f5822f-6658-984d-8200-844f5ac6a965, get {url=http://localhost:6461/common/droppableItems.html}]
三月 23, 2014 4:25:47 下午 org.openqa.selenium.remote.RemoteWebDriver log
信息: Executed: [59f5822f-6658-984d-8200-844f5ac6a965, get {url=http://localhost:6461/common/droppableItems.html}]
三月 23, 2014 4:25:47 下午 org.openqa.selenium.remote.RemoteWebDriver log
信息: Executing: findElement [59f5822f-6658-984d-8200-844f5ac6a965, findElement {using=id, value=draggable}]
三月 23, 2014 4:25:47 下午 org.openqa.selenium.remote.RemoteWebDriver log
信息: Executed: [59f5822f-6658-984d-8200-844f5ac6a965, findElement {using=id, value=draggable}]
三月 23, 2014 4:25:47 下午 org.openqa.selenium.remote.RemoteWebDriver log
信息: Executing: findElement [59f5822f-6658-984d-8200-844f5ac6a965, findElement {using=id, value=droppable}]
三月 23, 2014 4:25:47 下午 org.openqa.selenium.remote.RemoteWebDriver log
信息: Executed: [59f5822f-6658-984d-8200-844f5ac6a965, findElement {using=id, value=droppable}]
三月 23, 2014 4:25:47 下午 org.openqa.selenium.remote.RemoteWebDriver log
信息: Executing: mouseMoveTo [59f5822f-6658-984d-8200-844f5ac6a965, mouseMoveTo {element={dfc877f0-73fd-7d45-8182-c3f48fd9ffe6}}]
三月 23, 2014 4:25:47 下午 org.openqa.selenium.remote.RemoteWebDriver log
信息: Executed: [59f5822f-6658-984d-8200-844f5ac6a965, mouseMoveTo {element={dfc877f0-73fd-7d45-8182-c3f48fd9ffe6}}]
三月 23, 2014 4:25:47 下午 org.openqa.selenium.remote.RemoteWebDriver log
信息: Executing: mouseMoveTo [59f5822f-6658-984d-8200-844f5ac6a965, mouseMoveTo {element={dfc877f0-73fd-7d45-8182-c3f48fd9ffe6}}]
三月 23, 2014 4:25:47 下午 org.openqa.selenium.remote.RemoteWebDriver log
信息: Executed: [59f5822f-6658-984d-8200-844f5ac6a965, mouseMoveTo {element={dfc877f0-73fd-7d45-8182-c3f48fd9ffe6}}]
三月 23, 2014 4:25:47 下午 org.openqa.selenium.remote.RemoteWebDriver log
信息: Executing: mouseButtonDown [59f5822f-6658-984d-8200-844f5ac6a965, mouseButtonDown {}]
三月 23, 2014 4:25:47 下午 org.openqa.selenium.remote.RemoteWebDriver log
信息: Executed: [59f5822f-6658-984d-8200-844f5ac6a965, mouseButtonDown {}]
三月 23, 2014 4:25:47 下午 org.openqa.selenium.remote.RemoteWebDriver log
信息: Executing: mouseMoveTo [59f5822f-6658-984d-8200-844f5ac6a965, mouseMoveTo {element={6320e3a4-12a5-e944-a09a-d608c20bbad9}}]
三月 23, 2014 4:25:47 下午 org.openqa.selenium.remote.RemoteWebDriver log
信息: Executed: [59f5822f-6658-984d-8200-844f5ac6a965, mouseMoveTo {element={6320e3a4-12a5-e944-a09a-d608c20bbad9}}]
三月 23, 2014 4:25:47 下午 org.openqa.selenium.remote.RemoteWebDriver log
信息: Executing: mouseMoveTo [59f5822f-6658-984d-8200-844f5ac6a965, mouseMoveTo {element={6320e3a4-12a5-e944-a09a-d608c20bbad9}}]
三月 23, 2014 4:25:47 下午 org.openqa.selenium.remote.RemoteWebDriver log
信息: Executed: [59f5822f-6658-984d-8200-844f5ac6a965, mouseMoveTo {element={6320e3a4-12a5-e944-a09a-d608c20bbad9}}]
三月 23, 2014 4:25:47 下午 org.openqa.selenium.remote.RemoteWebDriver log
信息: Executing: mouseMoveTo [59f5822f-6658-984d-8200-844f5ac6a965, mouseMoveTo {element={6320e3a4-12a5-e944-a09a-d608c20bbad9}}]
三月 23, 2014 4:25:47 下午 org.openqa.selenium.remote.RemoteWebDriver log
信息: Executed: [59f5822f-6658-984d-8200-844f5ac6a965, mouseMoveTo {element={6320e3a4-12a5-e944-a09a-d608c20bbad9}}]
三月 23, 2014 4:25:47 下午 org.openqa.selenium.remote.RemoteWebDriver log
信息: Executing: mouseButtonUp [59f5822f-6658-984d-8200-844f5ac6a965, mouseButtonUp {}]
三月 23, 2014 4:25:48 下午 org.openqa.selenium.remote.RemoteWebDriver log
信息: Executed: [59f5822f-6658-984d-8200-844f5ac6a965, mouseButtonUp {}]
三月 23, 2014 4:25:48 下午 org.openqa.selenium.remote.RemoteWebDriver log
信息: Executing: findChildElement [59f5822f-6658-984d-8200-844f5ac6a965, findChildElement {id={6320e3a4-12a5-e944-a09a-d608c20bbad9}, using=tag name, value=p}]
三月 23, 2014 4:25:48 下午 org.openqa.selenium.remote.RemoteWebDriver log
信息: Executed: [59f5822f-6658-984d-8200-844f5ac6a965, findChildElement {id={6320e3a4-12a5-e944-a09a-d608c20bbad9}, using=tag name, value=p}]
三月 23, 2014 4:25:48 下午 org.openqa.selenium.remote.RemoteWebDriver log
信息: Executing: getElementText [59f5822f-6658-984d-8200-844f5ac6a965, getElementText {id={6c449f7f-9d21-ff43-9d86-e06232200583}}]
三月 23, 2014 4:25:48 下午 org.openqa.selenium.remote.RemoteWebDriver log
信息: Executed: [59f5822f-6658-984d-8200-844f5ac6a965, getElementText {id={6c449f7f-9d21-ff43-9d86-e06232200583}}]
三月 23, 2014 4:25:48 下午 org.openqa.selenium.remote.RemoteWebDriver log
信息: Executing: findElement [59f5822f-6658-984d-8200-844f5ac6a965, findElement {using=id, value=drop_reports}]
三月 23, 2014 4:25:48 下午 org.openqa.selenium.remote.RemoteWebDriver log
信息: Executed: [59f5822f-6658-984d-8200-844f5ac6a965, findElement {using=id, value=drop_reports}]
三月 23, 2014 4:25:48 下午 org.openqa.selenium.remote.RemoteWebDriver log
信息: Executing: getElementText [59f5822f-6658-984d-8200-844f5ac6a965, getElementText {id={4686a189-2de3-6b44-bd2a-d71992a5891f}}]
三月 23, 2014 4:25:48 下午 org.openqa.selenium.remote.RemoteWebDriver log
信息: Executed: [59f5822f-6658-984d-8200-844f5ac6a965, getElementText {id={4686a189-2de3-6b44-bd2a-d71992a5891f}}]
三月 23, 2014 4:25:48 下午 org.openqa.selenium.testing.JUnit4TestBase$1 finished
信息: <<< Finished testDragAndDropOnJQueryItems(org.openqa.selenium.interactions.DragAndDropTest)
三月 23, 2014 4:25:48 下午 org.openqa.selenium.remote.RemoteWebDriver log
信息: Executing: quit [59f5822f-6658-984d-8200-844f5ac6a965, quit {}]
三月 23, 2014 4:25:48 下午 org.openqa.selenium.remote.RemoteWebDriver log
信息: Executed: [59f5822f-6658-984d-8200-844f5ac6a965, quit {}]
三月 23, 2014 4:25:48 下午 org.openqa.selenium.testing.JUnit4TestBase$1 starting
信息: >>> Starting testEnableRotatableCapability(org.openqa.selenium.firefox.FirefoxCapabilitiesTest)
三月 23, 2014 4:25:50 下午 org.openqa.selenium.remote.RemoteWebDriver log
信息: Executing: executeScript [082fb92f-9ac8-c045-8bd1-e51b048d3d7c, executeScript {script=return navigator.userAgent;, args=[]}]
三月 23, 2014 4:25:50 下午 org.openqa.selenium.remote.RemoteWebDriver log
信息: Executed: [082fb92f-9ac8-c045-8bd1-e51b048d3d7c, executeScript {script=return navigator.userAgent;, args=[]}]
三月 23, 2014 4:25:51 下午 org.openqa.selenium.testing.JUnit4TestBase$1 finished
信息: <<< Finished testEnableRotatableCapability(org.openqa.selenium.firefox.FirefoxCapabilitiesTest)
三月 23, 2014 4:25:51 下午 org.openqa.selenium.testing.JUnit4TestBase$1 starting
信息: >>> Starting requiredNativeEventCapabilityShouldHavePriority(org.openqa.selenium.firefox.FirefoxCapabilitiesTest)
三月 23, 2014 4:25:51 下午 org.openqa.selenium.remote.RemoteWebDriver log
信息: Executing: executeScript [082fb92f-9ac8-c045-8bd1-e51b048d3d7c, executeScript {script=return navigator.userAgent;, args=[]}]
三月 23, 2014 4:25:51 下午 org.openqa.selenium.remote.RemoteWebDriver log
信息: Executed: [082fb92f-9ac8-c045-8bd1-e51b048d3d7c, executeScript {script=return navigator.userAgent;, args=[]}]
三月 23, 2014 4:25:51 下午 org.openqa.selenium.testing.JUnit4TestBase$1 finished
信息: <<< Finished requiredNativeEventCapabilityShouldHavePriority(org.openqa.selenium.firefox.FirefoxCapabilitiesTest)
三月 23, 2014 4:25:51 下午 org.openqa.selenium.testing.JUnit4TestBase$1 starting
信息: >>> Starting testDisableJavascriptCapability(org.openqa.selenium.firefox.FirefoxCapabilitiesTest)
三月 23, 2014 4:25:51 下午 org.openqa.selenium.remote.RemoteWebDriver log
信息: Executing: executeScript [082fb92f-9ac8-c045-8bd1-e51b048d3d7c, executeScript {script=return navigator.userAgent;, args=[]}]
三月 23, 2014 4:25:51 下午 org.openqa.selenium.remote.RemoteWebDriver log
信息: Executed: [082fb92f-9ac8-c045-8bd1-e51b048d3d7c, executeScript {script=return navigator.userAgent;, args=[]}]
三月 23, 2014 4:25:53 下午 org.openqa.selenium.testing.JUnit4TestBase$1 finished
信息: <<< Finished testDisableJavascriptCapability(org.openqa.selenium.firefox.FirefoxCapabilitiesTest)
三月 23, 2014 4:25:53 下午 org.openqa.selenium.testing.JUnit4TestBase$1 starting
信息: >>> Starting testDisableHandlesAlertsCapability(org.openqa.selenium.firefox.FirefoxCapabilitiesTest)
三月 23, 2014 4:25:53 下午 org.openqa.selenium.remote.RemoteWebDriver log
信息: Executing: executeScript [082fb92f-9ac8-c045-8bd1-e51b048d3d7c, executeScript {script=return navigator.userAgent;, args=[]}]
三月 23, 2014 4:25:53 下午 org.openqa.selenium.remote.RemoteWebDriver log
信息: Executed: [082fb92f-9ac8-c045-8bd1-e51b048d3d7c, executeScript {script=return navigator.userAgent;, args=[]}]
三月 23, 2014 4:25:55 下午 org.openqa.selenium.testing.JUnit4TestBase$1 finished
信息: <<< Finished testDisableHandlesAlertsCapability(org.openqa.selenium.firefox.FirefoxCapabilitiesTest)
三月 23, 2014 4:25:55 下午 org.openqa.selenium.testing.JUnit4TestBase$1 starting
信息: >>> Starting enableNativeEventCapability(org.openqa.selenium.firefox.FirefoxCapabilitiesTest)
三月 23, 2014 4:25:55 下午 org.openqa.selenium.remote.RemoteWebDriver log
信息: Executing: executeScript [082fb92f-9ac8-c045-8bd1-e51b048d3d7c, executeScript {script=return navigator.userAgent;, args=[]}]
三月 23, 2014 4:25:55 下午 org.openqa.selenium.remote.RemoteWebDriver log
信息: Executed: [082fb92f-9ac8-c045-8bd1-e51b048d3d7c, executeScript {script=return navigator.userAgent;, args=[]}]
三月 23, 2014 4:25:55 下午 org.openqa.selenium.testing.JUnit4TestBase$1 finished
信息: <<< Finished enableNativeEventCapability(org.openqa.selenium.firefox.FirefoxCapabilitiesTest)
三月 23, 2014 4:25:55 下午 org.openqa.selenium.testing.JUnit4TestBase$1 starting
信息: >>> Starting disableNativeEventCapability(org.openqa.selenium.firefox.FirefoxCapabilitiesTest)
三月 23, 2014 4:25:55 下午 org.openqa.selenium.remote.RemoteWebDriver log
信息: Executing: executeScript [082fb92f-9ac8-c045-8bd1-e51b048d3d7c, executeScript {script=return navigator.userAgent;, args=[]}]
三月 23, 2014 4:25:55 下午 org.openqa.selenium.remote.RemoteWebDriver log
信息: Executed: [082fb92f-9ac8-c045-8bd1-e51b048d3d7c, executeScript {script=return navigator.userAgent;, args=[]}]
三月 23, 2014 4:25:55 下午 org.openqa.selenium.testing.JUnit4TestBase$1 finished
信息: <<< Finished disableNativeEventCapability(org.openqa.selenium.firefox.FirefoxCapabilitiesTest)
三月 23, 2014 4:25:55 下午 org.openqa.selenium.testing.JUnit4TestBase$1 starting
信息: >>> Starting testDisableScreenshotCapability(org.openqa.selenium.firefox.FirefoxCapabilitiesTest)
三月 23, 2014 4:25:55 下午 org.openqa.selenium.remote.RemoteWebDriver log
信息: Executing: executeScript [082fb92f-9ac8-c045-8bd1-e51b048d3d7c, executeScript {script=return navigator.userAgent;, args=[]}]
三月 23, 2014 4:25:55 下午 org.openqa.selenium.remote.RemoteWebDriver log
信息: Executed: [082fb92f-9ac8-c045-8bd1-e51b048d3d7c, executeScript {script=return navigator.userAgent;, args=[]}]
三月 23, 2014 4:25:57 下午 org.openqa.selenium.testing.JUnit4TestBase$1 finished
信息: <<< Finished testDisableScreenshotCapability(org.openqa.selenium.firefox.FirefoxCapabilitiesTest)
三月 23, 2014 4:25:57 下午 org.openqa.selenium.testing.JUnit4TestBase$1 starting
信息: >>> Starting testDisableCssSelectorCapability(org.openqa.selenium.firefox.FirefoxCapabilitiesTest)
三月 23, 2014 4:25:57 下午 org.openqa.selenium.remote.RemoteWebDriver log
信息: Executing: executeScript [082fb92f-9ac8-c045-8bd1-e51b048d3d7c, executeScript {script=return navigator.userAgent;, args=[]}]
三月 23, 2014 4:25:57 下午 org.openqa.selenium.remote.RemoteWebDriver log
信息: Executed: [082fb92f-9ac8-c045-8bd1-e51b048d3d7c, executeScript {script=return navigator.userAgent;, args=[]}]
三月 23, 2014 4:25:59 下午 org.openqa.selenium.testing.JUnit4TestBase$1 finished
信息: <<< Finished testDisableCssSelectorCapability(org.openqa.selenium.firefox.FirefoxCapabilitiesTest)
三月 23, 2014 4:25:59 下午 org.openqa.selenium.testing.JUnit4TestBase$1 starting
信息: >>> Starting canStartFirefoxDriverWithSubclassOfFirefoxProfile(org.openqa.selenium.firefox.FirefoxDriverTest)
三月 23, 2014 4:26:02 下午 org.openqa.selenium.testing.JUnit4TestBase$1 finished
信息: <<< Finished canStartFirefoxDriverWithSubclassOfFirefoxProfile(org.openqa.selenium.firefox.FirefoxDriverTest)
三月 23, 2014 4:26:02 下午 org.openqa.selenium.testing.JUnit4TestBase$1 starting
信息: >>> Starting shouldGetMeaningfulExceptionOnBrowserDeath(org.openqa.selenium.firefox.FirefoxDriverTest)
三月 23, 2014 4:26:05 下午 org.openqa.selenium.testing.JUnit4TestBase$1 finished
信息: <<< Finished shouldGetMeaningfulExceptionOnBrowserDeath(org.openqa.selenium.firefox.FirefoxDriverTest)
三月 23, 2014 4:26:05 下午 org.openqa.selenium.testing.JUnit4TestBase$1 starting
信息: >>> Starting constructorArgsAreNullable(org.openqa.selenium.firefox.FirefoxDriverTest)
三月 23, 2014 4:26:07 下午 org.openqa.selenium.testing.JUnit4TestBase$1 finished
信息: <<< Finished constructorArgsAreNullable(org.openqa.selenium.firefox.FirefoxDriverTest)
三月 23, 2014 4:26:07 下午 org.openqa.selenium.testing.JUnit4TestBase$1 starting
信息: >>> Starting shouldBeAbleToStartANewInstanceEvenWithVerboseLogging(org.openqa.selenium.firefox.FirefoxDriverTest)
三月 23, 2014 4:26:09 下午 org.openqa.selenium.testing.JUnit4TestBase$1 finished
信息: <<< Finished shouldBeAbleToStartANewInstanceEvenWithVerboseLogging(org.openqa.selenium.firefox.FirefoxDriverTest)
三月 23, 2014 4:26:09 下午 org.openqa.selenium.testing.JUnit4TestBase$1 starting
信息: >>> Starting canBlockInvalidSslCertificates(org.openqa.selenium.firefox.FirefoxDriverTest)
三月 23, 2014 4:26:11 下午 org.openqa.selenium.testing.JUnit4TestBase$1 finished
信息: <<< Finished canBlockInvalidSslCertificates(org.openqa.selenium.firefox.FirefoxDriverTest)
三月 23, 2014 4:26:11 下午 org.openqa.selenium.testing.JUnit4TestBase$1 starting
信息: >>> Starting canAccessUrlProtectedByBasicAuth(org.openqa.selenium.firefox.FirefoxDriverTest)
三月 23, 2014 4:26:11 下午 org.openqa.selenium.remote.RemoteWebDriver log
信息: Executing: get [082fb92f-9ac8-c045-8bd1-e51b048d3d7c, get {url=http://test:test@localhost:6461/common/basicAuth}]
三月 23, 2014 4:26:11 下午 org.openqa.selenium.remote.RemoteWebDriver log
信息: Executed: [082fb92f-9ac8-c045-8bd1-e51b048d3d7c, get {url=http://test:test@localhost:6461/common/basicAuth}]
三月 23, 2014 4:26:11 下午 org.openqa.selenium.remote.RemoteWebDriver log
信息: Executing: findElement [082fb92f-9ac8-c045-8bd1-e51b048d3d7c, findElement {using=tag name, value=h1}]
三月 23, 2014 4:26:11 下午 org.openqa.selenium.remote.RemoteWebDriver log
信息: Executed: [082fb92f-9ac8-c045-8bd1-e51b048d3d7c, findElement {using=tag name, value=h1}]
三月 23, 2014 4:26:11 下午 org.openqa.selenium.remote.RemoteWebDriver log
信息: Executing: getElementText [082fb92f-9ac8-c045-8bd1-e51b048d3d7c, getElementText {id={f7deb51a-2ad3-194a-8c7e-fa86527ea0ae}}]
三月 23, 2014 4:26:11 下午 org.openqa.selenium.remote.RemoteWebDriver log
信息: Executed: [082fb92f-9ac8-c045-8bd1-e51b048d3d7c, getElementText {id={f7deb51a-2ad3-194a-8c7e-fa86527ea0ae}}]
三月 23, 2014 4:26:11 下午 org.openqa.selenium.testing.JUnit4TestBase$1 finished
信息: <<< Finished canAccessUrlProtectedByBasicAuth(org.openqa.selenium.firefox.FirefoxDriverTest)
三月 23, 2014 4:26:11 下午 org.openqa.selenium.testing.JUnit4TestBase$1 starting
信息: >>> Starting searchingByCssDoesNotPolluteGlobalNamespaceWithSizzleLibrary(org.openqa.selenium.firefox.FirefoxDriverTest)
三月 23, 2014 4:26:11 下午 org.openqa.selenium.remote.RemoteWebDriver log
信息: Executing: get [082fb92f-9ac8-c045-8bd1-e51b048d3d7c, get {url=http://localhost:6461/common/xhtmlTest.html}]
三月 23, 2014 4:26:11 下午 org.openqa.selenium.remote.RemoteWebDriver log
信息: Executed: [082fb92f-9ac8-c045-8bd1-e51b048d3d7c, get {url=http://localhost:6461/common/xhtmlTest.html}]
三月 23, 2014 4:26:11 下午 org.openqa.selenium.remote.RemoteWebDriver log
信息: Executing: findElement [082fb92f-9ac8-c045-8bd1-e51b048d3d7c, findElement {using=css selector, value=div.content}]
三月 23, 2014 4:26:11 下午 org.openqa.selenium.remote.RemoteWebDriver log
信息: Executed: [082fb92f-9ac8-c045-8bd1-e51b048d3d7c, findElement {using=css selector, value=div.content}]
三月 23, 2014 4:26:11 下午 org.openqa.selenium.remote.RemoteWebDriver log
信息: Executing: executeScript [082fb92f-9ac8-c045-8bd1-e51b048d3d7c, executeScript {script=return typeof Sizzle == 'undefined';, args=[]}]
三月 23, 2014 4:26:11 下午 org.openqa.selenium.remote.RemoteWebDriver log
信息: Executed: [082fb92f-9ac8-c045-8bd1-e51b048d3d7c, executeScript {script=return typeof Sizzle == 'undefined';, args=[]}]
三月 23, 2014 4:26:11 下午 org.openqa.selenium.testing.JUnit4TestBase$1 finished
信息: <<< Finished searchingByCssDoesNotPolluteGlobalNamespaceWithSizzleLibrary(org.openqa.selenium.firefox.FirefoxDriverTest)
三月 23, 2014 4:26:11 下午 org.openqa.selenium.remote.RemoteWebDriver log
信息: Executing: quit [082fb92f-9ac8-c045-8bd1-e51b048d3d7c, quit {}]
三月 23, 2014 4:26:11 下午 org.openqa.selenium.remote.RemoteWebDriver log
信息: Executed: [082fb92f-9ac8-c045-8bd1-e51b048d3d7c, quit {}]
三月 23, 2014 4:26:13 下午 org.openqa.selenium.testing.JUnit4TestBase$1 starting
信息: >>> Starting closingWindowAndSwitchingToOriginalSwitchesFocus(org.openqa.selenium.firefox.FirefoxDriverTest)
三月 23, 2014 4:26:13 下午 org.openqa.selenium.testing.JUnit4TestBase$1 finished
信息: <<< Finished closingWindowAndSwitchingToOriginalSwitchesFocus(org.openqa.selenium.firefox.FirefoxDriverTest)
三月 23, 2014 4:26:13 下午 org.openqa.selenium.remote.RemoteWebDriver log
信息: Executing: quit [6a44898c-4fdf-c145-9ea3-7a0366000741, quit {}]
三月 23, 2014 4:26:13 下午 org.openqa.selenium.remote.RemoteWebDriver log
信息: Executed: [6a44898c-4fdf-c145-9ea3-7a0366000741, quit {}]
三月 23, 2014 4:26:14 下午 org.openqa.selenium.testing.JUnit4TestBase$1 starting
信息: >>> Starting switchingWindowSwitchesFocus(org.openqa.selenium.firefox.FirefoxDriverTest)
三月 23, 2014 4:26:14 下午 org.openqa.selenium.testing.JUnit4TestBase$1 finished
信息: <<< Finished switchingWindowSwitchesFocus(org.openqa.selenium.firefox.FirefoxDriverTest)
三月 23, 2014 4:26:14 下午 org.openqa.selenium.remote.RemoteWebDriver log
信息: Executing: quit [edb3ca00-24fc-6347-9c97-b14e558d7ee6, quit {}]
三月 23, 2014 4:26:14 下午 org.openqa.selenium.remote.RemoteWebDriver log
信息: Executed: [edb3ca00-24fc-6347-9c97-b14e558d7ee6, quit {}]
三月 23, 2014 4:26:15 下午 org.openqa.selenium.testing.JUnit4TestBase$1 starting
信息: >>> Starting shouldBeAbleToStartMoreThanOneInstanceOfTheFirefoxDriverSimultaneously(org.openqa.selenium.firefox.FirefoxDriverTest)
三月 23, 2014 4:26:18 下午 org.openqa.selenium.remote.RemoteWebDriver log
信息: Executing: get [ba4c36ce-3a31-cb42-ac65-c9aa9de2e96c, get {url=http://localhost:6461/common/xhtmlTest.html}]
三月 23, 2014 4:26:18 下午 org.openqa.selenium.remote.RemoteWebDriver log
信息: Executed: [ba4c36ce-3a31-cb42-ac65-c9aa9de2e96c, get {url=http://localhost:6461/common/xhtmlTest.html}]
三月 23, 2014 4:26:18 下午 org.openqa.selenium.remote.RemoteWebDriver log
信息: Executing: getTitle [ba4c36ce-3a31-cb42-ac65-c9aa9de2e96c, getTitle {}]
三月 23, 2014 4:26:18 下午 org.openqa.selenium.remote.RemoteWebDriver log
信息: Executed: [ba4c36ce-3a31-cb42-ac65-c9aa9de2e96c, getTitle {}]
三月 23, 2014 4:26:18 下午 org.openqa.selenium.testing.JUnit4TestBase$1 finished
信息: <<< Finished shouldBeAbleToStartMoreThanOneInstanceOfTheFirefoxDriverSimultaneously(org.openqa.selenium.firefox.FirefoxDriverTest)
三月 23, 2014 4:26:18 下午 org.openqa.selenium.testing.JUnit4TestBase$1 starting
信息: >>> Starting searchingByCssDoesNotOverwriteExistingSizzleDefinition(org.openqa.selenium.firefox.FirefoxDriverTest)
三月 23, 2014 4:26:18 下午 org.openqa.selenium.remote.RemoteWebDriver log
信息: Executing: get [ba4c36ce-3a31-cb42-ac65-c9aa9de2e96c, get {url=http://localhost:6461/common/xhtmlTest.html}]
三月 23, 2014 4:26:18 下午 org.openqa.selenium.remote.RemoteWebDriver log
信息: Executed: [ba4c36ce-3a31-cb42-ac65-c9aa9de2e96c, get {url=http://localhost:6461/common/xhtmlTest.html}]
三月 23, 2014 4:26:18 下午 org.openqa.selenium.remote.RemoteWebDriver log
信息: Executing: executeScript [ba4c36ce-3a31-cb42-ac65-c9aa9de2e96c, executeScript {script=window.Sizzle = 'original sizzle value';, args=[]}]
三月 23, 2014 4:26:18 下午 org.openqa.selenium.remote.RemoteWebDriver log
信息: Executed: [ba4c36ce-3a31-cb42-ac65-c9aa9de2e96c, executeScript {script=window.Sizzle = 'original sizzle value';, args=[]}]
三月 23, 2014 4:26:18 下午 org.openqa.selenium.remote.RemoteWebDriver log
信息: Executing: findElement [ba4c36ce-3a31-cb42-ac65-c9aa9de2e96c, findElement {using=css selector, value=div.content}]
三月 23, 2014 4:26:18 下午 org.openqa.selenium.remote.RemoteWebDriver log
信息: Executed: [ba4c36ce-3a31-cb42-ac65-c9aa9de2e96c, findElement {using=css selector, value=div.content}]
三月 23, 2014 4:26:18 下午 org.openqa.selenium.remote.RemoteWebDriver log
信息: Executing: executeScript [ba4c36ce-3a31-cb42-ac65-c9aa9de2e96c, executeScript {script=return window.Sizzle + '';, args=[]}]
三月 23, 2014 4:26:18 下午 org.openqa.selenium.remote.RemoteWebDriver log
信息: Executed: [ba4c36ce-3a31-cb42-ac65-c9aa9de2e96c, executeScript {script=return window.Sizzle + '';, args=[]}]
三月 23, 2014 4:26:18 下午 org.openqa.selenium.testing.JUnit4TestBase$1 finished
信息: <<< Finished searchingByCssDoesNotOverwriteExistingSizzleDefinition(org.openqa.selenium.firefox.FirefoxDriverTest)
三月 23, 2014 4:26:18 下午 org.openqa.selenium.testing.JUnit4TestBase$1 starting
信息: >>> Starting multipleFirefoxDriversRunningConcurrently(org.openqa.selenium.firefox.FirefoxDriverTest)
三月 23, 2014 4:26:27 下午 org.openqa.selenium.remote.RemoteWebDriver log
信息: Executing: get [ba4c36ce-3a31-cb42-ac65-c9aa9de2e96c, get {url=http://localhost:6461/common/formPage.html}]
三月 23, 2014 4:26:27 下午 org.openqa.selenium.remote.RemoteWebDriver log
信息: Executed: [ba4c36ce-3a31-cb42-ac65-c9aa9de2e96c, get {url=http://localhost:6461/common/formPage.html}]
三月 23, 2014 4:26:27 下午 org.openqa.selenium.remote.RemoteWebDriver log
信息: Executing: findElement [ba4c36ce-3a31-cb42-ac65-c9aa9de2e96c, findElement {using=id, value=working}]
三月 23, 2014 4:26:27 下午 org.openqa.selenium.remote.RemoteWebDriver log
信息: Executed: [ba4c36ce-3a31-cb42-ac65-c9aa9de2e96c, findElement {using=id, value=working}]
三月 23, 2014 4:26:27 下午 org.openqa.selenium.remote.RemoteWebDriver log
信息: Executing: clearElement [ba4c36ce-3a31-cb42-ac65-c9aa9de2e96c, clearElement {id={e31583a7-046b-0748-af10-ffa10db459c2}}]
三月 23, 2014 4:26:27 下午 org.openqa.selenium.remote.RemoteWebDriver log
信息: Executed: [ba4c36ce-3a31-cb42-ac65-c9aa9de2e96c, clearElement {id={e31583a7-046b-0748-af10-ffa10db459c2}}]
三月 23, 2014 4:26:27 下午 org.openqa.selenium.remote.RemoteWebDriver log
信息: Executing: sendKeysToElement [ba4c36ce-3a31-cb42-ac65-c9aa9de2e96c, sendKeysToElement {id={e31583a7-046b-0748-af10-ffa10db459c2}, value=[Ljava.lang.CharSequence;@11981240}]
三月 23, 2014 4:26:28 下午 org.openqa.selenium.remote.RemoteWebDriver log
信息: Executed: [ba4c36ce-3a31-cb42-ac65-c9aa9de2e96c, sendKeysToElement {id={e31583a7-046b-0748-af10-ffa10db459c2}, value=[Ljava.lang.CharSequence;@11981240}]
三月 23, 2014 4:26:28 下午 org.openqa.selenium.remote.RemoteWebDriver log
信息: Executing: getElementAttribute [ba4c36ce-3a31-cb42-ac65-c9aa9de2e96c, getElementAttribute {id={e31583a7-046b-0748-af10-ffa10db459c2}, name=value}]
三月 23, 2014 4:26:28 下午 org.openqa.selenium.remote.RemoteWebDriver log
信息: Executed: [ba4c36ce-3a31-cb42-ac65-c9aa9de2e96c, getElementAttribute {id={e31583a7-046b-0748-af10-ffa10db459c2}, name=value}]
三月 23, 2014 4:26:28 下午 org.openqa.selenium.remote.RemoteWebDriver log
信息: Executing: clearElement [ba4c36ce-3a31-cb42-ac65-c9aa9de2e96c, clearElement {id={e31583a7-046b-0748-af10-ffa10db459c2}}]
三月 23, 2014 4:26:28 下午 org.openqa.selenium.remote.RemoteWebDriver log
信息: Executed: [ba4c36ce-3a31-cb42-ac65-c9aa9de2e96c, clearElement {id={e31583a7-046b-0748-af10-ffa10db459c2}}]
三月 23, 2014 4:26:28 下午 org.openqa.selenium.remote.RemoteWebDriver log
信息: Executing: sendKeysToElement [ba4c36ce-3a31-cb42-ac65-c9aa9de2e96c, sendKeysToElement {id={e31583a7-046b-0748-af10-ffa10db459c2}, value=[Ljava.lang.CharSequence;@518b3cb7}]
三月 23, 2014 4:26:28 下午 org.openqa.selenium.remote.RemoteWebDriver log
信息: Executed: [ba4c36ce-3a31-cb42-ac65-c9aa9de2e96c, sendKeysToElement {id={e31583a7-046b-0748-af10-ffa10db459c2}, value=[Ljava.lang.CharSequence;@518b3cb7}]
三月 23, 2014 4:26:28 下午 org.openqa.selenium.remote.RemoteWebDriver log
信息: Executing: getElementAttribute [ba4c36ce-3a31-cb42-ac65-c9aa9de2e96c, getElementAttribute {id={e31583a7-046b-0748-af10-ffa10db459c2}, name=value}]
三月 23, 2014 4:26:28 下午 org.openqa.selenium.remote.RemoteWebDriver log
信息: Executed: [ba4c36ce-3a31-cb42-ac65-c9aa9de2e96c, getElementAttribute {id={e31583a7-046b-0748-af10-ffa10db459c2}, name=value}]
三月 23, 2014 4:26:28 下午 org.openqa.selenium.remote.RemoteWebDriver log
信息: Executing: clearElement [ba4c36ce-3a31-cb42-ac65-c9aa9de2e96c, clearElement {id={e31583a7-046b-0748-af10-ffa10db459c2}}]
三月 23, 2014 4:26:28 下午 org.openqa.selenium.remote.RemoteWebDriver log
信息: Executed: [ba4c36ce-3a31-cb42-ac65-c9aa9de2e96c, clearElement {id={e31583a7-046b-0748-af10-ffa10db459c2}}]
三月 23, 2014 4:26:28 下午 org.openqa.selenium.remote.RemoteWebDriver log
信息: Executing: sendKeysToElement [ba4c36ce-3a31-cb42-ac65-c9aa9de2e96c, sendKeysToElement {id={e31583a7-046b-0748-af10-ffa10db459c2}, value=[Ljava.lang.CharSequence;@60f57405}]
三月 23, 2014 4:26:28 下午 org.openqa.selenium.remote.RemoteWebDriver log
信息: Executed: [ba4c36ce-3a31-cb42-ac65-c9aa9de2e96c, sendKeysToElement {id={e31583a7-046b-0748-af10-ffa10db459c2}, value=[Ljava.lang.CharSequence;@60f57405}]
三月 23, 2014 4:26:28 下午 org.openqa.selenium.remote.RemoteWebDriver log
信息: Executing: getElementAttribute [ba4c36ce-3a31-cb42-ac65-c9aa9de2e96c, getElementAttribute {id={e31583a7-046b-0748-af10-ffa10db459c2}, name=value}]
三月 23, 2014 4:26:28 下午 org.openqa.selenium.remote.RemoteWebDriver log
信息: Executed: [ba4c36ce-3a31-cb42-ac65-c9aa9de2e96c, getElementAttribute {id={e31583a7-046b-0748-af10-ffa10db459c2}, name=value}]
三月 23, 2014 4:26:28 下午 org.openqa.selenium.remote.RemoteWebDriver log
信息: Executing: clearElement [ba4c36ce-3a31-cb42-ac65-c9aa9de2e96c, clearElement {id={e31583a7-046b-0748-af10-ffa10db459c2}}]
三月 23, 2014 4:26:28 下午 org.openqa.selenium.remote.RemoteWebDriver log
信息: Executed: [ba4c36ce-3a31-cb42-ac65-c9aa9de2e96c, clearElement {id={e31583a7-046b-0748-af10-ffa10db459c2}}]
三月 23, 2014 4:26:28 下午 org.openqa.selenium.remote.RemoteWebDriver log
信息: Executing: sendKeysToElement [ba4c36ce-3a31-cb42-ac65-c9aa9de2e96c, sendKeysToElement {id={e31583a7-046b-0748-af10-ffa10db459c2}, value=[Ljava.lang.CharSequence;@9ef33d}]
三月 23, 2014 4:26:29 下午 org.openqa.selenium.remote.RemoteWebDriver log
信息: Executed: [ba4c36ce-3a31-cb42-ac65-c9aa9de2e96c, sendKeysToElement {id={e31583a7-046b-0748-af10-ffa10db459c2}, value=[Ljava.lang.CharSequence;@9ef33d}]
三月 23, 2014 4:26:29 下午 org.openqa.selenium.remote.RemoteWebDriver log
信息: Executing: getElementAttribute [ba4c36ce-3a31-cb42-ac65-c9aa9de2e96c, getElementAttribute {id={e31583a7-046b-0748-af10-ffa10db459c2}, name=value}]
三月 23, 2014 4:26:29 下午 org.openqa.selenium.remote.RemoteWebDriver log
信息: Executed: [ba4c36ce-3a31-cb42-ac65-c9aa9de2e96c, getElementAttribute {id={e31583a7-046b-0748-af10-ffa10db459c2}, name=value}]
三月 23, 2014 4:26:29 下午 org.openqa.selenium.remote.RemoteWebDriver log
信息: Executing: clearElement [ba4c36ce-3a31-cb42-ac65-c9aa9de2e96c, clearElement {id={e31583a7-046b-0748-af10-ffa10db459c2}}]
三月 23, 2014 4:26:29 下午 org.openqa.selenium.remote.RemoteWebDriver log
信息: Executed: [ba4c36ce-3a31-cb42-ac65-c9aa9de2e96c, clearElement {id={e31583a7-046b-0748-af10-ffa10db459c2}}]
三月 23, 2014 4:26:29 下午 org.openqa.selenium.remote.RemoteWebDriver log
信息: Executing: sendKeysToElement [ba4c36ce-3a31-cb42-ac65-c9aa9de2e96c, sendKeysToElement {id={e31583a7-046b-0748-af10-ffa10db459c2}, value=[Ljava.lang.CharSequence;@1a39c392}]
三月 23, 2014 4:26:29 下午 org.openqa.selenium.remote.RemoteWebDriver log
信息: Executed: [ba4c36ce-3a31-cb42-ac65-c9aa9de2e96c, sendKeysToElement {id={e31583a7-046b-0748-af10-ffa10db459c2}, value=[Ljava.lang.CharSequence;@1a39c392}]
三月 23, 2014 4:26:29 下午 org.openqa.selenium.remote.RemoteWebDriver log
信息: Executing: getElementAttribute [ba4c36ce-3a31-cb42-ac65-c9aa9de2e96c, getElementAttribute {id={e31583a7-046b-0748-af10-ffa10db459c2}, name=value}]
三月 23, 2014 4:26:29 下午 org.openqa.selenium.remote.RemoteWebDriver log
信息: Executed: [ba4c36ce-3a31-cb42-ac65-c9aa9de2e96c, getElementAttribute {id={e31583a7-046b-0748-af10-ffa10db459c2}, name=value}]
三月 23, 2014 4:26:29 下午 org.openqa.selenium.testing.JUnit4TestBase$1 finished
信息: <<< Finished multipleFirefoxDriversRunningConcurrently(org.openqa.selenium.firefox.FirefoxDriverTest)
三月 23, 2014 4:26:29 下午 org.openqa.selenium.testing.JUnit4TestBase$1 starting
信息: >>> Starting shouldContinueToWorkIfUnableToFindElementById(org.openqa.selenium.firefox.FirefoxDriverTest)
三月 23, 2014 4:26:29 下午 org.openqa.selenium.remote.RemoteWebDriver log
信息: Executing: get [ba4c36ce-3a31-cb42-ac65-c9aa9de2e96c, get {url=http://localhost:6461/common/formPage.html}]
三月 23, 2014 4:26:29 下午 org.openqa.selenium.remote.RemoteWebDriver log
信息: Executed: [ba4c36ce-3a31-cb42-ac65-c9aa9de2e96c, get {url=http://localhost:6461/common/formPage.html}]
三月 23, 2014 4:26:29 下午 org.openqa.selenium.remote.RemoteWebDriver log
信息: Executing: findElement [ba4c36ce-3a31-cb42-ac65-c9aa9de2e96c, findElement {using=id, value=notThere}]
三月 23, 2014 4:26:29 下午 org.openqa.selenium.remote.RemoteWebDriver log
信息: Executed: [ba4c36ce-3a31-cb42-ac65-c9aa9de2e96c, findElement {using=id, value=notThere}]
三月 23, 2014 4:26:29 下午 org.openqa.selenium.remote.RemoteWebDriver log
信息: Executing: get [ba4c36ce-3a31-cb42-ac65-c9aa9de2e96c, get {url=http://localhost:6461/common/xhtmlTest.html}]
三月 23, 2014 4:26:29 下午 org.openqa.selenium.remote.RemoteWebDriver log
信息: Executed: [ba4c36ce-3a31-cb42-ac65-c9aa9de2e96c, get {url=http://localhost:6461/common/xhtmlTest.html}]
三月 23, 2014 4:26:29 下午 org.openqa.selenium.testing.JUnit4TestBase$1 finished
信息: <<< Finished shouldContinueToWorkIfUnableToFindElementById(org.openqa.selenium.firefox.FirefoxDriverTest)
三月 23, 2014 4:26:29 下午 org.openqa.selenium.testing.JUnit4TestBase$1 starting
信息: >>> Starting aNewProfileShouldAllowSettingAdditionalParameters(org.openqa.selenium.firefox.FirefoxDriverTest)
三月 23, 2014 4:26:31 下午 org.openqa.selenium.testing.JUnit4TestBase$1 finished
信息: <<< Finished aNewProfileShouldAllowSettingAdditionalParameters(org.openqa.selenium.firefox.FirefoxDriverTest)
三月 23, 2014 4:26:31 下午 org.openqa.selenium.remote.RemoteWebDriver log
信息: Executing: quit [ba4c36ce-3a31-cb42-ac65-c9aa9de2e96c, quit {}]
三月 23, 2014 4:26:31 下午 org.openqa.selenium.remote.RemoteWebDriver log
信息: Executed: [ba4c36ce-3a31-cb42-ac65-c9aa9de2e96c, quit {}]
三月 23, 2014 4:26:33 下午 org.openqa.selenium.testing.JUnit4TestBase$1 starting
信息: >>> Starting shouldWaitUntilBrowserHasClosedProperly(org.openqa.selenium.firefox.FirefoxDriverTest)
三月 23, 2014 4:26:33 下午 org.openqa.selenium.remote.RemoteWebDriver log
信息: Executing: get [1c97e4bb-76e0-a544-99c7-642e9048fef0, get {url=http://localhost:6461/common/simpleTest.html}]
三月 23, 2014 4:26:33 下午 org.openqa.selenium.remote.RemoteWebDriver log
信息: Executed: [1c97e4bb-76e0-a544-99c7-642e9048fef0, get {url=http://localhost:6461/common/simpleTest.html}]
三月 23, 2014 4:26:33 下午 org.openqa.selenium.remote.RemoteWebDriver log
信息: Executing: quit [1c97e4bb-76e0-a544-99c7-642e9048fef0, quit {}]
三月 23, 2014 4:26:33 下午 org.openqa.selenium.remote.RemoteWebDriver log
信息: Executed: [1c97e4bb-76e0-a544-99c7-642e9048fef0, quit {}]
三月 23, 2014 4:26:33 下午 org.openqa.selenium.remote.RemoteWebDriver log
信息: Executing: quit [null, quit {}]
三月 23, 2014 4:26:33 下午 org.openqa.selenium.remote.RemoteWebDriver log
信息: Executed: [null, quit {}]
三月 23, 2014 4:26:35 下午 org.openqa.selenium.remote.RemoteWebDriver log
信息: Executing: get [fed01948-58d5-4f4d-9ded-6ef47abed4fe, get {url=http://localhost:6461/common/formPage.html}]
三月 23, 2014 4:26:35 下午 org.openqa.selenium.remote.RemoteWebDriver log
信息: Executed: [fed01948-58d5-4f4d-9ded-6ef47abed4fe, get {url=http://localhost:6461/common/formPage.html}]
三月 23, 2014 4:26:35 下午 org.openqa.selenium.remote.RemoteWebDriver log
信息: Executing: findElement [fed01948-58d5-4f4d-9ded-6ef47abed4fe, findElement {using=id, value=withText}]
三月 23, 2014 4:26:35 下午 org.openqa.selenium.remote.RemoteWebDriver log
信息: Executed: [fed01948-58d5-4f4d-9ded-6ef47abed4fe, findElement {using=id, value=withText}]
三月 23, 2014 4:26:35 下午 org.openqa.selenium.remote.RemoteWebDriver log
信息: Executing: getElementAttribute [fed01948-58d5-4f4d-9ded-6ef47abed4fe, getElementAttribute {id={00010043-aac4-0647-bb6e-b8dd8e5d42e6}, name=value}]
三月 23, 2014 4:26:35 下午 org.openqa.selenium.remote.RemoteWebDriver log
信息: Executed: [fed01948-58d5-4f4d-9ded-6ef47abed4fe, getElementAttribute {id={00010043-aac4-0647-bb6e-b8dd8e5d42e6}, name=value}]
三月 23, 2014 4:26:35 下午 org.openqa.selenium.remote.RemoteWebDriver log
信息: Executing: sendKeysToElement [fed01948-58d5-4f4d-9ded-6ef47abed4fe, sendKeysToElement {id={00010043-aac4-0647-bb6e-b8dd8e5d42e6}, value=[Ljava.lang.CharSequence;@5ed525f}]
三月 23, 2014 4:26:35 下午 org.openqa.selenium.remote.RemoteWebDriver log
信息: Executed: [fed01948-58d5-4f4d-9ded-6ef47abed4fe, sendKeysToElement {id={00010043-aac4-0647-bb6e-b8dd8e5d42e6}, value=[Ljava.lang.CharSequence;@5ed525f}]
三月 23, 2014 4:26:35 下午 org.openqa.selenium.remote.RemoteWebDriver log
信息: Executing: getElementAttribute [fed01948-58d5-4f4d-9ded-6ef47abed4fe, getElementAttribute {id={00010043-aac4-0647-bb6e-b8dd8e5d42e6}, name=value}]
三月 23, 2014 4:26:35 下午 org.openqa.selenium.remote.RemoteWebDriver log
信息: Executed: [fed01948-58d5-4f4d-9ded-6ef47abed4fe, getElementAttribute {id={00010043-aac4-0647-bb6e-b8dd8e5d42e6}, name=value}]
三月 23, 2014 4:26:35 下午 org.openqa.selenium.remote.RemoteWebDriver log
信息: Executing: quit [fed01948-58d5-4f4d-9ded-6ef47abed4fe, quit {}]
三月 23, 2014 4:26:35 下午 org.openqa.selenium.remote.RemoteWebDriver log
信息: Executed: [fed01948-58d5-4f4d-9ded-6ef47abed4fe, quit {}]
三月 23, 2014 4:26:35 下午 org.openqa.selenium.testing.JUnit4TestBase$1 finished
信息: <<< Finished shouldWaitUntilBrowserHasClosedProperly(org.openqa.selenium.firefox.FirefoxDriverTest)
三月 23, 2014 4:26:35 下午 org.openqa.selenium.testing.JUnit4TestBase$1 starting
信息: >>> Starting shouldBeAbleToPassCommandLineOptions(org.openqa.selenium.firefox.FirefoxDriverTest)
三月 23, 2014 4:26:39 下午 org.openqa.selenium.testing.JUnit4TestBase$1 finished
信息: <<< Finished shouldBeAbleToPassCommandLineOptions(org.openqa.selenium.firefox.FirefoxDriverTest)
三月 23, 2014 4:26:39 下午 org.openqa.selenium.remote.RemoteWebDriver log
信息: Executing: quit [da7d9c7c-d324-3747-a65d-2b7f52d3de5e, quit {}]
三月 23, 2014 4:26:39 下午 org.openqa.selenium.remote.RemoteWebDriver log
信息: Executed: [da7d9c7c-d324-3747-a65d-2b7f52d3de5e, quit {}]
三月 23, 2014 4:26:41 下午 org.openqa.selenium.testing.JUnit4TestBase$1 starting
信息: >>> Starting focusRemainsInOriginalWindowWhenOpeningNewWindow(org.openqa.selenium.firefox.FirefoxDriverTest)
三月 23, 2014 4:26:41 下午 org.openqa.selenium.testing.JUnit4TestBase$1 finished
信息: <<< Finished focusRemainsInOriginalWindowWhenOpeningNewWindow(org.openqa.selenium.firefox.FirefoxDriverTest)
三月 23, 2014 4:26:41 下午 org.openqa.selenium.remote.RemoteWebDriver log
信息: Executing: quit [c843fcaa-3053-c646-a555-679064ff0df7, quit {}]
三月 23, 2014 4:26:41 下午 org.openqa.selenium.remote.RemoteWebDriver log
信息: Executed: [c843fcaa-3053-c646-a555-679064ff0df7, quit {}]
三月 23, 2014 4:26:41 下午 org.openqa.selenium.testing.JUnit4TestBase$1 starting
信息: >>> Starting shouldBeAbleToUseTheSameProfileMoreThanOnce(org.openqa.selenium.firefox.FirefoxDriverTest)
三月 23, 2014 4:26:46 下午 org.openqa.selenium.testing.JUnit4TestBase$1 finished
信息: <<< Finished shouldBeAbleToUseTheSameProfileMoreThanOnce(org.openqa.selenium.firefox.FirefoxDriverTest)
三月 23, 2014 4:26:46 下午 org.openqa.selenium.testing.JUnit4TestBase$1 starting
信息: >>> Starting shouldBeAbleToStartFromProfileWithLogFileSet(org.openqa.selenium.firefox.FirefoxDriverTest)
三月 23, 2014 4:26:48 下午 org.openqa.selenium.testing.JUnit4TestBase$1 finished
信息: <<< Finished shouldBeAbleToStartFromProfileWithLogFileSet(org.openqa.selenium.firefox.FirefoxDriverTest)
三月 23, 2014 4:26:48 下午 org.openqa.selenium.testing.JUnit4TestBase$1 starting
信息: >>> Starting shouldAllowUserToSuccessfullyOverrideTheHomePage(org.openqa.selenium.firefox.FirefoxDriverTest)
三月 23, 2014 4:26:50 下午 org.openqa.selenium.testing.JUnit4TestBase$1 finished
信息: <<< Finished shouldAllowUserToSuccessfullyOverrideTheHomePage(org.openqa.selenium.firefox.FirefoxDriverTest)
三月 23, 2014 4:26:50 下午 org.openqa.selenium.testing.JUnit4TestBase$1 starting
信息: >>> Starting shouldAllowTwoInstancesOfFirefoxAtTheSameTimeInDifferentThreads(org.openqa.selenium.firefox.FirefoxDriverTest)
三月 23, 2014 4:26:54 下午 org.openqa.selenium.testing.JUnit4TestBase$1 finished
信息: <<< Finished shouldAllowTwoInstancesOfFirefoxAtTheSameTimeInDifferentThreads(org.openqa.selenium.firefox.FirefoxDriverTest)
三月 23, 2014 4:26:54 下午 org.openqa.selenium.testing.JUnit4TestBase$1 starting
信息: >>> Starting shouldBeAbleToStartFromAUniqueProfile(org.openqa.selenium.firefox.FirefoxDriverTest)
三月 23, 2014 4:26:55 下午 org.openqa.selenium.testing.JUnit4TestBase$1 finished
信息: <<< Finished shouldBeAbleToStartFromAUniqueProfile(org.openqa.selenium.firefox.FirefoxDriverTest)
三月 23, 2014 4:26:57 下午 org.openqa.selenium.remote.RemoteWebDriver log
信息: Executing: quit [e4b93485-15e8-d24f-972a-4b7e475ae5c6, quit {}]
三月 23, 2014 4:26:57 下午 org.openqa.selenium.remote.RemoteWebDriver log
信息: Executed: [e4b93485-15e8-d24f-972a-4b7e475ae5c6, quit {}]
]]></system-err>
</testsuite>
