<?xml version="1.0" encoding="UTF-8" ?>
<testsuite errors="0" failures="0" hostname="LingzhiXiangs-MacBook-Pro.local" name="org.openqa.selenium.javascript.ClosureTestSuite" tests="53" time="61.807" timestamp="2014-03-23T08:12:45">
  <properties>
    <property name="java.runtime.name" value="Java(TM) SE Runtime Environment" />
    <property name="sun.boot.library.path" value="/Library/Java/JavaVirtualMachines/jdk1.7.0_51.jdk/Contents/Home/jre/lib" />
    <property name="java.vm.version" value="24.51-b03" />
    <property name="gopherProxySet" value="false" />
    <property name="ant.version" value="Apache Ant(TM) version 1.8.2 compiled on December 20 2010" />
    <property name="ant.java.version" value="1.7" />
    <property name="java.vm.vendor" value="Oracle Corporation" />
    <property name="java.vendor.url" value="http://java.oracle.com/" />
    <property name="path.separator" value=":" />
    <property name="java.vm.name" value="Java HotSpot(TM) 64-Bit Server VM" />
    <property name="file.encoding.pkg" value="sun.io" />
    <property name="user.country" value="CN" />
    <property name="sun.java.launcher" value="SUN_STANDARD" />
    <property name="sun.os.patch.level" value="unknown" />
    <property name="java.vm.specification.name" value="Java Virtual Machine Specification" />
    <property name="user.dir" value="/Users/lingzhixiang/codes/seleniumsource/selenium" />
    <property name="java.runtime.version" value="1.7.0_51-b13" />
    <property name="java.awt.graphicsenv" value="sun.awt.CGraphicsEnvironment" />
    <property name="basedir" value="/Users/lingzhixiang/codes/seleniumsource/selenium" />
    <property name="java.endorsed.dirs" value="/Library/Java/JavaVirtualMachines/jdk1.7.0_51.jdk/Contents/Home/jre/lib/endorsed" />
    <property name="os.arch" value="x86_64" />
    <property name="java.io.tmpdir" value="/var/folders/00/pkm3h0j970g8sydlchl8fjyr0000gn/T/" />
    <property name="ant.core.lib" value="/Users/lingzhixiang/codes/seleniumsource/selenium/third_party/java/ant/ant-1.8.2.jar" />
    <property name="line.separator" value="&#xa;" />
    <property name="java.vm.specification.vendor" value="Oracle Corporation" />
    <property name="os.name" value="Mac OS X" />
    <property name="ant.project.name" value="selenium" />
    <property name="selenium.browser" value="ff" />
    <property name="sun.jnu.encoding" value="UTF-8" />
    <property name="java.library.path" value="/Users/lingzhixiang/Library/Java/Extensions:/Library/Java/Extensions:/Network/Library/Java/Extensions:/System/Library/Java/Extensions:/usr/lib/java:." />
    <property name="java.specification.name" value="Java Platform API Specification" />
    <property name="java.class.version" value="51.0" />
    <property name="sun.management.compiler" value="HotSpot 64-Bit Tiered Compilers" />
    <property name="os.version" value="10.9" />
    <property name="js.test.dir" value="javascript/atoms/test" />
    <property name="user.home" value="/Users/lingzhixiang" />
    <property name="user.timezone" value="" />
    <property name="java.awt.printerjob" value="sun.lwawt.macosx.CPrinterJob" />
    <property name="java.specification.version" value="1.7" />
    <property name="file.encoding" value="UTF-8" />
    <property name="user.name" value="lingzhixiang" />
    <property name="build.compiler" value="org.eclipse.jdt.core.JDTCompilerAdapter" />
    <property name="java.class.path" value="/Users/lingzhixiang/codes/seleniumsource/selenium/build/java/client/src/com/thoughtworks/selenium/api.jar:/Users/lingzhixiang/codes/seleniumsource/selenium/build/java/client/src/com/thoughtworks/selenium/condition/condition.jar:/Users/lingzhixiang/codes/seleniumsource/selenium/build/java/client/src/com/thoughtworks/selenium/selenium.jar:/Users/lingzhixiang/codes/seleniumsource/selenium/build/java/client/src/com/thoughtworks/selenium/wait.jar:/Users/lingzhixiang/codes/seleniumsource/selenium/build/java/client/src/com/thoughtworks/selenium/webdriven/commands/commands.jar:/Users/lingzhixiang/codes/seleniumsource/selenium/build/java/client/src/com/thoughtworks/selenium/webdriven/emulation-api.jar:/Users/lingzhixiang/codes/seleniumsource/selenium/build/java/client/src/com/thoughtworks/selenium/webdriven/webdriven.jar:/Users/lingzhixiang/codes/seleniumsource/selenium/build/java/client/src/org/openqa/selenium/base.jar:/Users/lingzhixiang/codes/seleniumsource/selenium/build/java/client/src/org/openqa/selenium/beta.jar:/Users/lingzhixiang/codes/seleniumsource/selenium/build/java/client/src/org/openqa/selenium/browserlaunchers/browserlaunchers.jar:/Users/lingzhixiang/codes/seleniumsource/selenium/build/java/client/src/org/openqa/selenium/browserlaunchers/launcher-utils.jar:/Users/lingzhixiang/codes/seleniumsource/selenium/build/java/client/src/org/openqa/selenium/browserlaunchers/locators/locators.jar:/Users/lingzhixiang/codes/seleniumsource/selenium/build/java/client/src/org/openqa/selenium/browserlaunchers/proxies.jar:/Users/lingzhixiang/codes/seleniumsource/selenium/build/java/client/src/org/openqa/selenium/chrome/chrome.jar:/Users/lingzhixiang/codes/seleniumsource/selenium/build/java/client/src/org/openqa/selenium/codecs.jar:/Users/lingzhixiang/codes/seleniumsource/selenium/build/java/client/src/org/openqa/selenium/firefox/firefox.jar:/Users/lingzhixiang/codes/seleniumsource/selenium/build/java/client/src/org/openqa/selenium/htmlunit/htmlunit.jar:/Users/lingzhixiang/codes/seleniumsource/selenium/build/java/client/src/org/openqa/selenium/ie/ie.jar:/Users/lingzhixiang/codes/seleniumsource/selenium/build/java/client/src/org/openqa/selenium/interactions/api.jar:/Users/lingzhixiang/codes/seleniumsource/selenium/build/java/client/src/org/openqa/selenium/interactions/interactions.jar:/Users/lingzhixiang/codes/seleniumsource/selenium/build/java/client/src/org/openqa/selenium/io/io.jar:/Users/lingzhixiang/codes/seleniumsource/selenium/build/java/client/src/org/openqa/selenium/lift/lift.jar:/Users/lingzhixiang/codes/seleniumsource/selenium/build/java/client/src/org/openqa/selenium/logging/api.jar:/Users/lingzhixiang/codes/seleniumsource/selenium/build/java/client/src/org/openqa/selenium/logging/logging.jar:/Users/lingzhixiang/codes/seleniumsource/selenium/build/java/client/src/org/openqa/selenium/net/net.jar:/Users/lingzhixiang/codes/seleniumsource/selenium/build/java/client/src/org/openqa/selenium/os/os.jar:/Users/lingzhixiang/codes/seleniumsource/selenium/build/java/client/src/org/openqa/selenium/remote/api.jar:/Users/lingzhixiang/codes/seleniumsource/selenium/build/java/client/src/org/openqa/selenium/remote/augmenter.jar:/Users/lingzhixiang/codes/seleniumsource/selenium/build/java/client/src/org/openqa/selenium/remote/base.jar:/Users/lingzhixiang/codes/seleniumsource/selenium/build/java/client/src/org/openqa/selenium/remote/common.jar:/Users/lingzhixiang/codes/seleniumsource/selenium/build/java/client/src/org/openqa/selenium/remote/http-session-id.jar:/Users/lingzhixiang/codes/seleniumsource/selenium/build/java/client/src/org/openqa/selenium/remote/remote.jar:/Users/lingzhixiang/codes/seleniumsource/selenium/build/java/client/src/org/openqa/selenium/remote/service/service.jar:/Users/lingzhixiang/codes/seleniumsource/selenium/build/java/client/src/org/openqa/selenium/safari/safari.jar:/Users/lingzhixiang/codes/seleniumsource/selenium/build/java/client/src/org/openqa/selenium/security/security.jar:/Users/lingzhixiang/codes/seleniumsource/selenium/build/java/client/src/org/openqa/selenium/support/events/events.jar:/Users/lingzhixiang/codes/seleniumsource/selenium/build/java/client/src/org/openqa/selenium/support/page-factory.jar:/Users/lingzhixiang/codes/seleniumsource/selenium/build/java/client/src/org/openqa/selenium/support/support.jar:/Users/lingzhixiang/codes/seleniumsource/selenium/build/java/client/src/org/openqa/selenium/support/ui/clock.jar:/Users/lingzhixiang/codes/seleniumsource/selenium/build/java/client/src/org/openqa/selenium/support/ui/components.jar:/Users/lingzhixiang/codes/seleniumsource/selenium/build/java/client/src/org/openqa/selenium/support/ui/elements.jar:/Users/lingzhixiang/codes/seleniumsource/selenium/build/java/client/src/org/openqa/selenium/support/ui/wait.jar:/Users/lingzhixiang/codes/seleniumsource/selenium/build/java/client/src/org/openqa/selenium/webdriver-api.jar:/Users/lingzhixiang/codes/seleniumsource/selenium/build/java/client/test/org/openqa/selenium/base.jar:/Users/lingzhixiang/codes/seleniumsource/selenium/build/java/client/test/org/openqa/selenium/build.jar:/Users/lingzhixiang/codes/seleniumsource/selenium/build/java/client/test/org/openqa/selenium/environment/environment.jar:/Users/lingzhixiang/codes/seleniumsource/selenium/build/java/client/test/org/openqa/selenium/environment/webserver/webserver.jar:/Users/lingzhixiang/codes/seleniumsource/selenium/build/java/client/test/org/openqa/selenium/javascript/javascript.jar:/Users/lingzhixiang/codes/seleniumsource/selenium/build/java/client/test/org/openqa/selenium/testing/annotations.jar:/Users/lingzhixiang/codes/seleniumsource/selenium/build/java/client/test/org/openqa/selenium/testing/dev_mode.jar:/Users/lingzhixiang/codes/seleniumsource/selenium/build/java/client/test/org/openqa/selenium/testing/drivers/browser.jar:/Users/lingzhixiang/codes/seleniumsource/selenium/build/java/client/test/org/openqa/selenium/testing/drivers/drivers.jar:/Users/lingzhixiang/codes/seleniumsource/selenium/build/java/client/test/org/openqa/selenium/testing/drivers/test_selenium_server.jar:/Users/lingzhixiang/codes/seleniumsource/selenium/build/java/client/test/org/openqa/selenium/testing/junit.jar:/Users/lingzhixiang/codes/seleniumsource/selenium/build/java/client/test/org/openqa/selenium/testing/testing.jar:/Users/lingzhixiang/codes/seleniumsource/selenium/build/java/client/test/org/openqa/selenium/testing/util.jar:/Users/lingzhixiang/codes/seleniumsource/selenium/build/java/server/src/cybervillains/cybervillains.jar:/Users/lingzhixiang/codes/seleniumsource/selenium/build/java/server/src/org/openqa/grid/common/common.jar:/Users/lingzhixiang/codes/seleniumsource/selenium/build/java/server/src/org/openqa/grid/grid.jar:/Users/lingzhixiang/codes/seleniumsource/selenium/build/java/server/src/org/openqa/grid/selenium/selenium.jar:/Users/lingzhixiang/codes/seleniumsource/selenium/build/java/server/src/org/openqa/jetty/jetty.jar:/Users/lingzhixiang/codes/seleniumsource/selenium/build/java/server/src/org/openqa/selenium/remote/server/http-api.jar:/Users/lingzhixiang/codes/seleniumsource/selenium/build/java/server/src/org/openqa/selenium/remote/server/jee-http-api.jar:/Users/lingzhixiang/codes/seleniumsource/selenium/build/java/server/src/org/openqa/selenium/remote/server/log/log.jar:/Users/lingzhixiang/codes/seleniumsource/selenium/build/java/server/src/org/openqa/selenium/remote/server/resource/resource.jar:/Users/lingzhixiang/codes/seleniumsource/selenium/build/java/server/src/org/openqa/selenium/remote/server/restish.jar:/Users/lingzhixiang/codes/seleniumsource/selenium/build/java/server/src/org/openqa/selenium/remote/server/server_core.jar:/Users/lingzhixiang/codes/seleniumsource/selenium/build/java/server/src/org/openqa/selenium/remote/server/server_very_core.jar:/Users/lingzhixiang/codes/seleniumsource/selenium/build/java/server/src/org/openqa/selenium/security/security.jar:/Users/lingzhixiang/codes/seleniumsource/selenium/build/java/server/src/org/openqa/selenium/server/base.jar:/Users/lingzhixiang/codes/seleniumsource/selenium/build/java/server/src/org/openqa/selenium/server/logging.jar:/Users/lingzhixiang/codes/seleniumsource/selenium/build/java/server/src/org/openqa/selenium/server/server_resources.jar:/Users/lingzhixiang/codes/seleniumsource/selenium/build/java/server/test/org/openqa/selenium/server-with-tests-standalone.jar:/Users/lingzhixiang/codes/seleniumsource/selenium/build/java/server/test/org/openqa/selenium/server-with-tests.jar:/Users/lingzhixiang/codes/seleniumsource/selenium/build/javascript/selenium-core/selenium-core.jar:/Users/lingzhixiang/codes/seleniumsource/selenium/third_party/java/apache-httpclient/httpclient-4.3.1.jar:/Users/lingzhixiang/codes/seleniumsource/selenium/third_party/java/apache-httpclient/httpcore-4.3.jar:/Users/lingzhixiang/codes/seleniumsource/selenium/third_party/java/apache-httpclient/httpmime-4.3.1.jar:/Users/lingzhixiang/codes/seleniumsource/selenium/third_party/java/apache-mime4j/apache-mime4j-0.6.jar:/Users/lingzhixiang/codes/seleniumsource/selenium/third_party/java/beanshell/bsh-1.3.0.jar:/Users/lingzhixiang/codes/seleniumsource/selenium/third_party/java/bouncycastle/bcpkix-jdk15on-1.48.jar:/Users/lingzhixiang/codes/seleniumsource/selenium/third_party/java/bouncycastle/bcprov-jdk15on-1.48.jar:/Users/lingzhixiang/codes/seleniumsource/selenium/third_party/java/cglib/cglib-nodep-2.1_3.jar:/Users/lingzhixiang/codes/seleniumsource/selenium/third_party/java/commons-codec/commons-codec-1.8.jar:/Users/lingzhixiang/codes/seleniumsource/selenium/third_party/java/commons-collections/commons-collections-3.2.1.jar:/Users/lingzhixiang/codes/seleniumsource/selenium/third_party/java/commons-el/commons-el-1.0.jar:/Users/lingzhixiang/codes/seleniumsource/selenium/third_party/java/commons-exec/commons-exec-1.1.jar:/Users/lingzhixiang/codes/seleniumsource/selenium/third_party/java/commons-fileupload/commons-fileupload-1.2.2.jar:/Users/lingzhixiang/codes/seleniumsource/selenium/third_party/java/commons-io/commons-io-2.2.jar:/Users/lingzhixiang/codes/seleniumsource/selenium/third_party/java/commons-jxpath/commons-jxpath-1.3.jar:/Users/lingzhixiang/codes/seleniumsource/selenium/third_party/java/commons-lang/commons-lang3-3.1.jar:/Users/lingzhixiang/codes/seleniumsource/selenium/third_party/java/commons-logging/commons-logging-1.1.1.jar:/Users/lingzhixiang/codes/seleniumsource/selenium/third_party/java/cssparser/cssparser-0.9.11.jar:/Users/lingzhixiang/codes/seleniumsource/selenium/third_party/java/google-protobuffers/protobuf-java-2.4.1.jar:/Users/lingzhixiang/codes/seleniumsource/selenium/third_party/java/guava-libraries/guava-15.0.jar:/Users/lingzhixiang/codes/seleniumsource/selenium/third_party/java/hamcrest/hamcrest-core-1.3.jar:/Users/lingzhixiang/codes/seleniumsource/selenium/third_party/java/hamcrest/hamcrest-library-1.3.jar:/Users/lingzhixiang/codes/seleniumsource/selenium/third_party/java/htmlunit/htmlunit-2.13.jar:/Users/lingzhixiang/codes/seleniumsource/selenium/third_party/java/htmlunit/htmlunit-core-js-2.13.jar:/Users/lingzhixiang/codes/seleniumsource/selenium/third_party/java/ini4j/ini4j-0.5.2.jar:/Users/lingzhixiang/codes/seleniumsource/selenium/third_party/java/jasper/jasper-compiler-5.5.15.jar:/Users/lingzhixiang/codes/seleniumsource/selenium/third_party/java/jasper/jasper-compiler-jdt-5.5.15.jar:/Users/lingzhixiang/codes/seleniumsource/selenium/third_party/java/jasper/jasper-runtime-5.5.15.jar:/Users/lingzhixiang/codes/seleniumsource/selenium/third_party/java/jasper/jsp-api-2.0.jar:/Users/lingzhixiang/codes/seleniumsource/selenium/third_party/java/jcip_annotations/jcip-annotations-1.0.jar:/Users/lingzhixiang/codes/seleniumsource/selenium/third_party/java/jcommander/jcommander-1.29.jar:/Users/lingzhixiang/codes/seleniumsource/selenium/third_party/java/jetty-websocket/jetty-websocket-8.1.8.jar:/Users/lingzhixiang/codes/seleniumsource/selenium/third_party/java/jetty/jetty-repacked-7.6.1.jar:/Users/lingzhixiang/codes/seleniumsource/selenium/third_party/java/jna/jna-3.4.0.jar:/Users/lingzhixiang/codes/seleniumsource/selenium/third_party/java/jna/jna-platform-3.4.0.jar:/Users/lingzhixiang/codes/seleniumsource/selenium/third_party/java/json/json-20080701.jar:/Users/lingzhixiang/codes/seleniumsource/selenium/third_party/java/junit/junit-dep-4.11.jar:/Users/lingzhixiang/codes/seleniumsource/selenium/third_party/java/mx4j/mx4j-tools-3.0.1.jar:/Users/lingzhixiang/codes/seleniumsource/selenium/third_party/java/nekohtml/nekohtml-1.9.19.jar:/Users/lingzhixiang/codes/seleniumsource/selenium/third_party/java/netty/netty-3.5.7.Final.jar:/Users/lingzhixiang/codes/seleniumsource/selenium/third_party/java/opera-driver/operadriver-1.5.jar:/Users/lingzhixiang/codes/seleniumsource/selenium/third_party/java/phantomjs-driver/phantomjsdriver-1.1.0.jar:/Users/lingzhixiang/codes/seleniumsource/selenium/third_party/java/sac/sac-1.3.jar:/Users/lingzhixiang/codes/seleniumsource/selenium/third_party/java/serializer/serializer-2.7.1.jar:/Users/lingzhixiang/codes/seleniumsource/selenium/third_party/java/servlet-api/servlet-api-2.5-6.1.9.jar:/Users/lingzhixiang/codes/seleniumsource/selenium/third_party/java/testng/testng-6.8.5.jar:/Users/lingzhixiang/codes/seleniumsource/selenium/third_party/java/webbit/webbit-0.4.14.jar:/Users/lingzhixiang/codes/seleniumsource/selenium/third_party/java/xml/xalan-2.7.1.jar:/Users/lingzhixiang/codes/seleniumsource/selenium/third_party/java/xml/xercesImpl-2.10.0.jar:/Users/lingzhixiang/codes/seleniumsource/selenium/third_party/java/xml/xml-apis-1.4.01.jar:/Users/lingzhixiang/codes/seleniumsource/selenium/third_party/java/yaml/snakeyaml-1.8.jar:/Users/lingzhixiang/codes/seleniumsource/selenium/third_party/java/ant/ant-launcher-1.8.2.jar:/Users/lingzhixiang/codes/seleniumsource/selenium/third_party/java/ant/ant-1.8.2.jar:/Users/lingzhixiang/codes/seleniumsource/selenium/third_party/java/ant/ant-junit-1.8.2.jar:/Users/lingzhixiang/codes/seleniumsource/selenium/third_party/java/ant/ant-junit4-1.8.2.jar" />
    <property name="java.vm.specification.version" value="1.7" />
    <property name="java.home" value="/Library/Java/JavaVirtualMachines/jdk1.7.0_51.jdk/Contents/Home/jre" />
    <property name="sun.java.command" value="org.apache.tools.ant.taskdefs.optional.junit.JUnitTestRunner org.openqa.selenium.javascript.ClosureTestSuite filtertrace=true haltOnError=true haltOnFailure=true formatter=org.apache.tools.ant.taskdefs.optional.junit.SummaryJUnitResultFormatter showoutput=true outputtoformatters=true logfailedtests=true logtestlistenerevents=false formatter=org.apache.tools.ant.taskdefs.optional.junit.PlainJUnitResultFormatter,/Users/lingzhixiang/codes/seleniumsource/selenium/build/test_logs/TEST--javascript-atoms-test_ff.txt formatter=org.apache.tools.ant.taskdefs.optional.junit.XMLJUnitResultFormatter,/Users/lingzhixiang/codes/seleniumsource/selenium/build/test_logs/TEST--javascript-atoms-test_ff.xml crashfile=/Users/lingzhixiang/codes/seleniumsource/selenium/junitvmwatcher1765830374910190179.properties propsfile=/Users/lingzhixiang/codes/seleniumsource/selenium/junit5176099211853605084.properties" />
    <property name="sun.arch.data.model" value="64" />
    <property name="java.specification.vendor" value="Oracle Corporation" />
    <property name="user.language" value="zh" />
    <property name="awt.toolkit" value="sun.lwawt.macosx.LWCToolkit" />
    <property name="java.vm.info" value="mixed mode" />
    <property name="java.version" value="1.7.0_51" />
    <property name="java.ext.dirs" value="/Users/lingzhixiang/Library/Java/Extensions:/Library/Java/JavaVirtualMachines/jdk1.7.0_51.jdk/Contents/Home/jre/lib/ext:/Library/Java/Extensions:/Network/Library/Java/Extensions:/System/Library/Java/Extensions:/usr/lib/java" />
    <property name="sun.boot.class.path" value="/Library/Java/JavaVirtualMachines/jdk1.7.0_51.jdk/Contents/Home/jre/lib/resources.jar:/Library/Java/JavaVirtualMachines/jdk1.7.0_51.jdk/Contents/Home/jre/lib/rt.jar:/Library/Java/JavaVirtualMachines/jdk1.7.0_51.jdk/Contents/Home/jre/lib/sunrsasign.jar:/Library/Java/JavaVirtualMachines/jdk1.7.0_51.jdk/Contents/Home/jre/lib/jsse.jar:/Library/Java/JavaVirtualMachines/jdk1.7.0_51.jdk/Contents/Home/jre/lib/jce.jar:/Library/Java/JavaVirtualMachines/jdk1.7.0_51.jdk/Contents/Home/jre/lib/charsets.jar:/Library/Java/JavaVirtualMachines/jdk1.7.0_51.jdk/Contents/Home/jre/lib/jfr.jar:/Library/Java/JavaVirtualMachines/jdk1.7.0_51.jdk/Contents/Home/jre/classes" />
    <property name="java.vendor" value="Oracle Corporation" />
    <property name="file.separator" value="/" />
    <property name="XmlLogger.file" value="build/build_log.xml" />
    <property name="java.vendor.url.bug" value="http://bugreport.sun.com/bugreport/" />
    <property name="sun.cpu.endian" value="little" />
    <property name="sun.io.unicode.encoding" value="UnicodeBig" />
    <property name="sun.cpu.isalist" value="" />
  </properties>
  <testcase classname="junit.framework.JUnit4TestCaseFacade" name="javascript/atoms/test/action_test" time="1.579" />
  <testcase classname="junit.framework.JUnit4TestCaseFacade" name="javascript/atoms/test/attribute_test" time="0.859" />
  <testcase classname="junit.framework.JUnit4TestCaseFacade" name="javascript/atoms/test/child_locator_test" time="0.753" />
  <testcase classname="junit.framework.JUnit4TestCaseFacade" name="javascript/atoms/test/click_link_test" time="8.612" />
  <testcase classname="junit.framework.JUnit4TestCaseFacade" name="javascript/atoms/test/click_submit_test" time="1.506" />
  <testcase classname="junit.framework.JUnit4TestCaseFacade" name="javascript/atoms/test/click_test" time="0.993" />
  <testcase classname="junit.framework.JUnit4TestCaseFacade" name="javascript/atoms/test/clientrect_test" time="0.755" />
  <testcase classname="junit.framework.JUnit4TestCaseFacade" name="javascript/atoms/test/color_test" time="0.746" />
  <testcase classname="junit.framework.JUnit4TestCaseFacade" name="javascript/atoms/test/dom_test" time="0.721" />
  <testcase classname="junit.framework.JUnit4TestCaseFacade" name="javascript/atoms/test/drag_test" time="0.825" />
  <testcase classname="junit.framework.JUnit4TestCaseFacade" name="javascript/atoms/test/enabled_test" time="0.752" />
  <testcase classname="junit.framework.JUnit4TestCaseFacade" name="javascript/atoms/test/enter_submit_test" time="1.045" />
  <testcase classname="junit.framework.JUnit4TestCaseFacade" name="javascript/atoms/test/error_test" time="0.708" />
  <testcase classname="junit.framework.JUnit4TestCaseFacade" name="javascript/atoms/test/events_test" time="0.77" />
  <testcase classname="junit.framework.JUnit4TestCaseFacade" name="javascript/atoms/test/focus_test" time="0.987" />
  <testcase classname="junit.framework.JUnit4TestCaseFacade" name="javascript/atoms/test/frame_scroll_test" time="0.729" />
  <testcase classname="junit.framework.JUnit4TestCaseFacade" name="javascript/atoms/test/frame_size_test" time="0.778" />
  <testcase classname="junit.framework.JUnit4TestCaseFacade" name="javascript/atoms/test/frame_test" time="0.808" />
  <testcase classname="junit.framework.JUnit4TestCaseFacade" name="javascript/atoms/test/gestures_test" time="0.779" />
  <testcase classname="junit.framework.JUnit4TestCaseFacade" name="javascript/atoms/test/history_test" time="2.722" />
  <testcase classname="junit.framework.JUnit4TestCaseFacade" name="javascript/atoms/test/html5/appcache_test" time="0.753" />
  <testcase classname="junit.framework.JUnit4TestCaseFacade" name="javascript/atoms/test/html5/connection_test" time="0.691" />
  <testcase classname="junit.framework.JUnit4TestCaseFacade" name="javascript/atoms/test/html5/database_test" time="0.752" />
  <testcase classname="junit.framework.JUnit4TestCaseFacade" name="javascript/atoms/test/html5/location_test" time="0.722" />
  <testcase classname="junit.framework.JUnit4TestCaseFacade" name="javascript/atoms/test/html5/nested_window_storage_test" time="1.069" />
  <testcase classname="junit.framework.JUnit4TestCaseFacade" name="javascript/atoms/test/html5/no_manifest_appcache_test" time="0.772" />
  <testcase classname="junit.framework.JUnit4TestCaseFacade" name="javascript/atoms/test/html5/storage_test" time="0.74" />
  <testcase classname="junit.framework.JUnit4TestCaseFacade" name="javascript/atoms/test/inject_test" time="0.868" />
  <testcase classname="junit.framework.JUnit4TestCaseFacade" name="javascript/atoms/test/interactable_size_test" time="0.819" />
  <testcase classname="junit.framework.JUnit4TestCaseFacade" name="javascript/atoms/test/keyboard_test" time="0.816" />
  <testcase classname="junit.framework.JUnit4TestCaseFacade" name="javascript/atoms/test/locator_test" time="0.767" />
  <testcase classname="junit.framework.JUnit4TestCaseFacade" name="javascript/atoms/test/mouse_test" time="0.897" />
  <testcase classname="junit.framework.JUnit4TestCaseFacade" name="javascript/atoms/test/opacity_test" time="0.767" />
  <testcase classname="junit.framework.JUnit4TestCaseFacade" name="javascript/atoms/test/orientation_test" time="0.818" />
  <testcase classname="junit.framework.JUnit4TestCaseFacade" name="javascript/atoms/test/overflow_test" time="0.925" />
  <testcase classname="junit.framework.JUnit4TestCaseFacade" name="javascript/atoms/test/property_test" time="0.784" />
  <testcase classname="junit.framework.JUnit4TestCaseFacade" name="javascript/atoms/test/response_test" time="0.678" />
  <testcase classname="junit.framework.JUnit4TestCaseFacade" name="javascript/atoms/test/scrolling_test" time="0.861" />
  <testcase classname="junit.framework.JUnit4TestCaseFacade" name="javascript/atoms/test/select_test" time="1.376" />
  <testcase classname="junit.framework.JUnit4TestCaseFacade" name="javascript/atoms/test/shown_test" time="0.876" />
  <testcase classname="junit.framework.JUnit4TestCaseFacade" name="javascript/atoms/test/style_test" time="0.761" />
  <testcase classname="junit.framework.JUnit4TestCaseFacade" name="javascript/atoms/test/svg_test" time="0.923" />
  <testcase classname="junit.framework.JUnit4TestCaseFacade" name="javascript/atoms/test/text_box_test" time="0.744" />
  <testcase classname="junit.framework.JUnit4TestCaseFacade" name="javascript/atoms/test/text_table_test" time="0.845" />
  <testcase classname="junit.framework.JUnit4TestCaseFacade" name="javascript/atoms/test/text_test" time="0.845" />
  <testcase classname="junit.framework.JUnit4TestCaseFacade" name="javascript/atoms/test/toolbar_test" time="1.242" />
  <testcase classname="junit.framework.JUnit4TestCaseFacade" name="javascript/atoms/test/touchscreen_test" time="0.809" />
  <testcase classname="junit.framework.JUnit4TestCaseFacade" name="javascript/atoms/test/type_test" time="3.343" />
  <testcase classname="junit.framework.JUnit4TestCaseFacade" name="javascript/atoms/test/useragent_quirks_test" time="0.829" />
  <testcase classname="junit.framework.JUnit4TestCaseFacade" name="javascript/atoms/test/useragent_test" time="0.691" />
  <testcase classname="junit.framework.JUnit4TestCaseFacade" name="javascript/atoms/test/window_scroll_into_view_test" time="0.719" />
  <testcase classname="junit.framework.JUnit4TestCaseFacade" name="javascript/atoms/test/window_scroll_test" time="0.787" />
  <testcase classname="junit.framework.JUnit4TestCaseFacade" name="javascript/atoms/test/window_size_test" time="1.021" />
  <system-out><![CDATA[]]></system-out>
  <system-err><![CDATA[2014-03-23 16:12:46.121:INFO:osjs.Server:jetty-7.x.y-SNAPSHOT
2014-03-23 16:12:46.169:INFO:osjsh.ContextHandler:started o.s.j.s.ServletContextHandler{/common,file:/Users/lingzhixiang/codes/seleniumsource/selenium/common/src/web/}
2014-03-23 16:12:46.173:INFO:/common:Aliases are enabled
2014-03-23 16:12:46.175:INFO:osjsh.ContextHandler:started o.s.j.s.ServletContextHandler{/javascript,file:/Users/lingzhixiang/codes/seleniumsource/selenium/javascript/}
2014-03-23 16:12:46.175:INFO:/javascript:Aliases are enabled
2014-03-23 16:12:46.188:INFO:osjsh.ContextHandler:started o.s.j.s.ServletContextHandler{/third_party/closure/goog,file:/Users/lingzhixiang/codes/seleniumsource/selenium/third_party/closure/goog/}
2014-03-23 16:12:46.188:INFO:/third_party/closure/goog:Aliases are enabled
2014-03-23 16:12:46.188:INFO:osjsh.ContextHandler:started o.s.j.s.ServletContextHandler{/third_party/js,file:/Users/lingzhixiang/codes/seleniumsource/selenium/third_party/js/}
2014-03-23 16:12:46.188:INFO:/third_party/js:Aliases are enabled
2014-03-23 16:12:46.205:INFO:osjs.AbstractConnector:Started SelectChannelConnector@0.0.0.0:33655
2014-03-23 16:12:46.576:INFO:osjus.SslContextFactory:Enabled Protocols [SSLv2Hello, SSLv3, TLSv1, TLSv1.1, TLSv1.2] of [SSLv2Hello, SSLv3, TLSv1, TLSv1.1, TLSv1.2]
2014-03-23 16:12:46.584:INFO:osjs.AbstractConnector:Started SslSocketConnector@0.0.0.0:38620
三月 23, 2014 4:12:49 下午 org.openqa.selenium.javascript.ClosureTestStatement evaluate
信息: Running: http://localhost:33655/javascript/atoms/test/action_test.html
三月 23, 2014 4:12:49 下午 org.openqa.selenium.remote.RemoteWebDriver log
信息: Executing: maximizeWindow [77348a09-a50f-b840-8b1f-e0eb017be929, maximizeWindow {windowHandle=current}]
三月 23, 2014 4:12:49 下午 org.openqa.selenium.remote.RemoteWebDriver log
信息: Executed: [77348a09-a50f-b840-8b1f-e0eb017be929, maximizeWindow {windowHandle=current}]
三月 23, 2014 4:12:49 下午 org.openqa.selenium.remote.RemoteWebDriver log
信息: Executing: executeScript [77348a09-a50f-b840-8b1f-e0eb017be929, executeScript {script=if (window && window.top) window.top.G_testRunner = null, args=[]}]
三月 23, 2014 4:12:49 下午 org.openqa.selenium.remote.RemoteWebDriver log
信息: Executed: [77348a09-a50f-b840-8b1f-e0eb017be929, executeScript {script=if (window && window.top) window.top.G_testRunner = null, args=[]}]
三月 23, 2014 4:12:49 下午 org.openqa.selenium.remote.RemoteWebDriver log
信息: Executing: get [77348a09-a50f-b840-8b1f-e0eb017be929, get {url=http://localhost:33655/javascript/atoms/test/action_test.html}]
三月 23, 2014 4:12:50 下午 org.openqa.selenium.remote.RemoteWebDriver log
信息: Executed: [77348a09-a50f-b840-8b1f-e0eb017be929, get {url=http://localhost:33655/javascript/atoms/test/action_test.html}]
三月 23, 2014 4:12:50 下午 org.openqa.selenium.remote.RemoteWebDriver log
信息: Executing: executeScript [77348a09-a50f-b840-8b1f-e0eb017be929, executeScript {script=var tr = window.top.G_testRunner;return !!tr && tr.isFinished();, args=[]}]
三月 23, 2014 4:12:50 下午 org.openqa.selenium.remote.RemoteWebDriver log
信息: Executed: [77348a09-a50f-b840-8b1f-e0eb017be929, executeScript {script=var tr = window.top.G_testRunner;return !!tr && tr.isFinished();, args=[]}]
三月 23, 2014 4:12:50 下午 org.openqa.selenium.remote.RemoteWebDriver log
信息: Executing: executeScript [77348a09-a50f-b840-8b1f-e0eb017be929, executeScript {script=var tr = window.top.G_testRunner;return !!tr && tr.isFinished();, args=[]}]
三月 23, 2014 4:12:50 下午 org.openqa.selenium.remote.RemoteWebDriver log
信息: Executed: [77348a09-a50f-b840-8b1f-e0eb017be929, executeScript {script=var tr = window.top.G_testRunner;return !!tr && tr.isFinished();, args=[]}]
三月 23, 2014 4:12:50 下午 org.openqa.selenium.remote.RemoteWebDriver log
信息: Executing: executeScript [77348a09-a50f-b840-8b1f-e0eb017be929, executeScript {script=var tr = window.top.G_testRunner;return !!tr && tr.isFinished();, args=[]}]
三月 23, 2014 4:12:50 下午 org.openqa.selenium.remote.RemoteWebDriver log
信息: Executed: [77348a09-a50f-b840-8b1f-e0eb017be929, executeScript {script=var tr = window.top.G_testRunner;return !!tr && tr.isFinished();, args=[]}]
三月 23, 2014 4:12:50 下午 org.openqa.selenium.remote.RemoteWebDriver log
信息: Executing: executeScript [77348a09-a50f-b840-8b1f-e0eb017be929, executeScript {script=var tr = window.top.G_testRunner;return !!tr && tr.isFinished();, args=[]}]
三月 23, 2014 4:12:50 下午 org.openqa.selenium.remote.RemoteWebDriver log
信息: Executed: [77348a09-a50f-b840-8b1f-e0eb017be929, executeScript {script=var tr = window.top.G_testRunner;return !!tr && tr.isFinished();, args=[]}]
三月 23, 2014 4:12:50 下午 org.openqa.selenium.remote.RemoteWebDriver log
信息: Executing: executeScript [77348a09-a50f-b840-8b1f-e0eb017be929, executeScript {script=var tr = window.top.G_testRunner;return !!tr && tr.isFinished();, args=[]}]
三月 23, 2014 4:12:50 下午 org.openqa.selenium.remote.RemoteWebDriver log
信息: Executed: [77348a09-a50f-b840-8b1f-e0eb017be929, executeScript {script=var tr = window.top.G_testRunner;return !!tr && tr.isFinished();, args=[]}]
三月 23, 2014 4:12:50 下午 org.openqa.selenium.remote.RemoteWebDriver log
信息: Executing: executeScript [77348a09-a50f-b840-8b1f-e0eb017be929, executeScript {script=var tr = window.top.G_testRunner;return !!tr && tr.isFinished();, args=[]}]
三月 23, 2014 4:12:50 下午 org.openqa.selenium.remote.RemoteWebDriver log
信息: Executed: [77348a09-a50f-b840-8b1f-e0eb017be929, executeScript {script=var tr = window.top.G_testRunner;return !!tr && tr.isFinished();, args=[]}]
三月 23, 2014 4:12:50 下午 org.openqa.selenium.remote.RemoteWebDriver log
信息: Executing: executeScript [77348a09-a50f-b840-8b1f-e0eb017be929, executeScript {script=var tr = window.top.G_testRunner;return !!tr && tr.isSuccess();, args=[]}]
三月 23, 2014 4:12:50 下午 org.openqa.selenium.remote.RemoteWebDriver log
信息: Executed: [77348a09-a50f-b840-8b1f-e0eb017be929, executeScript {script=var tr = window.top.G_testRunner;return !!tr && tr.isSuccess();, args=[]}]
三月 23, 2014 4:12:50 下午 org.openqa.selenium.javascript.ClosureTestStatement evaluate
信息: Running: http://localhost:33655/javascript/atoms/test/attribute_test.html
三月 23, 2014 4:12:50 下午 org.openqa.selenium.remote.RemoteWebDriver log
信息: Executing: maximizeWindow [77348a09-a50f-b840-8b1f-e0eb017be929, maximizeWindow {windowHandle=current}]
三月 23, 2014 4:12:50 下午 org.openqa.selenium.remote.RemoteWebDriver log
信息: Executed: [77348a09-a50f-b840-8b1f-e0eb017be929, maximizeWindow {windowHandle=current}]
三月 23, 2014 4:12:50 下午 org.openqa.selenium.remote.RemoteWebDriver log
信息: Executing: executeScript [77348a09-a50f-b840-8b1f-e0eb017be929, executeScript {script=if (window && window.top) window.top.G_testRunner = null, args=[]}]
三月 23, 2014 4:12:50 下午 org.openqa.selenium.remote.RemoteWebDriver log
信息: Executed: [77348a09-a50f-b840-8b1f-e0eb017be929, executeScript {script=if (window && window.top) window.top.G_testRunner = null, args=[]}]
三月 23, 2014 4:12:50 下午 org.openqa.selenium.remote.RemoteWebDriver log
信息: Executing: get [77348a09-a50f-b840-8b1f-e0eb017be929, get {url=http://localhost:33655/javascript/atoms/test/attribute_test.html}]
三月 23, 2014 4:12:51 下午 org.openqa.selenium.remote.RemoteWebDriver log
信息: Executed: [77348a09-a50f-b840-8b1f-e0eb017be929, get {url=http://localhost:33655/javascript/atoms/test/attribute_test.html}]
三月 23, 2014 4:12:51 下午 org.openqa.selenium.remote.RemoteWebDriver log
信息: Executing: executeScript [77348a09-a50f-b840-8b1f-e0eb017be929, executeScript {script=var tr = window.top.G_testRunner;return !!tr && tr.isFinished();, args=[]}]
三月 23, 2014 4:12:51 下午 org.openqa.selenium.remote.RemoteWebDriver log
信息: Executed: [77348a09-a50f-b840-8b1f-e0eb017be929, executeScript {script=var tr = window.top.G_testRunner;return !!tr && tr.isFinished();, args=[]}]
三月 23, 2014 4:12:51 下午 org.openqa.selenium.remote.RemoteWebDriver log
信息: Executing: executeScript [77348a09-a50f-b840-8b1f-e0eb017be929, executeScript {script=var tr = window.top.G_testRunner;return !!tr && tr.isFinished();, args=[]}]
三月 23, 2014 4:12:51 下午 org.openqa.selenium.remote.RemoteWebDriver log
信息: Executed: [77348a09-a50f-b840-8b1f-e0eb017be929, executeScript {script=var tr = window.top.G_testRunner;return !!tr && tr.isFinished();, args=[]}]
三月 23, 2014 4:12:51 下午 org.openqa.selenium.remote.RemoteWebDriver log
信息: Executing: executeScript [77348a09-a50f-b840-8b1f-e0eb017be929, executeScript {script=var tr = window.top.G_testRunner;return !!tr && tr.isFinished();, args=[]}]
三月 23, 2014 4:12:51 下午 org.openqa.selenium.remote.RemoteWebDriver log
信息: Executed: [77348a09-a50f-b840-8b1f-e0eb017be929, executeScript {script=var tr = window.top.G_testRunner;return !!tr && tr.isFinished();, args=[]}]
三月 23, 2014 4:12:51 下午 org.openqa.selenium.remote.RemoteWebDriver log
信息: Executing: executeScript [77348a09-a50f-b840-8b1f-e0eb017be929, executeScript {script=var tr = window.top.G_testRunner;return !!tr && tr.isFinished();, args=[]}]
三月 23, 2014 4:12:51 下午 org.openqa.selenium.remote.RemoteWebDriver log
信息: Executed: [77348a09-a50f-b840-8b1f-e0eb017be929, executeScript {script=var tr = window.top.G_testRunner;return !!tr && tr.isFinished();, args=[]}]
三月 23, 2014 4:12:51 下午 org.openqa.selenium.remote.RemoteWebDriver log
信息: Executing: executeScript [77348a09-a50f-b840-8b1f-e0eb017be929, executeScript {script=var tr = window.top.G_testRunner;return !!tr && tr.isFinished();, args=[]}]
三月 23, 2014 4:12:51 下午 org.openqa.selenium.remote.RemoteWebDriver log
信息: Executed: [77348a09-a50f-b840-8b1f-e0eb017be929, executeScript {script=var tr = window.top.G_testRunner;return !!tr && tr.isFinished();, args=[]}]
三月 23, 2014 4:12:51 下午 org.openqa.selenium.remote.RemoteWebDriver log
信息: Executing: executeScript [77348a09-a50f-b840-8b1f-e0eb017be929, executeScript {script=var tr = window.top.G_testRunner;return !!tr && tr.isFinished();, args=[]}]
三月 23, 2014 4:12:51 下午 org.openqa.selenium.remote.RemoteWebDriver log
信息: Executed: [77348a09-a50f-b840-8b1f-e0eb017be929, executeScript {script=var tr = window.top.G_testRunner;return !!tr && tr.isFinished();, args=[]}]
三月 23, 2014 4:12:51 下午 org.openqa.selenium.remote.RemoteWebDriver log
信息: Executing: executeScript [77348a09-a50f-b840-8b1f-e0eb017be929, executeScript {script=var tr = window.top.G_testRunner;return !!tr && tr.isSuccess();, args=[]}]
三月 23, 2014 4:12:51 下午 org.openqa.selenium.remote.RemoteWebDriver log
信息: Executed: [77348a09-a50f-b840-8b1f-e0eb017be929, executeScript {script=var tr = window.top.G_testRunner;return !!tr && tr.isSuccess();, args=[]}]
三月 23, 2014 4:12:51 下午 org.openqa.selenium.javascript.ClosureTestStatement evaluate
信息: Running: http://localhost:33655/javascript/atoms/test/child_locator_test.html
三月 23, 2014 4:12:51 下午 org.openqa.selenium.remote.RemoteWebDriver log
信息: Executing: maximizeWindow [77348a09-a50f-b840-8b1f-e0eb017be929, maximizeWindow {windowHandle=current}]
三月 23, 2014 4:12:51 下午 org.openqa.selenium.remote.RemoteWebDriver log
信息: Executed: [77348a09-a50f-b840-8b1f-e0eb017be929, maximizeWindow {windowHandle=current}]
三月 23, 2014 4:12:51 下午 org.openqa.selenium.remote.RemoteWebDriver log
信息: Executing: executeScript [77348a09-a50f-b840-8b1f-e0eb017be929, executeScript {script=if (window && window.top) window.top.G_testRunner = null, args=[]}]
三月 23, 2014 4:12:51 下午 org.openqa.selenium.remote.RemoteWebDriver log
信息: Executed: [77348a09-a50f-b840-8b1f-e0eb017be929, executeScript {script=if (window && window.top) window.top.G_testRunner = null, args=[]}]
三月 23, 2014 4:12:51 下午 org.openqa.selenium.remote.RemoteWebDriver log
信息: Executing: get [77348a09-a50f-b840-8b1f-e0eb017be929, get {url=http://localhost:33655/javascript/atoms/test/child_locator_test.html}]
三月 23, 2014 4:12:51 下午 org.openqa.selenium.remote.RemoteWebDriver log
信息: Executed: [77348a09-a50f-b840-8b1f-e0eb017be929, get {url=http://localhost:33655/javascript/atoms/test/child_locator_test.html}]
三月 23, 2014 4:12:51 下午 org.openqa.selenium.remote.RemoteWebDriver log
信息: Executing: executeScript [77348a09-a50f-b840-8b1f-e0eb017be929, executeScript {script=var tr = window.top.G_testRunner;return !!tr && tr.isFinished();, args=[]}]
三月 23, 2014 4:12:51 下午 org.openqa.selenium.remote.RemoteWebDriver log
信息: Executed: [77348a09-a50f-b840-8b1f-e0eb017be929, executeScript {script=var tr = window.top.G_testRunner;return !!tr && tr.isFinished();, args=[]}]
三月 23, 2014 4:12:52 下午 org.openqa.selenium.remote.RemoteWebDriver log
信息: Executing: executeScript [77348a09-a50f-b840-8b1f-e0eb017be929, executeScript {script=var tr = window.top.G_testRunner;return !!tr && tr.isFinished();, args=[]}]
三月 23, 2014 4:12:52 下午 org.openqa.selenium.remote.RemoteWebDriver log
信息: Executed: [77348a09-a50f-b840-8b1f-e0eb017be929, executeScript {script=var tr = window.top.G_testRunner;return !!tr && tr.isFinished();, args=[]}]
三月 23, 2014 4:12:52 下午 org.openqa.selenium.remote.RemoteWebDriver log
信息: Executing: executeScript [77348a09-a50f-b840-8b1f-e0eb017be929, executeScript {script=var tr = window.top.G_testRunner;return !!tr && tr.isFinished();, args=[]}]
三月 23, 2014 4:12:52 下午 org.openqa.selenium.remote.RemoteWebDriver log
信息: Executed: [77348a09-a50f-b840-8b1f-e0eb017be929, executeScript {script=var tr = window.top.G_testRunner;return !!tr && tr.isFinished();, args=[]}]
三月 23, 2014 4:12:52 下午 org.openqa.selenium.remote.RemoteWebDriver log
信息: Executing: executeScript [77348a09-a50f-b840-8b1f-e0eb017be929, executeScript {script=var tr = window.top.G_testRunner;return !!tr && tr.isFinished();, args=[]}]
三月 23, 2014 4:12:52 下午 org.openqa.selenium.remote.RemoteWebDriver log
信息: Executed: [77348a09-a50f-b840-8b1f-e0eb017be929, executeScript {script=var tr = window.top.G_testRunner;return !!tr && tr.isFinished();, args=[]}]
三月 23, 2014 4:12:52 下午 org.openqa.selenium.remote.RemoteWebDriver log
信息: Executing: executeScript [77348a09-a50f-b840-8b1f-e0eb017be929, executeScript {script=var tr = window.top.G_testRunner;return !!tr && tr.isFinished();, args=[]}]
三月 23, 2014 4:12:52 下午 org.openqa.selenium.remote.RemoteWebDriver log
信息: Executed: [77348a09-a50f-b840-8b1f-e0eb017be929, executeScript {script=var tr = window.top.G_testRunner;return !!tr && tr.isFinished();, args=[]}]
三月 23, 2014 4:12:52 下午 org.openqa.selenium.remote.RemoteWebDriver log
信息: Executing: executeScript [77348a09-a50f-b840-8b1f-e0eb017be929, executeScript {script=var tr = window.top.G_testRunner;return !!tr && tr.isFinished();, args=[]}]
三月 23, 2014 4:12:52 下午 org.openqa.selenium.remote.RemoteWebDriver log
信息: Executed: [77348a09-a50f-b840-8b1f-e0eb017be929, executeScript {script=var tr = window.top.G_testRunner;return !!tr && tr.isFinished();, args=[]}]
三月 23, 2014 4:12:52 下午 org.openqa.selenium.remote.RemoteWebDriver log
信息: Executing: executeScript [77348a09-a50f-b840-8b1f-e0eb017be929, executeScript {script=var tr = window.top.G_testRunner;return !!tr && tr.isSuccess();, args=[]}]
三月 23, 2014 4:12:52 下午 org.openqa.selenium.remote.RemoteWebDriver log
信息: Executed: [77348a09-a50f-b840-8b1f-e0eb017be929, executeScript {script=var tr = window.top.G_testRunner;return !!tr && tr.isSuccess();, args=[]}]
三月 23, 2014 4:12:52 下午 org.openqa.selenium.javascript.ClosureTestStatement evaluate
信息: Running: http://localhost:33655/javascript/atoms/test/click_link_test.html
三月 23, 2014 4:12:52 下午 org.openqa.selenium.remote.RemoteWebDriver log
信息: Executing: maximizeWindow [77348a09-a50f-b840-8b1f-e0eb017be929, maximizeWindow {windowHandle=current}]
三月 23, 2014 4:12:52 下午 org.openqa.selenium.remote.RemoteWebDriver log
信息: Executed: [77348a09-a50f-b840-8b1f-e0eb017be929, maximizeWindow {windowHandle=current}]
三月 23, 2014 4:12:52 下午 org.openqa.selenium.remote.RemoteWebDriver log
信息: Executing: executeScript [77348a09-a50f-b840-8b1f-e0eb017be929, executeScript {script=if (window && window.top) window.top.G_testRunner = null, args=[]}]
三月 23, 2014 4:12:52 下午 org.openqa.selenium.remote.RemoteWebDriver log
信息: Executed: [77348a09-a50f-b840-8b1f-e0eb017be929, executeScript {script=if (window && window.top) window.top.G_testRunner = null, args=[]}]
三月 23, 2014 4:12:52 下午 org.openqa.selenium.remote.RemoteWebDriver log
信息: Executing: get [77348a09-a50f-b840-8b1f-e0eb017be929, get {url=http://localhost:33655/javascript/atoms/test/click_link_test.html}]
三月 23, 2014 4:12:52 下午 org.openqa.selenium.remote.RemoteWebDriver log
信息: Executed: [77348a09-a50f-b840-8b1f-e0eb017be929, get {url=http://localhost:33655/javascript/atoms/test/click_link_test.html}]
三月 23, 2014 4:12:52 下午 org.openqa.selenium.remote.RemoteWebDriver log
信息: Executing: executeScript [77348a09-a50f-b840-8b1f-e0eb017be929, executeScript {script=var tr = window.top.G_testRunner;return !!tr && tr.isFinished();, args=[]}]
三月 23, 2014 4:12:52 下午 org.openqa.selenium.remote.RemoteWebDriver log
信息: Executed: [77348a09-a50f-b840-8b1f-e0eb017be929, executeScript {script=var tr = window.top.G_testRunner;return !!tr && tr.isFinished();, args=[]}]
三月 23, 2014 4:12:52 下午 org.openqa.selenium.remote.RemoteWebDriver log
信息: Executing: executeScript [77348a09-a50f-b840-8b1f-e0eb017be929, executeScript {script=var tr = window.top.G_testRunner;return !!tr && tr.isFinished();, args=[]}]
三月 23, 2014 4:12:52 下午 org.openqa.selenium.remote.RemoteWebDriver log
信息: Executed: [77348a09-a50f-b840-8b1f-e0eb017be929, executeScript {script=var tr = window.top.G_testRunner;return !!tr && tr.isFinished();, args=[]}]
三月 23, 2014 4:12:53 下午 org.openqa.selenium.remote.RemoteWebDriver log
信息: Executing: executeScript [77348a09-a50f-b840-8b1f-e0eb017be929, executeScript {script=var tr = window.top.G_testRunner;return !!tr && tr.isFinished();, args=[]}]
三月 23, 2014 4:12:53 下午 org.openqa.selenium.remote.RemoteWebDriver log
信息: Executed: [77348a09-a50f-b840-8b1f-e0eb017be929, executeScript {script=var tr = window.top.G_testRunner;return !!tr && tr.isFinished();, args=[]}]
三月 23, 2014 4:12:53 下午 org.openqa.selenium.remote.RemoteWebDriver log
信息: Executing: executeScript [77348a09-a50f-b840-8b1f-e0eb017be929, executeScript {script=var tr = window.top.G_testRunner;return !!tr && tr.isFinished();, args=[]}]
三月 23, 2014 4:12:53 下午 org.openqa.selenium.remote.RemoteWebDriver log
信息: Executed: [77348a09-a50f-b840-8b1f-e0eb017be929, executeScript {script=var tr = window.top.G_testRunner;return !!tr && tr.isFinished();, args=[]}]
三月 23, 2014 4:12:53 下午 org.openqa.selenium.remote.RemoteWebDriver log
信息: Executing: executeScript [77348a09-a50f-b840-8b1f-e0eb017be929, executeScript {script=var tr = window.top.G_testRunner;return !!tr && tr.isFinished();, args=[]}]
三月 23, 2014 4:12:53 下午 org.openqa.selenium.remote.RemoteWebDriver log
信息: Executed: [77348a09-a50f-b840-8b1f-e0eb017be929, executeScript {script=var tr = window.top.G_testRunner;return !!tr && tr.isFinished();, args=[]}]
三月 23, 2014 4:12:53 下午 org.openqa.selenium.remote.RemoteWebDriver log
信息: Executing: executeScript [77348a09-a50f-b840-8b1f-e0eb017be929, executeScript {script=var tr = window.top.G_testRunner;return !!tr && tr.isFinished();, args=[]}]
三月 23, 2014 4:12:53 下午 org.openqa.selenium.remote.RemoteWebDriver log
信息: Executed: [77348a09-a50f-b840-8b1f-e0eb017be929, executeScript {script=var tr = window.top.G_testRunner;return !!tr && tr.isFinished();, args=[]}]
三月 23, 2014 4:12:53 下午 org.openqa.selenium.remote.RemoteWebDriver log
信息: Executing: executeScript [77348a09-a50f-b840-8b1f-e0eb017be929, executeScript {script=var tr = window.top.G_testRunner;return !!tr && tr.isFinished();, args=[]}]
三月 23, 2014 4:12:53 下午 org.openqa.selenium.remote.RemoteWebDriver log
信息: Executed: [77348a09-a50f-b840-8b1f-e0eb017be929, executeScript {script=var tr = window.top.G_testRunner;return !!tr && tr.isFinished();, args=[]}]
三月 23, 2014 4:12:53 下午 org.openqa.selenium.remote.RemoteWebDriver log
信息: Executing: executeScript [77348a09-a50f-b840-8b1f-e0eb017be929, executeScript {script=var tr = window.top.G_testRunner;return !!tr && tr.isFinished();, args=[]}]
三月 23, 2014 4:12:53 下午 org.openqa.selenium.remote.RemoteWebDriver log
信息: Executed: [77348a09-a50f-b840-8b1f-e0eb017be929, executeScript {script=var tr = window.top.G_testRunner;return !!tr && tr.isFinished();, args=[]}]
三月 23, 2014 4:12:53 下午 org.openqa.selenium.remote.RemoteWebDriver log
信息: Executing: executeScript [77348a09-a50f-b840-8b1f-e0eb017be929, executeScript {script=var tr = window.top.G_testRunner;return !!tr && tr.isFinished();, args=[]}]
三月 23, 2014 4:12:53 下午 org.openqa.selenium.remote.RemoteWebDriver log
信息: Executed: [77348a09-a50f-b840-8b1f-e0eb017be929, executeScript {script=var tr = window.top.G_testRunner;return !!tr && tr.isFinished();, args=[]}]
三月 23, 2014 4:12:53 下午 org.openqa.selenium.remote.RemoteWebDriver log
信息: Executing: executeScript [77348a09-a50f-b840-8b1f-e0eb017be929, executeScript {script=var tr = window.top.G_testRunner;return !!tr && tr.isFinished();, args=[]}]
三月 23, 2014 4:12:53 下午 org.openqa.selenium.remote.RemoteWebDriver log
信息: Executed: [77348a09-a50f-b840-8b1f-e0eb017be929, executeScript {script=var tr = window.top.G_testRunner;return !!tr && tr.isFinished();, args=[]}]
三月 23, 2014 4:12:54 下午 org.openqa.selenium.remote.RemoteWebDriver log
信息: Executing: executeScript [77348a09-a50f-b840-8b1f-e0eb017be929, executeScript {script=var tr = window.top.G_testRunner;return !!tr && tr.isFinished();, args=[]}]
三月 23, 2014 4:12:54 下午 org.openqa.selenium.remote.RemoteWebDriver log
信息: Executed: [77348a09-a50f-b840-8b1f-e0eb017be929, executeScript {script=var tr = window.top.G_testRunner;return !!tr && tr.isFinished();, args=[]}]
三月 23, 2014 4:12:54 下午 org.openqa.selenium.remote.RemoteWebDriver log
信息: Executing: executeScript [77348a09-a50f-b840-8b1f-e0eb017be929, executeScript {script=var tr = window.top.G_testRunner;return !!tr && tr.isFinished();, args=[]}]
三月 23, 2014 4:12:54 下午 org.openqa.selenium.remote.RemoteWebDriver log
信息: Executed: [77348a09-a50f-b840-8b1f-e0eb017be929, executeScript {script=var tr = window.top.G_testRunner;return !!tr && tr.isFinished();, args=[]}]
三月 23, 2014 4:12:54 下午 org.openqa.selenium.remote.RemoteWebDriver log
信息: Executing: executeScript [77348a09-a50f-b840-8b1f-e0eb017be929, executeScript {script=var tr = window.top.G_testRunner;return !!tr && tr.isFinished();, args=[]}]
三月 23, 2014 4:12:54 下午 org.openqa.selenium.remote.RemoteWebDriver log
信息: Executed: [77348a09-a50f-b840-8b1f-e0eb017be929, executeScript {script=var tr = window.top.G_testRunner;return !!tr && tr.isFinished();, args=[]}]
三月 23, 2014 4:12:54 下午 org.openqa.selenium.remote.RemoteWebDriver log
信息: Executing: executeScript [77348a09-a50f-b840-8b1f-e0eb017be929, executeScript {script=var tr = window.top.G_testRunner;return !!tr && tr.isFinished();, args=[]}]
三月 23, 2014 4:12:54 下午 org.openqa.selenium.remote.RemoteWebDriver log
信息: Executed: [77348a09-a50f-b840-8b1f-e0eb017be929, executeScript {script=var tr = window.top.G_testRunner;return !!tr && tr.isFinished();, args=[]}]
三月 23, 2014 4:12:54 下午 org.openqa.selenium.remote.RemoteWebDriver log
信息: Executing: executeScript [77348a09-a50f-b840-8b1f-e0eb017be929, executeScript {script=var tr = window.top.G_testRunner;return !!tr && tr.isFinished();, args=[]}]
三月 23, 2014 4:12:54 下午 org.openqa.selenium.remote.RemoteWebDriver log
信息: Executed: [77348a09-a50f-b840-8b1f-e0eb017be929, executeScript {script=var tr = window.top.G_testRunner;return !!tr && tr.isFinished();, args=[]}]
三月 23, 2014 4:12:54 下午 org.openqa.selenium.remote.RemoteWebDriver log
信息: Executing: executeScript [77348a09-a50f-b840-8b1f-e0eb017be929, executeScript {script=var tr = window.top.G_testRunner;return !!tr && tr.isFinished();, args=[]}]
三月 23, 2014 4:12:54 下午 org.openqa.selenium.remote.RemoteWebDriver log
信息: Executed: [77348a09-a50f-b840-8b1f-e0eb017be929, executeScript {script=var tr = window.top.G_testRunner;return !!tr && tr.isFinished();, args=[]}]
三月 23, 2014 4:12:54 下午 org.openqa.selenium.remote.RemoteWebDriver log
信息: Executing: executeScript [77348a09-a50f-b840-8b1f-e0eb017be929, executeScript {script=var tr = window.top.G_testRunner;return !!tr && tr.isFinished();, args=[]}]
三月 23, 2014 4:12:54 下午 org.openqa.selenium.remote.RemoteWebDriver log
信息: Executed: [77348a09-a50f-b840-8b1f-e0eb017be929, executeScript {script=var tr = window.top.G_testRunner;return !!tr && tr.isFinished();, args=[]}]
三月 23, 2014 4:12:54 下午 org.openqa.selenium.remote.RemoteWebDriver log
信息: Executing: executeScript [77348a09-a50f-b840-8b1f-e0eb017be929, executeScript {script=var tr = window.top.G_testRunner;return !!tr && tr.isFinished();, args=[]}]
三月 23, 2014 4:12:54 下午 org.openqa.selenium.remote.RemoteWebDriver log
信息: Executed: [77348a09-a50f-b840-8b1f-e0eb017be929, executeScript {script=var tr = window.top.G_testRunner;return !!tr && tr.isFinished();, args=[]}]
三月 23, 2014 4:12:54 下午 org.openqa.selenium.remote.RemoteWebDriver log
信息: Executing: executeScript [77348a09-a50f-b840-8b1f-e0eb017be929, executeScript {script=var tr = window.top.G_testRunner;return !!tr && tr.isFinished();, args=[]}]
三月 23, 2014 4:12:54 下午 org.openqa.selenium.remote.RemoteWebDriver log
信息: Executed: [77348a09-a50f-b840-8b1f-e0eb017be929, executeScript {script=var tr = window.top.G_testRunner;return !!tr && tr.isFinished();, args=[]}]
三月 23, 2014 4:12:55 下午 org.openqa.selenium.remote.RemoteWebDriver log
信息: Executing: executeScript [77348a09-a50f-b840-8b1f-e0eb017be929, executeScript {script=var tr = window.top.G_testRunner;return !!tr && tr.isFinished();, args=[]}]
三月 23, 2014 4:12:55 下午 org.openqa.selenium.remote.RemoteWebDriver log
信息: Executed: [77348a09-a50f-b840-8b1f-e0eb017be929, executeScript {script=var tr = window.top.G_testRunner;return !!tr && tr.isFinished();, args=[]}]
三月 23, 2014 4:12:55 下午 org.openqa.selenium.remote.RemoteWebDriver log
信息: Executing: executeScript [77348a09-a50f-b840-8b1f-e0eb017be929, executeScript {script=var tr = window.top.G_testRunner;return !!tr && tr.isFinished();, args=[]}]
三月 23, 2014 4:12:55 下午 org.openqa.selenium.remote.RemoteWebDriver log
信息: Executed: [77348a09-a50f-b840-8b1f-e0eb017be929, executeScript {script=var tr = window.top.G_testRunner;return !!tr && tr.isFinished();, args=[]}]
三月 23, 2014 4:12:55 下午 org.openqa.selenium.remote.RemoteWebDriver log
信息: Executing: executeScript [77348a09-a50f-b840-8b1f-e0eb017be929, executeScript {script=var tr = window.top.G_testRunner;return !!tr && tr.isFinished();, args=[]}]
三月 23, 2014 4:12:55 下午 org.openqa.selenium.remote.RemoteWebDriver log
信息: Executed: [77348a09-a50f-b840-8b1f-e0eb017be929, executeScript {script=var tr = window.top.G_testRunner;return !!tr && tr.isFinished();, args=[]}]
三月 23, 2014 4:12:55 下午 org.openqa.selenium.remote.RemoteWebDriver log
信息: Executing: executeScript [77348a09-a50f-b840-8b1f-e0eb017be929, executeScript {script=var tr = window.top.G_testRunner;return !!tr && tr.isFinished();, args=[]}]
三月 23, 2014 4:12:55 下午 org.openqa.selenium.remote.RemoteWebDriver log
信息: Executed: [77348a09-a50f-b840-8b1f-e0eb017be929, executeScript {script=var tr = window.top.G_testRunner;return !!tr && tr.isFinished();, args=[]}]
三月 23, 2014 4:12:55 下午 org.openqa.selenium.remote.RemoteWebDriver log
信息: Executing: executeScript [77348a09-a50f-b840-8b1f-e0eb017be929, executeScript {script=var tr = window.top.G_testRunner;return !!tr && tr.isFinished();, args=[]}]
三月 23, 2014 4:12:55 下午 org.openqa.selenium.remote.RemoteWebDriver log
信息: Executed: [77348a09-a50f-b840-8b1f-e0eb017be929, executeScript {script=var tr = window.top.G_testRunner;return !!tr && tr.isFinished();, args=[]}]
三月 23, 2014 4:12:55 下午 org.openqa.selenium.remote.RemoteWebDriver log
信息: Executing: executeScript [77348a09-a50f-b840-8b1f-e0eb017be929, executeScript {script=var tr = window.top.G_testRunner;return !!tr && tr.isFinished();, args=[]}]
三月 23, 2014 4:12:55 下午 org.openqa.selenium.remote.RemoteWebDriver log
信息: Executed: [77348a09-a50f-b840-8b1f-e0eb017be929, executeScript {script=var tr = window.top.G_testRunner;return !!tr && tr.isFinished();, args=[]}]
三月 23, 2014 4:12:55 下午 org.openqa.selenium.remote.RemoteWebDriver log
信息: Executing: executeScript [77348a09-a50f-b840-8b1f-e0eb017be929, executeScript {script=var tr = window.top.G_testRunner;return !!tr && tr.isFinished();, args=[]}]
三月 23, 2014 4:12:55 下午 org.openqa.selenium.remote.RemoteWebDriver log
信息: Executed: [77348a09-a50f-b840-8b1f-e0eb017be929, executeScript {script=var tr = window.top.G_testRunner;return !!tr && tr.isFinished();, args=[]}]
三月 23, 2014 4:12:55 下午 org.openqa.selenium.remote.RemoteWebDriver log
信息: Executing: executeScript [77348a09-a50f-b840-8b1f-e0eb017be929, executeScript {script=var tr = window.top.G_testRunner;return !!tr && tr.isFinished();, args=[]}]
三月 23, 2014 4:12:55 下午 org.openqa.selenium.remote.RemoteWebDriver log
信息: Executed: [77348a09-a50f-b840-8b1f-e0eb017be929, executeScript {script=var tr = window.top.G_testRunner;return !!tr && tr.isFinished();, args=[]}]
三月 23, 2014 4:12:56 下午 org.openqa.selenium.remote.RemoteWebDriver log
信息: Executing: executeScript [77348a09-a50f-b840-8b1f-e0eb017be929, executeScript {script=var tr = window.top.G_testRunner;return !!tr && tr.isFinished();, args=[]}]
三月 23, 2014 4:12:56 下午 org.openqa.selenium.remote.RemoteWebDriver log
信息: Executed: [77348a09-a50f-b840-8b1f-e0eb017be929, executeScript {script=var tr = window.top.G_testRunner;return !!tr && tr.isFinished();, args=[]}]
三月 23, 2014 4:12:56 下午 org.openqa.selenium.remote.RemoteWebDriver log
信息: Executing: executeScript [77348a09-a50f-b840-8b1f-e0eb017be929, executeScript {script=var tr = window.top.G_testRunner;return !!tr && tr.isFinished();, args=[]}]
三月 23, 2014 4:12:56 下午 org.openqa.selenium.remote.RemoteWebDriver log
信息: Executed: [77348a09-a50f-b840-8b1f-e0eb017be929, executeScript {script=var tr = window.top.G_testRunner;return !!tr && tr.isFinished();, args=[]}]
三月 23, 2014 4:12:56 下午 org.openqa.selenium.remote.RemoteWebDriver log
信息: Executing: executeScript [77348a09-a50f-b840-8b1f-e0eb017be929, executeScript {script=var tr = window.top.G_testRunner;return !!tr && tr.isFinished();, args=[]}]
三月 23, 2014 4:12:56 下午 org.openqa.selenium.remote.RemoteWebDriver log
信息: Executed: [77348a09-a50f-b840-8b1f-e0eb017be929, executeScript {script=var tr = window.top.G_testRunner;return !!tr && tr.isFinished();, args=[]}]
三月 23, 2014 4:12:56 下午 org.openqa.selenium.remote.RemoteWebDriver log
信息: Executing: executeScript [77348a09-a50f-b840-8b1f-e0eb017be929, executeScript {script=var tr = window.top.G_testRunner;return !!tr && tr.isFinished();, args=[]}]
三月 23, 2014 4:12:56 下午 org.openqa.selenium.remote.RemoteWebDriver log
信息: Executed: [77348a09-a50f-b840-8b1f-e0eb017be929, executeScript {script=var tr = window.top.G_testRunner;return !!tr && tr.isFinished();, args=[]}]
三月 23, 2014 4:12:56 下午 org.openqa.selenium.remote.RemoteWebDriver log
信息: Executing: executeScript [77348a09-a50f-b840-8b1f-e0eb017be929, executeScript {script=var tr = window.top.G_testRunner;return !!tr && tr.isFinished();, args=[]}]
三月 23, 2014 4:12:56 下午 org.openqa.selenium.remote.RemoteWebDriver log
信息: Executed: [77348a09-a50f-b840-8b1f-e0eb017be929, executeScript {script=var tr = window.top.G_testRunner;return !!tr && tr.isFinished();, args=[]}]
三月 23, 2014 4:12:56 下午 org.openqa.selenium.remote.RemoteWebDriver log
信息: Executing: executeScript [77348a09-a50f-b840-8b1f-e0eb017be929, executeScript {script=var tr = window.top.G_testRunner;return !!tr && tr.isFinished();, args=[]}]
三月 23, 2014 4:12:56 下午 org.openqa.selenium.remote.RemoteWebDriver log
信息: Executed: [77348a09-a50f-b840-8b1f-e0eb017be929, executeScript {script=var tr = window.top.G_testRunner;return !!tr && tr.isFinished();, args=[]}]
三月 23, 2014 4:12:56 下午 org.openqa.selenium.remote.RemoteWebDriver log
信息: Executing: executeScript [77348a09-a50f-b840-8b1f-e0eb017be929, executeScript {script=var tr = window.top.G_testRunner;return !!tr && tr.isFinished();, args=[]}]
三月 23, 2014 4:12:56 下午 org.openqa.selenium.remote.RemoteWebDriver log
信息: Executed: [77348a09-a50f-b840-8b1f-e0eb017be929, executeScript {script=var tr = window.top.G_testRunner;return !!tr && tr.isFinished();, args=[]}]
三月 23, 2014 4:12:56 下午 org.openqa.selenium.remote.RemoteWebDriver log
信息: Executing: executeScript [77348a09-a50f-b840-8b1f-e0eb017be929, executeScript {script=var tr = window.top.G_testRunner;return !!tr && tr.isFinished();, args=[]}]
三月 23, 2014 4:12:56 下午 org.openqa.selenium.remote.RemoteWebDriver log
信息: Executed: [77348a09-a50f-b840-8b1f-e0eb017be929, executeScript {script=var tr = window.top.G_testRunner;return !!tr && tr.isFinished();, args=[]}]
三月 23, 2014 4:12:57 下午 org.openqa.selenium.remote.RemoteWebDriver log
信息: Executing: executeScript [77348a09-a50f-b840-8b1f-e0eb017be929, executeScript {script=var tr = window.top.G_testRunner;return !!tr && tr.isFinished();, args=[]}]
三月 23, 2014 4:12:57 下午 org.openqa.selenium.remote.RemoteWebDriver log
信息: Executed: [77348a09-a50f-b840-8b1f-e0eb017be929, executeScript {script=var tr = window.top.G_testRunner;return !!tr && tr.isFinished();, args=[]}]
三月 23, 2014 4:12:57 下午 org.openqa.selenium.remote.RemoteWebDriver log
信息: Executing: executeScript [77348a09-a50f-b840-8b1f-e0eb017be929, executeScript {script=var tr = window.top.G_testRunner;return !!tr && tr.isFinished();, args=[]}]
三月 23, 2014 4:12:57 下午 org.openqa.selenium.remote.RemoteWebDriver log
信息: Executed: [77348a09-a50f-b840-8b1f-e0eb017be929, executeScript {script=var tr = window.top.G_testRunner;return !!tr && tr.isFinished();, args=[]}]
三月 23, 2014 4:12:57 下午 org.openqa.selenium.remote.RemoteWebDriver log
信息: Executing: executeScript [77348a09-a50f-b840-8b1f-e0eb017be929, executeScript {script=var tr = window.top.G_testRunner;return !!tr && tr.isFinished();, args=[]}]
三月 23, 2014 4:12:57 下午 org.openqa.selenium.remote.RemoteWebDriver log
信息: Executed: [77348a09-a50f-b840-8b1f-e0eb017be929, executeScript {script=var tr = window.top.G_testRunner;return !!tr && tr.isFinished();, args=[]}]
三月 23, 2014 4:12:57 下午 org.openqa.selenium.remote.RemoteWebDriver log
信息: Executing: executeScript [77348a09-a50f-b840-8b1f-e0eb017be929, executeScript {script=var tr = window.top.G_testRunner;return !!tr && tr.isFinished();, args=[]}]
三月 23, 2014 4:12:57 下午 org.openqa.selenium.remote.RemoteWebDriver log
信息: Executed: [77348a09-a50f-b840-8b1f-e0eb017be929, executeScript {script=var tr = window.top.G_testRunner;return !!tr && tr.isFinished();, args=[]}]
三月 23, 2014 4:12:57 下午 org.openqa.selenium.remote.RemoteWebDriver log
信息: Executing: executeScript [77348a09-a50f-b840-8b1f-e0eb017be929, executeScript {script=var tr = window.top.G_testRunner;return !!tr && tr.isFinished();, args=[]}]
三月 23, 2014 4:12:57 下午 org.openqa.selenium.remote.RemoteWebDriver log
信息: Executed: [77348a09-a50f-b840-8b1f-e0eb017be929, executeScript {script=var tr = window.top.G_testRunner;return !!tr && tr.isFinished();, args=[]}]
三月 23, 2014 4:12:57 下午 org.openqa.selenium.remote.RemoteWebDriver log
信息: Executing: executeScript [77348a09-a50f-b840-8b1f-e0eb017be929, executeScript {script=var tr = window.top.G_testRunner;return !!tr && tr.isFinished();, args=[]}]
三月 23, 2014 4:12:57 下午 org.openqa.selenium.remote.RemoteWebDriver log
信息: Executed: [77348a09-a50f-b840-8b1f-e0eb017be929, executeScript {script=var tr = window.top.G_testRunner;return !!tr && tr.isFinished();, args=[]}]
三月 23, 2014 4:12:57 下午 org.openqa.selenium.remote.RemoteWebDriver log
信息: Executing: executeScript [77348a09-a50f-b840-8b1f-e0eb017be929, executeScript {script=var tr = window.top.G_testRunner;return !!tr && tr.isFinished();, args=[]}]
三月 23, 2014 4:12:57 下午 org.openqa.selenium.remote.RemoteWebDriver log
信息: Executed: [77348a09-a50f-b840-8b1f-e0eb017be929, executeScript {script=var tr = window.top.G_testRunner;return !!tr && tr.isFinished();, args=[]}]
三月 23, 2014 4:12:57 下午 org.openqa.selenium.remote.RemoteWebDriver log
信息: Executing: executeScript [77348a09-a50f-b840-8b1f-e0eb017be929, executeScript {script=var tr = window.top.G_testRunner;return !!tr && tr.isFinished();, args=[]}]
三月 23, 2014 4:12:57 下午 org.openqa.selenium.remote.RemoteWebDriver log
信息: Executed: [77348a09-a50f-b840-8b1f-e0eb017be929, executeScript {script=var tr = window.top.G_testRunner;return !!tr && tr.isFinished();, args=[]}]
三月 23, 2014 4:12:58 下午 org.openqa.selenium.remote.RemoteWebDriver log
信息: Executing: executeScript [77348a09-a50f-b840-8b1f-e0eb017be929, executeScript {script=var tr = window.top.G_testRunner;return !!tr && tr.isFinished();, args=[]}]
三月 23, 2014 4:12:58 下午 org.openqa.selenium.remote.RemoteWebDriver log
信息: Executed: [77348a09-a50f-b840-8b1f-e0eb017be929, executeScript {script=var tr = window.top.G_testRunner;return !!tr && tr.isFinished();, args=[]}]
三月 23, 2014 4:12:58 下午 org.openqa.selenium.remote.RemoteWebDriver log
信息: Executing: executeScript [77348a09-a50f-b840-8b1f-e0eb017be929, executeScript {script=var tr = window.top.G_testRunner;return !!tr && tr.isFinished();, args=[]}]
三月 23, 2014 4:12:58 下午 org.openqa.selenium.remote.RemoteWebDriver log
信息: Executed: [77348a09-a50f-b840-8b1f-e0eb017be929, executeScript {script=var tr = window.top.G_testRunner;return !!tr && tr.isFinished();, args=[]}]
三月 23, 2014 4:12:58 下午 org.openqa.selenium.remote.RemoteWebDriver log
信息: Executing: executeScript [77348a09-a50f-b840-8b1f-e0eb017be929, executeScript {script=var tr = window.top.G_testRunner;return !!tr && tr.isFinished();, args=[]}]
三月 23, 2014 4:12:58 下午 org.openqa.selenium.remote.RemoteWebDriver log
信息: Executed: [77348a09-a50f-b840-8b1f-e0eb017be929, executeScript {script=var tr = window.top.G_testRunner;return !!tr && tr.isFinished();, args=[]}]
三月 23, 2014 4:12:58 下午 org.openqa.selenium.remote.RemoteWebDriver log
信息: Executing: executeScript [77348a09-a50f-b840-8b1f-e0eb017be929, executeScript {script=var tr = window.top.G_testRunner;return !!tr && tr.isFinished();, args=[]}]
三月 23, 2014 4:12:58 下午 org.openqa.selenium.remote.RemoteWebDriver log
信息: Executed: [77348a09-a50f-b840-8b1f-e0eb017be929, executeScript {script=var tr = window.top.G_testRunner;return !!tr && tr.isFinished();, args=[]}]
三月 23, 2014 4:12:58 下午 org.openqa.selenium.remote.RemoteWebDriver log
信息: Executing: executeScript [77348a09-a50f-b840-8b1f-e0eb017be929, executeScript {script=var tr = window.top.G_testRunner;return !!tr && tr.isFinished();, args=[]}]
三月 23, 2014 4:12:58 下午 org.openqa.selenium.remote.RemoteWebDriver log
信息: Executed: [77348a09-a50f-b840-8b1f-e0eb017be929, executeScript {script=var tr = window.top.G_testRunner;return !!tr && tr.isFinished();, args=[]}]
三月 23, 2014 4:12:58 下午 org.openqa.selenium.remote.RemoteWebDriver log
信息: Executing: executeScript [77348a09-a50f-b840-8b1f-e0eb017be929, executeScript {script=var tr = window.top.G_testRunner;return !!tr && tr.isFinished();, args=[]}]
三月 23, 2014 4:12:58 下午 org.openqa.selenium.remote.RemoteWebDriver log
信息: Executed: [77348a09-a50f-b840-8b1f-e0eb017be929, executeScript {script=var tr = window.top.G_testRunner;return !!tr && tr.isFinished();, args=[]}]
三月 23, 2014 4:12:58 下午 org.openqa.selenium.remote.RemoteWebDriver log
信息: Executing: executeScript [77348a09-a50f-b840-8b1f-e0eb017be929, executeScript {script=var tr = window.top.G_testRunner;return !!tr && tr.isFinished();, args=[]}]
三月 23, 2014 4:12:58 下午 org.openqa.selenium.remote.RemoteWebDriver log
信息: Executed: [77348a09-a50f-b840-8b1f-e0eb017be929, executeScript {script=var tr = window.top.G_testRunner;return !!tr && tr.isFinished();, args=[]}]
三月 23, 2014 4:12:58 下午 org.openqa.selenium.remote.RemoteWebDriver log
信息: Executing: executeScript [77348a09-a50f-b840-8b1f-e0eb017be929, executeScript {script=var tr = window.top.G_testRunner;return !!tr && tr.isFinished();, args=[]}]
三月 23, 2014 4:12:58 下午 org.openqa.selenium.remote.RemoteWebDriver log
信息: Executed: [77348a09-a50f-b840-8b1f-e0eb017be929, executeScript {script=var tr = window.top.G_testRunner;return !!tr && tr.isFinished();, args=[]}]
三月 23, 2014 4:12:58 下午 org.openqa.selenium.remote.RemoteWebDriver log
信息: Executing: executeScript [77348a09-a50f-b840-8b1f-e0eb017be929, executeScript {script=var tr = window.top.G_testRunner;return !!tr && tr.isFinished();, args=[]}]
三月 23, 2014 4:12:59 下午 org.openqa.selenium.remote.RemoteWebDriver log
信息: Executed: [77348a09-a50f-b840-8b1f-e0eb017be929, executeScript {script=var tr = window.top.G_testRunner;return !!tr && tr.isFinished();, args=[]}]
三月 23, 2014 4:12:59 下午 org.openqa.selenium.remote.RemoteWebDriver log
信息: Executing: executeScript [77348a09-a50f-b840-8b1f-e0eb017be929, executeScript {script=var tr = window.top.G_testRunner;return !!tr && tr.isFinished();, args=[]}]
三月 23, 2014 4:12:59 下午 org.openqa.selenium.remote.RemoteWebDriver log
信息: Executed: [77348a09-a50f-b840-8b1f-e0eb017be929, executeScript {script=var tr = window.top.G_testRunner;return !!tr && tr.isFinished();, args=[]}]
三月 23, 2014 4:12:59 下午 org.openqa.selenium.remote.RemoteWebDriver log
信息: Executing: executeScript [77348a09-a50f-b840-8b1f-e0eb017be929, executeScript {script=var tr = window.top.G_testRunner;return !!tr && tr.isFinished();, args=[]}]
三月 23, 2014 4:12:59 下午 org.openqa.selenium.remote.RemoteWebDriver log
信息: Executed: [77348a09-a50f-b840-8b1f-e0eb017be929, executeScript {script=var tr = window.top.G_testRunner;return !!tr && tr.isFinished();, args=[]}]
三月 23, 2014 4:12:59 下午 org.openqa.selenium.remote.RemoteWebDriver log
信息: Executing: executeScript [77348a09-a50f-b840-8b1f-e0eb017be929, executeScript {script=var tr = window.top.G_testRunner;return !!tr && tr.isFinished();, args=[]}]
三月 23, 2014 4:12:59 下午 org.openqa.selenium.remote.RemoteWebDriver log
信息: Executed: [77348a09-a50f-b840-8b1f-e0eb017be929, executeScript {script=var tr = window.top.G_testRunner;return !!tr && tr.isFinished();, args=[]}]
三月 23, 2014 4:12:59 下午 org.openqa.selenium.remote.RemoteWebDriver log
信息: Executing: executeScript [77348a09-a50f-b840-8b1f-e0eb017be929, executeScript {script=var tr = window.top.G_testRunner;return !!tr && tr.isFinished();, args=[]}]
三月 23, 2014 4:12:59 下午 org.openqa.selenium.remote.RemoteWebDriver log
信息: Executed: [77348a09-a50f-b840-8b1f-e0eb017be929, executeScript {script=var tr = window.top.G_testRunner;return !!tr && tr.isFinished();, args=[]}]
三月 23, 2014 4:12:59 下午 org.openqa.selenium.remote.RemoteWebDriver log
信息: Executing: executeScript [77348a09-a50f-b840-8b1f-e0eb017be929, executeScript {script=var tr = window.top.G_testRunner;return !!tr && tr.isFinished();, args=[]}]
三月 23, 2014 4:12:59 下午 org.openqa.selenium.remote.RemoteWebDriver log
信息: Executed: [77348a09-a50f-b840-8b1f-e0eb017be929, executeScript {script=var tr = window.top.G_testRunner;return !!tr && tr.isFinished();, args=[]}]
三月 23, 2014 4:12:59 下午 org.openqa.selenium.remote.RemoteWebDriver log
信息: Executing: executeScript [77348a09-a50f-b840-8b1f-e0eb017be929, executeScript {script=var tr = window.top.G_testRunner;return !!tr && tr.isFinished();, args=[]}]
三月 23, 2014 4:12:59 下午 org.openqa.selenium.remote.RemoteWebDriver log
信息: Executed: [77348a09-a50f-b840-8b1f-e0eb017be929, executeScript {script=var tr = window.top.G_testRunner;return !!tr && tr.isFinished();, args=[]}]
三月 23, 2014 4:12:59 下午 org.openqa.selenium.remote.RemoteWebDriver log
信息: Executing: executeScript [77348a09-a50f-b840-8b1f-e0eb017be929, executeScript {script=var tr = window.top.G_testRunner;return !!tr && tr.isFinished();, args=[]}]
三月 23, 2014 4:12:59 下午 org.openqa.selenium.remote.RemoteWebDriver log
信息: Executed: [77348a09-a50f-b840-8b1f-e0eb017be929, executeScript {script=var tr = window.top.G_testRunner;return !!tr && tr.isFinished();, args=[]}]
三月 23, 2014 4:13:00 下午 org.openqa.selenium.remote.RemoteWebDriver log
信息: Executing: executeScript [77348a09-a50f-b840-8b1f-e0eb017be929, executeScript {script=var tr = window.top.G_testRunner;return !!tr && tr.isFinished();, args=[]}]
三月 23, 2014 4:13:00 下午 org.openqa.selenium.remote.RemoteWebDriver log
信息: Executed: [77348a09-a50f-b840-8b1f-e0eb017be929, executeScript {script=var tr = window.top.G_testRunner;return !!tr && tr.isFinished();, args=[]}]
三月 23, 2014 4:13:00 下午 org.openqa.selenium.remote.RemoteWebDriver log
信息: Executing: executeScript [77348a09-a50f-b840-8b1f-e0eb017be929, executeScript {script=var tr = window.top.G_testRunner;return !!tr && tr.isFinished();, args=[]}]
三月 23, 2014 4:13:00 下午 org.openqa.selenium.remote.RemoteWebDriver log
信息: Executed: [77348a09-a50f-b840-8b1f-e0eb017be929, executeScript {script=var tr = window.top.G_testRunner;return !!tr && tr.isFinished();, args=[]}]
三月 23, 2014 4:13:00 下午 org.openqa.selenium.remote.RemoteWebDriver log
信息: Executing: executeScript [77348a09-a50f-b840-8b1f-e0eb017be929, executeScript {script=var tr = window.top.G_testRunner;return !!tr && tr.isFinished();, args=[]}]
三月 23, 2014 4:13:00 下午 org.openqa.selenium.remote.RemoteWebDriver log
信息: Executed: [77348a09-a50f-b840-8b1f-e0eb017be929, executeScript {script=var tr = window.top.G_testRunner;return !!tr && tr.isFinished();, args=[]}]
三月 23, 2014 4:13:00 下午 org.openqa.selenium.remote.RemoteWebDriver log
信息: Executing: executeScript [77348a09-a50f-b840-8b1f-e0eb017be929, executeScript {script=var tr = window.top.G_testRunner;return !!tr && tr.isFinished();, args=[]}]
三月 23, 2014 4:13:00 下午 org.openqa.selenium.remote.RemoteWebDriver log
信息: Executed: [77348a09-a50f-b840-8b1f-e0eb017be929, executeScript {script=var tr = window.top.G_testRunner;return !!tr && tr.isFinished();, args=[]}]
三月 23, 2014 4:13:00 下午 org.openqa.selenium.remote.RemoteWebDriver log
信息: Executing: executeScript [77348a09-a50f-b840-8b1f-e0eb017be929, executeScript {script=var tr = window.top.G_testRunner;return !!tr && tr.isFinished();, args=[]}]
三月 23, 2014 4:13:00 下午 org.openqa.selenium.remote.RemoteWebDriver log
信息: Executed: [77348a09-a50f-b840-8b1f-e0eb017be929, executeScript {script=var tr = window.top.G_testRunner;return !!tr && tr.isFinished();, args=[]}]
三月 23, 2014 4:13:00 下午 org.openqa.selenium.remote.RemoteWebDriver log
信息: Executing: executeScript [77348a09-a50f-b840-8b1f-e0eb017be929, executeScript {script=var tr = window.top.G_testRunner;return !!tr && tr.isFinished();, args=[]}]
三月 23, 2014 4:13:00 下午 org.openqa.selenium.remote.RemoteWebDriver log
信息: Executed: [77348a09-a50f-b840-8b1f-e0eb017be929, executeScript {script=var tr = window.top.G_testRunner;return !!tr && tr.isFinished();, args=[]}]
三月 23, 2014 4:13:00 下午 org.openqa.selenium.remote.RemoteWebDriver log
信息: Executing: executeScript [77348a09-a50f-b840-8b1f-e0eb017be929, executeScript {script=var tr = window.top.G_testRunner;return !!tr && tr.isFinished();, args=[]}]
三月 23, 2014 4:13:00 下午 org.openqa.selenium.remote.RemoteWebDriver log
信息: Executed: [77348a09-a50f-b840-8b1f-e0eb017be929, executeScript {script=var tr = window.top.G_testRunner;return !!tr && tr.isFinished();, args=[]}]
三月 23, 2014 4:13:00 下午 org.openqa.selenium.remote.RemoteWebDriver log
信息: Executing: executeScript [77348a09-a50f-b840-8b1f-e0eb017be929, executeScript {script=var tr = window.top.G_testRunner;return !!tr && tr.isFinished();, args=[]}]
三月 23, 2014 4:13:01 下午 org.openqa.selenium.remote.RemoteWebDriver log
信息: Executed: [77348a09-a50f-b840-8b1f-e0eb017be929, executeScript {script=var tr = window.top.G_testRunner;return !!tr && tr.isFinished();, args=[]}]
三月 23, 2014 4:13:01 下午 org.openqa.selenium.remote.RemoteWebDriver log
信息: Executing: executeScript [77348a09-a50f-b840-8b1f-e0eb017be929, executeScript {script=var tr = window.top.G_testRunner;return !!tr && tr.isFinished();, args=[]}]
三月 23, 2014 4:13:01 下午 org.openqa.selenium.remote.RemoteWebDriver log
信息: Executed: [77348a09-a50f-b840-8b1f-e0eb017be929, executeScript {script=var tr = window.top.G_testRunner;return !!tr && tr.isFinished();, args=[]}]
三月 23, 2014 4:13:01 下午 org.openqa.selenium.remote.RemoteWebDriver log
信息: Executing: executeScript [77348a09-a50f-b840-8b1f-e0eb017be929, executeScript {script=var tr = window.top.G_testRunner;return !!tr && tr.isSuccess();, args=[]}]
三月 23, 2014 4:13:01 下午 org.openqa.selenium.remote.RemoteWebDriver log
信息: Executed: [77348a09-a50f-b840-8b1f-e0eb017be929, executeScript {script=var tr = window.top.G_testRunner;return !!tr && tr.isSuccess();, args=[]}]
三月 23, 2014 4:13:01 下午 org.openqa.selenium.javascript.ClosureTestStatement evaluate
信息: Running: http://localhost:33655/javascript/atoms/test/click_submit_test.html
三月 23, 2014 4:13:01 下午 org.openqa.selenium.remote.RemoteWebDriver log
信息: Executing: maximizeWindow [77348a09-a50f-b840-8b1f-e0eb017be929, maximizeWindow {windowHandle=current}]
三月 23, 2014 4:13:01 下午 org.openqa.selenium.remote.RemoteWebDriver log
信息: Executed: [77348a09-a50f-b840-8b1f-e0eb017be929, maximizeWindow {windowHandle=current}]
三月 23, 2014 4:13:01 下午 org.openqa.selenium.remote.RemoteWebDriver log
信息: Executing: executeScript [77348a09-a50f-b840-8b1f-e0eb017be929, executeScript {script=if (window && window.top) window.top.G_testRunner = null, args=[]}]
三月 23, 2014 4:13:01 下午 org.openqa.selenium.remote.RemoteWebDriver log
信息: Executed: [77348a09-a50f-b840-8b1f-e0eb017be929, executeScript {script=if (window && window.top) window.top.G_testRunner = null, args=[]}]
三月 23, 2014 4:13:01 下午 org.openqa.selenium.remote.RemoteWebDriver log
信息: Executing: get [77348a09-a50f-b840-8b1f-e0eb017be929, get {url=http://localhost:33655/javascript/atoms/test/click_submit_test.html}]
三月 23, 2014 4:13:01 下午 org.openqa.selenium.remote.RemoteWebDriver log
信息: Executed: [77348a09-a50f-b840-8b1f-e0eb017be929, get {url=http://localhost:33655/javascript/atoms/test/click_submit_test.html}]
三月 23, 2014 4:13:01 下午 org.openqa.selenium.remote.RemoteWebDriver log
信息: Executing: executeScript [77348a09-a50f-b840-8b1f-e0eb017be929, executeScript {script=var tr = window.top.G_testRunner;return !!tr && tr.isFinished();, args=[]}]
三月 23, 2014 4:13:01 下午 org.openqa.selenium.remote.RemoteWebDriver log
信息: Executed: [77348a09-a50f-b840-8b1f-e0eb017be929, executeScript {script=var tr = window.top.G_testRunner;return !!tr && tr.isFinished();, args=[]}]
三月 23, 2014 4:13:01 下午 org.openqa.selenium.remote.RemoteWebDriver log
信息: Executing: executeScript [77348a09-a50f-b840-8b1f-e0eb017be929, executeScript {script=var tr = window.top.G_testRunner;return !!tr && tr.isFinished();, args=[]}]
三月 23, 2014 4:13:01 下午 org.openqa.selenium.remote.RemoteWebDriver log
信息: Executed: [77348a09-a50f-b840-8b1f-e0eb017be929, executeScript {script=var tr = window.top.G_testRunner;return !!tr && tr.isFinished();, args=[]}]
三月 23, 2014 4:13:01 下午 org.openqa.selenium.remote.RemoteWebDriver log
信息: Executing: executeScript [77348a09-a50f-b840-8b1f-e0eb017be929, executeScript {script=var tr = window.top.G_testRunner;return !!tr && tr.isFinished();, args=[]}]
三月 23, 2014 4:13:01 下午 org.openqa.selenium.remote.RemoteWebDriver log
信息: Executed: [77348a09-a50f-b840-8b1f-e0eb017be929, executeScript {script=var tr = window.top.G_testRunner;return !!tr && tr.isFinished();, args=[]}]
三月 23, 2014 4:13:01 下午 org.openqa.selenium.remote.RemoteWebDriver log
信息: Executing: executeScript [77348a09-a50f-b840-8b1f-e0eb017be929, executeScript {script=var tr = window.top.G_testRunner;return !!tr && tr.isFinished();, args=[]}]
三月 23, 2014 4:13:01 下午 org.openqa.selenium.remote.RemoteWebDriver log
信息: Executed: [77348a09-a50f-b840-8b1f-e0eb017be929, executeScript {script=var tr = window.top.G_testRunner;return !!tr && tr.isFinished();, args=[]}]
三月 23, 2014 4:13:01 下午 org.openqa.selenium.remote.RemoteWebDriver log
信息: Executing: executeScript [77348a09-a50f-b840-8b1f-e0eb017be929, executeScript {script=var tr = window.top.G_testRunner;return !!tr && tr.isFinished();, args=[]}]
三月 23, 2014 4:13:01 下午 org.openqa.selenium.remote.RemoteWebDriver log
信息: Executed: [77348a09-a50f-b840-8b1f-e0eb017be929, executeScript {script=var tr = window.top.G_testRunner;return !!tr && tr.isFinished();, args=[]}]
三月 23, 2014 4:13:01 下午 org.openqa.selenium.remote.RemoteWebDriver log
信息: Executing: executeScript [77348a09-a50f-b840-8b1f-e0eb017be929, executeScript {script=var tr = window.top.G_testRunner;return !!tr && tr.isFinished();, args=[]}]
三月 23, 2014 4:13:02 下午 org.openqa.selenium.remote.RemoteWebDriver log
信息: Executed: [77348a09-a50f-b840-8b1f-e0eb017be929, executeScript {script=var tr = window.top.G_testRunner;return !!tr && tr.isFinished();, args=[]}]
三月 23, 2014 4:13:02 下午 org.openqa.selenium.remote.RemoteWebDriver log
信息: Executing: executeScript [77348a09-a50f-b840-8b1f-e0eb017be929, executeScript {script=var tr = window.top.G_testRunner;return !!tr && tr.isFinished();, args=[]}]
三月 23, 2014 4:13:02 下午 org.openqa.selenium.remote.RemoteWebDriver log
信息: Executed: [77348a09-a50f-b840-8b1f-e0eb017be929, executeScript {script=var tr = window.top.G_testRunner;return !!tr && tr.isFinished();, args=[]}]
三月 23, 2014 4:13:02 下午 org.openqa.selenium.remote.RemoteWebDriver log
信息: Executing: executeScript [77348a09-a50f-b840-8b1f-e0eb017be929, executeScript {script=var tr = window.top.G_testRunner;return !!tr && tr.isFinished();, args=[]}]
三月 23, 2014 4:13:02 下午 org.openqa.selenium.remote.RemoteWebDriver log
信息: Executed: [77348a09-a50f-b840-8b1f-e0eb017be929, executeScript {script=var tr = window.top.G_testRunner;return !!tr && tr.isFinished();, args=[]}]
三月 23, 2014 4:13:02 下午 org.openqa.selenium.remote.RemoteWebDriver log
信息: Executing: executeScript [77348a09-a50f-b840-8b1f-e0eb017be929, executeScript {script=var tr = window.top.G_testRunner;return !!tr && tr.isFinished();, args=[]}]
三月 23, 2014 4:13:02 下午 org.openqa.selenium.remote.RemoteWebDriver log
信息: Executed: [77348a09-a50f-b840-8b1f-e0eb017be929, executeScript {script=var tr = window.top.G_testRunner;return !!tr && tr.isFinished();, args=[]}]
三月 23, 2014 4:13:02 下午 org.openqa.selenium.remote.RemoteWebDriver log
信息: Executing: executeScript [77348a09-a50f-b840-8b1f-e0eb017be929, executeScript {script=var tr = window.top.G_testRunner;return !!tr && tr.isFinished();, args=[]}]
三月 23, 2014 4:13:02 下午 org.openqa.selenium.remote.RemoteWebDriver log
信息: Executed: [77348a09-a50f-b840-8b1f-e0eb017be929, executeScript {script=var tr = window.top.G_testRunner;return !!tr && tr.isFinished();, args=[]}]
三月 23, 2014 4:13:02 下午 org.openqa.selenium.remote.RemoteWebDriver log
信息: Executing: executeScript [77348a09-a50f-b840-8b1f-e0eb017be929, executeScript {script=var tr = window.top.G_testRunner;return !!tr && tr.isSuccess();, args=[]}]
三月 23, 2014 4:13:02 下午 org.openqa.selenium.remote.RemoteWebDriver log
信息: Executed: [77348a09-a50f-b840-8b1f-e0eb017be929, executeScript {script=var tr = window.top.G_testRunner;return !!tr && tr.isSuccess();, args=[]}]
三月 23, 2014 4:13:02 下午 org.openqa.selenium.javascript.ClosureTestStatement evaluate
信息: Running: http://localhost:33655/javascript/atoms/test/click_test.html
三月 23, 2014 4:13:02 下午 org.openqa.selenium.remote.RemoteWebDriver log
信息: Executing: maximizeWindow [77348a09-a50f-b840-8b1f-e0eb017be929, maximizeWindow {windowHandle=current}]
三月 23, 2014 4:13:02 下午 org.openqa.selenium.remote.RemoteWebDriver log
信息: Executed: [77348a09-a50f-b840-8b1f-e0eb017be929, maximizeWindow {windowHandle=current}]
三月 23, 2014 4:13:02 下午 org.openqa.selenium.remote.RemoteWebDriver log
信息: Executing: executeScript [77348a09-a50f-b840-8b1f-e0eb017be929, executeScript {script=if (window && window.top) window.top.G_testRunner = null, args=[]}]
三月 23, 2014 4:13:02 下午 org.openqa.selenium.remote.RemoteWebDriver log
信息: Executed: [77348a09-a50f-b840-8b1f-e0eb017be929, executeScript {script=if (window && window.top) window.top.G_testRunner = null, args=[]}]
三月 23, 2014 4:13:02 下午 org.openqa.selenium.remote.RemoteWebDriver log
信息: Executing: get [77348a09-a50f-b840-8b1f-e0eb017be929, get {url=http://localhost:33655/javascript/atoms/test/click_test.html}]
三月 23, 2014 4:13:02 下午 org.openqa.selenium.remote.RemoteWebDriver log
信息: Executed: [77348a09-a50f-b840-8b1f-e0eb017be929, get {url=http://localhost:33655/javascript/atoms/test/click_test.html}]
三月 23, 2014 4:13:02 下午 org.openqa.selenium.remote.RemoteWebDriver log
信息: Executing: executeScript [77348a09-a50f-b840-8b1f-e0eb017be929, executeScript {script=var tr = window.top.G_testRunner;return !!tr && tr.isFinished();, args=[]}]
三月 23, 2014 4:13:02 下午 org.openqa.selenium.remote.RemoteWebDriver log
信息: Executed: [77348a09-a50f-b840-8b1f-e0eb017be929, executeScript {script=var tr = window.top.G_testRunner;return !!tr && tr.isFinished();, args=[]}]
三月 23, 2014 4:13:02 下午 org.openqa.selenium.remote.RemoteWebDriver log
信息: Executing: executeScript [77348a09-a50f-b840-8b1f-e0eb017be929, executeScript {script=var tr = window.top.G_testRunner;return !!tr && tr.isFinished();, args=[]}]
三月 23, 2014 4:13:03 下午 org.openqa.selenium.remote.RemoteWebDriver log
信息: Executed: [77348a09-a50f-b840-8b1f-e0eb017be929, executeScript {script=var tr = window.top.G_testRunner;return !!tr && tr.isFinished();, args=[]}]
三月 23, 2014 4:13:03 下午 org.openqa.selenium.remote.RemoteWebDriver log
信息: Executing: executeScript [77348a09-a50f-b840-8b1f-e0eb017be929, executeScript {script=var tr = window.top.G_testRunner;return !!tr && tr.isFinished();, args=[]}]
三月 23, 2014 4:13:03 下午 org.openqa.selenium.remote.RemoteWebDriver log
信息: Executed: [77348a09-a50f-b840-8b1f-e0eb017be929, executeScript {script=var tr = window.top.G_testRunner;return !!tr && tr.isFinished();, args=[]}]
三月 23, 2014 4:13:03 下午 org.openqa.selenium.remote.RemoteWebDriver log
信息: Executing: executeScript [77348a09-a50f-b840-8b1f-e0eb017be929, executeScript {script=var tr = window.top.G_testRunner;return !!tr && tr.isFinished();, args=[]}]
三月 23, 2014 4:13:03 下午 org.openqa.selenium.remote.RemoteWebDriver log
信息: Executed: [77348a09-a50f-b840-8b1f-e0eb017be929, executeScript {script=var tr = window.top.G_testRunner;return !!tr && tr.isFinished();, args=[]}]
三月 23, 2014 4:13:03 下午 org.openqa.selenium.remote.RemoteWebDriver log
信息: Executing: executeScript [77348a09-a50f-b840-8b1f-e0eb017be929, executeScript {script=var tr = window.top.G_testRunner;return !!tr && tr.isFinished();, args=[]}]
三月 23, 2014 4:13:03 下午 org.openqa.selenium.remote.RemoteWebDriver log
信息: Executed: [77348a09-a50f-b840-8b1f-e0eb017be929, executeScript {script=var tr = window.top.G_testRunner;return !!tr && tr.isFinished();, args=[]}]
三月 23, 2014 4:13:03 下午 org.openqa.selenium.remote.RemoteWebDriver log
信息: Executing: executeScript [77348a09-a50f-b840-8b1f-e0eb017be929, executeScript {script=var tr = window.top.G_testRunner;return !!tr && tr.isFinished();, args=[]}]
三月 23, 2014 4:13:03 下午 org.openqa.selenium.remote.RemoteWebDriver log
信息: Executed: [77348a09-a50f-b840-8b1f-e0eb017be929, executeScript {script=var tr = window.top.G_testRunner;return !!tr && tr.isFinished();, args=[]}]
三月 23, 2014 4:13:03 下午 org.openqa.selenium.remote.RemoteWebDriver log
信息: Executing: executeScript [77348a09-a50f-b840-8b1f-e0eb017be929, executeScript {script=var tr = window.top.G_testRunner;return !!tr && tr.isSuccess();, args=[]}]
三月 23, 2014 4:13:03 下午 org.openqa.selenium.remote.RemoteWebDriver log
信息: Executed: [77348a09-a50f-b840-8b1f-e0eb017be929, executeScript {script=var tr = window.top.G_testRunner;return !!tr && tr.isSuccess();, args=[]}]
三月 23, 2014 4:13:03 下午 org.openqa.selenium.javascript.ClosureTestStatement evaluate
信息: Running: http://localhost:33655/javascript/atoms/test/clientrect_test.html
三月 23, 2014 4:13:03 下午 org.openqa.selenium.remote.RemoteWebDriver log
信息: Executing: maximizeWindow [77348a09-a50f-b840-8b1f-e0eb017be929, maximizeWindow {windowHandle=current}]
三月 23, 2014 4:13:03 下午 org.openqa.selenium.remote.RemoteWebDriver log
信息: Executed: [77348a09-a50f-b840-8b1f-e0eb017be929, maximizeWindow {windowHandle=current}]
三月 23, 2014 4:13:03 下午 org.openqa.selenium.remote.RemoteWebDriver log
信息: Executing: executeScript [77348a09-a50f-b840-8b1f-e0eb017be929, executeScript {script=if (window && window.top) window.top.G_testRunner = null, args=[]}]
三月 23, 2014 4:13:03 下午 org.openqa.selenium.remote.RemoteWebDriver log
信息: Executed: [77348a09-a50f-b840-8b1f-e0eb017be929, executeScript {script=if (window && window.top) window.top.G_testRunner = null, args=[]}]
三月 23, 2014 4:13:03 下午 org.openqa.selenium.remote.RemoteWebDriver log
信息: Executing: get [77348a09-a50f-b840-8b1f-e0eb017be929, get {url=http://localhost:33655/javascript/atoms/test/clientrect_test.html}]
三月 23, 2014 4:13:03 下午 org.openqa.selenium.remote.RemoteWebDriver log
信息: Executed: [77348a09-a50f-b840-8b1f-e0eb017be929, get {url=http://localhost:33655/javascript/atoms/test/clientrect_test.html}]
三月 23, 2014 4:13:03 下午 org.openqa.selenium.remote.RemoteWebDriver log
信息: Executing: executeScript [77348a09-a50f-b840-8b1f-e0eb017be929, executeScript {script=var tr = window.top.G_testRunner;return !!tr && tr.isFinished();, args=[]}]
三月 23, 2014 4:13:03 下午 org.openqa.selenium.remote.RemoteWebDriver log
信息: Executed: [77348a09-a50f-b840-8b1f-e0eb017be929, executeScript {script=var tr = window.top.G_testRunner;return !!tr && tr.isFinished();, args=[]}]
三月 23, 2014 4:13:03 下午 org.openqa.selenium.remote.RemoteWebDriver log
信息: Executing: executeScript [77348a09-a50f-b840-8b1f-e0eb017be929, executeScript {script=var tr = window.top.G_testRunner;return !!tr && tr.isFinished();, args=[]}]
三月 23, 2014 4:13:03 下午 org.openqa.selenium.remote.RemoteWebDriver log
信息: Executed: [77348a09-a50f-b840-8b1f-e0eb017be929, executeScript {script=var tr = window.top.G_testRunner;return !!tr && tr.isFinished();, args=[]}]
三月 23, 2014 4:13:04 下午 org.openqa.selenium.remote.RemoteWebDriver log
信息: Executing: executeScript [77348a09-a50f-b840-8b1f-e0eb017be929, executeScript {script=var tr = window.top.G_testRunner;return !!tr && tr.isFinished();, args=[]}]
三月 23, 2014 4:13:04 下午 org.openqa.selenium.remote.RemoteWebDriver log
信息: Executed: [77348a09-a50f-b840-8b1f-e0eb017be929, executeScript {script=var tr = window.top.G_testRunner;return !!tr && tr.isFinished();, args=[]}]
三月 23, 2014 4:13:04 下午 org.openqa.selenium.remote.RemoteWebDriver log
信息: Executing: executeScript [77348a09-a50f-b840-8b1f-e0eb017be929, executeScript {script=var tr = window.top.G_testRunner;return !!tr && tr.isFinished();, args=[]}]
三月 23, 2014 4:13:04 下午 org.openqa.selenium.remote.RemoteWebDriver log
信息: Executed: [77348a09-a50f-b840-8b1f-e0eb017be929, executeScript {script=var tr = window.top.G_testRunner;return !!tr && tr.isFinished();, args=[]}]
三月 23, 2014 4:13:04 下午 org.openqa.selenium.remote.RemoteWebDriver log
信息: Executing: executeScript [77348a09-a50f-b840-8b1f-e0eb017be929, executeScript {script=var tr = window.top.G_testRunner;return !!tr && tr.isFinished();, args=[]}]
三月 23, 2014 4:13:04 下午 org.openqa.selenium.remote.RemoteWebDriver log
信息: Executed: [77348a09-a50f-b840-8b1f-e0eb017be929, executeScript {script=var tr = window.top.G_testRunner;return !!tr && tr.isFinished();, args=[]}]
三月 23, 2014 4:13:04 下午 org.openqa.selenium.remote.RemoteWebDriver log
信息: Executing: executeScript [77348a09-a50f-b840-8b1f-e0eb017be929, executeScript {script=var tr = window.top.G_testRunner;return !!tr && tr.isFinished();, args=[]}]
三月 23, 2014 4:13:04 下午 org.openqa.selenium.remote.RemoteWebDriver log
信息: Executed: [77348a09-a50f-b840-8b1f-e0eb017be929, executeScript {script=var tr = window.top.G_testRunner;return !!tr && tr.isFinished();, args=[]}]
三月 23, 2014 4:13:04 下午 org.openqa.selenium.remote.RemoteWebDriver log
信息: Executing: executeScript [77348a09-a50f-b840-8b1f-e0eb017be929, executeScript {script=var tr = window.top.G_testRunner;return !!tr && tr.isSuccess();, args=[]}]
三月 23, 2014 4:13:04 下午 org.openqa.selenium.remote.RemoteWebDriver log
信息: Executed: [77348a09-a50f-b840-8b1f-e0eb017be929, executeScript {script=var tr = window.top.G_testRunner;return !!tr && tr.isSuccess();, args=[]}]
三月 23, 2014 4:13:04 下午 org.openqa.selenium.javascript.ClosureTestStatement evaluate
信息: Running: http://localhost:33655/javascript/atoms/test/color_test.html
三月 23, 2014 4:13:04 下午 org.openqa.selenium.remote.RemoteWebDriver log
信息: Executing: maximizeWindow [77348a09-a50f-b840-8b1f-e0eb017be929, maximizeWindow {windowHandle=current}]
三月 23, 2014 4:13:04 下午 org.openqa.selenium.remote.RemoteWebDriver log
信息: Executed: [77348a09-a50f-b840-8b1f-e0eb017be929, maximizeWindow {windowHandle=current}]
三月 23, 2014 4:13:04 下午 org.openqa.selenium.remote.RemoteWebDriver log
信息: Executing: executeScript [77348a09-a50f-b840-8b1f-e0eb017be929, executeScript {script=if (window && window.top) window.top.G_testRunner = null, args=[]}]
三月 23, 2014 4:13:04 下午 org.openqa.selenium.remote.RemoteWebDriver log
信息: Executed: [77348a09-a50f-b840-8b1f-e0eb017be929, executeScript {script=if (window && window.top) window.top.G_testRunner = null, args=[]}]
三月 23, 2014 4:13:04 下午 org.openqa.selenium.remote.RemoteWebDriver log
信息: Executing: get [77348a09-a50f-b840-8b1f-e0eb017be929, get {url=http://localhost:33655/javascript/atoms/test/color_test.html}]
三月 23, 2014 4:13:04 下午 org.openqa.selenium.remote.RemoteWebDriver log
信息: Executed: [77348a09-a50f-b840-8b1f-e0eb017be929, get {url=http://localhost:33655/javascript/atoms/test/color_test.html}]
三月 23, 2014 4:13:04 下午 org.openqa.selenium.remote.RemoteWebDriver log
信息: Executing: executeScript [77348a09-a50f-b840-8b1f-e0eb017be929, executeScript {script=var tr = window.top.G_testRunner;return !!tr && tr.isFinished();, args=[]}]
三月 23, 2014 4:13:04 下午 org.openqa.selenium.remote.RemoteWebDriver log
信息: Executed: [77348a09-a50f-b840-8b1f-e0eb017be929, executeScript {script=var tr = window.top.G_testRunner;return !!tr && tr.isFinished();, args=[]}]
三月 23, 2014 4:13:04 下午 org.openqa.selenium.remote.RemoteWebDriver log
信息: Executing: executeScript [77348a09-a50f-b840-8b1f-e0eb017be929, executeScript {script=var tr = window.top.G_testRunner;return !!tr && tr.isFinished();, args=[]}]
三月 23, 2014 4:13:04 下午 org.openqa.selenium.remote.RemoteWebDriver log
信息: Executed: [77348a09-a50f-b840-8b1f-e0eb017be929, executeScript {script=var tr = window.top.G_testRunner;return !!tr && tr.isFinished();, args=[]}]
三月 23, 2014 4:13:04 下午 org.openqa.selenium.remote.RemoteWebDriver log
信息: Executing: executeScript [77348a09-a50f-b840-8b1f-e0eb017be929, executeScript {script=var tr = window.top.G_testRunner;return !!tr && tr.isFinished();, args=[]}]
三月 23, 2014 4:13:04 下午 org.openqa.selenium.remote.RemoteWebDriver log
信息: Executed: [77348a09-a50f-b840-8b1f-e0eb017be929, executeScript {script=var tr = window.top.G_testRunner;return !!tr && tr.isFinished();, args=[]}]
三月 23, 2014 4:13:04 下午 org.openqa.selenium.remote.RemoteWebDriver log
信息: Executing: executeScript [77348a09-a50f-b840-8b1f-e0eb017be929, executeScript {script=var tr = window.top.G_testRunner;return !!tr && tr.isFinished();, args=[]}]
三月 23, 2014 4:13:04 下午 org.openqa.selenium.remote.RemoteWebDriver log
信息: Executed: [77348a09-a50f-b840-8b1f-e0eb017be929, executeScript {script=var tr = window.top.G_testRunner;return !!tr && tr.isFinished();, args=[]}]
三月 23, 2014 4:13:04 下午 org.openqa.selenium.remote.RemoteWebDriver log
信息: Executing: executeScript [77348a09-a50f-b840-8b1f-e0eb017be929, executeScript {script=var tr = window.top.G_testRunner;return !!tr && tr.isFinished();, args=[]}]
三月 23, 2014 4:13:04 下午 org.openqa.selenium.remote.RemoteWebDriver log
信息: Executed: [77348a09-a50f-b840-8b1f-e0eb017be929, executeScript {script=var tr = window.top.G_testRunner;return !!tr && tr.isFinished();, args=[]}]
三月 23, 2014 4:13:05 下午 org.openqa.selenium.remote.RemoteWebDriver log
信息: Executing: executeScript [77348a09-a50f-b840-8b1f-e0eb017be929, executeScript {script=var tr = window.top.G_testRunner;return !!tr && tr.isFinished();, args=[]}]
三月 23, 2014 4:13:05 下午 org.openqa.selenium.remote.RemoteWebDriver log
信息: Executed: [77348a09-a50f-b840-8b1f-e0eb017be929, executeScript {script=var tr = window.top.G_testRunner;return !!tr && tr.isFinished();, args=[]}]
三月 23, 2014 4:13:05 下午 org.openqa.selenium.remote.RemoteWebDriver log
信息: Executing: executeScript [77348a09-a50f-b840-8b1f-e0eb017be929, executeScript {script=var tr = window.top.G_testRunner;return !!tr && tr.isSuccess();, args=[]}]
三月 23, 2014 4:13:05 下午 org.openqa.selenium.remote.RemoteWebDriver log
信息: Executed: [77348a09-a50f-b840-8b1f-e0eb017be929, executeScript {script=var tr = window.top.G_testRunner;return !!tr && tr.isSuccess();, args=[]}]
三月 23, 2014 4:13:05 下午 org.openqa.selenium.javascript.ClosureTestStatement evaluate
信息: Running: http://localhost:33655/javascript/atoms/test/dom_test.html
三月 23, 2014 4:13:05 下午 org.openqa.selenium.remote.RemoteWebDriver log
信息: Executing: maximizeWindow [77348a09-a50f-b840-8b1f-e0eb017be929, maximizeWindow {windowHandle=current}]
三月 23, 2014 4:13:05 下午 org.openqa.selenium.remote.RemoteWebDriver log
信息: Executed: [77348a09-a50f-b840-8b1f-e0eb017be929, maximizeWindow {windowHandle=current}]
三月 23, 2014 4:13:05 下午 org.openqa.selenium.remote.RemoteWebDriver log
信息: Executing: executeScript [77348a09-a50f-b840-8b1f-e0eb017be929, executeScript {script=if (window && window.top) window.top.G_testRunner = null, args=[]}]
三月 23, 2014 4:13:05 下午 org.openqa.selenium.remote.RemoteWebDriver log
信息: Executed: [77348a09-a50f-b840-8b1f-e0eb017be929, executeScript {script=if (window && window.top) window.top.G_testRunner = null, args=[]}]
三月 23, 2014 4:13:05 下午 org.openqa.selenium.remote.RemoteWebDriver log
信息: Executing: get [77348a09-a50f-b840-8b1f-e0eb017be929, get {url=http://localhost:33655/javascript/atoms/test/dom_test.html}]
三月 23, 2014 4:13:05 下午 org.openqa.selenium.remote.RemoteWebDriver log
信息: Executed: [77348a09-a50f-b840-8b1f-e0eb017be929, get {url=http://localhost:33655/javascript/atoms/test/dom_test.html}]
三月 23, 2014 4:13:05 下午 org.openqa.selenium.remote.RemoteWebDriver log
信息: Executing: executeScript [77348a09-a50f-b840-8b1f-e0eb017be929, executeScript {script=var tr = window.top.G_testRunner;return !!tr && tr.isFinished();, args=[]}]
三月 23, 2014 4:13:05 下午 org.openqa.selenium.remote.RemoteWebDriver log
信息: Executed: [77348a09-a50f-b840-8b1f-e0eb017be929, executeScript {script=var tr = window.top.G_testRunner;return !!tr && tr.isFinished();, args=[]}]
三月 23, 2014 4:13:05 下午 org.openqa.selenium.remote.RemoteWebDriver log
信息: Executing: executeScript [77348a09-a50f-b840-8b1f-e0eb017be929, executeScript {script=var tr = window.top.G_testRunner;return !!tr && tr.isFinished();, args=[]}]
三月 23, 2014 4:13:05 下午 org.openqa.selenium.remote.RemoteWebDriver log
信息: Executed: [77348a09-a50f-b840-8b1f-e0eb017be929, executeScript {script=var tr = window.top.G_testRunner;return !!tr && tr.isFinished();, args=[]}]
三月 23, 2014 4:13:05 下午 org.openqa.selenium.remote.RemoteWebDriver log
信息: Executing: executeScript [77348a09-a50f-b840-8b1f-e0eb017be929, executeScript {script=var tr = window.top.G_testRunner;return !!tr && tr.isFinished();, args=[]}]
三月 23, 2014 4:13:05 下午 org.openqa.selenium.remote.RemoteWebDriver log
信息: Executed: [77348a09-a50f-b840-8b1f-e0eb017be929, executeScript {script=var tr = window.top.G_testRunner;return !!tr && tr.isFinished();, args=[]}]
三月 23, 2014 4:13:05 下午 org.openqa.selenium.remote.RemoteWebDriver log
信息: Executing: executeScript [77348a09-a50f-b840-8b1f-e0eb017be929, executeScript {script=var tr = window.top.G_testRunner;return !!tr && tr.isFinished();, args=[]}]
三月 23, 2014 4:13:05 下午 org.openqa.selenium.remote.RemoteWebDriver log
信息: Executed: [77348a09-a50f-b840-8b1f-e0eb017be929, executeScript {script=var tr = window.top.G_testRunner;return !!tr && tr.isFinished();, args=[]}]
三月 23, 2014 4:13:05 下午 org.openqa.selenium.remote.RemoteWebDriver log
信息: Executing: executeScript [77348a09-a50f-b840-8b1f-e0eb017be929, executeScript {script=var tr = window.top.G_testRunner;return !!tr && tr.isFinished();, args=[]}]
三月 23, 2014 4:13:05 下午 org.openqa.selenium.remote.RemoteWebDriver log
信息: Executed: [77348a09-a50f-b840-8b1f-e0eb017be929, executeScript {script=var tr = window.top.G_testRunner;return !!tr && tr.isFinished();, args=[]}]
三月 23, 2014 4:13:05 下午 org.openqa.selenium.remote.RemoteWebDriver log
信息: Executing: executeScript [77348a09-a50f-b840-8b1f-e0eb017be929, executeScript {script=var tr = window.top.G_testRunner;return !!tr && tr.isFinished();, args=[]}]
三月 23, 2014 4:13:05 下午 org.openqa.selenium.remote.RemoteWebDriver log
信息: Executed: [77348a09-a50f-b840-8b1f-e0eb017be929, executeScript {script=var tr = window.top.G_testRunner;return !!tr && tr.isFinished();, args=[]}]
三月 23, 2014 4:13:05 下午 org.openqa.selenium.remote.RemoteWebDriver log
信息: Executing: executeScript [77348a09-a50f-b840-8b1f-e0eb017be929, executeScript {script=var tr = window.top.G_testRunner;return !!tr && tr.isSuccess();, args=[]}]
三月 23, 2014 4:13:05 下午 org.openqa.selenium.remote.RemoteWebDriver log
信息: Executed: [77348a09-a50f-b840-8b1f-e0eb017be929, executeScript {script=var tr = window.top.G_testRunner;return !!tr && tr.isSuccess();, args=[]}]
三月 23, 2014 4:13:05 下午 org.openqa.selenium.javascript.ClosureTestStatement evaluate
信息: Running: http://localhost:33655/javascript/atoms/test/drag_test.html
三月 23, 2014 4:13:05 下午 org.openqa.selenium.remote.RemoteWebDriver log
信息: Executing: maximizeWindow [77348a09-a50f-b840-8b1f-e0eb017be929, maximizeWindow {windowHandle=current}]
三月 23, 2014 4:13:05 下午 org.openqa.selenium.remote.RemoteWebDriver log
信息: Executed: [77348a09-a50f-b840-8b1f-e0eb017be929, maximizeWindow {windowHandle=current}]
三月 23, 2014 4:13:05 下午 org.openqa.selenium.remote.RemoteWebDriver log
信息: Executing: executeScript [77348a09-a50f-b840-8b1f-e0eb017be929, executeScript {script=if (window && window.top) window.top.G_testRunner = null, args=[]}]
三月 23, 2014 4:13:05 下午 org.openqa.selenium.remote.RemoteWebDriver log
信息: Executed: [77348a09-a50f-b840-8b1f-e0eb017be929, executeScript {script=if (window && window.top) window.top.G_testRunner = null, args=[]}]
三月 23, 2014 4:13:05 下午 org.openqa.selenium.remote.RemoteWebDriver log
信息: Executing: get [77348a09-a50f-b840-8b1f-e0eb017be929, get {url=http://localhost:33655/javascript/atoms/test/drag_test.html}]
三月 23, 2014 4:13:06 下午 org.openqa.selenium.remote.RemoteWebDriver log
信息: Executed: [77348a09-a50f-b840-8b1f-e0eb017be929, get {url=http://localhost:33655/javascript/atoms/test/drag_test.html}]
三月 23, 2014 4:13:06 下午 org.openqa.selenium.remote.RemoteWebDriver log
信息: Executing: executeScript [77348a09-a50f-b840-8b1f-e0eb017be929, executeScript {script=var tr = window.top.G_testRunner;return !!tr && tr.isFinished();, args=[]}]
三月 23, 2014 4:13:06 下午 org.openqa.selenium.remote.RemoteWebDriver log
信息: Executed: [77348a09-a50f-b840-8b1f-e0eb017be929, executeScript {script=var tr = window.top.G_testRunner;return !!tr && tr.isFinished();, args=[]}]
三月 23, 2014 4:13:06 下午 org.openqa.selenium.remote.RemoteWebDriver log
信息: Executing: executeScript [77348a09-a50f-b840-8b1f-e0eb017be929, executeScript {script=var tr = window.top.G_testRunner;return !!tr && tr.isFinished();, args=[]}]
三月 23, 2014 4:13:06 下午 org.openqa.selenium.remote.RemoteWebDriver log
信息: Executed: [77348a09-a50f-b840-8b1f-e0eb017be929, executeScript {script=var tr = window.top.G_testRunner;return !!tr && tr.isFinished();, args=[]}]
三月 23, 2014 4:13:06 下午 org.openqa.selenium.remote.RemoteWebDriver log
信息: Executing: executeScript [77348a09-a50f-b840-8b1f-e0eb017be929, executeScript {script=var tr = window.top.G_testRunner;return !!tr && tr.isFinished();, args=[]}]
三月 23, 2014 4:13:06 下午 org.openqa.selenium.remote.RemoteWebDriver log
信息: Executed: [77348a09-a50f-b840-8b1f-e0eb017be929, executeScript {script=var tr = window.top.G_testRunner;return !!tr && tr.isFinished();, args=[]}]
三月 23, 2014 4:13:06 下午 org.openqa.selenium.remote.RemoteWebDriver log
信息: Executing: executeScript [77348a09-a50f-b840-8b1f-e0eb017be929, executeScript {script=var tr = window.top.G_testRunner;return !!tr && tr.isFinished();, args=[]}]
三月 23, 2014 4:13:06 下午 org.openqa.selenium.remote.RemoteWebDriver log
信息: Executed: [77348a09-a50f-b840-8b1f-e0eb017be929, executeScript {script=var tr = window.top.G_testRunner;return !!tr && tr.isFinished();, args=[]}]
三月 23, 2014 4:13:06 下午 org.openqa.selenium.remote.RemoteWebDriver log
信息: Executing: executeScript [77348a09-a50f-b840-8b1f-e0eb017be929, executeScript {script=var tr = window.top.G_testRunner;return !!tr && tr.isFinished();, args=[]}]
三月 23, 2014 4:13:06 下午 org.openqa.selenium.remote.RemoteWebDriver log
信息: Executed: [77348a09-a50f-b840-8b1f-e0eb017be929, executeScript {script=var tr = window.top.G_testRunner;return !!tr && tr.isFinished();, args=[]}]
三月 23, 2014 4:13:06 下午 org.openqa.selenium.remote.RemoteWebDriver log
信息: Executing: executeScript [77348a09-a50f-b840-8b1f-e0eb017be929, executeScript {script=var tr = window.top.G_testRunner;return !!tr && tr.isFinished();, args=[]}]
三月 23, 2014 4:13:06 下午 org.openqa.selenium.remote.RemoteWebDriver log
信息: Executed: [77348a09-a50f-b840-8b1f-e0eb017be929, executeScript {script=var tr = window.top.G_testRunner;return !!tr && tr.isFinished();, args=[]}]
三月 23, 2014 4:13:06 下午 org.openqa.selenium.remote.RemoteWebDriver log
信息: Executing: executeScript [77348a09-a50f-b840-8b1f-e0eb017be929, executeScript {script=var tr = window.top.G_testRunner;return !!tr && tr.isSuccess();, args=[]}]
三月 23, 2014 4:13:06 下午 org.openqa.selenium.remote.RemoteWebDriver log
信息: Executed: [77348a09-a50f-b840-8b1f-e0eb017be929, executeScript {script=var tr = window.top.G_testRunner;return !!tr && tr.isSuccess();, args=[]}]
三月 23, 2014 4:13:06 下午 org.openqa.selenium.javascript.ClosureTestStatement evaluate
信息: Running: http://localhost:33655/javascript/atoms/test/enabled_test.html
三月 23, 2014 4:13:06 下午 org.openqa.selenium.remote.RemoteWebDriver log
信息: Executing: maximizeWindow [77348a09-a50f-b840-8b1f-e0eb017be929, maximizeWindow {windowHandle=current}]
三月 23, 2014 4:13:06 下午 org.openqa.selenium.remote.RemoteWebDriver log
信息: Executed: [77348a09-a50f-b840-8b1f-e0eb017be929, maximizeWindow {windowHandle=current}]
三月 23, 2014 4:13:06 下午 org.openqa.selenium.remote.RemoteWebDriver log
信息: Executing: executeScript [77348a09-a50f-b840-8b1f-e0eb017be929, executeScript {script=if (window && window.top) window.top.G_testRunner = null, args=[]}]
三月 23, 2014 4:13:06 下午 org.openqa.selenium.remote.RemoteWebDriver log
信息: Executed: [77348a09-a50f-b840-8b1f-e0eb017be929, executeScript {script=if (window && window.top) window.top.G_testRunner = null, args=[]}]
三月 23, 2014 4:13:06 下午 org.openqa.selenium.remote.RemoteWebDriver log
信息: Executing: get [77348a09-a50f-b840-8b1f-e0eb017be929, get {url=http://localhost:33655/javascript/atoms/test/enabled_test.html}]
三月 23, 2014 4:13:06 下午 org.openqa.selenium.remote.RemoteWebDriver log
信息: Executed: [77348a09-a50f-b840-8b1f-e0eb017be929, get {url=http://localhost:33655/javascript/atoms/test/enabled_test.html}]
三月 23, 2014 4:13:06 下午 org.openqa.selenium.remote.RemoteWebDriver log
信息: Executing: executeScript [77348a09-a50f-b840-8b1f-e0eb017be929, executeScript {script=var tr = window.top.G_testRunner;return !!tr && tr.isFinished();, args=[]}]
三月 23, 2014 4:13:06 下午 org.openqa.selenium.remote.RemoteWebDriver log
信息: Executed: [77348a09-a50f-b840-8b1f-e0eb017be929, executeScript {script=var tr = window.top.G_testRunner;return !!tr && tr.isFinished();, args=[]}]
三月 23, 2014 4:13:06 下午 org.openqa.selenium.remote.RemoteWebDriver log
信息: Executing: executeScript [77348a09-a50f-b840-8b1f-e0eb017be929, executeScript {script=var tr = window.top.G_testRunner;return !!tr && tr.isFinished();, args=[]}]
三月 23, 2014 4:13:06 下午 org.openqa.selenium.remote.RemoteWebDriver log
信息: Executed: [77348a09-a50f-b840-8b1f-e0eb017be929, executeScript {script=var tr = window.top.G_testRunner;return !!tr && tr.isFinished();, args=[]}]
三月 23, 2014 4:13:07 下午 org.openqa.selenium.remote.RemoteWebDriver log
信息: Executing: executeScript [77348a09-a50f-b840-8b1f-e0eb017be929, executeScript {script=var tr = window.top.G_testRunner;return !!tr && tr.isFinished();, args=[]}]
三月 23, 2014 4:13:07 下午 org.openqa.selenium.remote.RemoteWebDriver log
信息: Executed: [77348a09-a50f-b840-8b1f-e0eb017be929, executeScript {script=var tr = window.top.G_testRunner;return !!tr && tr.isFinished();, args=[]}]
三月 23, 2014 4:13:07 下午 org.openqa.selenium.remote.RemoteWebDriver log
信息: Executing: executeScript [77348a09-a50f-b840-8b1f-e0eb017be929, executeScript {script=var tr = window.top.G_testRunner;return !!tr && tr.isFinished();, args=[]}]
三月 23, 2014 4:13:07 下午 org.openqa.selenium.remote.RemoteWebDriver log
信息: Executed: [77348a09-a50f-b840-8b1f-e0eb017be929, executeScript {script=var tr = window.top.G_testRunner;return !!tr && tr.isFinished();, args=[]}]
三月 23, 2014 4:13:07 下午 org.openqa.selenium.remote.RemoteWebDriver log
信息: Executing: executeScript [77348a09-a50f-b840-8b1f-e0eb017be929, executeScript {script=var tr = window.top.G_testRunner;return !!tr && tr.isFinished();, args=[]}]
三月 23, 2014 4:13:07 下午 org.openqa.selenium.remote.RemoteWebDriver log
信息: Executed: [77348a09-a50f-b840-8b1f-e0eb017be929, executeScript {script=var tr = window.top.G_testRunner;return !!tr && tr.isFinished();, args=[]}]
三月 23, 2014 4:13:07 下午 org.openqa.selenium.remote.RemoteWebDriver log
信息: Executing: executeScript [77348a09-a50f-b840-8b1f-e0eb017be929, executeScript {script=var tr = window.top.G_testRunner;return !!tr && tr.isFinished();, args=[]}]
三月 23, 2014 4:13:07 下午 org.openqa.selenium.remote.RemoteWebDriver log
信息: Executed: [77348a09-a50f-b840-8b1f-e0eb017be929, executeScript {script=var tr = window.top.G_testRunner;return !!tr && tr.isFinished();, args=[]}]
三月 23, 2014 4:13:07 下午 org.openqa.selenium.remote.RemoteWebDriver log
信息: Executing: executeScript [77348a09-a50f-b840-8b1f-e0eb017be929, executeScript {script=var tr = window.top.G_testRunner;return !!tr && tr.isSuccess();, args=[]}]
三月 23, 2014 4:13:07 下午 org.openqa.selenium.remote.RemoteWebDriver log
信息: Executed: [77348a09-a50f-b840-8b1f-e0eb017be929, executeScript {script=var tr = window.top.G_testRunner;return !!tr && tr.isSuccess();, args=[]}]
三月 23, 2014 4:13:07 下午 org.openqa.selenium.javascript.ClosureTestStatement evaluate
信息: Running: http://localhost:33655/javascript/atoms/test/enter_submit_test.html
三月 23, 2014 4:13:07 下午 org.openqa.selenium.remote.RemoteWebDriver log
信息: Executing: maximizeWindow [77348a09-a50f-b840-8b1f-e0eb017be929, maximizeWindow {windowHandle=current}]
三月 23, 2014 4:13:07 下午 org.openqa.selenium.remote.RemoteWebDriver log
信息: Executed: [77348a09-a50f-b840-8b1f-e0eb017be929, maximizeWindow {windowHandle=current}]
三月 23, 2014 4:13:07 下午 org.openqa.selenium.remote.RemoteWebDriver log
信息: Executing: executeScript [77348a09-a50f-b840-8b1f-e0eb017be929, executeScript {script=if (window && window.top) window.top.G_testRunner = null, args=[]}]
三月 23, 2014 4:13:07 下午 org.openqa.selenium.remote.RemoteWebDriver log
信息: Executed: [77348a09-a50f-b840-8b1f-e0eb017be929, executeScript {script=if (window && window.top) window.top.G_testRunner = null, args=[]}]
三月 23, 2014 4:13:07 下午 org.openqa.selenium.remote.RemoteWebDriver log
信息: Executing: get [77348a09-a50f-b840-8b1f-e0eb017be929, get {url=http://localhost:33655/javascript/atoms/test/enter_submit_test.html}]
三月 23, 2014 4:13:07 下午 org.openqa.selenium.remote.RemoteWebDriver log
信息: Executed: [77348a09-a50f-b840-8b1f-e0eb017be929, get {url=http://localhost:33655/javascript/atoms/test/enter_submit_test.html}]
三月 23, 2014 4:13:07 下午 org.openqa.selenium.remote.RemoteWebDriver log
信息: Executing: executeScript [77348a09-a50f-b840-8b1f-e0eb017be929, executeScript {script=var tr = window.top.G_testRunner;return !!tr && tr.isFinished();, args=[]}]
三月 23, 2014 4:13:07 下午 org.openqa.selenium.remote.RemoteWebDriver log
信息: Executed: [77348a09-a50f-b840-8b1f-e0eb017be929, executeScript {script=var tr = window.top.G_testRunner;return !!tr && tr.isFinished();, args=[]}]
三月 23, 2014 4:13:07 下午 org.openqa.selenium.remote.RemoteWebDriver log
信息: Executing: executeScript [77348a09-a50f-b840-8b1f-e0eb017be929, executeScript {script=var tr = window.top.G_testRunner;return !!tr && tr.isFinished();, args=[]}]
三月 23, 2014 4:13:07 下午 org.openqa.selenium.remote.RemoteWebDriver log
信息: Executed: [77348a09-a50f-b840-8b1f-e0eb017be929, executeScript {script=var tr = window.top.G_testRunner;return !!tr && tr.isFinished();, args=[]}]
三月 23, 2014 4:13:07 下午 org.openqa.selenium.remote.RemoteWebDriver log
信息: Executing: executeScript [77348a09-a50f-b840-8b1f-e0eb017be929, executeScript {script=var tr = window.top.G_testRunner;return !!tr && tr.isFinished();, args=[]}]
三月 23, 2014 4:13:07 下午 org.openqa.selenium.remote.RemoteWebDriver log
信息: Executed: [77348a09-a50f-b840-8b1f-e0eb017be929, executeScript {script=var tr = window.top.G_testRunner;return !!tr && tr.isFinished();, args=[]}]
三月 23, 2014 4:13:07 下午 org.openqa.selenium.remote.RemoteWebDriver log
信息: Executing: executeScript [77348a09-a50f-b840-8b1f-e0eb017be929, executeScript {script=var tr = window.top.G_testRunner;return !!tr && tr.isFinished();, args=[]}]
三月 23, 2014 4:13:07 下午 org.openqa.selenium.remote.RemoteWebDriver log
信息: Executed: [77348a09-a50f-b840-8b1f-e0eb017be929, executeScript {script=var tr = window.top.G_testRunner;return !!tr && tr.isFinished();, args=[]}]
三月 23, 2014 4:13:08 下午 org.openqa.selenium.remote.RemoteWebDriver log
信息: Executing: executeScript [77348a09-a50f-b840-8b1f-e0eb017be929, executeScript {script=var tr = window.top.G_testRunner;return !!tr && tr.isFinished();, args=[]}]
三月 23, 2014 4:13:08 下午 org.openqa.selenium.remote.RemoteWebDriver log
信息: Executed: [77348a09-a50f-b840-8b1f-e0eb017be929, executeScript {script=var tr = window.top.G_testRunner;return !!tr && tr.isFinished();, args=[]}]
三月 23, 2014 4:13:08 下午 org.openqa.selenium.remote.RemoteWebDriver log
信息: Executing: executeScript [77348a09-a50f-b840-8b1f-e0eb017be929, executeScript {script=var tr = window.top.G_testRunner;return !!tr && tr.isFinished();, args=[]}]
三月 23, 2014 4:13:08 下午 org.openqa.selenium.remote.RemoteWebDriver log
信息: Executed: [77348a09-a50f-b840-8b1f-e0eb017be929, executeScript {script=var tr = window.top.G_testRunner;return !!tr && tr.isFinished();, args=[]}]
三月 23, 2014 4:13:08 下午 org.openqa.selenium.remote.RemoteWebDriver log
信息: Executing: executeScript [77348a09-a50f-b840-8b1f-e0eb017be929, executeScript {script=var tr = window.top.G_testRunner;return !!tr && tr.isFinished();, args=[]}]
三月 23, 2014 4:13:08 下午 org.openqa.selenium.remote.RemoteWebDriver log
信息: Executed: [77348a09-a50f-b840-8b1f-e0eb017be929, executeScript {script=var tr = window.top.G_testRunner;return !!tr && tr.isFinished();, args=[]}]
三月 23, 2014 4:13:08 下午 org.openqa.selenium.remote.RemoteWebDriver log
信息: Executing: executeScript [77348a09-a50f-b840-8b1f-e0eb017be929, executeScript {script=var tr = window.top.G_testRunner;return !!tr && tr.isSuccess();, args=[]}]
三月 23, 2014 4:13:08 下午 org.openqa.selenium.remote.RemoteWebDriver log
信息: Executed: [77348a09-a50f-b840-8b1f-e0eb017be929, executeScript {script=var tr = window.top.G_testRunner;return !!tr && tr.isSuccess();, args=[]}]
三月 23, 2014 4:13:08 下午 org.openqa.selenium.javascript.ClosureTestStatement evaluate
信息: Running: http://localhost:33655/javascript/atoms/test/error_test.html
三月 23, 2014 4:13:08 下午 org.openqa.selenium.remote.RemoteWebDriver log
信息: Executing: maximizeWindow [77348a09-a50f-b840-8b1f-e0eb017be929, maximizeWindow {windowHandle=current}]
三月 23, 2014 4:13:08 下午 org.openqa.selenium.remote.RemoteWebDriver log
信息: Executed: [77348a09-a50f-b840-8b1f-e0eb017be929, maximizeWindow {windowHandle=current}]
三月 23, 2014 4:13:08 下午 org.openqa.selenium.remote.RemoteWebDriver log
信息: Executing: executeScript [77348a09-a50f-b840-8b1f-e0eb017be929, executeScript {script=if (window && window.top) window.top.G_testRunner = null, args=[]}]
三月 23, 2014 4:13:08 下午 org.openqa.selenium.remote.RemoteWebDriver log
信息: Executed: [77348a09-a50f-b840-8b1f-e0eb017be929, executeScript {script=if (window && window.top) window.top.G_testRunner = null, args=[]}]
三月 23, 2014 4:13:08 下午 org.openqa.selenium.remote.RemoteWebDriver log
信息: Executing: get [77348a09-a50f-b840-8b1f-e0eb017be929, get {url=http://localhost:33655/javascript/atoms/test/error_test.html}]
三月 23, 2014 4:13:08 下午 org.openqa.selenium.remote.RemoteWebDriver log
信息: Executed: [77348a09-a50f-b840-8b1f-e0eb017be929, get {url=http://localhost:33655/javascript/atoms/test/error_test.html}]
三月 23, 2014 4:13:08 下午 org.openqa.selenium.remote.RemoteWebDriver log
信息: Executing: executeScript [77348a09-a50f-b840-8b1f-e0eb017be929, executeScript {script=var tr = window.top.G_testRunner;return !!tr && tr.isFinished();, args=[]}]
三月 23, 2014 4:13:08 下午 org.openqa.selenium.remote.RemoteWebDriver log
信息: Executed: [77348a09-a50f-b840-8b1f-e0eb017be929, executeScript {script=var tr = window.top.G_testRunner;return !!tr && tr.isFinished();, args=[]}]
三月 23, 2014 4:13:08 下午 org.openqa.selenium.remote.RemoteWebDriver log
信息: Executing: executeScript [77348a09-a50f-b840-8b1f-e0eb017be929, executeScript {script=var tr = window.top.G_testRunner;return !!tr && tr.isFinished();, args=[]}]
三月 23, 2014 4:13:08 下午 org.openqa.selenium.remote.RemoteWebDriver log
信息: Executed: [77348a09-a50f-b840-8b1f-e0eb017be929, executeScript {script=var tr = window.top.G_testRunner;return !!tr && tr.isFinished();, args=[]}]
三月 23, 2014 4:13:08 下午 org.openqa.selenium.remote.RemoteWebDriver log
信息: Executing: executeScript [77348a09-a50f-b840-8b1f-e0eb017be929, executeScript {script=var tr = window.top.G_testRunner;return !!tr && tr.isFinished();, args=[]}]
三月 23, 2014 4:13:08 下午 org.openqa.selenium.remote.RemoteWebDriver log
信息: Executed: [77348a09-a50f-b840-8b1f-e0eb017be929, executeScript {script=var tr = window.top.G_testRunner;return !!tr && tr.isFinished();, args=[]}]
三月 23, 2014 4:13:08 下午 org.openqa.selenium.remote.RemoteWebDriver log
信息: Executing: executeScript [77348a09-a50f-b840-8b1f-e0eb017be929, executeScript {script=var tr = window.top.G_testRunner;return !!tr && tr.isFinished();, args=[]}]
三月 23, 2014 4:13:08 下午 org.openqa.selenium.remote.RemoteWebDriver log
信息: Executed: [77348a09-a50f-b840-8b1f-e0eb017be929, executeScript {script=var tr = window.top.G_testRunner;return !!tr && tr.isFinished();, args=[]}]
三月 23, 2014 4:13:09 下午 org.openqa.selenium.remote.RemoteWebDriver log
信息: Executing: executeScript [77348a09-a50f-b840-8b1f-e0eb017be929, executeScript {script=var tr = window.top.G_testRunner;return !!tr && tr.isFinished();, args=[]}]
三月 23, 2014 4:13:09 下午 org.openqa.selenium.remote.RemoteWebDriver log
信息: Executed: [77348a09-a50f-b840-8b1f-e0eb017be929, executeScript {script=var tr = window.top.G_testRunner;return !!tr && tr.isFinished();, args=[]}]
三月 23, 2014 4:13:09 下午 org.openqa.selenium.remote.RemoteWebDriver log
信息: Executing: executeScript [77348a09-a50f-b840-8b1f-e0eb017be929, executeScript {script=var tr = window.top.G_testRunner;return !!tr && tr.isFinished();, args=[]}]
三月 23, 2014 4:13:09 下午 org.openqa.selenium.remote.RemoteWebDriver log
信息: Executed: [77348a09-a50f-b840-8b1f-e0eb017be929, executeScript {script=var tr = window.top.G_testRunner;return !!tr && tr.isFinished();, args=[]}]
三月 23, 2014 4:13:09 下午 org.openqa.selenium.remote.RemoteWebDriver log
信息: Executing: executeScript [77348a09-a50f-b840-8b1f-e0eb017be929, executeScript {script=var tr = window.top.G_testRunner;return !!tr && tr.isSuccess();, args=[]}]
三月 23, 2014 4:13:09 下午 org.openqa.selenium.remote.RemoteWebDriver log
信息: Executed: [77348a09-a50f-b840-8b1f-e0eb017be929, executeScript {script=var tr = window.top.G_testRunner;return !!tr && tr.isSuccess();, args=[]}]
三月 23, 2014 4:13:09 下午 org.openqa.selenium.javascript.ClosureTestStatement evaluate
信息: Running: http://localhost:33655/javascript/atoms/test/events_test.html
三月 23, 2014 4:13:09 下午 org.openqa.selenium.remote.RemoteWebDriver log
信息: Executing: maximizeWindow [77348a09-a50f-b840-8b1f-e0eb017be929, maximizeWindow {windowHandle=current}]
三月 23, 2014 4:13:09 下午 org.openqa.selenium.remote.RemoteWebDriver log
信息: Executed: [77348a09-a50f-b840-8b1f-e0eb017be929, maximizeWindow {windowHandle=current}]
三月 23, 2014 4:13:09 下午 org.openqa.selenium.remote.RemoteWebDriver log
信息: Executing: executeScript [77348a09-a50f-b840-8b1f-e0eb017be929, executeScript {script=if (window && window.top) window.top.G_testRunner = null, args=[]}]
三月 23, 2014 4:13:09 下午 org.openqa.selenium.remote.RemoteWebDriver log
信息: Executed: [77348a09-a50f-b840-8b1f-e0eb017be929, executeScript {script=if (window && window.top) window.top.G_testRunner = null, args=[]}]
三月 23, 2014 4:13:09 下午 org.openqa.selenium.remote.RemoteWebDriver log
信息: Executing: get [77348a09-a50f-b840-8b1f-e0eb017be929, get {url=http://localhost:33655/javascript/atoms/test/events_test.html}]
三月 23, 2014 4:13:09 下午 org.openqa.selenium.remote.RemoteWebDriver log
信息: Executed: [77348a09-a50f-b840-8b1f-e0eb017be929, get {url=http://localhost:33655/javascript/atoms/test/events_test.html}]
三月 23, 2014 4:13:09 下午 org.openqa.selenium.remote.RemoteWebDriver log
信息: Executing: executeScript [77348a09-a50f-b840-8b1f-e0eb017be929, executeScript {script=var tr = window.top.G_testRunner;return !!tr && tr.isFinished();, args=[]}]
三月 23, 2014 4:13:09 下午 org.openqa.selenium.remote.RemoteWebDriver log
信息: Executed: [77348a09-a50f-b840-8b1f-e0eb017be929, executeScript {script=var tr = window.top.G_testRunner;return !!tr && tr.isFinished();, args=[]}]
三月 23, 2014 4:13:09 下午 org.openqa.selenium.remote.RemoteWebDriver log
信息: Executing: executeScript [77348a09-a50f-b840-8b1f-e0eb017be929, executeScript {script=var tr = window.top.G_testRunner;return !!tr && tr.isFinished();, args=[]}]
三月 23, 2014 4:13:09 下午 org.openqa.selenium.remote.RemoteWebDriver log
信息: Executed: [77348a09-a50f-b840-8b1f-e0eb017be929, executeScript {script=var tr = window.top.G_testRunner;return !!tr && tr.isFinished();, args=[]}]
三月 23, 2014 4:13:09 下午 org.openqa.selenium.remote.RemoteWebDriver log
信息: Executing: executeScript [77348a09-a50f-b840-8b1f-e0eb017be929, executeScript {script=var tr = window.top.G_testRunner;return !!tr && tr.isFinished();, args=[]}]
三月 23, 2014 4:13:09 下午 org.openqa.selenium.remote.RemoteWebDriver log
信息: Executed: [77348a09-a50f-b840-8b1f-e0eb017be929, executeScript {script=var tr = window.top.G_testRunner;return !!tr && tr.isFinished();, args=[]}]
三月 23, 2014 4:13:09 下午 org.openqa.selenium.remote.RemoteWebDriver log
信息: Executing: executeScript [77348a09-a50f-b840-8b1f-e0eb017be929, executeScript {script=var tr = window.top.G_testRunner;return !!tr && tr.isFinished();, args=[]}]
三月 23, 2014 4:13:09 下午 org.openqa.selenium.remote.RemoteWebDriver log
信息: Executed: [77348a09-a50f-b840-8b1f-e0eb017be929, executeScript {script=var tr = window.top.G_testRunner;return !!tr && tr.isFinished();, args=[]}]
三月 23, 2014 4:13:09 下午 org.openqa.selenium.remote.RemoteWebDriver log
信息: Executing: executeScript [77348a09-a50f-b840-8b1f-e0eb017be929, executeScript {script=var tr = window.top.G_testRunner;return !!tr && tr.isFinished();, args=[]}]
三月 23, 2014 4:13:09 下午 org.openqa.selenium.remote.RemoteWebDriver log
信息: Executed: [77348a09-a50f-b840-8b1f-e0eb017be929, executeScript {script=var tr = window.top.G_testRunner;return !!tr && tr.isFinished();, args=[]}]
三月 23, 2014 4:13:09 下午 org.openqa.selenium.remote.RemoteWebDriver log
信息: Executing: executeScript [77348a09-a50f-b840-8b1f-e0eb017be929, executeScript {script=var tr = window.top.G_testRunner;return !!tr && tr.isFinished();, args=[]}]
三月 23, 2014 4:13:09 下午 org.openqa.selenium.remote.RemoteWebDriver log
信息: Executed: [77348a09-a50f-b840-8b1f-e0eb017be929, executeScript {script=var tr = window.top.G_testRunner;return !!tr && tr.isFinished();, args=[]}]
三月 23, 2014 4:13:09 下午 org.openqa.selenium.remote.RemoteWebDriver log
信息: Executing: executeScript [77348a09-a50f-b840-8b1f-e0eb017be929, executeScript {script=var tr = window.top.G_testRunner;return !!tr && tr.isSuccess();, args=[]}]
三月 23, 2014 4:13:09 下午 org.openqa.selenium.remote.RemoteWebDriver log
信息: Executed: [77348a09-a50f-b840-8b1f-e0eb017be929, executeScript {script=var tr = window.top.G_testRunner;return !!tr && tr.isSuccess();, args=[]}]
三月 23, 2014 4:13:09 下午 org.openqa.selenium.javascript.ClosureTestStatement evaluate
信息: Running: http://localhost:33655/javascript/atoms/test/focus_test.html
三月 23, 2014 4:13:09 下午 org.openqa.selenium.remote.RemoteWebDriver log
信息: Executing: maximizeWindow [77348a09-a50f-b840-8b1f-e0eb017be929, maximizeWindow {windowHandle=current}]
三月 23, 2014 4:13:09 下午 org.openqa.selenium.remote.RemoteWebDriver log
信息: Executed: [77348a09-a50f-b840-8b1f-e0eb017be929, maximizeWindow {windowHandle=current}]
三月 23, 2014 4:13:09 下午 org.openqa.selenium.remote.RemoteWebDriver log
信息: Executing: executeScript [77348a09-a50f-b840-8b1f-e0eb017be929, executeScript {script=if (window && window.top) window.top.G_testRunner = null, args=[]}]
三月 23, 2014 4:13:09 下午 org.openqa.selenium.remote.RemoteWebDriver log
信息: Executed: [77348a09-a50f-b840-8b1f-e0eb017be929, executeScript {script=if (window && window.top) window.top.G_testRunner = null, args=[]}]
三月 23, 2014 4:13:09 下午 org.openqa.selenium.remote.RemoteWebDriver log
信息: Executing: get [77348a09-a50f-b840-8b1f-e0eb017be929, get {url=http://localhost:33655/javascript/atoms/test/focus_test.html}]
三月 23, 2014 4:13:10 下午 org.openqa.selenium.remote.RemoteWebDriver log
信息: Executed: [77348a09-a50f-b840-8b1f-e0eb017be929, get {url=http://localhost:33655/javascript/atoms/test/focus_test.html}]
三月 23, 2014 4:13:10 下午 org.openqa.selenium.remote.RemoteWebDriver log
信息: Executing: executeScript [77348a09-a50f-b840-8b1f-e0eb017be929, executeScript {script=var tr = window.top.G_testRunner;return !!tr && tr.isFinished();, args=[]}]
三月 23, 2014 4:13:10 下午 org.openqa.selenium.remote.RemoteWebDriver log
信息: Executed: [77348a09-a50f-b840-8b1f-e0eb017be929, executeScript {script=var tr = window.top.G_testRunner;return !!tr && tr.isFinished();, args=[]}]
三月 23, 2014 4:13:10 下午 org.openqa.selenium.remote.RemoteWebDriver log
信息: Executing: executeScript [77348a09-a50f-b840-8b1f-e0eb017be929, executeScript {script=var tr = window.top.G_testRunner;return !!tr && tr.isFinished();, args=[]}]
三月 23, 2014 4:13:10 下午 org.openqa.selenium.remote.RemoteWebDriver log
信息: Executed: [77348a09-a50f-b840-8b1f-e0eb017be929, executeScript {script=var tr = window.top.G_testRunner;return !!tr && tr.isFinished();, args=[]}]
三月 23, 2014 4:13:10 下午 org.openqa.selenium.remote.RemoteWebDriver log
信息: Executing: executeScript [77348a09-a50f-b840-8b1f-e0eb017be929, executeScript {script=var tr = window.top.G_testRunner;return !!tr && tr.isFinished();, args=[]}]
三月 23, 2014 4:13:10 下午 org.openqa.selenium.remote.RemoteWebDriver log
信息: Executed: [77348a09-a50f-b840-8b1f-e0eb017be929, executeScript {script=var tr = window.top.G_testRunner;return !!tr && tr.isFinished();, args=[]}]
三月 23, 2014 4:13:10 下午 org.openqa.selenium.remote.RemoteWebDriver log
信息: Executing: executeScript [77348a09-a50f-b840-8b1f-e0eb017be929, executeScript {script=var tr = window.top.G_testRunner;return !!tr && tr.isFinished();, args=[]}]
三月 23, 2014 4:13:10 下午 org.openqa.selenium.remote.RemoteWebDriver log
信息: Executed: [77348a09-a50f-b840-8b1f-e0eb017be929, executeScript {script=var tr = window.top.G_testRunner;return !!tr && tr.isFinished();, args=[]}]
三月 23, 2014 4:13:10 下午 org.openqa.selenium.remote.RemoteWebDriver log
信息: Executing: executeScript [77348a09-a50f-b840-8b1f-e0eb017be929, executeScript {script=var tr = window.top.G_testRunner;return !!tr && tr.isFinished();, args=[]}]
三月 23, 2014 4:13:10 下午 org.openqa.selenium.remote.RemoteWebDriver log
信息: Executed: [77348a09-a50f-b840-8b1f-e0eb017be929, executeScript {script=var tr = window.top.G_testRunner;return !!tr && tr.isFinished();, args=[]}]
三月 23, 2014 4:13:10 下午 org.openqa.selenium.remote.RemoteWebDriver log
信息: Executing: executeScript [77348a09-a50f-b840-8b1f-e0eb017be929, executeScript {script=var tr = window.top.G_testRunner;return !!tr && tr.isFinished();, args=[]}]
三月 23, 2014 4:13:10 下午 org.openqa.selenium.remote.RemoteWebDriver log
信息: Executed: [77348a09-a50f-b840-8b1f-e0eb017be929, executeScript {script=var tr = window.top.G_testRunner;return !!tr && tr.isFinished();, args=[]}]
三月 23, 2014 4:13:10 下午 org.openqa.selenium.remote.RemoteWebDriver log
信息: Executing: executeScript [77348a09-a50f-b840-8b1f-e0eb017be929, executeScript {script=var tr = window.top.G_testRunner;return !!tr && tr.isFinished();, args=[]}]
三月 23, 2014 4:13:10 下午 org.openqa.selenium.remote.RemoteWebDriver log
信息: Executed: [77348a09-a50f-b840-8b1f-e0eb017be929, executeScript {script=var tr = window.top.G_testRunner;return !!tr && tr.isFinished();, args=[]}]
三月 23, 2014 4:13:10 下午 org.openqa.selenium.remote.RemoteWebDriver log
信息: Executing: executeScript [77348a09-a50f-b840-8b1f-e0eb017be929, executeScript {script=var tr = window.top.G_testRunner;return !!tr && tr.isSuccess();, args=[]}]
三月 23, 2014 4:13:10 下午 org.openqa.selenium.remote.RemoteWebDriver log
信息: Executed: [77348a09-a50f-b840-8b1f-e0eb017be929, executeScript {script=var tr = window.top.G_testRunner;return !!tr && tr.isSuccess();, args=[]}]
三月 23, 2014 4:13:10 下午 org.openqa.selenium.javascript.ClosureTestStatement evaluate
信息: Running: http://localhost:33655/javascript/atoms/test/frame_scroll_test.html
三月 23, 2014 4:13:10 下午 org.openqa.selenium.remote.RemoteWebDriver log
信息: Executing: maximizeWindow [77348a09-a50f-b840-8b1f-e0eb017be929, maximizeWindow {windowHandle=current}]
三月 23, 2014 4:13:10 下午 org.openqa.selenium.remote.RemoteWebDriver log
信息: Executed: [77348a09-a50f-b840-8b1f-e0eb017be929, maximizeWindow {windowHandle=current}]
三月 23, 2014 4:13:10 下午 org.openqa.selenium.remote.RemoteWebDriver log
信息: Executing: executeScript [77348a09-a50f-b840-8b1f-e0eb017be929, executeScript {script=if (window && window.top) window.top.G_testRunner = null, args=[]}]
三月 23, 2014 4:13:10 下午 org.openqa.selenium.remote.RemoteWebDriver log
信息: Executed: [77348a09-a50f-b840-8b1f-e0eb017be929, executeScript {script=if (window && window.top) window.top.G_testRunner = null, args=[]}]
三月 23, 2014 4:13:10 下午 org.openqa.selenium.remote.RemoteWebDriver log
信息: Executing: get [77348a09-a50f-b840-8b1f-e0eb017be929, get {url=http://localhost:33655/javascript/atoms/test/frame_scroll_test.html}]
三月 23, 2014 4:13:11 下午 org.openqa.selenium.remote.RemoteWebDriver log
信息: Executed: [77348a09-a50f-b840-8b1f-e0eb017be929, get {url=http://localhost:33655/javascript/atoms/test/frame_scroll_test.html}]
三月 23, 2014 4:13:11 下午 org.openqa.selenium.remote.RemoteWebDriver log
信息: Executing: executeScript [77348a09-a50f-b840-8b1f-e0eb017be929, executeScript {script=var tr = window.top.G_testRunner;return !!tr && tr.isFinished();, args=[]}]
三月 23, 2014 4:13:11 下午 org.openqa.selenium.remote.RemoteWebDriver log
信息: Executed: [77348a09-a50f-b840-8b1f-e0eb017be929, executeScript {script=var tr = window.top.G_testRunner;return !!tr && tr.isFinished();, args=[]}]
三月 23, 2014 4:13:11 下午 org.openqa.selenium.remote.RemoteWebDriver log
信息: Executing: executeScript [77348a09-a50f-b840-8b1f-e0eb017be929, executeScript {script=var tr = window.top.G_testRunner;return !!tr && tr.isFinished();, args=[]}]
三月 23, 2014 4:13:11 下午 org.openqa.selenium.remote.RemoteWebDriver log
信息: Executed: [77348a09-a50f-b840-8b1f-e0eb017be929, executeScript {script=var tr = window.top.G_testRunner;return !!tr && tr.isFinished();, args=[]}]
三月 23, 2014 4:13:11 下午 org.openqa.selenium.remote.RemoteWebDriver log
信息: Executing: executeScript [77348a09-a50f-b840-8b1f-e0eb017be929, executeScript {script=var tr = window.top.G_testRunner;return !!tr && tr.isFinished();, args=[]}]
三月 23, 2014 4:13:11 下午 org.openqa.selenium.remote.RemoteWebDriver log
信息: Executed: [77348a09-a50f-b840-8b1f-e0eb017be929, executeScript {script=var tr = window.top.G_testRunner;return !!tr && tr.isFinished();, args=[]}]
三月 23, 2014 4:13:11 下午 org.openqa.selenium.remote.RemoteWebDriver log
信息: Executing: executeScript [77348a09-a50f-b840-8b1f-e0eb017be929, executeScript {script=var tr = window.top.G_testRunner;return !!tr && tr.isFinished();, args=[]}]
三月 23, 2014 4:13:11 下午 org.openqa.selenium.remote.RemoteWebDriver log
信息: Executed: [77348a09-a50f-b840-8b1f-e0eb017be929, executeScript {script=var tr = window.top.G_testRunner;return !!tr && tr.isFinished();, args=[]}]
三月 23, 2014 4:13:11 下午 org.openqa.selenium.remote.RemoteWebDriver log
信息: Executing: executeScript [77348a09-a50f-b840-8b1f-e0eb017be929, executeScript {script=var tr = window.top.G_testRunner;return !!tr && tr.isFinished();, args=[]}]
三月 23, 2014 4:13:11 下午 org.openqa.selenium.remote.RemoteWebDriver log
信息: Executed: [77348a09-a50f-b840-8b1f-e0eb017be929, executeScript {script=var tr = window.top.G_testRunner;return !!tr && tr.isFinished();, args=[]}]
三月 23, 2014 4:13:11 下午 org.openqa.selenium.remote.RemoteWebDriver log
信息: Executing: executeScript [77348a09-a50f-b840-8b1f-e0eb017be929, executeScript {script=var tr = window.top.G_testRunner;return !!tr && tr.isFinished();, args=[]}]
三月 23, 2014 4:13:11 下午 org.openqa.selenium.remote.RemoteWebDriver log
信息: Executed: [77348a09-a50f-b840-8b1f-e0eb017be929, executeScript {script=var tr = window.top.G_testRunner;return !!tr && tr.isFinished();, args=[]}]
三月 23, 2014 4:13:11 下午 org.openqa.selenium.remote.RemoteWebDriver log
信息: Executing: executeScript [77348a09-a50f-b840-8b1f-e0eb017be929, executeScript {script=var tr = window.top.G_testRunner;return !!tr && tr.isSuccess();, args=[]}]
三月 23, 2014 4:13:11 下午 org.openqa.selenium.remote.RemoteWebDriver log
信息: Executed: [77348a09-a50f-b840-8b1f-e0eb017be929, executeScript {script=var tr = window.top.G_testRunner;return !!tr && tr.isSuccess();, args=[]}]
三月 23, 2014 4:13:11 下午 org.openqa.selenium.javascript.ClosureTestStatement evaluate
信息: Running: http://localhost:33655/javascript/atoms/test/frame_size_test.html
三月 23, 2014 4:13:11 下午 org.openqa.selenium.remote.RemoteWebDriver log
信息: Executing: maximizeWindow [77348a09-a50f-b840-8b1f-e0eb017be929, maximizeWindow {windowHandle=current}]
三月 23, 2014 4:13:11 下午 org.openqa.selenium.remote.RemoteWebDriver log
信息: Executed: [77348a09-a50f-b840-8b1f-e0eb017be929, maximizeWindow {windowHandle=current}]
三月 23, 2014 4:13:11 下午 org.openqa.selenium.remote.RemoteWebDriver log
信息: Executing: executeScript [77348a09-a50f-b840-8b1f-e0eb017be929, executeScript {script=if (window && window.top) window.top.G_testRunner = null, args=[]}]
三月 23, 2014 4:13:11 下午 org.openqa.selenium.remote.RemoteWebDriver log
信息: Executed: [77348a09-a50f-b840-8b1f-e0eb017be929, executeScript {script=if (window && window.top) window.top.G_testRunner = null, args=[]}]
三月 23, 2014 4:13:11 下午 org.openqa.selenium.remote.RemoteWebDriver log
信息: Executing: get [77348a09-a50f-b840-8b1f-e0eb017be929, get {url=http://localhost:33655/javascript/atoms/test/frame_size_test.html}]
三月 23, 2014 4:13:11 下午 org.openqa.selenium.remote.RemoteWebDriver log
信息: Executed: [77348a09-a50f-b840-8b1f-e0eb017be929, get {url=http://localhost:33655/javascript/atoms/test/frame_size_test.html}]
三月 23, 2014 4:13:11 下午 org.openqa.selenium.remote.RemoteWebDriver log
信息: Executing: executeScript [77348a09-a50f-b840-8b1f-e0eb017be929, executeScript {script=var tr = window.top.G_testRunner;return !!tr && tr.isFinished();, args=[]}]
三月 23, 2014 4:13:11 下午 org.openqa.selenium.remote.RemoteWebDriver log
信息: Executed: [77348a09-a50f-b840-8b1f-e0eb017be929, executeScript {script=var tr = window.top.G_testRunner;return !!tr && tr.isFinished();, args=[]}]
三月 23, 2014 4:13:11 下午 org.openqa.selenium.remote.RemoteWebDriver log
信息: Executing: executeScript [77348a09-a50f-b840-8b1f-e0eb017be929, executeScript {script=var tr = window.top.G_testRunner;return !!tr && tr.isFinished();, args=[]}]
三月 23, 2014 4:13:12 下午 org.openqa.selenium.remote.RemoteWebDriver log
信息: Executed: [77348a09-a50f-b840-8b1f-e0eb017be929, executeScript {script=var tr = window.top.G_testRunner;return !!tr && tr.isFinished();, args=[]}]
三月 23, 2014 4:13:12 下午 org.openqa.selenium.remote.RemoteWebDriver log
信息: Executing: executeScript [77348a09-a50f-b840-8b1f-e0eb017be929, executeScript {script=var tr = window.top.G_testRunner;return !!tr && tr.isFinished();, args=[]}]
三月 23, 2014 4:13:12 下午 org.openqa.selenium.remote.RemoteWebDriver log
信息: Executed: [77348a09-a50f-b840-8b1f-e0eb017be929, executeScript {script=var tr = window.top.G_testRunner;return !!tr && tr.isFinished();, args=[]}]
三月 23, 2014 4:13:12 下午 org.openqa.selenium.remote.RemoteWebDriver log
信息: Executing: executeScript [77348a09-a50f-b840-8b1f-e0eb017be929, executeScript {script=var tr = window.top.G_testRunner;return !!tr && tr.isFinished();, args=[]}]
三月 23, 2014 4:13:12 下午 org.openqa.selenium.remote.RemoteWebDriver log
信息: Executed: [77348a09-a50f-b840-8b1f-e0eb017be929, executeScript {script=var tr = window.top.G_testRunner;return !!tr && tr.isFinished();, args=[]}]
三月 23, 2014 4:13:12 下午 org.openqa.selenium.remote.RemoteWebDriver log
信息: Executing: executeScript [77348a09-a50f-b840-8b1f-e0eb017be929, executeScript {script=var tr = window.top.G_testRunner;return !!tr && tr.isFinished();, args=[]}]
三月 23, 2014 4:13:12 下午 org.openqa.selenium.remote.RemoteWebDriver log
信息: Executed: [77348a09-a50f-b840-8b1f-e0eb017be929, executeScript {script=var tr = window.top.G_testRunner;return !!tr && tr.isFinished();, args=[]}]
三月 23, 2014 4:13:12 下午 org.openqa.selenium.remote.RemoteWebDriver log
信息: Executing: executeScript [77348a09-a50f-b840-8b1f-e0eb017be929, executeScript {script=var tr = window.top.G_testRunner;return !!tr && tr.isFinished();, args=[]}]
三月 23, 2014 4:13:12 下午 org.openqa.selenium.remote.RemoteWebDriver log
信息: Executed: [77348a09-a50f-b840-8b1f-e0eb017be929, executeScript {script=var tr = window.top.G_testRunner;return !!tr && tr.isFinished();, args=[]}]
三月 23, 2014 4:13:12 下午 org.openqa.selenium.remote.RemoteWebDriver log
信息: Executing: executeScript [77348a09-a50f-b840-8b1f-e0eb017be929, executeScript {script=var tr = window.top.G_testRunner;return !!tr && tr.isSuccess();, args=[]}]
三月 23, 2014 4:13:12 下午 org.openqa.selenium.remote.RemoteWebDriver log
信息: Executed: [77348a09-a50f-b840-8b1f-e0eb017be929, executeScript {script=var tr = window.top.G_testRunner;return !!tr && tr.isSuccess();, args=[]}]
三月 23, 2014 4:13:12 下午 org.openqa.selenium.javascript.ClosureTestStatement evaluate
信息: Running: http://localhost:33655/javascript/atoms/test/frame_test.html
三月 23, 2014 4:13:12 下午 org.openqa.selenium.remote.RemoteWebDriver log
信息: Executing: maximizeWindow [77348a09-a50f-b840-8b1f-e0eb017be929, maximizeWindow {windowHandle=current}]
三月 23, 2014 4:13:12 下午 org.openqa.selenium.remote.RemoteWebDriver log
信息: Executed: [77348a09-a50f-b840-8b1f-e0eb017be929, maximizeWindow {windowHandle=current}]
三月 23, 2014 4:13:12 下午 org.openqa.selenium.remote.RemoteWebDriver log
信息: Executing: executeScript [77348a09-a50f-b840-8b1f-e0eb017be929, executeScript {script=if (window && window.top) window.top.G_testRunner = null, args=[]}]
三月 23, 2014 4:13:12 下午 org.openqa.selenium.remote.RemoteWebDriver log
信息: Executed: [77348a09-a50f-b840-8b1f-e0eb017be929, executeScript {script=if (window && window.top) window.top.G_testRunner = null, args=[]}]
三月 23, 2014 4:13:12 下午 org.openqa.selenium.remote.RemoteWebDriver log
信息: Executing: get [77348a09-a50f-b840-8b1f-e0eb017be929, get {url=http://localhost:33655/javascript/atoms/test/frame_test.html}]
三月 23, 2014 4:13:12 下午 org.openqa.selenium.remote.RemoteWebDriver log
信息: Executed: [77348a09-a50f-b840-8b1f-e0eb017be929, get {url=http://localhost:33655/javascript/atoms/test/frame_test.html}]
三月 23, 2014 4:13:12 下午 org.openqa.selenium.remote.RemoteWebDriver log
信息: Executing: executeScript [77348a09-a50f-b840-8b1f-e0eb017be929, executeScript {script=var tr = window.top.G_testRunner;return !!tr && tr.isFinished();, args=[]}]
三月 23, 2014 4:13:12 下午 org.openqa.selenium.remote.RemoteWebDriver log
信息: Executed: [77348a09-a50f-b840-8b1f-e0eb017be929, executeScript {script=var tr = window.top.G_testRunner;return !!tr && tr.isFinished();, args=[]}]
三月 23, 2014 4:13:12 下午 org.openqa.selenium.remote.RemoteWebDriver log
信息: Executing: executeScript [77348a09-a50f-b840-8b1f-e0eb017be929, executeScript {script=var tr = window.top.G_testRunner;return !!tr && tr.isFinished();, args=[]}]
三月 23, 2014 4:13:12 下午 org.openqa.selenium.remote.RemoteWebDriver log
信息: Executed: [77348a09-a50f-b840-8b1f-e0eb017be929, executeScript {script=var tr = window.top.G_testRunner;return !!tr && tr.isFinished();, args=[]}]
三月 23, 2014 4:13:12 下午 org.openqa.selenium.remote.RemoteWebDriver log
信息: Executing: executeScript [77348a09-a50f-b840-8b1f-e0eb017be929, executeScript {script=var tr = window.top.G_testRunner;return !!tr && tr.isFinished();, args=[]}]
三月 23, 2014 4:13:12 下午 org.openqa.selenium.remote.RemoteWebDriver log
信息: Executed: [77348a09-a50f-b840-8b1f-e0eb017be929, executeScript {script=var tr = window.top.G_testRunner;return !!tr && tr.isFinished();, args=[]}]
三月 23, 2014 4:13:13 下午 org.openqa.selenium.remote.RemoteWebDriver log
信息: Executing: executeScript [77348a09-a50f-b840-8b1f-e0eb017be929, executeScript {script=var tr = window.top.G_testRunner;return !!tr && tr.isFinished();, args=[]}]
三月 23, 2014 4:13:13 下午 org.openqa.selenium.remote.RemoteWebDriver log
信息: Executed: [77348a09-a50f-b840-8b1f-e0eb017be929, executeScript {script=var tr = window.top.G_testRunner;return !!tr && tr.isFinished();, args=[]}]
三月 23, 2014 4:13:13 下午 org.openqa.selenium.remote.RemoteWebDriver log
信息: Executing: executeScript [77348a09-a50f-b840-8b1f-e0eb017be929, executeScript {script=var tr = window.top.G_testRunner;return !!tr && tr.isFinished();, args=[]}]
三月 23, 2014 4:13:13 下午 org.openqa.selenium.remote.RemoteWebDriver log
信息: Executed: [77348a09-a50f-b840-8b1f-e0eb017be929, executeScript {script=var tr = window.top.G_testRunner;return !!tr && tr.isFinished();, args=[]}]
三月 23, 2014 4:13:13 下午 org.openqa.selenium.remote.RemoteWebDriver log
信息: Executing: executeScript [77348a09-a50f-b840-8b1f-e0eb017be929, executeScript {script=var tr = window.top.G_testRunner;return !!tr && tr.isFinished();, args=[]}]
三月 23, 2014 4:13:13 下午 org.openqa.selenium.remote.RemoteWebDriver log
信息: Executed: [77348a09-a50f-b840-8b1f-e0eb017be929, executeScript {script=var tr = window.top.G_testRunner;return !!tr && tr.isFinished();, args=[]}]
三月 23, 2014 4:13:13 下午 org.openqa.selenium.remote.RemoteWebDriver log
信息: Executing: executeScript [77348a09-a50f-b840-8b1f-e0eb017be929, executeScript {script=var tr = window.top.G_testRunner;return !!tr && tr.isSuccess();, args=[]}]
三月 23, 2014 4:13:13 下午 org.openqa.selenium.remote.RemoteWebDriver log
信息: Executed: [77348a09-a50f-b840-8b1f-e0eb017be929, executeScript {script=var tr = window.top.G_testRunner;return !!tr && tr.isSuccess();, args=[]}]
三月 23, 2014 4:13:13 下午 org.openqa.selenium.javascript.ClosureTestStatement evaluate
信息: Running: http://localhost:33655/javascript/atoms/test/gestures_test.html
三月 23, 2014 4:13:13 下午 org.openqa.selenium.remote.RemoteWebDriver log
信息: Executing: maximizeWindow [77348a09-a50f-b840-8b1f-e0eb017be929, maximizeWindow {windowHandle=current}]
三月 23, 2014 4:13:13 下午 org.openqa.selenium.remote.RemoteWebDriver log
信息: Executed: [77348a09-a50f-b840-8b1f-e0eb017be929, maximizeWindow {windowHandle=current}]
三月 23, 2014 4:13:13 下午 org.openqa.selenium.remote.RemoteWebDriver log
信息: Executing: executeScript [77348a09-a50f-b840-8b1f-e0eb017be929, executeScript {script=if (window && window.top) window.top.G_testRunner = null, args=[]}]
三月 23, 2014 4:13:13 下午 org.openqa.selenium.remote.RemoteWebDriver log
信息: Executed: [77348a09-a50f-b840-8b1f-e0eb017be929, executeScript {script=if (window && window.top) window.top.G_testRunner = null, args=[]}]
三月 23, 2014 4:13:13 下午 org.openqa.selenium.remote.RemoteWebDriver log
信息: Executing: get [77348a09-a50f-b840-8b1f-e0eb017be929, get {url=http://localhost:33655/javascript/atoms/test/gestures_test.html}]
三月 23, 2014 4:13:13 下午 org.openqa.selenium.remote.RemoteWebDriver log
信息: Executed: [77348a09-a50f-b840-8b1f-e0eb017be929, get {url=http://localhost:33655/javascript/atoms/test/gestures_test.html}]
三月 23, 2014 4:13:13 下午 org.openqa.selenium.remote.RemoteWebDriver log
信息: Executing: executeScript [77348a09-a50f-b840-8b1f-e0eb017be929, executeScript {script=var tr = window.top.G_testRunner;return !!tr && tr.isFinished();, args=[]}]
三月 23, 2014 4:13:13 下午 org.openqa.selenium.remote.RemoteWebDriver log
信息: Executed: [77348a09-a50f-b840-8b1f-e0eb017be929, executeScript {script=var tr = window.top.G_testRunner;return !!tr && tr.isFinished();, args=[]}]
三月 23, 2014 4:13:13 下午 org.openqa.selenium.remote.RemoteWebDriver log
信息: Executing: executeScript [77348a09-a50f-b840-8b1f-e0eb017be929, executeScript {script=var tr = window.top.G_testRunner;return !!tr && tr.isFinished();, args=[]}]
三月 23, 2014 4:13:13 下午 org.openqa.selenium.remote.RemoteWebDriver log
信息: Executed: [77348a09-a50f-b840-8b1f-e0eb017be929, executeScript {script=var tr = window.top.G_testRunner;return !!tr && tr.isFinished();, args=[]}]
三月 23, 2014 4:13:13 下午 org.openqa.selenium.remote.RemoteWebDriver log
信息: Executing: executeScript [77348a09-a50f-b840-8b1f-e0eb017be929, executeScript {script=var tr = window.top.G_testRunner;return !!tr && tr.isFinished();, args=[]}]
三月 23, 2014 4:13:13 下午 org.openqa.selenium.remote.RemoteWebDriver log
信息: Executed: [77348a09-a50f-b840-8b1f-e0eb017be929, executeScript {script=var tr = window.top.G_testRunner;return !!tr && tr.isFinished();, args=[]}]
三月 23, 2014 4:13:13 下午 org.openqa.selenium.remote.RemoteWebDriver log
信息: Executing: executeScript [77348a09-a50f-b840-8b1f-e0eb017be929, executeScript {script=var tr = window.top.G_testRunner;return !!tr && tr.isFinished();, args=[]}]
三月 23, 2014 4:13:13 下午 org.openqa.selenium.remote.RemoteWebDriver log
信息: Executed: [77348a09-a50f-b840-8b1f-e0eb017be929, executeScript {script=var tr = window.top.G_testRunner;return !!tr && tr.isFinished();, args=[]}]
三月 23, 2014 4:13:13 下午 org.openqa.selenium.remote.RemoteWebDriver log
信息: Executing: executeScript [77348a09-a50f-b840-8b1f-e0eb017be929, executeScript {script=var tr = window.top.G_testRunner;return !!tr && tr.isFinished();, args=[]}]
三月 23, 2014 4:13:13 下午 org.openqa.selenium.remote.RemoteWebDriver log
信息: Executed: [77348a09-a50f-b840-8b1f-e0eb017be929, executeScript {script=var tr = window.top.G_testRunner;return !!tr && tr.isFinished();, args=[]}]
三月 23, 2014 4:13:14 下午 org.openqa.selenium.remote.RemoteWebDriver log
信息: Executing: executeScript [77348a09-a50f-b840-8b1f-e0eb017be929, executeScript {script=var tr = window.top.G_testRunner;return !!tr && tr.isFinished();, args=[]}]
三月 23, 2014 4:13:14 下午 org.openqa.selenium.remote.RemoteWebDriver log
信息: Executed: [77348a09-a50f-b840-8b1f-e0eb017be929, executeScript {script=var tr = window.top.G_testRunner;return !!tr && tr.isFinished();, args=[]}]
三月 23, 2014 4:13:14 下午 org.openqa.selenium.remote.RemoteWebDriver log
信息: Executing: executeScript [77348a09-a50f-b840-8b1f-e0eb017be929, executeScript {script=var tr = window.top.G_testRunner;return !!tr && tr.isSuccess();, args=[]}]
三月 23, 2014 4:13:14 下午 org.openqa.selenium.remote.RemoteWebDriver log
信息: Executed: [77348a09-a50f-b840-8b1f-e0eb017be929, executeScript {script=var tr = window.top.G_testRunner;return !!tr && tr.isSuccess();, args=[]}]
三月 23, 2014 4:13:14 下午 org.openqa.selenium.javascript.ClosureTestStatement evaluate
信息: Running: http://localhost:33655/javascript/atoms/test/history_test.html
三月 23, 2014 4:13:14 下午 org.openqa.selenium.remote.RemoteWebDriver log
信息: Executing: maximizeWindow [77348a09-a50f-b840-8b1f-e0eb017be929, maximizeWindow {windowHandle=current}]
三月 23, 2014 4:13:14 下午 org.openqa.selenium.remote.RemoteWebDriver log
信息: Executed: [77348a09-a50f-b840-8b1f-e0eb017be929, maximizeWindow {windowHandle=current}]
三月 23, 2014 4:13:14 下午 org.openqa.selenium.remote.RemoteWebDriver log
信息: Executing: executeScript [77348a09-a50f-b840-8b1f-e0eb017be929, executeScript {script=if (window && window.top) window.top.G_testRunner = null, args=[]}]
三月 23, 2014 4:13:14 下午 org.openqa.selenium.remote.RemoteWebDriver log
信息: Executed: [77348a09-a50f-b840-8b1f-e0eb017be929, executeScript {script=if (window && window.top) window.top.G_testRunner = null, args=[]}]
三月 23, 2014 4:13:14 下午 org.openqa.selenium.remote.RemoteWebDriver log
信息: Executing: get [77348a09-a50f-b840-8b1f-e0eb017be929, get {url=http://localhost:33655/javascript/atoms/test/history_test.html}]
三月 23, 2014 4:13:14 下午 org.openqa.selenium.remote.RemoteWebDriver log
信息: Executed: [77348a09-a50f-b840-8b1f-e0eb017be929, get {url=http://localhost:33655/javascript/atoms/test/history_test.html}]
三月 23, 2014 4:13:14 下午 org.openqa.selenium.remote.RemoteWebDriver log
信息: Executing: executeScript [77348a09-a50f-b840-8b1f-e0eb017be929, executeScript {script=var tr = window.top.G_testRunner;return !!tr && tr.isFinished();, args=[]}]
三月 23, 2014 4:13:14 下午 org.openqa.selenium.remote.RemoteWebDriver log
信息: Executed: [77348a09-a50f-b840-8b1f-e0eb017be929, executeScript {script=var tr = window.top.G_testRunner;return !!tr && tr.isFinished();, args=[]}]
三月 23, 2014 4:13:14 下午 org.openqa.selenium.remote.RemoteWebDriver log
信息: Executing: executeScript [77348a09-a50f-b840-8b1f-e0eb017be929, executeScript {script=var tr = window.top.G_testRunner;return !!tr && tr.isFinished();, args=[]}]
三月 23, 2014 4:13:14 下午 org.openqa.selenium.remote.RemoteWebDriver log
信息: Executed: [77348a09-a50f-b840-8b1f-e0eb017be929, executeScript {script=var tr = window.top.G_testRunner;return !!tr && tr.isFinished();, args=[]}]
三月 23, 2014 4:13:14 下午 org.openqa.selenium.remote.RemoteWebDriver log
信息: Executing: executeScript [77348a09-a50f-b840-8b1f-e0eb017be929, executeScript {script=var tr = window.top.G_testRunner;return !!tr && tr.isFinished();, args=[]}]
三月 23, 2014 4:13:14 下午 org.openqa.selenium.remote.RemoteWebDriver log
信息: Executed: [77348a09-a50f-b840-8b1f-e0eb017be929, executeScript {script=var tr = window.top.G_testRunner;return !!tr && tr.isFinished();, args=[]}]
三月 23, 2014 4:13:14 下午 org.openqa.selenium.remote.RemoteWebDriver log
信息: Executing: executeScript [77348a09-a50f-b840-8b1f-e0eb017be929, executeScript {script=var tr = window.top.G_testRunner;return !!tr && tr.isFinished();, args=[]}]
三月 23, 2014 4:13:14 下午 org.openqa.selenium.remote.RemoteWebDriver log
信息: Executed: [77348a09-a50f-b840-8b1f-e0eb017be929, executeScript {script=var tr = window.top.G_testRunner;return !!tr && tr.isFinished();, args=[]}]
三月 23, 2014 4:13:14 下午 org.openqa.selenium.remote.RemoteWebDriver log
信息: Executing: executeScript [77348a09-a50f-b840-8b1f-e0eb017be929, executeScript {script=var tr = window.top.G_testRunner;return !!tr && tr.isFinished();, args=[]}]
三月 23, 2014 4:13:14 下午 org.openqa.selenium.remote.RemoteWebDriver log
信息: Executed: [77348a09-a50f-b840-8b1f-e0eb017be929, executeScript {script=var tr = window.top.G_testRunner;return !!tr && tr.isFinished();, args=[]}]
三月 23, 2014 4:13:14 下午 org.openqa.selenium.remote.RemoteWebDriver log
信息: Executing: executeScript [77348a09-a50f-b840-8b1f-e0eb017be929, executeScript {script=var tr = window.top.G_testRunner;return !!tr && tr.isFinished();, args=[]}]
三月 23, 2014 4:13:15 下午 org.openqa.selenium.remote.RemoteWebDriver log
信息: Executed: [77348a09-a50f-b840-8b1f-e0eb017be929, executeScript {script=var tr = window.top.G_testRunner;return !!tr && tr.isFinished();, args=[]}]
三月 23, 2014 4:13:15 下午 org.openqa.selenium.remote.RemoteWebDriver log
信息: Executing: executeScript [77348a09-a50f-b840-8b1f-e0eb017be929, executeScript {script=var tr = window.top.G_testRunner;return !!tr && tr.isFinished();, args=[]}]
三月 23, 2014 4:13:15 下午 org.openqa.selenium.remote.RemoteWebDriver log
信息: Executed: [77348a09-a50f-b840-8b1f-e0eb017be929, executeScript {script=var tr = window.top.G_testRunner;return !!tr && tr.isFinished();, args=[]}]
三月 23, 2014 4:13:15 下午 org.openqa.selenium.remote.RemoteWebDriver log
信息: Executing: executeScript [77348a09-a50f-b840-8b1f-e0eb017be929, executeScript {script=var tr = window.top.G_testRunner;return !!tr && tr.isFinished();, args=[]}]
三月 23, 2014 4:13:16 下午 org.openqa.selenium.remote.RemoteWebDriver log
信息: Executed: [77348a09-a50f-b840-8b1f-e0eb017be929, executeScript {script=var tr = window.top.G_testRunner;return !!tr && tr.isFinished();, args=[]}]
三月 23, 2014 4:13:16 下午 org.openqa.selenium.remote.RemoteWebDriver log
信息: Executing: executeScript [77348a09-a50f-b840-8b1f-e0eb017be929, executeScript {script=var tr = window.top.G_testRunner;return !!tr && tr.isFinished();, args=[]}]
三月 23, 2014 4:13:16 下午 org.openqa.selenium.remote.RemoteWebDriver log
信息: Executed: [77348a09-a50f-b840-8b1f-e0eb017be929, executeScript {script=var tr = window.top.G_testRunner;return !!tr && tr.isFinished();, args=[]}]
三月 23, 2014 4:13:16 下午 org.openqa.selenium.remote.RemoteWebDriver log
信息: Executing: executeScript [77348a09-a50f-b840-8b1f-e0eb017be929, executeScript {script=var tr = window.top.G_testRunner;return !!tr && tr.isFinished();, args=[]}]
三月 23, 2014 4:13:16 下午 org.openqa.selenium.remote.RemoteWebDriver log
信息: Executed: [77348a09-a50f-b840-8b1f-e0eb017be929, executeScript {script=var tr = window.top.G_testRunner;return !!tr && tr.isFinished();, args=[]}]
三月 23, 2014 4:13:16 下午 org.openqa.selenium.remote.RemoteWebDriver log
信息: Executing: executeScript [77348a09-a50f-b840-8b1f-e0eb017be929, executeScript {script=var tr = window.top.G_testRunner;return !!tr && tr.isFinished();, args=[]}]
三月 23, 2014 4:13:16 下午 org.openqa.selenium.remote.RemoteWebDriver log
信息: Executed: [77348a09-a50f-b840-8b1f-e0eb017be929, executeScript {script=var tr = window.top.G_testRunner;return !!tr && tr.isFinished();, args=[]}]
三月 23, 2014 4:13:16 下午 org.openqa.selenium.remote.RemoteWebDriver log
信息: Executing: executeScript [77348a09-a50f-b840-8b1f-e0eb017be929, executeScript {script=var tr = window.top.G_testRunner;return !!tr && tr.isSuccess();, args=[]}]
三月 23, 2014 4:13:16 下午 org.openqa.selenium.remote.RemoteWebDriver log
信息: Executed: [77348a09-a50f-b840-8b1f-e0eb017be929, executeScript {script=var tr = window.top.G_testRunner;return !!tr && tr.isSuccess();, args=[]}]
三月 23, 2014 4:13:16 下午 org.openqa.selenium.javascript.ClosureTestStatement evaluate
信息: Running: http://localhost:33655/javascript/atoms/test/html5/appcache_test.html
三月 23, 2014 4:13:16 下午 org.openqa.selenium.remote.RemoteWebDriver log
信息: Executing: maximizeWindow [77348a09-a50f-b840-8b1f-e0eb017be929, maximizeWindow {windowHandle=current}]
三月 23, 2014 4:13:16 下午 org.openqa.selenium.remote.RemoteWebDriver log
信息: Executed: [77348a09-a50f-b840-8b1f-e0eb017be929, maximizeWindow {windowHandle=current}]
三月 23, 2014 4:13:16 下午 org.openqa.selenium.remote.RemoteWebDriver log
信息: Executing: executeScript [77348a09-a50f-b840-8b1f-e0eb017be929, executeScript {script=if (window && window.top) window.top.G_testRunner = null, args=[]}]
三月 23, 2014 4:13:16 下午 org.openqa.selenium.remote.RemoteWebDriver log
信息: Executed: [77348a09-a50f-b840-8b1f-e0eb017be929, executeScript {script=if (window && window.top) window.top.G_testRunner = null, args=[]}]
三月 23, 2014 4:13:16 下午 org.openqa.selenium.remote.RemoteWebDriver log
信息: Executing: get [77348a09-a50f-b840-8b1f-e0eb017be929, get {url=http://localhost:33655/javascript/atoms/test/html5/appcache_test.html}]
三月 23, 2014 4:13:16 下午 org.openqa.selenium.remote.RemoteWebDriver log
信息: Executed: [77348a09-a50f-b840-8b1f-e0eb017be929, get {url=http://localhost:33655/javascript/atoms/test/html5/appcache_test.html}]
三月 23, 2014 4:13:16 下午 org.openqa.selenium.remote.RemoteWebDriver log
信息: Executing: executeScript [77348a09-a50f-b840-8b1f-e0eb017be929, executeScript {script=var tr = window.top.G_testRunner;return !!tr && tr.isFinished();, args=[]}]
三月 23, 2014 4:13:16 下午 org.openqa.selenium.remote.RemoteWebDriver log
信息: Executed: [77348a09-a50f-b840-8b1f-e0eb017be929, executeScript {script=var tr = window.top.G_testRunner;return !!tr && tr.isFinished();, args=[]}]
三月 23, 2014 4:13:17 下午 org.openqa.selenium.remote.RemoteWebDriver log
信息: Executing: executeScript [77348a09-a50f-b840-8b1f-e0eb017be929, executeScript {script=var tr = window.top.G_testRunner;return !!tr && tr.isFinished();, args=[]}]
三月 23, 2014 4:13:17 下午 org.openqa.selenium.remote.RemoteWebDriver log
信息: Executed: [77348a09-a50f-b840-8b1f-e0eb017be929, executeScript {script=var tr = window.top.G_testRunner;return !!tr && tr.isFinished();, args=[]}]
三月 23, 2014 4:13:17 下午 org.openqa.selenium.remote.RemoteWebDriver log
信息: Executing: executeScript [77348a09-a50f-b840-8b1f-e0eb017be929, executeScript {script=var tr = window.top.G_testRunner;return !!tr && tr.isFinished();, args=[]}]
三月 23, 2014 4:13:17 下午 org.openqa.selenium.remote.RemoteWebDriver log
信息: Executed: [77348a09-a50f-b840-8b1f-e0eb017be929, executeScript {script=var tr = window.top.G_testRunner;return !!tr && tr.isFinished();, args=[]}]
三月 23, 2014 4:13:17 下午 org.openqa.selenium.remote.RemoteWebDriver log
信息: Executing: executeScript [77348a09-a50f-b840-8b1f-e0eb017be929, executeScript {script=var tr = window.top.G_testRunner;return !!tr && tr.isFinished();, args=[]}]
三月 23, 2014 4:13:17 下午 org.openqa.selenium.remote.RemoteWebDriver log
信息: Executed: [77348a09-a50f-b840-8b1f-e0eb017be929, executeScript {script=var tr = window.top.G_testRunner;return !!tr && tr.isFinished();, args=[]}]
三月 23, 2014 4:13:17 下午 org.openqa.selenium.remote.RemoteWebDriver log
信息: Executing: executeScript [77348a09-a50f-b840-8b1f-e0eb017be929, executeScript {script=var tr = window.top.G_testRunner;return !!tr && tr.isFinished();, args=[]}]
三月 23, 2014 4:13:17 下午 org.openqa.selenium.remote.RemoteWebDriver log
信息: Executed: [77348a09-a50f-b840-8b1f-e0eb017be929, executeScript {script=var tr = window.top.G_testRunner;return !!tr && tr.isFinished();, args=[]}]
三月 23, 2014 4:13:17 下午 org.openqa.selenium.remote.RemoteWebDriver log
信息: Executing: executeScript [77348a09-a50f-b840-8b1f-e0eb017be929, executeScript {script=var tr = window.top.G_testRunner;return !!tr && tr.isFinished();, args=[]}]
三月 23, 2014 4:13:17 下午 org.openqa.selenium.remote.RemoteWebDriver log
信息: Executed: [77348a09-a50f-b840-8b1f-e0eb017be929, executeScript {script=var tr = window.top.G_testRunner;return !!tr && tr.isFinished();, args=[]}]
三月 23, 2014 4:13:17 下午 org.openqa.selenium.remote.RemoteWebDriver log
信息: Executing: executeScript [77348a09-a50f-b840-8b1f-e0eb017be929, executeScript {script=var tr = window.top.G_testRunner;return !!tr && tr.isSuccess();, args=[]}]
三月 23, 2014 4:13:17 下午 org.openqa.selenium.remote.RemoteWebDriver log
信息: Executed: [77348a09-a50f-b840-8b1f-e0eb017be929, executeScript {script=var tr = window.top.G_testRunner;return !!tr && tr.isSuccess();, args=[]}]
三月 23, 2014 4:13:17 下午 org.openqa.selenium.javascript.ClosureTestStatement evaluate
信息: Running: http://localhost:33655/javascript/atoms/test/html5/connection_test.html
三月 23, 2014 4:13:17 下午 org.openqa.selenium.remote.RemoteWebDriver log
信息: Executing: maximizeWindow [77348a09-a50f-b840-8b1f-e0eb017be929, maximizeWindow {windowHandle=current}]
三月 23, 2014 4:13:17 下午 org.openqa.selenium.remote.RemoteWebDriver log
信息: Executed: [77348a09-a50f-b840-8b1f-e0eb017be929, maximizeWindow {windowHandle=current}]
三月 23, 2014 4:13:17 下午 org.openqa.selenium.remote.RemoteWebDriver log
信息: Executing: executeScript [77348a09-a50f-b840-8b1f-e0eb017be929, executeScript {script=if (window && window.top) window.top.G_testRunner = null, args=[]}]
三月 23, 2014 4:13:17 下午 org.openqa.selenium.remote.RemoteWebDriver log
信息: Executed: [77348a09-a50f-b840-8b1f-e0eb017be929, executeScript {script=if (window && window.top) window.top.G_testRunner = null, args=[]}]
三月 23, 2014 4:13:17 下午 org.openqa.selenium.remote.RemoteWebDriver log
信息: Executing: get [77348a09-a50f-b840-8b1f-e0eb017be929, get {url=http://localhost:33655/javascript/atoms/test/html5/connection_test.html}]
三月 23, 2014 4:13:17 下午 org.openqa.selenium.remote.RemoteWebDriver log
信息: Executed: [77348a09-a50f-b840-8b1f-e0eb017be929, get {url=http://localhost:33655/javascript/atoms/test/html5/connection_test.html}]
三月 23, 2014 4:13:17 下午 org.openqa.selenium.remote.RemoteWebDriver log
信息: Executing: executeScript [77348a09-a50f-b840-8b1f-e0eb017be929, executeScript {script=var tr = window.top.G_testRunner;return !!tr && tr.isFinished();, args=[]}]
三月 23, 2014 4:13:17 下午 org.openqa.selenium.remote.RemoteWebDriver log
信息: Executed: [77348a09-a50f-b840-8b1f-e0eb017be929, executeScript {script=var tr = window.top.G_testRunner;return !!tr && tr.isFinished();, args=[]}]
三月 23, 2014 4:13:17 下午 org.openqa.selenium.remote.RemoteWebDriver log
信息: Executing: executeScript [77348a09-a50f-b840-8b1f-e0eb017be929, executeScript {script=var tr = window.top.G_testRunner;return !!tr && tr.isFinished();, args=[]}]
三月 23, 2014 4:13:17 下午 org.openqa.selenium.remote.RemoteWebDriver log
信息: Executed: [77348a09-a50f-b840-8b1f-e0eb017be929, executeScript {script=var tr = window.top.G_testRunner;return !!tr && tr.isFinished();, args=[]}]
三月 23, 2014 4:13:17 下午 org.openqa.selenium.remote.RemoteWebDriver log
信息: Executing: executeScript [77348a09-a50f-b840-8b1f-e0eb017be929, executeScript {script=var tr = window.top.G_testRunner;return !!tr && tr.isFinished();, args=[]}]
三月 23, 2014 4:13:17 下午 org.openqa.selenium.remote.RemoteWebDriver log
信息: Executed: [77348a09-a50f-b840-8b1f-e0eb017be929, executeScript {script=var tr = window.top.G_testRunner;return !!tr && tr.isFinished();, args=[]}]
三月 23, 2014 4:13:17 下午 org.openqa.selenium.remote.RemoteWebDriver log
信息: Executing: executeScript [77348a09-a50f-b840-8b1f-e0eb017be929, executeScript {script=var tr = window.top.G_testRunner;return !!tr && tr.isFinished();, args=[]}]
三月 23, 2014 4:13:17 下午 org.openqa.selenium.remote.RemoteWebDriver log
信息: Executed: [77348a09-a50f-b840-8b1f-e0eb017be929, executeScript {script=var tr = window.top.G_testRunner;return !!tr && tr.isFinished();, args=[]}]
三月 23, 2014 4:13:18 下午 org.openqa.selenium.remote.RemoteWebDriver log
信息: Executing: executeScript [77348a09-a50f-b840-8b1f-e0eb017be929, executeScript {script=var tr = window.top.G_testRunner;return !!tr && tr.isFinished();, args=[]}]
三月 23, 2014 4:13:18 下午 org.openqa.selenium.remote.RemoteWebDriver log
信息: Executed: [77348a09-a50f-b840-8b1f-e0eb017be929, executeScript {script=var tr = window.top.G_testRunner;return !!tr && tr.isFinished();, args=[]}]
三月 23, 2014 4:13:18 下午 org.openqa.selenium.remote.RemoteWebDriver log
信息: Executing: executeScript [77348a09-a50f-b840-8b1f-e0eb017be929, executeScript {script=var tr = window.top.G_testRunner;return !!tr && tr.isFinished();, args=[]}]
三月 23, 2014 4:13:18 下午 org.openqa.selenium.remote.RemoteWebDriver log
信息: Executed: [77348a09-a50f-b840-8b1f-e0eb017be929, executeScript {script=var tr = window.top.G_testRunner;return !!tr && tr.isFinished();, args=[]}]
三月 23, 2014 4:13:18 下午 org.openqa.selenium.remote.RemoteWebDriver log
信息: Executing: executeScript [77348a09-a50f-b840-8b1f-e0eb017be929, executeScript {script=var tr = window.top.G_testRunner;return !!tr && tr.isSuccess();, args=[]}]
三月 23, 2014 4:13:18 下午 org.openqa.selenium.remote.RemoteWebDriver log
信息: Executed: [77348a09-a50f-b840-8b1f-e0eb017be929, executeScript {script=var tr = window.top.G_testRunner;return !!tr && tr.isSuccess();, args=[]}]
三月 23, 2014 4:13:18 下午 org.openqa.selenium.javascript.ClosureTestStatement evaluate
信息: Running: http://localhost:33655/javascript/atoms/test/html5/database_test.html
三月 23, 2014 4:13:18 下午 org.openqa.selenium.remote.RemoteWebDriver log
信息: Executing: maximizeWindow [77348a09-a50f-b840-8b1f-e0eb017be929, maximizeWindow {windowHandle=current}]
三月 23, 2014 4:13:18 下午 org.openqa.selenium.remote.RemoteWebDriver log
信息: Executed: [77348a09-a50f-b840-8b1f-e0eb017be929, maximizeWindow {windowHandle=current}]
三月 23, 2014 4:13:18 下午 org.openqa.selenium.remote.RemoteWebDriver log
信息: Executing: executeScript [77348a09-a50f-b840-8b1f-e0eb017be929, executeScript {script=if (window && window.top) window.top.G_testRunner = null, args=[]}]
三月 23, 2014 4:13:18 下午 org.openqa.selenium.remote.RemoteWebDriver log
信息: Executed: [77348a09-a50f-b840-8b1f-e0eb017be929, executeScript {script=if (window && window.top) window.top.G_testRunner = null, args=[]}]
三月 23, 2014 4:13:18 下午 org.openqa.selenium.remote.RemoteWebDriver log
信息: Executing: get [77348a09-a50f-b840-8b1f-e0eb017be929, get {url=http://localhost:33655/javascript/atoms/test/html5/database_test.html}]
三月 23, 2014 4:13:18 下午 org.openqa.selenium.remote.RemoteWebDriver log
信息: Executed: [77348a09-a50f-b840-8b1f-e0eb017be929, get {url=http://localhost:33655/javascript/atoms/test/html5/database_test.html}]
三月 23, 2014 4:13:18 下午 org.openqa.selenium.remote.RemoteWebDriver log
信息: Executing: executeScript [77348a09-a50f-b840-8b1f-e0eb017be929, executeScript {script=var tr = window.top.G_testRunner;return !!tr && tr.isFinished();, args=[]}]
三月 23, 2014 4:13:18 下午 org.openqa.selenium.remote.RemoteWebDriver log
信息: Executed: [77348a09-a50f-b840-8b1f-e0eb017be929, executeScript {script=var tr = window.top.G_testRunner;return !!tr && tr.isFinished();, args=[]}]
三月 23, 2014 4:13:18 下午 org.openqa.selenium.remote.RemoteWebDriver log
信息: Executing: executeScript [77348a09-a50f-b840-8b1f-e0eb017be929, executeScript {script=var tr = window.top.G_testRunner;return !!tr && tr.isFinished();, args=[]}]
三月 23, 2014 4:13:18 下午 org.openqa.selenium.remote.RemoteWebDriver log
信息: Executed: [77348a09-a50f-b840-8b1f-e0eb017be929, executeScript {script=var tr = window.top.G_testRunner;return !!tr && tr.isFinished();, args=[]}]
三月 23, 2014 4:13:18 下午 org.openqa.selenium.remote.RemoteWebDriver log
信息: Executing: executeScript [77348a09-a50f-b840-8b1f-e0eb017be929, executeScript {script=var tr = window.top.G_testRunner;return !!tr && tr.isFinished();, args=[]}]
三月 23, 2014 4:13:18 下午 org.openqa.selenium.remote.RemoteWebDriver log
信息: Executed: [77348a09-a50f-b840-8b1f-e0eb017be929, executeScript {script=var tr = window.top.G_testRunner;return !!tr && tr.isFinished();, args=[]}]
三月 23, 2014 4:13:18 下午 org.openqa.selenium.remote.RemoteWebDriver log
信息: Executing: executeScript [77348a09-a50f-b840-8b1f-e0eb017be929, executeScript {script=var tr = window.top.G_testRunner;return !!tr && tr.isFinished();, args=[]}]
三月 23, 2014 4:13:18 下午 org.openqa.selenium.remote.RemoteWebDriver log
信息: Executed: [77348a09-a50f-b840-8b1f-e0eb017be929, executeScript {script=var tr = window.top.G_testRunner;return !!tr && tr.isFinished();, args=[]}]
三月 23, 2014 4:13:18 下午 org.openqa.selenium.remote.RemoteWebDriver log
信息: Executing: executeScript [77348a09-a50f-b840-8b1f-e0eb017be929, executeScript {script=var tr = window.top.G_testRunner;return !!tr && tr.isFinished();, args=[]}]
三月 23, 2014 4:13:18 下午 org.openqa.selenium.remote.RemoteWebDriver log
信息: Executed: [77348a09-a50f-b840-8b1f-e0eb017be929, executeScript {script=var tr = window.top.G_testRunner;return !!tr && tr.isFinished();, args=[]}]
三月 23, 2014 4:13:18 下午 org.openqa.selenium.remote.RemoteWebDriver log
信息: Executing: executeScript [77348a09-a50f-b840-8b1f-e0eb017be929, executeScript {script=var tr = window.top.G_testRunner;return !!tr && tr.isFinished();, args=[]}]
三月 23, 2014 4:13:18 下午 org.openqa.selenium.remote.RemoteWebDriver log
信息: Executed: [77348a09-a50f-b840-8b1f-e0eb017be929, executeScript {script=var tr = window.top.G_testRunner;return !!tr && tr.isFinished();, args=[]}]
三月 23, 2014 4:13:18 下午 org.openqa.selenium.remote.RemoteWebDriver log
信息: Executing: executeScript [77348a09-a50f-b840-8b1f-e0eb017be929, executeScript {script=var tr = window.top.G_testRunner;return !!tr && tr.isSuccess();, args=[]}]
三月 23, 2014 4:13:18 下午 org.openqa.selenium.remote.RemoteWebDriver log
信息: Executed: [77348a09-a50f-b840-8b1f-e0eb017be929, executeScript {script=var tr = window.top.G_testRunner;return !!tr && tr.isSuccess();, args=[]}]
三月 23, 2014 4:13:18 下午 org.openqa.selenium.javascript.ClosureTestStatement evaluate
信息: Running: http://localhost:33655/javascript/atoms/test/html5/location_test.html
三月 23, 2014 4:13:18 下午 org.openqa.selenium.remote.RemoteWebDriver log
信息: Executing: maximizeWindow [77348a09-a50f-b840-8b1f-e0eb017be929, maximizeWindow {windowHandle=current}]
三月 23, 2014 4:13:18 下午 org.openqa.selenium.remote.RemoteWebDriver log
信息: Executed: [77348a09-a50f-b840-8b1f-e0eb017be929, maximizeWindow {windowHandle=current}]
三月 23, 2014 4:13:18 下午 org.openqa.selenium.remote.RemoteWebDriver log
信息: Executing: executeScript [77348a09-a50f-b840-8b1f-e0eb017be929, executeScript {script=if (window && window.top) window.top.G_testRunner = null, args=[]}]
三月 23, 2014 4:13:18 下午 org.openqa.selenium.remote.RemoteWebDriver log
信息: Executed: [77348a09-a50f-b840-8b1f-e0eb017be929, executeScript {script=if (window && window.top) window.top.G_testRunner = null, args=[]}]
三月 23, 2014 4:13:18 下午 org.openqa.selenium.remote.RemoteWebDriver log
信息: Executing: get [77348a09-a50f-b840-8b1f-e0eb017be929, get {url=http://localhost:33655/javascript/atoms/test/html5/location_test.html}]
三月 23, 2014 4:13:19 下午 org.openqa.selenium.remote.RemoteWebDriver log
信息: Executed: [77348a09-a50f-b840-8b1f-e0eb017be929, get {url=http://localhost:33655/javascript/atoms/test/html5/location_test.html}]
三月 23, 2014 4:13:19 下午 org.openqa.selenium.remote.RemoteWebDriver log
信息: Executing: executeScript [77348a09-a50f-b840-8b1f-e0eb017be929, executeScript {script=var tr = window.top.G_testRunner;return !!tr && tr.isFinished();, args=[]}]
三月 23, 2014 4:13:19 下午 org.openqa.selenium.remote.RemoteWebDriver log
信息: Executed: [77348a09-a50f-b840-8b1f-e0eb017be929, executeScript {script=var tr = window.top.G_testRunner;return !!tr && tr.isFinished();, args=[]}]
三月 23, 2014 4:13:19 下午 org.openqa.selenium.remote.RemoteWebDriver log
信息: Executing: executeScript [77348a09-a50f-b840-8b1f-e0eb017be929, executeScript {script=var tr = window.top.G_testRunner;return !!tr && tr.isFinished();, args=[]}]
三月 23, 2014 4:13:19 下午 org.openqa.selenium.remote.RemoteWebDriver log
信息: Executed: [77348a09-a50f-b840-8b1f-e0eb017be929, executeScript {script=var tr = window.top.G_testRunner;return !!tr && tr.isFinished();, args=[]}]
三月 23, 2014 4:13:19 下午 org.openqa.selenium.remote.RemoteWebDriver log
信息: Executing: executeScript [77348a09-a50f-b840-8b1f-e0eb017be929, executeScript {script=var tr = window.top.G_testRunner;return !!tr && tr.isFinished();, args=[]}]
三月 23, 2014 4:13:19 下午 org.openqa.selenium.remote.RemoteWebDriver log
信息: Executed: [77348a09-a50f-b840-8b1f-e0eb017be929, executeScript {script=var tr = window.top.G_testRunner;return !!tr && tr.isFinished();, args=[]}]
三月 23, 2014 4:13:19 下午 org.openqa.selenium.remote.RemoteWebDriver log
信息: Executing: executeScript [77348a09-a50f-b840-8b1f-e0eb017be929, executeScript {script=var tr = window.top.G_testRunner;return !!tr && tr.isFinished();, args=[]}]
三月 23, 2014 4:13:19 下午 org.openqa.selenium.remote.RemoteWebDriver log
信息: Executed: [77348a09-a50f-b840-8b1f-e0eb017be929, executeScript {script=var tr = window.top.G_testRunner;return !!tr && tr.isFinished();, args=[]}]
三月 23, 2014 4:13:19 下午 org.openqa.selenium.remote.RemoteWebDriver log
信息: Executing: executeScript [77348a09-a50f-b840-8b1f-e0eb017be929, executeScript {script=var tr = window.top.G_testRunner;return !!tr && tr.isFinished();, args=[]}]
三月 23, 2014 4:13:19 下午 org.openqa.selenium.remote.RemoteWebDriver log
信息: Executed: [77348a09-a50f-b840-8b1f-e0eb017be929, executeScript {script=var tr = window.top.G_testRunner;return !!tr && tr.isFinished();, args=[]}]
三月 23, 2014 4:13:19 下午 org.openqa.selenium.remote.RemoteWebDriver log
信息: Executing: executeScript [77348a09-a50f-b840-8b1f-e0eb017be929, executeScript {script=var tr = window.top.G_testRunner;return !!tr && tr.isFinished();, args=[]}]
三月 23, 2014 4:13:19 下午 org.openqa.selenium.remote.RemoteWebDriver log
信息: Executed: [77348a09-a50f-b840-8b1f-e0eb017be929, executeScript {script=var tr = window.top.G_testRunner;return !!tr && tr.isFinished();, args=[]}]
三月 23, 2014 4:13:19 下午 org.openqa.selenium.remote.RemoteWebDriver log
信息: Executing: executeScript [77348a09-a50f-b840-8b1f-e0eb017be929, executeScript {script=var tr = window.top.G_testRunner;return !!tr && tr.isSuccess();, args=[]}]
三月 23, 2014 4:13:19 下午 org.openqa.selenium.remote.RemoteWebDriver log
信息: Executed: [77348a09-a50f-b840-8b1f-e0eb017be929, executeScript {script=var tr = window.top.G_testRunner;return !!tr && tr.isSuccess();, args=[]}]
三月 23, 2014 4:13:19 下午 org.openqa.selenium.javascript.ClosureTestStatement evaluate
信息: Running: http://localhost:33655/javascript/atoms/test/html5/nested_window_storage_test.html
三月 23, 2014 4:13:19 下午 org.openqa.selenium.remote.RemoteWebDriver log
信息: Executing: maximizeWindow [77348a09-a50f-b840-8b1f-e0eb017be929, maximizeWindow {windowHandle=current}]
三月 23, 2014 4:13:19 下午 org.openqa.selenium.remote.RemoteWebDriver log
信息: Executed: [77348a09-a50f-b840-8b1f-e0eb017be929, maximizeWindow {windowHandle=current}]
三月 23, 2014 4:13:19 下午 org.openqa.selenium.remote.RemoteWebDriver log
信息: Executing: executeScript [77348a09-a50f-b840-8b1f-e0eb017be929, executeScript {script=if (window && window.top) window.top.G_testRunner = null, args=[]}]
三月 23, 2014 4:13:19 下午 org.openqa.selenium.remote.RemoteWebDriver log
信息: Executed: [77348a09-a50f-b840-8b1f-e0eb017be929, executeScript {script=if (window && window.top) window.top.G_testRunner = null, args=[]}]
三月 23, 2014 4:13:19 下午 org.openqa.selenium.remote.RemoteWebDriver log
信息: Executing: get [77348a09-a50f-b840-8b1f-e0eb017be929, get {url=http://localhost:33655/javascript/atoms/test/html5/nested_window_storage_test.html}]
三月 23, 2014 4:13:20 下午 org.openqa.selenium.remote.RemoteWebDriver log
信息: Executed: [77348a09-a50f-b840-8b1f-e0eb017be929, get {url=http://localhost:33655/javascript/atoms/test/html5/nested_window_storage_test.html}]
三月 23, 2014 4:13:20 下午 org.openqa.selenium.remote.RemoteWebDriver log
信息: Executing: executeScript [77348a09-a50f-b840-8b1f-e0eb017be929, executeScript {script=var tr = window.top.G_testRunner;return !!tr && tr.isFinished();, args=[]}]
三月 23, 2014 4:13:20 下午 org.openqa.selenium.remote.RemoteWebDriver log
信息: Executed: [77348a09-a50f-b840-8b1f-e0eb017be929, executeScript {script=var tr = window.top.G_testRunner;return !!tr && tr.isFinished();, args=[]}]
三月 23, 2014 4:13:20 下午 org.openqa.selenium.remote.RemoteWebDriver log
信息: Executing: executeScript [77348a09-a50f-b840-8b1f-e0eb017be929, executeScript {script=var tr = window.top.G_testRunner;return !!tr && tr.isFinished();, args=[]}]
三月 23, 2014 4:13:20 下午 org.openqa.selenium.remote.RemoteWebDriver log
信息: Executed: [77348a09-a50f-b840-8b1f-e0eb017be929, executeScript {script=var tr = window.top.G_testRunner;return !!tr && tr.isFinished();, args=[]}]
三月 23, 2014 4:13:20 下午 org.openqa.selenium.remote.RemoteWebDriver log
信息: Executing: executeScript [77348a09-a50f-b840-8b1f-e0eb017be929, executeScript {script=var tr = window.top.G_testRunner;return !!tr && tr.isFinished();, args=[]}]
三月 23, 2014 4:13:20 下午 org.openqa.selenium.remote.RemoteWebDriver log
信息: Executed: [77348a09-a50f-b840-8b1f-e0eb017be929, executeScript {script=var tr = window.top.G_testRunner;return !!tr && tr.isFinished();, args=[]}]
三月 23, 2014 4:13:20 下午 org.openqa.selenium.remote.RemoteWebDriver log
信息: Executing: executeScript [77348a09-a50f-b840-8b1f-e0eb017be929, executeScript {script=var tr = window.top.G_testRunner;return !!tr && tr.isFinished();, args=[]}]
三月 23, 2014 4:13:20 下午 org.openqa.selenium.remote.RemoteWebDriver log
信息: Executed: [77348a09-a50f-b840-8b1f-e0eb017be929, executeScript {script=var tr = window.top.G_testRunner;return !!tr && tr.isFinished();, args=[]}]
三月 23, 2014 4:13:20 下午 org.openqa.selenium.remote.RemoteWebDriver log
信息: Executing: executeScript [77348a09-a50f-b840-8b1f-e0eb017be929, executeScript {script=var tr = window.top.G_testRunner;return !!tr && tr.isFinished();, args=[]}]
三月 23, 2014 4:13:20 下午 org.openqa.selenium.remote.RemoteWebDriver log
信息: Executed: [77348a09-a50f-b840-8b1f-e0eb017be929, executeScript {script=var tr = window.top.G_testRunner;return !!tr && tr.isFinished();, args=[]}]
三月 23, 2014 4:13:20 下午 org.openqa.selenium.remote.RemoteWebDriver log
信息: Executing: executeScript [77348a09-a50f-b840-8b1f-e0eb017be929, executeScript {script=var tr = window.top.G_testRunner;return !!tr && tr.isFinished();, args=[]}]
三月 23, 2014 4:13:20 下午 org.openqa.selenium.remote.RemoteWebDriver log
信息: Executed: [77348a09-a50f-b840-8b1f-e0eb017be929, executeScript {script=var tr = window.top.G_testRunner;return !!tr && tr.isFinished();, args=[]}]
三月 23, 2014 4:13:20 下午 org.openqa.selenium.remote.RemoteWebDriver log
信息: Executing: executeScript [77348a09-a50f-b840-8b1f-e0eb017be929, executeScript {script=var tr = window.top.G_testRunner;return !!tr && tr.isSuccess();, args=[]}]
三月 23, 2014 4:13:20 下午 org.openqa.selenium.remote.RemoteWebDriver log
信息: Executed: [77348a09-a50f-b840-8b1f-e0eb017be929, executeScript {script=var tr = window.top.G_testRunner;return !!tr && tr.isSuccess();, args=[]}]
三月 23, 2014 4:13:20 下午 org.openqa.selenium.javascript.ClosureTestStatement evaluate
信息: Running: http://localhost:33655/javascript/atoms/test/html5/no_manifest_appcache_test.html
三月 23, 2014 4:13:20 下午 org.openqa.selenium.remote.RemoteWebDriver log
信息: Executing: maximizeWindow [77348a09-a50f-b840-8b1f-e0eb017be929, maximizeWindow {windowHandle=current}]
三月 23, 2014 4:13:20 下午 org.openqa.selenium.remote.RemoteWebDriver log
信息: Executed: [77348a09-a50f-b840-8b1f-e0eb017be929, maximizeWindow {windowHandle=current}]
三月 23, 2014 4:13:20 下午 org.openqa.selenium.remote.RemoteWebDriver log
信息: Executing: executeScript [77348a09-a50f-b840-8b1f-e0eb017be929, executeScript {script=if (window && window.top) window.top.G_testRunner = null, args=[]}]
三月 23, 2014 4:13:20 下午 org.openqa.selenium.remote.RemoteWebDriver log
信息: Executed: [77348a09-a50f-b840-8b1f-e0eb017be929, executeScript {script=if (window && window.top) window.top.G_testRunner = null, args=[]}]
三月 23, 2014 4:13:20 下午 org.openqa.selenium.remote.RemoteWebDriver log
信息: Executing: get [77348a09-a50f-b840-8b1f-e0eb017be929, get {url=http://localhost:33655/javascript/atoms/test/html5/no_manifest_appcache_test.html}]
三月 23, 2014 4:13:20 下午 org.openqa.selenium.remote.RemoteWebDriver log
信息: Executed: [77348a09-a50f-b840-8b1f-e0eb017be929, get {url=http://localhost:33655/javascript/atoms/test/html5/no_manifest_appcache_test.html}]
三月 23, 2014 4:13:20 下午 org.openqa.selenium.remote.RemoteWebDriver log
信息: Executing: executeScript [77348a09-a50f-b840-8b1f-e0eb017be929, executeScript {script=var tr = window.top.G_testRunner;return !!tr && tr.isFinished();, args=[]}]
三月 23, 2014 4:13:20 下午 org.openqa.selenium.remote.RemoteWebDriver log
信息: Executed: [77348a09-a50f-b840-8b1f-e0eb017be929, executeScript {script=var tr = window.top.G_testRunner;return !!tr && tr.isFinished();, args=[]}]
三月 23, 2014 4:13:21 下午 org.openqa.selenium.remote.RemoteWebDriver log
信息: Executing: executeScript [77348a09-a50f-b840-8b1f-e0eb017be929, executeScript {script=var tr = window.top.G_testRunner;return !!tr && tr.isFinished();, args=[]}]
三月 23, 2014 4:13:21 下午 org.openqa.selenium.remote.RemoteWebDriver log
信息: Executed: [77348a09-a50f-b840-8b1f-e0eb017be929, executeScript {script=var tr = window.top.G_testRunner;return !!tr && tr.isFinished();, args=[]}]
三月 23, 2014 4:13:21 下午 org.openqa.selenium.remote.RemoteWebDriver log
信息: Executing: executeScript [77348a09-a50f-b840-8b1f-e0eb017be929, executeScript {script=var tr = window.top.G_testRunner;return !!tr && tr.isFinished();, args=[]}]
三月 23, 2014 4:13:21 下午 org.openqa.selenium.remote.RemoteWebDriver log
信息: Executed: [77348a09-a50f-b840-8b1f-e0eb017be929, executeScript {script=var tr = window.top.G_testRunner;return !!tr && tr.isFinished();, args=[]}]
三月 23, 2014 4:13:21 下午 org.openqa.selenium.remote.RemoteWebDriver log
信息: Executing: executeScript [77348a09-a50f-b840-8b1f-e0eb017be929, executeScript {script=var tr = window.top.G_testRunner;return !!tr && tr.isFinished();, args=[]}]
三月 23, 2014 4:13:21 下午 org.openqa.selenium.remote.RemoteWebDriver log
信息: Executed: [77348a09-a50f-b840-8b1f-e0eb017be929, executeScript {script=var tr = window.top.G_testRunner;return !!tr && tr.isFinished();, args=[]}]
三月 23, 2014 4:13:21 下午 org.openqa.selenium.remote.RemoteWebDriver log
信息: Executing: executeScript [77348a09-a50f-b840-8b1f-e0eb017be929, executeScript {script=var tr = window.top.G_testRunner;return !!tr && tr.isFinished();, args=[]}]
三月 23, 2014 4:13:21 下午 org.openqa.selenium.remote.RemoteWebDriver log
信息: Executed: [77348a09-a50f-b840-8b1f-e0eb017be929, executeScript {script=var tr = window.top.G_testRunner;return !!tr && tr.isFinished();, args=[]}]
三月 23, 2014 4:13:21 下午 org.openqa.selenium.remote.RemoteWebDriver log
信息: Executing: executeScript [77348a09-a50f-b840-8b1f-e0eb017be929, executeScript {script=var tr = window.top.G_testRunner;return !!tr && tr.isFinished();, args=[]}]
三月 23, 2014 4:13:21 下午 org.openqa.selenium.remote.RemoteWebDriver log
信息: Executed: [77348a09-a50f-b840-8b1f-e0eb017be929, executeScript {script=var tr = window.top.G_testRunner;return !!tr && tr.isFinished();, args=[]}]
三月 23, 2014 4:13:21 下午 org.openqa.selenium.remote.RemoteWebDriver log
信息: Executing: executeScript [77348a09-a50f-b840-8b1f-e0eb017be929, executeScript {script=var tr = window.top.G_testRunner;return !!tr && tr.isSuccess();, args=[]}]
三月 23, 2014 4:13:21 下午 org.openqa.selenium.remote.RemoteWebDriver log
信息: Executed: [77348a09-a50f-b840-8b1f-e0eb017be929, executeScript {script=var tr = window.top.G_testRunner;return !!tr && tr.isSuccess();, args=[]}]
三月 23, 2014 4:13:21 下午 org.openqa.selenium.javascript.ClosureTestStatement evaluate
信息: Running: http://localhost:33655/javascript/atoms/test/html5/storage_test.html
三月 23, 2014 4:13:21 下午 org.openqa.selenium.remote.RemoteWebDriver log
信息: Executing: maximizeWindow [77348a09-a50f-b840-8b1f-e0eb017be929, maximizeWindow {windowHandle=current}]
三月 23, 2014 4:13:21 下午 org.openqa.selenium.remote.RemoteWebDriver log
信息: Executed: [77348a09-a50f-b840-8b1f-e0eb017be929, maximizeWindow {windowHandle=current}]
三月 23, 2014 4:13:21 下午 org.openqa.selenium.remote.RemoteWebDriver log
信息: Executing: executeScript [77348a09-a50f-b840-8b1f-e0eb017be929, executeScript {script=if (window && window.top) window.top.G_testRunner = null, args=[]}]
三月 23, 2014 4:13:21 下午 org.openqa.selenium.remote.RemoteWebDriver log
信息: Executed: [77348a09-a50f-b840-8b1f-e0eb017be929, executeScript {script=if (window && window.top) window.top.G_testRunner = null, args=[]}]
三月 23, 2014 4:13:21 下午 org.openqa.selenium.remote.RemoteWebDriver log
信息: Executing: get [77348a09-a50f-b840-8b1f-e0eb017be929, get {url=http://localhost:33655/javascript/atoms/test/html5/storage_test.html}]
三月 23, 2014 4:13:21 下午 org.openqa.selenium.remote.RemoteWebDriver log
信息: Executed: [77348a09-a50f-b840-8b1f-e0eb017be929, get {url=http://localhost:33655/javascript/atoms/test/html5/storage_test.html}]
三月 23, 2014 4:13:21 下午 org.openqa.selenium.remote.RemoteWebDriver log
信息: Executing: executeScript [77348a09-a50f-b840-8b1f-e0eb017be929, executeScript {script=var tr = window.top.G_testRunner;return !!tr && tr.isFinished();, args=[]}]
三月 23, 2014 4:13:21 下午 org.openqa.selenium.remote.RemoteWebDriver log
信息: Executed: [77348a09-a50f-b840-8b1f-e0eb017be929, executeScript {script=var tr = window.top.G_testRunner;return !!tr && tr.isFinished();, args=[]}]
三月 23, 2014 4:13:21 下午 org.openqa.selenium.remote.RemoteWebDriver log
信息: Executing: executeScript [77348a09-a50f-b840-8b1f-e0eb017be929, executeScript {script=var tr = window.top.G_testRunner;return !!tr && tr.isFinished();, args=[]}]
三月 23, 2014 4:13:21 下午 org.openqa.selenium.remote.RemoteWebDriver log
信息: Executed: [77348a09-a50f-b840-8b1f-e0eb017be929, executeScript {script=var tr = window.top.G_testRunner;return !!tr && tr.isFinished();, args=[]}]
三月 23, 2014 4:13:21 下午 org.openqa.selenium.remote.RemoteWebDriver log
信息: Executing: executeScript [77348a09-a50f-b840-8b1f-e0eb017be929, executeScript {script=var tr = window.top.G_testRunner;return !!tr && tr.isFinished();, args=[]}]
三月 23, 2014 4:13:21 下午 org.openqa.selenium.remote.RemoteWebDriver log
信息: Executed: [77348a09-a50f-b840-8b1f-e0eb017be929, executeScript {script=var tr = window.top.G_testRunner;return !!tr && tr.isFinished();, args=[]}]
三月 23, 2014 4:13:22 下午 org.openqa.selenium.remote.RemoteWebDriver log
信息: Executing: executeScript [77348a09-a50f-b840-8b1f-e0eb017be929, executeScript {script=var tr = window.top.G_testRunner;return !!tr && tr.isFinished();, args=[]}]
三月 23, 2014 4:13:22 下午 org.openqa.selenium.remote.RemoteWebDriver log
信息: Executed: [77348a09-a50f-b840-8b1f-e0eb017be929, executeScript {script=var tr = window.top.G_testRunner;return !!tr && tr.isFinished();, args=[]}]
三月 23, 2014 4:13:22 下午 org.openqa.selenium.remote.RemoteWebDriver log
信息: Executing: executeScript [77348a09-a50f-b840-8b1f-e0eb017be929, executeScript {script=var tr = window.top.G_testRunner;return !!tr && tr.isFinished();, args=[]}]
三月 23, 2014 4:13:22 下午 org.openqa.selenium.remote.RemoteWebDriver log
信息: Executed: [77348a09-a50f-b840-8b1f-e0eb017be929, executeScript {script=var tr = window.top.G_testRunner;return !!tr && tr.isFinished();, args=[]}]
三月 23, 2014 4:13:22 下午 org.openqa.selenium.remote.RemoteWebDriver log
信息: Executing: executeScript [77348a09-a50f-b840-8b1f-e0eb017be929, executeScript {script=var tr = window.top.G_testRunner;return !!tr && tr.isFinished();, args=[]}]
三月 23, 2014 4:13:22 下午 org.openqa.selenium.remote.RemoteWebDriver log
信息: Executed: [77348a09-a50f-b840-8b1f-e0eb017be929, executeScript {script=var tr = window.top.G_testRunner;return !!tr && tr.isFinished();, args=[]}]
三月 23, 2014 4:13:22 下午 org.openqa.selenium.remote.RemoteWebDriver log
信息: Executing: executeScript [77348a09-a50f-b840-8b1f-e0eb017be929, executeScript {script=var tr = window.top.G_testRunner;return !!tr && tr.isSuccess();, args=[]}]
三月 23, 2014 4:13:22 下午 org.openqa.selenium.remote.RemoteWebDriver log
信息: Executed: [77348a09-a50f-b840-8b1f-e0eb017be929, executeScript {script=var tr = window.top.G_testRunner;return !!tr && tr.isSuccess();, args=[]}]
三月 23, 2014 4:13:22 下午 org.openqa.selenium.javascript.ClosureTestStatement evaluate
信息: Running: http://localhost:33655/javascript/atoms/test/inject_test.html
三月 23, 2014 4:13:22 下午 org.openqa.selenium.remote.RemoteWebDriver log
信息: Executing: maximizeWindow [77348a09-a50f-b840-8b1f-e0eb017be929, maximizeWindow {windowHandle=current}]
三月 23, 2014 4:13:22 下午 org.openqa.selenium.remote.RemoteWebDriver log
信息: Executed: [77348a09-a50f-b840-8b1f-e0eb017be929, maximizeWindow {windowHandle=current}]
三月 23, 2014 4:13:22 下午 org.openqa.selenium.remote.RemoteWebDriver log
信息: Executing: executeScript [77348a09-a50f-b840-8b1f-e0eb017be929, executeScript {script=if (window && window.top) window.top.G_testRunner = null, args=[]}]
三月 23, 2014 4:13:22 下午 org.openqa.selenium.remote.RemoteWebDriver log
信息: Executed: [77348a09-a50f-b840-8b1f-e0eb017be929, executeScript {script=if (window && window.top) window.top.G_testRunner = null, args=[]}]
三月 23, 2014 4:13:22 下午 org.openqa.selenium.remote.RemoteWebDriver log
信息: Executing: get [77348a09-a50f-b840-8b1f-e0eb017be929, get {url=http://localhost:33655/javascript/atoms/test/inject_test.html}]
三月 23, 2014 4:13:22 下午 org.openqa.selenium.remote.RemoteWebDriver log
信息: Executed: [77348a09-a50f-b840-8b1f-e0eb017be929, get {url=http://localhost:33655/javascript/atoms/test/inject_test.html}]
三月 23, 2014 4:13:22 下午 org.openqa.selenium.remote.RemoteWebDriver log
信息: Executing: executeScript [77348a09-a50f-b840-8b1f-e0eb017be929, executeScript {script=var tr = window.top.G_testRunner;return !!tr && tr.isFinished();, args=[]}]
三月 23, 2014 4:13:22 下午 org.openqa.selenium.remote.RemoteWebDriver log
信息: Executed: [77348a09-a50f-b840-8b1f-e0eb017be929, executeScript {script=var tr = window.top.G_testRunner;return !!tr && tr.isFinished();, args=[]}]
三月 23, 2014 4:13:22 下午 org.openqa.selenium.remote.RemoteWebDriver log
信息: Executing: executeScript [77348a09-a50f-b840-8b1f-e0eb017be929, executeScript {script=var tr = window.top.G_testRunner;return !!tr && tr.isFinished();, args=[]}]
三月 23, 2014 4:13:22 下午 org.openqa.selenium.remote.RemoteWebDriver log
信息: Executed: [77348a09-a50f-b840-8b1f-e0eb017be929, executeScript {script=var tr = window.top.G_testRunner;return !!tr && tr.isFinished();, args=[]}]
三月 23, 2014 4:13:22 下午 org.openqa.selenium.remote.RemoteWebDriver log
信息: Executing: executeScript [77348a09-a50f-b840-8b1f-e0eb017be929, executeScript {script=var tr = window.top.G_testRunner;return !!tr && tr.isFinished();, args=[]}]
三月 23, 2014 4:13:22 下午 org.openqa.selenium.remote.RemoteWebDriver log
信息: Executed: [77348a09-a50f-b840-8b1f-e0eb017be929, executeScript {script=var tr = window.top.G_testRunner;return !!tr && tr.isFinished();, args=[]}]
三月 23, 2014 4:13:22 下午 org.openqa.selenium.remote.RemoteWebDriver log
信息: Executing: executeScript [77348a09-a50f-b840-8b1f-e0eb017be929, executeScript {script=var tr = window.top.G_testRunner;return !!tr && tr.isFinished();, args=[]}]
三月 23, 2014 4:13:22 下午 org.openqa.selenium.remote.RemoteWebDriver log
信息: Executed: [77348a09-a50f-b840-8b1f-e0eb017be929, executeScript {script=var tr = window.top.G_testRunner;return !!tr && tr.isFinished();, args=[]}]
三月 23, 2014 4:13:22 下午 org.openqa.selenium.remote.RemoteWebDriver log
信息: Executing: executeScript [77348a09-a50f-b840-8b1f-e0eb017be929, executeScript {script=var tr = window.top.G_testRunner;return !!tr && tr.isFinished();, args=[]}]
三月 23, 2014 4:13:22 下午 org.openqa.selenium.remote.RemoteWebDriver log
信息: Executed: [77348a09-a50f-b840-8b1f-e0eb017be929, executeScript {script=var tr = window.top.G_testRunner;return !!tr && tr.isFinished();, args=[]}]
三月 23, 2014 4:13:23 下午 org.openqa.selenium.remote.RemoteWebDriver log
信息: Executing: executeScript [77348a09-a50f-b840-8b1f-e0eb017be929, executeScript {script=var tr = window.top.G_testRunner;return !!tr && tr.isFinished();, args=[]}]
三月 23, 2014 4:13:23 下午 org.openqa.selenium.remote.RemoteWebDriver log
信息: Executed: [77348a09-a50f-b840-8b1f-e0eb017be929, executeScript {script=var tr = window.top.G_testRunner;return !!tr && tr.isFinished();, args=[]}]
三月 23, 2014 4:13:23 下午 org.openqa.selenium.remote.RemoteWebDriver log
信息: Executing: executeScript [77348a09-a50f-b840-8b1f-e0eb017be929, executeScript {script=var tr = window.top.G_testRunner;return !!tr && tr.isSuccess();, args=[]}]
三月 23, 2014 4:13:23 下午 org.openqa.selenium.remote.RemoteWebDriver log
信息: Executed: [77348a09-a50f-b840-8b1f-e0eb017be929, executeScript {script=var tr = window.top.G_testRunner;return !!tr && tr.isSuccess();, args=[]}]
三月 23, 2014 4:13:23 下午 org.openqa.selenium.javascript.ClosureTestStatement evaluate
信息: Running: http://localhost:33655/javascript/atoms/test/interactable_size_test.html
三月 23, 2014 4:13:23 下午 org.openqa.selenium.remote.RemoteWebDriver log
信息: Executing: maximizeWindow [77348a09-a50f-b840-8b1f-e0eb017be929, maximizeWindow {windowHandle=current}]
三月 23, 2014 4:13:23 下午 org.openqa.selenium.remote.RemoteWebDriver log
信息: Executed: [77348a09-a50f-b840-8b1f-e0eb017be929, maximizeWindow {windowHandle=current}]
三月 23, 2014 4:13:23 下午 org.openqa.selenium.remote.RemoteWebDriver log
信息: Executing: executeScript [77348a09-a50f-b840-8b1f-e0eb017be929, executeScript {script=if (window && window.top) window.top.G_testRunner = null, args=[]}]
三月 23, 2014 4:13:23 下午 org.openqa.selenium.remote.RemoteWebDriver log
信息: Executed: [77348a09-a50f-b840-8b1f-e0eb017be929, executeScript {script=if (window && window.top) window.top.G_testRunner = null, args=[]}]
三月 23, 2014 4:13:23 下午 org.openqa.selenium.remote.RemoteWebDriver log
信息: Executing: get [77348a09-a50f-b840-8b1f-e0eb017be929, get {url=http://localhost:33655/javascript/atoms/test/interactable_size_test.html}]
三月 23, 2014 4:13:23 下午 org.openqa.selenium.remote.RemoteWebDriver log
信息: Executed: [77348a09-a50f-b840-8b1f-e0eb017be929, get {url=http://localhost:33655/javascript/atoms/test/interactable_size_test.html}]
三月 23, 2014 4:13:23 下午 org.openqa.selenium.remote.RemoteWebDriver log
信息: Executing: executeScript [77348a09-a50f-b840-8b1f-e0eb017be929, executeScript {script=var tr = window.top.G_testRunner;return !!tr && tr.isFinished();, args=[]}]
三月 23, 2014 4:13:23 下午 org.openqa.selenium.remote.RemoteWebDriver log
信息: Executed: [77348a09-a50f-b840-8b1f-e0eb017be929, executeScript {script=var tr = window.top.G_testRunner;return !!tr && tr.isFinished();, args=[]}]
三月 23, 2014 4:13:23 下午 org.openqa.selenium.remote.RemoteWebDriver log
信息: Executing: executeScript [77348a09-a50f-b840-8b1f-e0eb017be929, executeScript {script=var tr = window.top.G_testRunner;return !!tr && tr.isFinished();, args=[]}]
三月 23, 2014 4:13:23 下午 org.openqa.selenium.remote.RemoteWebDriver log
信息: Executed: [77348a09-a50f-b840-8b1f-e0eb017be929, executeScript {script=var tr = window.top.G_testRunner;return !!tr && tr.isFinished();, args=[]}]
三月 23, 2014 4:13:23 下午 org.openqa.selenium.remote.RemoteWebDriver log
信息: Executing: executeScript [77348a09-a50f-b840-8b1f-e0eb017be929, executeScript {script=var tr = window.top.G_testRunner;return !!tr && tr.isFinished();, args=[]}]
三月 23, 2014 4:13:23 下午 org.openqa.selenium.remote.RemoteWebDriver log
信息: Executed: [77348a09-a50f-b840-8b1f-e0eb017be929, executeScript {script=var tr = window.top.G_testRunner;return !!tr && tr.isFinished();, args=[]}]
三月 23, 2014 4:13:23 下午 org.openqa.selenium.remote.RemoteWebDriver log
信息: Executing: executeScript [77348a09-a50f-b840-8b1f-e0eb017be929, executeScript {script=var tr = window.top.G_testRunner;return !!tr && tr.isFinished();, args=[]}]
三月 23, 2014 4:13:23 下午 org.openqa.selenium.remote.RemoteWebDriver log
信息: Executed: [77348a09-a50f-b840-8b1f-e0eb017be929, executeScript {script=var tr = window.top.G_testRunner;return !!tr && tr.isFinished();, args=[]}]
三月 23, 2014 4:13:23 下午 org.openqa.selenium.remote.RemoteWebDriver log
信息: Executing: executeScript [77348a09-a50f-b840-8b1f-e0eb017be929, executeScript {script=var tr = window.top.G_testRunner;return !!tr && tr.isFinished();, args=[]}]
三月 23, 2014 4:13:23 下午 org.openqa.selenium.remote.RemoteWebDriver log
信息: Executed: [77348a09-a50f-b840-8b1f-e0eb017be929, executeScript {script=var tr = window.top.G_testRunner;return !!tr && tr.isFinished();, args=[]}]
三月 23, 2014 4:13:23 下午 org.openqa.selenium.remote.RemoteWebDriver log
信息: Executing: executeScript [77348a09-a50f-b840-8b1f-e0eb017be929, executeScript {script=var tr = window.top.G_testRunner;return !!tr && tr.isFinished();, args=[]}]
三月 23, 2014 4:13:23 下午 org.openqa.selenium.remote.RemoteWebDriver log
信息: Executed: [77348a09-a50f-b840-8b1f-e0eb017be929, executeScript {script=var tr = window.top.G_testRunner;return !!tr && tr.isFinished();, args=[]}]
三月 23, 2014 4:13:23 下午 org.openqa.selenium.remote.RemoteWebDriver log
信息: Executing: executeScript [77348a09-a50f-b840-8b1f-e0eb017be929, executeScript {script=var tr = window.top.G_testRunner;return !!tr && tr.isSuccess();, args=[]}]
三月 23, 2014 4:13:23 下午 org.openqa.selenium.remote.RemoteWebDriver log
信息: Executed: [77348a09-a50f-b840-8b1f-e0eb017be929, executeScript {script=var tr = window.top.G_testRunner;return !!tr && tr.isSuccess();, args=[]}]
三月 23, 2014 4:13:23 下午 org.openqa.selenium.javascript.ClosureTestStatement evaluate
信息: Running: http://localhost:33655/javascript/atoms/test/keyboard_test.html
三月 23, 2014 4:13:23 下午 org.openqa.selenium.remote.RemoteWebDriver log
信息: Executing: maximizeWindow [77348a09-a50f-b840-8b1f-e0eb017be929, maximizeWindow {windowHandle=current}]
三月 23, 2014 4:13:23 下午 org.openqa.selenium.remote.RemoteWebDriver log
信息: Executed: [77348a09-a50f-b840-8b1f-e0eb017be929, maximizeWindow {windowHandle=current}]
三月 23, 2014 4:13:23 下午 org.openqa.selenium.remote.RemoteWebDriver log
信息: Executing: executeScript [77348a09-a50f-b840-8b1f-e0eb017be929, executeScript {script=if (window && window.top) window.top.G_testRunner = null, args=[]}]
三月 23, 2014 4:13:23 下午 org.openqa.selenium.remote.RemoteWebDriver log
信息: Executed: [77348a09-a50f-b840-8b1f-e0eb017be929, executeScript {script=if (window && window.top) window.top.G_testRunner = null, args=[]}]
三月 23, 2014 4:13:23 下午 org.openqa.selenium.remote.RemoteWebDriver log
信息: Executing: get [77348a09-a50f-b840-8b1f-e0eb017be929, get {url=http://localhost:33655/javascript/atoms/test/keyboard_test.html}]
三月 23, 2014 4:13:24 下午 org.openqa.selenium.remote.RemoteWebDriver log
信息: Executed: [77348a09-a50f-b840-8b1f-e0eb017be929, get {url=http://localhost:33655/javascript/atoms/test/keyboard_test.html}]
三月 23, 2014 4:13:24 下午 org.openqa.selenium.remote.RemoteWebDriver log
信息: Executing: executeScript [77348a09-a50f-b840-8b1f-e0eb017be929, executeScript {script=var tr = window.top.G_testRunner;return !!tr && tr.isFinished();, args=[]}]
三月 23, 2014 4:13:24 下午 org.openqa.selenium.remote.RemoteWebDriver log
信息: Executed: [77348a09-a50f-b840-8b1f-e0eb017be929, executeScript {script=var tr = window.top.G_testRunner;return !!tr && tr.isFinished();, args=[]}]
三月 23, 2014 4:13:24 下午 org.openqa.selenium.remote.RemoteWebDriver log
信息: Executing: executeScript [77348a09-a50f-b840-8b1f-e0eb017be929, executeScript {script=var tr = window.top.G_testRunner;return !!tr && tr.isFinished();, args=[]}]
三月 23, 2014 4:13:24 下午 org.openqa.selenium.remote.RemoteWebDriver log
信息: Executed: [77348a09-a50f-b840-8b1f-e0eb017be929, executeScript {script=var tr = window.top.G_testRunner;return !!tr && tr.isFinished();, args=[]}]
三月 23, 2014 4:13:24 下午 org.openqa.selenium.remote.RemoteWebDriver log
信息: Executing: executeScript [77348a09-a50f-b840-8b1f-e0eb017be929, executeScript {script=var tr = window.top.G_testRunner;return !!tr && tr.isFinished();, args=[]}]
三月 23, 2014 4:13:24 下午 org.openqa.selenium.remote.RemoteWebDriver log
信息: Executed: [77348a09-a50f-b840-8b1f-e0eb017be929, executeScript {script=var tr = window.top.G_testRunner;return !!tr && tr.isFinished();, args=[]}]
三月 23, 2014 4:13:24 下午 org.openqa.selenium.remote.RemoteWebDriver log
信息: Executing: executeScript [77348a09-a50f-b840-8b1f-e0eb017be929, executeScript {script=var tr = window.top.G_testRunner;return !!tr && tr.isFinished();, args=[]}]
三月 23, 2014 4:13:24 下午 org.openqa.selenium.remote.RemoteWebDriver log
信息: Executed: [77348a09-a50f-b840-8b1f-e0eb017be929, executeScript {script=var tr = window.top.G_testRunner;return !!tr && tr.isFinished();, args=[]}]
三月 23, 2014 4:13:24 下午 org.openqa.selenium.remote.RemoteWebDriver log
信息: Executing: executeScript [77348a09-a50f-b840-8b1f-e0eb017be929, executeScript {script=var tr = window.top.G_testRunner;return !!tr && tr.isFinished();, args=[]}]
三月 23, 2014 4:13:24 下午 org.openqa.selenium.remote.RemoteWebDriver log
信息: Executed: [77348a09-a50f-b840-8b1f-e0eb017be929, executeScript {script=var tr = window.top.G_testRunner;return !!tr && tr.isFinished();, args=[]}]
三月 23, 2014 4:13:24 下午 org.openqa.selenium.remote.RemoteWebDriver log
信息: Executing: executeScript [77348a09-a50f-b840-8b1f-e0eb017be929, executeScript {script=var tr = window.top.G_testRunner;return !!tr && tr.isFinished();, args=[]}]
三月 23, 2014 4:13:24 下午 org.openqa.selenium.remote.RemoteWebDriver log
信息: Executed: [77348a09-a50f-b840-8b1f-e0eb017be929, executeScript {script=var tr = window.top.G_testRunner;return !!tr && tr.isFinished();, args=[]}]
三月 23, 2014 4:13:24 下午 org.openqa.selenium.remote.RemoteWebDriver log
信息: Executing: executeScript [77348a09-a50f-b840-8b1f-e0eb017be929, executeScript {script=var tr = window.top.G_testRunner;return !!tr && tr.isSuccess();, args=[]}]
三月 23, 2014 4:13:24 下午 org.openqa.selenium.remote.RemoteWebDriver log
信息: Executed: [77348a09-a50f-b840-8b1f-e0eb017be929, executeScript {script=var tr = window.top.G_testRunner;return !!tr && tr.isSuccess();, args=[]}]
三月 23, 2014 4:13:24 下午 org.openqa.selenium.javascript.ClosureTestStatement evaluate
信息: Running: http://localhost:33655/javascript/atoms/test/locator_test.html
三月 23, 2014 4:13:24 下午 org.openqa.selenium.remote.RemoteWebDriver log
信息: Executing: maximizeWindow [77348a09-a50f-b840-8b1f-e0eb017be929, maximizeWindow {windowHandle=current}]
三月 23, 2014 4:13:24 下午 org.openqa.selenium.remote.RemoteWebDriver log
信息: Executed: [77348a09-a50f-b840-8b1f-e0eb017be929, maximizeWindow {windowHandle=current}]
三月 23, 2014 4:13:24 下午 org.openqa.selenium.remote.RemoteWebDriver log
信息: Executing: executeScript [77348a09-a50f-b840-8b1f-e0eb017be929, executeScript {script=if (window && window.top) window.top.G_testRunner = null, args=[]}]
三月 23, 2014 4:13:24 下午 org.openqa.selenium.remote.RemoteWebDriver log
信息: Executed: [77348a09-a50f-b840-8b1f-e0eb017be929, executeScript {script=if (window && window.top) window.top.G_testRunner = null, args=[]}]
三月 23, 2014 4:13:24 下午 org.openqa.selenium.remote.RemoteWebDriver log
信息: Executing: get [77348a09-a50f-b840-8b1f-e0eb017be929, get {url=http://localhost:33655/javascript/atoms/test/locator_test.html}]
三月 23, 2014 4:13:24 下午 org.openqa.selenium.remote.RemoteWebDriver log
信息: Executed: [77348a09-a50f-b840-8b1f-e0eb017be929, get {url=http://localhost:33655/javascript/atoms/test/locator_test.html}]
三月 23, 2014 4:13:24 下午 org.openqa.selenium.remote.RemoteWebDriver log
信息: Executing: executeScript [77348a09-a50f-b840-8b1f-e0eb017be929, executeScript {script=var tr = window.top.G_testRunner;return !!tr && tr.isFinished();, args=[]}]
三月 23, 2014 4:13:24 下午 org.openqa.selenium.remote.RemoteWebDriver log
信息: Executed: [77348a09-a50f-b840-8b1f-e0eb017be929, executeScript {script=var tr = window.top.G_testRunner;return !!tr && tr.isFinished();, args=[]}]
三月 23, 2014 4:13:25 下午 org.openqa.selenium.remote.RemoteWebDriver log
信息: Executing: executeScript [77348a09-a50f-b840-8b1f-e0eb017be929, executeScript {script=var tr = window.top.G_testRunner;return !!tr && tr.isFinished();, args=[]}]
三月 23, 2014 4:13:25 下午 org.openqa.selenium.remote.RemoteWebDriver log
信息: Executed: [77348a09-a50f-b840-8b1f-e0eb017be929, executeScript {script=var tr = window.top.G_testRunner;return !!tr && tr.isFinished();, args=[]}]
三月 23, 2014 4:13:25 下午 org.openqa.selenium.remote.RemoteWebDriver log
信息: Executing: executeScript [77348a09-a50f-b840-8b1f-e0eb017be929, executeScript {script=var tr = window.top.G_testRunner;return !!tr && tr.isFinished();, args=[]}]
三月 23, 2014 4:13:25 下午 org.openqa.selenium.remote.RemoteWebDriver log
信息: Executed: [77348a09-a50f-b840-8b1f-e0eb017be929, executeScript {script=var tr = window.top.G_testRunner;return !!tr && tr.isFinished();, args=[]}]
三月 23, 2014 4:13:25 下午 org.openqa.selenium.remote.RemoteWebDriver log
信息: Executing: executeScript [77348a09-a50f-b840-8b1f-e0eb017be929, executeScript {script=var tr = window.top.G_testRunner;return !!tr && tr.isFinished();, args=[]}]
三月 23, 2014 4:13:25 下午 org.openqa.selenium.remote.RemoteWebDriver log
信息: Executed: [77348a09-a50f-b840-8b1f-e0eb017be929, executeScript {script=var tr = window.top.G_testRunner;return !!tr && tr.isFinished();, args=[]}]
三月 23, 2014 4:13:25 下午 org.openqa.selenium.remote.RemoteWebDriver log
信息: Executing: executeScript [77348a09-a50f-b840-8b1f-e0eb017be929, executeScript {script=var tr = window.top.G_testRunner;return !!tr && tr.isFinished();, args=[]}]
三月 23, 2014 4:13:25 下午 org.openqa.selenium.remote.RemoteWebDriver log
信息: Executed: [77348a09-a50f-b840-8b1f-e0eb017be929, executeScript {script=var tr = window.top.G_testRunner;return !!tr && tr.isFinished();, args=[]}]
三月 23, 2014 4:13:25 下午 org.openqa.selenium.remote.RemoteWebDriver log
信息: Executing: executeScript [77348a09-a50f-b840-8b1f-e0eb017be929, executeScript {script=var tr = window.top.G_testRunner;return !!tr && tr.isFinished();, args=[]}]
三月 23, 2014 4:13:25 下午 org.openqa.selenium.remote.RemoteWebDriver log
信息: Executed: [77348a09-a50f-b840-8b1f-e0eb017be929, executeScript {script=var tr = window.top.G_testRunner;return !!tr && tr.isFinished();, args=[]}]
三月 23, 2014 4:13:25 下午 org.openqa.selenium.remote.RemoteWebDriver log
信息: Executing: executeScript [77348a09-a50f-b840-8b1f-e0eb017be929, executeScript {script=var tr = window.top.G_testRunner;return !!tr && tr.isSuccess();, args=[]}]
三月 23, 2014 4:13:25 下午 org.openqa.selenium.remote.RemoteWebDriver log
信息: Executed: [77348a09-a50f-b840-8b1f-e0eb017be929, executeScript {script=var tr = window.top.G_testRunner;return !!tr && tr.isSuccess();, args=[]}]
三月 23, 2014 4:13:25 下午 org.openqa.selenium.javascript.ClosureTestStatement evaluate
信息: Running: http://localhost:33655/javascript/atoms/test/mouse_test.html
三月 23, 2014 4:13:25 下午 org.openqa.selenium.remote.RemoteWebDriver log
信息: Executing: maximizeWindow [77348a09-a50f-b840-8b1f-e0eb017be929, maximizeWindow {windowHandle=current}]
三月 23, 2014 4:13:25 下午 org.openqa.selenium.remote.RemoteWebDriver log
信息: Executed: [77348a09-a50f-b840-8b1f-e0eb017be929, maximizeWindow {windowHandle=current}]
三月 23, 2014 4:13:25 下午 org.openqa.selenium.remote.RemoteWebDriver log
信息: Executing: executeScript [77348a09-a50f-b840-8b1f-e0eb017be929, executeScript {script=if (window && window.top) window.top.G_testRunner = null, args=[]}]
三月 23, 2014 4:13:25 下午 org.openqa.selenium.remote.RemoteWebDriver log
信息: Executed: [77348a09-a50f-b840-8b1f-e0eb017be929, executeScript {script=if (window && window.top) window.top.G_testRunner = null, args=[]}]
三月 23, 2014 4:13:25 下午 org.openqa.selenium.remote.RemoteWebDriver log
信息: Executing: get [77348a09-a50f-b840-8b1f-e0eb017be929, get {url=http://localhost:33655/javascript/atoms/test/mouse_test.html}]
三月 23, 2014 4:13:25 下午 org.openqa.selenium.remote.RemoteWebDriver log
信息: Executed: [77348a09-a50f-b840-8b1f-e0eb017be929, get {url=http://localhost:33655/javascript/atoms/test/mouse_test.html}]
三月 23, 2014 4:13:25 下午 org.openqa.selenium.remote.RemoteWebDriver log
信息: Executing: executeScript [77348a09-a50f-b840-8b1f-e0eb017be929, executeScript {script=var tr = window.top.G_testRunner;return !!tr && tr.isFinished();, args=[]}]
三月 23, 2014 4:13:25 下午 org.openqa.selenium.remote.RemoteWebDriver log
信息: Executed: [77348a09-a50f-b840-8b1f-e0eb017be929, executeScript {script=var tr = window.top.G_testRunner;return !!tr && tr.isFinished();, args=[]}]
三月 23, 2014 4:13:25 下午 org.openqa.selenium.remote.RemoteWebDriver log
信息: Executing: executeScript [77348a09-a50f-b840-8b1f-e0eb017be929, executeScript {script=var tr = window.top.G_testRunner;return !!tr && tr.isFinished();, args=[]}]
三月 23, 2014 4:13:25 下午 org.openqa.selenium.remote.RemoteWebDriver log
信息: Executed: [77348a09-a50f-b840-8b1f-e0eb017be929, executeScript {script=var tr = window.top.G_testRunner;return !!tr && tr.isFinished();, args=[]}]
三月 23, 2014 4:13:25 下午 org.openqa.selenium.remote.RemoteWebDriver log
信息: Executing: executeScript [77348a09-a50f-b840-8b1f-e0eb017be929, executeScript {script=var tr = window.top.G_testRunner;return !!tr && tr.isFinished();, args=[]}]
三月 23, 2014 4:13:26 下午 org.openqa.selenium.remote.RemoteWebDriver log
信息: Executed: [77348a09-a50f-b840-8b1f-e0eb017be929, executeScript {script=var tr = window.top.G_testRunner;return !!tr && tr.isFinished();, args=[]}]
三月 23, 2014 4:13:26 下午 org.openqa.selenium.remote.RemoteWebDriver log
信息: Executing: executeScript [77348a09-a50f-b840-8b1f-e0eb017be929, executeScript {script=var tr = window.top.G_testRunner;return !!tr && tr.isFinished();, args=[]}]
三月 23, 2014 4:13:26 下午 org.openqa.selenium.remote.RemoteWebDriver log
信息: Executed: [77348a09-a50f-b840-8b1f-e0eb017be929, executeScript {script=var tr = window.top.G_testRunner;return !!tr && tr.isFinished();, args=[]}]
三月 23, 2014 4:13:26 下午 org.openqa.selenium.remote.RemoteWebDriver log
信息: Executing: executeScript [77348a09-a50f-b840-8b1f-e0eb017be929, executeScript {script=var tr = window.top.G_testRunner;return !!tr && tr.isFinished();, args=[]}]
三月 23, 2014 4:13:26 下午 org.openqa.selenium.remote.RemoteWebDriver log
信息: Executed: [77348a09-a50f-b840-8b1f-e0eb017be929, executeScript {script=var tr = window.top.G_testRunner;return !!tr && tr.isFinished();, args=[]}]
三月 23, 2014 4:13:26 下午 org.openqa.selenium.remote.RemoteWebDriver log
信息: Executing: executeScript [77348a09-a50f-b840-8b1f-e0eb017be929, executeScript {script=var tr = window.top.G_testRunner;return !!tr && tr.isFinished();, args=[]}]
三月 23, 2014 4:13:26 下午 org.openqa.selenium.remote.RemoteWebDriver log
信息: Executed: [77348a09-a50f-b840-8b1f-e0eb017be929, executeScript {script=var tr = window.top.G_testRunner;return !!tr && tr.isFinished();, args=[]}]
三月 23, 2014 4:13:26 下午 org.openqa.selenium.remote.RemoteWebDriver log
信息: Executing: executeScript [77348a09-a50f-b840-8b1f-e0eb017be929, executeScript {script=var tr = window.top.G_testRunner;return !!tr && tr.isSuccess();, args=[]}]
三月 23, 2014 4:13:26 下午 org.openqa.selenium.remote.RemoteWebDriver log
信息: Executed: [77348a09-a50f-b840-8b1f-e0eb017be929, executeScript {script=var tr = window.top.G_testRunner;return !!tr && tr.isSuccess();, args=[]}]
三月 23, 2014 4:13:26 下午 org.openqa.selenium.javascript.ClosureTestStatement evaluate
信息: Running: http://localhost:33655/javascript/atoms/test/opacity_test.html
三月 23, 2014 4:13:26 下午 org.openqa.selenium.remote.RemoteWebDriver log
信息: Executing: maximizeWindow [77348a09-a50f-b840-8b1f-e0eb017be929, maximizeWindow {windowHandle=current}]
三月 23, 2014 4:13:26 下午 org.openqa.selenium.remote.RemoteWebDriver log
信息: Executed: [77348a09-a50f-b840-8b1f-e0eb017be929, maximizeWindow {windowHandle=current}]
三月 23, 2014 4:13:26 下午 org.openqa.selenium.remote.RemoteWebDriver log
信息: Executing: executeScript [77348a09-a50f-b840-8b1f-e0eb017be929, executeScript {script=if (window && window.top) window.top.G_testRunner = null, args=[]}]
三月 23, 2014 4:13:26 下午 org.openqa.selenium.remote.RemoteWebDriver log
信息: Executed: [77348a09-a50f-b840-8b1f-e0eb017be929, executeScript {script=if (window && window.top) window.top.G_testRunner = null, args=[]}]
三月 23, 2014 4:13:26 下午 org.openqa.selenium.remote.RemoteWebDriver log
信息: Executing: get [77348a09-a50f-b840-8b1f-e0eb017be929, get {url=http://localhost:33655/javascript/atoms/test/opacity_test.html}]
三月 23, 2014 4:13:26 下午 org.openqa.selenium.remote.RemoteWebDriver log
信息: Executed: [77348a09-a50f-b840-8b1f-e0eb017be929, get {url=http://localhost:33655/javascript/atoms/test/opacity_test.html}]
三月 23, 2014 4:13:26 下午 org.openqa.selenium.remote.RemoteWebDriver log
信息: Executing: executeScript [77348a09-a50f-b840-8b1f-e0eb017be929, executeScript {script=var tr = window.top.G_testRunner;return !!tr && tr.isFinished();, args=[]}]
三月 23, 2014 4:13:26 下午 org.openqa.selenium.remote.RemoteWebDriver log
信息: Executed: [77348a09-a50f-b840-8b1f-e0eb017be929, executeScript {script=var tr = window.top.G_testRunner;return !!tr && tr.isFinished();, args=[]}]
三月 23, 2014 4:13:26 下午 org.openqa.selenium.remote.RemoteWebDriver log
信息: Executing: executeScript [77348a09-a50f-b840-8b1f-e0eb017be929, executeScript {script=var tr = window.top.G_testRunner;return !!tr && tr.isFinished();, args=[]}]
三月 23, 2014 4:13:26 下午 org.openqa.selenium.remote.RemoteWebDriver log
信息: Executed: [77348a09-a50f-b840-8b1f-e0eb017be929, executeScript {script=var tr = window.top.G_testRunner;return !!tr && tr.isFinished();, args=[]}]
三月 23, 2014 4:13:26 下午 org.openqa.selenium.remote.RemoteWebDriver log
信息: Executing: executeScript [77348a09-a50f-b840-8b1f-e0eb017be929, executeScript {script=var tr = window.top.G_testRunner;return !!tr && tr.isFinished();, args=[]}]
三月 23, 2014 4:13:26 下午 org.openqa.selenium.remote.RemoteWebDriver log
信息: Executed: [77348a09-a50f-b840-8b1f-e0eb017be929, executeScript {script=var tr = window.top.G_testRunner;return !!tr && tr.isFinished();, args=[]}]
三月 23, 2014 4:13:26 下午 org.openqa.selenium.remote.RemoteWebDriver log
信息: Executing: executeScript [77348a09-a50f-b840-8b1f-e0eb017be929, executeScript {script=var tr = window.top.G_testRunner;return !!tr && tr.isFinished();, args=[]}]
三月 23, 2014 4:13:26 下午 org.openqa.selenium.remote.RemoteWebDriver log
信息: Executed: [77348a09-a50f-b840-8b1f-e0eb017be929, executeScript {script=var tr = window.top.G_testRunner;return !!tr && tr.isFinished();, args=[]}]
三月 23, 2014 4:13:27 下午 org.openqa.selenium.remote.RemoteWebDriver log
信息: Executing: executeScript [77348a09-a50f-b840-8b1f-e0eb017be929, executeScript {script=var tr = window.top.G_testRunner;return !!tr && tr.isFinished();, args=[]}]
三月 23, 2014 4:13:27 下午 org.openqa.selenium.remote.RemoteWebDriver log
信息: Executed: [77348a09-a50f-b840-8b1f-e0eb017be929, executeScript {script=var tr = window.top.G_testRunner;return !!tr && tr.isFinished();, args=[]}]
三月 23, 2014 4:13:27 下午 org.openqa.selenium.remote.RemoteWebDriver log
信息: Executing: executeScript [77348a09-a50f-b840-8b1f-e0eb017be929, executeScript {script=var tr = window.top.G_testRunner;return !!tr && tr.isFinished();, args=[]}]
三月 23, 2014 4:13:27 下午 org.openqa.selenium.remote.RemoteWebDriver log
信息: Executed: [77348a09-a50f-b840-8b1f-e0eb017be929, executeScript {script=var tr = window.top.G_testRunner;return !!tr && tr.isFinished();, args=[]}]
三月 23, 2014 4:13:27 下午 org.openqa.selenium.remote.RemoteWebDriver log
信息: Executing: executeScript [77348a09-a50f-b840-8b1f-e0eb017be929, executeScript {script=var tr = window.top.G_testRunner;return !!tr && tr.isSuccess();, args=[]}]
三月 23, 2014 4:13:27 下午 org.openqa.selenium.remote.RemoteWebDriver log
信息: Executed: [77348a09-a50f-b840-8b1f-e0eb017be929, executeScript {script=var tr = window.top.G_testRunner;return !!tr && tr.isSuccess();, args=[]}]
三月 23, 2014 4:13:27 下午 org.openqa.selenium.javascript.ClosureTestStatement evaluate
信息: Running: http://localhost:33655/javascript/atoms/test/orientation_test.html
三月 23, 2014 4:13:27 下午 org.openqa.selenium.remote.RemoteWebDriver log
信息: Executing: maximizeWindow [77348a09-a50f-b840-8b1f-e0eb017be929, maximizeWindow {windowHandle=current}]
三月 23, 2014 4:13:27 下午 org.openqa.selenium.remote.RemoteWebDriver log
信息: Executed: [77348a09-a50f-b840-8b1f-e0eb017be929, maximizeWindow {windowHandle=current}]
三月 23, 2014 4:13:27 下午 org.openqa.selenium.remote.RemoteWebDriver log
信息: Executing: executeScript [77348a09-a50f-b840-8b1f-e0eb017be929, executeScript {script=if (window && window.top) window.top.G_testRunner = null, args=[]}]
三月 23, 2014 4:13:27 下午 org.openqa.selenium.remote.RemoteWebDriver log
信息: Executed: [77348a09-a50f-b840-8b1f-e0eb017be929, executeScript {script=if (window && window.top) window.top.G_testRunner = null, args=[]}]
三月 23, 2014 4:13:27 下午 org.openqa.selenium.remote.RemoteWebDriver log
信息: Executing: get [77348a09-a50f-b840-8b1f-e0eb017be929, get {url=http://localhost:33655/javascript/atoms/test/orientation_test.html}]
三月 23, 2014 4:13:27 下午 org.openqa.selenium.remote.RemoteWebDriver log
信息: Executed: [77348a09-a50f-b840-8b1f-e0eb017be929, get {url=http://localhost:33655/javascript/atoms/test/orientation_test.html}]
三月 23, 2014 4:13:27 下午 org.openqa.selenium.remote.RemoteWebDriver log
信息: Executing: executeScript [77348a09-a50f-b840-8b1f-e0eb017be929, executeScript {script=var tr = window.top.G_testRunner;return !!tr && tr.isFinished();, args=[]}]
三月 23, 2014 4:13:27 下午 org.openqa.selenium.remote.RemoteWebDriver log
信息: Executed: [77348a09-a50f-b840-8b1f-e0eb017be929, executeScript {script=var tr = window.top.G_testRunner;return !!tr && tr.isFinished();, args=[]}]
三月 23, 2014 4:13:27 下午 org.openqa.selenium.remote.RemoteWebDriver log
信息: Executing: executeScript [77348a09-a50f-b840-8b1f-e0eb017be929, executeScript {script=var tr = window.top.G_testRunner;return !!tr && tr.isFinished();, args=[]}]
三月 23, 2014 4:13:27 下午 org.openqa.selenium.remote.RemoteWebDriver log
信息: Executed: [77348a09-a50f-b840-8b1f-e0eb017be929, executeScript {script=var tr = window.top.G_testRunner;return !!tr && tr.isFinished();, args=[]}]
三月 23, 2014 4:13:27 下午 org.openqa.selenium.remote.RemoteWebDriver log
信息: Executing: executeScript [77348a09-a50f-b840-8b1f-e0eb017be929, executeScript {script=var tr = window.top.G_testRunner;return !!tr && tr.isFinished();, args=[]}]
三月 23, 2014 4:13:27 下午 org.openqa.selenium.remote.RemoteWebDriver log
信息: Executed: [77348a09-a50f-b840-8b1f-e0eb017be929, executeScript {script=var tr = window.top.G_testRunner;return !!tr && tr.isFinished();, args=[]}]
三月 23, 2014 4:13:27 下午 org.openqa.selenium.remote.RemoteWebDriver log
信息: Executing: executeScript [77348a09-a50f-b840-8b1f-e0eb017be929, executeScript {script=var tr = window.top.G_testRunner;return !!tr && tr.isFinished();, args=[]}]
三月 23, 2014 4:13:27 下午 org.openqa.selenium.remote.RemoteWebDriver log
信息: Executed: [77348a09-a50f-b840-8b1f-e0eb017be929, executeScript {script=var tr = window.top.G_testRunner;return !!tr && tr.isFinished();, args=[]}]
三月 23, 2014 4:13:27 下午 org.openqa.selenium.remote.RemoteWebDriver log
信息: Executing: executeScript [77348a09-a50f-b840-8b1f-e0eb017be929, executeScript {script=var tr = window.top.G_testRunner;return !!tr && tr.isFinished();, args=[]}]
三月 23, 2014 4:13:27 下午 org.openqa.selenium.remote.RemoteWebDriver log
信息: Executed: [77348a09-a50f-b840-8b1f-e0eb017be929, executeScript {script=var tr = window.top.G_testRunner;return !!tr && tr.isFinished();, args=[]}]
三月 23, 2014 4:13:27 下午 org.openqa.selenium.remote.RemoteWebDriver log
信息: Executing: executeScript [77348a09-a50f-b840-8b1f-e0eb017be929, executeScript {script=var tr = window.top.G_testRunner;return !!tr && tr.isFinished();, args=[]}]
三月 23, 2014 4:13:27 下午 org.openqa.selenium.remote.RemoteWebDriver log
信息: Executed: [77348a09-a50f-b840-8b1f-e0eb017be929, executeScript {script=var tr = window.top.G_testRunner;return !!tr && tr.isFinished();, args=[]}]
三月 23, 2014 4:13:27 下午 org.openqa.selenium.remote.RemoteWebDriver log
信息: Executing: executeScript [77348a09-a50f-b840-8b1f-e0eb017be929, executeScript {script=var tr = window.top.G_testRunner;return !!tr && tr.isSuccess();, args=[]}]
三月 23, 2014 4:13:28 下午 org.openqa.selenium.remote.RemoteWebDriver log
信息: Executed: [77348a09-a50f-b840-8b1f-e0eb017be929, executeScript {script=var tr = window.top.G_testRunner;return !!tr && tr.isSuccess();, args=[]}]
三月 23, 2014 4:13:28 下午 org.openqa.selenium.javascript.ClosureTestStatement evaluate
信息: Running: http://localhost:33655/javascript/atoms/test/overflow_test.html
三月 23, 2014 4:13:28 下午 org.openqa.selenium.remote.RemoteWebDriver log
信息: Executing: maximizeWindow [77348a09-a50f-b840-8b1f-e0eb017be929, maximizeWindow {windowHandle=current}]
三月 23, 2014 4:13:28 下午 org.openqa.selenium.remote.RemoteWebDriver log
信息: Executed: [77348a09-a50f-b840-8b1f-e0eb017be929, maximizeWindow {windowHandle=current}]
三月 23, 2014 4:13:28 下午 org.openqa.selenium.remote.RemoteWebDriver log
信息: Executing: executeScript [77348a09-a50f-b840-8b1f-e0eb017be929, executeScript {script=if (window && window.top) window.top.G_testRunner = null, args=[]}]
三月 23, 2014 4:13:28 下午 org.openqa.selenium.remote.RemoteWebDriver log
信息: Executed: [77348a09-a50f-b840-8b1f-e0eb017be929, executeScript {script=if (window && window.top) window.top.G_testRunner = null, args=[]}]
三月 23, 2014 4:13:28 下午 org.openqa.selenium.remote.RemoteWebDriver log
信息: Executing: get [77348a09-a50f-b840-8b1f-e0eb017be929, get {url=http://localhost:33655/javascript/atoms/test/overflow_test.html}]
三月 23, 2014 4:13:28 下午 org.openqa.selenium.remote.RemoteWebDriver log
信息: Executed: [77348a09-a50f-b840-8b1f-e0eb017be929, get {url=http://localhost:33655/javascript/atoms/test/overflow_test.html}]
三月 23, 2014 4:13:28 下午 org.openqa.selenium.remote.RemoteWebDriver log
信息: Executing: executeScript [77348a09-a50f-b840-8b1f-e0eb017be929, executeScript {script=var tr = window.top.G_testRunner;return !!tr && tr.isFinished();, args=[]}]
三月 23, 2014 4:13:28 下午 org.openqa.selenium.remote.RemoteWebDriver log
信息: Executed: [77348a09-a50f-b840-8b1f-e0eb017be929, executeScript {script=var tr = window.top.G_testRunner;return !!tr && tr.isFinished();, args=[]}]
三月 23, 2014 4:13:28 下午 org.openqa.selenium.remote.RemoteWebDriver log
信息: Executing: executeScript [77348a09-a50f-b840-8b1f-e0eb017be929, executeScript {script=var tr = window.top.G_testRunner;return !!tr && tr.isFinished();, args=[]}]
三月 23, 2014 4:13:28 下午 org.openqa.selenium.remote.RemoteWebDriver log
信息: Executed: [77348a09-a50f-b840-8b1f-e0eb017be929, executeScript {script=var tr = window.top.G_testRunner;return !!tr && tr.isFinished();, args=[]}]
三月 23, 2014 4:13:28 下午 org.openqa.selenium.remote.RemoteWebDriver log
信息: Executing: executeScript [77348a09-a50f-b840-8b1f-e0eb017be929, executeScript {script=var tr = window.top.G_testRunner;return !!tr && tr.isFinished();, args=[]}]
三月 23, 2014 4:13:28 下午 org.openqa.selenium.remote.RemoteWebDriver log
信息: Executed: [77348a09-a50f-b840-8b1f-e0eb017be929, executeScript {script=var tr = window.top.G_testRunner;return !!tr && tr.isFinished();, args=[]}]
三月 23, 2014 4:13:28 下午 org.openqa.selenium.remote.RemoteWebDriver log
信息: Executing: executeScript [77348a09-a50f-b840-8b1f-e0eb017be929, executeScript {script=var tr = window.top.G_testRunner;return !!tr && tr.isFinished();, args=[]}]
三月 23, 2014 4:13:28 下午 org.openqa.selenium.remote.RemoteWebDriver log
信息: Executed: [77348a09-a50f-b840-8b1f-e0eb017be929, executeScript {script=var tr = window.top.G_testRunner;return !!tr && tr.isFinished();, args=[]}]
三月 23, 2014 4:13:28 下午 org.openqa.selenium.remote.RemoteWebDriver log
信息: Executing: executeScript [77348a09-a50f-b840-8b1f-e0eb017be929, executeScript {script=var tr = window.top.G_testRunner;return !!tr && tr.isFinished();, args=[]}]
三月 23, 2014 4:13:28 下午 org.openqa.selenium.remote.RemoteWebDriver log
信息: Executed: [77348a09-a50f-b840-8b1f-e0eb017be929, executeScript {script=var tr = window.top.G_testRunner;return !!tr && tr.isFinished();, args=[]}]
三月 23, 2014 4:13:28 下午 org.openqa.selenium.remote.RemoteWebDriver log
信息: Executing: executeScript [77348a09-a50f-b840-8b1f-e0eb017be929, executeScript {script=var tr = window.top.G_testRunner;return !!tr && tr.isFinished();, args=[]}]
三月 23, 2014 4:13:28 下午 org.openqa.selenium.remote.RemoteWebDriver log
信息: Executed: [77348a09-a50f-b840-8b1f-e0eb017be929, executeScript {script=var tr = window.top.G_testRunner;return !!tr && tr.isFinished();, args=[]}]
三月 23, 2014 4:13:28 下午 org.openqa.selenium.remote.RemoteWebDriver log
信息: Executing: executeScript [77348a09-a50f-b840-8b1f-e0eb017be929, executeScript {script=var tr = window.top.G_testRunner;return !!tr && tr.isSuccess();, args=[]}]
三月 23, 2014 4:13:28 下午 org.openqa.selenium.remote.RemoteWebDriver log
信息: Executed: [77348a09-a50f-b840-8b1f-e0eb017be929, executeScript {script=var tr = window.top.G_testRunner;return !!tr && tr.isSuccess();, args=[]}]
三月 23, 2014 4:13:28 下午 org.openqa.selenium.javascript.ClosureTestStatement evaluate
信息: Running: http://localhost:33655/javascript/atoms/test/property_test.html
三月 23, 2014 4:13:28 下午 org.openqa.selenium.remote.RemoteWebDriver log
信息: Executing: maximizeWindow [77348a09-a50f-b840-8b1f-e0eb017be929, maximizeWindow {windowHandle=current}]
三月 23, 2014 4:13:28 下午 org.openqa.selenium.remote.RemoteWebDriver log
信息: Executed: [77348a09-a50f-b840-8b1f-e0eb017be929, maximizeWindow {windowHandle=current}]
三月 23, 2014 4:13:28 下午 org.openqa.selenium.remote.RemoteWebDriver log
信息: Executing: executeScript [77348a09-a50f-b840-8b1f-e0eb017be929, executeScript {script=if (window && window.top) window.top.G_testRunner = null, args=[]}]
三月 23, 2014 4:13:28 下午 org.openqa.selenium.remote.RemoteWebDriver log
信息: Executed: [77348a09-a50f-b840-8b1f-e0eb017be929, executeScript {script=if (window && window.top) window.top.G_testRunner = null, args=[]}]
三月 23, 2014 4:13:28 下午 org.openqa.selenium.remote.RemoteWebDriver log
信息: Executing: get [77348a09-a50f-b840-8b1f-e0eb017be929, get {url=http://localhost:33655/javascript/atoms/test/property_test.html}]
三月 23, 2014 4:13:29 下午 org.openqa.selenium.remote.RemoteWebDriver log
信息: Executed: [77348a09-a50f-b840-8b1f-e0eb017be929, get {url=http://localhost:33655/javascript/atoms/test/property_test.html}]
三月 23, 2014 4:13:29 下午 org.openqa.selenium.remote.RemoteWebDriver log
信息: Executing: executeScript [77348a09-a50f-b840-8b1f-e0eb017be929, executeScript {script=var tr = window.top.G_testRunner;return !!tr && tr.isFinished();, args=[]}]
三月 23, 2014 4:13:29 下午 org.openqa.selenium.remote.RemoteWebDriver log
信息: Executed: [77348a09-a50f-b840-8b1f-e0eb017be929, executeScript {script=var tr = window.top.G_testRunner;return !!tr && tr.isFinished();, args=[]}]
三月 23, 2014 4:13:29 下午 org.openqa.selenium.remote.RemoteWebDriver log
信息: Executing: executeScript [77348a09-a50f-b840-8b1f-e0eb017be929, executeScript {script=var tr = window.top.G_testRunner;return !!tr && tr.isFinished();, args=[]}]
三月 23, 2014 4:13:29 下午 org.openqa.selenium.remote.RemoteWebDriver log
信息: Executed: [77348a09-a50f-b840-8b1f-e0eb017be929, executeScript {script=var tr = window.top.G_testRunner;return !!tr && tr.isFinished();, args=[]}]
三月 23, 2014 4:13:29 下午 org.openqa.selenium.remote.RemoteWebDriver log
信息: Executing: executeScript [77348a09-a50f-b840-8b1f-e0eb017be929, executeScript {script=var tr = window.top.G_testRunner;return !!tr && tr.isFinished();, args=[]}]
三月 23, 2014 4:13:29 下午 org.openqa.selenium.remote.RemoteWebDriver log
信息: Executed: [77348a09-a50f-b840-8b1f-e0eb017be929, executeScript {script=var tr = window.top.G_testRunner;return !!tr && tr.isFinished();, args=[]}]
三月 23, 2014 4:13:29 下午 org.openqa.selenium.remote.RemoteWebDriver log
信息: Executing: executeScript [77348a09-a50f-b840-8b1f-e0eb017be929, executeScript {script=var tr = window.top.G_testRunner;return !!tr && tr.isFinished();, args=[]}]
三月 23, 2014 4:13:29 下午 org.openqa.selenium.remote.RemoteWebDriver log
信息: Executed: [77348a09-a50f-b840-8b1f-e0eb017be929, executeScript {script=var tr = window.top.G_testRunner;return !!tr && tr.isFinished();, args=[]}]
三月 23, 2014 4:13:29 下午 org.openqa.selenium.remote.RemoteWebDriver log
信息: Executing: executeScript [77348a09-a50f-b840-8b1f-e0eb017be929, executeScript {script=var tr = window.top.G_testRunner;return !!tr && tr.isFinished();, args=[]}]
三月 23, 2014 4:13:29 下午 org.openqa.selenium.remote.RemoteWebDriver log
信息: Executed: [77348a09-a50f-b840-8b1f-e0eb017be929, executeScript {script=var tr = window.top.G_testRunner;return !!tr && tr.isFinished();, args=[]}]
三月 23, 2014 4:13:29 下午 org.openqa.selenium.remote.RemoteWebDriver log
信息: Executing: executeScript [77348a09-a50f-b840-8b1f-e0eb017be929, executeScript {script=var tr = window.top.G_testRunner;return !!tr && tr.isFinished();, args=[]}]
三月 23, 2014 4:13:29 下午 org.openqa.selenium.remote.RemoteWebDriver log
信息: Executed: [77348a09-a50f-b840-8b1f-e0eb017be929, executeScript {script=var tr = window.top.G_testRunner;return !!tr && tr.isFinished();, args=[]}]
三月 23, 2014 4:13:29 下午 org.openqa.selenium.remote.RemoteWebDriver log
信息: Executing: executeScript [77348a09-a50f-b840-8b1f-e0eb017be929, executeScript {script=var tr = window.top.G_testRunner;return !!tr && tr.isSuccess();, args=[]}]
三月 23, 2014 4:13:29 下午 org.openqa.selenium.remote.RemoteWebDriver log
信息: Executed: [77348a09-a50f-b840-8b1f-e0eb017be929, executeScript {script=var tr = window.top.G_testRunner;return !!tr && tr.isSuccess();, args=[]}]
三月 23, 2014 4:13:29 下午 org.openqa.selenium.javascript.ClosureTestStatement evaluate
信息: Running: http://localhost:33655/javascript/atoms/test/response_test.html
三月 23, 2014 4:13:29 下午 org.openqa.selenium.remote.RemoteWebDriver log
信息: Executing: maximizeWindow [77348a09-a50f-b840-8b1f-e0eb017be929, maximizeWindow {windowHandle=current}]
三月 23, 2014 4:13:29 下午 org.openqa.selenium.remote.RemoteWebDriver log
信息: Executed: [77348a09-a50f-b840-8b1f-e0eb017be929, maximizeWindow {windowHandle=current}]
三月 23, 2014 4:13:29 下午 org.openqa.selenium.remote.RemoteWebDriver log
信息: Executing: executeScript [77348a09-a50f-b840-8b1f-e0eb017be929, executeScript {script=if (window && window.top) window.top.G_testRunner = null, args=[]}]
三月 23, 2014 4:13:29 下午 org.openqa.selenium.remote.RemoteWebDriver log
信息: Executed: [77348a09-a50f-b840-8b1f-e0eb017be929, executeScript {script=if (window && window.top) window.top.G_testRunner = null, args=[]}]
三月 23, 2014 4:13:29 下午 org.openqa.selenium.remote.RemoteWebDriver log
信息: Executing: get [77348a09-a50f-b840-8b1f-e0eb017be929, get {url=http://localhost:33655/javascript/atoms/test/response_test.html}]
三月 23, 2014 4:13:29 下午 org.openqa.selenium.remote.RemoteWebDriver log
信息: Executed: [77348a09-a50f-b840-8b1f-e0eb017be929, get {url=http://localhost:33655/javascript/atoms/test/response_test.html}]
三月 23, 2014 4:13:29 下午 org.openqa.selenium.remote.RemoteWebDriver log
信息: Executing: executeScript [77348a09-a50f-b840-8b1f-e0eb017be929, executeScript {script=var tr = window.top.G_testRunner;return !!tr && tr.isFinished();, args=[]}]
三月 23, 2014 4:13:29 下午 org.openqa.selenium.remote.RemoteWebDriver log
信息: Executed: [77348a09-a50f-b840-8b1f-e0eb017be929, executeScript {script=var tr = window.top.G_testRunner;return !!tr && tr.isFinished();, args=[]}]
三月 23, 2014 4:13:29 下午 org.openqa.selenium.remote.RemoteWebDriver log
信息: Executing: executeScript [77348a09-a50f-b840-8b1f-e0eb017be929, executeScript {script=var tr = window.top.G_testRunner;return !!tr && tr.isFinished();, args=[]}]
三月 23, 2014 4:13:29 下午 org.openqa.selenium.remote.RemoteWebDriver log
信息: Executed: [77348a09-a50f-b840-8b1f-e0eb017be929, executeScript {script=var tr = window.top.G_testRunner;return !!tr && tr.isFinished();, args=[]}]
三月 23, 2014 4:13:30 下午 org.openqa.selenium.remote.RemoteWebDriver log
信息: Executing: executeScript [77348a09-a50f-b840-8b1f-e0eb017be929, executeScript {script=var tr = window.top.G_testRunner;return !!tr && tr.isFinished();, args=[]}]
三月 23, 2014 4:13:30 下午 org.openqa.selenium.remote.RemoteWebDriver log
信息: Executed: [77348a09-a50f-b840-8b1f-e0eb017be929, executeScript {script=var tr = window.top.G_testRunner;return !!tr && tr.isFinished();, args=[]}]
三月 23, 2014 4:13:30 下午 org.openqa.selenium.remote.RemoteWebDriver log
信息: Executing: executeScript [77348a09-a50f-b840-8b1f-e0eb017be929, executeScript {script=var tr = window.top.G_testRunner;return !!tr && tr.isFinished();, args=[]}]
三月 23, 2014 4:13:30 下午 org.openqa.selenium.remote.RemoteWebDriver log
信息: Executed: [77348a09-a50f-b840-8b1f-e0eb017be929, executeScript {script=var tr = window.top.G_testRunner;return !!tr && tr.isFinished();, args=[]}]
三月 23, 2014 4:13:30 下午 org.openqa.selenium.remote.RemoteWebDriver log
信息: Executing: executeScript [77348a09-a50f-b840-8b1f-e0eb017be929, executeScript {script=var tr = window.top.G_testRunner;return !!tr && tr.isFinished();, args=[]}]
三月 23, 2014 4:13:30 下午 org.openqa.selenium.remote.RemoteWebDriver log
信息: Executed: [77348a09-a50f-b840-8b1f-e0eb017be929, executeScript {script=var tr = window.top.G_testRunner;return !!tr && tr.isFinished();, args=[]}]
三月 23, 2014 4:13:30 下午 org.openqa.selenium.remote.RemoteWebDriver log
信息: Executing: executeScript [77348a09-a50f-b840-8b1f-e0eb017be929, executeScript {script=var tr = window.top.G_testRunner;return !!tr && tr.isFinished();, args=[]}]
三月 23, 2014 4:13:30 下午 org.openqa.selenium.remote.RemoteWebDriver log
信息: Executed: [77348a09-a50f-b840-8b1f-e0eb017be929, executeScript {script=var tr = window.top.G_testRunner;return !!tr && tr.isFinished();, args=[]}]
三月 23, 2014 4:13:30 下午 org.openqa.selenium.remote.RemoteWebDriver log
信息: Executing: executeScript [77348a09-a50f-b840-8b1f-e0eb017be929, executeScript {script=var tr = window.top.G_testRunner;return !!tr && tr.isSuccess();, args=[]}]
三月 23, 2014 4:13:30 下午 org.openqa.selenium.remote.RemoteWebDriver log
信息: Executed: [77348a09-a50f-b840-8b1f-e0eb017be929, executeScript {script=var tr = window.top.G_testRunner;return !!tr && tr.isSuccess();, args=[]}]
三月 23, 2014 4:13:30 下午 org.openqa.selenium.javascript.ClosureTestStatement evaluate
信息: Running: http://localhost:33655/javascript/atoms/test/scrolling_test.html
三月 23, 2014 4:13:30 下午 org.openqa.selenium.remote.RemoteWebDriver log
信息: Executing: maximizeWindow [77348a09-a50f-b840-8b1f-e0eb017be929, maximizeWindow {windowHandle=current}]
三月 23, 2014 4:13:30 下午 org.openqa.selenium.remote.RemoteWebDriver log
信息: Executed: [77348a09-a50f-b840-8b1f-e0eb017be929, maximizeWindow {windowHandle=current}]
三月 23, 2014 4:13:30 下午 org.openqa.selenium.remote.RemoteWebDriver log
信息: Executing: executeScript [77348a09-a50f-b840-8b1f-e0eb017be929, executeScript {script=if (window && window.top) window.top.G_testRunner = null, args=[]}]
三月 23, 2014 4:13:30 下午 org.openqa.selenium.remote.RemoteWebDriver log
信息: Executed: [77348a09-a50f-b840-8b1f-e0eb017be929, executeScript {script=if (window && window.top) window.top.G_testRunner = null, args=[]}]
三月 23, 2014 4:13:30 下午 org.openqa.selenium.remote.RemoteWebDriver log
信息: Executing: get [77348a09-a50f-b840-8b1f-e0eb017be929, get {url=http://localhost:33655/javascript/atoms/test/scrolling_test.html}]
三月 23, 2014 4:13:30 下午 org.openqa.selenium.remote.RemoteWebDriver log
信息: Executed: [77348a09-a50f-b840-8b1f-e0eb017be929, get {url=http://localhost:33655/javascript/atoms/test/scrolling_test.html}]
三月 23, 2014 4:13:30 下午 org.openqa.selenium.remote.RemoteWebDriver log
信息: Executing: executeScript [77348a09-a50f-b840-8b1f-e0eb017be929, executeScript {script=var tr = window.top.G_testRunner;return !!tr && tr.isFinished();, args=[]}]
三月 23, 2014 4:13:30 下午 org.openqa.selenium.remote.RemoteWebDriver log
信息: Executed: [77348a09-a50f-b840-8b1f-e0eb017be929, executeScript {script=var tr = window.top.G_testRunner;return !!tr && tr.isFinished();, args=[]}]
三月 23, 2014 4:13:30 下午 org.openqa.selenium.remote.RemoteWebDriver log
信息: Executing: executeScript [77348a09-a50f-b840-8b1f-e0eb017be929, executeScript {script=var tr = window.top.G_testRunner;return !!tr && tr.isFinished();, args=[]}]
三月 23, 2014 4:13:30 下午 org.openqa.selenium.remote.RemoteWebDriver log
信息: Executed: [77348a09-a50f-b840-8b1f-e0eb017be929, executeScript {script=var tr = window.top.G_testRunner;return !!tr && tr.isFinished();, args=[]}]
三月 23, 2014 4:13:30 下午 org.openqa.selenium.remote.RemoteWebDriver log
信息: Executing: executeScript [77348a09-a50f-b840-8b1f-e0eb017be929, executeScript {script=var tr = window.top.G_testRunner;return !!tr && tr.isFinished();, args=[]}]
三月 23, 2014 4:13:30 下午 org.openqa.selenium.remote.RemoteWebDriver log
信息: Executed: [77348a09-a50f-b840-8b1f-e0eb017be929, executeScript {script=var tr = window.top.G_testRunner;return !!tr && tr.isFinished();, args=[]}]
三月 23, 2014 4:13:30 下午 org.openqa.selenium.remote.RemoteWebDriver log
信息: Executing: executeScript [77348a09-a50f-b840-8b1f-e0eb017be929, executeScript {script=var tr = window.top.G_testRunner;return !!tr && tr.isFinished();, args=[]}]
三月 23, 2014 4:13:30 下午 org.openqa.selenium.remote.RemoteWebDriver log
信息: Executed: [77348a09-a50f-b840-8b1f-e0eb017be929, executeScript {script=var tr = window.top.G_testRunner;return !!tr && tr.isFinished();, args=[]}]
三月 23, 2014 4:13:31 下午 org.openqa.selenium.remote.RemoteWebDriver log
信息: Executing: executeScript [77348a09-a50f-b840-8b1f-e0eb017be929, executeScript {script=var tr = window.top.G_testRunner;return !!tr && tr.isFinished();, args=[]}]
三月 23, 2014 4:13:31 下午 org.openqa.selenium.remote.RemoteWebDriver log
信息: Executed: [77348a09-a50f-b840-8b1f-e0eb017be929, executeScript {script=var tr = window.top.G_testRunner;return !!tr && tr.isFinished();, args=[]}]
三月 23, 2014 4:13:31 下午 org.openqa.selenium.remote.RemoteWebDriver log
信息: Executing: executeScript [77348a09-a50f-b840-8b1f-e0eb017be929, executeScript {script=var tr = window.top.G_testRunner;return !!tr && tr.isFinished();, args=[]}]
三月 23, 2014 4:13:31 下午 org.openqa.selenium.remote.RemoteWebDriver log
信息: Executed: [77348a09-a50f-b840-8b1f-e0eb017be929, executeScript {script=var tr = window.top.G_testRunner;return !!tr && tr.isFinished();, args=[]}]
三月 23, 2014 4:13:31 下午 org.openqa.selenium.remote.RemoteWebDriver log
信息: Executing: executeScript [77348a09-a50f-b840-8b1f-e0eb017be929, executeScript {script=var tr = window.top.G_testRunner;return !!tr && tr.isSuccess();, args=[]}]
三月 23, 2014 4:13:31 下午 org.openqa.selenium.remote.RemoteWebDriver log
信息: Executed: [77348a09-a50f-b840-8b1f-e0eb017be929, executeScript {script=var tr = window.top.G_testRunner;return !!tr && tr.isSuccess();, args=[]}]
三月 23, 2014 4:13:31 下午 org.openqa.selenium.javascript.ClosureTestStatement evaluate
信息: Running: http://localhost:33655/javascript/atoms/test/select_test.html
三月 23, 2014 4:13:31 下午 org.openqa.selenium.remote.RemoteWebDriver log
信息: Executing: maximizeWindow [77348a09-a50f-b840-8b1f-e0eb017be929, maximizeWindow {windowHandle=current}]
三月 23, 2014 4:13:31 下午 org.openqa.selenium.remote.RemoteWebDriver log
信息: Executed: [77348a09-a50f-b840-8b1f-e0eb017be929, maximizeWindow {windowHandle=current}]
三月 23, 2014 4:13:31 下午 org.openqa.selenium.remote.RemoteWebDriver log
信息: Executing: executeScript [77348a09-a50f-b840-8b1f-e0eb017be929, executeScript {script=if (window && window.top) window.top.G_testRunner = null, args=[]}]
三月 23, 2014 4:13:31 下午 org.openqa.selenium.remote.RemoteWebDriver log
信息: Executed: [77348a09-a50f-b840-8b1f-e0eb017be929, executeScript {script=if (window && window.top) window.top.G_testRunner = null, args=[]}]
三月 23, 2014 4:13:31 下午 org.openqa.selenium.remote.RemoteWebDriver log
信息: Executing: get [77348a09-a50f-b840-8b1f-e0eb017be929, get {url=http://localhost:33655/javascript/atoms/test/select_test.html}]
三月 23, 2014 4:13:31 下午 org.openqa.selenium.remote.RemoteWebDriver log
信息: Executed: [77348a09-a50f-b840-8b1f-e0eb017be929, get {url=http://localhost:33655/javascript/atoms/test/select_test.html}]
三月 23, 2014 4:13:31 下午 org.openqa.selenium.remote.RemoteWebDriver log
信息: Executing: executeScript [77348a09-a50f-b840-8b1f-e0eb017be929, executeScript {script=var tr = window.top.G_testRunner;return !!tr && tr.isFinished();, args=[]}]
三月 23, 2014 4:13:31 下午 org.openqa.selenium.remote.RemoteWebDriver log
信息: Executed: [77348a09-a50f-b840-8b1f-e0eb017be929, executeScript {script=var tr = window.top.G_testRunner;return !!tr && tr.isFinished();, args=[]}]
三月 23, 2014 4:13:31 下午 org.openqa.selenium.remote.RemoteWebDriver log
信息: Executing: executeScript [77348a09-a50f-b840-8b1f-e0eb017be929, executeScript {script=var tr = window.top.G_testRunner;return !!tr && tr.isFinished();, args=[]}]
三月 23, 2014 4:13:31 下午 org.openqa.selenium.remote.RemoteWebDriver log
信息: Executed: [77348a09-a50f-b840-8b1f-e0eb017be929, executeScript {script=var tr = window.top.G_testRunner;return !!tr && tr.isFinished();, args=[]}]
三月 23, 2014 4:13:31 下午 org.openqa.selenium.remote.RemoteWebDriver log
信息: Executing: executeScript [77348a09-a50f-b840-8b1f-e0eb017be929, executeScript {script=var tr = window.top.G_testRunner;return !!tr && tr.isFinished();, args=[]}]
三月 23, 2014 4:13:31 下午 org.openqa.selenium.remote.RemoteWebDriver log
信息: Executed: [77348a09-a50f-b840-8b1f-e0eb017be929, executeScript {script=var tr = window.top.G_testRunner;return !!tr && tr.isFinished();, args=[]}]
三月 23, 2014 4:13:31 下午 org.openqa.selenium.remote.RemoteWebDriver log
信息: Executing: executeScript [77348a09-a50f-b840-8b1f-e0eb017be929, executeScript {script=var tr = window.top.G_testRunner;return !!tr && tr.isFinished();, args=[]}]
三月 23, 2014 4:13:31 下午 org.openqa.selenium.remote.RemoteWebDriver log
信息: Executed: [77348a09-a50f-b840-8b1f-e0eb017be929, executeScript {script=var tr = window.top.G_testRunner;return !!tr && tr.isFinished();, args=[]}]
三月 23, 2014 4:13:32 下午 org.openqa.selenium.remote.RemoteWebDriver log
信息: Executing: executeScript [77348a09-a50f-b840-8b1f-e0eb017be929, executeScript {script=var tr = window.top.G_testRunner;return !!tr && tr.isFinished();, args=[]}]
三月 23, 2014 4:13:32 下午 org.openqa.selenium.remote.RemoteWebDriver log
信息: Executed: [77348a09-a50f-b840-8b1f-e0eb017be929, executeScript {script=var tr = window.top.G_testRunner;return !!tr && tr.isFinished();, args=[]}]
三月 23, 2014 4:13:32 下午 org.openqa.selenium.remote.RemoteWebDriver log
信息: Executing: executeScript [77348a09-a50f-b840-8b1f-e0eb017be929, executeScript {script=var tr = window.top.G_testRunner;return !!tr && tr.isFinished();, args=[]}]
三月 23, 2014 4:13:32 下午 org.openqa.selenium.remote.RemoteWebDriver log
信息: Executed: [77348a09-a50f-b840-8b1f-e0eb017be929, executeScript {script=var tr = window.top.G_testRunner;return !!tr && tr.isFinished();, args=[]}]
三月 23, 2014 4:13:32 下午 org.openqa.selenium.remote.RemoteWebDriver log
信息: Executing: executeScript [77348a09-a50f-b840-8b1f-e0eb017be929, executeScript {script=var tr = window.top.G_testRunner;return !!tr && tr.isFinished();, args=[]}]
三月 23, 2014 4:13:32 下午 org.openqa.selenium.remote.RemoteWebDriver log
信息: Executed: [77348a09-a50f-b840-8b1f-e0eb017be929, executeScript {script=var tr = window.top.G_testRunner;return !!tr && tr.isFinished();, args=[]}]
三月 23, 2014 4:13:32 下午 org.openqa.selenium.remote.RemoteWebDriver log
信息: Executing: executeScript [77348a09-a50f-b840-8b1f-e0eb017be929, executeScript {script=var tr = window.top.G_testRunner;return !!tr && tr.isSuccess();, args=[]}]
三月 23, 2014 4:13:32 下午 org.openqa.selenium.remote.RemoteWebDriver log
信息: Executed: [77348a09-a50f-b840-8b1f-e0eb017be929, executeScript {script=var tr = window.top.G_testRunner;return !!tr && tr.isSuccess();, args=[]}]
三月 23, 2014 4:13:32 下午 org.openqa.selenium.javascript.ClosureTestStatement evaluate
信息: Running: http://localhost:33655/javascript/atoms/test/shown_test.html
三月 23, 2014 4:13:32 下午 org.openqa.selenium.remote.RemoteWebDriver log
信息: Executing: maximizeWindow [77348a09-a50f-b840-8b1f-e0eb017be929, maximizeWindow {windowHandle=current}]
三月 23, 2014 4:13:32 下午 org.openqa.selenium.remote.RemoteWebDriver log
信息: Executed: [77348a09-a50f-b840-8b1f-e0eb017be929, maximizeWindow {windowHandle=current}]
三月 23, 2014 4:13:32 下午 org.openqa.selenium.remote.RemoteWebDriver log
信息: Executing: executeScript [77348a09-a50f-b840-8b1f-e0eb017be929, executeScript {script=if (window && window.top) window.top.G_testRunner = null, args=[]}]
三月 23, 2014 4:13:32 下午 org.openqa.selenium.remote.RemoteWebDriver log
信息: Executed: [77348a09-a50f-b840-8b1f-e0eb017be929, executeScript {script=if (window && window.top) window.top.G_testRunner = null, args=[]}]
三月 23, 2014 4:13:32 下午 org.openqa.selenium.remote.RemoteWebDriver log
信息: Executing: get [77348a09-a50f-b840-8b1f-e0eb017be929, get {url=http://localhost:33655/javascript/atoms/test/shown_test.html}]
三月 23, 2014 4:13:32 下午 org.openqa.selenium.remote.RemoteWebDriver log
信息: Executed: [77348a09-a50f-b840-8b1f-e0eb017be929, get {url=http://localhost:33655/javascript/atoms/test/shown_test.html}]
三月 23, 2014 4:13:32 下午 org.openqa.selenium.remote.RemoteWebDriver log
信息: Executing: executeScript [77348a09-a50f-b840-8b1f-e0eb017be929, executeScript {script=var tr = window.top.G_testRunner;return !!tr && tr.isFinished();, args=[]}]
三月 23, 2014 4:13:32 下午 org.openqa.selenium.remote.RemoteWebDriver log
信息: Executed: [77348a09-a50f-b840-8b1f-e0eb017be929, executeScript {script=var tr = window.top.G_testRunner;return !!tr && tr.isFinished();, args=[]}]
三月 23, 2014 4:13:33 下午 org.openqa.selenium.remote.RemoteWebDriver log
信息: Executing: executeScript [77348a09-a50f-b840-8b1f-e0eb017be929, executeScript {script=var tr = window.top.G_testRunner;return !!tr && tr.isFinished();, args=[]}]
三月 23, 2014 4:13:33 下午 org.openqa.selenium.remote.RemoteWebDriver log
信息: Executed: [77348a09-a50f-b840-8b1f-e0eb017be929, executeScript {script=var tr = window.top.G_testRunner;return !!tr && tr.isFinished();, args=[]}]
三月 23, 2014 4:13:33 下午 org.openqa.selenium.remote.RemoteWebDriver log
信息: Executing: executeScript [77348a09-a50f-b840-8b1f-e0eb017be929, executeScript {script=var tr = window.top.G_testRunner;return !!tr && tr.isFinished();, args=[]}]
三月 23, 2014 4:13:33 下午 org.openqa.selenium.remote.RemoteWebDriver log
信息: Executed: [77348a09-a50f-b840-8b1f-e0eb017be929, executeScript {script=var tr = window.top.G_testRunner;return !!tr && tr.isFinished();, args=[]}]
三月 23, 2014 4:13:33 下午 org.openqa.selenium.remote.RemoteWebDriver log
信息: Executing: executeScript [77348a09-a50f-b840-8b1f-e0eb017be929, executeScript {script=var tr = window.top.G_testRunner;return !!tr && tr.isFinished();, args=[]}]
三月 23, 2014 4:13:33 下午 org.openqa.selenium.remote.RemoteWebDriver log
信息: Executed: [77348a09-a50f-b840-8b1f-e0eb017be929, executeScript {script=var tr = window.top.G_testRunner;return !!tr && tr.isFinished();, args=[]}]
三月 23, 2014 4:13:33 下午 org.openqa.selenium.remote.RemoteWebDriver log
信息: Executing: executeScript [77348a09-a50f-b840-8b1f-e0eb017be929, executeScript {script=var tr = window.top.G_testRunner;return !!tr && tr.isFinished();, args=[]}]
三月 23, 2014 4:13:33 下午 org.openqa.selenium.remote.RemoteWebDriver log
信息: Executed: [77348a09-a50f-b840-8b1f-e0eb017be929, executeScript {script=var tr = window.top.G_testRunner;return !!tr && tr.isFinished();, args=[]}]
三月 23, 2014 4:13:33 下午 org.openqa.selenium.remote.RemoteWebDriver log
信息: Executing: executeScript [77348a09-a50f-b840-8b1f-e0eb017be929, executeScript {script=var tr = window.top.G_testRunner;return !!tr && tr.isFinished();, args=[]}]
三月 23, 2014 4:13:33 下午 org.openqa.selenium.remote.RemoteWebDriver log
信息: Executed: [77348a09-a50f-b840-8b1f-e0eb017be929, executeScript {script=var tr = window.top.G_testRunner;return !!tr && tr.isFinished();, args=[]}]
三月 23, 2014 4:13:33 下午 org.openqa.selenium.remote.RemoteWebDriver log
信息: Executing: executeScript [77348a09-a50f-b840-8b1f-e0eb017be929, executeScript {script=var tr = window.top.G_testRunner;return !!tr && tr.isSuccess();, args=[]}]
三月 23, 2014 4:13:33 下午 org.openqa.selenium.remote.RemoteWebDriver log
信息: Executed: [77348a09-a50f-b840-8b1f-e0eb017be929, executeScript {script=var tr = window.top.G_testRunner;return !!tr && tr.isSuccess();, args=[]}]
三月 23, 2014 4:13:33 下午 org.openqa.selenium.javascript.ClosureTestStatement evaluate
信息: Running: http://localhost:33655/javascript/atoms/test/style_test.html
三月 23, 2014 4:13:33 下午 org.openqa.selenium.remote.RemoteWebDriver log
信息: Executing: maximizeWindow [77348a09-a50f-b840-8b1f-e0eb017be929, maximizeWindow {windowHandle=current}]
三月 23, 2014 4:13:33 下午 org.openqa.selenium.remote.RemoteWebDriver log
信息: Executed: [77348a09-a50f-b840-8b1f-e0eb017be929, maximizeWindow {windowHandle=current}]
三月 23, 2014 4:13:33 下午 org.openqa.selenium.remote.RemoteWebDriver log
信息: Executing: executeScript [77348a09-a50f-b840-8b1f-e0eb017be929, executeScript {script=if (window && window.top) window.top.G_testRunner = null, args=[]}]
三月 23, 2014 4:13:33 下午 org.openqa.selenium.remote.RemoteWebDriver log
信息: Executed: [77348a09-a50f-b840-8b1f-e0eb017be929, executeScript {script=if (window && window.top) window.top.G_testRunner = null, args=[]}]
三月 23, 2014 4:13:33 下午 org.openqa.selenium.remote.RemoteWebDriver log
信息: Executing: get [77348a09-a50f-b840-8b1f-e0eb017be929, get {url=http://localhost:33655/javascript/atoms/test/style_test.html}]
三月 23, 2014 4:13:33 下午 org.openqa.selenium.remote.RemoteWebDriver log
信息: Executed: [77348a09-a50f-b840-8b1f-e0eb017be929, get {url=http://localhost:33655/javascript/atoms/test/style_test.html}]
三月 23, 2014 4:13:33 下午 org.openqa.selenium.remote.RemoteWebDriver log
信息: Executing: executeScript [77348a09-a50f-b840-8b1f-e0eb017be929, executeScript {script=var tr = window.top.G_testRunner;return !!tr && tr.isFinished();, args=[]}]
三月 23, 2014 4:13:33 下午 org.openqa.selenium.remote.RemoteWebDriver log
信息: Executed: [77348a09-a50f-b840-8b1f-e0eb017be929, executeScript {script=var tr = window.top.G_testRunner;return !!tr && tr.isFinished();, args=[]}]
三月 23, 2014 4:13:33 下午 org.openqa.selenium.remote.RemoteWebDriver log
信息: Executing: executeScript [77348a09-a50f-b840-8b1f-e0eb017be929, executeScript {script=var tr = window.top.G_testRunner;return !!tr && tr.isFinished();, args=[]}]
三月 23, 2014 4:13:33 下午 org.openqa.selenium.remote.RemoteWebDriver log
信息: Executed: [77348a09-a50f-b840-8b1f-e0eb017be929, executeScript {script=var tr = window.top.G_testRunner;return !!tr && tr.isFinished();, args=[]}]
三月 23, 2014 4:13:33 下午 org.openqa.selenium.remote.RemoteWebDriver log
信息: Executing: executeScript [77348a09-a50f-b840-8b1f-e0eb017be929, executeScript {script=var tr = window.top.G_testRunner;return !!tr && tr.isFinished();, args=[]}]
三月 23, 2014 4:13:33 下午 org.openqa.selenium.remote.RemoteWebDriver log
信息: Executed: [77348a09-a50f-b840-8b1f-e0eb017be929, executeScript {script=var tr = window.top.G_testRunner;return !!tr && tr.isFinished();, args=[]}]
三月 23, 2014 4:13:34 下午 org.openqa.selenium.remote.RemoteWebDriver log
信息: Executing: executeScript [77348a09-a50f-b840-8b1f-e0eb017be929, executeScript {script=var tr = window.top.G_testRunner;return !!tr && tr.isFinished();, args=[]}]
三月 23, 2014 4:13:34 下午 org.openqa.selenium.remote.RemoteWebDriver log
信息: Executed: [77348a09-a50f-b840-8b1f-e0eb017be929, executeScript {script=var tr = window.top.G_testRunner;return !!tr && tr.isFinished();, args=[]}]
三月 23, 2014 4:13:34 下午 org.openqa.selenium.remote.RemoteWebDriver log
信息: Executing: executeScript [77348a09-a50f-b840-8b1f-e0eb017be929, executeScript {script=var tr = window.top.G_testRunner;return !!tr && tr.isFinished();, args=[]}]
三月 23, 2014 4:13:34 下午 org.openqa.selenium.remote.RemoteWebDriver log
信息: Executed: [77348a09-a50f-b840-8b1f-e0eb017be929, executeScript {script=var tr = window.top.G_testRunner;return !!tr && tr.isFinished();, args=[]}]
三月 23, 2014 4:13:34 下午 org.openqa.selenium.remote.RemoteWebDriver log
信息: Executing: executeScript [77348a09-a50f-b840-8b1f-e0eb017be929, executeScript {script=var tr = window.top.G_testRunner;return !!tr && tr.isFinished();, args=[]}]
三月 23, 2014 4:13:34 下午 org.openqa.selenium.remote.RemoteWebDriver log
信息: Executed: [77348a09-a50f-b840-8b1f-e0eb017be929, executeScript {script=var tr = window.top.G_testRunner;return !!tr && tr.isFinished();, args=[]}]
三月 23, 2014 4:13:34 下午 org.openqa.selenium.remote.RemoteWebDriver log
信息: Executing: executeScript [77348a09-a50f-b840-8b1f-e0eb017be929, executeScript {script=var tr = window.top.G_testRunner;return !!tr && tr.isSuccess();, args=[]}]
三月 23, 2014 4:13:34 下午 org.openqa.selenium.remote.RemoteWebDriver log
信息: Executed: [77348a09-a50f-b840-8b1f-e0eb017be929, executeScript {script=var tr = window.top.G_testRunner;return !!tr && tr.isSuccess();, args=[]}]
三月 23, 2014 4:13:34 下午 org.openqa.selenium.javascript.ClosureTestStatement evaluate
信息: Running: http://localhost:33655/javascript/atoms/test/svg_test.html
三月 23, 2014 4:13:34 下午 org.openqa.selenium.remote.RemoteWebDriver log
信息: Executing: maximizeWindow [77348a09-a50f-b840-8b1f-e0eb017be929, maximizeWindow {windowHandle=current}]
三月 23, 2014 4:13:34 下午 org.openqa.selenium.remote.RemoteWebDriver log
信息: Executed: [77348a09-a50f-b840-8b1f-e0eb017be929, maximizeWindow {windowHandle=current}]
三月 23, 2014 4:13:34 下午 org.openqa.selenium.remote.RemoteWebDriver log
信息: Executing: executeScript [77348a09-a50f-b840-8b1f-e0eb017be929, executeScript {script=if (window && window.top) window.top.G_testRunner = null, args=[]}]
三月 23, 2014 4:13:34 下午 org.openqa.selenium.remote.RemoteWebDriver log
信息: Executed: [77348a09-a50f-b840-8b1f-e0eb017be929, executeScript {script=if (window && window.top) window.top.G_testRunner = null, args=[]}]
三月 23, 2014 4:13:34 下午 org.openqa.selenium.remote.RemoteWebDriver log
信息: Executing: get [77348a09-a50f-b840-8b1f-e0eb017be929, get {url=http://localhost:33655/javascript/atoms/test/svg_test.html}]
三月 23, 2014 4:13:34 下午 org.openqa.selenium.remote.RemoteWebDriver log
信息: Executed: [77348a09-a50f-b840-8b1f-e0eb017be929, get {url=http://localhost:33655/javascript/atoms/test/svg_test.html}]
三月 23, 2014 4:13:34 下午 org.openqa.selenium.remote.RemoteWebDriver log
信息: Executing: executeScript [77348a09-a50f-b840-8b1f-e0eb017be929, executeScript {script=var tr = window.top.G_testRunner;return !!tr && tr.isFinished();, args=[]}]
三月 23, 2014 4:13:34 下午 org.openqa.selenium.remote.RemoteWebDriver log
信息: Executed: [77348a09-a50f-b840-8b1f-e0eb017be929, executeScript {script=var tr = window.top.G_testRunner;return !!tr && tr.isFinished();, args=[]}]
三月 23, 2014 4:13:34 下午 org.openqa.selenium.remote.RemoteWebDriver log
信息: Executing: executeScript [77348a09-a50f-b840-8b1f-e0eb017be929, executeScript {script=var tr = window.top.G_testRunner;return !!tr && tr.isFinished();, args=[]}]
三月 23, 2014 4:13:34 下午 org.openqa.selenium.remote.RemoteWebDriver log
信息: Executed: [77348a09-a50f-b840-8b1f-e0eb017be929, executeScript {script=var tr = window.top.G_testRunner;return !!tr && tr.isFinished();, args=[]}]
三月 23, 2014 4:13:34 下午 org.openqa.selenium.remote.RemoteWebDriver log
信息: Executing: executeScript [77348a09-a50f-b840-8b1f-e0eb017be929, executeScript {script=var tr = window.top.G_testRunner;return !!tr && tr.isFinished();, args=[]}]
三月 23, 2014 4:13:34 下午 org.openqa.selenium.remote.RemoteWebDriver log
信息: Executed: [77348a09-a50f-b840-8b1f-e0eb017be929, executeScript {script=var tr = window.top.G_testRunner;return !!tr && tr.isFinished();, args=[]}]
三月 23, 2014 4:13:34 下午 org.openqa.selenium.remote.RemoteWebDriver log
信息: Executing: executeScript [77348a09-a50f-b840-8b1f-e0eb017be929, executeScript {script=var tr = window.top.G_testRunner;return !!tr && tr.isFinished();, args=[]}]
三月 23, 2014 4:13:34 下午 org.openqa.selenium.remote.RemoteWebDriver log
信息: Executed: [77348a09-a50f-b840-8b1f-e0eb017be929, executeScript {script=var tr = window.top.G_testRunner;return !!tr && tr.isFinished();, args=[]}]
三月 23, 2014 4:13:35 下午 org.openqa.selenium.remote.RemoteWebDriver log
信息: Executing: executeScript [77348a09-a50f-b840-8b1f-e0eb017be929, executeScript {script=var tr = window.top.G_testRunner;return !!tr && tr.isFinished();, args=[]}]
三月 23, 2014 4:13:35 下午 org.openqa.selenium.remote.RemoteWebDriver log
信息: Executed: [77348a09-a50f-b840-8b1f-e0eb017be929, executeScript {script=var tr = window.top.G_testRunner;return !!tr && tr.isFinished();, args=[]}]
三月 23, 2014 4:13:35 下午 org.openqa.selenium.remote.RemoteWebDriver log
信息: Executing: executeScript [77348a09-a50f-b840-8b1f-e0eb017be929, executeScript {script=var tr = window.top.G_testRunner;return !!tr && tr.isFinished();, args=[]}]
三月 23, 2014 4:13:35 下午 org.openqa.selenium.remote.RemoteWebDriver log
信息: Executed: [77348a09-a50f-b840-8b1f-e0eb017be929, executeScript {script=var tr = window.top.G_testRunner;return !!tr && tr.isFinished();, args=[]}]
三月 23, 2014 4:13:35 下午 org.openqa.selenium.remote.RemoteWebDriver log
信息: Executing: executeScript [77348a09-a50f-b840-8b1f-e0eb017be929, executeScript {script=var tr = window.top.G_testRunner;return !!tr && tr.isSuccess();, args=[]}]
三月 23, 2014 4:13:35 下午 org.openqa.selenium.remote.RemoteWebDriver log
信息: Executed: [77348a09-a50f-b840-8b1f-e0eb017be929, executeScript {script=var tr = window.top.G_testRunner;return !!tr && tr.isSuccess();, args=[]}]
三月 23, 2014 4:13:35 下午 org.openqa.selenium.javascript.ClosureTestStatement evaluate
信息: Running: http://localhost:33655/javascript/atoms/test/text_box_test.html
三月 23, 2014 4:13:35 下午 org.openqa.selenium.remote.RemoteWebDriver log
信息: Executing: maximizeWindow [77348a09-a50f-b840-8b1f-e0eb017be929, maximizeWindow {windowHandle=current}]
三月 23, 2014 4:13:35 下午 org.openqa.selenium.remote.RemoteWebDriver log
信息: Executed: [77348a09-a50f-b840-8b1f-e0eb017be929, maximizeWindow {windowHandle=current}]
三月 23, 2014 4:13:35 下午 org.openqa.selenium.remote.RemoteWebDriver log
信息: Executing: executeScript [77348a09-a50f-b840-8b1f-e0eb017be929, executeScript {script=if (window && window.top) window.top.G_testRunner = null, args=[]}]
三月 23, 2014 4:13:35 下午 org.openqa.selenium.remote.RemoteWebDriver log
信息: Executed: [77348a09-a50f-b840-8b1f-e0eb017be929, executeScript {script=if (window && window.top) window.top.G_testRunner = null, args=[]}]
三月 23, 2014 4:13:35 下午 org.openqa.selenium.remote.RemoteWebDriver log
信息: Executing: get [77348a09-a50f-b840-8b1f-e0eb017be929, get {url=http://localhost:33655/javascript/atoms/test/text_box_test.html}]
三月 23, 2014 4:13:35 下午 org.openqa.selenium.remote.RemoteWebDriver log
信息: Executed: [77348a09-a50f-b840-8b1f-e0eb017be929, get {url=http://localhost:33655/javascript/atoms/test/text_box_test.html}]
三月 23, 2014 4:13:35 下午 org.openqa.selenium.remote.RemoteWebDriver log
信息: Executing: executeScript [77348a09-a50f-b840-8b1f-e0eb017be929, executeScript {script=var tr = window.top.G_testRunner;return !!tr && tr.isFinished();, args=[]}]
三月 23, 2014 4:13:35 下午 org.openqa.selenium.remote.RemoteWebDriver log
信息: Executed: [77348a09-a50f-b840-8b1f-e0eb017be929, executeScript {script=var tr = window.top.G_testRunner;return !!tr && tr.isFinished();, args=[]}]
三月 23, 2014 4:13:35 下午 org.openqa.selenium.remote.RemoteWebDriver log
信息: Executing: executeScript [77348a09-a50f-b840-8b1f-e0eb017be929, executeScript {script=var tr = window.top.G_testRunner;return !!tr && tr.isFinished();, args=[]}]
三月 23, 2014 4:13:35 下午 org.openqa.selenium.remote.RemoteWebDriver log
信息: Executed: [77348a09-a50f-b840-8b1f-e0eb017be929, executeScript {script=var tr = window.top.G_testRunner;return !!tr && tr.isFinished();, args=[]}]
三月 23, 2014 4:13:35 下午 org.openqa.selenium.remote.RemoteWebDriver log
信息: Executing: executeScript [77348a09-a50f-b840-8b1f-e0eb017be929, executeScript {script=var tr = window.top.G_testRunner;return !!tr && tr.isFinished();, args=[]}]
三月 23, 2014 4:13:35 下午 org.openqa.selenium.remote.RemoteWebDriver log
信息: Executed: [77348a09-a50f-b840-8b1f-e0eb017be929, executeScript {script=var tr = window.top.G_testRunner;return !!tr && tr.isFinished();, args=[]}]
三月 23, 2014 4:13:35 下午 org.openqa.selenium.remote.RemoteWebDriver log
信息: Executing: executeScript [77348a09-a50f-b840-8b1f-e0eb017be929, executeScript {script=var tr = window.top.G_testRunner;return !!tr && tr.isFinished();, args=[]}]
三月 23, 2014 4:13:35 下午 org.openqa.selenium.remote.RemoteWebDriver log
信息: Executed: [77348a09-a50f-b840-8b1f-e0eb017be929, executeScript {script=var tr = window.top.G_testRunner;return !!tr && tr.isFinished();, args=[]}]
三月 23, 2014 4:13:35 下午 org.openqa.selenium.remote.RemoteWebDriver log
信息: Executing: executeScript [77348a09-a50f-b840-8b1f-e0eb017be929, executeScript {script=var tr = window.top.G_testRunner;return !!tr && tr.isFinished();, args=[]}]
三月 23, 2014 4:13:35 下午 org.openqa.selenium.remote.RemoteWebDriver log
信息: Executed: [77348a09-a50f-b840-8b1f-e0eb017be929, executeScript {script=var tr = window.top.G_testRunner;return !!tr && tr.isFinished();, args=[]}]
三月 23, 2014 4:13:35 下午 org.openqa.selenium.remote.RemoteWebDriver log
信息: Executing: executeScript [77348a09-a50f-b840-8b1f-e0eb017be929, executeScript {script=var tr = window.top.G_testRunner;return !!tr && tr.isFinished();, args=[]}]
三月 23, 2014 4:13:35 下午 org.openqa.selenium.remote.RemoteWebDriver log
信息: Executed: [77348a09-a50f-b840-8b1f-e0eb017be929, executeScript {script=var tr = window.top.G_testRunner;return !!tr && tr.isFinished();, args=[]}]
三月 23, 2014 4:13:35 下午 org.openqa.selenium.remote.RemoteWebDriver log
信息: Executing: executeScript [77348a09-a50f-b840-8b1f-e0eb017be929, executeScript {script=var tr = window.top.G_testRunner;return !!tr && tr.isSuccess();, args=[]}]
三月 23, 2014 4:13:35 下午 org.openqa.selenium.remote.RemoteWebDriver log
信息: Executed: [77348a09-a50f-b840-8b1f-e0eb017be929, executeScript {script=var tr = window.top.G_testRunner;return !!tr && tr.isSuccess();, args=[]}]
三月 23, 2014 4:13:35 下午 org.openqa.selenium.javascript.ClosureTestStatement evaluate
信息: Running: http://localhost:33655/javascript/atoms/test/text_table_test.html
三月 23, 2014 4:13:35 下午 org.openqa.selenium.remote.RemoteWebDriver log
信息: Executing: maximizeWindow [77348a09-a50f-b840-8b1f-e0eb017be929, maximizeWindow {windowHandle=current}]
三月 23, 2014 4:13:35 下午 org.openqa.selenium.remote.RemoteWebDriver log
信息: Executed: [77348a09-a50f-b840-8b1f-e0eb017be929, maximizeWindow {windowHandle=current}]
三月 23, 2014 4:13:35 下午 org.openqa.selenium.remote.RemoteWebDriver log
信息: Executing: executeScript [77348a09-a50f-b840-8b1f-e0eb017be929, executeScript {script=if (window && window.top) window.top.G_testRunner = null, args=[]}]
三月 23, 2014 4:13:35 下午 org.openqa.selenium.remote.RemoteWebDriver log
信息: Executed: [77348a09-a50f-b840-8b1f-e0eb017be929, executeScript {script=if (window && window.top) window.top.G_testRunner = null, args=[]}]
三月 23, 2014 4:13:35 下午 org.openqa.selenium.remote.RemoteWebDriver log
信息: Executing: get [77348a09-a50f-b840-8b1f-e0eb017be929, get {url=http://localhost:33655/javascript/atoms/test/text_table_test.html}]
三月 23, 2014 4:13:36 下午 org.openqa.selenium.remote.RemoteWebDriver log
信息: Executed: [77348a09-a50f-b840-8b1f-e0eb017be929, get {url=http://localhost:33655/javascript/atoms/test/text_table_test.html}]
三月 23, 2014 4:13:36 下午 org.openqa.selenium.remote.RemoteWebDriver log
信息: Executing: executeScript [77348a09-a50f-b840-8b1f-e0eb017be929, executeScript {script=var tr = window.top.G_testRunner;return !!tr && tr.isFinished();, args=[]}]
三月 23, 2014 4:13:36 下午 org.openqa.selenium.remote.RemoteWebDriver log
信息: Executed: [77348a09-a50f-b840-8b1f-e0eb017be929, executeScript {script=var tr = window.top.G_testRunner;return !!tr && tr.isFinished();, args=[]}]
三月 23, 2014 4:13:36 下午 org.openqa.selenium.remote.RemoteWebDriver log
信息: Executing: executeScript [77348a09-a50f-b840-8b1f-e0eb017be929, executeScript {script=var tr = window.top.G_testRunner;return !!tr && tr.isFinished();, args=[]}]
三月 23, 2014 4:13:36 下午 org.openqa.selenium.remote.RemoteWebDriver log
信息: Executed: [77348a09-a50f-b840-8b1f-e0eb017be929, executeScript {script=var tr = window.top.G_testRunner;return !!tr && tr.isFinished();, args=[]}]
三月 23, 2014 4:13:36 下午 org.openqa.selenium.remote.RemoteWebDriver log
信息: Executing: executeScript [77348a09-a50f-b840-8b1f-e0eb017be929, executeScript {script=var tr = window.top.G_testRunner;return !!tr && tr.isFinished();, args=[]}]
三月 23, 2014 4:13:36 下午 org.openqa.selenium.remote.RemoteWebDriver log
信息: Executed: [77348a09-a50f-b840-8b1f-e0eb017be929, executeScript {script=var tr = window.top.G_testRunner;return !!tr && tr.isFinished();, args=[]}]
三月 23, 2014 4:13:36 下午 org.openqa.selenium.remote.RemoteWebDriver log
信息: Executing: executeScript [77348a09-a50f-b840-8b1f-e0eb017be929, executeScript {script=var tr = window.top.G_testRunner;return !!tr && tr.isFinished();, args=[]}]
三月 23, 2014 4:13:36 下午 org.openqa.selenium.remote.RemoteWebDriver log
信息: Executed: [77348a09-a50f-b840-8b1f-e0eb017be929, executeScript {script=var tr = window.top.G_testRunner;return !!tr && tr.isFinished();, args=[]}]
三月 23, 2014 4:13:36 下午 org.openqa.selenium.remote.RemoteWebDriver log
信息: Executing: executeScript [77348a09-a50f-b840-8b1f-e0eb017be929, executeScript {script=var tr = window.top.G_testRunner;return !!tr && tr.isFinished();, args=[]}]
三月 23, 2014 4:13:36 下午 org.openqa.selenium.remote.RemoteWebDriver log
信息: Executed: [77348a09-a50f-b840-8b1f-e0eb017be929, executeScript {script=var tr = window.top.G_testRunner;return !!tr && tr.isFinished();, args=[]}]
三月 23, 2014 4:13:36 下午 org.openqa.selenium.remote.RemoteWebDriver log
信息: Executing: executeScript [77348a09-a50f-b840-8b1f-e0eb017be929, executeScript {script=var tr = window.top.G_testRunner;return !!tr && tr.isFinished();, args=[]}]
三月 23, 2014 4:13:36 下午 org.openqa.selenium.remote.RemoteWebDriver log
信息: Executed: [77348a09-a50f-b840-8b1f-e0eb017be929, executeScript {script=var tr = window.top.G_testRunner;return !!tr && tr.isFinished();, args=[]}]
三月 23, 2014 4:13:36 下午 org.openqa.selenium.remote.RemoteWebDriver log
信息: Executing: executeScript [77348a09-a50f-b840-8b1f-e0eb017be929, executeScript {script=var tr = window.top.G_testRunner;return !!tr && tr.isSuccess();, args=[]}]
三月 23, 2014 4:13:36 下午 org.openqa.selenium.remote.RemoteWebDriver log
信息: Executed: [77348a09-a50f-b840-8b1f-e0eb017be929, executeScript {script=var tr = window.top.G_testRunner;return !!tr && tr.isSuccess();, args=[]}]
三月 23, 2014 4:13:36 下午 org.openqa.selenium.javascript.ClosureTestStatement evaluate
信息: Running: http://localhost:33655/javascript/atoms/test/text_test.html
三月 23, 2014 4:13:36 下午 org.openqa.selenium.remote.RemoteWebDriver log
信息: Executing: maximizeWindow [77348a09-a50f-b840-8b1f-e0eb017be929, maximizeWindow {windowHandle=current}]
三月 23, 2014 4:13:36 下午 org.openqa.selenium.remote.RemoteWebDriver log
信息: Executed: [77348a09-a50f-b840-8b1f-e0eb017be929, maximizeWindow {windowHandle=current}]
三月 23, 2014 4:13:36 下午 org.openqa.selenium.remote.RemoteWebDriver log
信息: Executing: executeScript [77348a09-a50f-b840-8b1f-e0eb017be929, executeScript {script=if (window && window.top) window.top.G_testRunner = null, args=[]}]
三月 23, 2014 4:13:36 下午 org.openqa.selenium.remote.RemoteWebDriver log
信息: Executed: [77348a09-a50f-b840-8b1f-e0eb017be929, executeScript {script=if (window && window.top) window.top.G_testRunner = null, args=[]}]
三月 23, 2014 4:13:36 下午 org.openqa.selenium.remote.RemoteWebDriver log
信息: Executing: get [77348a09-a50f-b840-8b1f-e0eb017be929, get {url=http://localhost:33655/javascript/atoms/test/text_test.html}]
三月 23, 2014 4:13:37 下午 org.openqa.selenium.remote.RemoteWebDriver log
信息: Executed: [77348a09-a50f-b840-8b1f-e0eb017be929, get {url=http://localhost:33655/javascript/atoms/test/text_test.html}]
三月 23, 2014 4:13:37 下午 org.openqa.selenium.remote.RemoteWebDriver log
信息: Executing: executeScript [77348a09-a50f-b840-8b1f-e0eb017be929, executeScript {script=var tr = window.top.G_testRunner;return !!tr && tr.isFinished();, args=[]}]
三月 23, 2014 4:13:37 下午 org.openqa.selenium.remote.RemoteWebDriver log
信息: Executed: [77348a09-a50f-b840-8b1f-e0eb017be929, executeScript {script=var tr = window.top.G_testRunner;return !!tr && tr.isFinished();, args=[]}]
三月 23, 2014 4:13:37 下午 org.openqa.selenium.remote.RemoteWebDriver log
信息: Executing: executeScript [77348a09-a50f-b840-8b1f-e0eb017be929, executeScript {script=var tr = window.top.G_testRunner;return !!tr && tr.isFinished();, args=[]}]
三月 23, 2014 4:13:37 下午 org.openqa.selenium.remote.RemoteWebDriver log
信息: Executed: [77348a09-a50f-b840-8b1f-e0eb017be929, executeScript {script=var tr = window.top.G_testRunner;return !!tr && tr.isFinished();, args=[]}]
三月 23, 2014 4:13:37 下午 org.openqa.selenium.remote.RemoteWebDriver log
信息: Executing: executeScript [77348a09-a50f-b840-8b1f-e0eb017be929, executeScript {script=var tr = window.top.G_testRunner;return !!tr && tr.isFinished();, args=[]}]
三月 23, 2014 4:13:37 下午 org.openqa.selenium.remote.RemoteWebDriver log
信息: Executed: [77348a09-a50f-b840-8b1f-e0eb017be929, executeScript {script=var tr = window.top.G_testRunner;return !!tr && tr.isFinished();, args=[]}]
三月 23, 2014 4:13:37 下午 org.openqa.selenium.remote.RemoteWebDriver log
信息: Executing: executeScript [77348a09-a50f-b840-8b1f-e0eb017be929, executeScript {script=var tr = window.top.G_testRunner;return !!tr && tr.isFinished();, args=[]}]
三月 23, 2014 4:13:37 下午 org.openqa.selenium.remote.RemoteWebDriver log
信息: Executed: [77348a09-a50f-b840-8b1f-e0eb017be929, executeScript {script=var tr = window.top.G_testRunner;return !!tr && tr.isFinished();, args=[]}]
三月 23, 2014 4:13:37 下午 org.openqa.selenium.remote.RemoteWebDriver log
信息: Executing: executeScript [77348a09-a50f-b840-8b1f-e0eb017be929, executeScript {script=var tr = window.top.G_testRunner;return !!tr && tr.isFinished();, args=[]}]
三月 23, 2014 4:13:37 下午 org.openqa.selenium.remote.RemoteWebDriver log
信息: Executed: [77348a09-a50f-b840-8b1f-e0eb017be929, executeScript {script=var tr = window.top.G_testRunner;return !!tr && tr.isFinished();, args=[]}]
三月 23, 2014 4:13:37 下午 org.openqa.selenium.remote.RemoteWebDriver log
信息: Executing: executeScript [77348a09-a50f-b840-8b1f-e0eb017be929, executeScript {script=var tr = window.top.G_testRunner;return !!tr && tr.isFinished();, args=[]}]
三月 23, 2014 4:13:37 下午 org.openqa.selenium.remote.RemoteWebDriver log
信息: Executed: [77348a09-a50f-b840-8b1f-e0eb017be929, executeScript {script=var tr = window.top.G_testRunner;return !!tr && tr.isFinished();, args=[]}]
三月 23, 2014 4:13:37 下午 org.openqa.selenium.remote.RemoteWebDriver log
信息: Executing: executeScript [77348a09-a50f-b840-8b1f-e0eb017be929, executeScript {script=var tr = window.top.G_testRunner;return !!tr && tr.isSuccess();, args=[]}]
三月 23, 2014 4:13:37 下午 org.openqa.selenium.remote.RemoteWebDriver log
信息: Executed: [77348a09-a50f-b840-8b1f-e0eb017be929, executeScript {script=var tr = window.top.G_testRunner;return !!tr && tr.isSuccess();, args=[]}]
三月 23, 2014 4:13:37 下午 org.openqa.selenium.javascript.ClosureTestStatement evaluate
信息: Running: http://localhost:33655/javascript/atoms/test/toolbar_test.html
三月 23, 2014 4:13:37 下午 org.openqa.selenium.remote.RemoteWebDriver log
信息: Executing: maximizeWindow [77348a09-a50f-b840-8b1f-e0eb017be929, maximizeWindow {windowHandle=current}]
三月 23, 2014 4:13:37 下午 org.openqa.selenium.remote.RemoteWebDriver log
信息: Executed: [77348a09-a50f-b840-8b1f-e0eb017be929, maximizeWindow {windowHandle=current}]
三月 23, 2014 4:13:37 下午 org.openqa.selenium.remote.RemoteWebDriver log
信息: Executing: executeScript [77348a09-a50f-b840-8b1f-e0eb017be929, executeScript {script=if (window && window.top) window.top.G_testRunner = null, args=[]}]
三月 23, 2014 4:13:37 下午 org.openqa.selenium.remote.RemoteWebDriver log
信息: Executed: [77348a09-a50f-b840-8b1f-e0eb017be929, executeScript {script=if (window && window.top) window.top.G_testRunner = null, args=[]}]
三月 23, 2014 4:13:37 下午 org.openqa.selenium.remote.RemoteWebDriver log
信息: Executing: get [77348a09-a50f-b840-8b1f-e0eb017be929, get {url=http://localhost:33655/javascript/atoms/test/toolbar_test.html}]
三月 23, 2014 4:13:38 下午 org.openqa.selenium.remote.RemoteWebDriver log
信息: Executed: [77348a09-a50f-b840-8b1f-e0eb017be929, get {url=http://localhost:33655/javascript/atoms/test/toolbar_test.html}]
三月 23, 2014 4:13:38 下午 org.openqa.selenium.remote.RemoteWebDriver log
信息: Executing: executeScript [77348a09-a50f-b840-8b1f-e0eb017be929, executeScript {script=var tr = window.top.G_testRunner;return !!tr && tr.isFinished();, args=[]}]
三月 23, 2014 4:13:38 下午 org.openqa.selenium.remote.RemoteWebDriver log
信息: Executed: [77348a09-a50f-b840-8b1f-e0eb017be929, executeScript {script=var tr = window.top.G_testRunner;return !!tr && tr.isFinished();, args=[]}]
三月 23, 2014 4:13:38 下午 org.openqa.selenium.remote.RemoteWebDriver log
信息: Executing: executeScript [77348a09-a50f-b840-8b1f-e0eb017be929, executeScript {script=var tr = window.top.G_testRunner;return !!tr && tr.isFinished();, args=[]}]
三月 23, 2014 4:13:38 下午 org.openqa.selenium.remote.RemoteWebDriver log
信息: Executed: [77348a09-a50f-b840-8b1f-e0eb017be929, executeScript {script=var tr = window.top.G_testRunner;return !!tr && tr.isFinished();, args=[]}]
三月 23, 2014 4:13:38 下午 org.openqa.selenium.remote.RemoteWebDriver log
信息: Executing: executeScript [77348a09-a50f-b840-8b1f-e0eb017be929, executeScript {script=var tr = window.top.G_testRunner;return !!tr && tr.isFinished();, args=[]}]
三月 23, 2014 4:13:38 下午 org.openqa.selenium.remote.RemoteWebDriver log
信息: Executed: [77348a09-a50f-b840-8b1f-e0eb017be929, executeScript {script=var tr = window.top.G_testRunner;return !!tr && tr.isFinished();, args=[]}]
三月 23, 2014 4:13:38 下午 org.openqa.selenium.remote.RemoteWebDriver log
信息: Executing: executeScript [77348a09-a50f-b840-8b1f-e0eb017be929, executeScript {script=var tr = window.top.G_testRunner;return !!tr && tr.isFinished();, args=[]}]
三月 23, 2014 4:13:38 下午 org.openqa.selenium.remote.RemoteWebDriver log
信息: Executed: [77348a09-a50f-b840-8b1f-e0eb017be929, executeScript {script=var tr = window.top.G_testRunner;return !!tr && tr.isFinished();, args=[]}]
三月 23, 2014 4:13:38 下午 org.openqa.selenium.remote.RemoteWebDriver log
信息: Executing: executeScript [77348a09-a50f-b840-8b1f-e0eb017be929, executeScript {script=var tr = window.top.G_testRunner;return !!tr && tr.isFinished();, args=[]}]
三月 23, 2014 4:13:38 下午 org.openqa.selenium.remote.RemoteWebDriver log
信息: Executed: [77348a09-a50f-b840-8b1f-e0eb017be929, executeScript {script=var tr = window.top.G_testRunner;return !!tr && tr.isFinished();, args=[]}]
三月 23, 2014 4:13:38 下午 org.openqa.selenium.remote.RemoteWebDriver log
信息: Executing: executeScript [77348a09-a50f-b840-8b1f-e0eb017be929, executeScript {script=var tr = window.top.G_testRunner;return !!tr && tr.isFinished();, args=[]}]
三月 23, 2014 4:13:38 下午 org.openqa.selenium.remote.RemoteWebDriver log
信息: Executed: [77348a09-a50f-b840-8b1f-e0eb017be929, executeScript {script=var tr = window.top.G_testRunner;return !!tr && tr.isFinished();, args=[]}]
三月 23, 2014 4:13:38 下午 org.openqa.selenium.remote.RemoteWebDriver log
信息: Executing: executeScript [77348a09-a50f-b840-8b1f-e0eb017be929, executeScript {script=var tr = window.top.G_testRunner;return !!tr && tr.isSuccess();, args=[]}]
三月 23, 2014 4:13:38 下午 org.openqa.selenium.remote.RemoteWebDriver log
信息: Executed: [77348a09-a50f-b840-8b1f-e0eb017be929, executeScript {script=var tr = window.top.G_testRunner;return !!tr && tr.isSuccess();, args=[]}]
三月 23, 2014 4:13:38 下午 org.openqa.selenium.javascript.ClosureTestStatement evaluate
信息: Running: http://localhost:33655/javascript/atoms/test/touchscreen_test.html
三月 23, 2014 4:13:38 下午 org.openqa.selenium.remote.RemoteWebDriver log
信息: Executing: maximizeWindow [77348a09-a50f-b840-8b1f-e0eb017be929, maximizeWindow {windowHandle=current}]
三月 23, 2014 4:13:38 下午 org.openqa.selenium.remote.RemoteWebDriver log
信息: Executed: [77348a09-a50f-b840-8b1f-e0eb017be929, maximizeWindow {windowHandle=current}]
三月 23, 2014 4:13:38 下午 org.openqa.selenium.remote.RemoteWebDriver log
信息: Executing: executeScript [77348a09-a50f-b840-8b1f-e0eb017be929, executeScript {script=if (window && window.top) window.top.G_testRunner = null, args=[]}]
三月 23, 2014 4:13:38 下午 org.openqa.selenium.remote.RemoteWebDriver log
信息: Executed: [77348a09-a50f-b840-8b1f-e0eb017be929, executeScript {script=if (window && window.top) window.top.G_testRunner = null, args=[]}]
三月 23, 2014 4:13:38 下午 org.openqa.selenium.remote.RemoteWebDriver log
信息: Executing: get [77348a09-a50f-b840-8b1f-e0eb017be929, get {url=http://localhost:33655/javascript/atoms/test/touchscreen_test.html}]
三月 23, 2014 4:13:39 下午 org.openqa.selenium.remote.RemoteWebDriver log
信息: Executed: [77348a09-a50f-b840-8b1f-e0eb017be929, get {url=http://localhost:33655/javascript/atoms/test/touchscreen_test.html}]
三月 23, 2014 4:13:39 下午 org.openqa.selenium.remote.RemoteWebDriver log
信息: Executing: executeScript [77348a09-a50f-b840-8b1f-e0eb017be929, executeScript {script=var tr = window.top.G_testRunner;return !!tr && tr.isFinished();, args=[]}]
三月 23, 2014 4:13:39 下午 org.openqa.selenium.remote.RemoteWebDriver log
信息: Executed: [77348a09-a50f-b840-8b1f-e0eb017be929, executeScript {script=var tr = window.top.G_testRunner;return !!tr && tr.isFinished();, args=[]}]
三月 23, 2014 4:13:39 下午 org.openqa.selenium.remote.RemoteWebDriver log
信息: Executing: executeScript [77348a09-a50f-b840-8b1f-e0eb017be929, executeScript {script=var tr = window.top.G_testRunner;return !!tr && tr.isFinished();, args=[]}]
三月 23, 2014 4:13:39 下午 org.openqa.selenium.remote.RemoteWebDriver log
信息: Executed: [77348a09-a50f-b840-8b1f-e0eb017be929, executeScript {script=var tr = window.top.G_testRunner;return !!tr && tr.isFinished();, args=[]}]
三月 23, 2014 4:13:39 下午 org.openqa.selenium.remote.RemoteWebDriver log
信息: Executing: executeScript [77348a09-a50f-b840-8b1f-e0eb017be929, executeScript {script=var tr = window.top.G_testRunner;return !!tr && tr.isFinished();, args=[]}]
三月 23, 2014 4:13:39 下午 org.openqa.selenium.remote.RemoteWebDriver log
信息: Executed: [77348a09-a50f-b840-8b1f-e0eb017be929, executeScript {script=var tr = window.top.G_testRunner;return !!tr && tr.isFinished();, args=[]}]
三月 23, 2014 4:13:39 下午 org.openqa.selenium.remote.RemoteWebDriver log
信息: Executing: executeScript [77348a09-a50f-b840-8b1f-e0eb017be929, executeScript {script=var tr = window.top.G_testRunner;return !!tr && tr.isFinished();, args=[]}]
三月 23, 2014 4:13:39 下午 org.openqa.selenium.remote.RemoteWebDriver log
信息: Executed: [77348a09-a50f-b840-8b1f-e0eb017be929, executeScript {script=var tr = window.top.G_testRunner;return !!tr && tr.isFinished();, args=[]}]
三月 23, 2014 4:13:39 下午 org.openqa.selenium.remote.RemoteWebDriver log
信息: Executing: executeScript [77348a09-a50f-b840-8b1f-e0eb017be929, executeScript {script=var tr = window.top.G_testRunner;return !!tr && tr.isFinished();, args=[]}]
三月 23, 2014 4:13:39 下午 org.openqa.selenium.remote.RemoteWebDriver log
信息: Executed: [77348a09-a50f-b840-8b1f-e0eb017be929, executeScript {script=var tr = window.top.G_testRunner;return !!tr && tr.isFinished();, args=[]}]
三月 23, 2014 4:13:39 下午 org.openqa.selenium.remote.RemoteWebDriver log
信息: Executing: executeScript [77348a09-a50f-b840-8b1f-e0eb017be929, executeScript {script=var tr = window.top.G_testRunner;return !!tr && tr.isFinished();, args=[]}]
三月 23, 2014 4:13:39 下午 org.openqa.selenium.remote.RemoteWebDriver log
信息: Executed: [77348a09-a50f-b840-8b1f-e0eb017be929, executeScript {script=var tr = window.top.G_testRunner;return !!tr && tr.isFinished();, args=[]}]
三月 23, 2014 4:13:39 下午 org.openqa.selenium.remote.RemoteWebDriver log
信息: Executing: executeScript [77348a09-a50f-b840-8b1f-e0eb017be929, executeScript {script=var tr = window.top.G_testRunner;return !!tr && tr.isSuccess();, args=[]}]
三月 23, 2014 4:13:39 下午 org.openqa.selenium.remote.RemoteWebDriver log
信息: Executed: [77348a09-a50f-b840-8b1f-e0eb017be929, executeScript {script=var tr = window.top.G_testRunner;return !!tr && tr.isSuccess();, args=[]}]
三月 23, 2014 4:13:39 下午 org.openqa.selenium.javascript.ClosureTestStatement evaluate
信息: Running: http://localhost:33655/javascript/atoms/test/type_test.html
三月 23, 2014 4:13:39 下午 org.openqa.selenium.remote.RemoteWebDriver log
信息: Executing: maximizeWindow [77348a09-a50f-b840-8b1f-e0eb017be929, maximizeWindow {windowHandle=current}]
三月 23, 2014 4:13:39 下午 org.openqa.selenium.remote.RemoteWebDriver log
信息: Executed: [77348a09-a50f-b840-8b1f-e0eb017be929, maximizeWindow {windowHandle=current}]
三月 23, 2014 4:13:39 下午 org.openqa.selenium.remote.RemoteWebDriver log
信息: Executing: executeScript [77348a09-a50f-b840-8b1f-e0eb017be929, executeScript {script=if (window && window.top) window.top.G_testRunner = null, args=[]}]
三月 23, 2014 4:13:39 下午 org.openqa.selenium.remote.RemoteWebDriver log
信息: Executed: [77348a09-a50f-b840-8b1f-e0eb017be929, executeScript {script=if (window && window.top) window.top.G_testRunner = null, args=[]}]
三月 23, 2014 4:13:39 下午 org.openqa.selenium.remote.RemoteWebDriver log
信息: Executing: get [77348a09-a50f-b840-8b1f-e0eb017be929, get {url=http://localhost:33655/javascript/atoms/test/type_test.html}]
三月 23, 2014 4:13:39 下午 org.openqa.selenium.remote.RemoteWebDriver log
信息: Executed: [77348a09-a50f-b840-8b1f-e0eb017be929, get {url=http://localhost:33655/javascript/atoms/test/type_test.html}]
三月 23, 2014 4:13:39 下午 org.openqa.selenium.remote.RemoteWebDriver log
信息: Executing: executeScript [77348a09-a50f-b840-8b1f-e0eb017be929, executeScript {script=var tr = window.top.G_testRunner;return !!tr && tr.isFinished();, args=[]}]
三月 23, 2014 4:13:40 下午 org.openqa.selenium.remote.RemoteWebDriver log
信息: Executed: [77348a09-a50f-b840-8b1f-e0eb017be929, executeScript {script=var tr = window.top.G_testRunner;return !!tr && tr.isFinished();, args=[]}]
三月 23, 2014 4:13:40 下午 org.openqa.selenium.remote.RemoteWebDriver log
信息: Executing: executeScript [77348a09-a50f-b840-8b1f-e0eb017be929, executeScript {script=var tr = window.top.G_testRunner;return !!tr && tr.isFinished();, args=[]}]
三月 23, 2014 4:13:40 下午 org.openqa.selenium.remote.RemoteWebDriver log
信息: Executed: [77348a09-a50f-b840-8b1f-e0eb017be929, executeScript {script=var tr = window.top.G_testRunner;return !!tr && tr.isFinished();, args=[]}]
三月 23, 2014 4:13:40 下午 org.openqa.selenium.remote.RemoteWebDriver log
信息: Executing: executeScript [77348a09-a50f-b840-8b1f-e0eb017be929, executeScript {script=var tr = window.top.G_testRunner;return !!tr && tr.isFinished();, args=[]}]
三月 23, 2014 4:13:40 下午 org.openqa.selenium.remote.RemoteWebDriver log
信息: Executed: [77348a09-a50f-b840-8b1f-e0eb017be929, executeScript {script=var tr = window.top.G_testRunner;return !!tr && tr.isFinished();, args=[]}]
三月 23, 2014 4:13:40 下午 org.openqa.selenium.remote.RemoteWebDriver log
信息: Executing: executeScript [77348a09-a50f-b840-8b1f-e0eb017be929, executeScript {script=var tr = window.top.G_testRunner;return !!tr && tr.isFinished();, args=[]}]
三月 23, 2014 4:13:40 下午 org.openqa.selenium.remote.RemoteWebDriver log
信息: Executed: [77348a09-a50f-b840-8b1f-e0eb017be929, executeScript {script=var tr = window.top.G_testRunner;return !!tr && tr.isFinished();, args=[]}]
三月 23, 2014 4:13:40 下午 org.openqa.selenium.remote.RemoteWebDriver log
信息: Executing: executeScript [77348a09-a50f-b840-8b1f-e0eb017be929, executeScript {script=var tr = window.top.G_testRunner;return !!tr && tr.isFinished();, args=[]}]
三月 23, 2014 4:13:40 下午 org.openqa.selenium.remote.RemoteWebDriver log
信息: Executed: [77348a09-a50f-b840-8b1f-e0eb017be929, executeScript {script=var tr = window.top.G_testRunner;return !!tr && tr.isFinished();, args=[]}]
三月 23, 2014 4:13:40 下午 org.openqa.selenium.remote.RemoteWebDriver log
信息: Executing: executeScript [77348a09-a50f-b840-8b1f-e0eb017be929, executeScript {script=var tr = window.top.G_testRunner;return !!tr && tr.isFinished();, args=[]}]
三月 23, 2014 4:13:40 下午 org.openqa.selenium.remote.RemoteWebDriver log
信息: Executed: [77348a09-a50f-b840-8b1f-e0eb017be929, executeScript {script=var tr = window.top.G_testRunner;return !!tr && tr.isFinished();, args=[]}]
三月 23, 2014 4:13:40 下午 org.openqa.selenium.remote.RemoteWebDriver log
信息: Executing: executeScript [77348a09-a50f-b840-8b1f-e0eb017be929, executeScript {script=var tr = window.top.G_testRunner;return !!tr && tr.isFinished();, args=[]}]
三月 23, 2014 4:13:41 下午 org.openqa.selenium.remote.RemoteWebDriver log
信息: Executed: [77348a09-a50f-b840-8b1f-e0eb017be929, executeScript {script=var tr = window.top.G_testRunner;return !!tr && tr.isFinished();, args=[]}]
三月 23, 2014 4:13:41 下午 org.openqa.selenium.remote.RemoteWebDriver log
信息: Executing: executeScript [77348a09-a50f-b840-8b1f-e0eb017be929, executeScript {script=var tr = window.top.G_testRunner;return !!tr && tr.isFinished();, args=[]}]
三月 23, 2014 4:13:41 下午 org.openqa.selenium.remote.RemoteWebDriver log
信息: Executed: [77348a09-a50f-b840-8b1f-e0eb017be929, executeScript {script=var tr = window.top.G_testRunner;return !!tr && tr.isFinished();, args=[]}]
三月 23, 2014 4:13:41 下午 org.openqa.selenium.remote.RemoteWebDriver log
信息: Executing: executeScript [77348a09-a50f-b840-8b1f-e0eb017be929, executeScript {script=var tr = window.top.G_testRunner;return !!tr && tr.isFinished();, args=[]}]
三月 23, 2014 4:13:41 下午 org.openqa.selenium.remote.RemoteWebDriver log
信息: Executed: [77348a09-a50f-b840-8b1f-e0eb017be929, executeScript {script=var tr = window.top.G_testRunner;return !!tr && tr.isFinished();, args=[]}]
三月 23, 2014 4:13:42 下午 org.openqa.selenium.remote.RemoteWebDriver log
信息: Executing: executeScript [77348a09-a50f-b840-8b1f-e0eb017be929, executeScript {script=var tr = window.top.G_testRunner;return !!tr && tr.isFinished();, args=[]}]
三月 23, 2014 4:13:42 下午 org.openqa.selenium.remote.RemoteWebDriver log
信息: Executed: [77348a09-a50f-b840-8b1f-e0eb017be929, executeScript {script=var tr = window.top.G_testRunner;return !!tr && tr.isFinished();, args=[]}]
三月 23, 2014 4:13:43 下午 org.openqa.selenium.remote.RemoteWebDriver log
信息: Executing: executeScript [77348a09-a50f-b840-8b1f-e0eb017be929, executeScript {script=var tr = window.top.G_testRunner;return !!tr && tr.isFinished();, args=[]}]
三月 23, 2014 4:13:43 下午 org.openqa.selenium.remote.RemoteWebDriver log
信息: Executed: [77348a09-a50f-b840-8b1f-e0eb017be929, executeScript {script=var tr = window.top.G_testRunner;return !!tr && tr.isFinished();, args=[]}]
三月 23, 2014 4:13:43 下午 org.openqa.selenium.remote.RemoteWebDriver log
信息: Executing: executeScript [77348a09-a50f-b840-8b1f-e0eb017be929, executeScript {script=var tr = window.top.G_testRunner;return !!tr && tr.isSuccess();, args=[]}]
三月 23, 2014 4:13:43 下午 org.openqa.selenium.remote.RemoteWebDriver log
信息: Executed: [77348a09-a50f-b840-8b1f-e0eb017be929, executeScript {script=var tr = window.top.G_testRunner;return !!tr && tr.isSuccess();, args=[]}]
三月 23, 2014 4:13:43 下午 org.openqa.selenium.javascript.ClosureTestStatement evaluate
信息: Running: http://localhost:33655/javascript/atoms/test/useragent_quirks_test.html
三月 23, 2014 4:13:43 下午 org.openqa.selenium.remote.RemoteWebDriver log
信息: Executing: maximizeWindow [77348a09-a50f-b840-8b1f-e0eb017be929, maximizeWindow {windowHandle=current}]
三月 23, 2014 4:13:43 下午 org.openqa.selenium.remote.RemoteWebDriver log
信息: Executed: [77348a09-a50f-b840-8b1f-e0eb017be929, maximizeWindow {windowHandle=current}]
三月 23, 2014 4:13:43 下午 org.openqa.selenium.remote.RemoteWebDriver log
信息: Executing: executeScript [77348a09-a50f-b840-8b1f-e0eb017be929, executeScript {script=if (window && window.top) window.top.G_testRunner = null, args=[]}]
三月 23, 2014 4:13:43 下午 org.openqa.selenium.remote.RemoteWebDriver log
信息: Executed: [77348a09-a50f-b840-8b1f-e0eb017be929, executeScript {script=if (window && window.top) window.top.G_testRunner = null, args=[]}]
三月 23, 2014 4:13:43 下午 org.openqa.selenium.remote.RemoteWebDriver log
信息: Executing: get [77348a09-a50f-b840-8b1f-e0eb017be929, get {url=http://localhost:33655/javascript/atoms/test/useragent_quirks_test.html}]
三月 23, 2014 4:13:43 下午 org.openqa.selenium.remote.RemoteWebDriver log
信息: Executed: [77348a09-a50f-b840-8b1f-e0eb017be929, get {url=http://localhost:33655/javascript/atoms/test/useragent_quirks_test.html}]
三月 23, 2014 4:13:43 下午 org.openqa.selenium.remote.RemoteWebDriver log
信息: Executing: executeScript [77348a09-a50f-b840-8b1f-e0eb017be929, executeScript {script=var tr = window.top.G_testRunner;return !!tr && tr.isFinished();, args=[]}]
三月 23, 2014 4:13:43 下午 org.openqa.selenium.remote.RemoteWebDriver log
信息: Executed: [77348a09-a50f-b840-8b1f-e0eb017be929, executeScript {script=var tr = window.top.G_testRunner;return !!tr && tr.isFinished();, args=[]}]
三月 23, 2014 4:13:43 下午 org.openqa.selenium.remote.RemoteWebDriver log
信息: Executing: executeScript [77348a09-a50f-b840-8b1f-e0eb017be929, executeScript {script=var tr = window.top.G_testRunner;return !!tr && tr.isFinished();, args=[]}]
三月 23, 2014 4:13:43 下午 org.openqa.selenium.remote.RemoteWebDriver log
信息: Executed: [77348a09-a50f-b840-8b1f-e0eb017be929, executeScript {script=var tr = window.top.G_testRunner;return !!tr && tr.isFinished();, args=[]}]
三月 23, 2014 4:13:43 下午 org.openqa.selenium.remote.RemoteWebDriver log
信息: Executing: executeScript [77348a09-a50f-b840-8b1f-e0eb017be929, executeScript {script=var tr = window.top.G_testRunner;return !!tr && tr.isFinished();, args=[]}]
三月 23, 2014 4:13:43 下午 org.openqa.selenium.remote.RemoteWebDriver log
信息: Executed: [77348a09-a50f-b840-8b1f-e0eb017be929, executeScript {script=var tr = window.top.G_testRunner;return !!tr && tr.isFinished();, args=[]}]
三月 23, 2014 4:13:43 下午 org.openqa.selenium.remote.RemoteWebDriver log
信息: Executing: executeScript [77348a09-a50f-b840-8b1f-e0eb017be929, executeScript {script=var tr = window.top.G_testRunner;return !!tr && tr.isFinished();, args=[]}]
三月 23, 2014 4:13:43 下午 org.openqa.selenium.remote.RemoteWebDriver log
信息: Executed: [77348a09-a50f-b840-8b1f-e0eb017be929, executeScript {script=var tr = window.top.G_testRunner;return !!tr && tr.isFinished();, args=[]}]
三月 23, 2014 4:13:43 下午 org.openqa.selenium.remote.RemoteWebDriver log
信息: Executing: executeScript [77348a09-a50f-b840-8b1f-e0eb017be929, executeScript {script=var tr = window.top.G_testRunner;return !!tr && tr.isFinished();, args=[]}]
三月 23, 2014 4:13:43 下午 org.openqa.selenium.remote.RemoteWebDriver log
信息: Executed: [77348a09-a50f-b840-8b1f-e0eb017be929, executeScript {script=var tr = window.top.G_testRunner;return !!tr && tr.isFinished();, args=[]}]
三月 23, 2014 4:13:43 下午 org.openqa.selenium.remote.RemoteWebDriver log
信息: Executing: executeScript [77348a09-a50f-b840-8b1f-e0eb017be929, executeScript {script=var tr = window.top.G_testRunner;return !!tr && tr.isFinished();, args=[]}]
三月 23, 2014 4:13:43 下午 org.openqa.selenium.remote.RemoteWebDriver log
信息: Executed: [77348a09-a50f-b840-8b1f-e0eb017be929, executeScript {script=var tr = window.top.G_testRunner;return !!tr && tr.isFinished();, args=[]}]
三月 23, 2014 4:13:43 下午 org.openqa.selenium.remote.RemoteWebDriver log
信息: Executing: executeScript [77348a09-a50f-b840-8b1f-e0eb017be929, executeScript {script=var tr = window.top.G_testRunner;return !!tr && tr.isSuccess();, args=[]}]
三月 23, 2014 4:13:43 下午 org.openqa.selenium.remote.RemoteWebDriver log
信息: Executed: [77348a09-a50f-b840-8b1f-e0eb017be929, executeScript {script=var tr = window.top.G_testRunner;return !!tr && tr.isSuccess();, args=[]}]
三月 23, 2014 4:13:43 下午 org.openqa.selenium.javascript.ClosureTestStatement evaluate
信息: Running: http://localhost:33655/javascript/atoms/test/useragent_test.html
三月 23, 2014 4:13:43 下午 org.openqa.selenium.remote.RemoteWebDriver log
信息: Executing: maximizeWindow [77348a09-a50f-b840-8b1f-e0eb017be929, maximizeWindow {windowHandle=current}]
三月 23, 2014 4:13:43 下午 org.openqa.selenium.remote.RemoteWebDriver log
信息: Executed: [77348a09-a50f-b840-8b1f-e0eb017be929, maximizeWindow {windowHandle=current}]
三月 23, 2014 4:13:43 下午 org.openqa.selenium.remote.RemoteWebDriver log
信息: Executing: executeScript [77348a09-a50f-b840-8b1f-e0eb017be929, executeScript {script=if (window && window.top) window.top.G_testRunner = null, args=[]}]
三月 23, 2014 4:13:43 下午 org.openqa.selenium.remote.RemoteWebDriver log
信息: Executed: [77348a09-a50f-b840-8b1f-e0eb017be929, executeScript {script=if (window && window.top) window.top.G_testRunner = null, args=[]}]
三月 23, 2014 4:13:43 下午 org.openqa.selenium.remote.RemoteWebDriver log
信息: Executing: get [77348a09-a50f-b840-8b1f-e0eb017be929, get {url=http://localhost:33655/javascript/atoms/test/useragent_test.html}]
三月 23, 2014 4:13:43 下午 org.openqa.selenium.remote.RemoteWebDriver log
信息: Executed: [77348a09-a50f-b840-8b1f-e0eb017be929, get {url=http://localhost:33655/javascript/atoms/test/useragent_test.html}]
三月 23, 2014 4:13:43 下午 org.openqa.selenium.remote.RemoteWebDriver log
信息: Executing: executeScript [77348a09-a50f-b840-8b1f-e0eb017be929, executeScript {script=var tr = window.top.G_testRunner;return !!tr && tr.isFinished();, args=[]}]
三月 23, 2014 4:13:43 下午 org.openqa.selenium.remote.RemoteWebDriver log
信息: Executed: [77348a09-a50f-b840-8b1f-e0eb017be929, executeScript {script=var tr = window.top.G_testRunner;return !!tr && tr.isFinished();, args=[]}]
三月 23, 2014 4:13:44 下午 org.openqa.selenium.remote.RemoteWebDriver log
信息: Executing: executeScript [77348a09-a50f-b840-8b1f-e0eb017be929, executeScript {script=var tr = window.top.G_testRunner;return !!tr && tr.isFinished();, args=[]}]
三月 23, 2014 4:13:44 下午 org.openqa.selenium.remote.RemoteWebDriver log
信息: Executed: [77348a09-a50f-b840-8b1f-e0eb017be929, executeScript {script=var tr = window.top.G_testRunner;return !!tr && tr.isFinished();, args=[]}]
三月 23, 2014 4:13:44 下午 org.openqa.selenium.remote.RemoteWebDriver log
信息: Executing: executeScript [77348a09-a50f-b840-8b1f-e0eb017be929, executeScript {script=var tr = window.top.G_testRunner;return !!tr && tr.isFinished();, args=[]}]
三月 23, 2014 4:13:44 下午 org.openqa.selenium.remote.RemoteWebDriver log
信息: Executed: [77348a09-a50f-b840-8b1f-e0eb017be929, executeScript {script=var tr = window.top.G_testRunner;return !!tr && tr.isFinished();, args=[]}]
三月 23, 2014 4:13:44 下午 org.openqa.selenium.remote.RemoteWebDriver log
信息: Executing: executeScript [77348a09-a50f-b840-8b1f-e0eb017be929, executeScript {script=var tr = window.top.G_testRunner;return !!tr && tr.isFinished();, args=[]}]
三月 23, 2014 4:13:44 下午 org.openqa.selenium.remote.RemoteWebDriver log
信息: Executed: [77348a09-a50f-b840-8b1f-e0eb017be929, executeScript {script=var tr = window.top.G_testRunner;return !!tr && tr.isFinished();, args=[]}]
三月 23, 2014 4:13:44 下午 org.openqa.selenium.remote.RemoteWebDriver log
信息: Executing: executeScript [77348a09-a50f-b840-8b1f-e0eb017be929, executeScript {script=var tr = window.top.G_testRunner;return !!tr && tr.isFinished();, args=[]}]
三月 23, 2014 4:13:44 下午 org.openqa.selenium.remote.RemoteWebDriver log
信息: Executed: [77348a09-a50f-b840-8b1f-e0eb017be929, executeScript {script=var tr = window.top.G_testRunner;return !!tr && tr.isFinished();, args=[]}]
三月 23, 2014 4:13:44 下午 org.openqa.selenium.remote.RemoteWebDriver log
信息: Executing: executeScript [77348a09-a50f-b840-8b1f-e0eb017be929, executeScript {script=var tr = window.top.G_testRunner;return !!tr && tr.isFinished();, args=[]}]
三月 23, 2014 4:13:44 下午 org.openqa.selenium.remote.RemoteWebDriver log
信息: Executed: [77348a09-a50f-b840-8b1f-e0eb017be929, executeScript {script=var tr = window.top.G_testRunner;return !!tr && tr.isFinished();, args=[]}]
三月 23, 2014 4:13:44 下午 org.openqa.selenium.remote.RemoteWebDriver log
信息: Executing: executeScript [77348a09-a50f-b840-8b1f-e0eb017be929, executeScript {script=var tr = window.top.G_testRunner;return !!tr && tr.isSuccess();, args=[]}]
三月 23, 2014 4:13:44 下午 org.openqa.selenium.remote.RemoteWebDriver log
信息: Executed: [77348a09-a50f-b840-8b1f-e0eb017be929, executeScript {script=var tr = window.top.G_testRunner;return !!tr && tr.isSuccess();, args=[]}]
三月 23, 2014 4:13:44 下午 org.openqa.selenium.javascript.ClosureTestStatement evaluate
信息: Running: http://localhost:33655/javascript/atoms/test/window_scroll_into_view_test.html
三月 23, 2014 4:13:44 下午 org.openqa.selenium.remote.RemoteWebDriver log
信息: Executing: maximizeWindow [77348a09-a50f-b840-8b1f-e0eb017be929, maximizeWindow {windowHandle=current}]
三月 23, 2014 4:13:44 下午 org.openqa.selenium.remote.RemoteWebDriver log
信息: Executed: [77348a09-a50f-b840-8b1f-e0eb017be929, maximizeWindow {windowHandle=current}]
三月 23, 2014 4:13:44 下午 org.openqa.selenium.remote.RemoteWebDriver log
信息: Executing: executeScript [77348a09-a50f-b840-8b1f-e0eb017be929, executeScript {script=if (window && window.top) window.top.G_testRunner = null, args=[]}]
三月 23, 2014 4:13:44 下午 org.openqa.selenium.remote.RemoteWebDriver log
信息: Executed: [77348a09-a50f-b840-8b1f-e0eb017be929, executeScript {script=if (window && window.top) window.top.G_testRunner = null, args=[]}]
三月 23, 2014 4:13:44 下午 org.openqa.selenium.remote.RemoteWebDriver log
信息: Executing: get [77348a09-a50f-b840-8b1f-e0eb017be929, get {url=http://localhost:33655/javascript/atoms/test/window_scroll_into_view_test.html}]
三月 23, 2014 4:13:44 下午 org.openqa.selenium.remote.RemoteWebDriver log
信息: Executed: [77348a09-a50f-b840-8b1f-e0eb017be929, get {url=http://localhost:33655/javascript/atoms/test/window_scroll_into_view_test.html}]
三月 23, 2014 4:13:44 下午 org.openqa.selenium.remote.RemoteWebDriver log
信息: Executing: executeScript [77348a09-a50f-b840-8b1f-e0eb017be929, executeScript {script=var tr = window.top.G_testRunner;return !!tr && tr.isFinished();, args=[]}]
三月 23, 2014 4:13:44 下午 org.openqa.selenium.remote.RemoteWebDriver log
信息: Executed: [77348a09-a50f-b840-8b1f-e0eb017be929, executeScript {script=var tr = window.top.G_testRunner;return !!tr && tr.isFinished();, args=[]}]
三月 23, 2014 4:13:44 下午 org.openqa.selenium.remote.RemoteWebDriver log
信息: Executing: executeScript [77348a09-a50f-b840-8b1f-e0eb017be929, executeScript {script=var tr = window.top.G_testRunner;return !!tr && tr.isFinished();, args=[]}]
三月 23, 2014 4:13:44 下午 org.openqa.selenium.remote.RemoteWebDriver log
信息: Executed: [77348a09-a50f-b840-8b1f-e0eb017be929, executeScript {script=var tr = window.top.G_testRunner;return !!tr && tr.isFinished();, args=[]}]
三月 23, 2014 4:13:44 下午 org.openqa.selenium.remote.RemoteWebDriver log
信息: Executing: executeScript [77348a09-a50f-b840-8b1f-e0eb017be929, executeScript {script=var tr = window.top.G_testRunner;return !!tr && tr.isFinished();, args=[]}]
三月 23, 2014 4:13:44 下午 org.openqa.selenium.remote.RemoteWebDriver log
信息: Executed: [77348a09-a50f-b840-8b1f-e0eb017be929, executeScript {script=var tr = window.top.G_testRunner;return !!tr && tr.isFinished();, args=[]}]
三月 23, 2014 4:13:45 下午 org.openqa.selenium.remote.RemoteWebDriver log
信息: Executing: executeScript [77348a09-a50f-b840-8b1f-e0eb017be929, executeScript {script=var tr = window.top.G_testRunner;return !!tr && tr.isFinished();, args=[]}]
三月 23, 2014 4:13:45 下午 org.openqa.selenium.remote.RemoteWebDriver log
信息: Executed: [77348a09-a50f-b840-8b1f-e0eb017be929, executeScript {script=var tr = window.top.G_testRunner;return !!tr && tr.isFinished();, args=[]}]
三月 23, 2014 4:13:45 下午 org.openqa.selenium.remote.RemoteWebDriver log
信息: Executing: executeScript [77348a09-a50f-b840-8b1f-e0eb017be929, executeScript {script=var tr = window.top.G_testRunner;return !!tr && tr.isFinished();, args=[]}]
三月 23, 2014 4:13:45 下午 org.openqa.selenium.remote.RemoteWebDriver log
信息: Executed: [77348a09-a50f-b840-8b1f-e0eb017be929, executeScript {script=var tr = window.top.G_testRunner;return !!tr && tr.isFinished();, args=[]}]
三月 23, 2014 4:13:45 下午 org.openqa.selenium.remote.RemoteWebDriver log
信息: Executing: executeScript [77348a09-a50f-b840-8b1f-e0eb017be929, executeScript {script=var tr = window.top.G_testRunner;return !!tr && tr.isFinished();, args=[]}]
三月 23, 2014 4:13:45 下午 org.openqa.selenium.remote.RemoteWebDriver log
信息: Executed: [77348a09-a50f-b840-8b1f-e0eb017be929, executeScript {script=var tr = window.top.G_testRunner;return !!tr && tr.isFinished();, args=[]}]
三月 23, 2014 4:13:45 下午 org.openqa.selenium.remote.RemoteWebDriver log
信息: Executing: executeScript [77348a09-a50f-b840-8b1f-e0eb017be929, executeScript {script=var tr = window.top.G_testRunner;return !!tr && tr.isSuccess();, args=[]}]
三月 23, 2014 4:13:45 下午 org.openqa.selenium.remote.RemoteWebDriver log
信息: Executed: [77348a09-a50f-b840-8b1f-e0eb017be929, executeScript {script=var tr = window.top.G_testRunner;return !!tr && tr.isSuccess();, args=[]}]
三月 23, 2014 4:13:45 下午 org.openqa.selenium.javascript.ClosureTestStatement evaluate
信息: Running: http://localhost:33655/javascript/atoms/test/window_scroll_test.html
三月 23, 2014 4:13:45 下午 org.openqa.selenium.remote.RemoteWebDriver log
信息: Executing: maximizeWindow [77348a09-a50f-b840-8b1f-e0eb017be929, maximizeWindow {windowHandle=current}]
三月 23, 2014 4:13:45 下午 org.openqa.selenium.remote.RemoteWebDriver log
信息: Executed: [77348a09-a50f-b840-8b1f-e0eb017be929, maximizeWindow {windowHandle=current}]
三月 23, 2014 4:13:45 下午 org.openqa.selenium.remote.RemoteWebDriver log
信息: Executing: executeScript [77348a09-a50f-b840-8b1f-e0eb017be929, executeScript {script=if (window && window.top) window.top.G_testRunner = null, args=[]}]
三月 23, 2014 4:13:45 下午 org.openqa.selenium.remote.RemoteWebDriver log
信息: Executed: [77348a09-a50f-b840-8b1f-e0eb017be929, executeScript {script=if (window && window.top) window.top.G_testRunner = null, args=[]}]
三月 23, 2014 4:13:45 下午 org.openqa.selenium.remote.RemoteWebDriver log
信息: Executing: get [77348a09-a50f-b840-8b1f-e0eb017be929, get {url=http://localhost:33655/javascript/atoms/test/window_scroll_test.html}]
三月 23, 2014 4:13:45 下午 org.openqa.selenium.remote.RemoteWebDriver log
信息: Executed: [77348a09-a50f-b840-8b1f-e0eb017be929, get {url=http://localhost:33655/javascript/atoms/test/window_scroll_test.html}]
三月 23, 2014 4:13:45 下午 org.openqa.selenium.remote.RemoteWebDriver log
信息: Executing: executeScript [77348a09-a50f-b840-8b1f-e0eb017be929, executeScript {script=var tr = window.top.G_testRunner;return !!tr && tr.isFinished();, args=[]}]
三月 23, 2014 4:13:45 下午 org.openqa.selenium.remote.RemoteWebDriver log
信息: Executed: [77348a09-a50f-b840-8b1f-e0eb017be929, executeScript {script=var tr = window.top.G_testRunner;return !!tr && tr.isFinished();, args=[]}]
三月 23, 2014 4:13:45 下午 org.openqa.selenium.remote.RemoteWebDriver log
信息: Executing: executeScript [77348a09-a50f-b840-8b1f-e0eb017be929, executeScript {script=var tr = window.top.G_testRunner;return !!tr && tr.isFinished();, args=[]}]
三月 23, 2014 4:13:45 下午 org.openqa.selenium.remote.RemoteWebDriver log
信息: Executed: [77348a09-a50f-b840-8b1f-e0eb017be929, executeScript {script=var tr = window.top.G_testRunner;return !!tr && tr.isFinished();, args=[]}]
三月 23, 2014 4:13:45 下午 org.openqa.selenium.remote.RemoteWebDriver log
信息: Executing: executeScript [77348a09-a50f-b840-8b1f-e0eb017be929, executeScript {script=var tr = window.top.G_testRunner;return !!tr && tr.isFinished();, args=[]}]
三月 23, 2014 4:13:45 下午 org.openqa.selenium.remote.RemoteWebDriver log
信息: Executed: [77348a09-a50f-b840-8b1f-e0eb017be929, executeScript {script=var tr = window.top.G_testRunner;return !!tr && tr.isFinished();, args=[]}]
三月 23, 2014 4:13:45 下午 org.openqa.selenium.remote.RemoteWebDriver log
信息: Executing: executeScript [77348a09-a50f-b840-8b1f-e0eb017be929, executeScript {script=var tr = window.top.G_testRunner;return !!tr && tr.isFinished();, args=[]}]
三月 23, 2014 4:13:45 下午 org.openqa.selenium.remote.RemoteWebDriver log
信息: Executed: [77348a09-a50f-b840-8b1f-e0eb017be929, executeScript {script=var tr = window.top.G_testRunner;return !!tr && tr.isFinished();, args=[]}]
三月 23, 2014 4:13:45 下午 org.openqa.selenium.remote.RemoteWebDriver log
信息: Executing: executeScript [77348a09-a50f-b840-8b1f-e0eb017be929, executeScript {script=var tr = window.top.G_testRunner;return !!tr && tr.isFinished();, args=[]}]
三月 23, 2014 4:13:45 下午 org.openqa.selenium.remote.RemoteWebDriver log
信息: Executed: [77348a09-a50f-b840-8b1f-e0eb017be929, executeScript {script=var tr = window.top.G_testRunner;return !!tr && tr.isFinished();, args=[]}]
三月 23, 2014 4:13:46 下午 org.openqa.selenium.remote.RemoteWebDriver log
信息: Executing: executeScript [77348a09-a50f-b840-8b1f-e0eb017be929, executeScript {script=var tr = window.top.G_testRunner;return !!tr && tr.isFinished();, args=[]}]
三月 23, 2014 4:13:46 下午 org.openqa.selenium.remote.RemoteWebDriver log
信息: Executed: [77348a09-a50f-b840-8b1f-e0eb017be929, executeScript {script=var tr = window.top.G_testRunner;return !!tr && tr.isFinished();, args=[]}]
三月 23, 2014 4:13:46 下午 org.openqa.selenium.remote.RemoteWebDriver log
信息: Executing: executeScript [77348a09-a50f-b840-8b1f-e0eb017be929, executeScript {script=var tr = window.top.G_testRunner;return !!tr && tr.isSuccess();, args=[]}]
三月 23, 2014 4:13:46 下午 org.openqa.selenium.remote.RemoteWebDriver log
信息: Executed: [77348a09-a50f-b840-8b1f-e0eb017be929, executeScript {script=var tr = window.top.G_testRunner;return !!tr && tr.isSuccess();, args=[]}]
三月 23, 2014 4:13:46 下午 org.openqa.selenium.javascript.ClosureTestStatement evaluate
信息: Running: http://localhost:33655/javascript/atoms/test/window_size_test.html
三月 23, 2014 4:13:46 下午 org.openqa.selenium.remote.RemoteWebDriver log
信息: Executing: maximizeWindow [77348a09-a50f-b840-8b1f-e0eb017be929, maximizeWindow {windowHandle=current}]
三月 23, 2014 4:13:46 下午 org.openqa.selenium.remote.RemoteWebDriver log
信息: Executed: [77348a09-a50f-b840-8b1f-e0eb017be929, maximizeWindow {windowHandle=current}]
三月 23, 2014 4:13:46 下午 org.openqa.selenium.remote.RemoteWebDriver log
信息: Executing: executeScript [77348a09-a50f-b840-8b1f-e0eb017be929, executeScript {script=if (window && window.top) window.top.G_testRunner = null, args=[]}]
三月 23, 2014 4:13:46 下午 org.openqa.selenium.remote.RemoteWebDriver log
信息: Executed: [77348a09-a50f-b840-8b1f-e0eb017be929, executeScript {script=if (window && window.top) window.top.G_testRunner = null, args=[]}]
三月 23, 2014 4:13:46 下午 org.openqa.selenium.remote.RemoteWebDriver log
信息: Executing: get [77348a09-a50f-b840-8b1f-e0eb017be929, get {url=http://localhost:33655/javascript/atoms/test/window_size_test.html}]
三月 23, 2014 4:13:46 下午 org.openqa.selenium.remote.RemoteWebDriver log
信息: Executed: [77348a09-a50f-b840-8b1f-e0eb017be929, get {url=http://localhost:33655/javascript/atoms/test/window_size_test.html}]
三月 23, 2014 4:13:46 下午 org.openqa.selenium.remote.RemoteWebDriver log
信息: Executing: executeScript [77348a09-a50f-b840-8b1f-e0eb017be929, executeScript {script=var tr = window.top.G_testRunner;return !!tr && tr.isFinished();, args=[]}]
三月 23, 2014 4:13:46 下午 org.openqa.selenium.remote.RemoteWebDriver log
信息: Executed: [77348a09-a50f-b840-8b1f-e0eb017be929, executeScript {script=var tr = window.top.G_testRunner;return !!tr && tr.isFinished();, args=[]}]
三月 23, 2014 4:13:46 下午 org.openqa.selenium.remote.RemoteWebDriver log
信息: Executing: executeScript [77348a09-a50f-b840-8b1f-e0eb017be929, executeScript {script=var tr = window.top.G_testRunner;return !!tr && tr.isFinished();, args=[]}]
三月 23, 2014 4:13:46 下午 org.openqa.selenium.remote.RemoteWebDriver log
信息: Executed: [77348a09-a50f-b840-8b1f-e0eb017be929, executeScript {script=var tr = window.top.G_testRunner;return !!tr && tr.isFinished();, args=[]}]
三月 23, 2014 4:13:46 下午 org.openqa.selenium.remote.RemoteWebDriver log
信息: Executing: executeScript [77348a09-a50f-b840-8b1f-e0eb017be929, executeScript {script=var tr = window.top.G_testRunner;return !!tr && tr.isFinished();, args=[]}]
三月 23, 2014 4:13:46 下午 org.openqa.selenium.remote.RemoteWebDriver log
信息: Executed: [77348a09-a50f-b840-8b1f-e0eb017be929, executeScript {script=var tr = window.top.G_testRunner;return !!tr && tr.isFinished();, args=[]}]
三月 23, 2014 4:13:46 下午 org.openqa.selenium.remote.RemoteWebDriver log
信息: Executing: executeScript [77348a09-a50f-b840-8b1f-e0eb017be929, executeScript {script=var tr = window.top.G_testRunner;return !!tr && tr.isFinished();, args=[]}]
三月 23, 2014 4:13:46 下午 org.openqa.selenium.remote.RemoteWebDriver log
信息: Executed: [77348a09-a50f-b840-8b1f-e0eb017be929, executeScript {script=var tr = window.top.G_testRunner;return !!tr && tr.isFinished();, args=[]}]
三月 23, 2014 4:13:46 下午 org.openqa.selenium.remote.RemoteWebDriver log
信息: Executing: executeScript [77348a09-a50f-b840-8b1f-e0eb017be929, executeScript {script=var tr = window.top.G_testRunner;return !!tr && tr.isFinished();, args=[]}]
三月 23, 2014 4:13:46 下午 org.openqa.selenium.remote.RemoteWebDriver log
信息: Executed: [77348a09-a50f-b840-8b1f-e0eb017be929, executeScript {script=var tr = window.top.G_testRunner;return !!tr && tr.isFinished();, args=[]}]
三月 23, 2014 4:13:46 下午 org.openqa.selenium.remote.RemoteWebDriver log
信息: Executing: executeScript [77348a09-a50f-b840-8b1f-e0eb017be929, executeScript {script=var tr = window.top.G_testRunner;return !!tr && tr.isFinished();, args=[]}]
三月 23, 2014 4:13:47 下午 org.openqa.selenium.remote.RemoteWebDriver log
信息: Executed: [77348a09-a50f-b840-8b1f-e0eb017be929, executeScript {script=var tr = window.top.G_testRunner;return !!tr && tr.isFinished();, args=[]}]
三月 23, 2014 4:13:47 下午 org.openqa.selenium.remote.RemoteWebDriver log
信息: Executing: executeScript [77348a09-a50f-b840-8b1f-e0eb017be929, executeScript {script=var tr = window.top.G_testRunner;return !!tr && tr.isSuccess();, args=[]}]
三月 23, 2014 4:13:47 下午 org.openqa.selenium.remote.RemoteWebDriver log
信息: Executed: [77348a09-a50f-b840-8b1f-e0eb017be929, executeScript {script=var tr = window.top.G_testRunner;return !!tr && tr.isSuccess();, args=[]}]
2014-03-23 16:13:47.086:INFO:osjsh.ContextHandler:stopped o.s.j.s.ServletContextHandler{/third_party/js,file:/Users/lingzhixiang/codes/seleniumsource/selenium/third_party/js/}
2014-03-23 16:13:47.086:INFO:osjsh.ContextHandler:stopped o.s.j.s.ServletContextHandler{/third_party/closure/goog,file:/Users/lingzhixiang/codes/seleniumsource/selenium/third_party/closure/goog/}
2014-03-23 16:13:47.086:INFO:osjsh.ContextHandler:stopped o.s.j.s.ServletContextHandler{/javascript,file:/Users/lingzhixiang/codes/seleniumsource/selenium/javascript/}
2014-03-23 16:13:47.086:INFO:osjsh.ContextHandler:stopped o.s.j.s.ServletContextHandler{/common,file:/Users/lingzhixiang/codes/seleniumsource/selenium/common/src/web/}
三月 23, 2014 4:13:47 下午 org.openqa.selenium.remote.RemoteWebDriver log
信息: Executing: quit [77348a09-a50f-b840-8b1f-e0eb017be929, quit {}]
三月 23, 2014 4:13:47 下午 org.openqa.selenium.remote.RemoteWebDriver log
信息: Executed: [77348a09-a50f-b840-8b1f-e0eb017be929, quit {}]
]]></system-err>
</testsuite>
